

================================================================
== Vivado HLS Report for 'Loop_1_proc290'
================================================================
* Date:           Wed Apr 10 15:58:19 2024

* Version:        2019.2 (Build 2704478 on Wed Nov 06 22:10:23 MST 2019)
* Project:        myproject_prj
* Solution:       solution1
* Product family: zynquplus
* Target device:  xczu5ev-sfvc784-2LV-e


================================================================
== Performance Estimates
================================================================
+ Timing: 
    * Summary: 
    +--------+---------+----------+------------+
    |  Clock |  Target | Estimated| Uncertainty|
    +--------+---------+----------+------------+
    |ap_clk  | 5.00 ns | 4.349 ns |   0.62 ns  |
    +--------+---------+----------+------------+

+ Latency: 
    * Summary: 
    +---------+---------+----------+----------+-------+-------+---------+
    |  Latency (cycles) |  Latency (absolute) |    Interval   | Pipeline|
    |   min   |   max   |    min   |    max   |  min  |  max  |   Type  |
    +---------+---------+----------+----------+-------+-------+---------+
    |    57345|    57345| 0.287 ms | 0.287 ms |  57345|  57345|   none  |
    +---------+---------+----------+----------+-------+-------+---------+

    + Detail: 
        * Instance: 
        N/A

        * Loop: 
        +-------------+---------+---------+----------+-----------+-----------+------+----------+
        |             |  Latency (cycles) | Iteration|  Initiation Interval  | Trip |          |
        |  Loop Name  |   min   |   max   |  Latency |  achieved |   target  | Count| Pipelined|
        +-------------+---------+---------+----------+-----------+-----------+------+----------+
        |- Loop 1     |    57344|    57344|        14|          -|          -|  4096|    no    |
        | + Loop 1.1  |       12|       12|         4|          -|          -|     3|    no    |
        +-------------+---------+---------+----------+-----------+-----------+------+----------+



================================================================
== Utilization Estimates
================================================================
* Summary: 
+-----------------+---------+-------+--------+--------+-----+
|       Name      | BRAM_18K| DSP48E|   FF   |   LUT  | URAM|
+-----------------+---------+-------+--------+--------+-----+
|DSP              |        -|      -|       -|       -|    -|
|Expression       |        -|      -|       0|    1448|    -|
|FIFO             |        -|      -|       -|       -|    -|
|Instance         |        -|      0|     100|     138|    -|
|Memory           |        -|      -|       -|       -|    -|
|Multiplexer      |        -|      -|       -|     119|    -|
|Register         |        -|      -|     201|       -|    -|
+-----------------+---------+-------+--------+--------+-----+
|Total            |        0|      0|     301|    1705|    0|
+-----------------+---------+-------+--------+--------+-----+
|Available        |      288|   1248|  234240|  117120|   64|
+-----------------+---------+-------+--------+--------+-----+
|Utilization (%)  |        0|      0|   ~0   |       1|    0|
+-----------------+---------+-------+--------+--------+-----+

+ Detail: 
    * Instance: 
    +------------------------------------+---------------------------------+---------+-------+-----+-----+-----+
    |              Instance              |              Module             | BRAM_18K| DSP48E|  FF | LUT | URAM|
    +------------------------------------+---------------------------------+---------+-------+-----+-----+-----+
    |myproject_axi_fpext_32ns_64_2_1_U1  |myproject_axi_fpext_32ns_64_2_1  |        0|      0|  100|  138|    0|
    +------------------------------------+---------------------------------+---------+-------+-----+-----+-----+
    |Total                               |                                 |        0|      0|  100|  138|    0|
    +------------------------------------+---------------------------------+---------+-------+-----+-----+-----+

    * DSP48E: 
    N/A

    * Memory: 
    N/A

    * FIFO: 
    N/A

    * Expression: 
    +--------------------------+----------+-------+---+-----+------------+------------+
    |       Variable Name      | Operation| DSP48E| FF| LUT | Bitwidth P0| Bitwidth P1|
    +--------------------------+----------+-------+---+-----+------------+------------+
    |add_ln581_fu_366_p2       |     +    |      0|  0|   19|           5|          12|
    |i_fu_226_p2               |     +    |      0|  0|   20|          13|           1|
    |j_fu_238_p2               |     +    |      0|  0|    9|           2|           1|
    |F2_fu_331_p2              |     -    |      0|  0|   19|          11|          12|
    |man_V_1_fu_348_p2         |     -    |      0|  0|   61|           1|          54|
    |sub_ln203_1_fu_629_p2     |     -    |      0|  0|   15|           6|           6|
    |sub_ln203_fu_599_p2       |     -    |      0|  0|   15|           6|           6|
    |sub_ln581_fu_371_p2       |     -    |      0|  0|   19|           4|          12|
    |and_ln203_1_fu_695_p2     |    and   |      0|  0|   48|          48|          48|
    |and_ln203_2_fu_701_p2     |    and   |      0|  0|   48|          48|          48|
    |and_ln203_fu_683_p2       |    and   |      0|  0|   48|          48|          48|
    |and_ln581_fu_484_p2       |    and   |      0|  0|    2|           1|           1|
    |and_ln582_fu_467_p2       |    and   |      0|  0|    2|           1|           1|
    |and_ln585_1_fu_502_p2     |    and   |      0|  0|    2|           1|           1|
    |and_ln585_fu_496_p2       |    and   |      0|  0|    2|           1|           1|
    |and_ln603_fu_520_p2       |    and   |      0|  0|    2|           1|           1|
    |io_acc_block_signal_op40  |    and   |      0|  0|    2|           1|           1|
    |ashr_ln586_fu_427_p2      |   ashr   |      0|  0|  167|          54|          54|
    |icmp_ln17_fu_220_p2       |   icmp   |      0|  0|   13|          13|          14|
    |icmp_ln203_fu_590_p2      |   icmp   |      0|  0|   11|           6|           6|
    |icmp_ln20_fu_232_p2       |   icmp   |      0|  0|    8|           2|           2|
    |icmp_ln571_fu_325_p2      |   icmp   |      0|  0|   29|          63|           1|
    |icmp_ln581_fu_361_p2      |   icmp   |      0|  0|   13|          12|           4|
    |icmp_ln582_fu_392_p2      |   icmp   |      0|  0|   13|          12|           4|
    |icmp_ln585_fu_401_p2      |   icmp   |      0|  0|   13|          12|           6|
    |icmp_ln603_fu_417_p2      |   icmp   |      0|  0|   11|           8|           1|
    |lshr_ln203_fu_677_p2      |   lshr   |      0|  0|  161|           2|          48|
    |ap_block_state1           |    or    |      0|  0|    2|           1|           1|
    |ap_block_state3           |    or    |      0|  0|    2|           1|           1|
    |ctype_data_V_1_fu_707_p2  |    or    |      0|  0|   48|          48|          48|
    |empty_164_fu_584_p2       |    or    |      0|  0|    6|           6|           4|
    |is_last_fu_253_p2         |    or    |      0|  0|    2|           1|           1|
    |or_ln581_fu_508_p2        |    or    |      0|  0|    2|           1|           1|
    |or_ln582_fu_473_p2        |    or    |      0|  0|    2|           1|           1|
    |or_ln603_1_fu_548_p2      |    or    |      0|  0|    2|           1|           1|
    |or_ln603_2_fu_562_p2      |    or    |      0|  0|    2|           1|           1|
    |or_ln603_fu_534_p2        |    or    |      0|  0|    2|           1|           1|
    |man_V_2_fu_354_p3         |  select  |      0|  0|   53|           1|          54|
    |select_ln203_1_fu_613_p3  |  select  |      0|  0|    6|           1|           6|
    |select_ln203_2_fu_621_p3  |  select  |      0|  0|    6|           1|           6|
    |select_ln203_3_fu_663_p3  |  select  |      0|  0|   45|           1|          48|
    |select_ln203_fu_605_p3    |  select  |      0|  0|    6|           1|           6|
    |select_ln588_fu_448_p3    |  select  |      0|  0|    2|           1|           2|
    |select_ln603_1_fu_540_p3  |  select  |      0|  0|   16|           1|          16|
    |select_ln603_2_fu_554_p3  |  select  |      0|  0|   16|           1|          16|
    |select_ln603_3_fu_568_p3  |  select  |      0|  0|   16|           1|          16|
    |select_ln603_fu_526_p3    |  select  |      0|  0|   16|           1|          16|
    |sh_amt_fu_376_p3          |  select  |      0|  0|   11|           1|          12|
    |shl_ln203_1_fu_671_p2     |    shl   |      0|  0|  161|           2|          48|
    |shl_ln203_fu_647_p2       |    shl   |      0|  0|  161|          48|          48|
    |shl_ln604_fu_456_p2       |    shl   |      0|  0|   35|          16|          16|
    |xor_ln203_fu_689_p2       |    xor   |      0|  0|   48|           2|          48|
    |xor_ln571_fu_462_p2       |    xor   |      0|  0|    2|           1|           2|
    |xor_ln581_fu_514_p2       |    xor   |      0|  0|    2|           1|           2|
    |xor_ln582_fu_478_p2       |    xor   |      0|  0|    2|           1|           2|
    |xor_ln585_fu_490_p2       |    xor   |      0|  0|    2|           1|           2|
    +--------------------------+----------+-------+---+-----+------------+------------+
    |Total                     |          |      0|  0| 1448|         527|         820|
    +--------------------------+----------+-------+---+-----+------------+------------+

    * Multiplexer: 
    +---------------------------+----+-----------+-----+-----------+
    |            Name           | LUT| Input Size| Bits| Total Bits|
    +---------------------------+----+-----------+-----+-----------+
    |ap_NS_fsm                  |  38|          7|    1|          7|
    |ap_done                    |   9|          2|    1|          2|
    |i_0_i_reg_183              |   9|          2|   13|         26|
    |in_local_V_data_0_V_blk_n  |   9|          2|    1|          2|
    |in_local_V_data_1_V_blk_n  |   9|          2|    1|          2|
    |in_local_V_data_2_V_blk_n  |   9|          2|    1|          2|
    |in_r_TDATA_blk_n           |   9|          2|    1|          2|
    |is_last_1_fu_154           |   9|          2|    1|          2|
    |j_0_i_reg_194              |   9|          2|    2|          4|
    |real_start                 |   9|          2|    1|          2|
    +---------------------------+----+-----------+-----+-----------+
    |Total                      | 119|         25|   23|         51|
    +---------------------------+----+-----------+-----+-----------+

    * Register: 
    +------------------------+----+----+-----+-----------+
    |          Name          | FF | LUT| Bits| Const Bits|
    +------------------------+----+----+-----+-----------+
    |F2_reg_769              |  12|   0|   12|          0|
    |ap_CS_fsm               |   6|   0|    6|          0|
    |ap_done_reg             |   1|   0|    1|          0|
    |ctype_data_V_fu_158     |  48|   0|   48|          0|
    |i_0_i_reg_183           |  13|   0|   13|          0|
    |i_reg_734               |  13|   0|   13|          0|
    |icmp_ln571_reg_763      |   1|   0|    1|          0|
    |in_data_tmp_reg_747     |  32|   0|   32|          0|
    |is_last_1_fu_154        |   1|   0|    1|          0|
    |j_0_i_reg_194           |   2|   0|    2|          0|
    |j_reg_742               |   2|   0|    2|          0|
    |p_Result_s_reg_753      |   1|   0|    1|          0|
    |select_ln603_3_reg_777  |  16|   0|   16|          0|
    |start_once_reg          |   1|   0|    1|          0|
    |trunc_ln565_reg_758     |  52|   0|   52|          0|
    +------------------------+----+----+-----+-----------+
    |Total                   | 201|   0|  201|          0|
    +------------------------+----+----+-----+-----------+



================================================================
== Interface
================================================================
* Summary: 
+----------------------------+-----+-----+------------+---------------------+--------------+
|          RTL Ports         | Dir | Bits|  Protocol  |    Source Object    |    C Type    |
+----------------------------+-----+-----+------------+---------------------+--------------+
|ap_clk                      |  in |    1| ap_ctrl_hs |    Loop_1_proc290   | return value |
|ap_rst                      |  in |    1| ap_ctrl_hs |    Loop_1_proc290   | return value |
|ap_start                    |  in |    1| ap_ctrl_hs |    Loop_1_proc290   | return value |
|start_full_n                |  in |    1| ap_ctrl_hs |    Loop_1_proc290   | return value |
|ap_done                     | out |    1| ap_ctrl_hs |    Loop_1_proc290   | return value |
|ap_continue                 |  in |    1| ap_ctrl_hs |    Loop_1_proc290   | return value |
|ap_idle                     | out |    1| ap_ctrl_hs |    Loop_1_proc290   | return value |
|ap_ready                    | out |    1| ap_ctrl_hs |    Loop_1_proc290   | return value |
|start_out                   | out |    1| ap_ctrl_hs |    Loop_1_proc290   | return value |
|start_write                 | out |    1| ap_ctrl_hs |    Loop_1_proc290   | return value |
|ap_return                   | out |    1| ap_ctrl_hs |    Loop_1_proc290   | return value |
|in_local_V_data_0_V_din     | out |   16|   ap_fifo  | in_local_V_data_0_V |    pointer   |
|in_local_V_data_0_V_full_n  |  in |    1|   ap_fifo  | in_local_V_data_0_V |    pointer   |
|in_local_V_data_0_V_write   | out |    1|   ap_fifo  | in_local_V_data_0_V |    pointer   |
|in_local_V_data_1_V_din     | out |   16|   ap_fifo  | in_local_V_data_1_V |    pointer   |
|in_local_V_data_1_V_full_n  |  in |    1|   ap_fifo  | in_local_V_data_1_V |    pointer   |
|in_local_V_data_1_V_write   | out |    1|   ap_fifo  | in_local_V_data_1_V |    pointer   |
|in_local_V_data_2_V_din     | out |   16|   ap_fifo  | in_local_V_data_2_V |    pointer   |
|in_local_V_data_2_V_full_n  |  in |    1|   ap_fifo  | in_local_V_data_2_V |    pointer   |
|in_local_V_data_2_V_write   | out |    1|   ap_fifo  | in_local_V_data_2_V |    pointer   |
|in_r_TLAST                  |  in |    1|    axis    |      in_last_V      |    pointer   |
|in_r_TVALID                 |  in |    1|    axis    |       in_data       |    pointer   |
|in_r_TREADY                 | out |    1|    axis    |       in_data       |    pointer   |
|in_r_TDATA                  |  in |   32|    axis    |       in_data       |    pointer   |
+----------------------------+-----+-----+------------+---------------------+--------------+

