

================================================================
== Vivado HLS Report for 'Loop_2_proc'
================================================================
* Date:           Wed Apr 10 00:29:45 2024

* Version:        2019.2 (Build 2704478 on Wed Nov 06 22:10:23 MST 2019)
* Project:        myproject_prj
* Solution:       solution1
* Product family: zynquplus
* Target device:  xczu5ev-sfvc784-2LV-e


================================================================
== Performance Estimates
================================================================
+ Timing: 
    * Summary: 
    +--------+---------+----------+------------+
    |  Clock |  Target | Estimated| Uncertainty|
    +--------+---------+----------+------------+
    |ap_clk  | 5.00 ns | 4.297 ns |   0.62 ns  |
    +--------+---------+----------+------------+

+ Latency: 
    * Summary: 
    +---------+---------+-----------+-----------+-----+-----+---------+
    |  Latency (cycles) |   Latency (absolute)  |  Interval | Pipeline|
    |   min   |   max   |    min    |    max    | min | max |   Type  |
    +---------+---------+-----------+-----------+-----+-----+---------+
    |       17|       17| 85.000 ns | 85.000 ns |   17|   17|   none  |
    +---------+---------+-----------+-----------+-----+-----+---------+

    + Detail: 
        * Instance: 
        N/A

        * Loop: 
        +----------+---------+---------+----------+-----------+-----------+------+----------+
        |          |  Latency (cycles) | Iteration|  Initiation Interval  | Trip |          |
        | Loop Name|   min   |   max   |  Latency |  achieved |   target  | Count| Pipelined|
        +----------+---------+---------+----------+-----------+-----------+------+----------+
        |- Loop 1  |       16|       16|         4|          -|          -|     4|    no    |
        +----------+---------+---------+----------+-----------+-----------+------+----------+



================================================================
== Utilization Estimates
================================================================
* Summary: 
+-----------------+---------+-------+--------+--------+-----+
|       Name      | BRAM_18K| DSP48E|   FF   |   LUT  | URAM|
+-----------------+---------+-------+--------+--------+-----+
|DSP              |        -|      -|       -|       -|    -|
|Expression       |        -|      -|      40|     915|    -|
|FIFO             |        -|      -|       -|       -|    -|
|Instance         |        -|      -|       0|      17|    -|
|Memory           |        -|      -|       -|       -|    -|
|Multiplexer      |        -|      -|       -|      60|    -|
|Register         |        -|      -|     105|       -|    -|
+-----------------+---------+-------+--------+--------+-----+
|Total            |        0|      0|     145|     992|    0|
+-----------------+---------+-------+--------+--------+-----+
|Available        |      288|   1248|  234240|  117120|   64|
+-----------------+---------+-------+--------+--------+-----+
|Utilization (%)  |        0|      0|   ~0   |   ~0   |    0|
+-----------------+---------+-------+--------+--------+-----+

+ Detail: 
    * Instance: 
    +----------------------------+----------------------+---------+-------+---+----+-----+
    |          Instance          |        Module        | BRAM_18K| DSP48E| FF| LUT| URAM|
    +----------------------------+----------------------+---------+-------+---+----+-----+
    |myproject_axi_muxKfY_U1075  |myproject_axi_muxKfY  |        0|      0|  0|  17|    0|
    +----------------------------+----------------------+---------+-------+---+----+-----+
    |Total                       |                      |        0|      0|  0|  17|    0|
    +----------------------------+----------------------+---------+-------+---+----+-----+

    * DSP48E: 
    N/A

    * Memory: 
    N/A

    * FIFO: 
    N/A

    * Expression: 
    +------------------------+----------+-------+----+-----+------------+------------+
    |      Variable Name     | Operation| DSP48E| FF | LUT | Bitwidth P0| Bitwidth P1|
    +------------------------+----------+-------+----+-----+------------+------------+
    |add_ln949_fu_338_p2     |     +    |      0|   0|   23|           6|          16|
    |add_ln958_fu_383_p2     |     +    |      0|   0|   39|           6|          32|
    |add_ln964_fu_464_p2     |     +    |      0|   0|   19|           8|           8|
    |j_fu_163_p2             |     +    |      0|   0|   11|           3|           1|
    |lsb_index_fu_265_p2     |     +    |      0|   0|   39|           6|          32|
    |m_2_fu_423_p2           |     +    |      0|   0|   71|          64|          64|
    |sub_ln944_fu_256_p2     |     -    |      0|   0|   39|           5|          32|
    |sub_ln947_fu_291_p2     |     -    |      0|   0|   15|           4|           5|
    |sub_ln958_fu_398_p2     |     -    |      0|   0|   39|           5|          32|
    |sub_ln964_fu_459_p2     |     -    |      0|   0|   19|           3|           8|
    |tmp_V_fu_212_p2         |     -    |      0|   0|   23|           1|          16|
    |a_fu_318_p2             |    and   |      0|   0|    2|           1|           1|
    |and_ln949_fu_351_p2     |    and   |      0|   0|    2|           1|           1|
    |last_fu_175_p2          |    and   |      0|   0|    2|           1|           1|
    |p_Result_15_fu_307_p2   |    and   |      0|   0|   16|          16|          16|
    |l_fu_244_p3             |   cttz   |      0|  40|   36|          32|           0|
    |icmp_ln31_fu_157_p2     |   icmp   |      0|   0|    9|           3|           4|
    |icmp_ln32_fu_169_p2     |   icmp   |      0|   0|    9|           3|           2|
    |icmp_ln935_fu_198_p2    |   icmp   |      0|   0|   13|          16|           1|
    |icmp_ln947_1_fu_312_p2  |   icmp   |      0|   0|   13|          16|           1|
    |icmp_ln947_fu_281_p2    |   icmp   |      0|   0|   20|          31|           1|
    |icmp_ln958_fu_371_p2    |   icmp   |      0|   0|   20|          32|           1|
    |lshr_ln947_fu_301_p2    |   lshr   |      0|   0|   35|           2|          16|
    |lshr_ln958_fu_388_p2    |   lshr   |      0|   0|   97|          32|          32|
    |ap_block_state1         |    or    |      0|   0|    2|           1|           1|
    |or_ln949_fu_357_p2      |    or    |      0|   0|    2|           1|           1|
    |m_1_fu_413_p3           |  select  |      0|   0|   64|           1|          64|
    |out_r_TDATA_int         |  select  |      0|   0|   32|           1|           1|
    |select_ln964_fu_451_p3  |  select  |      0|   0|    7|           1|           7|
    |tmp_V_4_fu_218_p3       |  select  |      0|   0|   16|           1|          16|
    |shl_ln958_fu_407_p2     |    shl   |      0|   0|  179|          64|          64|
    |xor_ln949_fu_332_p2     |    xor   |      0|   0|    2|           1|           2|
    +------------------------+----------+-------+----+-----+------------+------------+
    |Total                   |          |      0|  40|  915|         368|         479|
    +------------------------+----------+-------+----+-----+------------+------------+

    * Multiplexer: 
    +-------------------+----+-----------+-----+-----------+
    |        Name       | LUT| Input Size| Bits| Total Bits|
    +-------------------+----+-----------+-----+-----------+
    |ap_NS_fsm          |  33|          6|    1|          6|
    |ap_done            |   9|          2|    1|          2|
    |j3_0_i_reg_146     |   9|          2|    3|          6|
    |out_r_TDATA_blk_n  |   9|          2|    1|          2|
    +-------------------+----+-----------+-----+-----------+
    |Total              |  60|         12|    6|         16|
    +-------------------+----+-----------+-----+-----------+

    * Register: 
    +---------------------+----+----+-----+-----------+
    |         Name        | FF | LUT| Bits| Const Bits|
    +---------------------+----+----+-----+-----------+
    |ap_CS_fsm            |   5|   0|    5|          0|
    |ap_done_reg          |   1|   0|    1|          0|
    |icmp_ln935_reg_523   |   1|   0|    1|          0|
    |icmp_ln958_reg_562   |   1|   0|    1|          0|
    |j3_0_i_reg_146       |   3|   0|    3|          0|
    |j_reg_513            |   3|   0|    3|          0|
    |l_reg_541            |  32|   0|   32|          0|
    |last_reg_518         |   1|   0|    1|          0|
    |or_ln_i_reg_557      |   1|   0|   32|         31|
    |p_Result_18_reg_528  |   1|   0|    1|          0|
    |sub_ln944_reg_551    |  32|   0|   32|          0|
    |tmp_V_4_reg_533      |  16|   0|   16|          0|
    |trunc_ln943_reg_546  |   8|   0|    8|          0|
    +---------------------+----+----+-----+-----------+
    |Total                | 105|   0|  136|         31|
    +---------------------+----+----+-----+-----------+



================================================================
== Interface
================================================================
* Summary: 
+--------------+-----+-----+------------+--------------+--------------+
|   RTL Ports  | Dir | Bits|  Protocol  | Source Object|    C Type    |
+--------------+-----+-----+------------+--------------+--------------+
|ap_clk        |  in |    1| ap_ctrl_hs |  Loop_2_proc | return value |
|ap_rst        |  in |    1| ap_ctrl_hs |  Loop_2_proc | return value |
|ap_start      |  in |    1| ap_ctrl_hs |  Loop_2_proc | return value |
|ap_done       | out |    1| ap_ctrl_hs |  Loop_2_proc | return value |
|ap_continue   |  in |    1| ap_ctrl_hs |  Loop_2_proc | return value |
|ap_idle       | out |    1| ap_ctrl_hs |  Loop_2_proc | return value |
|ap_ready      | out |    1| ap_ctrl_hs |  Loop_2_proc | return value |
|out_r_TDATA   | out |   32|    axis    |   out_data   |    pointer   |
|out_r_TVALID  | out |    1|    axis    |  out_last_V  |    pointer   |
|out_r_TREADY  |  in |    1|    axis    |  out_last_V  |    pointer   |
|out_r_TLAST   | out |    1|    axis    |  out_last_V  |    pointer   |
|p_read        |  in |    1|   ap_none  |    p_read    |    scalar    |
|tmp_data_V_0  |  in |   16|   ap_none  | tmp_data_V_0 |    pointer   |
|tmp_data_V_1  |  in |   16|   ap_none  | tmp_data_V_1 |    pointer   |
|tmp_data_V_2  |  in |   16|   ap_none  | tmp_data_V_2 |    pointer   |
|tmp_data_V_3  |  in |   16|   ap_none  | tmp_data_V_3 |    pointer   |
+--------------+-----+-----+------------+--------------+--------------+

