#-----------------------------------------------------------
# Vivado v2019.2 (64-bit)
# SW Build 2708876 on Wed Nov  6 21:39:14 MST 2019
# IP Build 2700528 on Thu Nov  7 00:09:20 MST 2019
# Start of session at: Sat Apr 13 03:10:02 2024
# Process ID: 8639
# Current directory: /home/esp2024/rht2122/PokerML/PokerML/projects
# Command line: vivado
# Log file: /home/esp2024/rht2122/PokerML/PokerML/projects/vivado.log
# Journal file: /home/esp2024/rht2122/PokerML/PokerML/projects/vivado.jou
#-----------------------------------------------------------
start_gui
open_project /home/esp2024/rht2122/PokerML/PokerML/projects/qat_hls4ml_prj_Rank/myproject_vivado_accelerator/project_1.xpr
Scanning sources...
Finished scanning sources
INFO: [IP_Flow 19-234] Refreshing IP repositories
INFO: [IP_Flow 19-1704] No user IP repositories specified
INFO: [IP_Flow 19-2313] Loaded Vivado IP repository '/opt/xilinx/Vivado/2019.2/data/ip'.
open_project: Time (s): cpu = 00:00:14 ; elapsed = 00:00:09 . Memory (MB): peak = 6715.285 ; gain = 156.324 ; free physical = 3661 ; free virtual = 26356
WARNING: [IP_Flow 19-3899] Cannot get the environment domain name variable for the component vendor name. Setting the vendor name to 'user.org'.
exit
INFO: [Common 17-206] Exiting Vivado at Tue Apr 16 20:34:33 2024...
