3.9593122005462646 3.9462976455688477
3.901872396469116 3.906083345413208
3.732177734375 3.740966320037842
3.4159634113311768 3.5258991718292236
3.006617307662964 3.3894617557525635
2.4941256046295166 2.9141077995300293
2.066288948059082 2.516477108001709
1.6128220558166504 2.3293073177337646
1.3490387201309204 2.451906681060791
1.0768603086471558 2.051203489303589
0.8355985283851624 2.0679359436035156
0.7010951042175293 2.0004653930664062
0.566989541053772 2.0156874656677246
0.45282477140426636 1.841325044631958
0.3441660404205322 1.9018744230270386
0.29336950182914734 1.819980502128601
0.22190088033676147 1.942743182182312
0.17905406653881073 1.8648098707199097
0.14470255374908447 1.84987211227417
0.15037253499031067 1.9773541688919067
0.11638312041759491 1.9593108892440796
0.08047544211149216 1.9263538122177124
0.06372256577014923 1.9637715816497803
0.05082082375884056 2.024460792541504
0.04902300611138344 2.0637738704681396
0.04013636335730553 2.0924456119537354
0.030972326174378395 2.0729448795318604
0.028713053092360497 2.0604395866394043
0.02599893882870674 2.0728561878204346
0.025345107540488243 2.0881025791168213
0.023342089727520943 2.0944676399230957
0.02221432700753212 2.0996291637420654
0.021160680800676346 2.147881031036377
0.019968261942267418 2.183229923248291
0.018825363367795944 2.194880723953247
0.0177447572350502 2.198744773864746
0.016539644449949265 2.205068349838257
0.01603001542389393 2.2092504501342773
0.015072010457515717 2.2204301357269287
0.014570980332791805 2.2212634086608887
0.014231320470571518 2.225299596786499
0.013780142180621624 2.2358903884887695
0.01345561258494854 2.2337210178375244
0.013120708987116814 2.249258518218994
0.012735835276544094 2.2629826068878174
0.012403931468725204 2.2640440464019775
0.012166384607553482 2.275444269180298
0.011803148314356804 2.265085458755493
0.01128805335611105 2.2794291973114014
0.011023301631212234 2.286835193634033
