#-----------------------------------------------------------
# Vivado v2019.2 (64-bit)
# SW Build 2708876 on Wed Nov  6 21:39:14 MST 2019
# IP Build 2700528 on Thu Nov  7 00:09:20 MST 2019
# Start of session at: Tue Apr  9 22:40:34 2024
# Process ID: 11017
# Current directory: /home/esp2024/rht2122/PokerML/PokerML
# Command line: vivado
# Log file: /home/esp2024/rht2122/PokerML/PokerML/vivado.log
# Journal file: /home/esp2024/rht2122/PokerML/PokerML/vivado.jou
#-----------------------------------------------------------
start_gui
open_project /home/esp2024/rht2122/PokerML/PokerML/projects/qat_hls4ml_prj_rank/myproject_vivado_accelerator/project_1.xpr
Scanning sources...
Finished scanning sources
INFO: [IP_Flow 19-234] Refreshing IP repositories
INFO: [IP_Flow 19-1704] No user IP repositories specified
INFO: [IP_Flow 19-2313] Loaded Vivado IP repository '/opt/xilinx/Vivado/2019.2/data/ip'.
open_project: Time (s): cpu = 00:00:17 ; elapsed = 00:00:10 . Memory (MB): peak = 6618.738 ; gain = 171.672 ; free physical = 16429 ; free virtual = 35709
WARNING: [IP_Flow 19-3899] Cannot get the environment domain name variable for the component vendor name. Setting the vendor name to 'user.org'.
WARNING: [IP_Flow 19-3899] Cannot get the environment domain name variable for the component vendor name. Setting the vendor name to 'user.org'.
set_property part xczu5ev-sfvc784-2LV-e [current_project]
WARNING: [IP_Flow 19-3899] Cannot get the environment domain name variable for the component vendor name. Setting the vendor name to 'user.org'.
WARNING: [IP_Flow 19-3899] Cannot get the environment domain name variable for the component vendor name. Setting the vendor name to 'user.org'.
WARNING: [IP_Flow 19-3899] Cannot get the environment domain name variable for the component vendor name. Setting the vendor name to 'user.org'.
WARNING: [IP_Flow 19-3899] Cannot get the environment domain name variable for the component vendor name. Setting the vendor name to 'user.org'.
exit
INFO: [Common 17-206] Exiting Vivado at Tue Apr  9 22:52:21 2024...
