Copyright 1986-2022 Xilinx, Inc. All Rights Reserved. Copyright 2022-2023 Advanced Micro Devices, Inc. All Rights Reserved.
---------------------------------------------------------------------------------------------------------------------------------------------
| Tool Version : Vivado v.2023.2 (lin64) Build 4029153 Fri Oct 13 20:13:54 MDT 2023
| Date         : Tue Apr 16 22:10:24 2024
| Host         : socp06-ubuntu running 64-bit Ubuntu 18.04.6 LTS
| Command      : report_drc -file design_1_wrapper_drc_routed.rpt -pb design_1_wrapper_drc_routed.pb -rpx design_1_wrapper_drc_routed.rpx
| Design       : design_1_wrapper
| Device       : xck26-sfvc784-2LV-c
| Speed File   : -2LV
| Design State : Fully Routed
---------------------------------------------------------------------------------------------------------------------------------------------

Report DRC

Table of Contents
-----------------
1. REPORT SUMMARY
2. REPORT DETAILS

1. REPORT SUMMARY
-----------------
            Netlist: netlist
          Floorplan: design_1
      Design limits: <entire design considered>
           Ruledeck: default
             Max violations: <unlimited>
             Violations found: 33
+-----------+----------+--------------------------------------+------------+
| Rule      | Severity | Description                          | Violations |
+-----------+----------+--------------------------------------+------------+
| DPIP-2    | Warning  | Input pipelining                     | 2          |
| DPOP-3    | Warning  | PREG Output pipelining               | 12         |
| DPOP-4    | Warning  | MREG Output pipelining               | 13         |
| PDCN-1569 | Warning  | LUT equation term check              | 3          |
| REQP-1935 | Warning  | RAMB36E2_nochange_collision_advisory | 2          |
| RTSTAT-10 | Warning  | No routable loads                    | 1          |
+-----------+----------+--------------------------------------+------------+

2. REPORT DETAILS
-----------------
DPIP-2#1 Warning
Input pipelining  
DSP design_1_i/loosely_coupled_accelerator/myproject_axi_0/inst/myproject_U0/softmax_array_array_ap_fixed_16_6_5_3_0_13u_softmax_config12_U0/grp_softmax_stable_array_array_ap_fixed_16_6_5_3_0_13u_softmax_config12_s_fu_380/grp_fu_699_p2 input design_1_i/loosely_coupled_accelerator/myproject_axi_0/inst/myproject_U0/softmax_array_array_ap_fixed_16_6_5_3_0_13u_softmax_config12_U0/grp_softmax_stable_array_array_ap_fixed_16_6_5_3_0_13u_softmax_config12_s_fu_380/grp_fu_699_p2/A[29:0] is not pipelined. Pipelining DSP48 input will improve performance.
Related violations: <none>

DPIP-2#2 Warning
Input pipelining  
DSP design_1_i/loosely_coupled_accelerator/myproject_axi_0/inst/myproject_U0/softmax_array_array_ap_fixed_16_6_5_3_0_13u_softmax_config12_U0/grp_softmax_stable_array_array_ap_fixed_16_6_5_3_0_13u_softmax_config12_s_fu_380/grp_fu_699_p2 input design_1_i/loosely_coupled_accelerator/myproject_axi_0/inst/myproject_U0/softmax_array_array_ap_fixed_16_6_5_3_0_13u_softmax_config12_U0/grp_softmax_stable_array_array_ap_fixed_16_6_5_3_0_13u_softmax_config12_s_fu_380/grp_fu_699_p2/B[17:0] is not pipelined. Pipelining DSP48 input will improve performance.
Related violations: <none>

DPOP-3#1 Warning
PREG Output pipelining  
DSP design_1_i/loosely_coupled_accelerator/myproject_axi_0/inst/myproject_U0/dense_array_ap_fixed_4u_array_ap_fixed_16_6_5_3_0_13u_config11_U0/grp_dense_wrapper_ap_fixed_16_6_5_3_0_ap_fixed_16_6_5_3_0_config11_s_fu_3875/myproject_axi_mul_mul_6s_16s_22_1_1_U206/myproject_axi_mul_mul_6s_16s_22_1_1_DSP48_1_U/p output design_1_i/loosely_coupled_accelerator/myproject_axi_0/inst/myproject_U0/dense_array_ap_fixed_4u_array_ap_fixed_16_6_5_3_0_13u_config11_U0/grp_dense_wrapper_ap_fixed_16_6_5_3_0_ap_fixed_16_6_5_3_0_config11_s_fu_3875/myproject_axi_mul_mul_6s_16s_22_1_1_U206/myproject_axi_mul_mul_6s_16s_22_1_1_DSP48_1_U/p/P[47:0] is not pipelined (PREG=0). Pipelining the DSP48 output will improve performance and often saves power so it is suggested whenever possible to fully pipeline this function.  If this DSP48 function was inferred, it is suggested to describe an additional register stage after this function.  If the DSP48 was instantiated in the design, it is suggested to set the PREG attribute to 1.
Related violations: <none>

DPOP-3#2 Warning
PREG Output pipelining  
DSP design_1_i/loosely_coupled_accelerator/myproject_axi_0/inst/myproject_U0/dense_array_ap_fixed_4u_array_ap_fixed_16_6_5_3_0_13u_config11_U0/grp_dense_wrapper_ap_fixed_16_6_5_3_0_ap_fixed_16_6_5_3_0_config11_s_fu_3875/myproject_axi_mul_mul_6s_16s_22_1_1_U207/myproject_axi_mul_mul_6s_16s_22_1_1_DSP48_1_U/p output design_1_i/loosely_coupled_accelerator/myproject_axi_0/inst/myproject_U0/dense_array_ap_fixed_4u_array_ap_fixed_16_6_5_3_0_13u_config11_U0/grp_dense_wrapper_ap_fixed_16_6_5_3_0_ap_fixed_16_6_5_3_0_config11_s_fu_3875/myproject_axi_mul_mul_6s_16s_22_1_1_U207/myproject_axi_mul_mul_6s_16s_22_1_1_DSP48_1_U/p/P[47:0] is not pipelined (PREG=0). Pipelining the DSP48 output will improve performance and often saves power so it is suggested whenever possible to fully pipeline this function.  If this DSP48 function was inferred, it is suggested to describe an additional register stage after this function.  If the DSP48 was instantiated in the design, it is suggested to set the PREG attribute to 1.
Related violations: <none>

DPOP-3#3 Warning
PREG Output pipelining  
DSP design_1_i/loosely_coupled_accelerator/myproject_axi_0/inst/myproject_U0/dense_array_ap_fixed_4u_array_ap_fixed_16_6_5_3_0_13u_config11_U0/grp_dense_wrapper_ap_fixed_16_6_5_3_0_ap_fixed_16_6_5_3_0_config11_s_fu_3875/myproject_axi_mul_mul_6s_16s_22_1_1_U208/myproject_axi_mul_mul_6s_16s_22_1_1_DSP48_1_U/p output design_1_i/loosely_coupled_accelerator/myproject_axi_0/inst/myproject_U0/dense_array_ap_fixed_4u_array_ap_fixed_16_6_5_3_0_13u_config11_U0/grp_dense_wrapper_ap_fixed_16_6_5_3_0_ap_fixed_16_6_5_3_0_config11_s_fu_3875/myproject_axi_mul_mul_6s_16s_22_1_1_U208/myproject_axi_mul_mul_6s_16s_22_1_1_DSP48_1_U/p/P[47:0] is not pipelined (PREG=0). Pipelining the DSP48 output will improve performance and often saves power so it is suggested whenever possible to fully pipeline this function.  If this DSP48 function was inferred, it is suggested to describe an additional register stage after this function.  If the DSP48 was instantiated in the design, it is suggested to set the PREG attribute to 1.
Related violations: <none>

DPOP-3#4 Warning
PREG Output pipelining  
DSP design_1_i/loosely_coupled_accelerator/myproject_axi_0/inst/myproject_U0/dense_array_ap_fixed_4u_array_ap_fixed_16_6_5_3_0_13u_config11_U0/grp_dense_wrapper_ap_fixed_16_6_5_3_0_ap_fixed_16_6_5_3_0_config11_s_fu_3875/myproject_axi_mul_mul_6s_16s_22_1_1_U209/myproject_axi_mul_mul_6s_16s_22_1_1_DSP48_1_U/p output design_1_i/loosely_coupled_accelerator/myproject_axi_0/inst/myproject_U0/dense_array_ap_fixed_4u_array_ap_fixed_16_6_5_3_0_13u_config11_U0/grp_dense_wrapper_ap_fixed_16_6_5_3_0_ap_fixed_16_6_5_3_0_config11_s_fu_3875/myproject_axi_mul_mul_6s_16s_22_1_1_U209/myproject_axi_mul_mul_6s_16s_22_1_1_DSP48_1_U/p/P[47:0] is not pipelined (PREG=0). Pipelining the DSP48 output will improve performance and often saves power so it is suggested whenever possible to fully pipeline this function.  If this DSP48 function was inferred, it is suggested to describe an additional register stage after this function.  If the DSP48 was instantiated in the design, it is suggested to set the PREG attribute to 1.
Related violations: <none>

DPOP-3#5 Warning
PREG Output pipelining  
DSP design_1_i/loosely_coupled_accelerator/myproject_axi_0/inst/myproject_U0/dense_array_ap_fixed_4u_array_ap_fixed_16_6_5_3_0_13u_config11_U0/grp_dense_wrapper_ap_fixed_16_6_5_3_0_ap_fixed_16_6_5_3_0_config11_s_fu_3875/myproject_axi_mul_mul_6s_16s_22_1_1_U210/myproject_axi_mul_mul_6s_16s_22_1_1_DSP48_1_U/p output design_1_i/loosely_coupled_accelerator/myproject_axi_0/inst/myproject_U0/dense_array_ap_fixed_4u_array_ap_fixed_16_6_5_3_0_13u_config11_U0/grp_dense_wrapper_ap_fixed_16_6_5_3_0_ap_fixed_16_6_5_3_0_config11_s_fu_3875/myproject_axi_mul_mul_6s_16s_22_1_1_U210/myproject_axi_mul_mul_6s_16s_22_1_1_DSP48_1_U/p/P[47:0] is not pipelined (PREG=0). Pipelining the DSP48 output will improve performance and often saves power so it is suggested whenever possible to fully pipeline this function.  If this DSP48 function was inferred, it is suggested to describe an additional register stage after this function.  If the DSP48 was instantiated in the design, it is suggested to set the PREG attribute to 1.
Related violations: <none>

DPOP-3#6 Warning
PREG Output pipelining  
DSP design_1_i/loosely_coupled_accelerator/myproject_axi_0/inst/myproject_U0/dense_array_ap_fixed_4u_array_ap_fixed_16_6_5_3_0_13u_config11_U0/grp_dense_wrapper_ap_fixed_16_6_5_3_0_ap_fixed_16_6_5_3_0_config11_s_fu_3875/myproject_axi_mul_mul_6s_16s_22_1_1_U211/myproject_axi_mul_mul_6s_16s_22_1_1_DSP48_1_U/p output design_1_i/loosely_coupled_accelerator/myproject_axi_0/inst/myproject_U0/dense_array_ap_fixed_4u_array_ap_fixed_16_6_5_3_0_13u_config11_U0/grp_dense_wrapper_ap_fixed_16_6_5_3_0_ap_fixed_16_6_5_3_0_config11_s_fu_3875/myproject_axi_mul_mul_6s_16s_22_1_1_U211/myproject_axi_mul_mul_6s_16s_22_1_1_DSP48_1_U/p/P[47:0] is not pipelined (PREG=0). Pipelining the DSP48 output will improve performance and often saves power so it is suggested whenever possible to fully pipeline this function.  If this DSP48 function was inferred, it is suggested to describe an additional register stage after this function.  If the DSP48 was instantiated in the design, it is suggested to set the PREG attribute to 1.
Related violations: <none>

DPOP-3#7 Warning
PREG Output pipelining  
DSP design_1_i/loosely_coupled_accelerator/myproject_axi_0/inst/myproject_U0/dense_array_ap_fixed_4u_array_ap_fixed_16_6_5_3_0_13u_config11_U0/grp_dense_wrapper_ap_fixed_16_6_5_3_0_ap_fixed_16_6_5_3_0_config11_s_fu_3875/myproject_axi_mul_mul_6s_16s_22_1_1_U212/myproject_axi_mul_mul_6s_16s_22_1_1_DSP48_1_U/p output design_1_i/loosely_coupled_accelerator/myproject_axi_0/inst/myproject_U0/dense_array_ap_fixed_4u_array_ap_fixed_16_6_5_3_0_13u_config11_U0/grp_dense_wrapper_ap_fixed_16_6_5_3_0_ap_fixed_16_6_5_3_0_config11_s_fu_3875/myproject_axi_mul_mul_6s_16s_22_1_1_U212/myproject_axi_mul_mul_6s_16s_22_1_1_DSP48_1_U/p/P[47:0] is not pipelined (PREG=0). Pipelining the DSP48 output will improve performance and often saves power so it is suggested whenever possible to fully pipeline this function.  If this DSP48 function was inferred, it is suggested to describe an additional register stage after this function.  If the DSP48 was instantiated in the design, it is suggested to set the PREG attribute to 1.
Related violations: <none>

DPOP-3#8 Warning
PREG Output pipelining  
DSP design_1_i/loosely_coupled_accelerator/myproject_axi_0/inst/myproject_U0/dense_array_ap_fixed_4u_array_ap_fixed_16_6_5_3_0_13u_config11_U0/grp_dense_wrapper_ap_fixed_16_6_5_3_0_ap_fixed_16_6_5_3_0_config11_s_fu_3875/myproject_axi_mul_mul_6s_16s_22_1_1_U213/myproject_axi_mul_mul_6s_16s_22_1_1_DSP48_1_U/p output design_1_i/loosely_coupled_accelerator/myproject_axi_0/inst/myproject_U0/dense_array_ap_fixed_4u_array_ap_fixed_16_6_5_3_0_13u_config11_U0/grp_dense_wrapper_ap_fixed_16_6_5_3_0_ap_fixed_16_6_5_3_0_config11_s_fu_3875/myproject_axi_mul_mul_6s_16s_22_1_1_U213/myproject_axi_mul_mul_6s_16s_22_1_1_DSP48_1_U/p/P[47:0] is not pipelined (PREG=0). Pipelining the DSP48 output will improve performance and often saves power so it is suggested whenever possible to fully pipeline this function.  If this DSP48 function was inferred, it is suggested to describe an additional register stage after this function.  If the DSP48 was instantiated in the design, it is suggested to set the PREG attribute to 1.
Related violations: <none>

DPOP-3#9 Warning
PREG Output pipelining  
DSP design_1_i/loosely_coupled_accelerator/myproject_axi_0/inst/myproject_U0/dense_array_ap_fixed_4u_array_ap_fixed_16_6_5_3_0_13u_config11_U0/grp_dense_wrapper_ap_fixed_16_6_5_3_0_ap_fixed_16_6_5_3_0_config11_s_fu_3875/myproject_axi_mul_mul_6s_16s_22_1_1_U214/myproject_axi_mul_mul_6s_16s_22_1_1_DSP48_1_U/p output design_1_i/loosely_coupled_accelerator/myproject_axi_0/inst/myproject_U0/dense_array_ap_fixed_4u_array_ap_fixed_16_6_5_3_0_13u_config11_U0/grp_dense_wrapper_ap_fixed_16_6_5_3_0_ap_fixed_16_6_5_3_0_config11_s_fu_3875/myproject_axi_mul_mul_6s_16s_22_1_1_U214/myproject_axi_mul_mul_6s_16s_22_1_1_DSP48_1_U/p/P[47:0] is not pipelined (PREG=0). Pipelining the DSP48 output will improve performance and often saves power so it is suggested whenever possible to fully pipeline this function.  If this DSP48 function was inferred, it is suggested to describe an additional register stage after this function.  If the DSP48 was instantiated in the design, it is suggested to set the PREG attribute to 1.
Related violations: <none>

DPOP-3#10 Warning
PREG Output pipelining  
DSP design_1_i/loosely_coupled_accelerator/myproject_axi_0/inst/myproject_U0/dense_array_ap_fixed_4u_array_ap_fixed_16_6_5_3_0_13u_config11_U0/grp_dense_wrapper_ap_fixed_16_6_5_3_0_ap_fixed_16_6_5_3_0_config11_s_fu_3875/myproject_axi_mul_mul_6s_16s_22_1_1_U215/myproject_axi_mul_mul_6s_16s_22_1_1_DSP48_1_U/p output design_1_i/loosely_coupled_accelerator/myproject_axi_0/inst/myproject_U0/dense_array_ap_fixed_4u_array_ap_fixed_16_6_5_3_0_13u_config11_U0/grp_dense_wrapper_ap_fixed_16_6_5_3_0_ap_fixed_16_6_5_3_0_config11_s_fu_3875/myproject_axi_mul_mul_6s_16s_22_1_1_U215/myproject_axi_mul_mul_6s_16s_22_1_1_DSP48_1_U/p/P[47:0] is not pipelined (PREG=0). Pipelining the DSP48 output will improve performance and often saves power so it is suggested whenever possible to fully pipeline this function.  If this DSP48 function was inferred, it is suggested to describe an additional register stage after this function.  If the DSP48 was instantiated in the design, it is suggested to set the PREG attribute to 1.
Related violations: <none>

DPOP-3#11 Warning
PREG Output pipelining  
DSP design_1_i/loosely_coupled_accelerator/myproject_axi_0/inst/myproject_U0/dense_array_ap_fixed_4u_array_ap_fixed_16_6_5_3_0_13u_config11_U0/grp_dense_wrapper_ap_fixed_16_6_5_3_0_ap_fixed_16_6_5_3_0_config11_s_fu_3875/myproject_axi_mul_mul_6s_16s_22_1_1_U216/myproject_axi_mul_mul_6s_16s_22_1_1_DSP48_1_U/p output design_1_i/loosely_coupled_accelerator/myproject_axi_0/inst/myproject_U0/dense_array_ap_fixed_4u_array_ap_fixed_16_6_5_3_0_13u_config11_U0/grp_dense_wrapper_ap_fixed_16_6_5_3_0_ap_fixed_16_6_5_3_0_config11_s_fu_3875/myproject_axi_mul_mul_6s_16s_22_1_1_U216/myproject_axi_mul_mul_6s_16s_22_1_1_DSP48_1_U/p/P[47:0] is not pipelined (PREG=0). Pipelining the DSP48 output will improve performance and often saves power so it is suggested whenever possible to fully pipeline this function.  If this DSP48 function was inferred, it is suggested to describe an additional register stage after this function.  If the DSP48 was instantiated in the design, it is suggested to set the PREG attribute to 1.
Related violations: <none>

DPOP-3#12 Warning
PREG Output pipelining  
DSP design_1_i/loosely_coupled_accelerator/myproject_axi_0/inst/myproject_U0/softmax_array_array_ap_fixed_16_6_5_3_0_13u_softmax_config12_U0/grp_softmax_stable_array_array_ap_fixed_16_6_5_3_0_13u_softmax_config12_s_fu_380/grp_fu_699_p2 output design_1_i/loosely_coupled_accelerator/myproject_axi_0/inst/myproject_U0/softmax_array_array_ap_fixed_16_6_5_3_0_13u_softmax_config12_U0/grp_softmax_stable_array_array_ap_fixed_16_6_5_3_0_13u_softmax_config12_s_fu_380/grp_fu_699_p2/P[47:0] is not pipelined (PREG=0). Pipelining the DSP48 output will improve performance and often saves power so it is suggested whenever possible to fully pipeline this function.  If this DSP48 function was inferred, it is suggested to describe an additional register stage after this function.  If the DSP48 was instantiated in the design, it is suggested to set the PREG attribute to 1.
Related violations: <none>

DPOP-4#1 Warning
MREG Output pipelining  
DSP design_1_i/loosely_coupled_accelerator/myproject_axi_0/inst/myproject_U0/conv_2d_cl_array_ap_fixed_4u_array_ap_fixed_16_6_5_3_0_4u_config6_U0/grp_compute_output_buffer_2d_array_array_ap_fixed_16_6_5_3_0_4u_config6_s_fu_265/grp_dense_resource_ap_fixed_16_6_5_3_0_ap_fixed_16_6_5_3_0_config6_mult_s_fu_242/mul_ln728_reg_1127_reg multiplier stage design_1_i/loosely_coupled_accelerator/myproject_axi_0/inst/myproject_U0/conv_2d_cl_array_ap_fixed_4u_array_ap_fixed_16_6_5_3_0_4u_config6_U0/grp_compute_output_buffer_2d_array_array_ap_fixed_16_6_5_3_0_4u_config6_s_fu_265/grp_dense_resource_ap_fixed_16_6_5_3_0_ap_fixed_16_6_5_3_0_config6_mult_s_fu_242/mul_ln728_reg_1127_reg/P[47:0] is not pipelined (MREG=0). Pipelining the multiplier function will improve performance and will save significant power so it is suggested whenever possible to fully pipeline this function.  If this multiplier was inferred, it is suggested to describe an additional register stage after this function.  If there is no registered adder/accumulator following the multiply function, two pipeline stages are suggested to allow both the MREG and PREG registers to be used.  If the DSP48 was instantiated in the design, it is suggested to set both the MREG and PREG attributes to 1 when performing multiply functions.
Related violations: <none>

DPOP-4#2 Warning
MREG Output pipelining  
DSP design_1_i/loosely_coupled_accelerator/myproject_axi_0/inst/myproject_U0/dense_array_ap_fixed_4u_array_ap_fixed_16_6_5_3_0_13u_config11_U0/grp_dense_wrapper_ap_fixed_16_6_5_3_0_ap_fixed_16_6_5_3_0_config11_s_fu_3875/myproject_axi_mul_mul_6s_16s_22_1_1_U206/myproject_axi_mul_mul_6s_16s_22_1_1_DSP48_1_U/p multiplier stage design_1_i/loosely_coupled_accelerator/myproject_axi_0/inst/myproject_U0/dense_array_ap_fixed_4u_array_ap_fixed_16_6_5_3_0_13u_config11_U0/grp_dense_wrapper_ap_fixed_16_6_5_3_0_ap_fixed_16_6_5_3_0_config11_s_fu_3875/myproject_axi_mul_mul_6s_16s_22_1_1_U206/myproject_axi_mul_mul_6s_16s_22_1_1_DSP48_1_U/p/P[47:0] is not pipelined (MREG=0). Pipelining the multiplier function will improve performance and will save significant power so it is suggested whenever possible to fully pipeline this function.  If this multiplier was inferred, it is suggested to describe an additional register stage after this function.  If there is no registered adder/accumulator following the multiply function, two pipeline stages are suggested to allow both the MREG and PREG registers to be used.  If the DSP48 was instantiated in the design, it is suggested to set both the MREG and PREG attributes to 1 when performing multiply functions.
Related violations: <none>

DPOP-4#3 Warning
MREG Output pipelining  
DSP design_1_i/loosely_coupled_accelerator/myproject_axi_0/inst/myproject_U0/dense_array_ap_fixed_4u_array_ap_fixed_16_6_5_3_0_13u_config11_U0/grp_dense_wrapper_ap_fixed_16_6_5_3_0_ap_fixed_16_6_5_3_0_config11_s_fu_3875/myproject_axi_mul_mul_6s_16s_22_1_1_U207/myproject_axi_mul_mul_6s_16s_22_1_1_DSP48_1_U/p multiplier stage design_1_i/loosely_coupled_accelerator/myproject_axi_0/inst/myproject_U0/dense_array_ap_fixed_4u_array_ap_fixed_16_6_5_3_0_13u_config11_U0/grp_dense_wrapper_ap_fixed_16_6_5_3_0_ap_fixed_16_6_5_3_0_config11_s_fu_3875/myproject_axi_mul_mul_6s_16s_22_1_1_U207/myproject_axi_mul_mul_6s_16s_22_1_1_DSP48_1_U/p/P[47:0] is not pipelined (MREG=0). Pipelining the multiplier function will improve performance and will save significant power so it is suggested whenever possible to fully pipeline this function.  If this multiplier was inferred, it is suggested to describe an additional register stage after this function.  If there is no registered adder/accumulator following the multiply function, two pipeline stages are suggested to allow both the MREG and PREG registers to be used.  If the DSP48 was instantiated in the design, it is suggested to set both the MREG and PREG attributes to 1 when performing multiply functions.
Related violations: <none>

DPOP-4#4 Warning
MREG Output pipelining  
DSP design_1_i/loosely_coupled_accelerator/myproject_axi_0/inst/myproject_U0/dense_array_ap_fixed_4u_array_ap_fixed_16_6_5_3_0_13u_config11_U0/grp_dense_wrapper_ap_fixed_16_6_5_3_0_ap_fixed_16_6_5_3_0_config11_s_fu_3875/myproject_axi_mul_mul_6s_16s_22_1_1_U208/myproject_axi_mul_mul_6s_16s_22_1_1_DSP48_1_U/p multiplier stage design_1_i/loosely_coupled_accelerator/myproject_axi_0/inst/myproject_U0/dense_array_ap_fixed_4u_array_ap_fixed_16_6_5_3_0_13u_config11_U0/grp_dense_wrapper_ap_fixed_16_6_5_3_0_ap_fixed_16_6_5_3_0_config11_s_fu_3875/myproject_axi_mul_mul_6s_16s_22_1_1_U208/myproject_axi_mul_mul_6s_16s_22_1_1_DSP48_1_U/p/P[47:0] is not pipelined (MREG=0). Pipelining the multiplier function will improve performance and will save significant power so it is suggested whenever possible to fully pipeline this function.  If this multiplier was inferred, it is suggested to describe an additional register stage after this function.  If there is no registered adder/accumulator following the multiply function, two pipeline stages are suggested to allow both the MREG and PREG registers to be used.  If the DSP48 was instantiated in the design, it is suggested to set both the MREG and PREG attributes to 1 when performing multiply functions.
Related violations: <none>

DPOP-4#5 Warning
MREG Output pipelining  
DSP design_1_i/loosely_coupled_accelerator/myproject_axi_0/inst/myproject_U0/dense_array_ap_fixed_4u_array_ap_fixed_16_6_5_3_0_13u_config11_U0/grp_dense_wrapper_ap_fixed_16_6_5_3_0_ap_fixed_16_6_5_3_0_config11_s_fu_3875/myproject_axi_mul_mul_6s_16s_22_1_1_U209/myproject_axi_mul_mul_6s_16s_22_1_1_DSP48_1_U/p multiplier stage design_1_i/loosely_coupled_accelerator/myproject_axi_0/inst/myproject_U0/dense_array_ap_fixed_4u_array_ap_fixed_16_6_5_3_0_13u_config11_U0/grp_dense_wrapper_ap_fixed_16_6_5_3_0_ap_fixed_16_6_5_3_0_config11_s_fu_3875/myproject_axi_mul_mul_6s_16s_22_1_1_U209/myproject_axi_mul_mul_6s_16s_22_1_1_DSP48_1_U/p/P[47:0] is not pipelined (MREG=0). Pipelining the multiplier function will improve performance and will save significant power so it is suggested whenever possible to fully pipeline this function.  If this multiplier was inferred, it is suggested to describe an additional register stage after this function.  If there is no registered adder/accumulator following the multiply function, two pipeline stages are suggested to allow both the MREG and PREG registers to be used.  If the DSP48 was instantiated in the design, it is suggested to set both the MREG and PREG attributes to 1 when performing multiply functions.
Related violations: <none>

DPOP-4#6 Warning
MREG Output pipelining  
DSP design_1_i/loosely_coupled_accelerator/myproject_axi_0/inst/myproject_U0/dense_array_ap_fixed_4u_array_ap_fixed_16_6_5_3_0_13u_config11_U0/grp_dense_wrapper_ap_fixed_16_6_5_3_0_ap_fixed_16_6_5_3_0_config11_s_fu_3875/myproject_axi_mul_mul_6s_16s_22_1_1_U210/myproject_axi_mul_mul_6s_16s_22_1_1_DSP48_1_U/p multiplier stage design_1_i/loosely_coupled_accelerator/myproject_axi_0/inst/myproject_U0/dense_array_ap_fixed_4u_array_ap_fixed_16_6_5_3_0_13u_config11_U0/grp_dense_wrapper_ap_fixed_16_6_5_3_0_ap_fixed_16_6_5_3_0_config11_s_fu_3875/myproject_axi_mul_mul_6s_16s_22_1_1_U210/myproject_axi_mul_mul_6s_16s_22_1_1_DSP48_1_U/p/P[47:0] is not pipelined (MREG=0). Pipelining the multiplier function will improve performance and will save significant power so it is suggested whenever possible to fully pipeline this function.  If this multiplier was inferred, it is suggested to describe an additional register stage after this function.  If there is no registered adder/accumulator following the multiply function, two pipeline stages are suggested to allow both the MREG and PREG registers to be used.  If the DSP48 was instantiated in the design, it is suggested to set both the MREG and PREG attributes to 1 when performing multiply functions.
Related violations: <none>

DPOP-4#7 Warning
MREG Output pipelining  
DSP design_1_i/loosely_coupled_accelerator/myproject_axi_0/inst/myproject_U0/dense_array_ap_fixed_4u_array_ap_fixed_16_6_5_3_0_13u_config11_U0/grp_dense_wrapper_ap_fixed_16_6_5_3_0_ap_fixed_16_6_5_3_0_config11_s_fu_3875/myproject_axi_mul_mul_6s_16s_22_1_1_U211/myproject_axi_mul_mul_6s_16s_22_1_1_DSP48_1_U/p multiplier stage design_1_i/loosely_coupled_accelerator/myproject_axi_0/inst/myproject_U0/dense_array_ap_fixed_4u_array_ap_fixed_16_6_5_3_0_13u_config11_U0/grp_dense_wrapper_ap_fixed_16_6_5_3_0_ap_fixed_16_6_5_3_0_config11_s_fu_3875/myproject_axi_mul_mul_6s_16s_22_1_1_U211/myproject_axi_mul_mul_6s_16s_22_1_1_DSP48_1_U/p/P[47:0] is not pipelined (MREG=0). Pipelining the multiplier function will improve performance and will save significant power so it is suggested whenever possible to fully pipeline this function.  If this multiplier was inferred, it is suggested to describe an additional register stage after this function.  If there is no registered adder/accumulator following the multiply function, two pipeline stages are suggested to allow both the MREG and PREG registers to be used.  If the DSP48 was instantiated in the design, it is suggested to set both the MREG and PREG attributes to 1 when performing multiply functions.
Related violations: <none>

DPOP-4#8 Warning
MREG Output pipelining  
DSP design_1_i/loosely_coupled_accelerator/myproject_axi_0/inst/myproject_U0/dense_array_ap_fixed_4u_array_ap_fixed_16_6_5_3_0_13u_config11_U0/grp_dense_wrapper_ap_fixed_16_6_5_3_0_ap_fixed_16_6_5_3_0_config11_s_fu_3875/myproject_axi_mul_mul_6s_16s_22_1_1_U212/myproject_axi_mul_mul_6s_16s_22_1_1_DSP48_1_U/p multiplier stage design_1_i/loosely_coupled_accelerator/myproject_axi_0/inst/myproject_U0/dense_array_ap_fixed_4u_array_ap_fixed_16_6_5_3_0_13u_config11_U0/grp_dense_wrapper_ap_fixed_16_6_5_3_0_ap_fixed_16_6_5_3_0_config11_s_fu_3875/myproject_axi_mul_mul_6s_16s_22_1_1_U212/myproject_axi_mul_mul_6s_16s_22_1_1_DSP48_1_U/p/P[47:0] is not pipelined (MREG=0). Pipelining the multiplier function will improve performance and will save significant power so it is suggested whenever possible to fully pipeline this function.  If this multiplier was inferred, it is suggested to describe an additional register stage after this function.  If there is no registered adder/accumulator following the multiply function, two pipeline stages are suggested to allow both the MREG and PREG registers to be used.  If the DSP48 was instantiated in the design, it is suggested to set both the MREG and PREG attributes to 1 when performing multiply functions.
Related violations: <none>

DPOP-4#9 Warning
MREG Output pipelining  
DSP design_1_i/loosely_coupled_accelerator/myproject_axi_0/inst/myproject_U0/dense_array_ap_fixed_4u_array_ap_fixed_16_6_5_3_0_13u_config11_U0/grp_dense_wrapper_ap_fixed_16_6_5_3_0_ap_fixed_16_6_5_3_0_config11_s_fu_3875/myproject_axi_mul_mul_6s_16s_22_1_1_U213/myproject_axi_mul_mul_6s_16s_22_1_1_DSP48_1_U/p multiplier stage design_1_i/loosely_coupled_accelerator/myproject_axi_0/inst/myproject_U0/dense_array_ap_fixed_4u_array_ap_fixed_16_6_5_3_0_13u_config11_U0/grp_dense_wrapper_ap_fixed_16_6_5_3_0_ap_fixed_16_6_5_3_0_config11_s_fu_3875/myproject_axi_mul_mul_6s_16s_22_1_1_U213/myproject_axi_mul_mul_6s_16s_22_1_1_DSP48_1_U/p/P[47:0] is not pipelined (MREG=0). Pipelining the multiplier function will improve performance and will save significant power so it is suggested whenever possible to fully pipeline this function.  If this multiplier was inferred, it is suggested to describe an additional register stage after this function.  If there is no registered adder/accumulator following the multiply function, two pipeline stages are suggested to allow both the MREG and PREG registers to be used.  If the DSP48 was instantiated in the design, it is suggested to set both the MREG and PREG attributes to 1 when performing multiply functions.
Related violations: <none>

DPOP-4#10 Warning
MREG Output pipelining  
DSP design_1_i/loosely_coupled_accelerator/myproject_axi_0/inst/myproject_U0/dense_array_ap_fixed_4u_array_ap_fixed_16_6_5_3_0_13u_config11_U0/grp_dense_wrapper_ap_fixed_16_6_5_3_0_ap_fixed_16_6_5_3_0_config11_s_fu_3875/myproject_axi_mul_mul_6s_16s_22_1_1_U214/myproject_axi_mul_mul_6s_16s_22_1_1_DSP48_1_U/p multiplier stage design_1_i/loosely_coupled_accelerator/myproject_axi_0/inst/myproject_U0/dense_array_ap_fixed_4u_array_ap_fixed_16_6_5_3_0_13u_config11_U0/grp_dense_wrapper_ap_fixed_16_6_5_3_0_ap_fixed_16_6_5_3_0_config11_s_fu_3875/myproject_axi_mul_mul_6s_16s_22_1_1_U214/myproject_axi_mul_mul_6s_16s_22_1_1_DSP48_1_U/p/P[47:0] is not pipelined (MREG=0). Pipelining the multiplier function will improve performance and will save significant power so it is suggested whenever possible to fully pipeline this function.  If this multiplier was inferred, it is suggested to describe an additional register stage after this function.  If there is no registered adder/accumulator following the multiply function, two pipeline stages are suggested to allow both the MREG and PREG registers to be used.  If the DSP48 was instantiated in the design, it is suggested to set both the MREG and PREG attributes to 1 when performing multiply functions.
Related violations: <none>

DPOP-4#11 Warning
MREG Output pipelining  
DSP design_1_i/loosely_coupled_accelerator/myproject_axi_0/inst/myproject_U0/dense_array_ap_fixed_4u_array_ap_fixed_16_6_5_3_0_13u_config11_U0/grp_dense_wrapper_ap_fixed_16_6_5_3_0_ap_fixed_16_6_5_3_0_config11_s_fu_3875/myproject_axi_mul_mul_6s_16s_22_1_1_U215/myproject_axi_mul_mul_6s_16s_22_1_1_DSP48_1_U/p multiplier stage design_1_i/loosely_coupled_accelerator/myproject_axi_0/inst/myproject_U0/dense_array_ap_fixed_4u_array_ap_fixed_16_6_5_3_0_13u_config11_U0/grp_dense_wrapper_ap_fixed_16_6_5_3_0_ap_fixed_16_6_5_3_0_config11_s_fu_3875/myproject_axi_mul_mul_6s_16s_22_1_1_U215/myproject_axi_mul_mul_6s_16s_22_1_1_DSP48_1_U/p/P[47:0] is not pipelined (MREG=0). Pipelining the multiplier function will improve performance and will save significant power so it is suggested whenever possible to fully pipeline this function.  If this multiplier was inferred, it is suggested to describe an additional register stage after this function.  If there is no registered adder/accumulator following the multiply function, two pipeline stages are suggested to allow both the MREG and PREG registers to be used.  If the DSP48 was instantiated in the design, it is suggested to set both the MREG and PREG attributes to 1 when performing multiply functions.
Related violations: <none>

DPOP-4#12 Warning
MREG Output pipelining  
DSP design_1_i/loosely_coupled_accelerator/myproject_axi_0/inst/myproject_U0/dense_array_ap_fixed_4u_array_ap_fixed_16_6_5_3_0_13u_config11_U0/grp_dense_wrapper_ap_fixed_16_6_5_3_0_ap_fixed_16_6_5_3_0_config11_s_fu_3875/myproject_axi_mul_mul_6s_16s_22_1_1_U216/myproject_axi_mul_mul_6s_16s_22_1_1_DSP48_1_U/p multiplier stage design_1_i/loosely_coupled_accelerator/myproject_axi_0/inst/myproject_U0/dense_array_ap_fixed_4u_array_ap_fixed_16_6_5_3_0_13u_config11_U0/grp_dense_wrapper_ap_fixed_16_6_5_3_0_ap_fixed_16_6_5_3_0_config11_s_fu_3875/myproject_axi_mul_mul_6s_16s_22_1_1_U216/myproject_axi_mul_mul_6s_16s_22_1_1_DSP48_1_U/p/P[47:0] is not pipelined (MREG=0). Pipelining the multiplier function will improve performance and will save significant power so it is suggested whenever possible to fully pipeline this function.  If this multiplier was inferred, it is suggested to describe an additional register stage after this function.  If there is no registered adder/accumulator following the multiply function, two pipeline stages are suggested to allow both the MREG and PREG registers to be used.  If the DSP48 was instantiated in the design, it is suggested to set both the MREG and PREG attributes to 1 when performing multiply functions.
Related violations: <none>

DPOP-4#13 Warning
MREG Output pipelining  
DSP design_1_i/loosely_coupled_accelerator/myproject_axi_0/inst/myproject_U0/softmax_array_array_ap_fixed_16_6_5_3_0_13u_softmax_config12_U0/grp_softmax_stable_array_array_ap_fixed_16_6_5_3_0_13u_softmax_config12_s_fu_380/grp_fu_699_p2 multiplier stage design_1_i/loosely_coupled_accelerator/myproject_axi_0/inst/myproject_U0/softmax_array_array_ap_fixed_16_6_5_3_0_13u_softmax_config12_U0/grp_softmax_stable_array_array_ap_fixed_16_6_5_3_0_13u_softmax_config12_s_fu_380/grp_fu_699_p2/P[47:0] is not pipelined (MREG=0). Pipelining the multiplier function will improve performance and will save significant power so it is suggested whenever possible to fully pipeline this function.  If this multiplier was inferred, it is suggested to describe an additional register stage after this function.  If there is no registered adder/accumulator following the multiply function, two pipeline stages are suggested to allow both the MREG and PREG registers to be used.  If the DSP48 was instantiated in the design, it is suggested to set both the MREG and PREG attributes to 1 when performing multiply functions.
Related violations: <none>

PDCN-1569#1 Warning
LUT equation term check  
Used physical LUT pin 'A2' of cell design_1_i/ps8_0_axi_periph/s00_couplers/auto_ds/inst/gen_downsizer.gen_simple_downsizer.axi_downsizer_inst/USE_WRITE.write_addr_inst/USE_B_CHANNEL.cmd_b_queue/inst/fifo_gen_inst/inst_fifo_gen/gconvfifo.rf/grf.rf/gntv_or_sync_fifo.gl0.rd/gr1.gr1_int.rfwft/gpregsm1.user_valid_i_1 (pin design_1_i/ps8_0_axi_periph/s00_couplers/auto_ds/inst/gen_downsizer.gen_simple_downsizer.axi_downsizer_inst/USE_WRITE.write_addr_inst/USE_B_CHANNEL.cmd_b_queue/inst/fifo_gen_inst/inst_fifo_gen/gconvfifo.rf/grf.rf/gntv_or_sync_fifo.gl0.rd/gr1.gr1_int.rfwft/gpregsm1.user_valid_i_1/I1) is not included in the LUT equation: 'O5=(A5)+((~A5)*(~A3)*A4)'. If this cell is a user instantiated LUT in the design, please remove connectivity to the pin or change the equation and/or INIT string of the LUT to prevent this issue. If the cell is inferred or IP created LUT, please regenerate the IP and/or resynthesize the design to attempt to correct the issue.
Related violations: <none>

PDCN-1569#2 Warning
LUT equation term check  
Used physical LUT pin 'A3' of cell design_1_i/ps8_0_axi_periph/s00_couplers/auto_ds/inst/gen_downsizer.gen_simple_downsizer.axi_downsizer_inst/USE_WRITE.write_addr_inst/cmd_queue/inst/fifo_gen_inst/inst_fifo_gen/gconvfifo.rf/grf.rf/gntv_or_sync_fifo.gl0.rd/gr1.gr1_int.rfwft/gpregsm1.user_valid_i_1 (pin design_1_i/ps8_0_axi_periph/s00_couplers/auto_ds/inst/gen_downsizer.gen_simple_downsizer.axi_downsizer_inst/USE_WRITE.write_addr_inst/cmd_queue/inst/fifo_gen_inst/inst_fifo_gen/gconvfifo.rf/grf.rf/gntv_or_sync_fifo.gl0.rd/gr1.gr1_int.rfwft/gpregsm1.user_valid_i_1/I1) is not included in the LUT equation: 'O5=(A2)+((~A2)*(~A5)*A4)'. If this cell is a user instantiated LUT in the design, please remove connectivity to the pin or change the equation and/or INIT string of the LUT to prevent this issue. If the cell is inferred or IP created LUT, please regenerate the IP and/or resynthesize the design to attempt to correct the issue.
Related violations: <none>

PDCN-1569#3 Warning
LUT equation term check  
Used physical LUT pin 'A4' of cell design_1_i/ps8_0_axi_periph/s00_couplers/auto_ds/inst/gen_downsizer.gen_simple_downsizer.axi_downsizer_inst/USE_READ.read_addr_inst/cmd_queue/inst/fifo_gen_inst/inst_fifo_gen/gconvfifo.rf/grf.rf/gntv_or_sync_fifo.gl0.rd/gr1.gr1_int.rfwft/gpregsm1.user_valid_i_1 (pin design_1_i/ps8_0_axi_periph/s00_couplers/auto_ds/inst/gen_downsizer.gen_simple_downsizer.axi_downsizer_inst/USE_READ.read_addr_inst/cmd_queue/inst/fifo_gen_inst/inst_fifo_gen/gconvfifo.rf/grf.rf/gntv_or_sync_fifo.gl0.rd/gr1.gr1_int.rfwft/gpregsm1.user_valid_i_1/I1) is not included in the LUT equation: 'O5=(A3)+((~A3)*(~A5)*A1)'. If this cell is a user instantiated LUT in the design, please remove connectivity to the pin or change the equation and/or INIT string of the LUT to prevent this issue. If the cell is inferred or IP created LUT, please regenerate the IP and/or resynthesize the design to attempt to correct the issue.
Related violations: <none>

REQP-1935#1 Warning
RAMB36E2_nochange_collision_advisory  
Synchronous clocking is detected for BRAM (design_1_i/loosely_coupled_accelerator/axi_dma_0/U0/I_PRMRY_DATAMOVER/GEN_MM2S_FULL.I_MM2S_FULL_WRAPPER/GEN_INCLUDE_MM2S_SF.I_RD_SF/I_DATA_FIFO/BLK_MEM.I_SYNC_FIFOGEN_FIFO/xpm_fifo_instance.xpm_fifo_sync_inst/xpm_fifo_base_inst/gen_sdpram.xpm_memory_base_inst/gen_wr_a.gen_word_narrow.mem_reg) in SDP mode with NO_CHANGE write-mode. This is the preferred mode for best power characteristics. However, NO_CHANGE may exhibit address collisions if the same address appears on both read and write ports resulting in unknown or corrupted read data. It is suggested to confirm via simulation that an address collision never occurs and if so it is suggested to try and avoid this situation. If address collisions cannot be avoided, the write-mode may be set to READ_FIRST which guarantees that the read data is the prior contents of the memory at the cost of additional power in the design. See the FPGA Memory Resources User Guide for additional information.
Related violations: <none>

REQP-1935#2 Warning
RAMB36E2_nochange_collision_advisory  
Synchronous clocking is detected for BRAM (design_1_i/loosely_coupled_accelerator/axi_dma_0/U0/I_PRMRY_DATAMOVER/GEN_S2MM_FULL.I_S2MM_FULL_WRAPPER/GEN_ENABLE_INDET_BTT_SF.I_INDET_BTT/I_DATA_FIFO/BLK_MEM.I_SYNC_FIFOGEN_FIFO/xpm_fifo_instance.xpm_fifo_sync_inst/xpm_fifo_base_inst/gen_sdpram.xpm_memory_base_inst/gen_wr_a.gen_word_narrow.mem_reg) in SDP mode with NO_CHANGE write-mode. This is the preferred mode for best power characteristics. However, NO_CHANGE may exhibit address collisions if the same address appears on both read and write ports resulting in unknown or corrupted read data. It is suggested to confirm via simulation that an address collision never occurs and if so it is suggested to try and avoid this situation. If address collisions cannot be avoided, the write-mode may be set to READ_FIRST which guarantees that the read data is the prior contents of the memory at the cost of additional power in the design. See the FPGA Memory Resources User Guide for additional information.
Related violations: <none>

RTSTAT-10#1 Warning
No routable loads  
33 net(s) have no routable loads. The problem bus(es) and/or net(s) are design_1_i/ps8_0_axi_periph/s00_couplers/auto_ds/inst/gen_downsizer.gen_simple_downsizer.axi_downsizer_inst/USE_READ.read_addr_inst/cmd_queue/inst/fifo_gen_inst/inst_fifo_gen/gconvfifo.rf/grf.rf/gntv_or_sync_fifo.gl0.rd/gr1.gr1_int.rfwft/aempty_fwft_i,
design_1_i/ps8_0_axi_periph/s00_couplers/auto_ds/inst/gen_downsizer.gen_simple_downsizer.axi_downsizer_inst/USE_READ.read_addr_inst/cmd_queue/inst/fifo_gen_inst/inst_fifo_gen/gconvfifo.rf/grf.rf/gntv_or_sync_fifo.gl0.wr/gwss.wsts/ram_afull_fb,
design_1_i/ps8_0_axi_periph/s00_couplers/auto_ds/inst/gen_downsizer.gen_simple_downsizer.axi_downsizer_inst/USE_READ.read_addr_inst/cmd_queue/inst/fifo_gen_inst/inst_fifo_gen/gconvfifo.rf/grf.rf/gntv_or_sync_fifo.gl0.wr/gwss.wsts/ram_afull_i,
design_1_i/ps8_0_axi_periph/s00_couplers/auto_ds/inst/gen_downsizer.gen_simple_downsizer.axi_downsizer_inst/USE_READ.read_addr_inst/cmd_queue/inst/fifo_gen_inst/inst_fifo_gen/gconvfifo.rf/grf.rf/rstblk/ngwrdrst.grst.rd_rst_reg[2:0],
design_1_i/ps8_0_axi_periph/s00_couplers/auto_ds/inst/gen_downsizer.gen_simple_downsizer.axi_downsizer_inst/USE_READ.read_addr_inst/cmd_queue/inst/fifo_gen_inst/inst_fifo_gen/gconvfifo.rf/grf.rf/rstblk/ngwrdrst.grst.wr_rst_reg[2:0],
design_1_i/ps8_0_axi_periph/s00_couplers/auto_ds/inst/gen_downsizer.gen_simple_downsizer.axi_downsizer_inst/USE_WRITE.write_addr_inst/USE_B_CHANNEL.cmd_b_queue/inst/fifo_gen_inst/inst_fifo_gen/gconvfifo.rf/grf.rf/gntv_or_sync_fifo.gl0.rd/gr1.gr1_int.rfwft/aempty_fwft_i,
design_1_i/ps8_0_axi_periph/s00_couplers/auto_ds/inst/gen_downsizer.gen_simple_downsizer.axi_downsizer_inst/USE_WRITE.write_addr_inst/USE_B_CHANNEL.cmd_b_queue/inst/fifo_gen_inst/inst_fifo_gen/gconvfifo.rf/grf.rf/gntv_or_sync_fifo.gl0.wr/gwss.wsts/ram_afull_fb,
design_1_i/ps8_0_axi_periph/s00_couplers/auto_ds/inst/gen_downsizer.gen_simple_downsizer.axi_downsizer_inst/USE_WRITE.write_addr_inst/USE_B_CHANNEL.cmd_b_queue/inst/fifo_gen_inst/inst_fifo_gen/gconvfifo.rf/grf.rf/gntv_or_sync_fifo.gl0.wr/gwss.wsts/ram_afull_i,
design_1_i/ps8_0_axi_periph/s00_couplers/auto_ds/inst/gen_downsizer.gen_simple_downsizer.axi_downsizer_inst/USE_WRITE.write_addr_inst/USE_B_CHANNEL.cmd_b_queue/inst/fifo_gen_inst/inst_fifo_gen/gconvfifo.rf/grf.rf/rstblk/ngwrdrst.grst.rd_rst_reg[2:0],
design_1_i/ps8_0_axi_periph/s00_couplers/auto_ds/inst/gen_downsizer.gen_simple_downsizer.axi_downsizer_inst/USE_WRITE.write_addr_inst/USE_B_CHANNEL.cmd_b_queue/inst/fifo_gen_inst/inst_fifo_gen/gconvfifo.rf/grf.rf/rstblk/ngwrdrst.grst.wr_rst_reg[2:0],
design_1_i/ps8_0_axi_periph/s00_couplers/auto_ds/inst/gen_downsizer.gen_simple_downsizer.axi_downsizer_inst/USE_WRITE.write_addr_inst/cmd_queue/inst/fifo_gen_inst/inst_fifo_gen/gconvfifo.rf/grf.rf/gntv_or_sync_fifo.gl0.rd/gr1.gr1_int.rfwft/aempty_fwft_i,
design_1_i/ps8_0_axi_periph/s00_couplers/auto_ds/inst/gen_downsizer.gen_simple_downsizer.axi_downsizer_inst/USE_WRITE.write_addr_inst/cmd_queue/inst/fifo_gen_inst/inst_fifo_gen/gconvfifo.rf/grf.rf/gntv_or_sync_fifo.gl0.wr/gwss.wsts/ram_afull_fb,
design_1_i/ps8_0_axi_periph/s00_couplers/auto_ds/inst/gen_downsizer.gen_simple_downsizer.axi_downsizer_inst/USE_WRITE.write_addr_inst/cmd_queue/inst/fifo_gen_inst/inst_fifo_gen/gconvfifo.rf/grf.rf/gntv_or_sync_fifo.gl0.wr/gwss.wsts/ram_afull_i,
design_1_i/ps8_0_axi_periph/s00_couplers/auto_ds/inst/gen_downsizer.gen_simple_downsizer.axi_downsizer_inst/USE_WRITE.write_addr_inst/cmd_queue/inst/fifo_gen_inst/inst_fifo_gen/gconvfifo.rf/grf.rf/rstblk/ngwrdrst.grst.rd_rst_reg[2:0],
design_1_i/ps8_0_axi_periph/s00_couplers/auto_ds/inst/gen_downsizer.gen_simple_downsizer.axi_downsizer_inst/USE_WRITE.write_addr_inst/cmd_queue/inst/fifo_gen_inst/inst_fifo_gen/gconvfifo.rf/grf.rf/rstblk/ngwrdrst.grst.wr_rst_reg[2:0]
 (the first 15 of 21 listed nets/buses).
Related violations: <none>


