3.435053825378418 2.919487476348877
2.6110925674438477 2.335643768310547
2.162523031234741 2.106861114501953
1.964073657989502 1.8669641017913818
1.6890925168991089 1.708027958869934
1.516400933265686 1.5680700540542603
1.3826451301574707 1.5869308710098267
1.2648900747299194 1.4720773696899414
1.1791688203811646 1.4078394174575806
1.1064056158065796 1.3696260452270508
1.0416802167892456 1.3128877878189087
0.9897378087043762 1.278860330581665
0.9407848119735718 1.2413842678070068
0.9003626704216003 1.253888487815857
0.8654415011405945 1.2301403284072876
0.8393372893333435 1.2016396522521973
0.8295135498046875 1.1962112188339233
0.7960869073867798 1.2246510982513428
0.7675421237945557 1.177353858947754
0.7288978099822998 1.1923600435256958
0.7222121953964233 1.1708896160125732
0.6931200623512268 1.156157374382019
0.6728286743164062 1.123626947402954
0.6644272208213806 1.1434637308120728
0.6400592923164368 1.1281242370605469
0.6168078780174255 1.1412683725357056
0.6105062961578369 1.2013988494873047
0.6014478206634521 1.1194926500320435
0.5997284650802612 1.1571322679519653
0.5726785659790039 1.152461290359497
0.5822508931159973 1.1237807273864746
0.5752748847007751 1.1518224477767944
0.5637682676315308 1.1767700910568237
0.5529057383537292 1.1447499990463257
0.5491389632225037 1.1047507524490356
0.5407711863517761 1.1538987159729004
0.5246819853782654 1.1190694570541382
0.514245867729187 1.1049416065216064
0.5056185722351074 1.1153253316879272
0.5121891498565674 1.2597367763519287
0.4993100166320801 1.122462272644043
0.4973289370536804 1.0873476266860962
0.494472473859787 1.1651290655136108
0.47901442646980286 1.113792061805725
0.4748757481575012 1.1094024181365967
0.4787525236606598 1.1379141807556152
0.4748309850692749 1.1230475902557373
0.4705069363117218 1.1244734525680542
0.4611353278160095 1.11776602268219
0.4597574770450592 1.1265631914138794
