

================================================================
== Vivado HLS Report for 'compute_output_buffer_2d_array_array_ap_fixed_16_6_5_3_0_24u_config10_s'
================================================================
* Date:           Wed Apr  3 21:47:33 2024

* Version:        2019.2 (Build 2704478 on Wed Nov 06 22:10:23 MST 2019)
* Project:        myproject_prj
* Solution:       solution1
* Product family: zynq
* Target device:  xc7z020-clg400-1


================================================================
== Performance Estimates
================================================================
+ Timing: 
    * Summary: 
    +--------+---------+----------+------------+
    |  Clock |  Target | Estimated| Uncertainty|
    +--------+---------+----------+------------+
    |ap_clk  | 5.00 ns | 4.429 ns |   0.62 ns  |
    +--------+---------+----------+------------+

+ Latency: 
    * Summary: 
    +---------+---------+-----------+-----------+-----+-----+----------+
    |  Latency (cycles) |   Latency (absolute)  |  Interval | Pipeline |
    |   min   |   max   |    min    |    max    | min | max |   Type   |
    +---------+---------+-----------+-----------+-----+-----+----------+
    |        9|        9| 45.000 ns | 45.000 ns |   10|   10| function |
    +---------+---------+-----------+-----------+-----+-----+----------+

    + Detail: 
        * Instance: 
        +-----------------------------------------------------------------------------+-----------------------------------------------------------------+---------+---------+-----------+-----------+-----+-----+----------+
        |                                                                             |                                                                 |  Latency (cycles) |   Latency (absolute)  |  Interval | Pipeline |
        |                                   Instance                                  |                              Module                             |   min   |   max   |    min    |    max    | min | max |   Type   |
        +-----------------------------------------------------------------------------+-----------------------------------------------------------------+---------+---------+-----------+-----------+-----+-----+----------+
        |grp_dense_latency_0_0_0_0_0_0_0_0_0_0_0_0_0_0_0_0_0_0_0_0_0_0_0_0_0_fu_557   |dense_latency_0_0_0_0_0_0_0_0_0_0_0_0_0_0_0_0_0_0_0_0_0_0_0_0_0  |        7|        7| 35.000 ns | 35.000 ns |    8|    8| function |
        |call_ret2_shift_line_buffer_array_ap_fixed_16_6_5_3_0_16u_config10_s_fu_705  |shift_line_buffer_array_ap_fixed_16_6_5_3_0_16u_config10_s       |        0|        0|    0 ns   |    0 ns   |    1|    1| function |
        +-----------------------------------------------------------------------------+-----------------------------------------------------------------+---------+---------+-----------+-----------+-----+-----+----------+

        * Loop: 
        N/A



================================================================
== Utilization Estimates
================================================================
* Summary: 
+-----------------+---------+-------+--------+-------+-----+
|       Name      | BRAM_18K| DSP48E|   FF   |  LUT  | URAM|
+-----------------+---------+-------+--------+-------+-----+
|DSP              |        -|      -|       -|      -|    -|
|Expression       |        -|      -|       0|    348|    -|
|FIFO             |        -|      -|       -|      -|    -|
|Instance         |        0|     12|   26419|  42177|    -|
|Memory           |        -|      -|       -|      -|    -|
|Multiplexer      |        -|      -|       -|    302|    -|
|Register         |        -|      -|    4462|      -|    -|
+-----------------+---------+-------+--------+-------+-----+
|Total            |        0|     12|   30881|  42827|    0|
+-----------------+---------+-------+--------+-------+-----+
|Available        |      280|    220|  106400|  53200|    0|
+-----------------+---------+-------+--------+-------+-----+
|Utilization (%)  |        0|      5|      29|     80|    0|
+-----------------+---------+-------+--------+-------+-----+

+ Detail: 
    * Instance: 
    +-----------------------------------------------------------------------------+-----------------------------------------------------------------+---------+-------+-------+-------+-----+
    |                                   Instance                                  |                              Module                             | BRAM_18K| DSP48E|   FF  |  LUT  | URAM|
    +-----------------------------------------------------------------------------+-----------------------------------------------------------------+---------+-------+-------+-------+-----+
    |grp_dense_latency_0_0_0_0_0_0_0_0_0_0_0_0_0_0_0_0_0_0_0_0_0_0_0_0_0_fu_557   |dense_latency_0_0_0_0_0_0_0_0_0_0_0_0_0_0_0_0_0_0_0_0_0_0_0_0_0  |        0|     12|  24370|  41153|    0|
    |call_ret2_shift_line_buffer_array_ap_fixed_16_6_5_3_0_16u_config10_s_fu_705  |shift_line_buffer_array_ap_fixed_16_6_5_3_0_16u_config10_s       |        0|      0|   2049|   1024|    0|
    +-----------------------------------------------------------------------------+-----------------------------------------------------------------+---------+-------+-------+-------+-----+
    |Total                                                                        |                                                                 |        0|     12|  26419|  42177|    0|
    +-----------------------------------------------------------------------------+-----------------------------------------------------------------+---------+-------+-------+-------+-----+

    * DSP48E: 
    N/A

    * Memory: 
    N/A

    * FIFO: 
    N/A

    * Expression: 
    +---------------------------+----------+-------+---+----+------------+------------+
    |       Variable Name       | Operation| DSP48E| FF| LUT| Bitwidth P0| Bitwidth P1|
    +---------------------------+----------+-------+---+----+------------+------------+
    |add_ln321_fu_2661_p2       |     +    |      0|  0|  39|          32|           1|
    |add_ln323_fu_2673_p2       |     +    |      0|  0|  39|          32|           1|
    |add_ln326_fu_2617_p2       |     +    |      0|  0|  39|          32|           1|
    |add_ln328_fu_2629_p2       |     +    |      0|  0|  39|          32|           1|
    |and_ln289_1_fu_2599_p2     |    and   |      0|  0|   2|           1|           1|
    |and_ln289_2_fu_2605_p2     |    and   |      0|  0|   2|           1|           1|
    |and_ln289_fu_2593_p2       |    and   |      0|  0|   2|           1|           1|
    |ap_block_state10           |    and   |      0|  0|   2|           1|           1|
    |ap_condition_22956         |    and   |      0|  0|   2|           1|           1|
    |ap_condition_22957         |    and   |      0|  0|   2|           1|           1|
    |ap_condition_22961         |    and   |      0|  0|   2|           1|           1|
    |ap_condition_22967         |    and   |      0|  0|   2|           1|           1|
    |ap_condition_284           |    and   |      0|  0|   2|           1|           1|
    |io_acc_block_signal_op454  |    and   |      0|  0|   2|           1|           1|
    |icmp_ln289_1_fu_2547_p2    |   icmp   |      0|  0|  18|          32|           2|
    |icmp_ln289_2_fu_2567_p2    |   icmp   |      0|  0|  18|          31|           1|
    |icmp_ln289_3_fu_2587_p2    |   icmp   |      0|  0|  18|          31|           1|
    |icmp_ln289_fu_2537_p2      |   icmp   |      0|  0|  18|          32|           2|
    |icmp_ln313_fu_2611_p2      |   icmp   |      0|  0|  18|          32|           3|
    |icmp_ln317_fu_2655_p2      |   icmp   |      0|  0|  18|          32|           3|
    |select_ln323_fu_2679_p3    |  select  |      0|  0|  32|           1|           2|
    |select_ln328_fu_2635_p3    |  select  |      0|  0|  32|           1|           2|
    +---------------------------+----------+-------+---+----+------------+------------+
    |Total                      |          |      0|  0| 348|         330|          30|
    +---------------------------+----------+-------+---+----+------------+------------+

    * Multiplexer: 
    +------------------------------+----+-----------+-----+-----------+
    |             Name             | LUT| Input Size| Bits| Total Bits|
    +------------------------------+----+-----------+-----+-----------+
    |ap_NS_fsm                     |  50|         11|    1|         11|
    |pX_4                          |   9|          2|   32|         64|
    |pY_4                          |   9|          2|   32|         64|
    |res_stream_V_data_0_V_blk_n   |   9|          2|    1|          2|
    |res_stream_V_data_10_V_blk_n  |   9|          2|    1|          2|
    |res_stream_V_data_11_V_blk_n  |   9|          2|    1|          2|
    |res_stream_V_data_12_V_blk_n  |   9|          2|    1|          2|
    |res_stream_V_data_13_V_blk_n  |   9|          2|    1|          2|
    |res_stream_V_data_14_V_blk_n  |   9|          2|    1|          2|
    |res_stream_V_data_15_V_blk_n  |   9|          2|    1|          2|
    |res_stream_V_data_16_V_blk_n  |   9|          2|    1|          2|
    |res_stream_V_data_17_V_blk_n  |   9|          2|    1|          2|
    |res_stream_V_data_18_V_blk_n  |   9|          2|    1|          2|
    |res_stream_V_data_19_V_blk_n  |   9|          2|    1|          2|
    |res_stream_V_data_1_V_blk_n   |   9|          2|    1|          2|
    |res_stream_V_data_20_V_blk_n  |   9|          2|    1|          2|
    |res_stream_V_data_21_V_blk_n  |   9|          2|    1|          2|
    |res_stream_V_data_22_V_blk_n  |   9|          2|    1|          2|
    |res_stream_V_data_23_V_blk_n  |   9|          2|    1|          2|
    |res_stream_V_data_2_V_blk_n   |   9|          2|    1|          2|
    |res_stream_V_data_3_V_blk_n   |   9|          2|    1|          2|
    |res_stream_V_data_4_V_blk_n   |   9|          2|    1|          2|
    |res_stream_V_data_5_V_blk_n   |   9|          2|    1|          2|
    |res_stream_V_data_6_V_blk_n   |   9|          2|    1|          2|
    |res_stream_V_data_7_V_blk_n   |   9|          2|    1|          2|
    |res_stream_V_data_8_V_blk_n   |   9|          2|    1|          2|
    |res_stream_V_data_9_V_blk_n   |   9|          2|    1|          2|
    |sX_4                          |   9|          2|   32|         64|
    |storemerge_reg_546            |   9|          2|   32|         64|
    +------------------------------+----+-----------+-----+-----------+
    |Total                         | 302|         67|  153|        315|
    +------------------------------+----+-----------+-----+-----------+

    * Register: 
    +-----------------------------------------------------------------------------------------+----+----+-----+-----------+
    |                                           Name                                          | FF | LUT| Bits| Const Bits|
    +-----------------------------------------------------------------------------------------+----+----+-----+-----------+
    |and_ln289_2_reg_3520                                                                     |   1|   0|    1|          0|
    |ap_CS_fsm                                                                                |  10|   0|   10|          0|
    |grp_dense_latency_0_0_0_0_0_0_0_0_0_0_0_0_0_0_0_0_0_0_0_0_0_0_0_0_0_fu_557_ap_start_reg  |   1|   0|    1|          0|
    |icmp_ln313_reg_3524                                                                      |   1|   0|    1|          0|
    |icmp_ln317_reg_3533                                                                      |   1|   0|    1|          0|
    |kernel_data_V_1_0_ret_reg_3035                                                           |  16|   0|   16|          0|
    |kernel_data_V_1_100_ret_reg_2855                                                         |  16|   0|   16|          0|
    |kernel_data_V_1_101_ret_reg_2850                                                         |  16|   0|   16|          0|
    |kernel_data_V_1_102_ret_reg_2845                                                         |  16|   0|   16|          0|
    |kernel_data_V_1_103_ret_reg_2840                                                         |  16|   0|   16|          0|
    |kernel_data_V_1_104_ret_reg_2835                                                         |  16|   0|   16|          0|
    |kernel_data_V_1_105_ret_reg_2830                                                         |  16|   0|   16|          0|
    |kernel_data_V_1_106_ret_reg_2825                                                         |  16|   0|   16|          0|
    |kernel_data_V_1_107_ret_reg_2820                                                         |  16|   0|   16|          0|
    |kernel_data_V_1_108_ret_reg_2815                                                         |  16|   0|   16|          0|
    |kernel_data_V_1_109_ret_reg_2810                                                         |  16|   0|   16|          0|
    |kernel_data_V_1_10_ret_reg_2985                                                          |  16|   0|   16|          0|
    |kernel_data_V_1_110_ret_reg_2805                                                         |  16|   0|   16|          0|
    |kernel_data_V_1_111_ret_reg_2800                                                         |  16|   0|   16|          0|
    |kernel_data_V_1_112                                                                      |  16|   0|   16|          0|
    |kernel_data_V_1_112_ret_reg_3360                                                         |  16|   0|   16|          0|
    |kernel_data_V_1_113                                                                      |  16|   0|   16|          0|
    |kernel_data_V_1_113_ret_reg_3365                                                         |  16|   0|   16|          0|
    |kernel_data_V_1_114                                                                      |  16|   0|   16|          0|
    |kernel_data_V_1_114_ret_reg_3370                                                         |  16|   0|   16|          0|
    |kernel_data_V_1_115                                                                      |  16|   0|   16|          0|
    |kernel_data_V_1_115_ret_reg_3375                                                         |  16|   0|   16|          0|
    |kernel_data_V_1_116                                                                      |  16|   0|   16|          0|
    |kernel_data_V_1_116_ret_reg_3380                                                         |  16|   0|   16|          0|
    |kernel_data_V_1_117                                                                      |  16|   0|   16|          0|
    |kernel_data_V_1_117_ret_reg_3385                                                         |  16|   0|   16|          0|
    |kernel_data_V_1_118                                                                      |  16|   0|   16|          0|
    |kernel_data_V_1_118_ret_reg_3390                                                         |  16|   0|   16|          0|
    |kernel_data_V_1_119                                                                      |  16|   0|   16|          0|
    |kernel_data_V_1_119_ret_reg_3395                                                         |  16|   0|   16|          0|
    |kernel_data_V_1_11_ret_reg_2980                                                          |  16|   0|   16|          0|
    |kernel_data_V_1_120                                                                      |  16|   0|   16|          0|
    |kernel_data_V_1_120_ret_reg_3400                                                         |  16|   0|   16|          0|
    |kernel_data_V_1_121                                                                      |  16|   0|   16|          0|
    |kernel_data_V_1_121_ret_reg_3405                                                         |  16|   0|   16|          0|
    |kernel_data_V_1_122                                                                      |  16|   0|   16|          0|
    |kernel_data_V_1_122_ret_reg_3410                                                         |  16|   0|   16|          0|
    |kernel_data_V_1_123                                                                      |  16|   0|   16|          0|
    |kernel_data_V_1_123_ret_reg_3415                                                         |  16|   0|   16|          0|
    |kernel_data_V_1_124                                                                      |  16|   0|   16|          0|
    |kernel_data_V_1_124_ret_reg_3420                                                         |  16|   0|   16|          0|
    |kernel_data_V_1_125                                                                      |  16|   0|   16|          0|
    |kernel_data_V_1_125_ret_reg_3425                                                         |  16|   0|   16|          0|
    |kernel_data_V_1_126                                                                      |  16|   0|   16|          0|
    |kernel_data_V_1_126_ret_reg_3430                                                         |  16|   0|   16|          0|
    |kernel_data_V_1_127                                                                      |  16|   0|   16|          0|
    |kernel_data_V_1_127_ret_reg_3435                                                         |  16|   0|   16|          0|
    |kernel_data_V_1_128                                                                      |  16|   0|   16|          0|
    |kernel_data_V_1_128_ret_reg_3440                                                         |  16|   0|   16|          0|
    |kernel_data_V_1_129                                                                      |  16|   0|   16|          0|
    |kernel_data_V_1_129_ret_reg_3445                                                         |  16|   0|   16|          0|
    |kernel_data_V_1_12_ret_reg_2975                                                          |  16|   0|   16|          0|
    |kernel_data_V_1_130                                                                      |  16|   0|   16|          0|
    |kernel_data_V_1_130_ret_reg_3450                                                         |  16|   0|   16|          0|
    |kernel_data_V_1_131                                                                      |  16|   0|   16|          0|
    |kernel_data_V_1_131_ret_reg_3455                                                         |  16|   0|   16|          0|
    |kernel_data_V_1_132                                                                      |  16|   0|   16|          0|
    |kernel_data_V_1_132_ret_reg_3460                                                         |  16|   0|   16|          0|
    |kernel_data_V_1_133                                                                      |  16|   0|   16|          0|
    |kernel_data_V_1_133_ret_reg_3465                                                         |  16|   0|   16|          0|
    |kernel_data_V_1_134                                                                      |  16|   0|   16|          0|
    |kernel_data_V_1_134_ret_reg_3470                                                         |  16|   0|   16|          0|
    |kernel_data_V_1_135                                                                      |  16|   0|   16|          0|
    |kernel_data_V_1_135_ret_reg_3475                                                         |  16|   0|   16|          0|
    |kernel_data_V_1_136                                                                      |  16|   0|   16|          0|
    |kernel_data_V_1_136_ret_reg_3480                                                         |  16|   0|   16|          0|
    |kernel_data_V_1_137                                                                      |  16|   0|   16|          0|
    |kernel_data_V_1_137_ret_reg_3485                                                         |  16|   0|   16|          0|
    |kernel_data_V_1_138                                                                      |  16|   0|   16|          0|
    |kernel_data_V_1_138_ret_reg_3490                                                         |  16|   0|   16|          0|
    |kernel_data_V_1_139                                                                      |  16|   0|   16|          0|
    |kernel_data_V_1_139_ret_reg_3495                                                         |  16|   0|   16|          0|
    |kernel_data_V_1_13_ret_reg_2970                                                          |  16|   0|   16|          0|
    |kernel_data_V_1_140                                                                      |  16|   0|   16|          0|
    |kernel_data_V_1_140_ret_reg_3500                                                         |  16|   0|   16|          0|
    |kernel_data_V_1_141                                                                      |  16|   0|   16|          0|
    |kernel_data_V_1_141_ret_reg_3505                                                         |  16|   0|   16|          0|
    |kernel_data_V_1_142                                                                      |  16|   0|   16|          0|
    |kernel_data_V_1_142_ret_reg_3510                                                         |  16|   0|   16|          0|
    |kernel_data_V_1_143                                                                      |  16|   0|   16|          0|
    |kernel_data_V_1_143_ret_reg_3515                                                         |  16|   0|   16|          0|
    |kernel_data_V_1_14_ret_reg_2965                                                          |  16|   0|   16|          0|
    |kernel_data_V_1_15_ret_reg_2960                                                          |  16|   0|   16|          0|
    |kernel_data_V_1_16                                                                       |  16|   0|   16|          0|
    |kernel_data_V_1_16_ret_reg_3040                                                          |  16|   0|   16|          0|
    |kernel_data_V_1_17                                                                       |  16|   0|   16|          0|
    |kernel_data_V_1_17_ret_reg_3045                                                          |  16|   0|   16|          0|
    |kernel_data_V_1_18                                                                       |  16|   0|   16|          0|
    |kernel_data_V_1_18_ret_reg_3050                                                          |  16|   0|   16|          0|
    |kernel_data_V_1_19                                                                       |  16|   0|   16|          0|
    |kernel_data_V_1_19_ret_reg_3055                                                          |  16|   0|   16|          0|
    |kernel_data_V_1_1_ret_reg_3030                                                           |  16|   0|   16|          0|
    |kernel_data_V_1_20                                                                       |  16|   0|   16|          0|
    |kernel_data_V_1_20_ret_reg_3060                                                          |  16|   0|   16|          0|
    |kernel_data_V_1_21                                                                       |  16|   0|   16|          0|
    |kernel_data_V_1_21_ret_reg_3065                                                          |  16|   0|   16|          0|
    |kernel_data_V_1_22                                                                       |  16|   0|   16|          0|
    |kernel_data_V_1_22_ret_reg_3070                                                          |  16|   0|   16|          0|
    |kernel_data_V_1_23                                                                       |  16|   0|   16|          0|
    |kernel_data_V_1_23_ret_reg_3075                                                          |  16|   0|   16|          0|
    |kernel_data_V_1_24                                                                       |  16|   0|   16|          0|
    |kernel_data_V_1_24_ret_reg_3080                                                          |  16|   0|   16|          0|
    |kernel_data_V_1_25                                                                       |  16|   0|   16|          0|
    |kernel_data_V_1_25_ret_reg_3085                                                          |  16|   0|   16|          0|
    |kernel_data_V_1_26                                                                       |  16|   0|   16|          0|
    |kernel_data_V_1_26_ret_reg_3090                                                          |  16|   0|   16|          0|
    |kernel_data_V_1_27                                                                       |  16|   0|   16|          0|
    |kernel_data_V_1_27_ret_reg_3095                                                          |  16|   0|   16|          0|
    |kernel_data_V_1_28                                                                       |  16|   0|   16|          0|
    |kernel_data_V_1_28_ret_reg_3100                                                          |  16|   0|   16|          0|
    |kernel_data_V_1_29                                                                       |  16|   0|   16|          0|
    |kernel_data_V_1_29_ret_reg_3105                                                          |  16|   0|   16|          0|
    |kernel_data_V_1_2_ret_reg_3025                                                           |  16|   0|   16|          0|
    |kernel_data_V_1_30                                                                       |  16|   0|   16|          0|
    |kernel_data_V_1_30_ret_reg_3110                                                          |  16|   0|   16|          0|
    |kernel_data_V_1_31                                                                       |  16|   0|   16|          0|
    |kernel_data_V_1_31_ret_reg_3115                                                          |  16|   0|   16|          0|
    |kernel_data_V_1_32                                                                       |  16|   0|   16|          0|
    |kernel_data_V_1_32_ret_reg_3120                                                          |  16|   0|   16|          0|
    |kernel_data_V_1_33                                                                       |  16|   0|   16|          0|
    |kernel_data_V_1_33_ret_reg_3125                                                          |  16|   0|   16|          0|
    |kernel_data_V_1_34                                                                       |  16|   0|   16|          0|
    |kernel_data_V_1_34_ret_reg_3130                                                          |  16|   0|   16|          0|
    |kernel_data_V_1_35                                                                       |  16|   0|   16|          0|
    |kernel_data_V_1_35_ret_reg_3135                                                          |  16|   0|   16|          0|
    |kernel_data_V_1_36                                                                       |  16|   0|   16|          0|
    |kernel_data_V_1_36_ret_reg_3140                                                          |  16|   0|   16|          0|
    |kernel_data_V_1_37                                                                       |  16|   0|   16|          0|
    |kernel_data_V_1_37_ret_reg_3145                                                          |  16|   0|   16|          0|
    |kernel_data_V_1_38                                                                       |  16|   0|   16|          0|
    |kernel_data_V_1_38_ret_reg_3150                                                          |  16|   0|   16|          0|
    |kernel_data_V_1_39                                                                       |  16|   0|   16|          0|
    |kernel_data_V_1_39_ret_reg_3155                                                          |  16|   0|   16|          0|
    |kernel_data_V_1_3_ret_reg_3020                                                           |  16|   0|   16|          0|
    |kernel_data_V_1_40                                                                       |  16|   0|   16|          0|
    |kernel_data_V_1_40_ret_reg_3160                                                          |  16|   0|   16|          0|
    |kernel_data_V_1_41                                                                       |  16|   0|   16|          0|
    |kernel_data_V_1_41_ret_reg_3165                                                          |  16|   0|   16|          0|
    |kernel_data_V_1_42                                                                       |  16|   0|   16|          0|
    |kernel_data_V_1_42_ret_reg_3170                                                          |  16|   0|   16|          0|
    |kernel_data_V_1_43                                                                       |  16|   0|   16|          0|
    |kernel_data_V_1_43_ret_reg_3175                                                          |  16|   0|   16|          0|
    |kernel_data_V_1_44                                                                       |  16|   0|   16|          0|
    |kernel_data_V_1_44_ret_reg_3180                                                          |  16|   0|   16|          0|
    |kernel_data_V_1_45                                                                       |  16|   0|   16|          0|
    |kernel_data_V_1_45_ret_reg_3185                                                          |  16|   0|   16|          0|
    |kernel_data_V_1_46                                                                       |  16|   0|   16|          0|
    |kernel_data_V_1_46_ret_reg_3190                                                          |  16|   0|   16|          0|
    |kernel_data_V_1_47                                                                       |  16|   0|   16|          0|
    |kernel_data_V_1_47_ret_reg_3195                                                          |  16|   0|   16|          0|
    |kernel_data_V_1_48_ret_reg_2955                                                          |  16|   0|   16|          0|
    |kernel_data_V_1_49_ret_reg_2950                                                          |  16|   0|   16|          0|
    |kernel_data_V_1_4_ret_reg_3015                                                           |  16|   0|   16|          0|
    |kernel_data_V_1_50_ret_reg_2945                                                          |  16|   0|   16|          0|
    |kernel_data_V_1_51_ret_reg_2940                                                          |  16|   0|   16|          0|
    |kernel_data_V_1_52_ret_reg_2935                                                          |  16|   0|   16|          0|
    |kernel_data_V_1_53_ret_reg_2930                                                          |  16|   0|   16|          0|
    |kernel_data_V_1_54_ret_reg_2925                                                          |  16|   0|   16|          0|
    |kernel_data_V_1_55_ret_reg_2920                                                          |  16|   0|   16|          0|
    |kernel_data_V_1_56_ret_reg_2915                                                          |  16|   0|   16|          0|
    |kernel_data_V_1_57_ret_reg_2910                                                          |  16|   0|   16|          0|
    |kernel_data_V_1_58_ret_reg_2905                                                          |  16|   0|   16|          0|
    |kernel_data_V_1_59_ret_reg_2900                                                          |  16|   0|   16|          0|
    |kernel_data_V_1_5_ret_reg_3010                                                           |  16|   0|   16|          0|
    |kernel_data_V_1_60_ret_reg_2895                                                          |  16|   0|   16|          0|
    |kernel_data_V_1_61_ret_reg_2890                                                          |  16|   0|   16|          0|
    |kernel_data_V_1_62_ret_reg_2885                                                          |  16|   0|   16|          0|
    |kernel_data_V_1_63_ret_reg_2880                                                          |  16|   0|   16|          0|
    |kernel_data_V_1_64                                                                       |  16|   0|   16|          0|
    |kernel_data_V_1_64_ret_reg_3200                                                          |  16|   0|   16|          0|
    |kernel_data_V_1_65                                                                       |  16|   0|   16|          0|
    |kernel_data_V_1_65_ret_reg_3205                                                          |  16|   0|   16|          0|
    |kernel_data_V_1_66                                                                       |  16|   0|   16|          0|
    |kernel_data_V_1_66_ret_reg_3210                                                          |  16|   0|   16|          0|
    |kernel_data_V_1_67                                                                       |  16|   0|   16|          0|
    |kernel_data_V_1_67_ret_reg_3215                                                          |  16|   0|   16|          0|
    |kernel_data_V_1_68                                                                       |  16|   0|   16|          0|
    |kernel_data_V_1_68_ret_reg_3220                                                          |  16|   0|   16|          0|
    |kernel_data_V_1_69                                                                       |  16|   0|   16|          0|
    |kernel_data_V_1_69_ret_reg_3225                                                          |  16|   0|   16|          0|
    |kernel_data_V_1_6_ret_reg_3005                                                           |  16|   0|   16|          0|
    |kernel_data_V_1_70                                                                       |  16|   0|   16|          0|
    |kernel_data_V_1_70_ret_reg_3230                                                          |  16|   0|   16|          0|
    |kernel_data_V_1_71                                                                       |  16|   0|   16|          0|
    |kernel_data_V_1_71_ret_reg_3235                                                          |  16|   0|   16|          0|
    |kernel_data_V_1_72                                                                       |  16|   0|   16|          0|
    |kernel_data_V_1_72_ret_reg_3240                                                          |  16|   0|   16|          0|
    |kernel_data_V_1_73                                                                       |  16|   0|   16|          0|
    |kernel_data_V_1_73_ret_reg_3245                                                          |  16|   0|   16|          0|
    |kernel_data_V_1_74                                                                       |  16|   0|   16|          0|
    |kernel_data_V_1_74_ret_reg_3250                                                          |  16|   0|   16|          0|
    |kernel_data_V_1_75                                                                       |  16|   0|   16|          0|
    |kernel_data_V_1_75_ret_reg_3255                                                          |  16|   0|   16|          0|
    |kernel_data_V_1_76                                                                       |  16|   0|   16|          0|
    |kernel_data_V_1_76_ret_reg_3260                                                          |  16|   0|   16|          0|
    |kernel_data_V_1_77                                                                       |  16|   0|   16|          0|
    |kernel_data_V_1_77_ret_reg_3265                                                          |  16|   0|   16|          0|
    |kernel_data_V_1_78                                                                       |  16|   0|   16|          0|
    |kernel_data_V_1_78_ret_reg_3270                                                          |  16|   0|   16|          0|
    |kernel_data_V_1_79                                                                       |  16|   0|   16|          0|
    |kernel_data_V_1_79_ret_reg_3275                                                          |  16|   0|   16|          0|
    |kernel_data_V_1_7_ret_reg_3000                                                           |  16|   0|   16|          0|
    |kernel_data_V_1_80                                                                       |  16|   0|   16|          0|
    |kernel_data_V_1_80_ret_reg_3280                                                          |  16|   0|   16|          0|
    |kernel_data_V_1_81                                                                       |  16|   0|   16|          0|
    |kernel_data_V_1_81_ret_reg_3285                                                          |  16|   0|   16|          0|
    |kernel_data_V_1_82                                                                       |  16|   0|   16|          0|
    |kernel_data_V_1_82_ret_reg_3290                                                          |  16|   0|   16|          0|
    |kernel_data_V_1_83                                                                       |  16|   0|   16|          0|
    |kernel_data_V_1_83_ret_reg_3295                                                          |  16|   0|   16|          0|
    |kernel_data_V_1_84                                                                       |  16|   0|   16|          0|
    |kernel_data_V_1_84_ret_reg_3300                                                          |  16|   0|   16|          0|
    |kernel_data_V_1_85                                                                       |  16|   0|   16|          0|
    |kernel_data_V_1_85_ret_reg_3305                                                          |  16|   0|   16|          0|
    |kernel_data_V_1_86                                                                       |  16|   0|   16|          0|
    |kernel_data_V_1_86_ret_reg_3310                                                          |  16|   0|   16|          0|
    |kernel_data_V_1_87                                                                       |  16|   0|   16|          0|
    |kernel_data_V_1_87_ret_reg_3315                                                          |  16|   0|   16|          0|
    |kernel_data_V_1_88                                                                       |  16|   0|   16|          0|
    |kernel_data_V_1_88_ret_reg_3320                                                          |  16|   0|   16|          0|
    |kernel_data_V_1_89                                                                       |  16|   0|   16|          0|
    |kernel_data_V_1_89_ret_reg_3325                                                          |  16|   0|   16|          0|
    |kernel_data_V_1_8_ret_reg_2995                                                           |  16|   0|   16|          0|
    |kernel_data_V_1_90                                                                       |  16|   0|   16|          0|
    |kernel_data_V_1_90_ret_reg_3330                                                          |  16|   0|   16|          0|
    |kernel_data_V_1_91                                                                       |  16|   0|   16|          0|
    |kernel_data_V_1_91_ret_reg_3335                                                          |  16|   0|   16|          0|
    |kernel_data_V_1_92                                                                       |  16|   0|   16|          0|
    |kernel_data_V_1_92_ret_reg_3340                                                          |  16|   0|   16|          0|
    |kernel_data_V_1_93                                                                       |  16|   0|   16|          0|
    |kernel_data_V_1_93_ret_reg_3345                                                          |  16|   0|   16|          0|
    |kernel_data_V_1_94                                                                       |  16|   0|   16|          0|
    |kernel_data_V_1_94_ret_reg_3350                                                          |  16|   0|   16|          0|
    |kernel_data_V_1_95                                                                       |  16|   0|   16|          0|
    |kernel_data_V_1_95_ret_reg_3355                                                          |  16|   0|   16|          0|
    |kernel_data_V_1_96_ret_reg_2875                                                          |  16|   0|   16|          0|
    |kernel_data_V_1_97_ret_reg_2870                                                          |  16|   0|   16|          0|
    |kernel_data_V_1_98_ret_reg_2865                                                          |  16|   0|   16|          0|
    |kernel_data_V_1_99_ret_reg_2860                                                          |  16|   0|   16|          0|
    |kernel_data_V_1_9_ret_reg_2990                                                           |  16|   0|   16|          0|
    |pX_4                                                                                     |  32|   0|   32|          0|
    |pY_4                                                                                     |  32|   0|   32|          0|
    |sX_4                                                                                     |  32|   0|   32|          0|
    |sY_4                                                                                     |  32|   0|   32|          0|
    |select_ln323_reg_3537                                                                    |  32|   0|   32|          0|
    |select_ln328_reg_3528                                                                    |  32|   0|   32|          0|
    |storemerge_reg_546                                                                       |  32|   0|   32|          0|
    |tmp_data_0_V_reg_3542                                                                    |  16|   0|   16|          0|
    |tmp_data_10_V_reg_3592                                                                   |  16|   0|   16|          0|
    |tmp_data_11_V_reg_3597                                                                   |  16|   0|   16|          0|
    |tmp_data_12_V_reg_3602                                                                   |  16|   0|   16|          0|
    |tmp_data_13_V_reg_3607                                                                   |  16|   0|   16|          0|
    |tmp_data_14_V_reg_3612                                                                   |  16|   0|   16|          0|
    |tmp_data_15_V_reg_3617                                                                   |  16|   0|   16|          0|
    |tmp_data_16_V_reg_3622                                                                   |  16|   0|   16|          0|
    |tmp_data_17_V_reg_3627                                                                   |  16|   0|   16|          0|
    |tmp_data_18_V_reg_3632                                                                   |  16|   0|   16|          0|
    |tmp_data_19_V_reg_3637                                                                   |  16|   0|   16|          0|
    |tmp_data_1_V_reg_3547                                                                    |  16|   0|   16|          0|
    |tmp_data_20_V_reg_3642                                                                   |  16|   0|   16|          0|
    |tmp_data_21_V_reg_3647                                                                   |  16|   0|   16|          0|
    |tmp_data_22_V_reg_3652                                                                   |  16|   0|   16|          0|
    |tmp_data_23_V_reg_3657                                                                   |  16|   0|   16|          0|
    |tmp_data_2_V_reg_3552                                                                    |  16|   0|   16|          0|
    |tmp_data_3_V_reg_3557                                                                    |  16|   0|   16|          0|
    |tmp_data_4_V_reg_3562                                                                    |  16|   0|   16|          0|
    |tmp_data_5_V_reg_3567                                                                    |  16|   0|   16|          0|
    |tmp_data_6_V_reg_3572                                                                    |  16|   0|   16|          0|
    |tmp_data_7_V_reg_3577                                                                    |  16|   0|   16|          0|
    |tmp_data_8_V_reg_3582                                                                    |  16|   0|   16|          0|
    |tmp_data_9_V_reg_3587                                                                    |  16|   0|   16|          0|
    +-----------------------------------------------------------------------------------------+----+----+-----+-----------+
    |Total                                                                                    |4462|   0| 4462|          0|
    +-----------------------------------------------------------------------------------------+----+----+-----+-----------+



================================================================
== Interface
================================================================
* Summary: 
+-------------------------------+-----+-----+------------+--------------------------------------------------------------------------+--------------+
|           RTL Ports           | Dir | Bits|  Protocol  |                               Source Object                              |    C Type    |
+-------------------------------+-----+-----+------------+--------------------------------------------------------------------------+--------------+
|ap_clk                         |  in |    1| ap_ctrl_hs | compute_output_buffer_2d<array,array<ap_fixed<16,6,5,3,0>,24u>,config10> | return value |
|ap_rst                         |  in |    1| ap_ctrl_hs | compute_output_buffer_2d<array,array<ap_fixed<16,6,5,3,0>,24u>,config10> | return value |
|ap_start                       |  in |    1| ap_ctrl_hs | compute_output_buffer_2d<array,array<ap_fixed<16,6,5,3,0>,24u>,config10> | return value |
|ap_done                        | out |    1| ap_ctrl_hs | compute_output_buffer_2d<array,array<ap_fixed<16,6,5,3,0>,24u>,config10> | return value |
|ap_idle                        | out |    1| ap_ctrl_hs | compute_output_buffer_2d<array,array<ap_fixed<16,6,5,3,0>,24u>,config10> | return value |
|ap_ready                       | out |    1| ap_ctrl_hs | compute_output_buffer_2d<array,array<ap_fixed<16,6,5,3,0>,24u>,config10> | return value |
|res_stream_V_data_0_V_blk_n    | out |    1| ap_ctrl_hs | compute_output_buffer_2d<array,array<ap_fixed<16,6,5,3,0>,24u>,config10> | return value |
|res_stream_V_data_1_V_blk_n    | out |    1| ap_ctrl_hs | compute_output_buffer_2d<array,array<ap_fixed<16,6,5,3,0>,24u>,config10> | return value |
|res_stream_V_data_2_V_blk_n    | out |    1| ap_ctrl_hs | compute_output_buffer_2d<array,array<ap_fixed<16,6,5,3,0>,24u>,config10> | return value |
|res_stream_V_data_3_V_blk_n    | out |    1| ap_ctrl_hs | compute_output_buffer_2d<array,array<ap_fixed<16,6,5,3,0>,24u>,config10> | return value |
|res_stream_V_data_4_V_blk_n    | out |    1| ap_ctrl_hs | compute_output_buffer_2d<array,array<ap_fixed<16,6,5,3,0>,24u>,config10> | return value |
|res_stream_V_data_5_V_blk_n    | out |    1| ap_ctrl_hs | compute_output_buffer_2d<array,array<ap_fixed<16,6,5,3,0>,24u>,config10> | return value |
|res_stream_V_data_6_V_blk_n    | out |    1| ap_ctrl_hs | compute_output_buffer_2d<array,array<ap_fixed<16,6,5,3,0>,24u>,config10> | return value |
|res_stream_V_data_7_V_blk_n    | out |    1| ap_ctrl_hs | compute_output_buffer_2d<array,array<ap_fixed<16,6,5,3,0>,24u>,config10> | return value |
|res_stream_V_data_8_V_blk_n    | out |    1| ap_ctrl_hs | compute_output_buffer_2d<array,array<ap_fixed<16,6,5,3,0>,24u>,config10> | return value |
|res_stream_V_data_9_V_blk_n    | out |    1| ap_ctrl_hs | compute_output_buffer_2d<array,array<ap_fixed<16,6,5,3,0>,24u>,config10> | return value |
|res_stream_V_data_10_V_blk_n   | out |    1| ap_ctrl_hs | compute_output_buffer_2d<array,array<ap_fixed<16,6,5,3,0>,24u>,config10> | return value |
|res_stream_V_data_11_V_blk_n   | out |    1| ap_ctrl_hs | compute_output_buffer_2d<array,array<ap_fixed<16,6,5,3,0>,24u>,config10> | return value |
|res_stream_V_data_12_V_blk_n   | out |    1| ap_ctrl_hs | compute_output_buffer_2d<array,array<ap_fixed<16,6,5,3,0>,24u>,config10> | return value |
|res_stream_V_data_13_V_blk_n   | out |    1| ap_ctrl_hs | compute_output_buffer_2d<array,array<ap_fixed<16,6,5,3,0>,24u>,config10> | return value |
|res_stream_V_data_14_V_blk_n   | out |    1| ap_ctrl_hs | compute_output_buffer_2d<array,array<ap_fixed<16,6,5,3,0>,24u>,config10> | return value |
|res_stream_V_data_15_V_blk_n   | out |    1| ap_ctrl_hs | compute_output_buffer_2d<array,array<ap_fixed<16,6,5,3,0>,24u>,config10> | return value |
|res_stream_V_data_16_V_blk_n   | out |    1| ap_ctrl_hs | compute_output_buffer_2d<array,array<ap_fixed<16,6,5,3,0>,24u>,config10> | return value |
|res_stream_V_data_17_V_blk_n   | out |    1| ap_ctrl_hs | compute_output_buffer_2d<array,array<ap_fixed<16,6,5,3,0>,24u>,config10> | return value |
|res_stream_V_data_18_V_blk_n   | out |    1| ap_ctrl_hs | compute_output_buffer_2d<array,array<ap_fixed<16,6,5,3,0>,24u>,config10> | return value |
|res_stream_V_data_19_V_blk_n   | out |    1| ap_ctrl_hs | compute_output_buffer_2d<array,array<ap_fixed<16,6,5,3,0>,24u>,config10> | return value |
|res_stream_V_data_20_V_blk_n   | out |    1| ap_ctrl_hs | compute_output_buffer_2d<array,array<ap_fixed<16,6,5,3,0>,24u>,config10> | return value |
|res_stream_V_data_21_V_blk_n   | out |    1| ap_ctrl_hs | compute_output_buffer_2d<array,array<ap_fixed<16,6,5,3,0>,24u>,config10> | return value |
|res_stream_V_data_22_V_blk_n   | out |    1| ap_ctrl_hs | compute_output_buffer_2d<array,array<ap_fixed<16,6,5,3,0>,24u>,config10> | return value |
|res_stream_V_data_23_V_blk_n   | out |    1| ap_ctrl_hs | compute_output_buffer_2d<array,array<ap_fixed<16,6,5,3,0>,24u>,config10> | return value |
|ap_ce                          |  in |    1| ap_ctrl_hs | compute_output_buffer_2d<array,array<ap_fixed<16,6,5,3,0>,24u>,config10> | return value |
|in_elem_data_0_V_read          |  in |   16|   ap_none  |                           in_elem_data_0_V_read                          |    scalar    |
|in_elem_data_1_V_read          |  in |   16|   ap_none  |                           in_elem_data_1_V_read                          |    scalar    |
|in_elem_data_2_V_read          |  in |   16|   ap_none  |                           in_elem_data_2_V_read                          |    scalar    |
|in_elem_data_3_V_read          |  in |   16|   ap_none  |                           in_elem_data_3_V_read                          |    scalar    |
|in_elem_data_4_V_read          |  in |   16|   ap_none  |                           in_elem_data_4_V_read                          |    scalar    |
|in_elem_data_5_V_read          |  in |   16|   ap_none  |                           in_elem_data_5_V_read                          |    scalar    |
|in_elem_data_6_V_read          |  in |   16|   ap_none  |                           in_elem_data_6_V_read                          |    scalar    |
|in_elem_data_7_V_read          |  in |   16|   ap_none  |                           in_elem_data_7_V_read                          |    scalar    |
|in_elem_data_8_V_read          |  in |   16|   ap_none  |                           in_elem_data_8_V_read                          |    scalar    |
|in_elem_data_9_V_read          |  in |   16|   ap_none  |                           in_elem_data_9_V_read                          |    scalar    |
|in_elem_data_10_V_read         |  in |   16|   ap_none  |                          in_elem_data_10_V_read                          |    scalar    |
|in_elem_data_11_V_read         |  in |   16|   ap_none  |                          in_elem_data_11_V_read                          |    scalar    |
|in_elem_data_12_V_read         |  in |   16|   ap_none  |                          in_elem_data_12_V_read                          |    scalar    |
|in_elem_data_13_V_read         |  in |   16|   ap_none  |                          in_elem_data_13_V_read                          |    scalar    |
|in_elem_data_14_V_read         |  in |   16|   ap_none  |                          in_elem_data_14_V_read                          |    scalar    |
|in_elem_data_15_V_read         |  in |   16|   ap_none  |                          in_elem_data_15_V_read                          |    scalar    |
|res_stream_V_data_0_V_din      | out |   16|   ap_fifo  |                           res_stream_V_data_0_V                          |    pointer   |
|res_stream_V_data_0_V_full_n   |  in |    1|   ap_fifo  |                           res_stream_V_data_0_V                          |    pointer   |
|res_stream_V_data_0_V_write    | out |    1|   ap_fifo  |                           res_stream_V_data_0_V                          |    pointer   |
|res_stream_V_data_1_V_din      | out |   16|   ap_fifo  |                           res_stream_V_data_1_V                          |    pointer   |
|res_stream_V_data_1_V_full_n   |  in |    1|   ap_fifo  |                           res_stream_V_data_1_V                          |    pointer   |
|res_stream_V_data_1_V_write    | out |    1|   ap_fifo  |                           res_stream_V_data_1_V                          |    pointer   |
|res_stream_V_data_2_V_din      | out |   16|   ap_fifo  |                           res_stream_V_data_2_V                          |    pointer   |
|res_stream_V_data_2_V_full_n   |  in |    1|   ap_fifo  |                           res_stream_V_data_2_V                          |    pointer   |
|res_stream_V_data_2_V_write    | out |    1|   ap_fifo  |                           res_stream_V_data_2_V                          |    pointer   |
|res_stream_V_data_3_V_din      | out |   16|   ap_fifo  |                           res_stream_V_data_3_V                          |    pointer   |
|res_stream_V_data_3_V_full_n   |  in |    1|   ap_fifo  |                           res_stream_V_data_3_V                          |    pointer   |
|res_stream_V_data_3_V_write    | out |    1|   ap_fifo  |                           res_stream_V_data_3_V                          |    pointer   |
|res_stream_V_data_4_V_din      | out |   16|   ap_fifo  |                           res_stream_V_data_4_V                          |    pointer   |
|res_stream_V_data_4_V_full_n   |  in |    1|   ap_fifo  |                           res_stream_V_data_4_V                          |    pointer   |
|res_stream_V_data_4_V_write    | out |    1|   ap_fifo  |                           res_stream_V_data_4_V                          |    pointer   |
|res_stream_V_data_5_V_din      | out |   16|   ap_fifo  |                           res_stream_V_data_5_V                          |    pointer   |
|res_stream_V_data_5_V_full_n   |  in |    1|   ap_fifo  |                           res_stream_V_data_5_V                          |    pointer   |
|res_stream_V_data_5_V_write    | out |    1|   ap_fifo  |                           res_stream_V_data_5_V                          |    pointer   |
|res_stream_V_data_6_V_din      | out |   16|   ap_fifo  |                           res_stream_V_data_6_V                          |    pointer   |
|res_stream_V_data_6_V_full_n   |  in |    1|   ap_fifo  |                           res_stream_V_data_6_V                          |    pointer   |
|res_stream_V_data_6_V_write    | out |    1|   ap_fifo  |                           res_stream_V_data_6_V                          |    pointer   |
|res_stream_V_data_7_V_din      | out |   16|   ap_fifo  |                           res_stream_V_data_7_V                          |    pointer   |
|res_stream_V_data_7_V_full_n   |  in |    1|   ap_fifo  |                           res_stream_V_data_7_V                          |    pointer   |
|res_stream_V_data_7_V_write    | out |    1|   ap_fifo  |                           res_stream_V_data_7_V                          |    pointer   |
|res_stream_V_data_8_V_din      | out |   16|   ap_fifo  |                           res_stream_V_data_8_V                          |    pointer   |
|res_stream_V_data_8_V_full_n   |  in |    1|   ap_fifo  |                           res_stream_V_data_8_V                          |    pointer   |
|res_stream_V_data_8_V_write    | out |    1|   ap_fifo  |                           res_stream_V_data_8_V                          |    pointer   |
|res_stream_V_data_9_V_din      | out |   16|   ap_fifo  |                           res_stream_V_data_9_V                          |    pointer   |
|res_stream_V_data_9_V_full_n   |  in |    1|   ap_fifo  |                           res_stream_V_data_9_V                          |    pointer   |
|res_stream_V_data_9_V_write    | out |    1|   ap_fifo  |                           res_stream_V_data_9_V                          |    pointer   |
|res_stream_V_data_10_V_din     | out |   16|   ap_fifo  |                          res_stream_V_data_10_V                          |    pointer   |
|res_stream_V_data_10_V_full_n  |  in |    1|   ap_fifo  |                          res_stream_V_data_10_V                          |    pointer   |
|res_stream_V_data_10_V_write   | out |    1|   ap_fifo  |                          res_stream_V_data_10_V                          |    pointer   |
|res_stream_V_data_11_V_din     | out |   16|   ap_fifo  |                          res_stream_V_data_11_V                          |    pointer   |
|res_stream_V_data_11_V_full_n  |  in |    1|   ap_fifo  |                          res_stream_V_data_11_V                          |    pointer   |
|res_stream_V_data_11_V_write   | out |    1|   ap_fifo  |                          res_stream_V_data_11_V                          |    pointer   |
|res_stream_V_data_12_V_din     | out |   16|   ap_fifo  |                          res_stream_V_data_12_V                          |    pointer   |
|res_stream_V_data_12_V_full_n  |  in |    1|   ap_fifo  |                          res_stream_V_data_12_V                          |    pointer   |
|res_stream_V_data_12_V_write   | out |    1|   ap_fifo  |                          res_stream_V_data_12_V                          |    pointer   |
|res_stream_V_data_13_V_din     | out |   16|   ap_fifo  |                          res_stream_V_data_13_V                          |    pointer   |
|res_stream_V_data_13_V_full_n  |  in |    1|   ap_fifo  |                          res_stream_V_data_13_V                          |    pointer   |
|res_stream_V_data_13_V_write   | out |    1|   ap_fifo  |                          res_stream_V_data_13_V                          |    pointer   |
|res_stream_V_data_14_V_din     | out |   16|   ap_fifo  |                          res_stream_V_data_14_V                          |    pointer   |
|res_stream_V_data_14_V_full_n  |  in |    1|   ap_fifo  |                          res_stream_V_data_14_V                          |    pointer   |
|res_stream_V_data_14_V_write   | out |    1|   ap_fifo  |                          res_stream_V_data_14_V                          |    pointer   |
|res_stream_V_data_15_V_din     | out |   16|   ap_fifo  |                          res_stream_V_data_15_V                          |    pointer   |
|res_stream_V_data_15_V_full_n  |  in |    1|   ap_fifo  |                          res_stream_V_data_15_V                          |    pointer   |
|res_stream_V_data_15_V_write   | out |    1|   ap_fifo  |                          res_stream_V_data_15_V                          |    pointer   |
|res_stream_V_data_16_V_din     | out |   16|   ap_fifo  |                          res_stream_V_data_16_V                          |    pointer   |
|res_stream_V_data_16_V_full_n  |  in |    1|   ap_fifo  |                          res_stream_V_data_16_V                          |    pointer   |
|res_stream_V_data_16_V_write   | out |    1|   ap_fifo  |                          res_stream_V_data_16_V                          |    pointer   |
|res_stream_V_data_17_V_din     | out |   16|   ap_fifo  |                          res_stream_V_data_17_V                          |    pointer   |
|res_stream_V_data_17_V_full_n  |  in |    1|   ap_fifo  |                          res_stream_V_data_17_V                          |    pointer   |
|res_stream_V_data_17_V_write   | out |    1|   ap_fifo  |                          res_stream_V_data_17_V                          |    pointer   |
|res_stream_V_data_18_V_din     | out |   16|   ap_fifo  |                          res_stream_V_data_18_V                          |    pointer   |
|res_stream_V_data_18_V_full_n  |  in |    1|   ap_fifo  |                          res_stream_V_data_18_V                          |    pointer   |
|res_stream_V_data_18_V_write   | out |    1|   ap_fifo  |                          res_stream_V_data_18_V                          |    pointer   |
|res_stream_V_data_19_V_din     | out |   16|   ap_fifo  |                          res_stream_V_data_19_V                          |    pointer   |
|res_stream_V_data_19_V_full_n  |  in |    1|   ap_fifo  |                          res_stream_V_data_19_V                          |    pointer   |
|res_stream_V_data_19_V_write   | out |    1|   ap_fifo  |                          res_stream_V_data_19_V                          |    pointer   |
|res_stream_V_data_20_V_din     | out |   16|   ap_fifo  |                          res_stream_V_data_20_V                          |    pointer   |
|res_stream_V_data_20_V_full_n  |  in |    1|   ap_fifo  |                          res_stream_V_data_20_V                          |    pointer   |
|res_stream_V_data_20_V_write   | out |    1|   ap_fifo  |                          res_stream_V_data_20_V                          |    pointer   |
|res_stream_V_data_21_V_din     | out |   16|   ap_fifo  |                          res_stream_V_data_21_V                          |    pointer   |
|res_stream_V_data_21_V_full_n  |  in |    1|   ap_fifo  |                          res_stream_V_data_21_V                          |    pointer   |
|res_stream_V_data_21_V_write   | out |    1|   ap_fifo  |                          res_stream_V_data_21_V                          |    pointer   |
|res_stream_V_data_22_V_din     | out |   16|   ap_fifo  |                          res_stream_V_data_22_V                          |    pointer   |
|res_stream_V_data_22_V_full_n  |  in |    1|   ap_fifo  |                          res_stream_V_data_22_V                          |    pointer   |
|res_stream_V_data_22_V_write   | out |    1|   ap_fifo  |                          res_stream_V_data_22_V                          |    pointer   |
|res_stream_V_data_23_V_din     | out |   16|   ap_fifo  |                          res_stream_V_data_23_V                          |    pointer   |
|res_stream_V_data_23_V_full_n  |  in |    1|   ap_fifo  |                          res_stream_V_data_23_V                          |    pointer   |
|res_stream_V_data_23_V_write   | out |    1|   ap_fifo  |                          res_stream_V_data_23_V                          |    pointer   |
+-------------------------------+-----+-----+------------+--------------------------------------------------------------------------+--------------+

