

================================================================
== Vivado HLS Report for 'compute_output_buffer_2d_array_array_ap_fixed_16_6_5_3_0_16u_config6_s'
================================================================
* Date:           Wed Apr  3 17:38:15 2024

* Version:        2019.2 (Build 2704478 on Wed Nov 06 22:10:23 MST 2019)
* Project:        myproject_prj
* Solution:       solution1
* Product family: zynq
* Target device:  xc7z020-clg400-1


================================================================
== Performance Estimates
================================================================
+ Timing: 
    * Summary: 
    +--------+---------+----------+------------+
    |  Clock |  Target | Estimated| Uncertainty|
    +--------+---------+----------+------------+
    |ap_clk  | 5.00 ns | 5.019 ns |   0.62 ns  |
    +--------+---------+----------+------------+

+ Latency: 
    * Summary: 
    +---------+---------+-----------+-----------+-----+-----+----------+
    |  Latency (cycles) |   Latency (absolute)  |  Interval | Pipeline |
    |   min   |   max   |    min    |    max    | min | max |   Type   |
    +---------+---------+-----------+-----------+-----+-----+----------+
    |       10|       10| 50.190 ns | 50.190 ns |    1|    1| function |
    +---------+---------+-----------+-----------+-----+-----+----------+

    + Detail: 
        * Instance: 
        +----------------------------------------------------------------------------+-----------------------------------------------------------+---------+---------+-----------+-----------+-----+-----+----------+
        |                                                                            |                                                           |  Latency (cycles) |   Latency (absolute)  |  Interval | Pipeline |
        |                                  Instance                                  |                           Module                          |   min   |   max   |    min    |    max    | min | max |   Type   |
        +----------------------------------------------------------------------------+-----------------------------------------------------------+---------+---------+-----------+-----------+-----+-----+----------+
        |grp_dense_latency_0_0_0_0_0_0_0_0_0_0_0_0_0_0_0_0_0_fu_517                  |dense_latency_0_0_0_0_0_0_0_0_0_0_0_0_0_0_0_0_0            |        7|        7| 35.133 ns | 35.133 ns |    1|    1| function |
        |call_ret3_shift_line_buffer_array_ap_fixed_16_6_5_3_0_16u_config6_s_fu_665  |shift_line_buffer_array_ap_fixed_16_6_5_3_0_16u_config6_s  |        0|        0|    0 ns   |    0 ns   |    1|    1| function |
        +----------------------------------------------------------------------------+-----------------------------------------------------------+---------+---------+-----------+-----------+-----+-----+----------+

        * Loop: 
        N/A



================================================================
== Utilization Estimates
================================================================
* Summary: 
+-----------------+---------+-------+--------+-------+-----+
|       Name      | BRAM_18K| DSP48E|   FF   |  LUT  | URAM|
+-----------------+---------+-------+--------+-------+-----+
|DSP              |        -|      -|       -|      -|    -|
|Expression       |        -|      -|       0|    348|    -|
|FIFO             |        -|      -|       -|      -|    -|
|Instance         |        0|     95|   37634|  34521|    -|
|Memory           |        -|      -|       -|      -|    -|
|Multiplexer      |        -|      -|       -|    198|    -|
|Register         |        0|      -|    4398|     32|    -|
+-----------------+---------+-------+--------+-------+-----+
|Total            |        0|     95|   42032|  35099|    0|
+-----------------+---------+-------+--------+-------+-----+
|Available        |      280|    220|  106400|  53200|    0|
+-----------------+---------+-------+--------+-------+-----+
|Utilization (%)  |        0|     43|      39|     65|    0|
+-----------------+---------+-------+--------+-------+-----+

+ Detail: 
    * Instance: 
    +----------------------------------------------------------------------------+-----------------------------------------------------------+---------+-------+-------+-------+-----+
    |                                  Instance                                  |                           Module                          | BRAM_18K| DSP48E|   FF  |  LUT  | URAM|
    +----------------------------------------------------------------------------+-----------------------------------------------------------+---------+-------+-------+-------+-----+
    |grp_dense_latency_0_0_0_0_0_0_0_0_0_0_0_0_0_0_0_0_0_fu_517                  |dense_latency_0_0_0_0_0_0_0_0_0_0_0_0_0_0_0_0_0            |        0|     95|  35585|  33497|    0|
    |call_ret3_shift_line_buffer_array_ap_fixed_16_6_5_3_0_16u_config6_s_fu_665  |shift_line_buffer_array_ap_fixed_16_6_5_3_0_16u_config6_s  |        0|      0|   2049|   1024|    0|
    +----------------------------------------------------------------------------+-----------------------------------------------------------+---------+-------+-------+-------+-----+
    |Total                                                                       |                                                           |        0|     95|  37634|  34521|    0|
    +----------------------------------------------------------------------------+-----------------------------------------------------------+---------+-------+-------+-------+-----+

    * DSP48E: 
    N/A

    * Memory: 
    N/A

    * FIFO: 
    N/A

    * Expression: 
    +------------------------------------+----------+-------+---+----+------------+------------+
    |            Variable Name           | Operation| DSP48E| FF| LUT| Bitwidth P0| Bitwidth P1|
    +------------------------------------+----------+-------+---+----+------------+------------+
    |add_ln321_fu_2627_p2                |     +    |      0|  0|  39|          32|           1|
    |add_ln323_fu_2639_p2                |     +    |      0|  0|  39|          32|           1|
    |add_ln326_fu_2577_p2                |     +    |      0|  0|  39|          32|           1|
    |add_ln328_fu_2589_p2                |     +    |      0|  0|  39|          32|           1|
    |and_ln289_3_fu_2559_p2              |    and   |      0|  0|   2|           1|           1|
    |and_ln289_4_fu_2565_p2              |    and   |      0|  0|   2|           1|           1|
    |and_ln289_fu_2553_p2                |    and   |      0|  0|   2|           1|           1|
    |ap_block_state11_pp0_stage0_iter10  |    and   |      0|  0|   2|           1|           1|
    |ap_condition_2441                   |    and   |      0|  0|   2|           1|           1|
    |ap_condition_2662                   |    and   |      0|  0|   2|           1|           1|
    |io_acc_block_signal_op440           |    and   |      0|  0|   2|           1|           1|
    |icmp_ln289_4_fu_2507_p2             |   icmp   |      0|  0|  18|          32|           2|
    |icmp_ln289_5_fu_2527_p2             |   icmp   |      0|  0|  18|          31|           1|
    |icmp_ln289_6_fu_2547_p2             |   icmp   |      0|  0|  18|          31|           1|
    |icmp_ln289_fu_2497_p2               |   icmp   |      0|  0|  18|          32|           2|
    |icmp_ln313_fu_2571_p2               |   icmp   |      0|  0|  18|          32|           4|
    |icmp_ln317_fu_2621_p2               |   icmp   |      0|  0|  18|          32|           4|
    |ap_block_pp0_stage0_01001           |    or    |      0|  0|   2|           1|           1|
    |ap_block_pp0_stage0_subdone         |    or    |      0|  0|   2|           1|           1|
    |select_ln323_fu_2645_p3             |  select  |      0|  0|  32|           1|           2|
    |select_ln328_fu_2595_p3             |  select  |      0|  0|  32|           1|           2|
    |ap_enable_pp0                       |    xor   |      0|  0|   2|           1|           2|
    +------------------------------------+----------+-------+---+----+------------+------------+
    |Total                               |          |      0|  0| 348|         330|          33|
    +------------------------------------+----------+-------+---+----+------------+------------+

    * Multiplexer: 
    +-----------------------------------------+----+-----------+-----+-----------+
    |                   Name                  | LUT| Input Size| Bits| Total Bits|
    +-----------------------------------------+----+-----------+-----+-----------+
    |ap_phi_mux_storemerge_phi_fu_510_p4      |   9|          2|   32|         64|
    |ap_phi_reg_pp0_iter2_storemerge_reg_506  |   9|          2|   32|         64|
    |ap_sig_allocacmp_sY_5_load               |   9|          2|   32|         64|
    |pX_5                                     |   9|          2|   32|         64|
    |pY_5                                     |   9|          2|   32|         64|
    |res_stream_V_data_0_V_blk_n              |   9|          2|    1|          2|
    |res_stream_V_data_10_V_blk_n             |   9|          2|    1|          2|
    |res_stream_V_data_11_V_blk_n             |   9|          2|    1|          2|
    |res_stream_V_data_12_V_blk_n             |   9|          2|    1|          2|
    |res_stream_V_data_13_V_blk_n             |   9|          2|    1|          2|
    |res_stream_V_data_14_V_blk_n             |   9|          2|    1|          2|
    |res_stream_V_data_15_V_blk_n             |   9|          2|    1|          2|
    |res_stream_V_data_1_V_blk_n              |   9|          2|    1|          2|
    |res_stream_V_data_2_V_blk_n              |   9|          2|    1|          2|
    |res_stream_V_data_3_V_blk_n              |   9|          2|    1|          2|
    |res_stream_V_data_4_V_blk_n              |   9|          2|    1|          2|
    |res_stream_V_data_5_V_blk_n              |   9|          2|    1|          2|
    |res_stream_V_data_6_V_blk_n              |   9|          2|    1|          2|
    |res_stream_V_data_7_V_blk_n              |   9|          2|    1|          2|
    |res_stream_V_data_8_V_blk_n              |   9|          2|    1|          2|
    |res_stream_V_data_9_V_blk_n              |   9|          2|    1|          2|
    |sX_5                                     |   9|          2|   32|         64|
    +-----------------------------------------+----+-----------+-----+-----------+
    |Total                                    | 198|         44|  208|        416|
    +-----------------------------------------+----+-----------+-----+-----------+

    * Register: 
    +-----------------------------------------+----+----+-----+-----------+
    |                   Name                  | FF | LUT| Bits| Const Bits|
    +-----------------------------------------+----+----+-----+-----------+
    |and_ln289_4_reg_3449                     |   1|   0|    1|          0|
    |ap_CS_fsm                                |   1|   0|    1|          0|
    |ap_enable_reg_pp0_iter1                  |   1|   0|    1|          0|
    |ap_enable_reg_pp0_iter10                 |   1|   0|    1|          0|
    |ap_enable_reg_pp0_iter2                  |   1|   0|    1|          0|
    |ap_enable_reg_pp0_iter3                  |   1|   0|    1|          0|
    |ap_enable_reg_pp0_iter4                  |   1|   0|    1|          0|
    |ap_enable_reg_pp0_iter5                  |   1|   0|    1|          0|
    |ap_enable_reg_pp0_iter6                  |   1|   0|    1|          0|
    |ap_enable_reg_pp0_iter7                  |   1|   0|    1|          0|
    |ap_enable_reg_pp0_iter8                  |   1|   0|    1|          0|
    |ap_enable_reg_pp0_iter9                  |   1|   0|    1|          0|
    |ap_phi_reg_pp0_iter1_storemerge_reg_506  |  32|   0|   32|          0|
    |ap_phi_reg_pp0_iter2_storemerge_reg_506  |  32|   0|   32|          0|
    |icmp_ln313_reg_3453                      |   1|   0|    1|          0|
    |icmp_ln317_reg_3457                      |   1|   0|    1|          0|
    |kernel_data_V_0_ret_reg_2964             |  16|   0|   16|          0|
    |kernel_data_V_100_ret_reg_2784           |  16|   0|   16|          0|
    |kernel_data_V_101_ret_reg_2779           |  16|   0|   16|          0|
    |kernel_data_V_102_ret_reg_2774           |  16|   0|   16|          0|
    |kernel_data_V_103_ret_reg_2769           |  16|   0|   16|          0|
    |kernel_data_V_104_ret_reg_2764           |  16|   0|   16|          0|
    |kernel_data_V_105_ret_reg_2759           |  16|   0|   16|          0|
    |kernel_data_V_106_ret_reg_2754           |  16|   0|   16|          0|
    |kernel_data_V_107_ret_reg_2749           |  16|   0|   16|          0|
    |kernel_data_V_108_ret_reg_2744           |  16|   0|   16|          0|
    |kernel_data_V_109_ret_reg_2739           |  16|   0|   16|          0|
    |kernel_data_V_10_ret_reg_2914            |  16|   0|   16|          0|
    |kernel_data_V_110_ret_reg_2734           |  16|   0|   16|          0|
    |kernel_data_V_111_ret_reg_2729           |  16|   0|   16|          0|
    |kernel_data_V_112                        |  16|   0|   16|          0|
    |kernel_data_V_112_ret_reg_3289           |  16|   0|   16|          0|
    |kernel_data_V_113                        |  16|   0|   16|          0|
    |kernel_data_V_113_ret_reg_3294           |  16|   0|   16|          0|
    |kernel_data_V_114                        |  16|   0|   16|          0|
    |kernel_data_V_114_ret_reg_3299           |  16|   0|   16|          0|
    |kernel_data_V_115                        |  16|   0|   16|          0|
    |kernel_data_V_115_ret_reg_3304           |  16|   0|   16|          0|
    |kernel_data_V_116                        |  16|   0|   16|          0|
    |kernel_data_V_116_ret_reg_3309           |  16|   0|   16|          0|
    |kernel_data_V_117                        |  16|   0|   16|          0|
    |kernel_data_V_117_ret_reg_3314           |  16|   0|   16|          0|
    |kernel_data_V_118                        |  16|   0|   16|          0|
    |kernel_data_V_118_ret_reg_3319           |  16|   0|   16|          0|
    |kernel_data_V_119                        |  16|   0|   16|          0|
    |kernel_data_V_119_ret_reg_3324           |  16|   0|   16|          0|
    |kernel_data_V_11_ret_reg_2909            |  16|   0|   16|          0|
    |kernel_data_V_120                        |  16|   0|   16|          0|
    |kernel_data_V_120_ret_reg_3329           |  16|   0|   16|          0|
    |kernel_data_V_121                        |  16|   0|   16|          0|
    |kernel_data_V_121_ret_reg_3334           |  16|   0|   16|          0|
    |kernel_data_V_122                        |  16|   0|   16|          0|
    |kernel_data_V_122_ret_reg_3339           |  16|   0|   16|          0|
    |kernel_data_V_123                        |  16|   0|   16|          0|
    |kernel_data_V_123_ret_reg_3344           |  16|   0|   16|          0|
    |kernel_data_V_124                        |  16|   0|   16|          0|
    |kernel_data_V_124_ret_reg_3349           |  16|   0|   16|          0|
    |kernel_data_V_125                        |  16|   0|   16|          0|
    |kernel_data_V_125_ret_reg_3354           |  16|   0|   16|          0|
    |kernel_data_V_126                        |  16|   0|   16|          0|
    |kernel_data_V_126_ret_reg_3359           |  16|   0|   16|          0|
    |kernel_data_V_127                        |  16|   0|   16|          0|
    |kernel_data_V_127_ret_reg_3364           |  16|   0|   16|          0|
    |kernel_data_V_128                        |  16|   0|   16|          0|
    |kernel_data_V_128_ret_reg_3369           |  16|   0|   16|          0|
    |kernel_data_V_129                        |  16|   0|   16|          0|
    |kernel_data_V_129_ret_reg_3374           |  16|   0|   16|          0|
    |kernel_data_V_12_ret_reg_2904            |  16|   0|   16|          0|
    |kernel_data_V_130                        |  16|   0|   16|          0|
    |kernel_data_V_130_ret_reg_3379           |  16|   0|   16|          0|
    |kernel_data_V_131                        |  16|   0|   16|          0|
    |kernel_data_V_131_ret_reg_3384           |  16|   0|   16|          0|
    |kernel_data_V_132                        |  16|   0|   16|          0|
    |kernel_data_V_132_ret_reg_3389           |  16|   0|   16|          0|
    |kernel_data_V_133                        |  16|   0|   16|          0|
    |kernel_data_V_133_ret_reg_3394           |  16|   0|   16|          0|
    |kernel_data_V_134                        |  16|   0|   16|          0|
    |kernel_data_V_134_ret_reg_3399           |  16|   0|   16|          0|
    |kernel_data_V_135                        |  16|   0|   16|          0|
    |kernel_data_V_135_ret_reg_3404           |  16|   0|   16|          0|
    |kernel_data_V_136                        |  16|   0|   16|          0|
    |kernel_data_V_136_ret_reg_3409           |  16|   0|   16|          0|
    |kernel_data_V_137                        |  16|   0|   16|          0|
    |kernel_data_V_137_ret_reg_3414           |  16|   0|   16|          0|
    |kernel_data_V_138                        |  16|   0|   16|          0|
    |kernel_data_V_138_ret_reg_3419           |  16|   0|   16|          0|
    |kernel_data_V_139                        |  16|   0|   16|          0|
    |kernel_data_V_139_ret_reg_3424           |  16|   0|   16|          0|
    |kernel_data_V_13_ret_reg_2899            |  16|   0|   16|          0|
    |kernel_data_V_140                        |  16|   0|   16|          0|
    |kernel_data_V_140_ret_reg_3429           |  16|   0|   16|          0|
    |kernel_data_V_141                        |  16|   0|   16|          0|
    |kernel_data_V_141_ret_reg_3434           |  16|   0|   16|          0|
    |kernel_data_V_142                        |  16|   0|   16|          0|
    |kernel_data_V_142_ret_reg_3439           |  16|   0|   16|          0|
    |kernel_data_V_143                        |  16|   0|   16|          0|
    |kernel_data_V_143_ret_reg_3444           |  16|   0|   16|          0|
    |kernel_data_V_14_ret_reg_2894            |  16|   0|   16|          0|
    |kernel_data_V_1521_ret_reg_2959          |  16|   0|   16|          0|
    |kernel_data_V_15_ret_reg_2889            |  16|   0|   16|          0|
    |kernel_data_V_16                         |  16|   0|   16|          0|
    |kernel_data_V_16_ret_reg_2969            |  16|   0|   16|          0|
    |kernel_data_V_17                         |  16|   0|   16|          0|
    |kernel_data_V_17_ret_reg_2974            |  16|   0|   16|          0|
    |kernel_data_V_18                         |  16|   0|   16|          0|
    |kernel_data_V_18_ret_reg_2979            |  16|   0|   16|          0|
    |kernel_data_V_19                         |  16|   0|   16|          0|
    |kernel_data_V_19_ret_reg_2984            |  16|   0|   16|          0|
    |kernel_data_V_20                         |  16|   0|   16|          0|
    |kernel_data_V_20_ret_reg_2989            |  16|   0|   16|          0|
    |kernel_data_V_21                         |  16|   0|   16|          0|
    |kernel_data_V_21_ret_reg_2994            |  16|   0|   16|          0|
    |kernel_data_V_22                         |  16|   0|   16|          0|
    |kernel_data_V_22_ret_reg_2999            |  16|   0|   16|          0|
    |kernel_data_V_23                         |  16|   0|   16|          0|
    |kernel_data_V_23_ret_reg_3004            |  16|   0|   16|          0|
    |kernel_data_V_24                         |  16|   0|   16|          0|
    |kernel_data_V_24_ret_reg_3009            |  16|   0|   16|          0|
    |kernel_data_V_25                         |  16|   0|   16|          0|
    |kernel_data_V_2522_ret_reg_2954          |  16|   0|   16|          0|
    |kernel_data_V_25_ret_reg_3014            |  16|   0|   16|          0|
    |kernel_data_V_26                         |  16|   0|   16|          0|
    |kernel_data_V_26_ret_reg_3019            |  16|   0|   16|          0|
    |kernel_data_V_27                         |  16|   0|   16|          0|
    |kernel_data_V_27_ret_reg_3024            |  16|   0|   16|          0|
    |kernel_data_V_28                         |  16|   0|   16|          0|
    |kernel_data_V_28_ret_reg_3029            |  16|   0|   16|          0|
    |kernel_data_V_29                         |  16|   0|   16|          0|
    |kernel_data_V_29_ret_reg_3034            |  16|   0|   16|          0|
    |kernel_data_V_30                         |  16|   0|   16|          0|
    |kernel_data_V_30_ret_reg_3039            |  16|   0|   16|          0|
    |kernel_data_V_31                         |  16|   0|   16|          0|
    |kernel_data_V_31_ret_reg_3044            |  16|   0|   16|          0|
    |kernel_data_V_32                         |  16|   0|   16|          0|
    |kernel_data_V_32_ret_reg_3049            |  16|   0|   16|          0|
    |kernel_data_V_33                         |  16|   0|   16|          0|
    |kernel_data_V_33_ret_reg_3054            |  16|   0|   16|          0|
    |kernel_data_V_34                         |  16|   0|   16|          0|
    |kernel_data_V_34_ret_reg_3059            |  16|   0|   16|          0|
    |kernel_data_V_35                         |  16|   0|   16|          0|
    |kernel_data_V_3523_ret_reg_2949          |  16|   0|   16|          0|
    |kernel_data_V_35_ret_reg_3064            |  16|   0|   16|          0|
    |kernel_data_V_36                         |  16|   0|   16|          0|
    |kernel_data_V_36_ret_reg_3069            |  16|   0|   16|          0|
    |kernel_data_V_37                         |  16|   0|   16|          0|
    |kernel_data_V_37_ret_reg_3074            |  16|   0|   16|          0|
    |kernel_data_V_38                         |  16|   0|   16|          0|
    |kernel_data_V_38_ret_reg_3079            |  16|   0|   16|          0|
    |kernel_data_V_39                         |  16|   0|   16|          0|
    |kernel_data_V_39_ret_reg_3084            |  16|   0|   16|          0|
    |kernel_data_V_40                         |  16|   0|   16|          0|
    |kernel_data_V_40_ret_reg_3089            |  16|   0|   16|          0|
    |kernel_data_V_41                         |  16|   0|   16|          0|
    |kernel_data_V_41_ret_reg_3094            |  16|   0|   16|          0|
    |kernel_data_V_42                         |  16|   0|   16|          0|
    |kernel_data_V_42_ret_reg_3099            |  16|   0|   16|          0|
    |kernel_data_V_43                         |  16|   0|   16|          0|
    |kernel_data_V_43_ret_reg_3104            |  16|   0|   16|          0|
    |kernel_data_V_44                         |  16|   0|   16|          0|
    |kernel_data_V_44_ret_reg_3109            |  16|   0|   16|          0|
    |kernel_data_V_45                         |  16|   0|   16|          0|
    |kernel_data_V_4524_ret_reg_2944          |  16|   0|   16|          0|
    |kernel_data_V_45_ret_reg_3114            |  16|   0|   16|          0|
    |kernel_data_V_46                         |  16|   0|   16|          0|
    |kernel_data_V_46_ret_reg_3119            |  16|   0|   16|          0|
    |kernel_data_V_47                         |  16|   0|   16|          0|
    |kernel_data_V_47_ret_reg_3124            |  16|   0|   16|          0|
    |kernel_data_V_48_ret_reg_2884            |  16|   0|   16|          0|
    |kernel_data_V_49_ret_reg_2879            |  16|   0|   16|          0|
    |kernel_data_V_50_ret_reg_2874            |  16|   0|   16|          0|
    |kernel_data_V_51_ret_reg_2869            |  16|   0|   16|          0|
    |kernel_data_V_52_ret_reg_2864            |  16|   0|   16|          0|
    |kernel_data_V_53_ret_reg_2859            |  16|   0|   16|          0|
    |kernel_data_V_54_ret_reg_2854            |  16|   0|   16|          0|
    |kernel_data_V_5525_ret_reg_2939          |  16|   0|   16|          0|
    |kernel_data_V_55_ret_reg_2849            |  16|   0|   16|          0|
    |kernel_data_V_56_ret_reg_2844            |  16|   0|   16|          0|
    |kernel_data_V_57_ret_reg_2839            |  16|   0|   16|          0|
    |kernel_data_V_58_ret_reg_2834            |  16|   0|   16|          0|
    |kernel_data_V_59_ret_reg_2829            |  16|   0|   16|          0|
    |kernel_data_V_60_ret_reg_2824            |  16|   0|   16|          0|
    |kernel_data_V_61_ret_reg_2819            |  16|   0|   16|          0|
    |kernel_data_V_62_ret_reg_2814            |  16|   0|   16|          0|
    |kernel_data_V_63_ret_reg_2809            |  16|   0|   16|          0|
    |kernel_data_V_64                         |  16|   0|   16|          0|
    |kernel_data_V_64_ret_reg_3129            |  16|   0|   16|          0|
    |kernel_data_V_65                         |  16|   0|   16|          0|
    |kernel_data_V_65_ret_reg_3134            |  16|   0|   16|          0|
    |kernel_data_V_66                         |  16|   0|   16|          0|
    |kernel_data_V_66_ret_reg_3139            |  16|   0|   16|          0|
    |kernel_data_V_67                         |  16|   0|   16|          0|
    |kernel_data_V_67_ret_reg_3144            |  16|   0|   16|          0|
    |kernel_data_V_68                         |  16|   0|   16|          0|
    |kernel_data_V_68_ret_reg_3149            |  16|   0|   16|          0|
    |kernel_data_V_69                         |  16|   0|   16|          0|
    |kernel_data_V_69_ret_reg_3154            |  16|   0|   16|          0|
    |kernel_data_V_6_ret_reg_2934             |  16|   0|   16|          0|
    |kernel_data_V_70                         |  16|   0|   16|          0|
    |kernel_data_V_70_ret_reg_3159            |  16|   0|   16|          0|
    |kernel_data_V_71                         |  16|   0|   16|          0|
    |kernel_data_V_71_ret_reg_3164            |  16|   0|   16|          0|
    |kernel_data_V_72                         |  16|   0|   16|          0|
    |kernel_data_V_72_ret_reg_3169            |  16|   0|   16|          0|
    |kernel_data_V_73                         |  16|   0|   16|          0|
    |kernel_data_V_73_ret_reg_3174            |  16|   0|   16|          0|
    |kernel_data_V_74                         |  16|   0|   16|          0|
    |kernel_data_V_74_ret_reg_3179            |  16|   0|   16|          0|
    |kernel_data_V_75                         |  16|   0|   16|          0|
    |kernel_data_V_75_ret_reg_3184            |  16|   0|   16|          0|
    |kernel_data_V_76                         |  16|   0|   16|          0|
    |kernel_data_V_76_ret_reg_3189            |  16|   0|   16|          0|
    |kernel_data_V_77                         |  16|   0|   16|          0|
    |kernel_data_V_77_ret_reg_3194            |  16|   0|   16|          0|
    |kernel_data_V_78                         |  16|   0|   16|          0|
    |kernel_data_V_78_ret_reg_3199            |  16|   0|   16|          0|
    |kernel_data_V_79                         |  16|   0|   16|          0|
    |kernel_data_V_79_ret_reg_3204            |  16|   0|   16|          0|
    |kernel_data_V_7_ret_reg_2929             |  16|   0|   16|          0|
    |kernel_data_V_80                         |  16|   0|   16|          0|
    |kernel_data_V_80_ret_reg_3209            |  16|   0|   16|          0|
    |kernel_data_V_81                         |  16|   0|   16|          0|
    |kernel_data_V_81_ret_reg_3214            |  16|   0|   16|          0|
    |kernel_data_V_82                         |  16|   0|   16|          0|
    |kernel_data_V_82_ret_reg_3219            |  16|   0|   16|          0|
    |kernel_data_V_83                         |  16|   0|   16|          0|
    |kernel_data_V_83_ret_reg_3224            |  16|   0|   16|          0|
    |kernel_data_V_84                         |  16|   0|   16|          0|
    |kernel_data_V_84_ret_reg_3229            |  16|   0|   16|          0|
    |kernel_data_V_85                         |  16|   0|   16|          0|
    |kernel_data_V_85_ret_reg_3234            |  16|   0|   16|          0|
    |kernel_data_V_86                         |  16|   0|   16|          0|
    |kernel_data_V_86_ret_reg_3239            |  16|   0|   16|          0|
    |kernel_data_V_87                         |  16|   0|   16|          0|
    |kernel_data_V_87_ret_reg_3244            |  16|   0|   16|          0|
    |kernel_data_V_88                         |  16|   0|   16|          0|
    |kernel_data_V_88_ret_reg_3249            |  16|   0|   16|          0|
    |kernel_data_V_89                         |  16|   0|   16|          0|
    |kernel_data_V_89_ret_reg_3254            |  16|   0|   16|          0|
    |kernel_data_V_8_ret_reg_2924             |  16|   0|   16|          0|
    |kernel_data_V_90                         |  16|   0|   16|          0|
    |kernel_data_V_90_ret_reg_3259            |  16|   0|   16|          0|
    |kernel_data_V_91                         |  16|   0|   16|          0|
    |kernel_data_V_91_ret_reg_3264            |  16|   0|   16|          0|
    |kernel_data_V_92                         |  16|   0|   16|          0|
    |kernel_data_V_92_ret_reg_3269            |  16|   0|   16|          0|
    |kernel_data_V_93                         |  16|   0|   16|          0|
    |kernel_data_V_93_ret_reg_3274            |  16|   0|   16|          0|
    |kernel_data_V_94                         |  16|   0|   16|          0|
    |kernel_data_V_94_ret_reg_3279            |  16|   0|   16|          0|
    |kernel_data_V_95                         |  16|   0|   16|          0|
    |kernel_data_V_95_ret_reg_3284            |  16|   0|   16|          0|
    |kernel_data_V_96_ret_reg_2804            |  16|   0|   16|          0|
    |kernel_data_V_97_ret_reg_2799            |  16|   0|   16|          0|
    |kernel_data_V_98_ret_reg_2794            |  16|   0|   16|          0|
    |kernel_data_V_99_ret_reg_2789            |  16|   0|   16|          0|
    |kernel_data_V_9_ret_reg_2919             |  16|   0|   16|          0|
    |pX_5                                     |  32|   0|   32|          0|
    |pY_5                                     |  32|   0|   32|          0|
    |sX_5                                     |  32|   0|   32|          0|
    |sY_5                                     |  32|   0|   32|          0|
    |select_ln323_reg_3461                    |  32|   0|   32|          0|
    |tmp_data_0_V_reg_3466                    |  16|   0|   16|          0|
    |tmp_data_10_V_reg_3516                   |  16|   0|   16|          0|
    |tmp_data_11_V_reg_3521                   |  16|   0|   16|          0|
    |tmp_data_12_V_reg_3526                   |  16|   0|   16|          0|
    |tmp_data_13_V_reg_3531                   |  16|   0|   16|          0|
    |tmp_data_14_V_reg_3536                   |  16|   0|   16|          0|
    |tmp_data_15_V_reg_3541                   |  16|   0|   16|          0|
    |tmp_data_1_V_reg_3471                    |  16|   0|   16|          0|
    |tmp_data_2_V_reg_3476                    |  16|   0|   16|          0|
    |tmp_data_3_V_reg_3481                    |  16|   0|   16|          0|
    |tmp_data_4_V_reg_3486                    |  16|   0|   16|          0|
    |tmp_data_5_V_reg_3491                    |  16|   0|   16|          0|
    |tmp_data_6_V_reg_3496                    |  16|   0|   16|          0|
    |tmp_data_7_V_reg_3501                    |  16|   0|   16|          0|
    |tmp_data_8_V_reg_3506                    |  16|   0|   16|          0|
    |tmp_data_9_V_reg_3511                    |  16|   0|   16|          0|
    |and_ln289_4_reg_3449                     |  64|  32|    1|          0|
    +-----------------------------------------+----+----+-----+-----------+
    |Total                                    |4398|  32| 4335|          0|
    +-----------------------------------------+----+----+-----+-----------+



================================================================
== Interface
================================================================
* Summary: 
+-------------------------------+-----+-----+------------+-------------------------------------------------------------------------+--------------+
|           RTL Ports           | Dir | Bits|  Protocol  |                              Source Object                              |    C Type    |
+-------------------------------+-----+-----+------------+-------------------------------------------------------------------------+--------------+
|ap_clk                         |  in |    1| ap_ctrl_hs | compute_output_buffer_2d<array,array<ap_fixed<16,6,5,3,0>,16u>,config6> | return value |
|ap_rst                         |  in |    1| ap_ctrl_hs | compute_output_buffer_2d<array,array<ap_fixed<16,6,5,3,0>,16u>,config6> | return value |
|ap_start                       |  in |    1| ap_ctrl_hs | compute_output_buffer_2d<array,array<ap_fixed<16,6,5,3,0>,16u>,config6> | return value |
|ap_done                        | out |    1| ap_ctrl_hs | compute_output_buffer_2d<array,array<ap_fixed<16,6,5,3,0>,16u>,config6> | return value |
|ap_idle                        | out |    1| ap_ctrl_hs | compute_output_buffer_2d<array,array<ap_fixed<16,6,5,3,0>,16u>,config6> | return value |
|ap_ready                       | out |    1| ap_ctrl_hs | compute_output_buffer_2d<array,array<ap_fixed<16,6,5,3,0>,16u>,config6> | return value |
|ap_ce                          |  in |    1| ap_ctrl_hs | compute_output_buffer_2d<array,array<ap_fixed<16,6,5,3,0>,16u>,config6> | return value |
|res_stream_V_data_0_V_blk_n    | out |    1| ap_ctrl_hs | compute_output_buffer_2d<array,array<ap_fixed<16,6,5,3,0>,16u>,config6> | return value |
|res_stream_V_data_1_V_blk_n    | out |    1| ap_ctrl_hs | compute_output_buffer_2d<array,array<ap_fixed<16,6,5,3,0>,16u>,config6> | return value |
|res_stream_V_data_2_V_blk_n    | out |    1| ap_ctrl_hs | compute_output_buffer_2d<array,array<ap_fixed<16,6,5,3,0>,16u>,config6> | return value |
|res_stream_V_data_3_V_blk_n    | out |    1| ap_ctrl_hs | compute_output_buffer_2d<array,array<ap_fixed<16,6,5,3,0>,16u>,config6> | return value |
|res_stream_V_data_4_V_blk_n    | out |    1| ap_ctrl_hs | compute_output_buffer_2d<array,array<ap_fixed<16,6,5,3,0>,16u>,config6> | return value |
|res_stream_V_data_5_V_blk_n    | out |    1| ap_ctrl_hs | compute_output_buffer_2d<array,array<ap_fixed<16,6,5,3,0>,16u>,config6> | return value |
|res_stream_V_data_6_V_blk_n    | out |    1| ap_ctrl_hs | compute_output_buffer_2d<array,array<ap_fixed<16,6,5,3,0>,16u>,config6> | return value |
|res_stream_V_data_7_V_blk_n    | out |    1| ap_ctrl_hs | compute_output_buffer_2d<array,array<ap_fixed<16,6,5,3,0>,16u>,config6> | return value |
|res_stream_V_data_8_V_blk_n    | out |    1| ap_ctrl_hs | compute_output_buffer_2d<array,array<ap_fixed<16,6,5,3,0>,16u>,config6> | return value |
|res_stream_V_data_9_V_blk_n    | out |    1| ap_ctrl_hs | compute_output_buffer_2d<array,array<ap_fixed<16,6,5,3,0>,16u>,config6> | return value |
|res_stream_V_data_10_V_blk_n   | out |    1| ap_ctrl_hs | compute_output_buffer_2d<array,array<ap_fixed<16,6,5,3,0>,16u>,config6> | return value |
|res_stream_V_data_11_V_blk_n   | out |    1| ap_ctrl_hs | compute_output_buffer_2d<array,array<ap_fixed<16,6,5,3,0>,16u>,config6> | return value |
|res_stream_V_data_12_V_blk_n   | out |    1| ap_ctrl_hs | compute_output_buffer_2d<array,array<ap_fixed<16,6,5,3,0>,16u>,config6> | return value |
|res_stream_V_data_13_V_blk_n   | out |    1| ap_ctrl_hs | compute_output_buffer_2d<array,array<ap_fixed<16,6,5,3,0>,16u>,config6> | return value |
|res_stream_V_data_14_V_blk_n   | out |    1| ap_ctrl_hs | compute_output_buffer_2d<array,array<ap_fixed<16,6,5,3,0>,16u>,config6> | return value |
|res_stream_V_data_15_V_blk_n   | out |    1| ap_ctrl_hs | compute_output_buffer_2d<array,array<ap_fixed<16,6,5,3,0>,16u>,config6> | return value |
|res_stream_V_data_0_V_din      | out |   16|   ap_fifo  |                          res_stream_V_data_0_V                          |    pointer   |
|res_stream_V_data_0_V_full_n   |  in |    1|   ap_fifo  |                          res_stream_V_data_0_V                          |    pointer   |
|res_stream_V_data_0_V_write    | out |    1|   ap_fifo  |                          res_stream_V_data_0_V                          |    pointer   |
|res_stream_V_data_1_V_din      | out |   16|   ap_fifo  |                          res_stream_V_data_1_V                          |    pointer   |
|res_stream_V_data_1_V_full_n   |  in |    1|   ap_fifo  |                          res_stream_V_data_1_V                          |    pointer   |
|res_stream_V_data_1_V_write    | out |    1|   ap_fifo  |                          res_stream_V_data_1_V                          |    pointer   |
|res_stream_V_data_2_V_din      | out |   16|   ap_fifo  |                          res_stream_V_data_2_V                          |    pointer   |
|res_stream_V_data_2_V_full_n   |  in |    1|   ap_fifo  |                          res_stream_V_data_2_V                          |    pointer   |
|res_stream_V_data_2_V_write    | out |    1|   ap_fifo  |                          res_stream_V_data_2_V                          |    pointer   |
|res_stream_V_data_3_V_din      | out |   16|   ap_fifo  |                          res_stream_V_data_3_V                          |    pointer   |
|res_stream_V_data_3_V_full_n   |  in |    1|   ap_fifo  |                          res_stream_V_data_3_V                          |    pointer   |
|res_stream_V_data_3_V_write    | out |    1|   ap_fifo  |                          res_stream_V_data_3_V                          |    pointer   |
|res_stream_V_data_4_V_din      | out |   16|   ap_fifo  |                          res_stream_V_data_4_V                          |    pointer   |
|res_stream_V_data_4_V_full_n   |  in |    1|   ap_fifo  |                          res_stream_V_data_4_V                          |    pointer   |
|res_stream_V_data_4_V_write    | out |    1|   ap_fifo  |                          res_stream_V_data_4_V                          |    pointer   |
|res_stream_V_data_5_V_din      | out |   16|   ap_fifo  |                          res_stream_V_data_5_V                          |    pointer   |
|res_stream_V_data_5_V_full_n   |  in |    1|   ap_fifo  |                          res_stream_V_data_5_V                          |    pointer   |
|res_stream_V_data_5_V_write    | out |    1|   ap_fifo  |                          res_stream_V_data_5_V                          |    pointer   |
|res_stream_V_data_6_V_din      | out |   16|   ap_fifo  |                          res_stream_V_data_6_V                          |    pointer   |
|res_stream_V_data_6_V_full_n   |  in |    1|   ap_fifo  |                          res_stream_V_data_6_V                          |    pointer   |
|res_stream_V_data_6_V_write    | out |    1|   ap_fifo  |                          res_stream_V_data_6_V                          |    pointer   |
|res_stream_V_data_7_V_din      | out |   16|   ap_fifo  |                          res_stream_V_data_7_V                          |    pointer   |
|res_stream_V_data_7_V_full_n   |  in |    1|   ap_fifo  |                          res_stream_V_data_7_V                          |    pointer   |
|res_stream_V_data_7_V_write    | out |    1|   ap_fifo  |                          res_stream_V_data_7_V                          |    pointer   |
|res_stream_V_data_8_V_din      | out |   16|   ap_fifo  |                          res_stream_V_data_8_V                          |    pointer   |
|res_stream_V_data_8_V_full_n   |  in |    1|   ap_fifo  |                          res_stream_V_data_8_V                          |    pointer   |
|res_stream_V_data_8_V_write    | out |    1|   ap_fifo  |                          res_stream_V_data_8_V                          |    pointer   |
|res_stream_V_data_9_V_din      | out |   16|   ap_fifo  |                          res_stream_V_data_9_V                          |    pointer   |
|res_stream_V_data_9_V_full_n   |  in |    1|   ap_fifo  |                          res_stream_V_data_9_V                          |    pointer   |
|res_stream_V_data_9_V_write    | out |    1|   ap_fifo  |                          res_stream_V_data_9_V                          |    pointer   |
|res_stream_V_data_10_V_din     | out |   16|   ap_fifo  |                          res_stream_V_data_10_V                         |    pointer   |
|res_stream_V_data_10_V_full_n  |  in |    1|   ap_fifo  |                          res_stream_V_data_10_V                         |    pointer   |
|res_stream_V_data_10_V_write   | out |    1|   ap_fifo  |                          res_stream_V_data_10_V                         |    pointer   |
|res_stream_V_data_11_V_din     | out |   16|   ap_fifo  |                          res_stream_V_data_11_V                         |    pointer   |
|res_stream_V_data_11_V_full_n  |  in |    1|   ap_fifo  |                          res_stream_V_data_11_V                         |    pointer   |
|res_stream_V_data_11_V_write   | out |    1|   ap_fifo  |                          res_stream_V_data_11_V                         |    pointer   |
|res_stream_V_data_12_V_din     | out |   16|   ap_fifo  |                          res_stream_V_data_12_V                         |    pointer   |
|res_stream_V_data_12_V_full_n  |  in |    1|   ap_fifo  |                          res_stream_V_data_12_V                         |    pointer   |
|res_stream_V_data_12_V_write   | out |    1|   ap_fifo  |                          res_stream_V_data_12_V                         |    pointer   |
|res_stream_V_data_13_V_din     | out |   16|   ap_fifo  |                          res_stream_V_data_13_V                         |    pointer   |
|res_stream_V_data_13_V_full_n  |  in |    1|   ap_fifo  |                          res_stream_V_data_13_V                         |    pointer   |
|res_stream_V_data_13_V_write   | out |    1|   ap_fifo  |                          res_stream_V_data_13_V                         |    pointer   |
|res_stream_V_data_14_V_din     | out |   16|   ap_fifo  |                          res_stream_V_data_14_V                         |    pointer   |
|res_stream_V_data_14_V_full_n  |  in |    1|   ap_fifo  |                          res_stream_V_data_14_V                         |    pointer   |
|res_stream_V_data_14_V_write   | out |    1|   ap_fifo  |                          res_stream_V_data_14_V                         |    pointer   |
|res_stream_V_data_15_V_din     | out |   16|   ap_fifo  |                          res_stream_V_data_15_V                         |    pointer   |
|res_stream_V_data_15_V_full_n  |  in |    1|   ap_fifo  |                          res_stream_V_data_15_V                         |    pointer   |
|res_stream_V_data_15_V_write   | out |    1|   ap_fifo  |                          res_stream_V_data_15_V                         |    pointer   |
|in_elem_data_0_V_read          |  in |   16|   ap_none  |                          in_elem_data_0_V_read                          |    scalar    |
|in_elem_data_1_V_read          |  in |   16|   ap_none  |                          in_elem_data_1_V_read                          |    scalar    |
|in_elem_data_2_V_read          |  in |   16|   ap_none  |                          in_elem_data_2_V_read                          |    scalar    |
|in_elem_data_3_V_read          |  in |   16|   ap_none  |                          in_elem_data_3_V_read                          |    scalar    |
|in_elem_data_4_V_read          |  in |   16|   ap_none  |                          in_elem_data_4_V_read                          |    scalar    |
|in_elem_data_5_V_read          |  in |   16|   ap_none  |                          in_elem_data_5_V_read                          |    scalar    |
|in_elem_data_6_V_read          |  in |   16|   ap_none  |                          in_elem_data_6_V_read                          |    scalar    |
|in_elem_data_7_V_read          |  in |   16|   ap_none  |                          in_elem_data_7_V_read                          |    scalar    |
|in_elem_data_8_V_read          |  in |   16|   ap_none  |                          in_elem_data_8_V_read                          |    scalar    |
|in_elem_data_9_V_read          |  in |   16|   ap_none  |                          in_elem_data_9_V_read                          |    scalar    |
|in_elem_data_10_V_read         |  in |   16|   ap_none  |                          in_elem_data_10_V_read                         |    scalar    |
|in_elem_data_11_V_read         |  in |   16|   ap_none  |                          in_elem_data_11_V_read                         |    scalar    |
|in_elem_data_12_V_read         |  in |   16|   ap_none  |                          in_elem_data_12_V_read                         |    scalar    |
|in_elem_data_13_V_read         |  in |   16|   ap_none  |                          in_elem_data_13_V_read                         |    scalar    |
|in_elem_data_14_V_read         |  in |   16|   ap_none  |                          in_elem_data_14_V_read                         |    scalar    |
|in_elem_data_15_V_read         |  in |   16|   ap_none  |                          in_elem_data_15_V_read                         |    scalar    |
+-------------------------------+-----+-----+------------+-------------------------------------------------------------------------+--------------+

