

================================================================
== Vivado HLS Report for 'dense_array_ap_ufixed_64u_array_ap_fixed_16_6_5_3_0_10u_config23_s'
================================================================
* Date:           Wed Apr  3 17:47:28 2024

* Version:        2019.2 (Build 2704478 on Wed Nov 06 22:10:23 MST 2019)
* Project:        myproject_prj
* Solution:       solution1
* Product family: zynq
* Target device:  xc7z020-clg400-1


================================================================
== Performance Estimates
================================================================
+ Timing: 
    * Summary: 
    +--------+---------+----------+------------+
    |  Clock |  Target | Estimated| Uncertainty|
    +--------+---------+----------+------------+
    |ap_clk  | 5.00 ns | 4.520 ns |   0.62 ns  |
    +--------+---------+----------+------------+

+ Latency: 
    * Summary: 
    +---------+---------+-----------+-----------+-----+-----+---------+
    |  Latency (cycles) |   Latency (absolute)  |  Interval | Pipeline|
    |   min   |   max   |    min    |    max    | min | max |   Type  |
    +---------+---------+-----------+-----------+-----+-----+---------+
    |        9|        9| 45.000 ns | 45.000 ns |    9|    9|   none  |
    +---------+---------+-----------+-----------+-----+-----+---------+

    + Detail: 
        * Instance: 
        +-----------------------------------------------------------------------------+------------------------------------------------------------------+---------+---------+-----------+-----------+-----+-----+----------+
        |                                                                             |                                                                  |  Latency (cycles) |   Latency (absolute)  |  Interval | Pipeline |
        |                                   Instance                                  |                              Module                              |   min   |   max   |    min    |    max    | min | max |   Type   |
        +-----------------------------------------------------------------------------+------------------------------------------------------------------+---------+---------+-----------+-----------+-----+-----+----------+
        |grp_dense_wrapper_ap_ufixed_6_0_4_0_0_ap_fixed_16_6_5_3_0_config23_s_fu_338  |dense_wrapper_ap_ufixed_6_0_4_0_0_ap_fixed_16_6_5_3_0_config23_s  |        6|        6| 30.000 ns | 30.000 ns |    1|    1| function |
        +-----------------------------------------------------------------------------+------------------------------------------------------------------+---------+---------+-----------+-----------+-----+-----+----------+

        * Loop: 
        N/A



================================================================
== Utilization Estimates
================================================================
* Summary: 
+-----------------+---------+-------+--------+-------+-----+
|       Name      | BRAM_18K| DSP48E|   FF   |  LUT  | URAM|
+-----------------+---------+-------+--------+-------+-----+
|DSP              |        -|      -|       -|      -|    -|
|Expression       |        -|      -|       0|      6|    -|
|FIFO             |        -|      -|       -|      -|    -|
|Instance         |        0|    168|   18555|  30006|    -|
|Memory           |        -|      -|       -|      -|    -|
|Multiplexer      |        -|      -|       -|    734|    -|
|Register         |        -|      -|     556|      -|    -|
+-----------------+---------+-------+--------+-------+-----+
|Total            |        0|    168|   19111|  30746|    0|
+-----------------+---------+-------+--------+-------+-----+
|Available        |      280|    220|  106400|  53200|    0|
+-----------------+---------+-------+--------+-------+-----+
|Utilization (%)  |        0|     76|      17|     57|    0|
+-----------------+---------+-------+--------+-------+-----+

+ Detail: 
    * Instance: 
    +-----------------------------------------------------------------------------+------------------------------------------------------------------+---------+-------+-------+-------+-----+
    |                                   Instance                                  |                              Module                              | BRAM_18K| DSP48E|   FF  |  LUT  | URAM|
    +-----------------------------------------------------------------------------+------------------------------------------------------------------+---------+-------+-------+-------+-----+
    |grp_dense_wrapper_ap_ufixed_6_0_4_0_0_ap_fixed_16_6_5_3_0_config23_s_fu_338  |dense_wrapper_ap_ufixed_6_0_4_0_0_ap_fixed_16_6_5_3_0_config23_s  |        0|    168|  18555|  30006|    0|
    +-----------------------------------------------------------------------------+------------------------------------------------------------------+---------+-------+-------+-------+-----+
    |Total                                                                        |                                                                  |        0|    168|  18555|  30006|    0|
    +-----------------------------------------------------------------------------+------------------------------------------------------------------+---------+-------+-------+-------+-----+

    * DSP48E: 
    N/A

    * Memory: 
    N/A

    * FIFO: 
    N/A

    * Expression: 
    +---------------------------+----------+-------+---+----+------------+------------+
    |       Variable Name       | Operation| DSP48E| FF| LUT| Bitwidth P0| Bitwidth P1|
    +---------------------------+----------+-------+---+----+------------+------------+
    |io_acc_block_signal_op11   |    and   |      0|  0|   2|           1|           1|
    |io_acc_block_signal_op170  |    and   |      0|  0|   2|           1|           1|
    |ap_block_state1            |    or    |      0|  0|   2|           1|           1|
    +---------------------------+----------+-------+---+----+------------+------------+
    |Total                      |          |      0|  0|   6|           3|           3|
    +---------------------------+----------+-------+---+----+------------+------------+

    * Multiplexer: 
    +-------------------------------+----+-----------+-----+-----------+
    |              Name             | LUT| Input Size| Bits| Total Bits|
    +-------------------------------+----+-----------+-----+-----------+
    |ap_NS_fsm                      |  50|         11|    1|         11|
    |ap_done                        |   9|          2|    1|          2|
    |data_stream_V_data_0_V_blk_n   |   9|          2|    1|          2|
    |data_stream_V_data_10_V_blk_n  |   9|          2|    1|          2|
    |data_stream_V_data_11_V_blk_n  |   9|          2|    1|          2|
    |data_stream_V_data_12_V_blk_n  |   9|          2|    1|          2|
    |data_stream_V_data_13_V_blk_n  |   9|          2|    1|          2|
    |data_stream_V_data_14_V_blk_n  |   9|          2|    1|          2|
    |data_stream_V_data_15_V_blk_n  |   9|          2|    1|          2|
    |data_stream_V_data_16_V_blk_n  |   9|          2|    1|          2|
    |data_stream_V_data_17_V_blk_n  |   9|          2|    1|          2|
    |data_stream_V_data_18_V_blk_n  |   9|          2|    1|          2|
    |data_stream_V_data_19_V_blk_n  |   9|          2|    1|          2|
    |data_stream_V_data_1_V_blk_n   |   9|          2|    1|          2|
    |data_stream_V_data_20_V_blk_n  |   9|          2|    1|          2|
    |data_stream_V_data_21_V_blk_n  |   9|          2|    1|          2|
    |data_stream_V_data_22_V_blk_n  |   9|          2|    1|          2|
    |data_stream_V_data_23_V_blk_n  |   9|          2|    1|          2|
    |data_stream_V_data_24_V_blk_n  |   9|          2|    1|          2|
    |data_stream_V_data_25_V_blk_n  |   9|          2|    1|          2|
    |data_stream_V_data_26_V_blk_n  |   9|          2|    1|          2|
    |data_stream_V_data_27_V_blk_n  |   9|          2|    1|          2|
    |data_stream_V_data_28_V_blk_n  |   9|          2|    1|          2|
    |data_stream_V_data_29_V_blk_n  |   9|          2|    1|          2|
    |data_stream_V_data_2_V_blk_n   |   9|          2|    1|          2|
    |data_stream_V_data_30_V_blk_n  |   9|          2|    1|          2|
    |data_stream_V_data_31_V_blk_n  |   9|          2|    1|          2|
    |data_stream_V_data_32_V_blk_n  |   9|          2|    1|          2|
    |data_stream_V_data_33_V_blk_n  |   9|          2|    1|          2|
    |data_stream_V_data_34_V_blk_n  |   9|          2|    1|          2|
    |data_stream_V_data_35_V_blk_n  |   9|          2|    1|          2|
    |data_stream_V_data_36_V_blk_n  |   9|          2|    1|          2|
    |data_stream_V_data_37_V_blk_n  |   9|          2|    1|          2|
    |data_stream_V_data_38_V_blk_n  |   9|          2|    1|          2|
    |data_stream_V_data_39_V_blk_n  |   9|          2|    1|          2|
    |data_stream_V_data_3_V_blk_n   |   9|          2|    1|          2|
    |data_stream_V_data_40_V_blk_n  |   9|          2|    1|          2|
    |data_stream_V_data_41_V_blk_n  |   9|          2|    1|          2|
    |data_stream_V_data_42_V_blk_n  |   9|          2|    1|          2|
    |data_stream_V_data_43_V_blk_n  |   9|          2|    1|          2|
    |data_stream_V_data_44_V_blk_n  |   9|          2|    1|          2|
    |data_stream_V_data_45_V_blk_n  |   9|          2|    1|          2|
    |data_stream_V_data_46_V_blk_n  |   9|          2|    1|          2|
    |data_stream_V_data_47_V_blk_n  |   9|          2|    1|          2|
    |data_stream_V_data_48_V_blk_n  |   9|          2|    1|          2|
    |data_stream_V_data_49_V_blk_n  |   9|          2|    1|          2|
    |data_stream_V_data_4_V_blk_n   |   9|          2|    1|          2|
    |data_stream_V_data_50_V_blk_n  |   9|          2|    1|          2|
    |data_stream_V_data_51_V_blk_n  |   9|          2|    1|          2|
    |data_stream_V_data_52_V_blk_n  |   9|          2|    1|          2|
    |data_stream_V_data_53_V_blk_n  |   9|          2|    1|          2|
    |data_stream_V_data_54_V_blk_n  |   9|          2|    1|          2|
    |data_stream_V_data_55_V_blk_n  |   9|          2|    1|          2|
    |data_stream_V_data_56_V_blk_n  |   9|          2|    1|          2|
    |data_stream_V_data_57_V_blk_n  |   9|          2|    1|          2|
    |data_stream_V_data_58_V_blk_n  |   9|          2|    1|          2|
    |data_stream_V_data_59_V_blk_n  |   9|          2|    1|          2|
    |data_stream_V_data_5_V_blk_n   |   9|          2|    1|          2|
    |data_stream_V_data_60_V_blk_n  |   9|          2|    1|          2|
    |data_stream_V_data_61_V_blk_n  |   9|          2|    1|          2|
    |data_stream_V_data_62_V_blk_n  |   9|          2|    1|          2|
    |data_stream_V_data_63_V_blk_n  |   9|          2|    1|          2|
    |data_stream_V_data_6_V_blk_n   |   9|          2|    1|          2|
    |data_stream_V_data_7_V_blk_n   |   9|          2|    1|          2|
    |data_stream_V_data_8_V_blk_n   |   9|          2|    1|          2|
    |data_stream_V_data_9_V_blk_n   |   9|          2|    1|          2|
    |real_start                     |   9|          2|    1|          2|
    |res_stream_V_data_0_V_blk_n    |   9|          2|    1|          2|
    |res_stream_V_data_1_V_blk_n    |   9|          2|    1|          2|
    |res_stream_V_data_2_V_blk_n    |   9|          2|    1|          2|
    |res_stream_V_data_3_V_blk_n    |   9|          2|    1|          2|
    |res_stream_V_data_4_V_blk_n    |   9|          2|    1|          2|
    |res_stream_V_data_5_V_blk_n    |   9|          2|    1|          2|
    |res_stream_V_data_6_V_blk_n    |   9|          2|    1|          2|
    |res_stream_V_data_7_V_blk_n    |   9|          2|    1|          2|
    |res_stream_V_data_8_V_blk_n    |   9|          2|    1|          2|
    |res_stream_V_data_9_V_blk_n    |   9|          2|    1|          2|
    +-------------------------------+----+-----------+-----+-----------+
    |Total                          | 734|        163|   77|        163|
    +-------------------------------+----+-----------+-----+-----------+

    * Register: 
    +-----------------------+----+----+-----+-----------+
    |          Name         | FF | LUT| Bits| Const Bits|
    +-----------------------+----+----+-----+-----------+
    |ap_CS_fsm              |  10|   0|   10|          0|
    |ap_done_reg            |   1|   0|    1|          0|
    |data_0_V_reg_702       |   6|   0|    6|          0|
    |data_10_V_reg_752      |   6|   0|    6|          0|
    |data_11_V_reg_757      |   6|   0|    6|          0|
    |data_12_V_reg_762      |   6|   0|    6|          0|
    |data_13_V_reg_767      |   6|   0|    6|          0|
    |data_14_V_reg_772      |   6|   0|    6|          0|
    |data_15_V_reg_777      |   6|   0|    6|          0|
    |data_16_V_reg_782      |   6|   0|    6|          0|
    |data_17_V_reg_787      |   6|   0|    6|          0|
    |data_18_V_reg_792      |   6|   0|    6|          0|
    |data_19_V_reg_797      |   6|   0|    6|          0|
    |data_1_V_reg_707       |   6|   0|    6|          0|
    |data_20_V_reg_802      |   6|   0|    6|          0|
    |data_21_V_reg_807      |   6|   0|    6|          0|
    |data_22_V_reg_812      |   6|   0|    6|          0|
    |data_23_V_reg_817      |   6|   0|    6|          0|
    |data_24_V_reg_822      |   6|   0|    6|          0|
    |data_25_V_reg_827      |   6|   0|    6|          0|
    |data_26_V_reg_832      |   6|   0|    6|          0|
    |data_27_V_reg_837      |   6|   0|    6|          0|
    |data_28_V_reg_842      |   6|   0|    6|          0|
    |data_29_V_reg_847      |   6|   0|    6|          0|
    |data_2_V_reg_712       |   6|   0|    6|          0|
    |data_30_V_reg_852      |   6|   0|    6|          0|
    |data_31_V_reg_857      |   6|   0|    6|          0|
    |data_32_V_reg_862      |   6|   0|    6|          0|
    |data_33_V_reg_867      |   6|   0|    6|          0|
    |data_34_V_reg_872      |   6|   0|    6|          0|
    |data_35_V_reg_877      |   6|   0|    6|          0|
    |data_36_V_reg_882      |   6|   0|    6|          0|
    |data_37_V_reg_887      |   6|   0|    6|          0|
    |data_38_V_reg_892      |   6|   0|    6|          0|
    |data_39_V_reg_897      |   6|   0|    6|          0|
    |data_3_V_reg_717       |   6|   0|    6|          0|
    |data_40_V_reg_902      |   6|   0|    6|          0|
    |data_41_V_reg_907      |   6|   0|    6|          0|
    |data_42_V_reg_912      |   6|   0|    6|          0|
    |data_43_V_reg_917      |   6|   0|    6|          0|
    |data_44_V_reg_922      |   6|   0|    6|          0|
    |data_45_V_reg_927      |   6|   0|    6|          0|
    |data_46_V_reg_932      |   6|   0|    6|          0|
    |data_47_V_reg_937      |   6|   0|    6|          0|
    |data_48_V_reg_942      |   6|   0|    6|          0|
    |data_49_V_reg_947      |   6|   0|    6|          0|
    |data_4_V_reg_722       |   6|   0|    6|          0|
    |data_50_V_reg_952      |   6|   0|    6|          0|
    |data_51_V_reg_957      |   6|   0|    6|          0|
    |data_52_V_reg_962      |   6|   0|    6|          0|
    |data_53_V_reg_967      |   6|   0|    6|          0|
    |data_54_V_reg_972      |   6|   0|    6|          0|
    |data_55_V_reg_977      |   6|   0|    6|          0|
    |data_56_V_reg_982      |   6|   0|    6|          0|
    |data_57_V_reg_987      |   6|   0|    6|          0|
    |data_58_V_reg_992      |   6|   0|    6|          0|
    |data_59_V_reg_997      |   6|   0|    6|          0|
    |data_5_V_reg_727       |   6|   0|    6|          0|
    |data_60_V_reg_1002     |   6|   0|    6|          0|
    |data_61_V_reg_1007     |   6|   0|    6|          0|
    |data_62_V_reg_1012     |   6|   0|    6|          0|
    |data_63_V_reg_1017     |   6|   0|    6|          0|
    |data_6_V_reg_732       |   6|   0|    6|          0|
    |data_7_V_reg_737       |   6|   0|    6|          0|
    |data_8_V_reg_742       |   6|   0|    6|          0|
    |data_9_V_reg_747       |   6|   0|    6|          0|
    |start_once_reg         |   1|   0|    1|          0|
    |tmp_data_0_V_reg_1022  |  16|   0|   16|          0|
    |tmp_data_1_V_reg_1027  |  16|   0|   16|          0|
    |tmp_data_2_V_reg_1032  |  16|   0|   16|          0|
    |tmp_data_3_V_reg_1037  |  16|   0|   16|          0|
    |tmp_data_4_V_reg_1042  |  16|   0|   16|          0|
    |tmp_data_5_V_reg_1047  |  16|   0|   16|          0|
    |tmp_data_6_V_reg_1052  |  16|   0|   16|          0|
    |tmp_data_7_V_reg_1057  |  16|   0|   16|          0|
    |tmp_data_8_V_reg_1062  |  16|   0|   16|          0|
    |tmp_data_9_V_reg_1067  |  16|   0|   16|          0|
    +-----------------------+----+----+-----+-----------+
    |Total                  | 556|   0|  556|          0|
    +-----------------------+----+----+-----+-----------+



================================================================
== Interface
================================================================
* Summary: 
+---------------------------------+-----+-----+------------+----------------------------------------------------------------------+--------------+
|            RTL Ports            | Dir | Bits|  Protocol  |                             Source Object                            |    C Type    |
+---------------------------------+-----+-----+------------+----------------------------------------------------------------------+--------------+
|ap_clk                           |  in |    1| ap_ctrl_hs | dense<array<ap_ufixed,64u>,array<ap_fixed<16,6,5,3,0>,10u>,config23> | return value |
|ap_rst                           |  in |    1| ap_ctrl_hs | dense<array<ap_ufixed,64u>,array<ap_fixed<16,6,5,3,0>,10u>,config23> | return value |
|ap_start                         |  in |    1| ap_ctrl_hs | dense<array<ap_ufixed,64u>,array<ap_fixed<16,6,5,3,0>,10u>,config23> | return value |
|start_full_n                     |  in |    1| ap_ctrl_hs | dense<array<ap_ufixed,64u>,array<ap_fixed<16,6,5,3,0>,10u>,config23> | return value |
|ap_done                          | out |    1| ap_ctrl_hs | dense<array<ap_ufixed,64u>,array<ap_fixed<16,6,5,3,0>,10u>,config23> | return value |
|ap_continue                      |  in |    1| ap_ctrl_hs | dense<array<ap_ufixed,64u>,array<ap_fixed<16,6,5,3,0>,10u>,config23> | return value |
|ap_idle                          | out |    1| ap_ctrl_hs | dense<array<ap_ufixed,64u>,array<ap_fixed<16,6,5,3,0>,10u>,config23> | return value |
|ap_ready                         | out |    1| ap_ctrl_hs | dense<array<ap_ufixed,64u>,array<ap_fixed<16,6,5,3,0>,10u>,config23> | return value |
|start_out                        | out |    1| ap_ctrl_hs | dense<array<ap_ufixed,64u>,array<ap_fixed<16,6,5,3,0>,10u>,config23> | return value |
|start_write                      | out |    1| ap_ctrl_hs | dense<array<ap_ufixed,64u>,array<ap_fixed<16,6,5,3,0>,10u>,config23> | return value |
|data_stream_V_data_0_V_dout      |  in |    6|   ap_fifo  |                        data_stream_V_data_0_V                        |    pointer   |
|data_stream_V_data_0_V_empty_n   |  in |    1|   ap_fifo  |                        data_stream_V_data_0_V                        |    pointer   |
|data_stream_V_data_0_V_read      | out |    1|   ap_fifo  |                        data_stream_V_data_0_V                        |    pointer   |
|data_stream_V_data_1_V_dout      |  in |    6|   ap_fifo  |                        data_stream_V_data_1_V                        |    pointer   |
|data_stream_V_data_1_V_empty_n   |  in |    1|   ap_fifo  |                        data_stream_V_data_1_V                        |    pointer   |
|data_stream_V_data_1_V_read      | out |    1|   ap_fifo  |                        data_stream_V_data_1_V                        |    pointer   |
|data_stream_V_data_2_V_dout      |  in |    6|   ap_fifo  |                        data_stream_V_data_2_V                        |    pointer   |
|data_stream_V_data_2_V_empty_n   |  in |    1|   ap_fifo  |                        data_stream_V_data_2_V                        |    pointer   |
|data_stream_V_data_2_V_read      | out |    1|   ap_fifo  |                        data_stream_V_data_2_V                        |    pointer   |
|data_stream_V_data_3_V_dout      |  in |    6|   ap_fifo  |                        data_stream_V_data_3_V                        |    pointer   |
|data_stream_V_data_3_V_empty_n   |  in |    1|   ap_fifo  |                        data_stream_V_data_3_V                        |    pointer   |
|data_stream_V_data_3_V_read      | out |    1|   ap_fifo  |                        data_stream_V_data_3_V                        |    pointer   |
|data_stream_V_data_4_V_dout      |  in |    6|   ap_fifo  |                        data_stream_V_data_4_V                        |    pointer   |
|data_stream_V_data_4_V_empty_n   |  in |    1|   ap_fifo  |                        data_stream_V_data_4_V                        |    pointer   |
|data_stream_V_data_4_V_read      | out |    1|   ap_fifo  |                        data_stream_V_data_4_V                        |    pointer   |
|data_stream_V_data_5_V_dout      |  in |    6|   ap_fifo  |                        data_stream_V_data_5_V                        |    pointer   |
|data_stream_V_data_5_V_empty_n   |  in |    1|   ap_fifo  |                        data_stream_V_data_5_V                        |    pointer   |
|data_stream_V_data_5_V_read      | out |    1|   ap_fifo  |                        data_stream_V_data_5_V                        |    pointer   |
|data_stream_V_data_6_V_dout      |  in |    6|   ap_fifo  |                        data_stream_V_data_6_V                        |    pointer   |
|data_stream_V_data_6_V_empty_n   |  in |    1|   ap_fifo  |                        data_stream_V_data_6_V                        |    pointer   |
|data_stream_V_data_6_V_read      | out |    1|   ap_fifo  |                        data_stream_V_data_6_V                        |    pointer   |
|data_stream_V_data_7_V_dout      |  in |    6|   ap_fifo  |                        data_stream_V_data_7_V                        |    pointer   |
|data_stream_V_data_7_V_empty_n   |  in |    1|   ap_fifo  |                        data_stream_V_data_7_V                        |    pointer   |
|data_stream_V_data_7_V_read      | out |    1|   ap_fifo  |                        data_stream_V_data_7_V                        |    pointer   |
|data_stream_V_data_8_V_dout      |  in |    6|   ap_fifo  |                        data_stream_V_data_8_V                        |    pointer   |
|data_stream_V_data_8_V_empty_n   |  in |    1|   ap_fifo  |                        data_stream_V_data_8_V                        |    pointer   |
|data_stream_V_data_8_V_read      | out |    1|   ap_fifo  |                        data_stream_V_data_8_V                        |    pointer   |
|data_stream_V_data_9_V_dout      |  in |    6|   ap_fifo  |                        data_stream_V_data_9_V                        |    pointer   |
|data_stream_V_data_9_V_empty_n   |  in |    1|   ap_fifo  |                        data_stream_V_data_9_V                        |    pointer   |
|data_stream_V_data_9_V_read      | out |    1|   ap_fifo  |                        data_stream_V_data_9_V                        |    pointer   |
|data_stream_V_data_10_V_dout     |  in |    6|   ap_fifo  |                        data_stream_V_data_10_V                       |    pointer   |
|data_stream_V_data_10_V_empty_n  |  in |    1|   ap_fifo  |                        data_stream_V_data_10_V                       |    pointer   |
|data_stream_V_data_10_V_read     | out |    1|   ap_fifo  |                        data_stream_V_data_10_V                       |    pointer   |
|data_stream_V_data_11_V_dout     |  in |    6|   ap_fifo  |                        data_stream_V_data_11_V                       |    pointer   |
|data_stream_V_data_11_V_empty_n  |  in |    1|   ap_fifo  |                        data_stream_V_data_11_V                       |    pointer   |
|data_stream_V_data_11_V_read     | out |    1|   ap_fifo  |                        data_stream_V_data_11_V                       |    pointer   |
|data_stream_V_data_12_V_dout     |  in |    6|   ap_fifo  |                        data_stream_V_data_12_V                       |    pointer   |
|data_stream_V_data_12_V_empty_n  |  in |    1|   ap_fifo  |                        data_stream_V_data_12_V                       |    pointer   |
|data_stream_V_data_12_V_read     | out |    1|   ap_fifo  |                        data_stream_V_data_12_V                       |    pointer   |
|data_stream_V_data_13_V_dout     |  in |    6|   ap_fifo  |                        data_stream_V_data_13_V                       |    pointer   |
|data_stream_V_data_13_V_empty_n  |  in |    1|   ap_fifo  |                        data_stream_V_data_13_V                       |    pointer   |
|data_stream_V_data_13_V_read     | out |    1|   ap_fifo  |                        data_stream_V_data_13_V                       |    pointer   |
|data_stream_V_data_14_V_dout     |  in |    6|   ap_fifo  |                        data_stream_V_data_14_V                       |    pointer   |
|data_stream_V_data_14_V_empty_n  |  in |    1|   ap_fifo  |                        data_stream_V_data_14_V                       |    pointer   |
|data_stream_V_data_14_V_read     | out |    1|   ap_fifo  |                        data_stream_V_data_14_V                       |    pointer   |
|data_stream_V_data_15_V_dout     |  in |    6|   ap_fifo  |                        data_stream_V_data_15_V                       |    pointer   |
|data_stream_V_data_15_V_empty_n  |  in |    1|   ap_fifo  |                        data_stream_V_data_15_V                       |    pointer   |
|data_stream_V_data_15_V_read     | out |    1|   ap_fifo  |                        data_stream_V_data_15_V                       |    pointer   |
|data_stream_V_data_16_V_dout     |  in |    6|   ap_fifo  |                        data_stream_V_data_16_V                       |    pointer   |
|data_stream_V_data_16_V_empty_n  |  in |    1|   ap_fifo  |                        data_stream_V_data_16_V                       |    pointer   |
|data_stream_V_data_16_V_read     | out |    1|   ap_fifo  |                        data_stream_V_data_16_V                       |    pointer   |
|data_stream_V_data_17_V_dout     |  in |    6|   ap_fifo  |                        data_stream_V_data_17_V                       |    pointer   |
|data_stream_V_data_17_V_empty_n  |  in |    1|   ap_fifo  |                        data_stream_V_data_17_V                       |    pointer   |
|data_stream_V_data_17_V_read     | out |    1|   ap_fifo  |                        data_stream_V_data_17_V                       |    pointer   |
|data_stream_V_data_18_V_dout     |  in |    6|   ap_fifo  |                        data_stream_V_data_18_V                       |    pointer   |
|data_stream_V_data_18_V_empty_n  |  in |    1|   ap_fifo  |                        data_stream_V_data_18_V                       |    pointer   |
|data_stream_V_data_18_V_read     | out |    1|   ap_fifo  |                        data_stream_V_data_18_V                       |    pointer   |
|data_stream_V_data_19_V_dout     |  in |    6|   ap_fifo  |                        data_stream_V_data_19_V                       |    pointer   |
|data_stream_V_data_19_V_empty_n  |  in |    1|   ap_fifo  |                        data_stream_V_data_19_V                       |    pointer   |
|data_stream_V_data_19_V_read     | out |    1|   ap_fifo  |                        data_stream_V_data_19_V                       |    pointer   |
|data_stream_V_data_20_V_dout     |  in |    6|   ap_fifo  |                        data_stream_V_data_20_V                       |    pointer   |
|data_stream_V_data_20_V_empty_n  |  in |    1|   ap_fifo  |                        data_stream_V_data_20_V                       |    pointer   |
|data_stream_V_data_20_V_read     | out |    1|   ap_fifo  |                        data_stream_V_data_20_V                       |    pointer   |
|data_stream_V_data_21_V_dout     |  in |    6|   ap_fifo  |                        data_stream_V_data_21_V                       |    pointer   |
|data_stream_V_data_21_V_empty_n  |  in |    1|   ap_fifo  |                        data_stream_V_data_21_V                       |    pointer   |
|data_stream_V_data_21_V_read     | out |    1|   ap_fifo  |                        data_stream_V_data_21_V                       |    pointer   |
|data_stream_V_data_22_V_dout     |  in |    6|   ap_fifo  |                        data_stream_V_data_22_V                       |    pointer   |
|data_stream_V_data_22_V_empty_n  |  in |    1|   ap_fifo  |                        data_stream_V_data_22_V                       |    pointer   |
|data_stream_V_data_22_V_read     | out |    1|   ap_fifo  |                        data_stream_V_data_22_V                       |    pointer   |
|data_stream_V_data_23_V_dout     |  in |    6|   ap_fifo  |                        data_stream_V_data_23_V                       |    pointer   |
|data_stream_V_data_23_V_empty_n  |  in |    1|   ap_fifo  |                        data_stream_V_data_23_V                       |    pointer   |
|data_stream_V_data_23_V_read     | out |    1|   ap_fifo  |                        data_stream_V_data_23_V                       |    pointer   |
|data_stream_V_data_24_V_dout     |  in |    6|   ap_fifo  |                        data_stream_V_data_24_V                       |    pointer   |
|data_stream_V_data_24_V_empty_n  |  in |    1|   ap_fifo  |                        data_stream_V_data_24_V                       |    pointer   |
|data_stream_V_data_24_V_read     | out |    1|   ap_fifo  |                        data_stream_V_data_24_V                       |    pointer   |
|data_stream_V_data_25_V_dout     |  in |    6|   ap_fifo  |                        data_stream_V_data_25_V                       |    pointer   |
|data_stream_V_data_25_V_empty_n  |  in |    1|   ap_fifo  |                        data_stream_V_data_25_V                       |    pointer   |
|data_stream_V_data_25_V_read     | out |    1|   ap_fifo  |                        data_stream_V_data_25_V                       |    pointer   |
|data_stream_V_data_26_V_dout     |  in |    6|   ap_fifo  |                        data_stream_V_data_26_V                       |    pointer   |
|data_stream_V_data_26_V_empty_n  |  in |    1|   ap_fifo  |                        data_stream_V_data_26_V                       |    pointer   |
|data_stream_V_data_26_V_read     | out |    1|   ap_fifo  |                        data_stream_V_data_26_V                       |    pointer   |
|data_stream_V_data_27_V_dout     |  in |    6|   ap_fifo  |                        data_stream_V_data_27_V                       |    pointer   |
|data_stream_V_data_27_V_empty_n  |  in |    1|   ap_fifo  |                        data_stream_V_data_27_V                       |    pointer   |
|data_stream_V_data_27_V_read     | out |    1|   ap_fifo  |                        data_stream_V_data_27_V                       |    pointer   |
|data_stream_V_data_28_V_dout     |  in |    6|   ap_fifo  |                        data_stream_V_data_28_V                       |    pointer   |
|data_stream_V_data_28_V_empty_n  |  in |    1|   ap_fifo  |                        data_stream_V_data_28_V                       |    pointer   |
|data_stream_V_data_28_V_read     | out |    1|   ap_fifo  |                        data_stream_V_data_28_V                       |    pointer   |
|data_stream_V_data_29_V_dout     |  in |    6|   ap_fifo  |                        data_stream_V_data_29_V                       |    pointer   |
|data_stream_V_data_29_V_empty_n  |  in |    1|   ap_fifo  |                        data_stream_V_data_29_V                       |    pointer   |
|data_stream_V_data_29_V_read     | out |    1|   ap_fifo  |                        data_stream_V_data_29_V                       |    pointer   |
|data_stream_V_data_30_V_dout     |  in |    6|   ap_fifo  |                        data_stream_V_data_30_V                       |    pointer   |
|data_stream_V_data_30_V_empty_n  |  in |    1|   ap_fifo  |                        data_stream_V_data_30_V                       |    pointer   |
|data_stream_V_data_30_V_read     | out |    1|   ap_fifo  |                        data_stream_V_data_30_V                       |    pointer   |
|data_stream_V_data_31_V_dout     |  in |    6|   ap_fifo  |                        data_stream_V_data_31_V                       |    pointer   |
|data_stream_V_data_31_V_empty_n  |  in |    1|   ap_fifo  |                        data_stream_V_data_31_V                       |    pointer   |
|data_stream_V_data_31_V_read     | out |    1|   ap_fifo  |                        data_stream_V_data_31_V                       |    pointer   |
|data_stream_V_data_32_V_dout     |  in |    6|   ap_fifo  |                        data_stream_V_data_32_V                       |    pointer   |
|data_stream_V_data_32_V_empty_n  |  in |    1|   ap_fifo  |                        data_stream_V_data_32_V                       |    pointer   |
|data_stream_V_data_32_V_read     | out |    1|   ap_fifo  |                        data_stream_V_data_32_V                       |    pointer   |
|data_stream_V_data_33_V_dout     |  in |    6|   ap_fifo  |                        data_stream_V_data_33_V                       |    pointer   |
|data_stream_V_data_33_V_empty_n  |  in |    1|   ap_fifo  |                        data_stream_V_data_33_V                       |    pointer   |
|data_stream_V_data_33_V_read     | out |    1|   ap_fifo  |                        data_stream_V_data_33_V                       |    pointer   |
|data_stream_V_data_34_V_dout     |  in |    6|   ap_fifo  |                        data_stream_V_data_34_V                       |    pointer   |
|data_stream_V_data_34_V_empty_n  |  in |    1|   ap_fifo  |                        data_stream_V_data_34_V                       |    pointer   |
|data_stream_V_data_34_V_read     | out |    1|   ap_fifo  |                        data_stream_V_data_34_V                       |    pointer   |
|data_stream_V_data_35_V_dout     |  in |    6|   ap_fifo  |                        data_stream_V_data_35_V                       |    pointer   |
|data_stream_V_data_35_V_empty_n  |  in |    1|   ap_fifo  |                        data_stream_V_data_35_V                       |    pointer   |
|data_stream_V_data_35_V_read     | out |    1|   ap_fifo  |                        data_stream_V_data_35_V                       |    pointer   |
|data_stream_V_data_36_V_dout     |  in |    6|   ap_fifo  |                        data_stream_V_data_36_V                       |    pointer   |
|data_stream_V_data_36_V_empty_n  |  in |    1|   ap_fifo  |                        data_stream_V_data_36_V                       |    pointer   |
|data_stream_V_data_36_V_read     | out |    1|   ap_fifo  |                        data_stream_V_data_36_V                       |    pointer   |
|data_stream_V_data_37_V_dout     |  in |    6|   ap_fifo  |                        data_stream_V_data_37_V                       |    pointer   |
|data_stream_V_data_37_V_empty_n  |  in |    1|   ap_fifo  |                        data_stream_V_data_37_V                       |    pointer   |
|data_stream_V_data_37_V_read     | out |    1|   ap_fifo  |                        data_stream_V_data_37_V                       |    pointer   |
|data_stream_V_data_38_V_dout     |  in |    6|   ap_fifo  |                        data_stream_V_data_38_V                       |    pointer   |
|data_stream_V_data_38_V_empty_n  |  in |    1|   ap_fifo  |                        data_stream_V_data_38_V                       |    pointer   |
|data_stream_V_data_38_V_read     | out |    1|   ap_fifo  |                        data_stream_V_data_38_V                       |    pointer   |
|data_stream_V_data_39_V_dout     |  in |    6|   ap_fifo  |                        data_stream_V_data_39_V                       |    pointer   |
|data_stream_V_data_39_V_empty_n  |  in |    1|   ap_fifo  |                        data_stream_V_data_39_V                       |    pointer   |
|data_stream_V_data_39_V_read     | out |    1|   ap_fifo  |                        data_stream_V_data_39_V                       |    pointer   |
|data_stream_V_data_40_V_dout     |  in |    6|   ap_fifo  |                        data_stream_V_data_40_V                       |    pointer   |
|data_stream_V_data_40_V_empty_n  |  in |    1|   ap_fifo  |                        data_stream_V_data_40_V                       |    pointer   |
|data_stream_V_data_40_V_read     | out |    1|   ap_fifo  |                        data_stream_V_data_40_V                       |    pointer   |
|data_stream_V_data_41_V_dout     |  in |    6|   ap_fifo  |                        data_stream_V_data_41_V                       |    pointer   |
|data_stream_V_data_41_V_empty_n  |  in |    1|   ap_fifo  |                        data_stream_V_data_41_V                       |    pointer   |
|data_stream_V_data_41_V_read     | out |    1|   ap_fifo  |                        data_stream_V_data_41_V                       |    pointer   |
|data_stream_V_data_42_V_dout     |  in |    6|   ap_fifo  |                        data_stream_V_data_42_V                       |    pointer   |
|data_stream_V_data_42_V_empty_n  |  in |    1|   ap_fifo  |                        data_stream_V_data_42_V                       |    pointer   |
|data_stream_V_data_42_V_read     | out |    1|   ap_fifo  |                        data_stream_V_data_42_V                       |    pointer   |
|data_stream_V_data_43_V_dout     |  in |    6|   ap_fifo  |                        data_stream_V_data_43_V                       |    pointer   |
|data_stream_V_data_43_V_empty_n  |  in |    1|   ap_fifo  |                        data_stream_V_data_43_V                       |    pointer   |
|data_stream_V_data_43_V_read     | out |    1|   ap_fifo  |                        data_stream_V_data_43_V                       |    pointer   |
|data_stream_V_data_44_V_dout     |  in |    6|   ap_fifo  |                        data_stream_V_data_44_V                       |    pointer   |
|data_stream_V_data_44_V_empty_n  |  in |    1|   ap_fifo  |                        data_stream_V_data_44_V                       |    pointer   |
|data_stream_V_data_44_V_read     | out |    1|   ap_fifo  |                        data_stream_V_data_44_V                       |    pointer   |
|data_stream_V_data_45_V_dout     |  in |    6|   ap_fifo  |                        data_stream_V_data_45_V                       |    pointer   |
|data_stream_V_data_45_V_empty_n  |  in |    1|   ap_fifo  |                        data_stream_V_data_45_V                       |    pointer   |
|data_stream_V_data_45_V_read     | out |    1|   ap_fifo  |                        data_stream_V_data_45_V                       |    pointer   |
|data_stream_V_data_46_V_dout     |  in |    6|   ap_fifo  |                        data_stream_V_data_46_V                       |    pointer   |
|data_stream_V_data_46_V_empty_n  |  in |    1|   ap_fifo  |                        data_stream_V_data_46_V                       |    pointer   |
|data_stream_V_data_46_V_read     | out |    1|   ap_fifo  |                        data_stream_V_data_46_V                       |    pointer   |
|data_stream_V_data_47_V_dout     |  in |    6|   ap_fifo  |                        data_stream_V_data_47_V                       |    pointer   |
|data_stream_V_data_47_V_empty_n  |  in |    1|   ap_fifo  |                        data_stream_V_data_47_V                       |    pointer   |
|data_stream_V_data_47_V_read     | out |    1|   ap_fifo  |                        data_stream_V_data_47_V                       |    pointer   |
|data_stream_V_data_48_V_dout     |  in |    6|   ap_fifo  |                        data_stream_V_data_48_V                       |    pointer   |
|data_stream_V_data_48_V_empty_n  |  in |    1|   ap_fifo  |                        data_stream_V_data_48_V                       |    pointer   |
|data_stream_V_data_48_V_read     | out |    1|   ap_fifo  |                        data_stream_V_data_48_V                       |    pointer   |
|data_stream_V_data_49_V_dout     |  in |    6|   ap_fifo  |                        data_stream_V_data_49_V                       |    pointer   |
|data_stream_V_data_49_V_empty_n  |  in |    1|   ap_fifo  |                        data_stream_V_data_49_V                       |    pointer   |
|data_stream_V_data_49_V_read     | out |    1|   ap_fifo  |                        data_stream_V_data_49_V                       |    pointer   |
|data_stream_V_data_50_V_dout     |  in |    6|   ap_fifo  |                        data_stream_V_data_50_V                       |    pointer   |
|data_stream_V_data_50_V_empty_n  |  in |    1|   ap_fifo  |                        data_stream_V_data_50_V                       |    pointer   |
|data_stream_V_data_50_V_read     | out |    1|   ap_fifo  |                        data_stream_V_data_50_V                       |    pointer   |
|data_stream_V_data_51_V_dout     |  in |    6|   ap_fifo  |                        data_stream_V_data_51_V                       |    pointer   |
|data_stream_V_data_51_V_empty_n  |  in |    1|   ap_fifo  |                        data_stream_V_data_51_V                       |    pointer   |
|data_stream_V_data_51_V_read     | out |    1|   ap_fifo  |                        data_stream_V_data_51_V                       |    pointer   |
|data_stream_V_data_52_V_dout     |  in |    6|   ap_fifo  |                        data_stream_V_data_52_V                       |    pointer   |
|data_stream_V_data_52_V_empty_n  |  in |    1|   ap_fifo  |                        data_stream_V_data_52_V                       |    pointer   |
|data_stream_V_data_52_V_read     | out |    1|   ap_fifo  |                        data_stream_V_data_52_V                       |    pointer   |
|data_stream_V_data_53_V_dout     |  in |    6|   ap_fifo  |                        data_stream_V_data_53_V                       |    pointer   |
|data_stream_V_data_53_V_empty_n  |  in |    1|   ap_fifo  |                        data_stream_V_data_53_V                       |    pointer   |
|data_stream_V_data_53_V_read     | out |    1|   ap_fifo  |                        data_stream_V_data_53_V                       |    pointer   |
|data_stream_V_data_54_V_dout     |  in |    6|   ap_fifo  |                        data_stream_V_data_54_V                       |    pointer   |
|data_stream_V_data_54_V_empty_n  |  in |    1|   ap_fifo  |                        data_stream_V_data_54_V                       |    pointer   |
|data_stream_V_data_54_V_read     | out |    1|   ap_fifo  |                        data_stream_V_data_54_V                       |    pointer   |
|data_stream_V_data_55_V_dout     |  in |    6|   ap_fifo  |                        data_stream_V_data_55_V                       |    pointer   |
|data_stream_V_data_55_V_empty_n  |  in |    1|   ap_fifo  |                        data_stream_V_data_55_V                       |    pointer   |
|data_stream_V_data_55_V_read     | out |    1|   ap_fifo  |                        data_stream_V_data_55_V                       |    pointer   |
|data_stream_V_data_56_V_dout     |  in |    6|   ap_fifo  |                        data_stream_V_data_56_V                       |    pointer   |
|data_stream_V_data_56_V_empty_n  |  in |    1|   ap_fifo  |                        data_stream_V_data_56_V                       |    pointer   |
|data_stream_V_data_56_V_read     | out |    1|   ap_fifo  |                        data_stream_V_data_56_V                       |    pointer   |
|data_stream_V_data_57_V_dout     |  in |    6|   ap_fifo  |                        data_stream_V_data_57_V                       |    pointer   |
|data_stream_V_data_57_V_empty_n  |  in |    1|   ap_fifo  |                        data_stream_V_data_57_V                       |    pointer   |
|data_stream_V_data_57_V_read     | out |    1|   ap_fifo  |                        data_stream_V_data_57_V                       |    pointer   |
|data_stream_V_data_58_V_dout     |  in |    6|   ap_fifo  |                        data_stream_V_data_58_V                       |    pointer   |
|data_stream_V_data_58_V_empty_n  |  in |    1|   ap_fifo  |                        data_stream_V_data_58_V                       |    pointer   |
|data_stream_V_data_58_V_read     | out |    1|   ap_fifo  |                        data_stream_V_data_58_V                       |    pointer   |
|data_stream_V_data_59_V_dout     |  in |    6|   ap_fifo  |                        data_stream_V_data_59_V                       |    pointer   |
|data_stream_V_data_59_V_empty_n  |  in |    1|   ap_fifo  |                        data_stream_V_data_59_V                       |    pointer   |
|data_stream_V_data_59_V_read     | out |    1|   ap_fifo  |                        data_stream_V_data_59_V                       |    pointer   |
|data_stream_V_data_60_V_dout     |  in |    6|   ap_fifo  |                        data_stream_V_data_60_V                       |    pointer   |
|data_stream_V_data_60_V_empty_n  |  in |    1|   ap_fifo  |                        data_stream_V_data_60_V                       |    pointer   |
|data_stream_V_data_60_V_read     | out |    1|   ap_fifo  |                        data_stream_V_data_60_V                       |    pointer   |
|data_stream_V_data_61_V_dout     |  in |    6|   ap_fifo  |                        data_stream_V_data_61_V                       |    pointer   |
|data_stream_V_data_61_V_empty_n  |  in |    1|   ap_fifo  |                        data_stream_V_data_61_V                       |    pointer   |
|data_stream_V_data_61_V_read     | out |    1|   ap_fifo  |                        data_stream_V_data_61_V                       |    pointer   |
|data_stream_V_data_62_V_dout     |  in |    6|   ap_fifo  |                        data_stream_V_data_62_V                       |    pointer   |
|data_stream_V_data_62_V_empty_n  |  in |    1|   ap_fifo  |                        data_stream_V_data_62_V                       |    pointer   |
|data_stream_V_data_62_V_read     | out |    1|   ap_fifo  |                        data_stream_V_data_62_V                       |    pointer   |
|data_stream_V_data_63_V_dout     |  in |    6|   ap_fifo  |                        data_stream_V_data_63_V                       |    pointer   |
|data_stream_V_data_63_V_empty_n  |  in |    1|   ap_fifo  |                        data_stream_V_data_63_V                       |    pointer   |
|data_stream_V_data_63_V_read     | out |    1|   ap_fifo  |                        data_stream_V_data_63_V                       |    pointer   |
|res_stream_V_data_0_V_din        | out |   16|   ap_fifo  |                         res_stream_V_data_0_V                        |    pointer   |
|res_stream_V_data_0_V_full_n     |  in |    1|   ap_fifo  |                         res_stream_V_data_0_V                        |    pointer   |
|res_stream_V_data_0_V_write      | out |    1|   ap_fifo  |                         res_stream_V_data_0_V                        |    pointer   |
|res_stream_V_data_1_V_din        | out |   16|   ap_fifo  |                         res_stream_V_data_1_V                        |    pointer   |
|res_stream_V_data_1_V_full_n     |  in |    1|   ap_fifo  |                         res_stream_V_data_1_V                        |    pointer   |
|res_stream_V_data_1_V_write      | out |    1|   ap_fifo  |                         res_stream_V_data_1_V                        |    pointer   |
|res_stream_V_data_2_V_din        | out |   16|   ap_fifo  |                         res_stream_V_data_2_V                        |    pointer   |
|res_stream_V_data_2_V_full_n     |  in |    1|   ap_fifo  |                         res_stream_V_data_2_V                        |    pointer   |
|res_stream_V_data_2_V_write      | out |    1|   ap_fifo  |                         res_stream_V_data_2_V                        |    pointer   |
|res_stream_V_data_3_V_din        | out |   16|   ap_fifo  |                         res_stream_V_data_3_V                        |    pointer   |
|res_stream_V_data_3_V_full_n     |  in |    1|   ap_fifo  |                         res_stream_V_data_3_V                        |    pointer   |
|res_stream_V_data_3_V_write      | out |    1|   ap_fifo  |                         res_stream_V_data_3_V                        |    pointer   |
|res_stream_V_data_4_V_din        | out |   16|   ap_fifo  |                         res_stream_V_data_4_V                        |    pointer   |
|res_stream_V_data_4_V_full_n     |  in |    1|   ap_fifo  |                         res_stream_V_data_4_V                        |    pointer   |
|res_stream_V_data_4_V_write      | out |    1|   ap_fifo  |                         res_stream_V_data_4_V                        |    pointer   |
|res_stream_V_data_5_V_din        | out |   16|   ap_fifo  |                         res_stream_V_data_5_V                        |    pointer   |
|res_stream_V_data_5_V_full_n     |  in |    1|   ap_fifo  |                         res_stream_V_data_5_V                        |    pointer   |
|res_stream_V_data_5_V_write      | out |    1|   ap_fifo  |                         res_stream_V_data_5_V                        |    pointer   |
|res_stream_V_data_6_V_din        | out |   16|   ap_fifo  |                         res_stream_V_data_6_V                        |    pointer   |
|res_stream_V_data_6_V_full_n     |  in |    1|   ap_fifo  |                         res_stream_V_data_6_V                        |    pointer   |
|res_stream_V_data_6_V_write      | out |    1|   ap_fifo  |                         res_stream_V_data_6_V                        |    pointer   |
|res_stream_V_data_7_V_din        | out |   16|   ap_fifo  |                         res_stream_V_data_7_V                        |    pointer   |
|res_stream_V_data_7_V_full_n     |  in |    1|   ap_fifo  |                         res_stream_V_data_7_V                        |    pointer   |
|res_stream_V_data_7_V_write      | out |    1|   ap_fifo  |                         res_stream_V_data_7_V                        |    pointer   |
|res_stream_V_data_8_V_din        | out |   16|   ap_fifo  |                         res_stream_V_data_8_V                        |    pointer   |
|res_stream_V_data_8_V_full_n     |  in |    1|   ap_fifo  |                         res_stream_V_data_8_V                        |    pointer   |
|res_stream_V_data_8_V_write      | out |    1|   ap_fifo  |                         res_stream_V_data_8_V                        |    pointer   |
|res_stream_V_data_9_V_din        | out |   16|   ap_fifo  |                         res_stream_V_data_9_V                        |    pointer   |
|res_stream_V_data_9_V_full_n     |  in |    1|   ap_fifo  |                         res_stream_V_data_9_V                        |    pointer   |
|res_stream_V_data_9_V_write      | out |    1|   ap_fifo  |                         res_stream_V_data_9_V                        |    pointer   |
+---------------------------------+-----+-----+------------+----------------------------------------------------------------------+--------------+

