

================================================================
== Vivado HLS Report for 'dense_array_ap_ufixed_42u_array_ap_fixed_16_6_5_3_0_64u_config19_s'
================================================================
* Date:           Thu Apr  4 20:06:51 2024

* Version:        2019.2 (Build 2704478 on Wed Nov 06 22:10:23 MST 2019)
* Project:        myproject_prj
* Solution:       solution1
* Product family: zynquplus
* Target device:  xczu5ev-sfvc784-2LV-e


================================================================
== Performance Estimates
================================================================
+ Timing: 
    * Summary: 
    +--------+---------+----------+------------+
    |  Clock |  Target | Estimated| Uncertainty|
    +--------+---------+----------+------------+
    |ap_clk  | 5.00 ns | 4.235 ns |   0.62 ns  |
    +--------+---------+----------+------------+

+ Latency: 
    * Summary: 
    +---------+---------+-----------+-----------+-----+-----+---------+
    |  Latency (cycles) |   Latency (absolute)  |  Interval | Pipeline|
    |   min   |   max   |    min    |    max    | min | max |   Type  |
    +---------+---------+-----------+-----------+-----+-----+---------+
    |        3|        3| 15.000 ns | 15.000 ns |    3|    3|   none  |
    +---------+---------+-----------+-----------+-----+-----+---------+

    + Detail: 
        * Instance: 
        +------------------------------------------------------------------------------+------------------------------------------------------------------+---------+---------+----------+----------+-----+-----+----------+
        |                                                                              |                                                                  |  Latency (cycles) |  Latency (absolute) |  Interval | Pipeline |
        |                                   Instance                                   |                              Module                              |   min   |   max   |    min   |    max   | min | max |   Type   |
        +------------------------------------------------------------------------------+------------------------------------------------------------------+---------+---------+----------+----------+-----+-----+----------+
        |grp_dense_wrapper_ap_ufixed_6_0_4_0_0_ap_fixed_16_6_5_3_0_config19_s_fu_1790  |dense_wrapper_ap_ufixed_6_0_4_0_0_ap_fixed_16_6_5_3_0_config19_s  |        1|        1| 5.000 ns | 5.000 ns |    2|    2| function |
        +------------------------------------------------------------------------------+------------------------------------------------------------------+---------+---------+----------+----------+-----+-----+----------+

        * Loop: 
        N/A



================================================================
== Utilization Estimates
================================================================
* Summary: 
+-----------------+---------+-------+--------+--------+-----+
|       Name      | BRAM_18K| DSP48E|   FF   |   LUT  | URAM|
+-----------------+---------+-------+--------+--------+-----+
|DSP              |        -|      -|       -|       -|    -|
|Expression       |        -|      -|       0|       6|    -|
|FIFO             |        -|      -|       -|       -|    -|
|Instance         |        -|      0|    1856|   26097|    -|
|Memory           |        -|      -|       -|       -|    -|
|Multiplexer      |        -|      -|       -|     999|    -|
|Register         |        -|      -|    1283|       -|    -|
+-----------------+---------+-------+--------+--------+-----+
|Total            |        0|      0|    3139|   27102|    0|
+-----------------+---------+-------+--------+--------+-----+
|Available        |      288|   1248|  234240|  117120|   64|
+-----------------+---------+-------+--------+--------+-----+
|Utilization (%)  |        0|      0|       1|      23|    0|
+-----------------+---------+-------+--------+--------+-----+

+ Detail: 
    * Instance: 
    +------------------------------------------------------------------------------+------------------------------------------------------------------+---------+-------+------+-------+-----+
    |                                   Instance                                   |                              Module                              | BRAM_18K| DSP48E|  FF  |  LUT  | URAM|
    +------------------------------------------------------------------------------+------------------------------------------------------------------+---------+-------+------+-------+-----+
    |grp_dense_wrapper_ap_ufixed_6_0_4_0_0_ap_fixed_16_6_5_3_0_config19_s_fu_1790  |dense_wrapper_ap_ufixed_6_0_4_0_0_ap_fixed_16_6_5_3_0_config19_s  |        0|      0|  1856|  26097|    0|
    +------------------------------------------------------------------------------+------------------------------------------------------------------+---------+-------+------+-------+-----+
    |Total                                                                         |                                                                  |        0|      0|  1856|  26097|    0|
    +------------------------------------------------------------------------------+------------------------------------------------------------------+---------+-------+------+-------+-----+

    * DSP48E: 
    N/A

    * Memory: 
    N/A

    * FIFO: 
    N/A

    * Expression: 
    +---------------------------+----------+-------+---+----+------------+------------+
    |       Variable Name       | Operation| DSP48E| FF| LUT| Bitwidth P0| Bitwidth P1|
    +---------------------------+----------+-------+---+----+------------+------------+
    |io_acc_block_signal_op222  |    and   |      0|  0|   2|           1|           1|
    |io_acc_block_signal_op5    |    and   |      0|  0|   2|           1|           1|
    |ap_block_state1            |    or    |      0|  0|   2|           1|           1|
    +---------------------------+----------+-------+---+----+------------+------------+
    |Total                      |          |      0|  0|   6|           3|           3|
    +---------------------------+----------+-------+---+----+------------+------------+

    * Multiplexer: 
    +-------------------------------+----+-----------+-----+-----------+
    |              Name             | LUT| Input Size| Bits| Total Bits|
    +-------------------------------+----+-----------+-----+-----------+
    |ap_NS_fsm                      |  27|          5|    1|          5|
    |ap_done                        |   9|          2|    1|          2|
    |data_stream_V_data_0_V_blk_n   |   9|          2|    1|          2|
    |data_stream_V_data_10_V_blk_n  |   9|          2|    1|          2|
    |data_stream_V_data_11_V_blk_n  |   9|          2|    1|          2|
    |data_stream_V_data_12_V_blk_n  |   9|          2|    1|          2|
    |data_stream_V_data_13_V_blk_n  |   9|          2|    1|          2|
    |data_stream_V_data_14_V_blk_n  |   9|          2|    1|          2|
    |data_stream_V_data_15_V_blk_n  |   9|          2|    1|          2|
    |data_stream_V_data_16_V_blk_n  |   9|          2|    1|          2|
    |data_stream_V_data_17_V_blk_n  |   9|          2|    1|          2|
    |data_stream_V_data_18_V_blk_n  |   9|          2|    1|          2|
    |data_stream_V_data_19_V_blk_n  |   9|          2|    1|          2|
    |data_stream_V_data_1_V_blk_n   |   9|          2|    1|          2|
    |data_stream_V_data_20_V_blk_n  |   9|          2|    1|          2|
    |data_stream_V_data_21_V_blk_n  |   9|          2|    1|          2|
    |data_stream_V_data_22_V_blk_n  |   9|          2|    1|          2|
    |data_stream_V_data_23_V_blk_n  |   9|          2|    1|          2|
    |data_stream_V_data_24_V_blk_n  |   9|          2|    1|          2|
    |data_stream_V_data_25_V_blk_n  |   9|          2|    1|          2|
    |data_stream_V_data_26_V_blk_n  |   9|          2|    1|          2|
    |data_stream_V_data_27_V_blk_n  |   9|          2|    1|          2|
    |data_stream_V_data_28_V_blk_n  |   9|          2|    1|          2|
    |data_stream_V_data_29_V_blk_n  |   9|          2|    1|          2|
    |data_stream_V_data_2_V_blk_n   |   9|          2|    1|          2|
    |data_stream_V_data_30_V_blk_n  |   9|          2|    1|          2|
    |data_stream_V_data_31_V_blk_n  |   9|          2|    1|          2|
    |data_stream_V_data_32_V_blk_n  |   9|          2|    1|          2|
    |data_stream_V_data_33_V_blk_n  |   9|          2|    1|          2|
    |data_stream_V_data_34_V_blk_n  |   9|          2|    1|          2|
    |data_stream_V_data_35_V_blk_n  |   9|          2|    1|          2|
    |data_stream_V_data_36_V_blk_n  |   9|          2|    1|          2|
    |data_stream_V_data_37_V_blk_n  |   9|          2|    1|          2|
    |data_stream_V_data_38_V_blk_n  |   9|          2|    1|          2|
    |data_stream_V_data_39_V_blk_n  |   9|          2|    1|          2|
    |data_stream_V_data_3_V_blk_n   |   9|          2|    1|          2|
    |data_stream_V_data_40_V_blk_n  |   9|          2|    1|          2|
    |data_stream_V_data_41_V_blk_n  |   9|          2|    1|          2|
    |data_stream_V_data_4_V_blk_n   |   9|          2|    1|          2|
    |data_stream_V_data_5_V_blk_n   |   9|          2|    1|          2|
    |data_stream_V_data_6_V_blk_n   |   9|          2|    1|          2|
    |data_stream_V_data_7_V_blk_n   |   9|          2|    1|          2|
    |data_stream_V_data_8_V_blk_n   |   9|          2|    1|          2|
    |data_stream_V_data_9_V_blk_n   |   9|          2|    1|          2|
    |real_start                     |   9|          2|    1|          2|
    |res_stream_V_data_0_V_blk_n    |   9|          2|    1|          2|
    |res_stream_V_data_10_V_blk_n   |   9|          2|    1|          2|
    |res_stream_V_data_11_V_blk_n   |   9|          2|    1|          2|
    |res_stream_V_data_12_V_blk_n   |   9|          2|    1|          2|
    |res_stream_V_data_13_V_blk_n   |   9|          2|    1|          2|
    |res_stream_V_data_14_V_blk_n   |   9|          2|    1|          2|
    |res_stream_V_data_15_V_blk_n   |   9|          2|    1|          2|
    |res_stream_V_data_16_V_blk_n   |   9|          2|    1|          2|
    |res_stream_V_data_17_V_blk_n   |   9|          2|    1|          2|
    |res_stream_V_data_18_V_blk_n   |   9|          2|    1|          2|
    |res_stream_V_data_19_V_blk_n   |   9|          2|    1|          2|
    |res_stream_V_data_1_V_blk_n    |   9|          2|    1|          2|
    |res_stream_V_data_20_V_blk_n   |   9|          2|    1|          2|
    |res_stream_V_data_21_V_blk_n   |   9|          2|    1|          2|
    |res_stream_V_data_22_V_blk_n   |   9|          2|    1|          2|
    |res_stream_V_data_23_V_blk_n   |   9|          2|    1|          2|
    |res_stream_V_data_24_V_blk_n   |   9|          2|    1|          2|
    |res_stream_V_data_25_V_blk_n   |   9|          2|    1|          2|
    |res_stream_V_data_26_V_blk_n   |   9|          2|    1|          2|
    |res_stream_V_data_27_V_blk_n   |   9|          2|    1|          2|
    |res_stream_V_data_28_V_blk_n   |   9|          2|    1|          2|
    |res_stream_V_data_29_V_blk_n   |   9|          2|    1|          2|
    |res_stream_V_data_2_V_blk_n    |   9|          2|    1|          2|
    |res_stream_V_data_30_V_blk_n   |   9|          2|    1|          2|
    |res_stream_V_data_31_V_blk_n   |   9|          2|    1|          2|
    |res_stream_V_data_32_V_blk_n   |   9|          2|    1|          2|
    |res_stream_V_data_33_V_blk_n   |   9|          2|    1|          2|
    |res_stream_V_data_34_V_blk_n   |   9|          2|    1|          2|
    |res_stream_V_data_35_V_blk_n   |   9|          2|    1|          2|
    |res_stream_V_data_36_V_blk_n   |   9|          2|    1|          2|
    |res_stream_V_data_37_V_blk_n   |   9|          2|    1|          2|
    |res_stream_V_data_38_V_blk_n   |   9|          2|    1|          2|
    |res_stream_V_data_39_V_blk_n   |   9|          2|    1|          2|
    |res_stream_V_data_3_V_blk_n    |   9|          2|    1|          2|
    |res_stream_V_data_40_V_blk_n   |   9|          2|    1|          2|
    |res_stream_V_data_41_V_blk_n   |   9|          2|    1|          2|
    |res_stream_V_data_42_V_blk_n   |   9|          2|    1|          2|
    |res_stream_V_data_43_V_blk_n   |   9|          2|    1|          2|
    |res_stream_V_data_44_V_blk_n   |   9|          2|    1|          2|
    |res_stream_V_data_45_V_blk_n   |   9|          2|    1|          2|
    |res_stream_V_data_46_V_blk_n   |   9|          2|    1|          2|
    |res_stream_V_data_47_V_blk_n   |   9|          2|    1|          2|
    |res_stream_V_data_48_V_blk_n   |   9|          2|    1|          2|
    |res_stream_V_data_49_V_blk_n   |   9|          2|    1|          2|
    |res_stream_V_data_4_V_blk_n    |   9|          2|    1|          2|
    |res_stream_V_data_50_V_blk_n   |   9|          2|    1|          2|
    |res_stream_V_data_51_V_blk_n   |   9|          2|    1|          2|
    |res_stream_V_data_52_V_blk_n   |   9|          2|    1|          2|
    |res_stream_V_data_53_V_blk_n   |   9|          2|    1|          2|
    |res_stream_V_data_54_V_blk_n   |   9|          2|    1|          2|
    |res_stream_V_data_55_V_blk_n   |   9|          2|    1|          2|
    |res_stream_V_data_56_V_blk_n   |   9|          2|    1|          2|
    |res_stream_V_data_57_V_blk_n   |   9|          2|    1|          2|
    |res_stream_V_data_58_V_blk_n   |   9|          2|    1|          2|
    |res_stream_V_data_59_V_blk_n   |   9|          2|    1|          2|
    |res_stream_V_data_5_V_blk_n    |   9|          2|    1|          2|
    |res_stream_V_data_60_V_blk_n   |   9|          2|    1|          2|
    |res_stream_V_data_61_V_blk_n   |   9|          2|    1|          2|
    |res_stream_V_data_62_V_blk_n   |   9|          2|    1|          2|
    |res_stream_V_data_63_V_blk_n   |   9|          2|    1|          2|
    |res_stream_V_data_6_V_blk_n    |   9|          2|    1|          2|
    |res_stream_V_data_7_V_blk_n    |   9|          2|    1|          2|
    |res_stream_V_data_8_V_blk_n    |   9|          2|    1|          2|
    |res_stream_V_data_9_V_blk_n    |   9|          2|    1|          2|
    +-------------------------------+----+-----------+-----+-----------+
    |Total                          | 999|        221|  109|        221|
    +-------------------------------+----+-----------+-----+-----------+

    * Register: 
    +-------------------------------------------------------------------------------------------+----+----+-----+-----------+
    |                                            Name                                           | FF | LUT| Bits| Const Bits|
    +-------------------------------------------------------------------------------------------+----+----+-----+-----------+
    |ap_CS_fsm                                                                                  |   4|   0|    4|          0|
    |ap_done_reg                                                                                |   1|   0|    1|          0|
    |data_0_V_reg_2260                                                                          |   6|   0|    6|          0|
    |data_10_V_reg_2310                                                                         |   6|   0|    6|          0|
    |data_11_V_reg_2315                                                                         |   6|   0|    6|          0|
    |data_12_V_reg_2320                                                                         |   6|   0|    6|          0|
    |data_13_V_reg_2325                                                                         |   6|   0|    6|          0|
    |data_14_V_reg_2330                                                                         |   6|   0|    6|          0|
    |data_15_V_reg_2335                                                                         |   6|   0|    6|          0|
    |data_16_V_reg_2340                                                                         |   6|   0|    6|          0|
    |data_17_V_reg_2345                                                                         |   6|   0|    6|          0|
    |data_18_V_reg_2350                                                                         |   6|   0|    6|          0|
    |data_19_V_reg_2355                                                                         |   6|   0|    6|          0|
    |data_1_V_reg_2265                                                                          |   6|   0|    6|          0|
    |data_20_V_reg_2360                                                                         |   6|   0|    6|          0|
    |data_21_V_reg_2365                                                                         |   6|   0|    6|          0|
    |data_22_V_reg_2370                                                                         |   6|   0|    6|          0|
    |data_23_V_reg_2375                                                                         |   6|   0|    6|          0|
    |data_24_V_reg_2380                                                                         |   6|   0|    6|          0|
    |data_25_V_reg_2385                                                                         |   6|   0|    6|          0|
    |data_26_V_reg_2390                                                                         |   6|   0|    6|          0|
    |data_27_V_reg_2395                                                                         |   6|   0|    6|          0|
    |data_28_V_reg_2400                                                                         |   6|   0|    6|          0|
    |data_29_V_reg_2405                                                                         |   6|   0|    6|          0|
    |data_2_V_reg_2270                                                                          |   6|   0|    6|          0|
    |data_30_V_reg_2410                                                                         |   6|   0|    6|          0|
    |data_31_V_reg_2415                                                                         |   6|   0|    6|          0|
    |data_32_V_reg_2420                                                                         |   6|   0|    6|          0|
    |data_33_V_reg_2425                                                                         |   6|   0|    6|          0|
    |data_34_V_reg_2430                                                                         |   6|   0|    6|          0|
    |data_35_V_reg_2435                                                                         |   6|   0|    6|          0|
    |data_36_V_reg_2440                                                                         |   6|   0|    6|          0|
    |data_37_V_reg_2445                                                                         |   6|   0|    6|          0|
    |data_38_V_reg_2450                                                                         |   6|   0|    6|          0|
    |data_39_V_reg_2455                                                                         |   6|   0|    6|          0|
    |data_3_V_reg_2275                                                                          |   6|   0|    6|          0|
    |data_40_V_reg_2460                                                                         |   6|   0|    6|          0|
    |data_41_V_reg_2465                                                                         |   6|   0|    6|          0|
    |data_4_V_reg_2280                                                                          |   6|   0|    6|          0|
    |data_5_V_reg_2285                                                                          |   6|   0|    6|          0|
    |data_6_V_reg_2290                                                                          |   6|   0|    6|          0|
    |data_7_V_reg_2295                                                                          |   6|   0|    6|          0|
    |data_8_V_reg_2300                                                                          |   6|   0|    6|          0|
    |data_9_V_reg_2305                                                                          |   6|   0|    6|          0|
    |grp_dense_wrapper_ap_ufixed_6_0_4_0_0_ap_fixed_16_6_5_3_0_config19_s_fu_1790_ap_start_reg  |   1|   0|    1|          0|
    |start_once_reg                                                                             |   1|   0|    1|          0|
    |tmp_data_0_V_reg_2470                                                                      |  16|   0|   16|          0|
    |tmp_data_10_V_reg_2520                                                                     |  16|   0|   16|          0|
    |tmp_data_11_V_reg_2525                                                                     |  16|   0|   16|          0|
    |tmp_data_12_V_reg_2530                                                                     |  16|   0|   16|          0|
    |tmp_data_13_V_reg_2535                                                                     |  16|   0|   16|          0|
    |tmp_data_14_V_reg_2540                                                                     |  16|   0|   16|          0|
    |tmp_data_15_V_reg_2545                                                                     |  16|   0|   16|          0|
    |tmp_data_16_V_reg_2550                                                                     |  16|   0|   16|          0|
    |tmp_data_17_V_reg_2555                                                                     |  16|   0|   16|          0|
    |tmp_data_18_V_reg_2560                                                                     |  16|   0|   16|          0|
    |tmp_data_19_V_reg_2565                                                                     |  16|   0|   16|          0|
    |tmp_data_1_V_reg_2475                                                                      |  16|   0|   16|          0|
    |tmp_data_20_V_reg_2570                                                                     |  16|   0|   16|          0|
    |tmp_data_21_V_reg_2575                                                                     |  16|   0|   16|          0|
    |tmp_data_22_V_reg_2580                                                                     |  16|   0|   16|          0|
    |tmp_data_23_V_reg_2585                                                                     |  16|   0|   16|          0|
    |tmp_data_24_V_reg_2590                                                                     |  16|   0|   16|          0|
    |tmp_data_25_V_reg_2595                                                                     |  16|   0|   16|          0|
    |tmp_data_26_V_reg_2600                                                                     |  16|   0|   16|          0|
    |tmp_data_27_V_reg_2605                                                                     |  16|   0|   16|          0|
    |tmp_data_28_V_reg_2610                                                                     |  16|   0|   16|          0|
    |tmp_data_29_V_reg_2615                                                                     |  16|   0|   16|          0|
    |tmp_data_2_V_reg_2480                                                                      |  16|   0|   16|          0|
    |tmp_data_30_V_reg_2620                                                                     |  16|   0|   16|          0|
    |tmp_data_31_V_reg_2625                                                                     |  16|   0|   16|          0|
    |tmp_data_32_V_reg_2630                                                                     |  16|   0|   16|          0|
    |tmp_data_33_V_reg_2635                                                                     |  16|   0|   16|          0|
    |tmp_data_34_V_reg_2640                                                                     |  16|   0|   16|          0|
    |tmp_data_35_V_reg_2645                                                                     |  16|   0|   16|          0|
    |tmp_data_36_V_reg_2650                                                                     |  16|   0|   16|          0|
    |tmp_data_37_V_reg_2655                                                                     |  16|   0|   16|          0|
    |tmp_data_38_V_reg_2660                                                                     |  16|   0|   16|          0|
    |tmp_data_39_V_reg_2665                                                                     |  16|   0|   16|          0|
    |tmp_data_3_V_reg_2485                                                                      |  16|   0|   16|          0|
    |tmp_data_40_V_reg_2670                                                                     |  16|   0|   16|          0|
    |tmp_data_41_V_reg_2675                                                                     |  16|   0|   16|          0|
    |tmp_data_42_V_reg_2680                                                                     |  16|   0|   16|          0|
    |tmp_data_43_V_reg_2685                                                                     |  16|   0|   16|          0|
    |tmp_data_44_V_reg_2690                                                                     |  16|   0|   16|          0|
    |tmp_data_45_V_reg_2695                                                                     |  16|   0|   16|          0|
    |tmp_data_46_V_reg_2700                                                                     |  16|   0|   16|          0|
    |tmp_data_47_V_reg_2705                                                                     |  16|   0|   16|          0|
    |tmp_data_48_V_reg_2710                                                                     |  16|   0|   16|          0|
    |tmp_data_49_V_reg_2715                                                                     |  16|   0|   16|          0|
    |tmp_data_4_V_reg_2490                                                                      |  16|   0|   16|          0|
    |tmp_data_50_V_reg_2720                                                                     |  16|   0|   16|          0|
    |tmp_data_51_V_reg_2725                                                                     |  16|   0|   16|          0|
    |tmp_data_52_V_reg_2730                                                                     |  16|   0|   16|          0|
    |tmp_data_53_V_reg_2735                                                                     |  16|   0|   16|          0|
    |tmp_data_54_V_reg_2740                                                                     |  16|   0|   16|          0|
    |tmp_data_55_V_reg_2745                                                                     |  16|   0|   16|          0|
    |tmp_data_56_V_reg_2750                                                                     |  16|   0|   16|          0|
    |tmp_data_57_V_reg_2755                                                                     |  16|   0|   16|          0|
    |tmp_data_58_V_reg_2760                                                                     |  16|   0|   16|          0|
    |tmp_data_59_V_reg_2765                                                                     |  16|   0|   16|          0|
    |tmp_data_5_V_reg_2495                                                                      |  16|   0|   16|          0|
    |tmp_data_60_V_reg_2770                                                                     |  16|   0|   16|          0|
    |tmp_data_61_V_reg_2775                                                                     |  16|   0|   16|          0|
    |tmp_data_62_V_reg_2780                                                                     |  16|   0|   16|          0|
    |tmp_data_63_V_reg_2785                                                                     |  16|   0|   16|          0|
    |tmp_data_6_V_reg_2500                                                                      |  16|   0|   16|          0|
    |tmp_data_7_V_reg_2505                                                                      |  16|   0|   16|          0|
    |tmp_data_8_V_reg_2510                                                                      |  16|   0|   16|          0|
    |tmp_data_9_V_reg_2515                                                                      |  16|   0|   16|          0|
    +-------------------------------------------------------------------------------------------+----+----+-----+-----------+
    |Total                                                                                      |1283|   0| 1283|          0|
    +-------------------------------------------------------------------------------------------+----+----+-----+-----------+



================================================================
== Interface
================================================================
* Summary: 
+---------------------------------+-----+-----+------------+----------------------------------------------------------------------+--------------+
|            RTL Ports            | Dir | Bits|  Protocol  |                             Source Object                            |    C Type    |
+---------------------------------+-----+-----+------------+----------------------------------------------------------------------+--------------+
|ap_clk                           |  in |    1| ap_ctrl_hs | dense<array<ap_ufixed,42u>,array<ap_fixed<16,6,5,3,0>,64u>,config19> | return value |
|ap_rst                           |  in |    1| ap_ctrl_hs | dense<array<ap_ufixed,42u>,array<ap_fixed<16,6,5,3,0>,64u>,config19> | return value |
|ap_start                         |  in |    1| ap_ctrl_hs | dense<array<ap_ufixed,42u>,array<ap_fixed<16,6,5,3,0>,64u>,config19> | return value |
|start_full_n                     |  in |    1| ap_ctrl_hs | dense<array<ap_ufixed,42u>,array<ap_fixed<16,6,5,3,0>,64u>,config19> | return value |
|ap_done                          | out |    1| ap_ctrl_hs | dense<array<ap_ufixed,42u>,array<ap_fixed<16,6,5,3,0>,64u>,config19> | return value |
|ap_continue                      |  in |    1| ap_ctrl_hs | dense<array<ap_ufixed,42u>,array<ap_fixed<16,6,5,3,0>,64u>,config19> | return value |
|ap_idle                          | out |    1| ap_ctrl_hs | dense<array<ap_ufixed,42u>,array<ap_fixed<16,6,5,3,0>,64u>,config19> | return value |
|ap_ready                         | out |    1| ap_ctrl_hs | dense<array<ap_ufixed,42u>,array<ap_fixed<16,6,5,3,0>,64u>,config19> | return value |
|start_out                        | out |    1| ap_ctrl_hs | dense<array<ap_ufixed,42u>,array<ap_fixed<16,6,5,3,0>,64u>,config19> | return value |
|start_write                      | out |    1| ap_ctrl_hs | dense<array<ap_ufixed,42u>,array<ap_fixed<16,6,5,3,0>,64u>,config19> | return value |
|data_stream_V_data_0_V_dout      |  in |    6|   ap_fifo  |                        data_stream_V_data_0_V                        |    pointer   |
|data_stream_V_data_0_V_empty_n   |  in |    1|   ap_fifo  |                        data_stream_V_data_0_V                        |    pointer   |
|data_stream_V_data_0_V_read      | out |    1|   ap_fifo  |                        data_stream_V_data_0_V                        |    pointer   |
|data_stream_V_data_1_V_dout      |  in |    6|   ap_fifo  |                        data_stream_V_data_1_V                        |    pointer   |
|data_stream_V_data_1_V_empty_n   |  in |    1|   ap_fifo  |                        data_stream_V_data_1_V                        |    pointer   |
|data_stream_V_data_1_V_read      | out |    1|   ap_fifo  |                        data_stream_V_data_1_V                        |    pointer   |
|data_stream_V_data_2_V_dout      |  in |    6|   ap_fifo  |                        data_stream_V_data_2_V                        |    pointer   |
|data_stream_V_data_2_V_empty_n   |  in |    1|   ap_fifo  |                        data_stream_V_data_2_V                        |    pointer   |
|data_stream_V_data_2_V_read      | out |    1|   ap_fifo  |                        data_stream_V_data_2_V                        |    pointer   |
|data_stream_V_data_3_V_dout      |  in |    6|   ap_fifo  |                        data_stream_V_data_3_V                        |    pointer   |
|data_stream_V_data_3_V_empty_n   |  in |    1|   ap_fifo  |                        data_stream_V_data_3_V                        |    pointer   |
|data_stream_V_data_3_V_read      | out |    1|   ap_fifo  |                        data_stream_V_data_3_V                        |    pointer   |
|data_stream_V_data_4_V_dout      |  in |    6|   ap_fifo  |                        data_stream_V_data_4_V                        |    pointer   |
|data_stream_V_data_4_V_empty_n   |  in |    1|   ap_fifo  |                        data_stream_V_data_4_V                        |    pointer   |
|data_stream_V_data_4_V_read      | out |    1|   ap_fifo  |                        data_stream_V_data_4_V                        |    pointer   |
|data_stream_V_data_5_V_dout      |  in |    6|   ap_fifo  |                        data_stream_V_data_5_V                        |    pointer   |
|data_stream_V_data_5_V_empty_n   |  in |    1|   ap_fifo  |                        data_stream_V_data_5_V                        |    pointer   |
|data_stream_V_data_5_V_read      | out |    1|   ap_fifo  |                        data_stream_V_data_5_V                        |    pointer   |
|data_stream_V_data_6_V_dout      |  in |    6|   ap_fifo  |                        data_stream_V_data_6_V                        |    pointer   |
|data_stream_V_data_6_V_empty_n   |  in |    1|   ap_fifo  |                        data_stream_V_data_6_V                        |    pointer   |
|data_stream_V_data_6_V_read      | out |    1|   ap_fifo  |                        data_stream_V_data_6_V                        |    pointer   |
|data_stream_V_data_7_V_dout      |  in |    6|   ap_fifo  |                        data_stream_V_data_7_V                        |    pointer   |
|data_stream_V_data_7_V_empty_n   |  in |    1|   ap_fifo  |                        data_stream_V_data_7_V                        |    pointer   |
|data_stream_V_data_7_V_read      | out |    1|   ap_fifo  |                        data_stream_V_data_7_V                        |    pointer   |
|data_stream_V_data_8_V_dout      |  in |    6|   ap_fifo  |                        data_stream_V_data_8_V                        |    pointer   |
|data_stream_V_data_8_V_empty_n   |  in |    1|   ap_fifo  |                        data_stream_V_data_8_V                        |    pointer   |
|data_stream_V_data_8_V_read      | out |    1|   ap_fifo  |                        data_stream_V_data_8_V                        |    pointer   |
|data_stream_V_data_9_V_dout      |  in |    6|   ap_fifo  |                        data_stream_V_data_9_V                        |    pointer   |
|data_stream_V_data_9_V_empty_n   |  in |    1|   ap_fifo  |                        data_stream_V_data_9_V                        |    pointer   |
|data_stream_V_data_9_V_read      | out |    1|   ap_fifo  |                        data_stream_V_data_9_V                        |    pointer   |
|data_stream_V_data_10_V_dout     |  in |    6|   ap_fifo  |                        data_stream_V_data_10_V                       |    pointer   |
|data_stream_V_data_10_V_empty_n  |  in |    1|   ap_fifo  |                        data_stream_V_data_10_V                       |    pointer   |
|data_stream_V_data_10_V_read     | out |    1|   ap_fifo  |                        data_stream_V_data_10_V                       |    pointer   |
|data_stream_V_data_11_V_dout     |  in |    6|   ap_fifo  |                        data_stream_V_data_11_V                       |    pointer   |
|data_stream_V_data_11_V_empty_n  |  in |    1|   ap_fifo  |                        data_stream_V_data_11_V                       |    pointer   |
|data_stream_V_data_11_V_read     | out |    1|   ap_fifo  |                        data_stream_V_data_11_V                       |    pointer   |
|data_stream_V_data_12_V_dout     |  in |    6|   ap_fifo  |                        data_stream_V_data_12_V                       |    pointer   |
|data_stream_V_data_12_V_empty_n  |  in |    1|   ap_fifo  |                        data_stream_V_data_12_V                       |    pointer   |
|data_stream_V_data_12_V_read     | out |    1|   ap_fifo  |                        data_stream_V_data_12_V                       |    pointer   |
|data_stream_V_data_13_V_dout     |  in |    6|   ap_fifo  |                        data_stream_V_data_13_V                       |    pointer   |
|data_stream_V_data_13_V_empty_n  |  in |    1|   ap_fifo  |                        data_stream_V_data_13_V                       |    pointer   |
|data_stream_V_data_13_V_read     | out |    1|   ap_fifo  |                        data_stream_V_data_13_V                       |    pointer   |
|data_stream_V_data_14_V_dout     |  in |    6|   ap_fifo  |                        data_stream_V_data_14_V                       |    pointer   |
|data_stream_V_data_14_V_empty_n  |  in |    1|   ap_fifo  |                        data_stream_V_data_14_V                       |    pointer   |
|data_stream_V_data_14_V_read     | out |    1|   ap_fifo  |                        data_stream_V_data_14_V                       |    pointer   |
|data_stream_V_data_15_V_dout     |  in |    6|   ap_fifo  |                        data_stream_V_data_15_V                       |    pointer   |
|data_stream_V_data_15_V_empty_n  |  in |    1|   ap_fifo  |                        data_stream_V_data_15_V                       |    pointer   |
|data_stream_V_data_15_V_read     | out |    1|   ap_fifo  |                        data_stream_V_data_15_V                       |    pointer   |
|data_stream_V_data_16_V_dout     |  in |    6|   ap_fifo  |                        data_stream_V_data_16_V                       |    pointer   |
|data_stream_V_data_16_V_empty_n  |  in |    1|   ap_fifo  |                        data_stream_V_data_16_V                       |    pointer   |
|data_stream_V_data_16_V_read     | out |    1|   ap_fifo  |                        data_stream_V_data_16_V                       |    pointer   |
|data_stream_V_data_17_V_dout     |  in |    6|   ap_fifo  |                        data_stream_V_data_17_V                       |    pointer   |
|data_stream_V_data_17_V_empty_n  |  in |    1|   ap_fifo  |                        data_stream_V_data_17_V                       |    pointer   |
|data_stream_V_data_17_V_read     | out |    1|   ap_fifo  |                        data_stream_V_data_17_V                       |    pointer   |
|data_stream_V_data_18_V_dout     |  in |    6|   ap_fifo  |                        data_stream_V_data_18_V                       |    pointer   |
|data_stream_V_data_18_V_empty_n  |  in |    1|   ap_fifo  |                        data_stream_V_data_18_V                       |    pointer   |
|data_stream_V_data_18_V_read     | out |    1|   ap_fifo  |                        data_stream_V_data_18_V                       |    pointer   |
|data_stream_V_data_19_V_dout     |  in |    6|   ap_fifo  |                        data_stream_V_data_19_V                       |    pointer   |
|data_stream_V_data_19_V_empty_n  |  in |    1|   ap_fifo  |                        data_stream_V_data_19_V                       |    pointer   |
|data_stream_V_data_19_V_read     | out |    1|   ap_fifo  |                        data_stream_V_data_19_V                       |    pointer   |
|data_stream_V_data_20_V_dout     |  in |    6|   ap_fifo  |                        data_stream_V_data_20_V                       |    pointer   |
|data_stream_V_data_20_V_empty_n  |  in |    1|   ap_fifo  |                        data_stream_V_data_20_V                       |    pointer   |
|data_stream_V_data_20_V_read     | out |    1|   ap_fifo  |                        data_stream_V_data_20_V                       |    pointer   |
|data_stream_V_data_21_V_dout     |  in |    6|   ap_fifo  |                        data_stream_V_data_21_V                       |    pointer   |
|data_stream_V_data_21_V_empty_n  |  in |    1|   ap_fifo  |                        data_stream_V_data_21_V                       |    pointer   |
|data_stream_V_data_21_V_read     | out |    1|   ap_fifo  |                        data_stream_V_data_21_V                       |    pointer   |
|data_stream_V_data_22_V_dout     |  in |    6|   ap_fifo  |                        data_stream_V_data_22_V                       |    pointer   |
|data_stream_V_data_22_V_empty_n  |  in |    1|   ap_fifo  |                        data_stream_V_data_22_V                       |    pointer   |
|data_stream_V_data_22_V_read     | out |    1|   ap_fifo  |                        data_stream_V_data_22_V                       |    pointer   |
|data_stream_V_data_23_V_dout     |  in |    6|   ap_fifo  |                        data_stream_V_data_23_V                       |    pointer   |
|data_stream_V_data_23_V_empty_n  |  in |    1|   ap_fifo  |                        data_stream_V_data_23_V                       |    pointer   |
|data_stream_V_data_23_V_read     | out |    1|   ap_fifo  |                        data_stream_V_data_23_V                       |    pointer   |
|data_stream_V_data_24_V_dout     |  in |    6|   ap_fifo  |                        data_stream_V_data_24_V                       |    pointer   |
|data_stream_V_data_24_V_empty_n  |  in |    1|   ap_fifo  |                        data_stream_V_data_24_V                       |    pointer   |
|data_stream_V_data_24_V_read     | out |    1|   ap_fifo  |                        data_stream_V_data_24_V                       |    pointer   |
|data_stream_V_data_25_V_dout     |  in |    6|   ap_fifo  |                        data_stream_V_data_25_V                       |    pointer   |
|data_stream_V_data_25_V_empty_n  |  in |    1|   ap_fifo  |                        data_stream_V_data_25_V                       |    pointer   |
|data_stream_V_data_25_V_read     | out |    1|   ap_fifo  |                        data_stream_V_data_25_V                       |    pointer   |
|data_stream_V_data_26_V_dout     |  in |    6|   ap_fifo  |                        data_stream_V_data_26_V                       |    pointer   |
|data_stream_V_data_26_V_empty_n  |  in |    1|   ap_fifo  |                        data_stream_V_data_26_V                       |    pointer   |
|data_stream_V_data_26_V_read     | out |    1|   ap_fifo  |                        data_stream_V_data_26_V                       |    pointer   |
|data_stream_V_data_27_V_dout     |  in |    6|   ap_fifo  |                        data_stream_V_data_27_V                       |    pointer   |
|data_stream_V_data_27_V_empty_n  |  in |    1|   ap_fifo  |                        data_stream_V_data_27_V                       |    pointer   |
|data_stream_V_data_27_V_read     | out |    1|   ap_fifo  |                        data_stream_V_data_27_V                       |    pointer   |
|data_stream_V_data_28_V_dout     |  in |    6|   ap_fifo  |                        data_stream_V_data_28_V                       |    pointer   |
|data_stream_V_data_28_V_empty_n  |  in |    1|   ap_fifo  |                        data_stream_V_data_28_V                       |    pointer   |
|data_stream_V_data_28_V_read     | out |    1|   ap_fifo  |                        data_stream_V_data_28_V                       |    pointer   |
|data_stream_V_data_29_V_dout     |  in |    6|   ap_fifo  |                        data_stream_V_data_29_V                       |    pointer   |
|data_stream_V_data_29_V_empty_n  |  in |    1|   ap_fifo  |                        data_stream_V_data_29_V                       |    pointer   |
|data_stream_V_data_29_V_read     | out |    1|   ap_fifo  |                        data_stream_V_data_29_V                       |    pointer   |
|data_stream_V_data_30_V_dout     |  in |    6|   ap_fifo  |                        data_stream_V_data_30_V                       |    pointer   |
|data_stream_V_data_30_V_empty_n  |  in |    1|   ap_fifo  |                        data_stream_V_data_30_V                       |    pointer   |
|data_stream_V_data_30_V_read     | out |    1|   ap_fifo  |                        data_stream_V_data_30_V                       |    pointer   |
|data_stream_V_data_31_V_dout     |  in |    6|   ap_fifo  |                        data_stream_V_data_31_V                       |    pointer   |
|data_stream_V_data_31_V_empty_n  |  in |    1|   ap_fifo  |                        data_stream_V_data_31_V                       |    pointer   |
|data_stream_V_data_31_V_read     | out |    1|   ap_fifo  |                        data_stream_V_data_31_V                       |    pointer   |
|data_stream_V_data_32_V_dout     |  in |    6|   ap_fifo  |                        data_stream_V_data_32_V                       |    pointer   |
|data_stream_V_data_32_V_empty_n  |  in |    1|   ap_fifo  |                        data_stream_V_data_32_V                       |    pointer   |
|data_stream_V_data_32_V_read     | out |    1|   ap_fifo  |                        data_stream_V_data_32_V                       |    pointer   |
|data_stream_V_data_33_V_dout     |  in |    6|   ap_fifo  |                        data_stream_V_data_33_V                       |    pointer   |
|data_stream_V_data_33_V_empty_n  |  in |    1|   ap_fifo  |                        data_stream_V_data_33_V                       |    pointer   |
|data_stream_V_data_33_V_read     | out |    1|   ap_fifo  |                        data_stream_V_data_33_V                       |    pointer   |
|data_stream_V_data_34_V_dout     |  in |    6|   ap_fifo  |                        data_stream_V_data_34_V                       |    pointer   |
|data_stream_V_data_34_V_empty_n  |  in |    1|   ap_fifo  |                        data_stream_V_data_34_V                       |    pointer   |
|data_stream_V_data_34_V_read     | out |    1|   ap_fifo  |                        data_stream_V_data_34_V                       |    pointer   |
|data_stream_V_data_35_V_dout     |  in |    6|   ap_fifo  |                        data_stream_V_data_35_V                       |    pointer   |
|data_stream_V_data_35_V_empty_n  |  in |    1|   ap_fifo  |                        data_stream_V_data_35_V                       |    pointer   |
|data_stream_V_data_35_V_read     | out |    1|   ap_fifo  |                        data_stream_V_data_35_V                       |    pointer   |
|data_stream_V_data_36_V_dout     |  in |    6|   ap_fifo  |                        data_stream_V_data_36_V                       |    pointer   |
|data_stream_V_data_36_V_empty_n  |  in |    1|   ap_fifo  |                        data_stream_V_data_36_V                       |    pointer   |
|data_stream_V_data_36_V_read     | out |    1|   ap_fifo  |                        data_stream_V_data_36_V                       |    pointer   |
|data_stream_V_data_37_V_dout     |  in |    6|   ap_fifo  |                        data_stream_V_data_37_V                       |    pointer   |
|data_stream_V_data_37_V_empty_n  |  in |    1|   ap_fifo  |                        data_stream_V_data_37_V                       |    pointer   |
|data_stream_V_data_37_V_read     | out |    1|   ap_fifo  |                        data_stream_V_data_37_V                       |    pointer   |
|data_stream_V_data_38_V_dout     |  in |    6|   ap_fifo  |                        data_stream_V_data_38_V                       |    pointer   |
|data_stream_V_data_38_V_empty_n  |  in |    1|   ap_fifo  |                        data_stream_V_data_38_V                       |    pointer   |
|data_stream_V_data_38_V_read     | out |    1|   ap_fifo  |                        data_stream_V_data_38_V                       |    pointer   |
|data_stream_V_data_39_V_dout     |  in |    6|   ap_fifo  |                        data_stream_V_data_39_V                       |    pointer   |
|data_stream_V_data_39_V_empty_n  |  in |    1|   ap_fifo  |                        data_stream_V_data_39_V                       |    pointer   |
|data_stream_V_data_39_V_read     | out |    1|   ap_fifo  |                        data_stream_V_data_39_V                       |    pointer   |
|data_stream_V_data_40_V_dout     |  in |    6|   ap_fifo  |                        data_stream_V_data_40_V                       |    pointer   |
|data_stream_V_data_40_V_empty_n  |  in |    1|   ap_fifo  |                        data_stream_V_data_40_V                       |    pointer   |
|data_stream_V_data_40_V_read     | out |    1|   ap_fifo  |                        data_stream_V_data_40_V                       |    pointer   |
|data_stream_V_data_41_V_dout     |  in |    6|   ap_fifo  |                        data_stream_V_data_41_V                       |    pointer   |
|data_stream_V_data_41_V_empty_n  |  in |    1|   ap_fifo  |                        data_stream_V_data_41_V                       |    pointer   |
|data_stream_V_data_41_V_read     | out |    1|   ap_fifo  |                        data_stream_V_data_41_V                       |    pointer   |
|res_stream_V_data_0_V_din        | out |   16|   ap_fifo  |                         res_stream_V_data_0_V                        |    pointer   |
|res_stream_V_data_0_V_full_n     |  in |    1|   ap_fifo  |                         res_stream_V_data_0_V                        |    pointer   |
|res_stream_V_data_0_V_write      | out |    1|   ap_fifo  |                         res_stream_V_data_0_V                        |    pointer   |
|res_stream_V_data_1_V_din        | out |   16|   ap_fifo  |                         res_stream_V_data_1_V                        |    pointer   |
|res_stream_V_data_1_V_full_n     |  in |    1|   ap_fifo  |                         res_stream_V_data_1_V                        |    pointer   |
|res_stream_V_data_1_V_write      | out |    1|   ap_fifo  |                         res_stream_V_data_1_V                        |    pointer   |
|res_stream_V_data_2_V_din        | out |   16|   ap_fifo  |                         res_stream_V_data_2_V                        |    pointer   |
|res_stream_V_data_2_V_full_n     |  in |    1|   ap_fifo  |                         res_stream_V_data_2_V                        |    pointer   |
|res_stream_V_data_2_V_write      | out |    1|   ap_fifo  |                         res_stream_V_data_2_V                        |    pointer   |
|res_stream_V_data_3_V_din        | out |   16|   ap_fifo  |                         res_stream_V_data_3_V                        |    pointer   |
|res_stream_V_data_3_V_full_n     |  in |    1|   ap_fifo  |                         res_stream_V_data_3_V                        |    pointer   |
|res_stream_V_data_3_V_write      | out |    1|   ap_fifo  |                         res_stream_V_data_3_V                        |    pointer   |
|res_stream_V_data_4_V_din        | out |   16|   ap_fifo  |                         res_stream_V_data_4_V                        |    pointer   |
|res_stream_V_data_4_V_full_n     |  in |    1|   ap_fifo  |                         res_stream_V_data_4_V                        |    pointer   |
|res_stream_V_data_4_V_write      | out |    1|   ap_fifo  |                         res_stream_V_data_4_V                        |    pointer   |
|res_stream_V_data_5_V_din        | out |   16|   ap_fifo  |                         res_stream_V_data_5_V                        |    pointer   |
|res_stream_V_data_5_V_full_n     |  in |    1|   ap_fifo  |                         res_stream_V_data_5_V                        |    pointer   |
|res_stream_V_data_5_V_write      | out |    1|   ap_fifo  |                         res_stream_V_data_5_V                        |    pointer   |
|res_stream_V_data_6_V_din        | out |   16|   ap_fifo  |                         res_stream_V_data_6_V                        |    pointer   |
|res_stream_V_data_6_V_full_n     |  in |    1|   ap_fifo  |                         res_stream_V_data_6_V                        |    pointer   |
|res_stream_V_data_6_V_write      | out |    1|   ap_fifo  |                         res_stream_V_data_6_V                        |    pointer   |
|res_stream_V_data_7_V_din        | out |   16|   ap_fifo  |                         res_stream_V_data_7_V                        |    pointer   |
|res_stream_V_data_7_V_full_n     |  in |    1|   ap_fifo  |                         res_stream_V_data_7_V                        |    pointer   |
|res_stream_V_data_7_V_write      | out |    1|   ap_fifo  |                         res_stream_V_data_7_V                        |    pointer   |
|res_stream_V_data_8_V_din        | out |   16|   ap_fifo  |                         res_stream_V_data_8_V                        |    pointer   |
|res_stream_V_data_8_V_full_n     |  in |    1|   ap_fifo  |                         res_stream_V_data_8_V                        |    pointer   |
|res_stream_V_data_8_V_write      | out |    1|   ap_fifo  |                         res_stream_V_data_8_V                        |    pointer   |
|res_stream_V_data_9_V_din        | out |   16|   ap_fifo  |                         res_stream_V_data_9_V                        |    pointer   |
|res_stream_V_data_9_V_full_n     |  in |    1|   ap_fifo  |                         res_stream_V_data_9_V                        |    pointer   |
|res_stream_V_data_9_V_write      | out |    1|   ap_fifo  |                         res_stream_V_data_9_V                        |    pointer   |
|res_stream_V_data_10_V_din       | out |   16|   ap_fifo  |                        res_stream_V_data_10_V                        |    pointer   |
|res_stream_V_data_10_V_full_n    |  in |    1|   ap_fifo  |                        res_stream_V_data_10_V                        |    pointer   |
|res_stream_V_data_10_V_write     | out |    1|   ap_fifo  |                        res_stream_V_data_10_V                        |    pointer   |
|res_stream_V_data_11_V_din       | out |   16|   ap_fifo  |                        res_stream_V_data_11_V                        |    pointer   |
|res_stream_V_data_11_V_full_n    |  in |    1|   ap_fifo  |                        res_stream_V_data_11_V                        |    pointer   |
|res_stream_V_data_11_V_write     | out |    1|   ap_fifo  |                        res_stream_V_data_11_V                        |    pointer   |
|res_stream_V_data_12_V_din       | out |   16|   ap_fifo  |                        res_stream_V_data_12_V                        |    pointer   |
|res_stream_V_data_12_V_full_n    |  in |    1|   ap_fifo  |                        res_stream_V_data_12_V                        |    pointer   |
|res_stream_V_data_12_V_write     | out |    1|   ap_fifo  |                        res_stream_V_data_12_V                        |    pointer   |
|res_stream_V_data_13_V_din       | out |   16|   ap_fifo  |                        res_stream_V_data_13_V                        |    pointer   |
|res_stream_V_data_13_V_full_n    |  in |    1|   ap_fifo  |                        res_stream_V_data_13_V                        |    pointer   |
|res_stream_V_data_13_V_write     | out |    1|   ap_fifo  |                        res_stream_V_data_13_V                        |    pointer   |
|res_stream_V_data_14_V_din       | out |   16|   ap_fifo  |                        res_stream_V_data_14_V                        |    pointer   |
|res_stream_V_data_14_V_full_n    |  in |    1|   ap_fifo  |                        res_stream_V_data_14_V                        |    pointer   |
|res_stream_V_data_14_V_write     | out |    1|   ap_fifo  |                        res_stream_V_data_14_V                        |    pointer   |
|res_stream_V_data_15_V_din       | out |   16|   ap_fifo  |                        res_stream_V_data_15_V                        |    pointer   |
|res_stream_V_data_15_V_full_n    |  in |    1|   ap_fifo  |                        res_stream_V_data_15_V                        |    pointer   |
|res_stream_V_data_15_V_write     | out |    1|   ap_fifo  |                        res_stream_V_data_15_V                        |    pointer   |
|res_stream_V_data_16_V_din       | out |   16|   ap_fifo  |                        res_stream_V_data_16_V                        |    pointer   |
|res_stream_V_data_16_V_full_n    |  in |    1|   ap_fifo  |                        res_stream_V_data_16_V                        |    pointer   |
|res_stream_V_data_16_V_write     | out |    1|   ap_fifo  |                        res_stream_V_data_16_V                        |    pointer   |
|res_stream_V_data_17_V_din       | out |   16|   ap_fifo  |                        res_stream_V_data_17_V                        |    pointer   |
|res_stream_V_data_17_V_full_n    |  in |    1|   ap_fifo  |                        res_stream_V_data_17_V                        |    pointer   |
|res_stream_V_data_17_V_write     | out |    1|   ap_fifo  |                        res_stream_V_data_17_V                        |    pointer   |
|res_stream_V_data_18_V_din       | out |   16|   ap_fifo  |                        res_stream_V_data_18_V                        |    pointer   |
|res_stream_V_data_18_V_full_n    |  in |    1|   ap_fifo  |                        res_stream_V_data_18_V                        |    pointer   |
|res_stream_V_data_18_V_write     | out |    1|   ap_fifo  |                        res_stream_V_data_18_V                        |    pointer   |
|res_stream_V_data_19_V_din       | out |   16|   ap_fifo  |                        res_stream_V_data_19_V                        |    pointer   |
|res_stream_V_data_19_V_full_n    |  in |    1|   ap_fifo  |                        res_stream_V_data_19_V                        |    pointer   |
|res_stream_V_data_19_V_write     | out |    1|   ap_fifo  |                        res_stream_V_data_19_V                        |    pointer   |
|res_stream_V_data_20_V_din       | out |   16|   ap_fifo  |                        res_stream_V_data_20_V                        |    pointer   |
|res_stream_V_data_20_V_full_n    |  in |    1|   ap_fifo  |                        res_stream_V_data_20_V                        |    pointer   |
|res_stream_V_data_20_V_write     | out |    1|   ap_fifo  |                        res_stream_V_data_20_V                        |    pointer   |
|res_stream_V_data_21_V_din       | out |   16|   ap_fifo  |                        res_stream_V_data_21_V                        |    pointer   |
|res_stream_V_data_21_V_full_n    |  in |    1|   ap_fifo  |                        res_stream_V_data_21_V                        |    pointer   |
|res_stream_V_data_21_V_write     | out |    1|   ap_fifo  |                        res_stream_V_data_21_V                        |    pointer   |
|res_stream_V_data_22_V_din       | out |   16|   ap_fifo  |                        res_stream_V_data_22_V                        |    pointer   |
|res_stream_V_data_22_V_full_n    |  in |    1|   ap_fifo  |                        res_stream_V_data_22_V                        |    pointer   |
|res_stream_V_data_22_V_write     | out |    1|   ap_fifo  |                        res_stream_V_data_22_V                        |    pointer   |
|res_stream_V_data_23_V_din       | out |   16|   ap_fifo  |                        res_stream_V_data_23_V                        |    pointer   |
|res_stream_V_data_23_V_full_n    |  in |    1|   ap_fifo  |                        res_stream_V_data_23_V                        |    pointer   |
|res_stream_V_data_23_V_write     | out |    1|   ap_fifo  |                        res_stream_V_data_23_V                        |    pointer   |
|res_stream_V_data_24_V_din       | out |   16|   ap_fifo  |                        res_stream_V_data_24_V                        |    pointer   |
|res_stream_V_data_24_V_full_n    |  in |    1|   ap_fifo  |                        res_stream_V_data_24_V                        |    pointer   |
|res_stream_V_data_24_V_write     | out |    1|   ap_fifo  |                        res_stream_V_data_24_V                        |    pointer   |
|res_stream_V_data_25_V_din       | out |   16|   ap_fifo  |                        res_stream_V_data_25_V                        |    pointer   |
|res_stream_V_data_25_V_full_n    |  in |    1|   ap_fifo  |                        res_stream_V_data_25_V                        |    pointer   |
|res_stream_V_data_25_V_write     | out |    1|   ap_fifo  |                        res_stream_V_data_25_V                        |    pointer   |
|res_stream_V_data_26_V_din       | out |   16|   ap_fifo  |                        res_stream_V_data_26_V                        |    pointer   |
|res_stream_V_data_26_V_full_n    |  in |    1|   ap_fifo  |                        res_stream_V_data_26_V                        |    pointer   |
|res_stream_V_data_26_V_write     | out |    1|   ap_fifo  |                        res_stream_V_data_26_V                        |    pointer   |
|res_stream_V_data_27_V_din       | out |   16|   ap_fifo  |                        res_stream_V_data_27_V                        |    pointer   |
|res_stream_V_data_27_V_full_n    |  in |    1|   ap_fifo  |                        res_stream_V_data_27_V                        |    pointer   |
|res_stream_V_data_27_V_write     | out |    1|   ap_fifo  |                        res_stream_V_data_27_V                        |    pointer   |
|res_stream_V_data_28_V_din       | out |   16|   ap_fifo  |                        res_stream_V_data_28_V                        |    pointer   |
|res_stream_V_data_28_V_full_n    |  in |    1|   ap_fifo  |                        res_stream_V_data_28_V                        |    pointer   |
|res_stream_V_data_28_V_write     | out |    1|   ap_fifo  |                        res_stream_V_data_28_V                        |    pointer   |
|res_stream_V_data_29_V_din       | out |   16|   ap_fifo  |                        res_stream_V_data_29_V                        |    pointer   |
|res_stream_V_data_29_V_full_n    |  in |    1|   ap_fifo  |                        res_stream_V_data_29_V                        |    pointer   |
|res_stream_V_data_29_V_write     | out |    1|   ap_fifo  |                        res_stream_V_data_29_V                        |    pointer   |
|res_stream_V_data_30_V_din       | out |   16|   ap_fifo  |                        res_stream_V_data_30_V                        |    pointer   |
|res_stream_V_data_30_V_full_n    |  in |    1|   ap_fifo  |                        res_stream_V_data_30_V                        |    pointer   |
|res_stream_V_data_30_V_write     | out |    1|   ap_fifo  |                        res_stream_V_data_30_V                        |    pointer   |
|res_stream_V_data_31_V_din       | out |   16|   ap_fifo  |                        res_stream_V_data_31_V                        |    pointer   |
|res_stream_V_data_31_V_full_n    |  in |    1|   ap_fifo  |                        res_stream_V_data_31_V                        |    pointer   |
|res_stream_V_data_31_V_write     | out |    1|   ap_fifo  |                        res_stream_V_data_31_V                        |    pointer   |
|res_stream_V_data_32_V_din       | out |   16|   ap_fifo  |                        res_stream_V_data_32_V                        |    pointer   |
|res_stream_V_data_32_V_full_n    |  in |    1|   ap_fifo  |                        res_stream_V_data_32_V                        |    pointer   |
|res_stream_V_data_32_V_write     | out |    1|   ap_fifo  |                        res_stream_V_data_32_V                        |    pointer   |
|res_stream_V_data_33_V_din       | out |   16|   ap_fifo  |                        res_stream_V_data_33_V                        |    pointer   |
|res_stream_V_data_33_V_full_n    |  in |    1|   ap_fifo  |                        res_stream_V_data_33_V                        |    pointer   |
|res_stream_V_data_33_V_write     | out |    1|   ap_fifo  |                        res_stream_V_data_33_V                        |    pointer   |
|res_stream_V_data_34_V_din       | out |   16|   ap_fifo  |                        res_stream_V_data_34_V                        |    pointer   |
|res_stream_V_data_34_V_full_n    |  in |    1|   ap_fifo  |                        res_stream_V_data_34_V                        |    pointer   |
|res_stream_V_data_34_V_write     | out |    1|   ap_fifo  |                        res_stream_V_data_34_V                        |    pointer   |
|res_stream_V_data_35_V_din       | out |   16|   ap_fifo  |                        res_stream_V_data_35_V                        |    pointer   |
|res_stream_V_data_35_V_full_n    |  in |    1|   ap_fifo  |                        res_stream_V_data_35_V                        |    pointer   |
|res_stream_V_data_35_V_write     | out |    1|   ap_fifo  |                        res_stream_V_data_35_V                        |    pointer   |
|res_stream_V_data_36_V_din       | out |   16|   ap_fifo  |                        res_stream_V_data_36_V                        |    pointer   |
|res_stream_V_data_36_V_full_n    |  in |    1|   ap_fifo  |                        res_stream_V_data_36_V                        |    pointer   |
|res_stream_V_data_36_V_write     | out |    1|   ap_fifo  |                        res_stream_V_data_36_V                        |    pointer   |
|res_stream_V_data_37_V_din       | out |   16|   ap_fifo  |                        res_stream_V_data_37_V                        |    pointer   |
|res_stream_V_data_37_V_full_n    |  in |    1|   ap_fifo  |                        res_stream_V_data_37_V                        |    pointer   |
|res_stream_V_data_37_V_write     | out |    1|   ap_fifo  |                        res_stream_V_data_37_V                        |    pointer   |
|res_stream_V_data_38_V_din       | out |   16|   ap_fifo  |                        res_stream_V_data_38_V                        |    pointer   |
|res_stream_V_data_38_V_full_n    |  in |    1|   ap_fifo  |                        res_stream_V_data_38_V                        |    pointer   |
|res_stream_V_data_38_V_write     | out |    1|   ap_fifo  |                        res_stream_V_data_38_V                        |    pointer   |
|res_stream_V_data_39_V_din       | out |   16|   ap_fifo  |                        res_stream_V_data_39_V                        |    pointer   |
|res_stream_V_data_39_V_full_n    |  in |    1|   ap_fifo  |                        res_stream_V_data_39_V                        |    pointer   |
|res_stream_V_data_39_V_write     | out |    1|   ap_fifo  |                        res_stream_V_data_39_V                        |    pointer   |
|res_stream_V_data_40_V_din       | out |   16|   ap_fifo  |                        res_stream_V_data_40_V                        |    pointer   |
|res_stream_V_data_40_V_full_n    |  in |    1|   ap_fifo  |                        res_stream_V_data_40_V                        |    pointer   |
|res_stream_V_data_40_V_write     | out |    1|   ap_fifo  |                        res_stream_V_data_40_V                        |    pointer   |
|res_stream_V_data_41_V_din       | out |   16|   ap_fifo  |                        res_stream_V_data_41_V                        |    pointer   |
|res_stream_V_data_41_V_full_n    |  in |    1|   ap_fifo  |                        res_stream_V_data_41_V                        |    pointer   |
|res_stream_V_data_41_V_write     | out |    1|   ap_fifo  |                        res_stream_V_data_41_V                        |    pointer   |
|res_stream_V_data_42_V_din       | out |   16|   ap_fifo  |                        res_stream_V_data_42_V                        |    pointer   |
|res_stream_V_data_42_V_full_n    |  in |    1|   ap_fifo  |                        res_stream_V_data_42_V                        |    pointer   |
|res_stream_V_data_42_V_write     | out |    1|   ap_fifo  |                        res_stream_V_data_42_V                        |    pointer   |
|res_stream_V_data_43_V_din       | out |   16|   ap_fifo  |                        res_stream_V_data_43_V                        |    pointer   |
|res_stream_V_data_43_V_full_n    |  in |    1|   ap_fifo  |                        res_stream_V_data_43_V                        |    pointer   |
|res_stream_V_data_43_V_write     | out |    1|   ap_fifo  |                        res_stream_V_data_43_V                        |    pointer   |
|res_stream_V_data_44_V_din       | out |   16|   ap_fifo  |                        res_stream_V_data_44_V                        |    pointer   |
|res_stream_V_data_44_V_full_n    |  in |    1|   ap_fifo  |                        res_stream_V_data_44_V                        |    pointer   |
|res_stream_V_data_44_V_write     | out |    1|   ap_fifo  |                        res_stream_V_data_44_V                        |    pointer   |
|res_stream_V_data_45_V_din       | out |   16|   ap_fifo  |                        res_stream_V_data_45_V                        |    pointer   |
|res_stream_V_data_45_V_full_n    |  in |    1|   ap_fifo  |                        res_stream_V_data_45_V                        |    pointer   |
|res_stream_V_data_45_V_write     | out |    1|   ap_fifo  |                        res_stream_V_data_45_V                        |    pointer   |
|res_stream_V_data_46_V_din       | out |   16|   ap_fifo  |                        res_stream_V_data_46_V                        |    pointer   |
|res_stream_V_data_46_V_full_n    |  in |    1|   ap_fifo  |                        res_stream_V_data_46_V                        |    pointer   |
|res_stream_V_data_46_V_write     | out |    1|   ap_fifo  |                        res_stream_V_data_46_V                        |    pointer   |
|res_stream_V_data_47_V_din       | out |   16|   ap_fifo  |                        res_stream_V_data_47_V                        |    pointer   |
|res_stream_V_data_47_V_full_n    |  in |    1|   ap_fifo  |                        res_stream_V_data_47_V                        |    pointer   |
|res_stream_V_data_47_V_write     | out |    1|   ap_fifo  |                        res_stream_V_data_47_V                        |    pointer   |
|res_stream_V_data_48_V_din       | out |   16|   ap_fifo  |                        res_stream_V_data_48_V                        |    pointer   |
|res_stream_V_data_48_V_full_n    |  in |    1|   ap_fifo  |                        res_stream_V_data_48_V                        |    pointer   |
|res_stream_V_data_48_V_write     | out |    1|   ap_fifo  |                        res_stream_V_data_48_V                        |    pointer   |
|res_stream_V_data_49_V_din       | out |   16|   ap_fifo  |                        res_stream_V_data_49_V                        |    pointer   |
|res_stream_V_data_49_V_full_n    |  in |    1|   ap_fifo  |                        res_stream_V_data_49_V                        |    pointer   |
|res_stream_V_data_49_V_write     | out |    1|   ap_fifo  |                        res_stream_V_data_49_V                        |    pointer   |
|res_stream_V_data_50_V_din       | out |   16|   ap_fifo  |                        res_stream_V_data_50_V                        |    pointer   |
|res_stream_V_data_50_V_full_n    |  in |    1|   ap_fifo  |                        res_stream_V_data_50_V                        |    pointer   |
|res_stream_V_data_50_V_write     | out |    1|   ap_fifo  |                        res_stream_V_data_50_V                        |    pointer   |
|res_stream_V_data_51_V_din       | out |   16|   ap_fifo  |                        res_stream_V_data_51_V                        |    pointer   |
|res_stream_V_data_51_V_full_n    |  in |    1|   ap_fifo  |                        res_stream_V_data_51_V                        |    pointer   |
|res_stream_V_data_51_V_write     | out |    1|   ap_fifo  |                        res_stream_V_data_51_V                        |    pointer   |
|res_stream_V_data_52_V_din       | out |   16|   ap_fifo  |                        res_stream_V_data_52_V                        |    pointer   |
|res_stream_V_data_52_V_full_n    |  in |    1|   ap_fifo  |                        res_stream_V_data_52_V                        |    pointer   |
|res_stream_V_data_52_V_write     | out |    1|   ap_fifo  |                        res_stream_V_data_52_V                        |    pointer   |
|res_stream_V_data_53_V_din       | out |   16|   ap_fifo  |                        res_stream_V_data_53_V                        |    pointer   |
|res_stream_V_data_53_V_full_n    |  in |    1|   ap_fifo  |                        res_stream_V_data_53_V                        |    pointer   |
|res_stream_V_data_53_V_write     | out |    1|   ap_fifo  |                        res_stream_V_data_53_V                        |    pointer   |
|res_stream_V_data_54_V_din       | out |   16|   ap_fifo  |                        res_stream_V_data_54_V                        |    pointer   |
|res_stream_V_data_54_V_full_n    |  in |    1|   ap_fifo  |                        res_stream_V_data_54_V                        |    pointer   |
|res_stream_V_data_54_V_write     | out |    1|   ap_fifo  |                        res_stream_V_data_54_V                        |    pointer   |
|res_stream_V_data_55_V_din       | out |   16|   ap_fifo  |                        res_stream_V_data_55_V                        |    pointer   |
|res_stream_V_data_55_V_full_n    |  in |    1|   ap_fifo  |                        res_stream_V_data_55_V                        |    pointer   |
|res_stream_V_data_55_V_write     | out |    1|   ap_fifo  |                        res_stream_V_data_55_V                        |    pointer   |
|res_stream_V_data_56_V_din       | out |   16|   ap_fifo  |                        res_stream_V_data_56_V                        |    pointer   |
|res_stream_V_data_56_V_full_n    |  in |    1|   ap_fifo  |                        res_stream_V_data_56_V                        |    pointer   |
|res_stream_V_data_56_V_write     | out |    1|   ap_fifo  |                        res_stream_V_data_56_V                        |    pointer   |
|res_stream_V_data_57_V_din       | out |   16|   ap_fifo  |                        res_stream_V_data_57_V                        |    pointer   |
|res_stream_V_data_57_V_full_n    |  in |    1|   ap_fifo  |                        res_stream_V_data_57_V                        |    pointer   |
|res_stream_V_data_57_V_write     | out |    1|   ap_fifo  |                        res_stream_V_data_57_V                        |    pointer   |
|res_stream_V_data_58_V_din       | out |   16|   ap_fifo  |                        res_stream_V_data_58_V                        |    pointer   |
|res_stream_V_data_58_V_full_n    |  in |    1|   ap_fifo  |                        res_stream_V_data_58_V                        |    pointer   |
|res_stream_V_data_58_V_write     | out |    1|   ap_fifo  |                        res_stream_V_data_58_V                        |    pointer   |
|res_stream_V_data_59_V_din       | out |   16|   ap_fifo  |                        res_stream_V_data_59_V                        |    pointer   |
|res_stream_V_data_59_V_full_n    |  in |    1|   ap_fifo  |                        res_stream_V_data_59_V                        |    pointer   |
|res_stream_V_data_59_V_write     | out |    1|   ap_fifo  |                        res_stream_V_data_59_V                        |    pointer   |
|res_stream_V_data_60_V_din       | out |   16|   ap_fifo  |                        res_stream_V_data_60_V                        |    pointer   |
|res_stream_V_data_60_V_full_n    |  in |    1|   ap_fifo  |                        res_stream_V_data_60_V                        |    pointer   |
|res_stream_V_data_60_V_write     | out |    1|   ap_fifo  |                        res_stream_V_data_60_V                        |    pointer   |
|res_stream_V_data_61_V_din       | out |   16|   ap_fifo  |                        res_stream_V_data_61_V                        |    pointer   |
|res_stream_V_data_61_V_full_n    |  in |    1|   ap_fifo  |                        res_stream_V_data_61_V                        |    pointer   |
|res_stream_V_data_61_V_write     | out |    1|   ap_fifo  |                        res_stream_V_data_61_V                        |    pointer   |
|res_stream_V_data_62_V_din       | out |   16|   ap_fifo  |                        res_stream_V_data_62_V                        |    pointer   |
|res_stream_V_data_62_V_full_n    |  in |    1|   ap_fifo  |                        res_stream_V_data_62_V                        |    pointer   |
|res_stream_V_data_62_V_write     | out |    1|   ap_fifo  |                        res_stream_V_data_62_V                        |    pointer   |
|res_stream_V_data_63_V_din       | out |   16|   ap_fifo  |                        res_stream_V_data_63_V                        |    pointer   |
|res_stream_V_data_63_V_full_n    |  in |    1|   ap_fifo  |                        res_stream_V_data_63_V                        |    pointer   |
|res_stream_V_data_63_V_write     | out |    1|   ap_fifo  |                        res_stream_V_data_63_V                        |    pointer   |
+---------------------------------+-----+-----+------------+----------------------------------------------------------------------+--------------+

