

================================================================
== Vivado HLS Report for 'dense_latency_0_0_0_0_0_0_0_0_0_0_0_0_0_0_0_0_0_1'
================================================================
* Date:           Wed Apr  3 21:43:36 2024

* Version:        2019.2 (Build 2704478 on Wed Nov 06 22:10:23 MST 2019)
* Project:        myproject_prj
* Solution:       solution1
* Product family: zynq
* Target device:  xc7z020-clg400-1


================================================================
== Performance Estimates
================================================================
+ Timing: 
    * Summary: 
    +--------+---------+----------+------------+
    |  Clock |  Target | Estimated| Uncertainty|
    +--------+---------+----------+------------+
    |ap_clk  | 5.00 ns | 4.535 ns |   0.62 ns  |
    +--------+---------+----------+------------+

+ Latency: 
    * Summary: 
    +---------+---------+-----------+-----------+-----+-----+----------+
    |  Latency (cycles) |   Latency (absolute)  |  Interval | Pipeline |
    |   min   |   max   |    min    |    max    | min | max |   Type   |
    +---------+---------+-----------+-----------+-----+-----+----------+
    |       10|       10| 50.000 ns | 50.000 ns |   11|   11| function |
    +---------+---------+-----------+-----------+-----+-----+----------+

    + Detail: 
        * Instance: 
        N/A

        * Loop: 
        N/A



================================================================
== Utilization Estimates
================================================================
* Summary: 
+-----------------+---------+-------+--------+-------+-----+
|       Name      | BRAM_18K| DSP48E|   FF   |  LUT  | URAM|
+-----------------+---------+-------+--------+-------+-----+
|DSP              |        -|      -|       -|      -|    -|
|Expression       |        -|      -|       0|   4980|    -|
|FIFO             |        -|      -|       -|      -|    -|
|Instance         |        -|      3|     201|      6|    -|
|Memory           |        -|      -|       -|      -|    -|
|Multiplexer      |        -|      -|       -|    280|    -|
|Register         |        -|      -|    4333|      -|    -|
+-----------------+---------+-------+--------+-------+-----+
|Total            |        0|      3|    4534|   5266|    0|
+-----------------+---------+-------+--------+-------+-----+
|Available        |      280|    220|  106400|  53200|    0|
+-----------------+---------+-------+--------+-------+-----+
|Utilization (%)  |        0|      1|       4|      9|    0|
+-----------------+---------+-------+--------+-------+-----+

+ Detail: 
    * Instance: 
    +-------------------------------------+---------------------------------+---------+-------+----+----+-----+
    |               Instance              |              Module             | BRAM_18K| DSP48E| FF | LUT| URAM|
    +-------------------------------------+---------------------------------+---------+-------+----+----+-----+
    |myproject_axi_mul_16s_7s_21_2_1_U33  |myproject_axi_mul_16s_7s_21_2_1  |        0|      1|  67|   2|    0|
    |myproject_axi_mul_16s_7s_21_2_1_U34  |myproject_axi_mul_16s_7s_21_2_1  |        0|      1|  67|   2|    0|
    |myproject_axi_mul_16s_7s_21_2_1_U35  |myproject_axi_mul_16s_7s_21_2_1  |        0|      1|  67|   2|    0|
    +-------------------------------------+---------------------------------+---------+-------+----+----+-----+
    |Total                                |                                 |        0|      3| 201|   6|    0|
    +-------------------------------------+---------------------------------+---------+-------+----+----+-----+

    * DSP48E: 
    N/A

    * Memory: 
    N/A

    * FIFO: 
    N/A

    * Expression: 
    +----------------------------+----------+-------+---+----+------------+------------+
    |        Variable Name       | Operation| DSP48E| FF| LUT| Bitwidth P0| Bitwidth P1|
    +----------------------------+----------+-------+---+----+------------+------------+
    |acc_10_V_fu_3930_p2         |     +    |      0|  0|   8|          16|          16|
    |acc_11_V_fu_3939_p2         |     +    |      0|  0|   8|          16|          16|
    |acc_12_V_fu_3948_p2         |     +    |      0|  0|   8|          16|          16|
    |acc_13_V_fu_4073_p2         |     +    |      0|  0|   8|          16|          16|
    |acc_14_V_fu_4018_p2         |     +    |      0|  0|   8|          16|          16|
    |acc_15_V_fu_3975_p2         |     +    |      0|  0|   8|          16|          16|
    |acc_1_V_fu_3847_p2          |     +    |      0|  0|   8|          16|          16|
    |acc_2_V_fu_3856_p2          |     +    |      0|  0|   8|          16|          16|
    |acc_3_V_fu_4044_p2          |     +    |      0|  0|   8|          16|          16|
    |acc_4_V_fu_3875_p2          |     +    |      0|  0|   8|          16|          16|
    |acc_5_V_fu_3884_p2          |     +    |      0|  0|   8|          16|          16|
    |acc_6_V_fu_4091_p2          |     +    |      0|  0|   8|          16|          16|
    |acc_7_V_fu_3893_p2          |     +    |      0|  0|   8|          16|          16|
    |acc_8_V_fu_3994_p2          |     +    |      0|  0|   8|          16|          16|
    |acc_9_V_fu_4064_p2          |     +    |      0|  0|   8|          16|          16|
    |add_ln1118_73_fu_2305_p2    |     +    |      0|  0|  27|          20|          20|
    |add_ln1118_74_fu_2447_p2    |     +    |      0|  0|  27|          20|          20|
    |add_ln1118_75_fu_701_p2     |     +    |      0|  0|  27|          20|          20|
    |add_ln1118_76_fu_2978_p2    |     +    |      0|  0|  28|          21|          21|
    |add_ln1118_fu_3817_p2       |     +    |      0|  0|  28|          21|          21|
    |add_ln703_3409_fu_3837_p2   |     +    |      0|  0|   8|          16|          16|
    |add_ln703_3410_fu_4029_p2   |     +    |      0|  0|   8|          16|          16|
    |add_ln703_3411_fu_3398_p2   |     +    |      0|  0|  23|          16|          16|
    |add_ln703_3412_fu_4035_p2   |     +    |      0|  0|   8|          16|          16|
    |add_ln703_3413_fu_4078_p2   |     +    |      0|  0|   8|          16|          16|
    |add_ln703_3414_fu_3003_p2   |     +    |      0|  0|  23|          16|          16|
    |add_ln703_3415_fu_3403_p2   |     +    |      0|  0|   8|          16|          16|
    |add_ln703_3416_fu_3009_p2   |     +    |      0|  0|   8|          16|          16|
    |add_ln703_3417_fu_1800_p2   |     +    |      0|  0|  19|          14|          10|
    |add_ln703_3418_fu_3017_p2   |     +    |      0|  0|   8|          16|          16|
    |add_ln703_3419_fu_3407_p2   |     +    |      0|  0|   8|          16|          16|
    |add_ln703_3420_fu_4082_p2   |     +    |      0|  0|   8|          16|          16|
    |add_ln703_3421_fu_3412_p2   |     +    |      0|  0|   8|          16|          16|
    |add_ln703_3422_fu_3416_p2   |     +    |      0|  0|   8|          16|          16|
    |add_ln703_3423_fu_3421_p2   |     +    |      0|  0|   8|          16|          16|
    |add_ln703_3424_fu_3023_p2   |     +    |      0|  0|  23|          16|          16|
    |add_ln703_3425_fu_3425_p2   |     +    |      0|  0|   8|          16|          16|
    |add_ln703_3426_fu_3843_p2   |     +    |      0|  0|   8|          16|          16|
    |add_ln703_3427_fu_3029_p2   |     +    |      0|  0|  23|          16|          16|
    |add_ln703_3428_fu_3430_p2   |     +    |      0|  0|   8|          16|          16|
    |add_ln703_3429_fu_3033_p2   |     +    |      0|  0|   8|          16|          16|
    |add_ln703_3430_fu_1806_p2   |     +    |      0|  0|  12|          12|           8|
    |add_ln703_3431_fu_3042_p2   |     +    |      0|  0|   8|          16|          16|
    |add_ln703_3432_fu_3434_p2   |     +    |      0|  0|   8|          16|          16|
    |add_ln703_3434_fu_3439_p2   |     +    |      0|  0|   8|          16|          16|
    |add_ln703_3435_fu_3443_p2   |     +    |      0|  0|   8|          16|          16|
    |add_ln703_3436_fu_3448_p2   |     +    |      0|  0|   8|          16|          16|
    |add_ln703_3437_fu_3048_p2   |     +    |      0|  0|  23|          16|          16|
    |add_ln703_3438_fu_3452_p2   |     +    |      0|  0|   8|          16|          16|
    |add_ln703_3439_fu_3852_p2   |     +    |      0|  0|   8|          16|          16|
    |add_ln703_3440_fu_3052_p2   |     +    |      0|  0|  23|          16|          16|
    |add_ln703_3441_fu_3058_p2   |     +    |      0|  0|  23|          16|          16|
    |add_ln703_3442_fu_3457_p2   |     +    |      0|  0|   8|          16|          16|
    |add_ln703_3443_fu_3062_p2   |     +    |      0|  0|   8|          16|          16|
    |add_ln703_3444_fu_1812_p2   |     +    |      0|  0|  23|          16|          11|
    |add_ln703_3445_fu_3067_p2   |     +    |      0|  0|   8|          16|          16|
    |add_ln703_3446_fu_3461_p2   |     +    |      0|  0|   8|          16|          16|
    |add_ln703_3448_fu_3861_p2   |     +    |      0|  0|   8|          16|          16|
    |add_ln703_3449_fu_3866_p2   |     +    |      0|  0|   8|          16|          16|
    |add_ln703_3450_fu_3980_p2   |     +    |      0|  0|   8|          16|          16|
    |add_ln703_3451_fu_3466_p2   |     +    |      0|  0|  23|          16|          16|
    |add_ln703_3452_fu_3985_p2   |     +    |      0|  0|   8|          16|          16|
    |add_ln703_3453_fu_4040_p2   |     +    |      0|  0|   8|          16|          16|
    |add_ln703_3454_fu_3072_p2   |     +    |      0|  0|  23|          16|          16|
    |add_ln703_3455_fu_3077_p2   |     +    |      0|  0|  23|          16|          16|
    |add_ln703_3456_fu_3472_p2   |     +    |      0|  0|   8|          16|          16|
    |add_ln703_3457_fu_3082_p2   |     +    |      0|  0|   8|          16|          16|
    |add_ln703_3458_fu_1818_p2   |     +    |      0|  0|  23|          16|          10|
    |add_ln703_3459_fu_3087_p2   |     +    |      0|  0|   8|          16|          16|
    |add_ln703_3460_fu_3476_p2   |     +    |      0|  0|   8|          16|          16|
    |add_ln703_3462_fu_3481_p2   |     +    |      0|  0|   8|          16|          16|
    |add_ln703_3463_fu_3485_p2   |     +    |      0|  0|   8|          16|          16|
    |add_ln703_3464_fu_3490_p2   |     +    |      0|  0|   8|          16|          16|
    |add_ln703_3465_fu_3092_p2   |     +    |      0|  0|  23|          16|          16|
    |add_ln703_3466_fu_3495_p2   |     +    |      0|  0|   8|          16|          16|
    |add_ln703_3467_fu_3871_p2   |     +    |      0|  0|   8|          16|          16|
    |add_ln703_3468_fu_3098_p2   |     +    |      0|  0|  23|          16|          16|
    |add_ln703_3469_fu_3103_p2   |     +    |      0|  0|  23|          16|          16|
    |add_ln703_3470_fu_3500_p2   |     +    |      0|  0|   8|          16|          16|
    |add_ln703_3471_fu_3107_p2   |     +    |      0|  0|   8|          16|          16|
    |add_ln703_3472_fu_1824_p2   |     +    |      0|  0|  23|          16|          11|
    |add_ln703_3473_fu_3111_p2   |     +    |      0|  0|   8|          16|          16|
    |add_ln703_3474_fu_3504_p2   |     +    |      0|  0|   8|          16|          16|
    |add_ln703_3476_fu_3509_p2   |     +    |      0|  0|   8|          16|          16|
    |add_ln703_3477_fu_3116_p2   |     +    |      0|  0|  23|          16|          16|
    |add_ln703_3478_fu_3514_p2   |     +    |      0|  0|   8|          16|          16|
    |add_ln703_3479_fu_3519_p2   |     +    |      0|  0|   8|          16|          16|
    |add_ln703_3480_fu_3122_p2   |     +    |      0|  0|  23|          16|          16|
    |add_ln703_3481_fu_3523_p2   |     +    |      0|  0|   8|          16|          16|
    |add_ln703_3482_fu_3880_p2   |     +    |      0|  0|   8|          16|          16|
    |add_ln703_3483_fu_3128_p2   |     +    |      0|  0|  23|          16|          16|
    |add_ln703_3484_fu_3528_p2   |     +    |      0|  0|   8|          16|          16|
    |add_ln703_3485_fu_3133_p2   |     +    |      0|  0|   8|          16|          16|
    |add_ln703_3486_fu_1830_p2   |     +    |      0|  0|   8|          16|          12|
    |add_ln703_3487_fu_1836_p2   |     +    |      0|  0|   8|          16|          16|
    |add_ln703_3488_fu_3137_p2   |     +    |      0|  0|   8|          16|          16|
    |add_ln703_3489_fu_3532_p2   |     +    |      0|  0|   8|          16|          16|
    |add_ln703_3491_fu_3537_p2   |     +    |      0|  0|  23|          16|          16|
    |add_ln703_3492_fu_4049_p2   |     +    |      0|  0|   8|          16|          16|
    |add_ln703_3493_fu_4054_p2   |     +    |      0|  0|   8|          16|          16|
    |add_ln703_3494_fu_4087_p2   |     +    |      0|  0|   8|          16|          16|
    |add_ln703_3495_fu_3142_p2   |     +    |      0|  0|  23|          16|          16|
    |add_ln703_3496_fu_3542_p2   |     +    |      0|  0|   8|          16|          16|
    |add_ln703_3497_fu_3146_p2   |     +    |      0|  0|   8|          16|          10|
    |add_ln703_3498_fu_3152_p2   |     +    |      0|  0|   8|          16|          16|
    |add_ln703_3499_fu_3546_p2   |     +    |      0|  0|   8|          16|          16|
    |add_ln703_3501_fu_3551_p2   |     +    |      0|  0|  23|          16|          16|
    |add_ln703_3502_fu_3555_p2   |     +    |      0|  0|  23|          16|          16|
    |add_ln703_3503_fu_3158_p2   |     +    |      0|  0|   8|          16|          16|
    |add_ln703_3504_fu_3162_p2   |     +    |      0|  0|   8|          16|          16|
    |add_ln703_3505_fu_3889_p2   |     +    |      0|  0|   8|          16|          16|
    |add_ln703_3506_fu_3167_p2   |     +    |      0|  0|  23|          16|          16|
    |add_ln703_3507_fu_3560_p2   |     +    |      0|  0|   8|          16|          16|
    |add_ln703_3508_fu_3173_p2   |     +    |      0|  0|   8|          16|          10|
    |add_ln703_3509_fu_3178_p2   |     +    |      0|  0|   8|          16|          16|
    |add_ln703_3510_fu_3564_p2   |     +    |      0|  0|   8|          16|          16|
    |add_ln703_3512_fu_3898_p2   |     +    |      0|  0|   8|          16|          16|
    |add_ln703_3513_fu_3569_p2   |     +    |      0|  0|   8|          16|          16|
    |add_ln703_3514_fu_3573_p2   |     +    |      0|  0|   8|          16|          16|
    |add_ln703_3515_fu_3903_p2   |     +    |      0|  0|   8|          16|          16|
    |add_ln703_3516_fu_3578_p2   |     +    |      0|  0|   8|          16|          16|
    |add_ln703_3517_fu_3183_p2   |     +    |      0|  0|   8|          16|          16|
    |add_ln703_3518_fu_3188_p2   |     +    |      0|  0|   8|          16|          16|
    |add_ln703_3519_fu_3582_p2   |     +    |      0|  0|   8|          16|          16|
    |add_ln703_3520_fu_3990_p2   |     +    |      0|  0|   8|          16|          16|
    |add_ln703_3521_fu_3193_p2   |     +    |      0|  0|  23|          16|          16|
    |add_ln703_3522_fu_3587_p2   |     +    |      0|  0|   8|          16|          16|
    |add_ln703_3523_fu_3591_p2   |     +    |      0|  0|   8|          16|          16|
    |add_ln703_3524_fu_3908_p2   |     +    |      0|  0|   8|          16|          16|
    |add_ln703_3525_fu_3198_p2   |     +    |      0|  0|  23|          16|          16|
    |add_ln703_3526_fu_3202_p2   |     +    |      0|  0|  17|          13|           7|
    |add_ln703_3527_fu_3599_p2   |     +    |      0|  0|   8|          16|          16|
    |add_ln703_3528_fu_3604_p2   |     +    |      0|  0|   8|          16|          16|
    |add_ln703_3529_fu_3912_p2   |     +    |      0|  0|   8|          16|          16|
    |add_ln703_3531_fu_3609_p2   |     +    |      0|  0|  23|          16|          16|
    |add_ln703_3532_fu_3613_p2   |     +    |      0|  0|  23|          16|          16|
    |add_ln703_3533_fu_3999_p2   |     +    |      0|  0|  23|          16|          16|
    |add_ln703_3534_fu_4060_p2   |     +    |      0|  0|   8|          16|          16|
    |add_ln703_3535_fu_3917_p2   |     +    |      0|  0|   8|          16|          16|
    |add_ln703_3536_fu_3617_p2   |     +    |      0|  0|   8|          16|          11|
    |add_ln703_3537_fu_3622_p2   |     +    |      0|  0|   8|          16|          16|
    |add_ln703_3538_fu_3921_p2   |     +    |      0|  0|   8|          16|          16|
    |add_ln703_3540_fu_3627_p2   |     +    |      0|  0|   8|          16|          16|
    |add_ln703_3541_fu_3631_p2   |     +    |      0|  0|   8|          16|          16|
    |add_ln703_3542_fu_3636_p2   |     +    |      0|  0|   8|          16|          16|
    |add_ln703_3543_fu_3208_p2   |     +    |      0|  0|  23|          16|          16|
    |add_ln703_3544_fu_3640_p2   |     +    |      0|  0|   8|          16|          16|
    |add_ln703_3545_fu_3926_p2   |     +    |      0|  0|   8|          16|          16|
    |add_ln703_3546_fu_3213_p2   |     +    |      0|  0|  23|          16|          16|
    |add_ln703_3547_fu_3645_p2   |     +    |      0|  0|   8|          16|          16|
    |add_ln703_3548_fu_3217_p2   |     +    |      0|  0|   8|          16|          16|
    |add_ln703_3549_fu_1841_p2   |     +    |      0|  0|  12|          12|          10|
    |add_ln703_3550_fu_3224_p2   |     +    |      0|  0|   8|          16|          16|
    |add_ln703_3551_fu_3649_p2   |     +    |      0|  0|   8|          16|          16|
    |add_ln703_3553_fu_3654_p2   |     +    |      0|  0|  23|          16|          16|
    |add_ln703_3554_fu_3659_p2   |     +    |      0|  0|   8|          16|          16|
    |add_ln703_3555_fu_1847_p2   |     +    |      0|  0|  23|          16|          16|
    |add_ln703_3556_fu_3663_p2   |     +    |      0|  0|   8|          16|          16|
    |add_ln703_3557_fu_3935_p2   |     +    |      0|  0|   8|          16|          16|
    |add_ln703_3558_fu_3230_p2   |     +    |      0|  0|  23|          16|          16|
    |add_ln703_3559_fu_3668_p2   |     +    |      0|  0|   8|          16|          16|
    |add_ln703_3560_fu_3235_p2   |     +    |      0|  0|   8|          16|          16|
    |add_ln703_3561_fu_1853_p2   |     +    |      0|  0|  21|          15|          10|
    |add_ln703_3562_fu_3244_p2   |     +    |      0|  0|   8|          16|          16|
    |add_ln703_3563_fu_3672_p2   |     +    |      0|  0|   8|          16|          16|
    |add_ln703_3565_fu_3677_p2   |     +    |      0|  0|   8|          16|          16|
    |add_ln703_3566_fu_3681_p2   |     +    |      0|  0|   8|          16|          16|
    |add_ln703_3567_fu_3686_p2   |     +    |      0|  0|   8|          16|          16|
    |add_ln703_3568_fu_3250_p2   |     +    |      0|  0|  23|          16|          16|
    |add_ln703_3569_fu_3690_p2   |     +    |      0|  0|   8|          16|          16|
    |add_ln703_3570_fu_3944_p2   |     +    |      0|  0|   8|          16|          16|
    |add_ln703_3571_fu_3255_p2   |     +    |      0|  0|  23|          16|          16|
    |add_ln703_3572_fu_3260_p2   |     +    |      0|  0|  23|          16|          16|
    |add_ln703_3573_fu_3695_p2   |     +    |      0|  0|   8|          16|          16|
    |add_ln703_3574_fu_3266_p2   |     +    |      0|  0|   8|          16|          16|
    |add_ln703_3575_fu_1859_p2   |     +    |      0|  0|  23|          16|          12|
    |add_ln703_3576_fu_3270_p2   |     +    |      0|  0|   8|          16|          16|
    |add_ln703_3577_fu_3699_p2   |     +    |      0|  0|   8|          16|          16|
    |add_ln703_3579_fu_4004_p2   |     +    |      0|  0|   8|          16|          16|
    |add_ln703_3580_fu_3704_p2   |     +    |      0|  0|  23|          16|          16|
    |add_ln703_3581_fu_4009_p2   |     +    |      0|  0|   8|          16|          16|
    |add_ln703_3582_fu_3709_p2   |     +    |      0|  0|   8|          16|          16|
    |add_ln703_3583_fu_3713_p2   |     +    |      0|  0|   8|          16|          16|
    |add_ln703_3584_fu_4069_p2   |     +    |      0|  0|   8|          16|          16|
    |add_ln703_3585_fu_3718_p2   |     +    |      0|  0|  23|          16|          16|
    |add_ln703_3586_fu_3722_p2   |     +    |      0|  0|  23|          16|          16|
    |add_ln703_3587_fu_3953_p2   |     +    |      0|  0|   8|          16|          16|
    |add_ln703_3588_fu_3726_p2   |     +    |      0|  0|   8|          16|          16|
    |add_ln703_3589_fu_3275_p2   |     +    |      0|  0|  19|          14|          10|
    |add_ln703_3590_fu_3285_p2   |     +    |      0|  0|  21|          15|          15|
    |add_ln703_3591_fu_3734_p2   |     +    |      0|  0|   8|          16|          16|
    |add_ln703_3592_fu_3957_p2   |     +    |      0|  0|   8|          16|          16|
    |add_ln703_3594_fu_3740_p2   |     +    |      0|  0|   8|          16|          16|
    |add_ln703_3595_fu_3744_p2   |     +    |      0|  0|   8|          16|          16|
    |add_ln703_3596_fu_3749_p2   |     +    |      0|  0|   8|          16|          16|
    |add_ln703_3597_fu_3291_p2   |     +    |      0|  0|  23|          16|          16|
    |add_ln703_3598_fu_3753_p2   |     +    |      0|  0|   8|          16|          16|
    |add_ln703_3599_fu_4014_p2   |     +    |      0|  0|   8|          16|          16|
    |add_ln703_3600_fu_3758_p2   |     +    |      0|  0|  23|          16|          16|
    |add_ln703_3601_fu_3962_p2   |     +    |      0|  0|   8|          16|          16|
    |add_ln703_3602_fu_3762_p2   |     +    |      0|  0|   8|          16|          16|
    |add_ln703_3603_fu_3297_p2   |     +    |      0|  0|  23|          16|          10|
    |add_ln703_3604_fu_3767_p2   |     +    |      0|  0|   8|          16|          16|
    |add_ln703_3605_fu_3966_p2   |     +    |      0|  0|   8|          16|          16|
    |add_ln703_3607_fu_3772_p2   |     +    |      0|  0|   8|          16|          16|
    |add_ln703_3608_fu_3776_p2   |     +    |      0|  0|   8|          16|          16|
    |add_ln703_3609_fu_3781_p2   |     +    |      0|  0|  23|          16|          16|
    |add_ln703_3610_fu_3971_p2   |     +    |      0|  0|   8|          16|          16|
    |add_ln703_3611_fu_3302_p2   |     +    |      0|  0|  23|          16|          16|
    |add_ln703_3612_fu_3786_p2   |     +    |      0|  0|   8|          16|          16|
    |add_ln703_3613_fu_3307_p2   |     +    |      0|  0|   8|          16|          16|
    |add_ln703_3614_fu_1865_p2   |     +    |      0|  0|  23|          16|          10|
    |add_ln703_3615_fu_3311_p2   |     +    |      0|  0|   8|          16|          16|
    |add_ln703_3616_fu_3790_p2   |     +    |      0|  0|   8|          16|          16|
    |add_ln703_fu_3833_p2        |     +    |      0|  0|   8|          16|          16|
    |sub_ln1118_1000_fu_2604_p2  |     -    |      0|  0|  28|          21|          21|
    |sub_ln1118_1001_fu_1375_p2  |     -    |      0|  0|  27|          20|          20|
    |sub_ln1118_1002_fu_2633_p2  |     -    |      0|  0|  28|           1|          21|
    |sub_ln1118_1003_fu_2660_p2  |     -    |      0|  0|  26|          19|          19|
    |sub_ln1118_1004_fu_2702_p2  |     -    |      0|  0|  28|          21|          21|
    |sub_ln1118_1005_fu_2725_p2  |     -    |      0|  0|  28|           1|          21|
    |sub_ln1118_1006_fu_2741_p2  |     -    |      0|  0|  28|          21|          21|
    |sub_ln1118_1007_fu_2767_p2  |     -    |      0|  0|  28|          21|          21|
    |sub_ln1118_1008_fu_1427_p2  |     -    |      0|  0|  27|          20|          20|
    |sub_ln1118_1009_fu_1454_p2  |     -    |      0|  0|  28|          21|          21|
    |sub_ln1118_1010_fu_1469_p2  |     -    |      0|  0|  28|           1|          21|
    |sub_ln1118_1011_fu_647_p2   |     -    |      0|  0|  28|           1|          21|
    |sub_ln1118_1012_fu_685_p2   |     -    |      0|  0|  27|          20|          20|
    |sub_ln1118_1013_fu_717_p2   |     -    |      0|  0|  28|          21|          21|
    |sub_ln1118_1014_fu_2796_p2  |     -    |      0|  0|  28|           1|          21|
    |sub_ln1118_1015_fu_2812_p2  |     -    |      0|  0|  28|          21|          21|
    |sub_ln1118_1016_fu_2856_p2  |     -    |      0|  0|  28|          21|          21|
    |sub_ln1118_1017_fu_2880_p2  |     -    |      0|  0|  28|           1|          21|
    |sub_ln1118_1018_fu_2908_p2  |     -    |      0|  0|  28|          21|          21|
    |sub_ln1118_1019_fu_2924_p2  |     -    |      0|  0|  28|          21|          21|
    |sub_ln1118_1020_fu_2940_p2  |     -    |      0|  0|  28|          21|          21|
    |sub_ln1118_1021_fu_1509_p2  |     -    |      0|  0|  28|          21|          21|
    |sub_ln1118_1022_fu_1524_p2  |     -    |      0|  0|  28|           1|          21|
    |sub_ln1118_1023_fu_1552_p2  |     -    |      0|  0|  28|          21|          21|
    |sub_ln1118_1024_fu_1568_p2  |     -    |      0|  0|  28|           1|          21|
    |sub_ln1118_1025_fu_1594_p2  |     -    |      0|  0|  28|           1|          21|
    |sub_ln1118_1026_fu_1610_p2  |     -    |      0|  0|  28|          21|          21|
    |sub_ln1118_1027_fu_1636_p2  |     -    |      0|  0|  26|          19|          19|
    |sub_ln1118_1028_fu_750_p2   |     -    |      0|  0|  28|           1|          21|
    |sub_ln1118_1029_fu_766_p2   |     -    |      0|  0|  28|          21|          21|
    |sub_ln1118_1030_fu_1678_p2  |     -    |      0|  0|  25|           1|          18|
    |sub_ln1118_1031_fu_1718_p2  |     -    |      0|  0|  28|          21|          21|
    |sub_ln1118_1032_fu_1746_p2  |     -    |      0|  0|   8|           1|          20|
    |sub_ln1118_1033_fu_1752_p2  |     -    |      0|  0|   8|          20|          20|
    |sub_ln1118_1034_fu_1768_p2  |     -    |      0|  0|  28|          21|          21|
    |sub_ln1118_1035_fu_1784_p2  |     -    |      0|  0|  28|           1|          21|
    |sub_ln1118_1036_fu_804_p2   |     -    |      0|  0|  28|           1|          21|
    |sub_ln1118_1037_fu_820_p2   |     -    |      0|  0|  28|          21|          21|
    |sub_ln1118_947_fu_849_p2    |     -    |      0|  0|  28|          21|          21|
    |sub_ln1118_948_fu_889_p2    |     -    |      0|  0|  27|          20|          20|
    |sub_ln1118_949_fu_909_p2    |     -    |      0|  0|  28|          21|          21|
    |sub_ln1118_950_fu_925_p2    |     -    |      0|  0|  28|           1|          21|
    |sub_ln1118_951_fu_953_p2    |     -    |      0|  0|  25|           1|          18|
    |sub_ln1118_952_fu_1887_p2   |     -    |      0|  0|  28|          21|          21|
    |sub_ln1118_953_fu_1903_p2   |     -    |      0|  0|  28|           1|          21|
    |sub_ln1118_954_fu_1934_p2   |     -    |      0|  0|  28|           1|          21|
    |sub_ln1118_955_fu_981_p2    |     -    |      0|  0|  27|           1|          20|
    |sub_ln1118_956_fu_1960_p2   |     -    |      0|  0|  28|          21|          21|
    |sub_ln1118_957_fu_1013_p2   |     -    |      0|  0|  27|          20|          20|
    |sub_ln1118_958_fu_1979_p2   |     -    |      0|  0|  28|          21|          21|
    |sub_ln1118_959_fu_1995_p2   |     -    |      0|  0|  28|           1|          21|
    |sub_ln1118_960_fu_2022_p2   |     -    |      0|  0|  28|           1|          21|
    |sub_ln1118_961_fu_1067_p2   |     -    |      0|  0|  27|          20|          20|
    |sub_ln1118_962_fu_2052_p2   |     -    |      0|  0|  28|           1|          21|
    |sub_ln1118_963_fu_1083_p2   |     -    |      0|  0|  27|          20|          20|
    |sub_ln1118_964_fu_2071_p2   |     -    |      0|  0|  28|          21|          21|
    |sub_ln1118_965_fu_2099_p2   |     -    |      0|  0|  28|          21|          21|
    |sub_ln1118_966_fu_2115_p2   |     -    |      0|  0|  28|           1|          21|
    |sub_ln1118_967_fu_2143_p2   |     -    |      0|  0|  28|          21|          21|
    |sub_ln1118_968_fu_2171_p2   |     -    |      0|  0|  28|          21|          21|
    |sub_ln1118_969_fu_2187_p2   |     -    |      0|  0|  28|           1|          21|
    |sub_ln1118_970_fu_2215_p2   |     -    |      0|  0|   8|           1|          21|
    |sub_ln1118_971_fu_2233_p2   |     -    |      0|  0|   8|          21|          21|
    |sub_ln1118_972_fu_2261_p2   |     -    |      0|  0|  28|          21|          21|
    |sub_ln1118_973_fu_2329_p2   |     -    |      0|  0|  28|          21|          21|
    |sub_ln1118_974_fu_2345_p2   |     -    |      0|  0|  28|           1|          21|
    |sub_ln1118_975_fu_2373_p2   |     -    |      0|  0|  28|           1|          21|
    |sub_ln1118_976_fu_2389_p2   |     -    |      0|  0|  28|          21|          21|
    |sub_ln1118_977_fu_1106_p2   |     -    |      0|  0|  28|           1|          21|
    |sub_ln1118_978_fu_3338_p2   |     -    |      0|  0|  28|          21|          21|
    |sub_ln1118_979_fu_1122_p2   |     -    |      0|  0|  28|          21|          21|
    |sub_ln1118_980_fu_2425_p2   |     -    |      0|  0|   8|           1|          20|
    |sub_ln1118_981_fu_2431_p2   |     -    |      0|  0|   8|          20|          20|
    |sub_ln1118_982_fu_2471_p2   |     -    |      0|  0|  28|           1|          21|
    |sub_ln1118_983_fu_2487_p2   |     -    |      0|  0|  28|          21|          21|
    |sub_ln1118_984_fu_1144_p2   |     -    |      0|  0|  28|          21|          21|
    |sub_ln1118_985_fu_1170_p2   |     -    |      0|  0|   8|           1|          21|
    |sub_ln1118_986_fu_1176_p2   |     -    |      0|  0|   8|          21|          21|
    |sub_ln1118_987_fu_1191_p2   |     -    |      0|  0|  28|           1|          21|
    |sub_ln1118_988_fu_2515_p2   |     -    |      0|  0|  28|           1|          21|
    |sub_ln1118_989_fu_2531_p2   |     -    |      0|  0|  28|          21|          21|
    |sub_ln1118_990_fu_3382_p2   |     -    |      0|  0|  28|          21|          21|
    |sub_ln1118_991_fu_2559_p2   |     -    |      0|  0|  28|          21|          21|
    |sub_ln1118_992_fu_1219_p2   |     -    |      0|  0|  28|          21|          21|
    |sub_ln1118_993_fu_1235_p2   |     -    |      0|  0|  28|          21|          21|
    |sub_ln1118_994_fu_1251_p2   |     -    |      0|  0|  28|           1|          21|
    |sub_ln1118_995_fu_1274_p2   |     -    |      0|  0|  28|          21|          21|
    |sub_ln1118_996_fu_1289_p2   |     -    |      0|  0|  28|           1|          21|
    |sub_ln1118_997_fu_1316_p2   |     -    |      0|  0|  28|          21|          21|
    |sub_ln1118_998_fu_1359_p2   |     -    |      0|  0|  27|          20|          20|
    |sub_ln1118_999_fu_2588_p2   |     -    |      0|  0|  28|           1|          21|
    |sub_ln1118_fu_1400_p2       |     -    |      0|  0|  24|           1|          17|
    +----------------------------+----------+-------+---+----+------------+------------+
    |Total                       |          |      0|  0|4980|        4623|        5272|
    +----------------------------+----------+-------+---+----+------------+------------+

    * Multiplexer: 
    +---------------+----+-----------+-----+-----------+
    |      Name     | LUT| Input Size| Bits| Total Bits|
    +---------------+----+-----------+-----+-----------+
    |ap_NS_fsm      |  53|         12|    1|         12|
    |grp_fu_348_p0  |  44|          9|   16|        144|
    |grp_fu_348_p1  |  38|          7|    7|         49|
    |grp_fu_349_p0  |  41|          8|   16|        128|
    |grp_fu_349_p1  |  27|          5|    7|         35|
    |grp_fu_350_p0  |  44|          9|   16|        144|
    |grp_fu_350_p1  |  33|          6|    7|         42|
    +---------------+----+-----------+-----+-----------+
    |Total          | 280|         56|   70|        554|
    +---------------+----+-----------+-----+-----------+

    * Register: 
    +--------------------------------+----+----+-----+-----------+
    |              Name              | FF | LUT| Bits| Const Bits|
    +--------------------------------+----+----+-----+-----------+
    |acc_10_V_reg_5437               |  16|   0|   16|          0|
    |acc_11_V_reg_5442               |  16|   0|   16|          0|
    |acc_12_V_reg_5447               |  16|   0|   16|          0|
    |acc_13_V_reg_5512               |  16|   0|   16|          0|
    |acc_14_V_reg_5487               |  16|   0|   16|          0|
    |acc_15_V_reg_5462               |  16|   0|   16|          0|
    |acc_1_V_reg_5392                |  16|   0|   16|          0|
    |acc_2_V_reg_5397                |  16|   0|   16|          0|
    |acc_3_V_reg_5497                |  16|   0|   16|          0|
    |acc_4_V_reg_5407                |  16|   0|   16|          0|
    |acc_5_V_reg_5412                |  16|   0|   16|          0|
    |acc_7_V_reg_5417                |  16|   0|   16|          0|
    |acc_8_V_reg_5472                |  16|   0|   16|          0|
    |acc_9_V_reg_5507                |  16|   0|   16|          0|
    |add_ln703_3409_reg_5387         |  16|   0|   16|          0|
    |add_ln703_3411_reg_5142         |  16|   0|   16|          0|
    |add_ln703_3412_reg_5492         |  16|   0|   16|          0|
    |add_ln703_3414_reg_4924         |  16|   0|   16|          0|
    |add_ln703_3417_reg_4644         |  14|   0|   14|          0|
    |add_ln703_3418_reg_4929         |  16|   0|   16|          0|
    |add_ln703_3419_reg_5147         |  16|   0|   16|          0|
    |add_ln703_3422_reg_5152         |  16|   0|   16|          0|
    |add_ln703_3424_reg_4934         |  16|   0|   16|          0|
    |add_ln703_3425_reg_5157         |  16|   0|   16|          0|
    |add_ln703_3427_reg_4939         |  16|   0|   16|          0|
    |add_ln703_3430_reg_4649         |  12|   0|   12|          0|
    |add_ln703_3431_reg_4944         |  16|   0|   16|          0|
    |add_ln703_3432_reg_5162         |  16|   0|   16|          0|
    |add_ln703_3435_reg_5167         |  16|   0|   16|          0|
    |add_ln703_3437_reg_4949         |  16|   0|   16|          0|
    |add_ln703_3438_reg_5172         |  16|   0|   16|          0|
    |add_ln703_3440_reg_4955         |  16|   0|   16|          0|
    |add_ln703_3441_reg_4960         |  16|   0|   16|          0|
    |add_ln703_3444_reg_4654         |  16|   0|   16|          0|
    |add_ln703_3445_reg_4965         |  16|   0|   16|          0|
    |add_ln703_3446_reg_5177         |  16|   0|   16|          0|
    |add_ln703_3449_reg_5402         |  16|   0|   16|          0|
    |add_ln703_3451_reg_5182         |  16|   0|   16|          0|
    |add_ln703_3452_reg_5467         |  16|   0|   16|          0|
    |add_ln703_3454_reg_4970         |  16|   0|   16|          0|
    |add_ln703_3455_reg_4975         |  16|   0|   16|          0|
    |add_ln703_3458_reg_4659         |  16|   0|   16|          0|
    |add_ln703_3459_reg_4980         |  16|   0|   16|          0|
    |add_ln703_3460_reg_5187         |  16|   0|   16|          0|
    |add_ln703_3463_reg_5192         |  16|   0|   16|          0|
    |add_ln703_3465_reg_4985         |  16|   0|   16|          0|
    |add_ln703_3466_reg_5197         |  16|   0|   16|          0|
    |add_ln703_3468_reg_4990         |  16|   0|   16|          0|
    |add_ln703_3469_reg_4995         |  16|   0|   16|          0|
    |add_ln703_3472_reg_4664         |  16|   0|   16|          0|
    |add_ln703_3473_reg_5000         |  16|   0|   16|          0|
    |add_ln703_3474_reg_5202         |  16|   0|   16|          0|
    |add_ln703_3477_reg_5005         |  16|   0|   16|          0|
    |add_ln703_3478_reg_5207         |  16|   0|   16|          0|
    |add_ln703_3480_reg_5010         |  16|   0|   16|          0|
    |add_ln703_3481_reg_5212         |  16|   0|   16|          0|
    |add_ln703_3483_reg_5015         |  16|   0|   16|          0|
    |add_ln703_3487_reg_4669         |  16|   0|   16|          0|
    |add_ln703_3488_reg_5021         |  16|   0|   16|          0|
    |add_ln703_3489_reg_5217         |  16|   0|   16|          0|
    |add_ln703_3491_reg_5222         |  16|   0|   16|          0|
    |add_ln703_3493_reg_5502         |  16|   0|   16|          0|
    |add_ln703_3495_reg_5026         |  16|   0|   16|          0|
    |add_ln703_3498_reg_5031         |  16|   0|   16|          0|
    |add_ln703_3499_reg_5227         |  16|   0|   16|          0|
    |add_ln703_3502_reg_5232         |  16|   0|   16|          0|
    |add_ln703_3504_reg_5036         |  16|   0|   16|          0|
    |add_ln703_3506_reg_5041         |  16|   0|   16|          0|
    |add_ln703_3509_reg_5046         |  16|   0|   16|          0|
    |add_ln703_3510_reg_5237         |  16|   0|   16|          0|
    |add_ln703_3514_reg_5242         |  16|   0|   16|          0|
    |add_ln703_3515_reg_5422         |  16|   0|   16|          0|
    |add_ln703_3518_reg_5051         |  16|   0|   16|          0|
    |add_ln703_3519_reg_5247         |  16|   0|   16|          0|
    |add_ln703_3521_reg_5056         |  16|   0|   16|          0|
    |add_ln703_3523_reg_5252         |  16|   0|   16|          0|
    |add_ln703_3525_reg_5061         |  16|   0|   16|          0|
    |add_ln703_3526_reg_5067         |  13|   0|   13|          0|
    |add_ln703_3528_reg_5257         |  16|   0|   16|          0|
    |add_ln703_3529_reg_5427         |  16|   0|   16|          0|
    |add_ln703_3531_reg_5262         |  16|   0|   16|          0|
    |add_ln703_3532_reg_5267         |  16|   0|   16|          0|
    |add_ln703_3533_reg_5477         |  16|   0|   16|          0|
    |add_ln703_3537_reg_5272         |  16|   0|   16|          0|
    |add_ln703_3538_reg_5432         |  16|   0|   16|          0|
    |add_ln703_3541_reg_5277         |  16|   0|   16|          0|
    |add_ln703_3543_reg_5072         |  16|   0|   16|          0|
    |add_ln703_3544_reg_5282         |  16|   0|   16|          0|
    |add_ln703_3546_reg_5077         |  16|   0|   16|          0|
    |add_ln703_3549_reg_4674         |  12|   0|   12|          0|
    |add_ln703_3550_reg_5082         |  16|   0|   16|          0|
    |add_ln703_3551_reg_5287         |  16|   0|   16|          0|
    |add_ln703_3553_reg_5292         |  16|   0|   16|          0|
    |add_ln703_3555_reg_4679         |  16|   0|   16|          0|
    |add_ln703_3556_reg_5297         |  16|   0|   16|          0|
    |add_ln703_3558_reg_5087         |  16|   0|   16|          0|
    |add_ln703_3561_reg_4684         |  15|   0|   15|          0|
    |add_ln703_3562_reg_5092         |  16|   0|   16|          0|
    |add_ln703_3563_reg_5302         |  16|   0|   16|          0|
    |add_ln703_3566_reg_5307         |  16|   0|   16|          0|
    |add_ln703_3568_reg_5097         |  16|   0|   16|          0|
    |add_ln703_3569_reg_5312         |  16|   0|   16|          0|
    |add_ln703_3571_reg_5102         |  16|   0|   16|          0|
    |add_ln703_3572_reg_5107         |  16|   0|   16|          0|
    |add_ln703_3575_reg_4689         |  16|   0|   16|          0|
    |add_ln703_3576_reg_5112         |  16|   0|   16|          0|
    |add_ln703_3577_reg_5317         |  16|   0|   16|          0|
    |add_ln703_3580_reg_5322         |  16|   0|   16|          0|
    |add_ln703_3581_reg_5482         |  16|   0|   16|          0|
    |add_ln703_3583_reg_5327         |  16|   0|   16|          0|
    |add_ln703_3585_reg_5332         |  16|   0|   16|          0|
    |add_ln703_3586_reg_5337         |  16|   0|   16|          0|
    |add_ln703_3590_reg_5117         |  15|   0|   15|          0|
    |add_ln703_3591_reg_5342         |  16|   0|   16|          0|
    |add_ln703_3592_reg_5452         |  16|   0|   16|          0|
    |add_ln703_3595_reg_5347         |  16|   0|   16|          0|
    |add_ln703_3597_reg_5122         |  16|   0|   16|          0|
    |add_ln703_3598_reg_5352         |  16|   0|   16|          0|
    |add_ln703_3600_reg_5357         |  16|   0|   16|          0|
    |add_ln703_3603_reg_5127         |  16|   0|   16|          0|
    |add_ln703_3604_reg_5362         |  16|   0|   16|          0|
    |add_ln703_3605_reg_5457         |  16|   0|   16|          0|
    |add_ln703_3608_reg_5367         |  16|   0|   16|          0|
    |add_ln703_3609_reg_5372         |  16|   0|   16|          0|
    |add_ln703_3611_reg_5132         |  16|   0|   16|          0|
    |add_ln703_3614_reg_4694         |  16|   0|   16|          0|
    |add_ln703_3615_reg_5137         |  16|   0|   16|          0|
    |add_ln703_3616_reg_5377         |  16|   0|   16|          0|
    |ap_CS_fsm                       |  11|   0|   11|          0|
    |ap_port_reg_data_0_V_read       |  16|   0|   16|          0|
    |ap_port_reg_data_11_V_read      |  16|   0|   16|          0|
    |ap_port_reg_data_12_V_read      |  16|   0|   16|          0|
    |ap_port_reg_data_13_V_read      |  16|   0|   16|          0|
    |ap_port_reg_data_14_V_read      |  16|   0|   16|          0|
    |ap_port_reg_data_15_V_read      |  16|   0|   16|          0|
    |ap_port_reg_data_16_V_read      |  16|   0|   16|          0|
    |ap_port_reg_data_17_V_read      |  16|   0|   16|          0|
    |ap_port_reg_data_18_V_read      |  16|   0|   16|          0|
    |ap_port_reg_data_19_V_read      |  16|   0|   16|          0|
    |ap_port_reg_data_1_V_read       |  16|   0|   16|          0|
    |ap_port_reg_data_20_V_read      |  16|   0|   16|          0|
    |ap_port_reg_data_21_V_read      |  16|   0|   16|          0|
    |ap_port_reg_data_22_V_read      |  16|   0|   16|          0|
    |ap_port_reg_data_23_V_read      |  16|   0|   16|          0|
    |ap_port_reg_data_24_V_read      |  16|   0|   16|          0|
    |ap_port_reg_data_25_V_read      |  16|   0|   16|          0|
    |ap_port_reg_data_26_V_read      |  16|   0|   16|          0|
    |ap_port_reg_data_2_V_read       |  16|   0|   16|          0|
    |ap_port_reg_data_3_V_read       |  16|   0|   16|          0|
    |ap_port_reg_data_4_V_read       |  16|   0|   16|          0|
    |ap_port_reg_data_5_V_read       |  16|   0|   16|          0|
    |ap_port_reg_data_6_V_read       |  16|   0|   16|          0|
    |ap_port_reg_data_7_V_read       |  16|   0|   16|          0|
    |ap_port_reg_data_9_V_read       |  16|   0|   16|          0|
    |data_10_V_read_4_reg_4178       |  16|   0|   16|          0|
    |data_11_V_read_4_reg_4699       |  16|   0|   16|          0|
    |data_13_V_read22_reg_4220       |  16|   0|   16|          0|
    |data_14_V_read23_reg_4398       |  16|   0|   16|          0|
    |data_15_V_read_4_reg_4213       |  16|   0|   16|          0|
    |data_16_V_read_4_reg_4205       |  16|   0|   16|          0|
    |data_17_V_read_4_reg_4264       |  16|   0|   16|          0|
    |data_18_V_read_4_reg_4257       |  16|   0|   16|          0|
    |data_19_V_read_4_reg_4392       |  16|   0|   16|          0|
    |data_1_V_read_4_reg_4418        |  16|   0|   16|          0|
    |data_21_V_read_4_reg_4250       |  16|   0|   16|          0|
    |data_23_V_read32_reg_4301       |  16|   0|   16|          0|
    |data_2_V_read11_reg_4411        |  16|   0|   16|          0|
    |data_3_V_read12_reg_4404        |  16|   0|   16|          0|
    |data_8_V_read_4_reg_4184        |  16|   0|   16|          0|
    |mult_114_V_reg_4846             |  16|   0|   16|          0|
    |mult_120_V_reg_4853             |  16|   0|   16|          0|
    |mult_12_V_reg_4447              |  16|   0|   16|          0|
    |mult_131_V_reg_4478             |  16|   0|   16|          0|
    |mult_136_V_reg_4486             |  16|   0|   16|          0|
    |mult_153_V_reg_4869             |  16|   0|   16|          0|
    |mult_162_V_reg_4491             |  16|   0|   16|          0|
    |mult_167_V_reg_4498             |  16|   0|   16|          0|
    |mult_172_V_reg_4503             |  16|   0|   16|          0|
    |mult_176_V_reg_4874             |  16|   0|   16|          0|
    |mult_177_V_reg_4880             |  16|   0|   16|          0|
    |mult_17_V_reg_4710              |  16|   0|   16|          0|
    |mult_190_V_reg_4887             |  16|   0|   16|          0|
    |mult_194_V_reg_4509             |  16|   0|   16|          0|
    |mult_195_V_reg_4516             |  16|   0|   16|          0|
    |mult_1_V_reg_4431               |  16|   0|   16|          0|
    |mult_201_V_reg_4522             |  16|   0|   16|          0|
    |mult_210_V_reg_4528             |  16|   0|   16|          0|
    |mult_215_V_reg_4534             |  16|   0|   16|          0|
    |mult_21_V_reg_4718              |  16|   0|   16|          0|
    |mult_240_V_reg_4892             |  16|   0|   16|          0|
    |mult_257_V_reg_4897             |  16|   0|   16|          0|
    |mult_259_V_reg_4272             |  16|   0|   16|          0|
    |mult_277_V_reg_4554             |  16|   0|   16|          0|
    |mult_280_V_reg_4308             |  16|   0|   16|          0|
    |mult_292_V_reg_4313             |  16|   0|   16|          0|
    |mult_295_V_reg_4331             |  16|   0|   16|          0|
    |mult_299_V_reg_4336             |  16|   0|   16|          0|
    |mult_29_V_reg_5382              |  16|   0|   16|          0|
    |mult_304_V_reg_4903             |  16|   0|   16|          0|
    |mult_323_V_reg_4909             |  16|   0|   16|          0|
    |mult_326_V_reg_4914             |  16|   0|   16|          0|
    |mult_339_V_reg_4341             |  16|   0|   16|          0|
    |mult_340_V_reg_4560             |  16|   0|   16|          0|
    |mult_343_V_reg_4567             |  16|   0|   16|          0|
    |mult_344_V_reg_4919             |  16|   0|   16|          0|
    |mult_34_V_reg_4729              |  16|   0|   16|          0|
    |mult_350_V_reg_4572             |  16|   0|   16|          0|
    |mult_354_V_reg_4577             |  16|   0|   16|          0|
    |mult_358_V_reg_4584             |  16|   0|   16|          0|
    |mult_369_V_reg_4594             |  16|   0|   16|          0|
    |mult_372_V_reg_4601             |  16|   0|   16|          0|
    |mult_374_V_reg_4607             |  16|   0|   16|          0|
    |mult_384_V_reg_4357             |  16|   0|   16|          0|
    |mult_386_V_reg_4364             |  16|   0|   16|          0|
    |mult_397_V_reg_4612             |  16|   0|   16|          0|
    |mult_3_V_reg_4442               |  16|   0|   16|          0|
    |mult_402_V_reg_4623             |  16|   0|   16|          0|
    |mult_404_V_reg_4633             |  16|   0|   16|          0|
    |mult_408_V_reg_4638             |  16|   0|   16|          0|
    |mult_417_V_reg_4377             |  16|   0|   16|          0|
    |mult_41_V_reg_4734              |  16|   0|   16|          0|
    |mult_421_V_reg_4386             |  16|   0|   16|          0|
    |mult_46_V_reg_4741              |  16|   0|   16|          0|
    |mult_50_V_reg_4751              |  16|   0|   16|          0|
    |mult_56_V_reg_4757              |  16|   0|   16|          0|
    |mult_62_V_reg_4762              |  16|   0|   16|          0|
    |mult_64_V_reg_4772              |  16|   0|   16|          0|
    |mult_68_V_reg_4778              |  16|   0|   16|          0|
    |mult_80_V_reg_4787              |  16|   0|   16|          0|
    |mult_83_V_reg_4793              |  16|   0|   16|          0|
    |mult_84_V_reg_4798              |  16|   0|   16|          0|
    |mult_85_V_reg_4804              |  16|   0|   16|          0|
    |mult_88_V_reg_4809              |  16|   0|   16|          0|
    |mult_97_V_reg_4825              |  16|   0|   16|          0|
    |mult_98_V_reg_4832              |  16|   0|   16|          0|
    |reg_559                         |  16|   0|   16|          0|
    |reg_563                         |  16|   0|   16|          0|
    |reg_567                         |  16|   0|   16|          0|
    |reg_571                         |  16|   0|   16|          0|
    |reg_575                         |  16|   0|   16|          0|
    |sext_ln1116_355_cast_reg_4767   |  21|   0|   21|          0|
    |sext_ln1116_357_cast_reg_4814   |  21|   0|   21|          0|
    |sext_ln1116_358_cast_reg_4841   |  21|   0|   21|          0|
    |sext_ln1116_359_cast_reg_4191   |  21|   0|   21|          0|
    |sext_ln1116_361_cast_reg_4197   |  21|   0|   21|          0|
    |sext_ln1116_364_cast_reg_4226   |  21|   0|   21|          0|
    |sext_ln1116_366_cast_reg_4233   |  21|   0|   21|          0|
    |sext_ln1116_367_cast_reg_4239   |  21|   0|   21|          0|
    |sext_ln1116_368_cast8_reg_4277  |  21|   0|   21|          0|
    |sext_ln1116_369_cast_reg_4283   |  21|   0|   21|          0|
    |sext_ln1116_372_cast_reg_4289   |  21|   0|   21|          0|
    |sext_ln1116_374_cast_reg_4346   |  21|   0|   21|          0|
    |shl_ln1118_371_reg_4458         |  16|   0|   17|          1|
    |trunc_ln708_1691_reg_4463       |  15|   0|   15|          0|
    |trunc_ln708_1693_reg_4468       |  15|   0|   15|          0|
    |trunc_ln708_1694_reg_4473       |  15|   0|   15|          0|
    |trunc_ln708_1695_reg_4820       |  15|   0|   15|          0|
    |trunc_ln708_1696_reg_4859       |  15|   0|   15|          0|
    |trunc_ln708_1697_reg_4864       |  15|   0|   15|          0|
    |trunc_ln708_1698_reg_4539       |  15|   0|   15|          0|
    |trunc_ln708_1699_reg_4544       |  15|   0|   15|          0|
    |trunc_ln708_1701_reg_4245       |  15|   0|   15|          0|
    |trunc_ln708_1702_reg_4549       |  12|   0|   12|          0|
    |trunc_ln708_1704_reg_4321       |  15|   0|   15|          0|
    |trunc_ln708_1705_reg_4326       |  15|   0|   15|          0|
    |trunc_ln708_1707_reg_4296       |  13|   0|   13|          0|
    |trunc_ln708_1709_reg_4372       |  12|   0|   12|          0|
    |trunc_ln708_1711_reg_4628       |  15|   0|   15|          0|
    |trunc_ln708_s_reg_4453          |  13|   0|   13|          0|
    |trunc_ln_reg_4437               |  15|   0|   15|          0|
    +--------------------------------+----+----+-----+-----------+
    |Total                           |4333|   0| 4334|          1|
    +--------------------------------+----+----+-----+-----------+



================================================================
== Interface
================================================================
* Summary: 
+----------------+-----+-----+------------+---------------------------------------------------+--------------+
|    RTL Ports   | Dir | Bits|  Protocol  |                   Source Object                   |    C Type    |
+----------------+-----+-----+------------+---------------------------------------------------+--------------+
|ap_clk          |  in |    1| ap_ctrl_hs | dense_latency.0.0.0.0.0.0.0.0.0.0.0.0.0.0.0.0.0.1 | return value |
|ap_rst          |  in |    1| ap_ctrl_hs | dense_latency.0.0.0.0.0.0.0.0.0.0.0.0.0.0.0.0.0.1 | return value |
|ap_start        |  in |    1| ap_ctrl_hs | dense_latency.0.0.0.0.0.0.0.0.0.0.0.0.0.0.0.0.0.1 | return value |
|ap_done         | out |    1| ap_ctrl_hs | dense_latency.0.0.0.0.0.0.0.0.0.0.0.0.0.0.0.0.0.1 | return value |
|ap_idle         | out |    1| ap_ctrl_hs | dense_latency.0.0.0.0.0.0.0.0.0.0.0.0.0.0.0.0.0.1 | return value |
|ap_ready        | out |    1| ap_ctrl_hs | dense_latency.0.0.0.0.0.0.0.0.0.0.0.0.0.0.0.0.0.1 | return value |
|ap_return_0     | out |   16| ap_ctrl_hs | dense_latency.0.0.0.0.0.0.0.0.0.0.0.0.0.0.0.0.0.1 | return value |
|ap_return_1     | out |   16| ap_ctrl_hs | dense_latency.0.0.0.0.0.0.0.0.0.0.0.0.0.0.0.0.0.1 | return value |
|ap_return_2     | out |   16| ap_ctrl_hs | dense_latency.0.0.0.0.0.0.0.0.0.0.0.0.0.0.0.0.0.1 | return value |
|ap_return_3     | out |   16| ap_ctrl_hs | dense_latency.0.0.0.0.0.0.0.0.0.0.0.0.0.0.0.0.0.1 | return value |
|ap_return_4     | out |   16| ap_ctrl_hs | dense_latency.0.0.0.0.0.0.0.0.0.0.0.0.0.0.0.0.0.1 | return value |
|ap_return_5     | out |   16| ap_ctrl_hs | dense_latency.0.0.0.0.0.0.0.0.0.0.0.0.0.0.0.0.0.1 | return value |
|ap_return_6     | out |   16| ap_ctrl_hs | dense_latency.0.0.0.0.0.0.0.0.0.0.0.0.0.0.0.0.0.1 | return value |
|ap_return_7     | out |   16| ap_ctrl_hs | dense_latency.0.0.0.0.0.0.0.0.0.0.0.0.0.0.0.0.0.1 | return value |
|ap_return_8     | out |   16| ap_ctrl_hs | dense_latency.0.0.0.0.0.0.0.0.0.0.0.0.0.0.0.0.0.1 | return value |
|ap_return_9     | out |   16| ap_ctrl_hs | dense_latency.0.0.0.0.0.0.0.0.0.0.0.0.0.0.0.0.0.1 | return value |
|ap_return_10    | out |   16| ap_ctrl_hs | dense_latency.0.0.0.0.0.0.0.0.0.0.0.0.0.0.0.0.0.1 | return value |
|ap_return_11    | out |   16| ap_ctrl_hs | dense_latency.0.0.0.0.0.0.0.0.0.0.0.0.0.0.0.0.0.1 | return value |
|ap_return_12    | out |   16| ap_ctrl_hs | dense_latency.0.0.0.0.0.0.0.0.0.0.0.0.0.0.0.0.0.1 | return value |
|ap_return_13    | out |   16| ap_ctrl_hs | dense_latency.0.0.0.0.0.0.0.0.0.0.0.0.0.0.0.0.0.1 | return value |
|ap_return_14    | out |   16| ap_ctrl_hs | dense_latency.0.0.0.0.0.0.0.0.0.0.0.0.0.0.0.0.0.1 | return value |
|ap_return_15    | out |   16| ap_ctrl_hs | dense_latency.0.0.0.0.0.0.0.0.0.0.0.0.0.0.0.0.0.1 | return value |
|ap_ce           |  in |    1| ap_ctrl_hs | dense_latency.0.0.0.0.0.0.0.0.0.0.0.0.0.0.0.0.0.1 | return value |
|data_0_V_read   |  in |   16|   ap_none  |                   data_0_V_read                   |    scalar    |
|data_1_V_read   |  in |   16|   ap_none  |                   data_1_V_read                   |    scalar    |
|data_2_V_read   |  in |   16|   ap_none  |                   data_2_V_read                   |    scalar    |
|data_3_V_read   |  in |   16|   ap_none  |                   data_3_V_read                   |    scalar    |
|data_4_V_read   |  in |   16|   ap_none  |                   data_4_V_read                   |    scalar    |
|data_5_V_read   |  in |   16|   ap_none  |                   data_5_V_read                   |    scalar    |
|data_6_V_read   |  in |   16|   ap_none  |                   data_6_V_read                   |    scalar    |
|data_7_V_read   |  in |   16|   ap_none  |                   data_7_V_read                   |    scalar    |
|data_8_V_read   |  in |   16|   ap_none  |                   data_8_V_read                   |    scalar    |
|data_9_V_read   |  in |   16|   ap_none  |                   data_9_V_read                   |    scalar    |
|data_10_V_read  |  in |   16|   ap_none  |                   data_10_V_read                  |    scalar    |
|data_11_V_read  |  in |   16|   ap_none  |                   data_11_V_read                  |    scalar    |
|data_12_V_read  |  in |   16|   ap_none  |                   data_12_V_read                  |    scalar    |
|data_13_V_read  |  in |   16|   ap_none  |                   data_13_V_read                  |    scalar    |
|data_14_V_read  |  in |   16|   ap_none  |                   data_14_V_read                  |    scalar    |
|data_15_V_read  |  in |   16|   ap_none  |                   data_15_V_read                  |    scalar    |
|data_16_V_read  |  in |   16|   ap_none  |                   data_16_V_read                  |    scalar    |
|data_17_V_read  |  in |   16|   ap_none  |                   data_17_V_read                  |    scalar    |
|data_18_V_read  |  in |   16|   ap_none  |                   data_18_V_read                  |    scalar    |
|data_19_V_read  |  in |   16|   ap_none  |                   data_19_V_read                  |    scalar    |
|data_20_V_read  |  in |   16|   ap_none  |                   data_20_V_read                  |    scalar    |
|data_21_V_read  |  in |   16|   ap_none  |                   data_21_V_read                  |    scalar    |
|data_22_V_read  |  in |   16|   ap_none  |                   data_22_V_read                  |    scalar    |
|data_23_V_read  |  in |   16|   ap_none  |                   data_23_V_read                  |    scalar    |
|data_24_V_read  |  in |   16|   ap_none  |                   data_24_V_read                  |    scalar    |
|data_25_V_read  |  in |   16|   ap_none  |                   data_25_V_read                  |    scalar    |
|data_26_V_read  |  in |   16|   ap_none  |                   data_26_V_read                  |    scalar    |
+----------------+-----+-----+------------+---------------------------------------------------+--------------+

