

================================================================
== Vivado HLS Report for 'Loop_1_proc622'
================================================================
* Date:           Wed Apr  3 21:43:34 2024

* Version:        2019.2 (Build 2704478 on Wed Nov 06 22:10:23 MST 2019)
* Project:        myproject_prj
* Solution:       solution1
* Product family: zynq
* Target device:  xc7z020-clg400-1


================================================================
== Performance Estimates
================================================================
+ Timing: 
    * Summary: 
    +--------+---------+----------+------------+
    |  Clock |  Target | Estimated| Uncertainty|
    +--------+---------+----------+------------+
    |ap_clk  | 5.00 ns | 4.234 ns |   0.62 ns  |
    +--------+---------+----------+------------+

+ Latency: 
    * Summary: 
    +---------+---------+----------+----------+-------+-------+---------+
    |  Latency (cycles) |  Latency (absolute) |    Interval   | Pipeline|
    |   min   |   max   |    min   |    max   |  min  |  max  |   Type  |
    +---------+---------+----------+----------+-------+-------+---------+
    |    29697|    29697| 0.148 ms | 0.148 ms |  29697|  29697|   none  |
    +---------+---------+----------+----------+-------+-------+---------+

    + Detail: 
        * Instance: 
        N/A

        * Loop: 
        +-------------+---------+---------+----------+-----------+-----------+------+----------+
        |             |  Latency (cycles) | Iteration|  Initiation Interval  | Trip |          |
        |  Loop Name  |   min   |   max   |  Latency |  achieved |   target  | Count| Pipelined|
        +-------------+---------+---------+----------+-----------+-----------+------+----------+
        |- Loop 1     |    29696|    29696|        29|          -|          -|  1024|    no    |
        | + Loop 1.1  |       27|       27|         9|          -|          -|     3|    no    |
        +-------------+---------+---------+----------+-----------+-----------+------+----------+



================================================================
== Utilization Estimates
================================================================
* Summary: 
+-----------------+---------+-------+--------+-------+-----+
|       Name      | BRAM_18K| DSP48E|   FF   |  LUT  | URAM|
+-----------------+---------+-------+--------+-------+-----+
|DSP              |        -|      -|       -|      -|    -|
|Expression       |        -|      -|       0|   1226|    -|
|FIFO             |        -|      -|       -|      -|    -|
|Instance         |        -|      0|     314|    354|    -|
|Memory           |        -|      -|       -|      -|    -|
|Multiplexer      |        -|      -|       -|    134|    -|
|Register         |        -|      -|     491|      -|    -|
+-----------------+---------+-------+--------+-------+-----+
|Total            |        0|      0|     805|   1714|    0|
+-----------------+---------+-------+--------+-------+-----+
|Available        |      280|    220|  106400|  53200|    0|
+-----------------+---------+-------+--------+-------+-----+
|Utilization (%)  |        0|      0|   ~0   |      3|    0|
+-----------------+---------+-------+--------+-------+-----+

+ Detail: 
    * Instance: 
    +----------------------------------------+-------------------------------------+---------+-------+-----+-----+-----+
    |                Instance                |                Module               | BRAM_18K| DSP48E|  FF | LUT | URAM|
    +----------------------------------------+-------------------------------------+---------+-------+-----+-----+-----+
    |myproject_axi_ashr_54ns_32ns_54_2_1_U2  |myproject_axi_ashr_54ns_32ns_54_2_1  |        0|      0|  214|  216|    0|
    |myproject_axi_fpext_32ns_64_3_1_U1      |myproject_axi_fpext_32ns_64_3_1      |        0|      0|  100|  138|    0|
    +----------------------------------------+-------------------------------------+---------+-------+-----+-----+-----+
    |Total                                   |                                     |        0|      0|  314|  354|    0|
    +----------------------------------------+-------------------------------------+---------+-------+-----+-----+-----+

    * DSP48E: 
    N/A

    * Memory: 
    N/A

    * FIFO: 
    N/A

    * Expression: 
    +--------------------------+----------+-------+---+-----+------------+------------+
    |       Variable Name      | Operation| DSP48E| FF| LUT | Bitwidth P0| Bitwidth P1|
    +--------------------------+----------+-------+---+-----+------------+------------+
    |add_ln581_fu_331_p2       |     +    |      0|  0|   12|           5|          12|
    |i_fu_192_p2               |     +    |      0|  0|   13|          11|           1|
    |j_fu_204_p2               |     +    |      0|  0|   10|           2|           1|
    |F2_fu_319_p2              |     -    |      0|  0|   12|          11|          12|
    |man_V_1_fu_301_p2         |     -    |      0|  0|   61|           1|          54|
    |sub_ln203_1_fu_565_p2     |     -    |      0|  0|   15|           6|           6|
    |sub_ln203_fu_539_p2       |     -    |      0|  0|   15|           6|           6|
    |sub_ln581_fu_337_p2       |     -    |      0|  0|   12|           4|          12|
    |and_ln203_1_fu_632_p2     |    and   |      0|  0|   48|          48|          48|
    |and_ln203_2_fu_638_p2     |    and   |      0|  0|   48|          48|          48|
    |and_ln203_fu_620_p2       |    and   |      0|  0|   48|          48|          48|
    |and_ln581_fu_422_p2       |    and   |      0|  0|    2|           1|           1|
    |and_ln582_fu_480_p2       |    and   |      0|  0|    2|           1|           1|
    |and_ln585_1_fu_439_p2     |    and   |      0|  0|    2|           1|           1|
    |and_ln585_fu_433_p2       |    and   |      0|  0|    2|           1|           1|
    |and_ln603_fu_456_p2       |    and   |      0|  0|    2|           1|           1|
    |io_acc_block_signal_op45  |    and   |      0|  0|    2|           1|           1|
    |icmp_ln17_fu_186_p2       |   icmp   |      0|  0|   13|          11|          12|
    |icmp_ln203_fu_533_p2      |   icmp   |      0|  0|   11|           6|           6|
    |icmp_ln20_fu_198_p2       |   icmp   |      0|  0|    8|           2|           2|
    |icmp_ln571_fu_314_p2      |   icmp   |      0|  0|   29|          63|           1|
    |icmp_ln581_fu_325_p2      |   icmp   |      0|  0|   13|          12|           4|
    |icmp_ln582_fu_351_p2      |   icmp   |      0|  0|   13|          12|           4|
    |icmp_ln585_fu_374_p2      |   icmp   |      0|  0|   13|          12|           6|
    |icmp_ln603_fu_379_p2      |   icmp   |      0|  0|   11|           8|           1|
    |lshr_ln203_fu_614_p2      |   lshr   |      0|  0|  150|           2|          48|
    |ap_block_state1           |    or    |      0|  0|    2|           1|           1|
    |ap_block_state3           |    or    |      0|  0|    2|           1|           1|
    |ctype_data_V_1_fu_644_p2  |    or    |      0|  0|   48|          48|          48|
    |empty_1335_fu_527_p2      |    or    |      0|  0|    6|           6|           4|
    |is_last_fu_219_p2         |    or    |      0|  0|    2|           1|           1|
    |or_ln581_fu_445_p2        |    or    |      0|  0|    2|           1|           1|
    |or_ln582_fu_412_p2        |    or    |      0|  0|    2|           1|           1|
    |or_ln603_1_fu_485_p2      |    or    |      0|  0|    2|           1|           1|
    |or_ln603_2_fu_490_p2      |    or    |      0|  0|    2|           1|           1|
    |or_ln603_fu_462_p2        |    or    |      0|  0|    2|           1|           1|
    |man_V_2_fu_307_p3         |  select  |      0|  0|   54|           1|          54|
    |select_ln203_1_fu_581_p3  |  select  |      0|  0|    6|           1|           6|
    |select_ln203_2_fu_560_p3  |  select  |      0|  0|    6|           1|           6|
    |select_ln203_3_fu_602_p3  |  select  |      0|  0|   48|           1|          48|
    |select_ln203_fu_555_p3    |  select  |      0|  0|    6|           1|           6|
    |select_ln588_fu_404_p3    |  select  |      0|  0|    2|           1|           2|
    |select_ln603_1_fu_468_p3  |  select  |      0|  0|   16|           1|          16|
    |select_ln603_2_fu_513_p3  |  select  |      0|  0|   16|           1|          16|
    |select_ln603_3_fu_545_p3  |  select  |      0|  0|   16|           1|          16|
    |select_ln603_fu_506_p3    |  select  |      0|  0|   16|           1|          16|
    |sh_amt_fu_343_p3          |  select  |      0|  0|   12|           1|          12|
    |shl_ln203_1_fu_608_p2     |    shl   |      0|  0|  150|           2|          48|
    |shl_ln203_fu_575_p2       |    shl   |      0|  0|  150|          48|          48|
    |shl_ln604_fu_501_p2       |    shl   |      0|  0|   35|          16|          16|
    |xor_ln203_fu_626_p2       |    xor   |      0|  0|   48|           2|          48|
    |xor_ln571_fu_475_p2       |    xor   |      0|  0|    2|           1|           2|
    |xor_ln581_fu_450_p2       |    xor   |      0|  0|    2|           1|           2|
    |xor_ln582_fu_416_p2       |    xor   |      0|  0|    2|           1|           2|
    |xor_ln585_fu_427_p2       |    xor   |      0|  0|    2|           1|           2|
    +--------------------------+----------+-------+---+-----+------------+------------+
    |Total                     |          |      0|  0| 1226|         469|         764|
    +--------------------------+----------+-------+---+-----+------------+------------+

    * Multiplexer: 
    +---------------------------+----+-----------+-----+-----------+
    |            Name           | LUT| Input Size| Bits| Total Bits|
    +---------------------------+----+-----------+-----+-----------+
    |ap_NS_fsm                  |  53|         12|    1|         12|
    |ap_done                    |   9|          2|    1|          2|
    |i_0_i_reg_149              |   9|          2|   11|         22|
    |in_local_V_data_0_V_blk_n  |   9|          2|    1|          2|
    |in_local_V_data_1_V_blk_n  |   9|          2|    1|          2|
    |in_local_V_data_2_V_blk_n  |   9|          2|    1|          2|
    |in_r_TDATA_blk_n           |   9|          2|    1|          2|
    |is_last_1_fu_120           |   9|          2|    1|          2|
    |j_0_i_reg_160              |   9|          2|    2|          4|
    |real_start                 |   9|          2|    1|          2|
    +---------------------------+----+-----------+-----+-----------+
    |Total                      | 134|         30|   21|         52|
    +---------------------------+----+-----------+-----+-----------+

    * Register: 
    +------------------------+----+----+-----+-----------+
    |          Name          | FF | LUT| Bits| Const Bits|
    +------------------------+----+----+-----+-----------+
    |and_ln585_reg_756       |   1|   0|    1|          0|
    |and_ln603_reg_761       |   1|   0|    1|          0|
    |ap_CS_fsm               |  11|   0|   11|          0|
    |ap_done_reg             |   1|   0|    1|          0|
    |ashr_ln586_reg_777      |  54|   0|   54|          0|
    |ctype_data_V_fu_124     |  48|   0|   48|          0|
    |empty_1335_reg_799      |   2|   0|    6|          4|
    |exp_tmp_V_reg_700       |  11|   0|   11|          0|
    |i_0_i_reg_149           |  11|   0|   11|          0|
    |i_reg_671               |  11|   0|   11|          0|
    |icmp_ln203_reg_805      |   1|   0|    1|          0|
    |icmp_ln571_reg_715      |   1|   0|    1|          0|
    |icmp_ln581_reg_721      |   1|   0|    1|          0|
    |icmp_ln582_reg_734      |   1|   0|    1|          0|
    |in_data_tmp_reg_684     |  32|   0|   32|          0|
    |is_last_1_fu_120        |   1|   0|    1|          0|
    |j_0_i_reg_160           |   2|   0|    2|          0|
    |j_reg_679               |   2|   0|    2|          0|
    |man_V_2_reg_710         |  54|   0|   54|          0|
    |or_ln603_2_reg_782      |   1|   0|    1|          0|
    |or_ln603_reg_766        |   1|   0|    1|          0|
    |p_Result_s_reg_695      |   1|   0|    1|          0|
    |select_ln603_1_reg_772  |  16|   0|   16|          0|
    |select_ln603_2_reg_787  |  16|   0|   16|          0|
    |sh_amt_reg_727          |  12|   0|   12|          0|
    |shl_ln203_reg_823       |  48|   0|   48|          0|
    |shl_ln_reg_792          |   2|   0|    6|          4|
    |start_once_reg          |   1|   0|    1|          0|
    |sub_ln203_1_reg_818     |   6|   0|    6|          0|
    |sub_ln203_reg_813       |   2|   0|    6|          4|
    |tmp_752_reg_746         |   8|   0|    8|          0|
    |trunc_ln556_reg_690     |  63|   0|   63|          0|
    |trunc_ln565_reg_705     |  52|   0|   52|          0|
    |trunc_ln583_reg_740     |  16|   0|   16|          0|
    +------------------------+----+----+-----+-----------+
    |Total                   | 491|   0|  503|         12|
    +------------------------+----+----+-----+-----------+



================================================================
== Interface
================================================================
* Summary: 
+----------------------------+-----+-----+------------+---------------------+--------------+
|          RTL Ports         | Dir | Bits|  Protocol  |    Source Object    |    C Type    |
+----------------------------+-----+-----+------------+---------------------+--------------+
|ap_clk                      |  in |    1| ap_ctrl_hs |    Loop_1_proc622   | return value |
|ap_rst                      |  in |    1| ap_ctrl_hs |    Loop_1_proc622   | return value |
|ap_start                    |  in |    1| ap_ctrl_hs |    Loop_1_proc622   | return value |
|start_full_n                |  in |    1| ap_ctrl_hs |    Loop_1_proc622   | return value |
|ap_done                     | out |    1| ap_ctrl_hs |    Loop_1_proc622   | return value |
|ap_continue                 |  in |    1| ap_ctrl_hs |    Loop_1_proc622   | return value |
|ap_idle                     | out |    1| ap_ctrl_hs |    Loop_1_proc622   | return value |
|ap_ready                    | out |    1| ap_ctrl_hs |    Loop_1_proc622   | return value |
|start_out                   | out |    1| ap_ctrl_hs |    Loop_1_proc622   | return value |
|start_write                 | out |    1| ap_ctrl_hs |    Loop_1_proc622   | return value |
|ap_return                   | out |    1| ap_ctrl_hs |    Loop_1_proc622   | return value |
|in_local_V_data_0_V_din     | out |   16|   ap_fifo  | in_local_V_data_0_V |    pointer   |
|in_local_V_data_0_V_full_n  |  in |    1|   ap_fifo  | in_local_V_data_0_V |    pointer   |
|in_local_V_data_0_V_write   | out |    1|   ap_fifo  | in_local_V_data_0_V |    pointer   |
|in_local_V_data_1_V_din     | out |   16|   ap_fifo  | in_local_V_data_1_V |    pointer   |
|in_local_V_data_1_V_full_n  |  in |    1|   ap_fifo  | in_local_V_data_1_V |    pointer   |
|in_local_V_data_1_V_write   | out |    1|   ap_fifo  | in_local_V_data_1_V |    pointer   |
|in_local_V_data_2_V_din     | out |   16|   ap_fifo  | in_local_V_data_2_V |    pointer   |
|in_local_V_data_2_V_full_n  |  in |    1|   ap_fifo  | in_local_V_data_2_V |    pointer   |
|in_local_V_data_2_V_write   | out |    1|   ap_fifo  | in_local_V_data_2_V |    pointer   |
|in_r_TLAST                  |  in |    1|    axis    |      in_last_V      |    pointer   |
|in_r_TVALID                 |  in |    1|    axis    |       in_data       |    pointer   |
|in_r_TREADY                 | out |    1|    axis    |       in_data       |    pointer   |
|in_r_TDATA                  |  in |   32|    axis    |       in_data       |    pointer   |
+----------------------------+-----+-----+------------+---------------------+--------------+

