

================================================================
== Vivado HLS Report for 'myproject'
================================================================
* Date:           Wed Apr  3 21:54:41 2024

* Version:        2019.2 (Build 2704478 on Wed Nov 06 22:10:23 MST 2019)
* Project:        myproject_prj
* Solution:       solution1
* Product family: zynq
* Target device:  xc7z020-clg400-1


================================================================
== Performance Estimates
================================================================
+ Timing: 
    * Summary: 
    +--------+---------+----------+------------+
    |  Clock |  Target | Estimated| Uncertainty|
    +--------+---------+----------+------------+
    |ap_clk  | 5.00 ns | 5.554 ns |   0.62 ns  |
    +--------+---------+----------+------------+

+ Latency: 
    * Summary: 
    +---------+---------+-----------+-----------+-------+-------+----------+
    |  Latency (cycles) |   Latency (absolute)  |    Interval   | Pipeline |
    |   min   |   max   |    min    |    max    |  min  |  max  |   Type   |
    +---------+---------+-----------+-----------+-------+-------+----------+
    |    14674|    14674| 81.502 us | 81.502 us |  14339|  14339| dataflow |
    +---------+---------+-----------+-----------+-------+-------+----------+

    + Detail: 
        * Instance: 
        +-------------------------------------------------------------------------+------------------------------------------------------------------------+---------+---------+-----------+-----------+-------+-------+----------+
        |                                                                         |                                                                        |  Latency (cycles) |   Latency (absolute)  |    Interval   | Pipeline |
        |                                 Instance                                |                                 Module                                 |   min   |   max   |    min    |    max    |  min  |  max  |   Type   |
        +-------------------------------------------------------------------------+------------------------------------------------------------------------+---------+---------+-----------+-----------+-------+-------+----------+
        |dense_array_ap_fixed_24u_array_ap_fixed_16_6_5_3_0_42u_config15_U0       |dense_array_ap_fixed_24u_array_ap_fixed_16_6_5_3_0_42u_config15_s       |       13|       13| 72.204 ns | 72.204 ns |     13|     13|   none   |
        |conv_2d_cl_array_ap_fixed_16u_array_ap_fixed_16_6_5_3_0_24u_config10_U0  |conv_2d_cl_array_ap_fixed_16u_array_ap_fixed_16_6_5_3_0_24u_config10_s  |      398|      398|  2.211 us |  2.211 us |    398|    398|   none   |
        |conv_2d_cl_array_ap_fixed_16u_array_ap_fixed_16_6_5_3_0_16u_config6_U0   |conv_2d_cl_array_ap_fixed_16u_array_ap_fixed_16_6_5_3_0_16u_config6_s   |     4502|     4502| 25.005 us | 25.005 us |   4502|   4502|   none   |
        |dense_array_ap_ufixed_42u_array_ap_fixed_16_6_5_3_0_64u_config19_U0      |dense_array_ap_ufixed_42u_array_ap_fixed_16_6_5_3_0_64u_config19_s      |        7|        7| 38.879 ns | 38.879 ns |      7|      7|   none   |
        |dense_array_ap_ufixed_64u_array_ap_fixed_16_6_5_3_0_10u_config23_U0      |dense_array_ap_ufixed_64u_array_ap_fixed_16_6_5_3_0_10u_config23_s      |      115|      115|  0.639 us |  0.639 us |    115|    115|   none   |
        |conv_2d_cl_array_ap_fixed_3u_array_ap_fixed_16_6_5_3_0_16u_config2_U0    |conv_2d_cl_array_ap_fixed_3u_array_ap_fixed_16_6_5_3_0_16u_config2_s    |    14338|    14338| 79.635 us | 79.635 us |  14338|  14338|   none   |
        |relu_array_ap_fixed_64u_array_ap_ufixed_6_0_4_0_0_64u_relu_config22_U0   |relu_array_ap_fixed_64u_array_ap_ufixed_6_0_4_0_0_64u_relu_config22_s   |        2|        2| 11.108 ns | 11.108 ns |      1|      1| function |
        |normalize_array_ap_fixed_64u_array_ap_fixed_16_6_5_3_0_64u_config21_U0   |normalize_array_ap_fixed_64u_array_ap_fixed_16_6_5_3_0_64u_config21_s   |       67|       67|  0.372 us |  0.372 us |     64|     64| function |
        |pooling2d_cl_array_array_ap_fixed_16_6_5_3_0_24u_config13_U0             |pooling2d_cl_array_array_ap_fixed_16_6_5_3_0_24u_config13_s             |       36|       36|  0.200 us |  0.200 us |     36|     36|   none   |
        |relu_array_ap_fixed_42u_array_ap_ufixed_6_0_4_0_0_42u_relu_config18_U0   |relu_array_ap_fixed_42u_array_ap_ufixed_6_0_4_0_0_42u_relu_config18_s   |        2|        2| 11.108 ns | 11.108 ns |      1|      1| function |
        |normalize_array_ap_fixed_42u_array_ap_fixed_16_6_5_3_0_42u_config17_U0   |normalize_array_ap_fixed_42u_array_ap_fixed_16_6_5_3_0_42u_config17_s   |       45|       45|  0.250 us |  0.250 us |     42|     42| function |
        |pooling2d_cl_array_array_ap_fixed_16_6_5_3_0_16u_config5_U0              |pooling2d_cl_array_array_ap_fixed_16_6_5_3_0_16u_config5_s              |     1804|     1804| 10.020 us | 10.020 us |   1804|   1804|   none   |
        |pooling2d_cl_array_array_ap_fixed_16_6_5_3_0_16u_config9_U0              |pooling2d_cl_array_array_ap_fixed_16_6_5_3_0_16u_config9_s              |      342|      342|  1.900 us |  1.900 us |    342|    342|   none   |
        |softmax_array_array_ap_fixed_16_6_5_3_0_10u_softmax_config25_U0          |softmax_array_array_ap_fixed_16_6_5_3_0_10u_softmax_config25_s          |       38|       38|  0.211 us |  0.211 us |     38|     38|   none   |
        |relu_array_ap_fixed_24u_array_ap_ufixed_6_0_4_0_0_24u_relu_config12_U0   |relu_array_ap_fixed_24u_array_ap_ufixed_6_0_4_0_0_24u_relu_config12_s   |       20|       20|  0.111 us |  0.111 us |     20|     20|   none   |
        |relu_array_ap_fixed_16u_array_ap_ufixed_6_0_4_0_0_16u_relu_config4_U0    |relu_array_ap_fixed_16u_array_ap_ufixed_6_0_4_0_0_16u_relu_config4_s    |      904|      904|  5.021 us |  5.021 us |    904|    904|   none   |
        |relu_array_ap_fixed_16u_array_ap_ufixed_6_0_4_0_0_16u_relu_config8_U0    |relu_array_ap_fixed_16u_array_ap_ufixed_6_0_4_0_0_16u_relu_config8_s    |      173|      173|  0.961 us |  0.961 us |    173|    173|   none   |
        +-------------------------------------------------------------------------+------------------------------------------------------------------------+---------+---------+-----------+-----------+-------+-------+----------+

        * Loop: 
        N/A



================================================================
== Utilization Estimates
================================================================
* Summary: 
+-----------------+---------+-------+--------+--------+-----+
|       Name      | BRAM_18K| DSP48E|   FF   |   LUT  | URAM|
+-----------------+---------+-------+--------+--------+-----+
|DSP              |        -|      -|       -|       -|    -|
|Expression       |        -|      -|       0|       2|    -|
|FIFO             |       96|      -|    5936|   15820|    -|
|Instance         |        2|     50|  132552|  202076|    -|
|Memory           |        -|      -|       -|       -|    -|
|Multiplexer      |        -|      -|       -|       9|    -|
|Register         |        -|      -|       1|       -|    -|
+-----------------+---------+-------+--------+--------+-----+
|Total            |       98|     50|  138489|  217907|    0|
+-----------------+---------+-------+--------+--------+-----+
|Available        |      280|    220|  106400|   53200|    0|
+-----------------+---------+-------+--------+--------+-----+
|Utilization (%)  |       35|     22|     130|     409|    0|
+-----------------+---------+-------+--------+--------+-----+

+ Detail: 
    * Instance: 
    +-------------------------------------------------------------------------+------------------------------------------------------------------------+---------+-------+-------+-------+-----+
    |                                 Instance                                |                                 Module                                 | BRAM_18K| DSP48E|   FF  |  LUT  | URAM|
    +-------------------------------------------------------------------------+------------------------------------------------------------------------+---------+-------+-------+-------+-----+
    |conv_2d_cl_array_ap_fixed_16u_array_ap_fixed_16_6_5_3_0_16u_config6_U0   |conv_2d_cl_array_ap_fixed_16u_array_ap_fixed_16_6_5_3_0_16u_config6_s   |        0|      8|  27868|  33797|    0|
    |conv_2d_cl_array_ap_fixed_16u_array_ap_fixed_16_6_5_3_0_24u_config10_U0  |conv_2d_cl_array_ap_fixed_16u_array_ap_fixed_16_6_5_3_0_24u_config10_s  |        0|     12|  30909|  43521|    0|
    |conv_2d_cl_array_ap_fixed_3u_array_ap_fixed_16_6_5_3_0_16u_config2_U0    |conv_2d_cl_array_ap_fixed_3u_array_ap_fixed_16_6_5_3_0_16u_config2_s    |        0|      3|   6177|   6504|    0|
    |dense_array_ap_fixed_24u_array_ap_fixed_16_6_5_3_0_42u_config15_U0       |dense_array_ap_fixed_24u_array_ap_fixed_16_6_5_3_0_42u_config15_s       |        0|     14|  29520|  44477|    0|
    |dense_array_ap_ufixed_42u_array_ap_fixed_16_6_5_3_0_64u_config19_U0      |dense_array_ap_ufixed_42u_array_ap_fixed_16_6_5_3_0_64u_config19_s      |        0|      0|  11991|  20282|    0|
    |dense_array_ap_ufixed_64u_array_ap_fixed_16_6_5_3_0_10u_config23_U0      |dense_array_ap_ufixed_64u_array_ap_fixed_16_6_5_3_0_10u_config23_s      |        0|     10|   8629|  16351|    0|
    |normalize_array_ap_fixed_42u_array_ap_fixed_16_6_5_3_0_42u_config17_U0   |normalize_array_ap_fixed_42u_array_ap_fixed_16_6_5_3_0_42u_config17_s   |        0|      1|   1483|   2759|    0|
    |normalize_array_ap_fixed_64u_array_ap_fixed_16_6_5_3_0_64u_config21_U0   |normalize_array_ap_fixed_64u_array_ap_fixed_16_6_5_3_0_64u_config21_s   |        0|      1|   2209|   4136|    0|
    |pooling2d_cl_array_array_ap_fixed_16_6_5_3_0_16u_config5_U0              |pooling2d_cl_array_array_ap_fixed_16_6_5_3_0_16u_config5_s              |        0|      0|   2354|   3210|    0|
    |pooling2d_cl_array_array_ap_fixed_16_6_5_3_0_16u_config9_U0              |pooling2d_cl_array_array_ap_fixed_16_6_5_3_0_16u_config9_s              |        0|      0|   2350|   3209|    0|
    |pooling2d_cl_array_array_ap_fixed_16_6_5_3_0_24u_config13_U0             |pooling2d_cl_array_array_ap_fixed_16_6_5_3_0_24u_config13_s             |        0|      0|   3392|   4561|    0|
    |relu_array_ap_fixed_16u_array_ap_ufixed_6_0_4_0_0_16u_relu_config4_U0    |relu_array_ap_fixed_16u_array_ap_ufixed_6_0_4_0_0_16u_relu_config4_s    |        0|      0|    484|   1725|    0|
    |relu_array_ap_fixed_16u_array_ap_ufixed_6_0_4_0_0_16u_relu_config8_U0    |relu_array_ap_fixed_16u_array_ap_ufixed_6_0_4_0_0_16u_relu_config8_s    |        0|      0|    482|   1724|    0|
    |relu_array_ap_fixed_24u_array_ap_ufixed_6_0_4_0_0_24u_relu_config12_U0   |relu_array_ap_fixed_24u_array_ap_ufixed_6_0_4_0_0_24u_relu_config12_s   |        0|      0|    679|   2516|    0|
    |relu_array_ap_fixed_42u_array_ap_ufixed_6_0_4_0_0_42u_relu_config18_U0   |relu_array_ap_fixed_42u_array_ap_ufixed_6_0_4_0_0_42u_relu_config18_s   |        0|      0|   1055|   4186|    0|
    |relu_array_ap_fixed_64u_array_ap_ufixed_6_0_4_0_0_64u_relu_config22_U0   |relu_array_ap_fixed_64u_array_ap_ufixed_6_0_4_0_0_64u_relu_config22_s   |        0|      0|   1605|   6364|    0|
    |softmax_array_array_ap_fixed_16_6_5_3_0_10u_softmax_config25_U0          |softmax_array_array_ap_fixed_16_6_5_3_0_10u_softmax_config25_s          |        2|      1|   1365|   2754|    0|
    +-------------------------------------------------------------------------+------------------------------------------------------------------------+---------+-------+-------+-------+-----+
    |Total                                                                    |                                                                        |        2|     50| 132552| 202076|    0|
    +-------------------------------------------------------------------------+------------------------------------------------------------------------+---------+-------+-------+-------+-----+

    * DSP48E: 
    N/A

    * Memory: 
    N/A

    * FIFO: 
    +---------------------------+---------+----+----+-----+------+-----+---------+
    |            Name           | BRAM_18K| FF | LUT| URAM| Depth| Bits| Size:D*B|
    +---------------------------+---------+----+----+-----+------+-----+---------+
    |layer10_out_V_data_0_V_U   |        0|   7|   0|    -|    16|   16|      256|
    |layer10_out_V_data_10_V_U  |        0|   7|   0|    -|    16|   16|      256|
    |layer10_out_V_data_11_V_U  |        0|   7|   0|    -|    16|   16|      256|
    |layer10_out_V_data_12_V_U  |        0|   7|   0|    -|    16|   16|      256|
    |layer10_out_V_data_13_V_U  |        0|   7|   0|    -|    16|   16|      256|
    |layer10_out_V_data_14_V_U  |        0|   7|   0|    -|    16|   16|      256|
    |layer10_out_V_data_15_V_U  |        0|   7|   0|    -|    16|   16|      256|
    |layer10_out_V_data_16_V_U  |        0|   7|   0|    -|    16|   16|      256|
    |layer10_out_V_data_17_V_U  |        0|   7|   0|    -|    16|   16|      256|
    |layer10_out_V_data_18_V_U  |        0|   7|   0|    -|    16|   16|      256|
    |layer10_out_V_data_19_V_U  |        0|   7|   0|    -|    16|   16|      256|
    |layer10_out_V_data_1_V_U   |        0|   7|   0|    -|    16|   16|      256|
    |layer10_out_V_data_20_V_U  |        0|   7|   0|    -|    16|   16|      256|
    |layer10_out_V_data_21_V_U  |        0|   7|   0|    -|    16|   16|      256|
    |layer10_out_V_data_22_V_U  |        0|   7|   0|    -|    16|   16|      256|
    |layer10_out_V_data_23_V_U  |        0|   7|   0|    -|    16|   16|      256|
    |layer10_out_V_data_2_V_U   |        0|   7|   0|    -|    16|   16|      256|
    |layer10_out_V_data_3_V_U   |        0|   7|   0|    -|    16|   16|      256|
    |layer10_out_V_data_4_V_U   |        0|   7|   0|    -|    16|   16|      256|
    |layer10_out_V_data_5_V_U   |        0|   7|   0|    -|    16|   16|      256|
    |layer10_out_V_data_6_V_U   |        0|   7|   0|    -|    16|   16|      256|
    |layer10_out_V_data_7_V_U   |        0|   7|   0|    -|    16|   16|      256|
    |layer10_out_V_data_8_V_U   |        0|   7|   0|    -|    16|   16|      256|
    |layer10_out_V_data_9_V_U   |        0|   7|   0|    -|    16|   16|      256|
    |layer12_out_V_data_0_V_U   |        0|   7|   0|    -|    16|    6|       96|
    |layer12_out_V_data_10_V_U  |        0|   7|   0|    -|    16|    6|       96|
    |layer12_out_V_data_11_V_U  |        0|   7|   0|    -|    16|    6|       96|
    |layer12_out_V_data_12_V_U  |        0|   7|   0|    -|    16|    6|       96|
    |layer12_out_V_data_13_V_U  |        0|   7|   0|    -|    16|    6|       96|
    |layer12_out_V_data_14_V_U  |        0|   7|   0|    -|    16|    6|       96|
    |layer12_out_V_data_15_V_U  |        0|   7|   0|    -|    16|    6|       96|
    |layer12_out_V_data_16_V_U  |        0|   7|   0|    -|    16|    6|       96|
    |layer12_out_V_data_17_V_U  |        0|   7|   0|    -|    16|    6|       96|
    |layer12_out_V_data_18_V_U  |        0|   7|   0|    -|    16|    6|       96|
    |layer12_out_V_data_19_V_U  |        0|   7|   0|    -|    16|    6|       96|
    |layer12_out_V_data_1_V_U   |        0|   7|   0|    -|    16|    6|       96|
    |layer12_out_V_data_20_V_U  |        0|   7|   0|    -|    16|    6|       96|
    |layer12_out_V_data_21_V_U  |        0|   7|   0|    -|    16|    6|       96|
    |layer12_out_V_data_22_V_U  |        0|   7|   0|    -|    16|    6|       96|
    |layer12_out_V_data_23_V_U  |        0|   7|   0|    -|    16|    6|       96|
    |layer12_out_V_data_2_V_U   |        0|   7|   0|    -|    16|    6|       96|
    |layer12_out_V_data_3_V_U   |        0|   7|   0|    -|    16|    6|       96|
    |layer12_out_V_data_4_V_U   |        0|   7|   0|    -|    16|    6|       96|
    |layer12_out_V_data_5_V_U   |        0|   7|   0|    -|    16|    6|       96|
    |layer12_out_V_data_6_V_U   |        0|   7|   0|    -|    16|    6|       96|
    |layer12_out_V_data_7_V_U   |        0|   7|   0|    -|    16|    6|       96|
    |layer12_out_V_data_8_V_U   |        0|   7|   0|    -|    16|    6|       96|
    |layer12_out_V_data_9_V_U   |        0|   7|   0|    -|    16|    6|       96|
    |layer13_out_V_data_0_V_U   |        0|   5|   0|    -|     4|   16|       64|
    |layer13_out_V_data_10_V_U  |        0|   5|   0|    -|     4|   16|       64|
    |layer13_out_V_data_11_V_U  |        0|   5|   0|    -|     4|   16|       64|
    |layer13_out_V_data_12_V_U  |        0|   5|   0|    -|     4|   16|       64|
    |layer13_out_V_data_13_V_U  |        0|   5|   0|    -|     4|   16|       64|
    |layer13_out_V_data_14_V_U  |        0|   5|   0|    -|     4|   16|       64|
    |layer13_out_V_data_15_V_U  |        0|   5|   0|    -|     4|   16|       64|
    |layer13_out_V_data_16_V_U  |        0|   5|   0|    -|     4|   16|       64|
    |layer13_out_V_data_17_V_U  |        0|   5|   0|    -|     4|   16|       64|
    |layer13_out_V_data_18_V_U  |        0|   5|   0|    -|     4|   16|       64|
    |layer13_out_V_data_19_V_U  |        0|   5|   0|    -|     4|   16|       64|
    |layer13_out_V_data_1_V_U   |        0|   5|   0|    -|     4|   16|       64|
    |layer13_out_V_data_20_V_U  |        0|   5|   0|    -|     4|   16|       64|
    |layer13_out_V_data_21_V_U  |        0|   5|   0|    -|     4|   16|       64|
    |layer13_out_V_data_22_V_U  |        0|   5|   0|    -|     4|   16|       64|
    |layer13_out_V_data_23_V_U  |        0|   5|   0|    -|     4|   16|       64|
    |layer13_out_V_data_2_V_U   |        0|   5|   0|    -|     4|   16|       64|
    |layer13_out_V_data_3_V_U   |        0|   5|   0|    -|     4|   16|       64|
    |layer13_out_V_data_4_V_U   |        0|   5|   0|    -|     4|   16|       64|
    |layer13_out_V_data_5_V_U   |        0|   5|   0|    -|     4|   16|       64|
    |layer13_out_V_data_6_V_U   |        0|   5|   0|    -|     4|   16|       64|
    |layer13_out_V_data_7_V_U   |        0|   5|   0|    -|     4|   16|       64|
    |layer13_out_V_data_8_V_U   |        0|   5|   0|    -|     4|   16|       64|
    |layer13_out_V_data_9_V_U   |        0|   5|   0|    -|     4|   16|       64|
    |layer15_out_V_data_0_V_U   |        0|   5|   0|    -|     1|   16|       16|
    |layer15_out_V_data_10_V_U  |        0|   5|   0|    -|     1|   16|       16|
    |layer15_out_V_data_11_V_U  |        0|   5|   0|    -|     1|   16|       16|
    |layer15_out_V_data_12_V_U  |        0|   5|   0|    -|     1|   16|       16|
    |layer15_out_V_data_13_V_U  |        0|   5|   0|    -|     1|   16|       16|
    |layer15_out_V_data_14_V_U  |        0|   5|   0|    -|     1|   16|       16|
    |layer15_out_V_data_15_V_U  |        0|   5|   0|    -|     1|   16|       16|
    |layer15_out_V_data_16_V_U  |        0|   5|   0|    -|     1|   16|       16|
    |layer15_out_V_data_17_V_U  |        0|   5|   0|    -|     1|   16|       16|
    |layer15_out_V_data_18_V_U  |        0|   5|   0|    -|     1|   16|       16|
    |layer15_out_V_data_19_V_U  |        0|   5|   0|    -|     1|   16|       16|
    |layer15_out_V_data_1_V_U   |        0|   5|   0|    -|     1|   16|       16|
    |layer15_out_V_data_20_V_U  |        0|   5|   0|    -|     1|   16|       16|
    |layer15_out_V_data_21_V_U  |        0|   5|   0|    -|     1|   16|       16|
    |layer15_out_V_data_22_V_U  |        0|   5|   0|    -|     1|   16|       16|
    |layer15_out_V_data_23_V_U  |        0|   5|   0|    -|     1|   16|       16|
    |layer15_out_V_data_24_V_U  |        0|   5|   0|    -|     1|   16|       16|
    |layer15_out_V_data_25_V_U  |        0|   5|   0|    -|     1|   16|       16|
    |layer15_out_V_data_26_V_U  |        0|   5|   0|    -|     1|   16|       16|
    |layer15_out_V_data_27_V_U  |        0|   5|   0|    -|     1|   16|       16|
    |layer15_out_V_data_28_V_U  |        0|   5|   0|    -|     1|   16|       16|
    |layer15_out_V_data_29_V_U  |        0|   5|   0|    -|     1|   16|       16|
    |layer15_out_V_data_2_V_U   |        0|   5|   0|    -|     1|   16|       16|
    |layer15_out_V_data_30_V_U  |        0|   5|   0|    -|     1|   16|       16|
    |layer15_out_V_data_31_V_U  |        0|   5|   0|    -|     1|   16|       16|
    |layer15_out_V_data_32_V_U  |        0|   5|   0|    -|     1|   16|       16|
    |layer15_out_V_data_33_V_U  |        0|   5|   0|    -|     1|   16|       16|
    |layer15_out_V_data_34_V_U  |        0|   5|   0|    -|     1|   16|       16|
    |layer15_out_V_data_35_V_U  |        0|   5|   0|    -|     1|   16|       16|
    |layer15_out_V_data_36_V_U  |        0|   5|   0|    -|     1|   16|       16|
    |layer15_out_V_data_37_V_U  |        0|   5|   0|    -|     1|   16|       16|
    |layer15_out_V_data_38_V_U  |        0|   5|   0|    -|     1|   16|       16|
    |layer15_out_V_data_39_V_U  |        0|   5|   0|    -|     1|   16|       16|
    |layer15_out_V_data_3_V_U   |        0|   5|   0|    -|     1|   16|       16|
    |layer15_out_V_data_40_V_U  |        0|   5|   0|    -|     1|   16|       16|
    |layer15_out_V_data_41_V_U  |        0|   5|   0|    -|     1|   16|       16|
    |layer15_out_V_data_4_V_U   |        0|   5|   0|    -|     1|   16|       16|
    |layer15_out_V_data_5_V_U   |        0|   5|   0|    -|     1|   16|       16|
    |layer15_out_V_data_6_V_U   |        0|   5|   0|    -|     1|   16|       16|
    |layer15_out_V_data_7_V_U   |        0|   5|   0|    -|     1|   16|       16|
    |layer15_out_V_data_8_V_U   |        0|   5|   0|    -|     1|   16|       16|
    |layer15_out_V_data_9_V_U   |        0|   5|   0|    -|     1|   16|       16|
    |layer17_out_V_data_0_V_U   |        0|   5|   0|    -|     1|   16|       16|
    |layer17_out_V_data_10_V_U  |        0|   5|   0|    -|     1|   16|       16|
    |layer17_out_V_data_11_V_U  |        0|   5|   0|    -|     1|   16|       16|
    |layer17_out_V_data_12_V_U  |        0|   5|   0|    -|     1|   16|       16|
    |layer17_out_V_data_13_V_U  |        0|   5|   0|    -|     1|   16|       16|
    |layer17_out_V_data_14_V_U  |        0|   5|   0|    -|     1|   16|       16|
    |layer17_out_V_data_15_V_U  |        0|   5|   0|    -|     1|   16|       16|
    |layer17_out_V_data_16_V_U  |        0|   5|   0|    -|     1|   16|       16|
    |layer17_out_V_data_17_V_U  |        0|   5|   0|    -|     1|   16|       16|
    |layer17_out_V_data_18_V_U  |        0|   5|   0|    -|     1|   16|       16|
    |layer17_out_V_data_19_V_U  |        0|   5|   0|    -|     1|   16|       16|
    |layer17_out_V_data_1_V_U   |        0|   5|   0|    -|     1|   16|       16|
    |layer17_out_V_data_20_V_U  |        0|   5|   0|    -|     1|   16|       16|
    |layer17_out_V_data_21_V_U  |        0|   5|   0|    -|     1|   16|       16|
    |layer17_out_V_data_22_V_U  |        0|   5|   0|    -|     1|   16|       16|
    |layer17_out_V_data_23_V_U  |        0|   5|   0|    -|     1|   16|       16|
    |layer17_out_V_data_24_V_U  |        0|   5|   0|    -|     1|   16|       16|
    |layer17_out_V_data_25_V_U  |        0|   5|   0|    -|     1|   16|       16|
    |layer17_out_V_data_26_V_U  |        0|   5|   0|    -|     1|   16|       16|
    |layer17_out_V_data_27_V_U  |        0|   5|   0|    -|     1|   16|       16|
    |layer17_out_V_data_28_V_U  |        0|   5|   0|    -|     1|   16|       16|
    |layer17_out_V_data_29_V_U  |        0|   5|   0|    -|     1|   16|       16|
    |layer17_out_V_data_2_V_U   |        0|   5|   0|    -|     1|   16|       16|
    |layer17_out_V_data_30_V_U  |        0|   5|   0|    -|     1|   16|       16|
    |layer17_out_V_data_31_V_U  |        0|   5|   0|    -|     1|   16|       16|
    |layer17_out_V_data_32_V_U  |        0|   5|   0|    -|     1|   16|       16|
    |layer17_out_V_data_33_V_U  |        0|   5|   0|    -|     1|   16|       16|
    |layer17_out_V_data_34_V_U  |        0|   5|   0|    -|     1|   16|       16|
    |layer17_out_V_data_35_V_U  |        0|   5|   0|    -|     1|   16|       16|
    |layer17_out_V_data_36_V_U  |        0|   5|   0|    -|     1|   16|       16|
    |layer17_out_V_data_37_V_U  |        0|   5|   0|    -|     1|   16|       16|
    |layer17_out_V_data_38_V_U  |        0|   5|   0|    -|     1|   16|       16|
    |layer17_out_V_data_39_V_U  |        0|   5|   0|    -|     1|   16|       16|
    |layer17_out_V_data_3_V_U   |        0|   5|   0|    -|     1|   16|       16|
    |layer17_out_V_data_40_V_U  |        0|   5|   0|    -|     1|   16|       16|
    |layer17_out_V_data_41_V_U  |        0|   5|   0|    -|     1|   16|       16|
    |layer17_out_V_data_4_V_U   |        0|   5|   0|    -|     1|   16|       16|
    |layer17_out_V_data_5_V_U   |        0|   5|   0|    -|     1|   16|       16|
    |layer17_out_V_data_6_V_U   |        0|   5|   0|    -|     1|   16|       16|
    |layer17_out_V_data_7_V_U   |        0|   5|   0|    -|     1|   16|       16|
    |layer17_out_V_data_8_V_U   |        0|   5|   0|    -|     1|   16|       16|
    |layer17_out_V_data_9_V_U   |        0|   5|   0|    -|     1|   16|       16|
    |layer18_out_V_data_0_V_U   |        0|   5|   0|    -|     1|    6|        6|
    |layer18_out_V_data_10_V_U  |        0|   5|   0|    -|     1|    6|        6|
    |layer18_out_V_data_11_V_U  |        0|   5|   0|    -|     1|    6|        6|
    |layer18_out_V_data_12_V_U  |        0|   5|   0|    -|     1|    6|        6|
    |layer18_out_V_data_13_V_U  |        0|   5|   0|    -|     1|    6|        6|
    |layer18_out_V_data_14_V_U  |        0|   5|   0|    -|     1|    6|        6|
    |layer18_out_V_data_15_V_U  |        0|   5|   0|    -|     1|    6|        6|
    |layer18_out_V_data_16_V_U  |        0|   5|   0|    -|     1|    6|        6|
    |layer18_out_V_data_17_V_U  |        0|   5|   0|    -|     1|    6|        6|
    |layer18_out_V_data_18_V_U  |        0|   5|   0|    -|     1|    6|        6|
    |layer18_out_V_data_19_V_U  |        0|   5|   0|    -|     1|    6|        6|
    |layer18_out_V_data_1_V_U   |        0|   5|   0|    -|     1|    6|        6|
    |layer18_out_V_data_20_V_U  |        0|   5|   0|    -|     1|    6|        6|
    |layer18_out_V_data_21_V_U  |        0|   5|   0|    -|     1|    6|        6|
    |layer18_out_V_data_22_V_U  |        0|   5|   0|    -|     1|    6|        6|
    |layer18_out_V_data_23_V_U  |        0|   5|   0|    -|     1|    6|        6|
    |layer18_out_V_data_24_V_U  |        0|   5|   0|    -|     1|    6|        6|
    |layer18_out_V_data_25_V_U  |        0|   5|   0|    -|     1|    6|        6|
    |layer18_out_V_data_26_V_U  |        0|   5|   0|    -|     1|    6|        6|
    |layer18_out_V_data_27_V_U  |        0|   5|   0|    -|     1|    6|        6|
    |layer18_out_V_data_28_V_U  |        0|   5|   0|    -|     1|    6|        6|
    |layer18_out_V_data_29_V_U  |        0|   5|   0|    -|     1|    6|        6|
    |layer18_out_V_data_2_V_U   |        0|   5|   0|    -|     1|    6|        6|
    |layer18_out_V_data_30_V_U  |        0|   5|   0|    -|     1|    6|        6|
    |layer18_out_V_data_31_V_U  |        0|   5|   0|    -|     1|    6|        6|
    |layer18_out_V_data_32_V_U  |        0|   5|   0|    -|     1|    6|        6|
    |layer18_out_V_data_33_V_U  |        0|   5|   0|    -|     1|    6|        6|
    |layer18_out_V_data_34_V_U  |        0|   5|   0|    -|     1|    6|        6|
    |layer18_out_V_data_35_V_U  |        0|   5|   0|    -|     1|    6|        6|
    |layer18_out_V_data_36_V_U  |        0|   5|   0|    -|     1|    6|        6|
    |layer18_out_V_data_37_V_U  |        0|   5|   0|    -|     1|    6|        6|
    |layer18_out_V_data_38_V_U  |        0|   5|   0|    -|     1|    6|        6|
    |layer18_out_V_data_39_V_U  |        0|   5|   0|    -|     1|    6|        6|
    |layer18_out_V_data_3_V_U   |        0|   5|   0|    -|     1|    6|        6|
    |layer18_out_V_data_40_V_U  |        0|   5|   0|    -|     1|    6|        6|
    |layer18_out_V_data_41_V_U  |        0|   5|   0|    -|     1|    6|        6|
    |layer18_out_V_data_4_V_U   |        0|   5|   0|    -|     1|    6|        6|
    |layer18_out_V_data_5_V_U   |        0|   5|   0|    -|     1|    6|        6|
    |layer18_out_V_data_6_V_U   |        0|   5|   0|    -|     1|    6|        6|
    |layer18_out_V_data_7_V_U   |        0|   5|   0|    -|     1|    6|        6|
    |layer18_out_V_data_8_V_U   |        0|   5|   0|    -|     1|    6|        6|
    |layer18_out_V_data_9_V_U   |        0|   5|   0|    -|     1|    6|        6|
    |layer19_out_V_data_0_V_U   |        0|   5|   0|    -|     1|   16|       16|
    |layer19_out_V_data_10_V_U  |        0|   5|   0|    -|     1|   16|       16|
    |layer19_out_V_data_11_V_U  |        0|   5|   0|    -|     1|   16|       16|
    |layer19_out_V_data_12_V_U  |        0|   5|   0|    -|     1|   16|       16|
    |layer19_out_V_data_13_V_U  |        0|   5|   0|    -|     1|   16|       16|
    |layer19_out_V_data_14_V_U  |        0|   5|   0|    -|     1|   16|       16|
    |layer19_out_V_data_15_V_U  |        0|   5|   0|    -|     1|   16|       16|
    |layer19_out_V_data_16_V_U  |        0|   5|   0|    -|     1|   16|       16|
    |layer19_out_V_data_17_V_U  |        0|   5|   0|    -|     1|   16|       16|
    |layer19_out_V_data_18_V_U  |        0|   5|   0|    -|     1|   16|       16|
    |layer19_out_V_data_19_V_U  |        0|   5|   0|    -|     1|   16|       16|
    |layer19_out_V_data_1_V_U   |        0|   5|   0|    -|     1|   16|       16|
    |layer19_out_V_data_20_V_U  |        0|   5|   0|    -|     1|   16|       16|
    |layer19_out_V_data_21_V_U  |        0|   5|   0|    -|     1|   16|       16|
    |layer19_out_V_data_22_V_U  |        0|   5|   0|    -|     1|   16|       16|
    |layer19_out_V_data_23_V_U  |        0|   5|   0|    -|     1|   16|       16|
    |layer19_out_V_data_24_V_U  |        0|   5|   0|    -|     1|   16|       16|
    |layer19_out_V_data_25_V_U  |        0|   5|   0|    -|     1|   16|       16|
    |layer19_out_V_data_26_V_U  |        0|   5|   0|    -|     1|   16|       16|
    |layer19_out_V_data_27_V_U  |        0|   5|   0|    -|     1|   16|       16|
    |layer19_out_V_data_28_V_U  |        0|   5|   0|    -|     1|   16|       16|
    |layer19_out_V_data_29_V_U  |        0|   5|   0|    -|     1|   16|       16|
    |layer19_out_V_data_2_V_U   |        0|   5|   0|    -|     1|   16|       16|
    |layer19_out_V_data_30_V_U  |        0|   5|   0|    -|     1|   16|       16|
    |layer19_out_V_data_31_V_U  |        0|   5|   0|    -|     1|   16|       16|
    |layer19_out_V_data_32_V_U  |        0|   5|   0|    -|     1|   16|       16|
    |layer19_out_V_data_33_V_U  |        0|   5|   0|    -|     1|   16|       16|
    |layer19_out_V_data_34_V_U  |        0|   5|   0|    -|     1|   16|       16|
    |layer19_out_V_data_35_V_U  |        0|   5|   0|    -|     1|   16|       16|
    |layer19_out_V_data_36_V_U  |        0|   5|   0|    -|     1|   16|       16|
    |layer19_out_V_data_37_V_U  |        0|   5|   0|    -|     1|   16|       16|
    |layer19_out_V_data_38_V_U  |        0|   5|   0|    -|     1|   16|       16|
    |layer19_out_V_data_39_V_U  |        0|   5|   0|    -|     1|   16|       16|
    |layer19_out_V_data_3_V_U   |        0|   5|   0|    -|     1|   16|       16|
    |layer19_out_V_data_40_V_U  |        0|   5|   0|    -|     1|   16|       16|
    |layer19_out_V_data_41_V_U  |        0|   5|   0|    -|     1|   16|       16|
    |layer19_out_V_data_42_V_U  |        0|   5|   0|    -|     1|   16|       16|
    |layer19_out_V_data_43_V_U  |        0|   5|   0|    -|     1|   16|       16|
    |layer19_out_V_data_44_V_U  |        0|   5|   0|    -|     1|   16|       16|
    |layer19_out_V_data_45_V_U  |        0|   5|   0|    -|     1|   16|       16|
    |layer19_out_V_data_46_V_U  |        0|   5|   0|    -|     1|   16|       16|
    |layer19_out_V_data_47_V_U  |        0|   5|   0|    -|     1|   16|       16|
    |layer19_out_V_data_48_V_U  |        0|   5|   0|    -|     1|   16|       16|
    |layer19_out_V_data_49_V_U  |        0|   5|   0|    -|     1|   16|       16|
    |layer19_out_V_data_4_V_U   |        0|   5|   0|    -|     1|   16|       16|
    |layer19_out_V_data_50_V_U  |        0|   5|   0|    -|     1|   16|       16|
    |layer19_out_V_data_51_V_U  |        0|   5|   0|    -|     1|   16|       16|
    |layer19_out_V_data_52_V_U  |        0|   5|   0|    -|     1|   16|       16|
    |layer19_out_V_data_53_V_U  |        0|   5|   0|    -|     1|   16|       16|
    |layer19_out_V_data_54_V_U  |        0|   5|   0|    -|     1|   16|       16|
    |layer19_out_V_data_55_V_U  |        0|   5|   0|    -|     1|   16|       16|
    |layer19_out_V_data_56_V_U  |        0|   5|   0|    -|     1|   16|       16|
    |layer19_out_V_data_57_V_U  |        0|   5|   0|    -|     1|   16|       16|
    |layer19_out_V_data_58_V_U  |        0|   5|   0|    -|     1|   16|       16|
    |layer19_out_V_data_59_V_U  |        0|   5|   0|    -|     1|   16|       16|
    |layer19_out_V_data_5_V_U   |        0|   5|   0|    -|     1|   16|       16|
    |layer19_out_V_data_60_V_U  |        0|   5|   0|    -|     1|   16|       16|
    |layer19_out_V_data_61_V_U  |        0|   5|   0|    -|     1|   16|       16|
    |layer19_out_V_data_62_V_U  |        0|   5|   0|    -|     1|   16|       16|
    |layer19_out_V_data_63_V_U  |        0|   5|   0|    -|     1|   16|       16|
    |layer19_out_V_data_6_V_U   |        0|   5|   0|    -|     1|   16|       16|
    |layer19_out_V_data_7_V_U   |        0|   5|   0|    -|     1|   16|       16|
    |layer19_out_V_data_8_V_U   |        0|   5|   0|    -|     1|   16|       16|
    |layer19_out_V_data_9_V_U   |        0|   5|   0|    -|     1|   16|       16|
    |layer21_out_V_data_0_V_U   |        0|   5|   0|    -|     1|   16|       16|
    |layer21_out_V_data_10_V_U  |        0|   5|   0|    -|     1|   16|       16|
    |layer21_out_V_data_11_V_U  |        0|   5|   0|    -|     1|   16|       16|
    |layer21_out_V_data_12_V_U  |        0|   5|   0|    -|     1|   16|       16|
    |layer21_out_V_data_13_V_U  |        0|   5|   0|    -|     1|   16|       16|
    |layer21_out_V_data_14_V_U  |        0|   5|   0|    -|     1|   16|       16|
    |layer21_out_V_data_15_V_U  |        0|   5|   0|    -|     1|   16|       16|
    |layer21_out_V_data_16_V_U  |        0|   5|   0|    -|     1|   16|       16|
    |layer21_out_V_data_17_V_U  |        0|   5|   0|    -|     1|   16|       16|
    |layer21_out_V_data_18_V_U  |        0|   5|   0|    -|     1|   16|       16|
    |layer21_out_V_data_19_V_U  |        0|   5|   0|    -|     1|   16|       16|
    |layer21_out_V_data_1_V_U   |        0|   5|   0|    -|     1|   16|       16|
    |layer21_out_V_data_20_V_U  |        0|   5|   0|    -|     1|   16|       16|
    |layer21_out_V_data_21_V_U  |        0|   5|   0|    -|     1|   16|       16|
    |layer21_out_V_data_22_V_U  |        0|   5|   0|    -|     1|   16|       16|
    |layer21_out_V_data_23_V_U  |        0|   5|   0|    -|     1|   16|       16|
    |layer21_out_V_data_24_V_U  |        0|   5|   0|    -|     1|   16|       16|
    |layer21_out_V_data_25_V_U  |        0|   5|   0|    -|     1|   16|       16|
    |layer21_out_V_data_26_V_U  |        0|   5|   0|    -|     1|   16|       16|
    |layer21_out_V_data_27_V_U  |        0|   5|   0|    -|     1|   16|       16|
    |layer21_out_V_data_28_V_U  |        0|   5|   0|    -|     1|   16|       16|
    |layer21_out_V_data_29_V_U  |        0|   5|   0|    -|     1|   16|       16|
    |layer21_out_V_data_2_V_U   |        0|   5|   0|    -|     1|   16|       16|
    |layer21_out_V_data_30_V_U  |        0|   5|   0|    -|     1|   16|       16|
    |layer21_out_V_data_31_V_U  |        0|   5|   0|    -|     1|   16|       16|
    |layer21_out_V_data_32_V_U  |        0|   5|   0|    -|     1|   16|       16|
    |layer21_out_V_data_33_V_U  |        0|   5|   0|    -|     1|   16|       16|
    |layer21_out_V_data_34_V_U  |        0|   5|   0|    -|     1|   16|       16|
    |layer21_out_V_data_35_V_U  |        0|   5|   0|    -|     1|   16|       16|
    |layer21_out_V_data_36_V_U  |        0|   5|   0|    -|     1|   16|       16|
    |layer21_out_V_data_37_V_U  |        0|   5|   0|    -|     1|   16|       16|
    |layer21_out_V_data_38_V_U  |        0|   5|   0|    -|     1|   16|       16|
    |layer21_out_V_data_39_V_U  |        0|   5|   0|    -|     1|   16|       16|
    |layer21_out_V_data_3_V_U   |        0|   5|   0|    -|     1|   16|       16|
    |layer21_out_V_data_40_V_U  |        0|   5|   0|    -|     1|   16|       16|
    |layer21_out_V_data_41_V_U  |        0|   5|   0|    -|     1|   16|       16|
    |layer21_out_V_data_42_V_U  |        0|   5|   0|    -|     1|   16|       16|
    |layer21_out_V_data_43_V_U  |        0|   5|   0|    -|     1|   16|       16|
    |layer21_out_V_data_44_V_U  |        0|   5|   0|    -|     1|   16|       16|
    |layer21_out_V_data_45_V_U  |        0|   5|   0|    -|     1|   16|       16|
    |layer21_out_V_data_46_V_U  |        0|   5|   0|    -|     1|   16|       16|
    |layer21_out_V_data_47_V_U  |        0|   5|   0|    -|     1|   16|       16|
    |layer21_out_V_data_48_V_U  |        0|   5|   0|    -|     1|   16|       16|
    |layer21_out_V_data_49_V_U  |        0|   5|   0|    -|     1|   16|       16|
    |layer21_out_V_data_4_V_U   |        0|   5|   0|    -|     1|   16|       16|
    |layer21_out_V_data_50_V_U  |        0|   5|   0|    -|     1|   16|       16|
    |layer21_out_V_data_51_V_U  |        0|   5|   0|    -|     1|   16|       16|
    |layer21_out_V_data_52_V_U  |        0|   5|   0|    -|     1|   16|       16|
    |layer21_out_V_data_53_V_U  |        0|   5|   0|    -|     1|   16|       16|
    |layer21_out_V_data_54_V_U  |        0|   5|   0|    -|     1|   16|       16|
    |layer21_out_V_data_55_V_U  |        0|   5|   0|    -|     1|   16|       16|
    |layer21_out_V_data_56_V_U  |        0|   5|   0|    -|     1|   16|       16|
    |layer21_out_V_data_57_V_U  |        0|   5|   0|    -|     1|   16|       16|
    |layer21_out_V_data_58_V_U  |        0|   5|   0|    -|     1|   16|       16|
    |layer21_out_V_data_59_V_U  |        0|   5|   0|    -|     1|   16|       16|
    |layer21_out_V_data_5_V_U   |        0|   5|   0|    -|     1|   16|       16|
    |layer21_out_V_data_60_V_U  |        0|   5|   0|    -|     1|   16|       16|
    |layer21_out_V_data_61_V_U  |        0|   5|   0|    -|     1|   16|       16|
    |layer21_out_V_data_62_V_U  |        0|   5|   0|    -|     1|   16|       16|
    |layer21_out_V_data_63_V_U  |        0|   5|   0|    -|     1|   16|       16|
    |layer21_out_V_data_6_V_U   |        0|   5|   0|    -|     1|   16|       16|
    |layer21_out_V_data_7_V_U   |        0|   5|   0|    -|     1|   16|       16|
    |layer21_out_V_data_8_V_U   |        0|   5|   0|    -|     1|   16|       16|
    |layer21_out_V_data_9_V_U   |        0|   5|   0|    -|     1|   16|       16|
    |layer22_out_V_data_0_V_U   |        0|   5|   0|    -|     1|    6|        6|
    |layer22_out_V_data_10_V_U  |        0|   5|   0|    -|     1|    6|        6|
    |layer22_out_V_data_11_V_U  |        0|   5|   0|    -|     1|    6|        6|
    |layer22_out_V_data_12_V_U  |        0|   5|   0|    -|     1|    6|        6|
    |layer22_out_V_data_13_V_U  |        0|   5|   0|    -|     1|    6|        6|
    |layer22_out_V_data_14_V_U  |        0|   5|   0|    -|     1|    6|        6|
    |layer22_out_V_data_15_V_U  |        0|   5|   0|    -|     1|    6|        6|
    |layer22_out_V_data_16_V_U  |        0|   5|   0|    -|     1|    6|        6|
    |layer22_out_V_data_17_V_U  |        0|   5|   0|    -|     1|    6|        6|
    |layer22_out_V_data_18_V_U  |        0|   5|   0|    -|     1|    6|        6|
    |layer22_out_V_data_19_V_U  |        0|   5|   0|    -|     1|    6|        6|
    |layer22_out_V_data_1_V_U   |        0|   5|   0|    -|     1|    6|        6|
    |layer22_out_V_data_20_V_U  |        0|   5|   0|    -|     1|    6|        6|
    |layer22_out_V_data_21_V_U  |        0|   5|   0|    -|     1|    6|        6|
    |layer22_out_V_data_22_V_U  |        0|   5|   0|    -|     1|    6|        6|
    |layer22_out_V_data_23_V_U  |        0|   5|   0|    -|     1|    6|        6|
    |layer22_out_V_data_24_V_U  |        0|   5|   0|    -|     1|    6|        6|
    |layer22_out_V_data_25_V_U  |        0|   5|   0|    -|     1|    6|        6|
    |layer22_out_V_data_26_V_U  |        0|   5|   0|    -|     1|    6|        6|
    |layer22_out_V_data_27_V_U  |        0|   5|   0|    -|     1|    6|        6|
    |layer22_out_V_data_28_V_U  |        0|   5|   0|    -|     1|    6|        6|
    |layer22_out_V_data_29_V_U  |        0|   5|   0|    -|     1|    6|        6|
    |layer22_out_V_data_2_V_U   |        0|   5|   0|    -|     1|    6|        6|
    |layer22_out_V_data_30_V_U  |        0|   5|   0|    -|     1|    6|        6|
    |layer22_out_V_data_31_V_U  |        0|   5|   0|    -|     1|    6|        6|
    |layer22_out_V_data_32_V_U  |        0|   5|   0|    -|     1|    6|        6|
    |layer22_out_V_data_33_V_U  |        0|   5|   0|    -|     1|    6|        6|
    |layer22_out_V_data_34_V_U  |        0|   5|   0|    -|     1|    6|        6|
    |layer22_out_V_data_35_V_U  |        0|   5|   0|    -|     1|    6|        6|
    |layer22_out_V_data_36_V_U  |        0|   5|   0|    -|     1|    6|        6|
    |layer22_out_V_data_37_V_U  |        0|   5|   0|    -|     1|    6|        6|
    |layer22_out_V_data_38_V_U  |        0|   5|   0|    -|     1|    6|        6|
    |layer22_out_V_data_39_V_U  |        0|   5|   0|    -|     1|    6|        6|
    |layer22_out_V_data_3_V_U   |        0|   5|   0|    -|     1|    6|        6|
    |layer22_out_V_data_40_V_U  |        0|   5|   0|    -|     1|    6|        6|
    |layer22_out_V_data_41_V_U  |        0|   5|   0|    -|     1|    6|        6|
    |layer22_out_V_data_42_V_U  |        0|   5|   0|    -|     1|    6|        6|
    |layer22_out_V_data_43_V_U  |        0|   5|   0|    -|     1|    6|        6|
    |layer22_out_V_data_44_V_U  |        0|   5|   0|    -|     1|    6|        6|
    |layer22_out_V_data_45_V_U  |        0|   5|   0|    -|     1|    6|        6|
    |layer22_out_V_data_46_V_U  |        0|   5|   0|    -|     1|    6|        6|
    |layer22_out_V_data_47_V_U  |        0|   5|   0|    -|     1|    6|        6|
    |layer22_out_V_data_48_V_U  |        0|   5|   0|    -|     1|    6|        6|
    |layer22_out_V_data_49_V_U  |        0|   5|   0|    -|     1|    6|        6|
    |layer22_out_V_data_4_V_U   |        0|   5|   0|    -|     1|    6|        6|
    |layer22_out_V_data_50_V_U  |        0|   5|   0|    -|     1|    6|        6|
    |layer22_out_V_data_51_V_U  |        0|   5|   0|    -|     1|    6|        6|
    |layer22_out_V_data_52_V_U  |        0|   5|   0|    -|     1|    6|        6|
    |layer22_out_V_data_53_V_U  |        0|   5|   0|    -|     1|    6|        6|
    |layer22_out_V_data_54_V_U  |        0|   5|   0|    -|     1|    6|        6|
    |layer22_out_V_data_55_V_U  |        0|   5|   0|    -|     1|    6|        6|
    |layer22_out_V_data_56_V_U  |        0|   5|   0|    -|     1|    6|        6|
    |layer22_out_V_data_57_V_U  |        0|   5|   0|    -|     1|    6|        6|
    |layer22_out_V_data_58_V_U  |        0|   5|   0|    -|     1|    6|        6|
    |layer22_out_V_data_59_V_U  |        0|   5|   0|    -|     1|    6|        6|
    |layer22_out_V_data_5_V_U   |        0|   5|   0|    -|     1|    6|        6|
    |layer22_out_V_data_60_V_U  |        0|   5|   0|    -|     1|    6|        6|
    |layer22_out_V_data_61_V_U  |        0|   5|   0|    -|     1|    6|        6|
    |layer22_out_V_data_62_V_U  |        0|   5|   0|    -|     1|    6|        6|
    |layer22_out_V_data_63_V_U  |        0|   5|   0|    -|     1|    6|        6|
    |layer22_out_V_data_6_V_U   |        0|   5|   0|    -|     1|    6|        6|
    |layer22_out_V_data_7_V_U   |        0|   5|   0|    -|     1|    6|        6|
    |layer22_out_V_data_8_V_U   |        0|   5|   0|    -|     1|    6|        6|
    |layer22_out_V_data_9_V_U   |        0|   5|   0|    -|     1|    6|        6|
    |layer23_out_V_data_0_V_U   |        0|   5|   0|    -|     1|   16|       16|
    |layer23_out_V_data_1_V_U   |        0|   5|   0|    -|     1|   16|       16|
    |layer23_out_V_data_2_V_U   |        0|   5|   0|    -|     1|   16|       16|
    |layer23_out_V_data_3_V_U   |        0|   5|   0|    -|     1|   16|       16|
    |layer23_out_V_data_4_V_U   |        0|   5|   0|    -|     1|   16|       16|
    |layer23_out_V_data_5_V_U   |        0|   5|   0|    -|     1|   16|       16|
    |layer23_out_V_data_6_V_U   |        0|   5|   0|    -|     1|   16|       16|
    |layer23_out_V_data_7_V_U   |        0|   5|   0|    -|     1|   16|       16|
    |layer23_out_V_data_8_V_U   |        0|   5|   0|    -|     1|   16|       16|
    |layer23_out_V_data_9_V_U   |        0|   5|   0|    -|     1|   16|       16|
    |layer2_out_V_data_0_V_U    |        1|  50|   0|    -|   900|   16|    14400|
    |layer2_out_V_data_10_V_U   |        1|  50|   0|    -|   900|   16|    14400|
    |layer2_out_V_data_11_V_U   |        1|  50|   0|    -|   900|   16|    14400|
    |layer2_out_V_data_12_V_U   |        1|  50|   0|    -|   900|   16|    14400|
    |layer2_out_V_data_13_V_U   |        1|  50|   0|    -|   900|   16|    14400|
    |layer2_out_V_data_14_V_U   |        1|  50|   0|    -|   900|   16|    14400|
    |layer2_out_V_data_15_V_U   |        1|  50|   0|    -|   900|   16|    14400|
    |layer2_out_V_data_1_V_U    |        1|  50|   0|    -|   900|   16|    14400|
    |layer2_out_V_data_2_V_U    |        1|  50|   0|    -|   900|   16|    14400|
    |layer2_out_V_data_3_V_U    |        1|  50|   0|    -|   900|   16|    14400|
    |layer2_out_V_data_4_V_U    |        1|  50|   0|    -|   900|   16|    14400|
    |layer2_out_V_data_5_V_U    |        1|  50|   0|    -|   900|   16|    14400|
    |layer2_out_V_data_6_V_U    |        1|  50|   0|    -|   900|   16|    14400|
    |layer2_out_V_data_7_V_U    |        1|  50|   0|    -|   900|   16|    14400|
    |layer2_out_V_data_8_V_U    |        1|  50|   0|    -|   900|   16|    14400|
    |layer2_out_V_data_9_V_U    |        1|  50|   0|    -|   900|   16|    14400|
    |layer4_out_V_data_0_V_U    |        1|  40|   0|    -|   900|    6|     5400|
    |layer4_out_V_data_10_V_U   |        1|  40|   0|    -|   900|    6|     5400|
    |layer4_out_V_data_11_V_U   |        1|  40|   0|    -|   900|    6|     5400|
    |layer4_out_V_data_12_V_U   |        1|  40|   0|    -|   900|    6|     5400|
    |layer4_out_V_data_13_V_U   |        1|  40|   0|    -|   900|    6|     5400|
    |layer4_out_V_data_14_V_U   |        1|  40|   0|    -|   900|    6|     5400|
    |layer4_out_V_data_15_V_U   |        1|  40|   0|    -|   900|    6|     5400|
    |layer4_out_V_data_1_V_U    |        1|  40|   0|    -|   900|    6|     5400|
    |layer4_out_V_data_2_V_U    |        1|  40|   0|    -|   900|    6|     5400|
    |layer4_out_V_data_3_V_U    |        1|  40|   0|    -|   900|    6|     5400|
    |layer4_out_V_data_4_V_U    |        1|  40|   0|    -|   900|    6|     5400|
    |layer4_out_V_data_5_V_U    |        1|  40|   0|    -|   900|    6|     5400|
    |layer4_out_V_data_6_V_U    |        1|  40|   0|    -|   900|    6|     5400|
    |layer4_out_V_data_7_V_U    |        1|  40|   0|    -|   900|    6|     5400|
    |layer4_out_V_data_8_V_U    |        1|  40|   0|    -|   900|    6|     5400|
    |layer4_out_V_data_9_V_U    |        1|  40|   0|    -|   900|    6|     5400|
    |layer5_out_V_data_0_V_U    |        1|  43|   0|    -|   225|   16|     3600|
    |layer5_out_V_data_10_V_U   |        1|  43|   0|    -|   225|   16|     3600|
    |layer5_out_V_data_11_V_U   |        1|  43|   0|    -|   225|   16|     3600|
    |layer5_out_V_data_12_V_U   |        1|  43|   0|    -|   225|   16|     3600|
    |layer5_out_V_data_13_V_U   |        1|  43|   0|    -|   225|   16|     3600|
    |layer5_out_V_data_14_V_U   |        1|  43|   0|    -|   225|   16|     3600|
    |layer5_out_V_data_15_V_U   |        1|  43|   0|    -|   225|   16|     3600|
    |layer5_out_V_data_1_V_U    |        1|  43|   0|    -|   225|   16|     3600|
    |layer5_out_V_data_2_V_U    |        1|  43|   0|    -|   225|   16|     3600|
    |layer5_out_V_data_3_V_U    |        1|  43|   0|    -|   225|   16|     3600|
    |layer5_out_V_data_4_V_U    |        1|  43|   0|    -|   225|   16|     3600|
    |layer5_out_V_data_5_V_U    |        1|  43|   0|    -|   225|   16|     3600|
    |layer5_out_V_data_6_V_U    |        1|  43|   0|    -|   225|   16|     3600|
    |layer5_out_V_data_7_V_U    |        1|  43|   0|    -|   225|   16|     3600|
    |layer5_out_V_data_8_V_U    |        1|  43|   0|    -|   225|   16|     3600|
    |layer5_out_V_data_9_V_U    |        1|  43|   0|    -|   225|   16|     3600|
    |layer6_out_V_data_0_V_U    |        1|  41|   0|    -|   169|   16|     2704|
    |layer6_out_V_data_10_V_U   |        1|  41|   0|    -|   169|   16|     2704|
    |layer6_out_V_data_11_V_U   |        1|  41|   0|    -|   169|   16|     2704|
    |layer6_out_V_data_12_V_U   |        1|  41|   0|    -|   169|   16|     2704|
    |layer6_out_V_data_13_V_U   |        1|  41|   0|    -|   169|   16|     2704|
    |layer6_out_V_data_14_V_U   |        1|  41|   0|    -|   169|   16|     2704|
    |layer6_out_V_data_15_V_U   |        1|  41|   0|    -|   169|   16|     2704|
    |layer6_out_V_data_1_V_U    |        1|  41|   0|    -|   169|   16|     2704|
    |layer6_out_V_data_2_V_U    |        1|  41|   0|    -|   169|   16|     2704|
    |layer6_out_V_data_3_V_U    |        1|  41|   0|    -|   169|   16|     2704|
    |layer6_out_V_data_4_V_U    |        1|  41|   0|    -|   169|   16|     2704|
    |layer6_out_V_data_5_V_U    |        1|  41|   0|    -|   169|   16|     2704|
    |layer6_out_V_data_6_V_U    |        1|  41|   0|    -|   169|   16|     2704|
    |layer6_out_V_data_7_V_U    |        1|  41|   0|    -|   169|   16|     2704|
    |layer6_out_V_data_8_V_U    |        1|  41|   0|    -|   169|   16|     2704|
    |layer6_out_V_data_9_V_U    |        1|  41|   0|    -|   169|   16|     2704|
    |layer8_out_V_data_0_V_U    |        1|  31|   0|    -|   169|    6|     1014|
    |layer8_out_V_data_10_V_U   |        1|  31|   0|    -|   169|    6|     1014|
    |layer8_out_V_data_11_V_U   |        1|  31|   0|    -|   169|    6|     1014|
    |layer8_out_V_data_12_V_U   |        1|  31|   0|    -|   169|    6|     1014|
    |layer8_out_V_data_13_V_U   |        1|  31|   0|    -|   169|    6|     1014|
    |layer8_out_V_data_14_V_U   |        1|  31|   0|    -|   169|    6|     1014|
    |layer8_out_V_data_15_V_U   |        1|  31|   0|    -|   169|    6|     1014|
    |layer8_out_V_data_1_V_U    |        1|  31|   0|    -|   169|    6|     1014|
    |layer8_out_V_data_2_V_U    |        1|  31|   0|    -|   169|    6|     1014|
    |layer8_out_V_data_3_V_U    |        1|  31|   0|    -|   169|    6|     1014|
    |layer8_out_V_data_4_V_U    |        1|  31|   0|    -|   169|    6|     1014|
    |layer8_out_V_data_5_V_U    |        1|  31|   0|    -|   169|    6|     1014|
    |layer8_out_V_data_6_V_U    |        1|  31|   0|    -|   169|    6|     1014|
    |layer8_out_V_data_7_V_U    |        1|  31|   0|    -|   169|    6|     1014|
    |layer8_out_V_data_8_V_U    |        1|  31|   0|    -|   169|    6|     1014|
    |layer8_out_V_data_9_V_U    |        1|  31|   0|    -|   169|    6|     1014|
    |layer9_out_V_data_0_V_U    |        1|  35|   0|    -|    36|   16|      576|
    |layer9_out_V_data_10_V_U   |        1|  35|   0|    -|    36|   16|      576|
    |layer9_out_V_data_11_V_U   |        1|  35|   0|    -|    36|   16|      576|
    |layer9_out_V_data_12_V_U   |        1|  35|   0|    -|    36|   16|      576|
    |layer9_out_V_data_13_V_U   |        1|  35|   0|    -|    36|   16|      576|
    |layer9_out_V_data_14_V_U   |        1|  35|   0|    -|    36|   16|      576|
    |layer9_out_V_data_15_V_U   |        1|  35|   0|    -|    36|   16|      576|
    |layer9_out_V_data_1_V_U    |        1|  35|   0|    -|    36|   16|      576|
    |layer9_out_V_data_2_V_U    |        1|  35|   0|    -|    36|   16|      576|
    |layer9_out_V_data_3_V_U    |        1|  35|   0|    -|    36|   16|      576|
    |layer9_out_V_data_4_V_U    |        1|  35|   0|    -|    36|   16|      576|
    |layer9_out_V_data_5_V_U    |        1|  35|   0|    -|    36|   16|      576|
    |layer9_out_V_data_6_V_U    |        1|  35|   0|    -|    36|   16|      576|
    |layer9_out_V_data_7_V_U    |        1|  35|   0|    -|    36|   16|      576|
    |layer9_out_V_data_8_V_U    |        1|  35|   0|    -|    36|   16|      576|
    |layer9_out_V_data_9_V_U    |        1|  35|   0|    -|    36|   16|      576|
    +---------------------------+---------+----+----+-----+------+-----+---------+
    |Total                      |       96|5936|   0|    0| 39576| 6316|   457276|
    +---------------------------+---------+----+----+-----+------+-----+---------+

    * Expression: 
    +--------------+----------+-------+---+----+------------+------------+
    | Variable Name| Operation| DSP48E| FF| LUT| Bitwidth P0| Bitwidth P1|
    +--------------+----------+-------+---+----+------------+------------+
    |ap_idle       |    and   |      0|  0|   2|           1|           1|
    +--------------+----------+-------+---+----+------------+------------+
    |Total         |          |      0|  0|   2|           1|           1|
    +--------------+----------+-------+---+----+------------+------------+

    * Multiplexer: 
    +------------+----+-----------+-----+-----------+
    |    Name    | LUT| Input Size| Bits| Total Bits|
    +------------+----+-----------+-----+-----------+
    |real_start  |   9|          2|    1|          2|
    +------------+----+-----------+-----+-----------+
    |Total       |   9|          2|    1|          2|
    +------------+----+-----------+-----+-----------+

    * Register: 
    +----------------+---+----+-----+-----------+
    |      Name      | FF| LUT| Bits| Const Bits|
    +----------------+---+----+-----+-----------+
    |start_once_reg  |  1|   0|    1|          0|
    +----------------+---+----+-----+-----------+
    |Total           |  1|   0|    1|          0|
    +----------------+---+----+-----+-----------+



================================================================
== Interface
================================================================
* Summary: 
+-------------------------------+-----+-----+------------+------------------------+--------------+
|           RTL Ports           | Dir | Bits|  Protocol  |      Source Object     |    C Type    |
+-------------------------------+-----+-----+------------+------------------------+--------------+
|ap_start                       |  in |    1| ap_ctrl_hs |        myproject       | return value |
|start_full_n                   |  in |    1| ap_ctrl_hs |        myproject       | return value |
|start_out                      | out |    1| ap_ctrl_hs |        myproject       | return value |
|start_write                    | out |    1| ap_ctrl_hs |        myproject       | return value |
|ap_clk                         |  in |    1| ap_ctrl_hs |        myproject       | return value |
|ap_rst                         |  in |    1| ap_ctrl_hs |        myproject       | return value |
|ap_done                        | out |    1| ap_ctrl_hs |        myproject       | return value |
|ap_ready                       | out |    1| ap_ctrl_hs |        myproject       | return value |
|ap_idle                        | out |    1| ap_ctrl_hs |        myproject       | return value |
|ap_continue                    |  in |    1| ap_ctrl_hs |        myproject       | return value |
|input_2_V_data_0_V_dout        |  in |   16|   ap_fifo  |   input_2_V_data_0_V   |    pointer   |
|input_2_V_data_0_V_empty_n     |  in |    1|   ap_fifo  |   input_2_V_data_0_V   |    pointer   |
|input_2_V_data_0_V_read        | out |    1|   ap_fifo  |   input_2_V_data_0_V   |    pointer   |
|input_2_V_data_1_V_dout        |  in |   16|   ap_fifo  |   input_2_V_data_1_V   |    pointer   |
|input_2_V_data_1_V_empty_n     |  in |    1|   ap_fifo  |   input_2_V_data_1_V   |    pointer   |
|input_2_V_data_1_V_read        | out |    1|   ap_fifo  |   input_2_V_data_1_V   |    pointer   |
|input_2_V_data_2_V_dout        |  in |   16|   ap_fifo  |   input_2_V_data_2_V   |    pointer   |
|input_2_V_data_2_V_empty_n     |  in |    1|   ap_fifo  |   input_2_V_data_2_V   |    pointer   |
|input_2_V_data_2_V_read        | out |    1|   ap_fifo  |   input_2_V_data_2_V   |    pointer   |
|layer25_out_V_data_0_V_din     | out |   16|   ap_fifo  | layer25_out_V_data_0_V |    pointer   |
|layer25_out_V_data_0_V_full_n  |  in |    1|   ap_fifo  | layer25_out_V_data_0_V |    pointer   |
|layer25_out_V_data_0_V_write   | out |    1|   ap_fifo  | layer25_out_V_data_0_V |    pointer   |
|layer25_out_V_data_1_V_din     | out |   16|   ap_fifo  | layer25_out_V_data_1_V |    pointer   |
|layer25_out_V_data_1_V_full_n  |  in |    1|   ap_fifo  | layer25_out_V_data_1_V |    pointer   |
|layer25_out_V_data_1_V_write   | out |    1|   ap_fifo  | layer25_out_V_data_1_V |    pointer   |
|layer25_out_V_data_2_V_din     | out |   16|   ap_fifo  | layer25_out_V_data_2_V |    pointer   |
|layer25_out_V_data_2_V_full_n  |  in |    1|   ap_fifo  | layer25_out_V_data_2_V |    pointer   |
|layer25_out_V_data_2_V_write   | out |    1|   ap_fifo  | layer25_out_V_data_2_V |    pointer   |
|layer25_out_V_data_3_V_din     | out |   16|   ap_fifo  | layer25_out_V_data_3_V |    pointer   |
|layer25_out_V_data_3_V_full_n  |  in |    1|   ap_fifo  | layer25_out_V_data_3_V |    pointer   |
|layer25_out_V_data_3_V_write   | out |    1|   ap_fifo  | layer25_out_V_data_3_V |    pointer   |
|layer25_out_V_data_4_V_din     | out |   16|   ap_fifo  | layer25_out_V_data_4_V |    pointer   |
|layer25_out_V_data_4_V_full_n  |  in |    1|   ap_fifo  | layer25_out_V_data_4_V |    pointer   |
|layer25_out_V_data_4_V_write   | out |    1|   ap_fifo  | layer25_out_V_data_4_V |    pointer   |
|layer25_out_V_data_5_V_din     | out |   16|   ap_fifo  | layer25_out_V_data_5_V |    pointer   |
|layer25_out_V_data_5_V_full_n  |  in |    1|   ap_fifo  | layer25_out_V_data_5_V |    pointer   |
|layer25_out_V_data_5_V_write   | out |    1|   ap_fifo  | layer25_out_V_data_5_V |    pointer   |
|layer25_out_V_data_6_V_din     | out |   16|   ap_fifo  | layer25_out_V_data_6_V |    pointer   |
|layer25_out_V_data_6_V_full_n  |  in |    1|   ap_fifo  | layer25_out_V_data_6_V |    pointer   |
|layer25_out_V_data_6_V_write   | out |    1|   ap_fifo  | layer25_out_V_data_6_V |    pointer   |
|layer25_out_V_data_7_V_din     | out |   16|   ap_fifo  | layer25_out_V_data_7_V |    pointer   |
|layer25_out_V_data_7_V_full_n  |  in |    1|   ap_fifo  | layer25_out_V_data_7_V |    pointer   |
|layer25_out_V_data_7_V_write   | out |    1|   ap_fifo  | layer25_out_V_data_7_V |    pointer   |
|layer25_out_V_data_8_V_din     | out |   16|   ap_fifo  | layer25_out_V_data_8_V |    pointer   |
|layer25_out_V_data_8_V_full_n  |  in |    1|   ap_fifo  | layer25_out_V_data_8_V |    pointer   |
|layer25_out_V_data_8_V_write   | out |    1|   ap_fifo  | layer25_out_V_data_8_V |    pointer   |
|layer25_out_V_data_9_V_din     | out |   16|   ap_fifo  | layer25_out_V_data_9_V |    pointer   |
|layer25_out_V_data_9_V_full_n  |  in |    1|   ap_fifo  | layer25_out_V_data_9_V |    pointer   |
|layer25_out_V_data_9_V_write   | out |    1|   ap_fifo  | layer25_out_V_data_9_V |    pointer   |
+-------------------------------+-----+-----+------------+------------------------+--------------+

