

================================================================
== Vivado HLS Report for 'normalize_array_ap_fixed_64u_array_ap_fixed_16_6_5_3_0_64u_config21_s'
================================================================
* Date:           Thu Apr  4 20:07:04 2024

* Version:        2019.2 (Build 2704478 on Wed Nov 06 22:10:23 MST 2019)
* Project:        myproject_prj
* Solution:       solution1
* Product family: zynquplus
* Target device:  xczu5ev-sfvc784-2LV-e


================================================================
== Performance Estimates
================================================================
+ Timing: 
    * Summary: 
    +--------+---------+----------+------------+
    |  Clock |  Target | Estimated| Uncertainty|
    +--------+---------+----------+------------+
    |ap_clk  | 5.00 ns | 4.218 ns |   0.62 ns  |
    +--------+---------+----------+------------+

+ Latency: 
    * Summary: 
    +---------+---------+----------+----------+-----+-----+----------+
    |  Latency (cycles) |  Latency (absolute) |  Interval | Pipeline |
    |   min   |   max   |    min   |    max   | min | max |   Type   |
    +---------+---------+----------+----------+-----+-----+----------+
    |       64|       64| 0.320 us | 0.320 us |   64|   64| function |
    +---------+---------+----------+----------+-----+-----+----------+

    + Detail: 
        * Instance: 
        N/A

        * Loop: 
        N/A



================================================================
== Utilization Estimates
================================================================
* Summary: 
+-----------------+---------+-------+--------+--------+-----+
|       Name      | BRAM_18K| DSP48E|   FF   |   LUT  | URAM|
+-----------------+---------+-------+--------+--------+-----+
|DSP              |        -|      -|       -|       -|    -|
|Expression       |        -|      1|       0|    2094|    -|
|FIFO             |        -|      -|       -|       -|    -|
|Instance         |        -|      -|       -|       -|    -|
|Memory           |        -|      -|       -|       -|    -|
|Multiplexer      |        -|      -|       -|    2043|    -|
|Register         |        -|      -|    2126|       -|    -|
+-----------------+---------+-------+--------+--------+-----+
|Total            |        0|      1|    2126|    4137|    0|
+-----------------+---------+-------+--------+--------+-----+
|Available        |      288|   1248|  234240|  117120|   64|
+-----------------+---------+-------+--------+--------+-----+
|Utilization (%)  |        0|   ~0  |   ~0   |       3|    0|
+-----------------+---------+-------+--------+--------+-----+

+ Detail: 
    * Instance: 
    N/A

    * DSP48E: 
    N/A

    * Memory: 
    N/A

    * FIFO: 
    N/A

    * Expression: 
    +----------------------------------+----------+-------+---+----+------------+------------+
    |           Variable Name          | Operation| DSP48E| FF| LUT| Bitwidth P0| Bitwidth P1|
    +----------------------------------+----------+-------+---+----+------------+------------+
    |grp_fu_2410_p2                    |     *    |      1|  0|   5|          16|          14|
    |add_ln1192_10_fu_3212_p2          |     +    |      0|  0|  33|          26|          20|
    |add_ln1192_11_fu_3232_p2          |     +    |      0|  0|  33|          26|          19|
    |add_ln1192_12_fu_3252_p2          |     +    |      0|  0|  33|          26|          19|
    |add_ln1192_13_fu_3272_p2          |     +    |      0|  0|  33|          26|          19|
    |add_ln1192_14_fu_3292_p2          |     +    |      0|  0|  33|          26|          20|
    |add_ln1192_15_fu_3312_p2          |     +    |      0|  0|  33|          26|          20|
    |add_ln1192_17_fu_3336_p2          |     +    |      0|  0|  33|          26|          22|
    |add_ln1192_18_fu_3356_p2          |     +    |      0|  0|  33|          26|          20|
    |add_ln1192_19_fu_3376_p2          |     +    |      0|  0|  33|          26|          19|
    |add_ln1192_1_fu_3032_p2           |     +    |      0|  0|  33|          26|          21|
    |add_ln1192_20_fu_3396_p2          |     +    |      0|  0|  33|          26|          21|
    |add_ln1192_21_fu_3416_p2          |     +    |      0|  0|  33|          26|          20|
    |add_ln1192_22_fu_3436_p2          |     +    |      0|  0|  33|          26|          22|
    |add_ln1192_23_fu_3456_p2          |     +    |      0|  0|  33|          26|          17|
    |add_ln1192_24_fu_3476_p2          |     +    |      0|  0|  33|          26|          20|
    |add_ln1192_25_fu_3496_p2          |     +    |      0|  0|  33|          26|          21|
    |add_ln1192_26_fu_3516_p2          |     +    |      0|  0|  33|          26|          21|
    |add_ln1192_27_fu_3536_p2          |     +    |      0|  0|  33|          26|          19|
    |add_ln1192_28_fu_3556_p2          |     +    |      0|  0|  33|          26|          21|
    |add_ln1192_29_fu_3576_p2          |     +    |      0|  0|  33|          26|          19|
    |add_ln1192_2_fu_3052_p2           |     +    |      0|  0|  33|          26|          20|
    |add_ln1192_30_fu_3596_p2          |     +    |      0|  0|  33|          26|          19|
    |add_ln1192_31_fu_3616_p2          |     +    |      0|  0|  33|          26|          15|
    |add_ln1192_32_fu_3636_p2          |     +    |      0|  0|  33|          26|          17|
    |add_ln1192_33_fu_3656_p2          |     +    |      0|  0|  33|          26|          21|
    |add_ln1192_34_fu_3676_p2          |     +    |      0|  0|  33|          26|          21|
    |add_ln1192_35_fu_3696_p2          |     +    |      0|  0|  33|          26|          20|
    |add_ln1192_37_fu_3720_p2          |     +    |      0|  0|  33|          26|          17|
    |add_ln1192_38_fu_3740_p2          |     +    |      0|  0|  33|          26|          19|
    |add_ln1192_39_fu_3760_p2          |     +    |      0|  0|  33|          26|          21|
    |add_ln1192_3_fu_3072_p2           |     +    |      0|  0|  33|          26|          22|
    |add_ln1192_40_fu_3780_p2          |     +    |      0|  0|  33|          26|          22|
    |add_ln1192_41_fu_3800_p2          |     +    |      0|  0|  33|          26|          17|
    |add_ln1192_42_fu_3820_p2          |     +    |      0|  0|  33|          26|          19|
    |add_ln1192_43_fu_3840_p2          |     +    |      0|  0|  33|          26|          19|
    |add_ln1192_44_fu_3860_p2          |     +    |      0|  0|  33|          26|          18|
    |add_ln1192_45_fu_3880_p2          |     +    |      0|  0|  33|          26|          22|
    |add_ln1192_46_fu_3900_p2          |     +    |      0|  0|  33|          26|          21|
    |add_ln1192_47_fu_3920_p2          |     +    |      0|  0|  33|          26|          22|
    |add_ln1192_48_fu_3940_p2          |     +    |      0|  0|  33|          26|          18|
    |add_ln1192_49_fu_3960_p2          |     +    |      0|  0|  33|          26|          18|
    |add_ln1192_4_fu_3092_p2           |     +    |      0|  0|  33|          26|          19|
    |add_ln1192_50_fu_3980_p2          |     +    |      0|  0|  33|          26|          21|
    |add_ln1192_51_fu_4000_p2          |     +    |      0|  0|  33|          26|          21|
    |add_ln1192_52_fu_4020_p2          |     +    |      0|  0|  33|          26|          18|
    |add_ln1192_53_fu_4040_p2          |     +    |      0|  0|  33|          26|          21|
    |add_ln1192_54_fu_4060_p2          |     +    |      0|  0|  33|          26|          20|
    |add_ln1192_55_fu_4080_p2          |     +    |      0|  0|  33|          26|          19|
    |add_ln1192_56_fu_4100_p2          |     +    |      0|  0|  33|          26|          19|
    |add_ln1192_57_fu_4120_p2          |     +    |      0|  0|  33|          26|          20|
    |add_ln1192_58_fu_4140_p2          |     +    |      0|  0|  33|          26|          19|
    |add_ln1192_59_fu_4160_p2          |     +    |      0|  0|  33|          26|          20|
    |add_ln1192_5_fu_3112_p2           |     +    |      0|  0|  33|          26|          20|
    |add_ln1192_60_fu_4180_p2          |     +    |      0|  0|  33|          26|          20|
    |add_ln1192_61_fu_4200_p2          |     +    |      0|  0|  33|          26|          13|
    |add_ln1192_62_fu_4220_p2          |     +    |      0|  0|  33|          26|          20|
    |add_ln1192_63_fu_4240_p2          |     +    |      0|  0|  33|          26|          19|
    |add_ln1192_6_fu_3132_p2           |     +    |      0|  0|  33|          26|          17|
    |add_ln1192_7_fu_3152_p2           |     +    |      0|  0|  33|          26|          22|
    |add_ln1192_8_fu_3172_p2           |     +    |      0|  0|  33|          26|          19|
    |add_ln1192_9_fu_3192_p2           |     +    |      0|  0|  33|          26|          20|
    |add_ln1192_fu_3012_p2             |     +    |      0|  0|  33|          26|          20|
    |grp_fu_2735_p2                    |     +    |      0|  0|  33|          26|          22|
    |io_acc_block_signal_op519         |    and   |      0|  0|   2|           1|           1|
    |io_acc_block_signal_op66          |    and   |      0|  0|   2|           1|           1|
    |ap_block_pp0_stage0_01001         |    or    |      0|  0|   2|           1|           1|
    |ap_block_state1_pp0_stage0_iter0  |    or    |      0|  0|   2|           1|           1|
    |ap_enable_pp0                     |    xor   |      0|  0|   2|           1|           2|
    +----------------------------------+----------+-------+---+----+------------+------------+
    |Total                             |          |      1|  0|2094|        1659|        1257|
    +----------------------------------+----------+-------+---+----+------------+------------+

    * Multiplexer: 
    +-------------------------+-----+-----------+-----+-----------+
    |           Name          | LUT | Input Size| Bits| Total Bits|
    +-------------------------+-----+-----------+-----+-----------+
    |ap_NS_fsm                |  293|         65|    1|         65|
    |ap_done                  |    9|          2|    1|          2|
    |ap_enable_reg_pp0_iter0  |    9|          2|    1|          2|
    |ap_enable_reg_pp0_iter1  |    9|          2|    1|          2|
    |data_V_data_0_V_blk_n    |    9|          2|    1|          2|
    |data_V_data_10_V_blk_n   |    9|          2|    1|          2|
    |data_V_data_11_V_blk_n   |    9|          2|    1|          2|
    |data_V_data_12_V_blk_n   |    9|          2|    1|          2|
    |data_V_data_13_V_blk_n   |    9|          2|    1|          2|
    |data_V_data_14_V_blk_n   |    9|          2|    1|          2|
    |data_V_data_15_V_blk_n   |    9|          2|    1|          2|
    |data_V_data_16_V_blk_n   |    9|          2|    1|          2|
    |data_V_data_17_V_blk_n   |    9|          2|    1|          2|
    |data_V_data_18_V_blk_n   |    9|          2|    1|          2|
    |data_V_data_19_V_blk_n   |    9|          2|    1|          2|
    |data_V_data_1_V_blk_n    |    9|          2|    1|          2|
    |data_V_data_20_V_blk_n   |    9|          2|    1|          2|
    |data_V_data_21_V_blk_n   |    9|          2|    1|          2|
    |data_V_data_22_V_blk_n   |    9|          2|    1|          2|
    |data_V_data_23_V_blk_n   |    9|          2|    1|          2|
    |data_V_data_24_V_blk_n   |    9|          2|    1|          2|
    |data_V_data_25_V_blk_n   |    9|          2|    1|          2|
    |data_V_data_26_V_blk_n   |    9|          2|    1|          2|
    |data_V_data_27_V_blk_n   |    9|          2|    1|          2|
    |data_V_data_28_V_blk_n   |    9|          2|    1|          2|
    |data_V_data_29_V_blk_n   |    9|          2|    1|          2|
    |data_V_data_2_V_blk_n    |    9|          2|    1|          2|
    |data_V_data_30_V_blk_n   |    9|          2|    1|          2|
    |data_V_data_31_V_blk_n   |    9|          2|    1|          2|
    |data_V_data_32_V_blk_n   |    9|          2|    1|          2|
    |data_V_data_33_V_blk_n   |    9|          2|    1|          2|
    |data_V_data_34_V_blk_n   |    9|          2|    1|          2|
    |data_V_data_35_V_blk_n   |    9|          2|    1|          2|
    |data_V_data_36_V_blk_n   |    9|          2|    1|          2|
    |data_V_data_37_V_blk_n   |    9|          2|    1|          2|
    |data_V_data_38_V_blk_n   |    9|          2|    1|          2|
    |data_V_data_39_V_blk_n   |    9|          2|    1|          2|
    |data_V_data_3_V_blk_n    |    9|          2|    1|          2|
    |data_V_data_40_V_blk_n   |    9|          2|    1|          2|
    |data_V_data_41_V_blk_n   |    9|          2|    1|          2|
    |data_V_data_42_V_blk_n   |    9|          2|    1|          2|
    |data_V_data_43_V_blk_n   |    9|          2|    1|          2|
    |data_V_data_44_V_blk_n   |    9|          2|    1|          2|
    |data_V_data_45_V_blk_n   |    9|          2|    1|          2|
    |data_V_data_46_V_blk_n   |    9|          2|    1|          2|
    |data_V_data_47_V_blk_n   |    9|          2|    1|          2|
    |data_V_data_48_V_blk_n   |    9|          2|    1|          2|
    |data_V_data_49_V_blk_n   |    9|          2|    1|          2|
    |data_V_data_4_V_blk_n    |    9|          2|    1|          2|
    |data_V_data_50_V_blk_n   |    9|          2|    1|          2|
    |data_V_data_51_V_blk_n   |    9|          2|    1|          2|
    |data_V_data_52_V_blk_n   |    9|          2|    1|          2|
    |data_V_data_53_V_blk_n   |    9|          2|    1|          2|
    |data_V_data_54_V_blk_n   |    9|          2|    1|          2|
    |data_V_data_55_V_blk_n   |    9|          2|    1|          2|
    |data_V_data_56_V_blk_n   |    9|          2|    1|          2|
    |data_V_data_57_V_blk_n   |    9|          2|    1|          2|
    |data_V_data_58_V_blk_n   |    9|          2|    1|          2|
    |data_V_data_59_V_blk_n   |    9|          2|    1|          2|
    |data_V_data_5_V_blk_n    |    9|          2|    1|          2|
    |data_V_data_60_V_blk_n   |    9|          2|    1|          2|
    |data_V_data_61_V_blk_n   |    9|          2|    1|          2|
    |data_V_data_62_V_blk_n   |    9|          2|    1|          2|
    |data_V_data_63_V_blk_n   |    9|          2|    1|          2|
    |data_V_data_6_V_blk_n    |    9|          2|    1|          2|
    |data_V_data_7_V_blk_n    |    9|          2|    1|          2|
    |data_V_data_8_V_blk_n    |    9|          2|    1|          2|
    |data_V_data_9_V_blk_n    |    9|          2|    1|          2|
    |grp_fu_2410_p0           |  293|         65|   16|       1040|
    |grp_fu_2410_p1           |  269|         63|   14|        882|
    |real_start               |    9|          2|    1|          2|
    |res_V_data_0_V_blk_n     |    9|          2|    1|          2|
    |res_V_data_10_V_blk_n    |    9|          2|    1|          2|
    |res_V_data_11_V_blk_n    |    9|          2|    1|          2|
    |res_V_data_12_V_blk_n    |    9|          2|    1|          2|
    |res_V_data_13_V_blk_n    |    9|          2|    1|          2|
    |res_V_data_14_V_blk_n    |    9|          2|    1|          2|
    |res_V_data_15_V_blk_n    |    9|          2|    1|          2|
    |res_V_data_16_V_blk_n    |    9|          2|    1|          2|
    |res_V_data_17_V_blk_n    |    9|          2|    1|          2|
    |res_V_data_18_V_blk_n    |    9|          2|    1|          2|
    |res_V_data_19_V_blk_n    |    9|          2|    1|          2|
    |res_V_data_1_V_blk_n     |    9|          2|    1|          2|
    |res_V_data_20_V_blk_n    |    9|          2|    1|          2|
    |res_V_data_21_V_blk_n    |    9|          2|    1|          2|
    |res_V_data_22_V_blk_n    |    9|          2|    1|          2|
    |res_V_data_23_V_blk_n    |    9|          2|    1|          2|
    |res_V_data_24_V_blk_n    |    9|          2|    1|          2|
    |res_V_data_25_V_blk_n    |    9|          2|    1|          2|
    |res_V_data_26_V_blk_n    |    9|          2|    1|          2|
    |res_V_data_27_V_blk_n    |    9|          2|    1|          2|
    |res_V_data_28_V_blk_n    |    9|          2|    1|          2|
    |res_V_data_29_V_blk_n    |    9|          2|    1|          2|
    |res_V_data_2_V_blk_n     |    9|          2|    1|          2|
    |res_V_data_30_V_blk_n    |    9|          2|    1|          2|
    |res_V_data_31_V_blk_n    |    9|          2|    1|          2|
    |res_V_data_32_V_blk_n    |    9|          2|    1|          2|
    |res_V_data_33_V_blk_n    |    9|          2|    1|          2|
    |res_V_data_34_V_blk_n    |    9|          2|    1|          2|
    |res_V_data_35_V_blk_n    |    9|          2|    1|          2|
    |res_V_data_36_V_blk_n    |    9|          2|    1|          2|
    |res_V_data_37_V_blk_n    |    9|          2|    1|          2|
    |res_V_data_38_V_blk_n    |    9|          2|    1|          2|
    |res_V_data_39_V_blk_n    |    9|          2|    1|          2|
    |res_V_data_3_V_blk_n     |    9|          2|    1|          2|
    |res_V_data_40_V_blk_n    |    9|          2|    1|          2|
    |res_V_data_41_V_blk_n    |    9|          2|    1|          2|
    |res_V_data_42_V_blk_n    |    9|          2|    1|          2|
    |res_V_data_43_V_blk_n    |    9|          2|    1|          2|
    |res_V_data_44_V_blk_n    |    9|          2|    1|          2|
    |res_V_data_45_V_blk_n    |    9|          2|    1|          2|
    |res_V_data_46_V_blk_n    |    9|          2|    1|          2|
    |res_V_data_47_V_blk_n    |    9|          2|    1|          2|
    |res_V_data_48_V_blk_n    |    9|          2|    1|          2|
    |res_V_data_49_V_blk_n    |    9|          2|    1|          2|
    |res_V_data_4_V_blk_n     |    9|          2|    1|          2|
    |res_V_data_50_V_blk_n    |    9|          2|    1|          2|
    |res_V_data_51_V_blk_n    |    9|          2|    1|          2|
    |res_V_data_52_V_blk_n    |    9|          2|    1|          2|
    |res_V_data_53_V_blk_n    |    9|          2|    1|          2|
    |res_V_data_54_V_blk_n    |    9|          2|    1|          2|
    |res_V_data_55_V_blk_n    |    9|          2|    1|          2|
    |res_V_data_56_V_blk_n    |    9|          2|    1|          2|
    |res_V_data_57_V_blk_n    |    9|          2|    1|          2|
    |res_V_data_58_V_blk_n    |    9|          2|    1|          2|
    |res_V_data_59_V_blk_n    |    9|          2|    1|          2|
    |res_V_data_5_V_blk_n     |    9|          2|    1|          2|
    |res_V_data_60_V_blk_n    |    9|          2|    1|          2|
    |res_V_data_61_V_blk_n    |    9|          2|    1|          2|
    |res_V_data_62_V_blk_n    |    9|          2|    1|          2|
    |res_V_data_63_V_blk_n    |    9|          2|    1|          2|
    |res_V_data_6_V_blk_n     |    9|          2|    1|          2|
    |res_V_data_7_V_blk_n     |    9|          2|    1|          2|
    |res_V_data_8_V_blk_n     |    9|          2|    1|          2|
    |res_V_data_9_V_blk_n     |    9|          2|    1|          2|
    +-------------------------+-----+-----------+-----+-----------+
    |Total                    | 2043|        457|  163|       2251|
    +-------------------------+-----+-----------+-----+-----------+

    * Register: 
    +-----------------------------+----+----+-----+-----------+
    |             Name            | FF | LUT| Bits| Const Bits|
    +-----------------------------+----+----+-----+-----------+
    |ap_CS_fsm                    |  64|   0|   64|          0|
    |ap_done_reg                  |   1|   0|    1|          0|
    |ap_enable_reg_pp0_iter0_reg  |   1|   0|    1|          0|
    |ap_enable_reg_pp0_iter1      |   1|   0|    1|          0|
    |mul_ln1192_reg_2419          |  26|   0|   26|          0|
    |start_once_reg               |   1|   0|    1|          0|
    |tmp_data_0_V_reg_4571        |  16|   0|   16|          0|
    |tmp_data_10_V_reg_4621       |  16|   0|   16|          0|
    |tmp_data_11_V_reg_4626       |  16|   0|   16|          0|
    |tmp_data_12_V_reg_4631       |  16|   0|   16|          0|
    |tmp_data_13_V_reg_4636       |  16|   0|   16|          0|
    |tmp_data_14_V_reg_4641       |  16|   0|   16|          0|
    |tmp_data_15_V_reg_4646       |  16|   0|   16|          0|
    |tmp_data_16_V_reg_4651       |  16|   0|   16|          0|
    |tmp_data_17_V_reg_4656       |  16|   0|   16|          0|
    |tmp_data_18_V_reg_4661       |  16|   0|   16|          0|
    |tmp_data_19_V_reg_4666       |  16|   0|   16|          0|
    |tmp_data_1_V_reg_4576        |  16|   0|   16|          0|
    |tmp_data_20_V_reg_4671       |  16|   0|   16|          0|
    |tmp_data_21_V_reg_4676       |  16|   0|   16|          0|
    |tmp_data_22_V_reg_4681       |  16|   0|   16|          0|
    |tmp_data_23_V_reg_4686       |  16|   0|   16|          0|
    |tmp_data_24_V_reg_4691       |  16|   0|   16|          0|
    |tmp_data_25_V_reg_4696       |  16|   0|   16|          0|
    |tmp_data_26_V_reg_4701       |  16|   0|   16|          0|
    |tmp_data_27_V_reg_4706       |  16|   0|   16|          0|
    |tmp_data_28_V_reg_4711       |  16|   0|   16|          0|
    |tmp_data_29_V_reg_4716       |  16|   0|   16|          0|
    |tmp_data_2_V_reg_4581        |  16|   0|   16|          0|
    |tmp_data_30_V_reg_4721       |  16|   0|   16|          0|
    |tmp_data_31_V_reg_4726       |  16|   0|   16|          0|
    |tmp_data_32_V_reg_4731       |  16|   0|   16|          0|
    |tmp_data_33_V_reg_4736       |  16|   0|   16|          0|
    |tmp_data_34_V_reg_4741       |  16|   0|   16|          0|
    |tmp_data_35_V_reg_4746       |  16|   0|   16|          0|
    |tmp_data_36_V_reg_4751       |  16|   0|   16|          0|
    |tmp_data_37_V_reg_4756       |  16|   0|   16|          0|
    |tmp_data_38_V_reg_4761       |  16|   0|   16|          0|
    |tmp_data_39_V_reg_4766       |  16|   0|   16|          0|
    |tmp_data_3_V_reg_4586        |  16|   0|   16|          0|
    |tmp_data_40_V_reg_4771       |  16|   0|   16|          0|
    |tmp_data_41_V_reg_4776       |  16|   0|   16|          0|
    |tmp_data_42_V_reg_4781       |  16|   0|   16|          0|
    |tmp_data_43_V_reg_4786       |  16|   0|   16|          0|
    |tmp_data_44_V_reg_4791       |  16|   0|   16|          0|
    |tmp_data_45_V_reg_4796       |  16|   0|   16|          0|
    |tmp_data_46_V_reg_4801       |  16|   0|   16|          0|
    |tmp_data_47_V_reg_4806       |  16|   0|   16|          0|
    |tmp_data_48_V_reg_4811       |  16|   0|   16|          0|
    |tmp_data_49_V_reg_4816       |  16|   0|   16|          0|
    |tmp_data_4_V_reg_4591        |  16|   0|   16|          0|
    |tmp_data_50_V_reg_4821       |  16|   0|   16|          0|
    |tmp_data_51_V_reg_4826       |  16|   0|   16|          0|
    |tmp_data_52_V_reg_4831       |  16|   0|   16|          0|
    |tmp_data_53_V_reg_4836       |  16|   0|   16|          0|
    |tmp_data_54_V_reg_4841       |  16|   0|   16|          0|
    |tmp_data_55_V_reg_4846       |  16|   0|   16|          0|
    |tmp_data_56_V_reg_4851       |  16|   0|   16|          0|
    |tmp_data_57_V_reg_4856       |  16|   0|   16|          0|
    |tmp_data_58_V_reg_4861       |  16|   0|   16|          0|
    |tmp_data_59_V_reg_4866       |  16|   0|   16|          0|
    |tmp_data_5_V_reg_4596        |  16|   0|   16|          0|
    |tmp_data_60_V_reg_4871       |  16|   0|   16|          0|
    |tmp_data_61_V_reg_4876       |  16|   0|   16|          0|
    |tmp_data_62_V_reg_4881       |  16|   0|   16|          0|
    |tmp_data_63_V_reg_4886       |  16|   0|   16|          0|
    |tmp_data_6_V_reg_4601        |  16|   0|   16|          0|
    |tmp_data_7_V_reg_4606        |  16|   0|   16|          0|
    |tmp_data_8_V_reg_4611        |  16|   0|   16|          0|
    |tmp_data_9_V_reg_4616        |  16|   0|   16|          0|
    |tmp_data_V_1070_reg_4301     |  16|   0|   16|          0|
    |tmp_data_V_11_reg_4306       |  16|   0|   16|          0|
    |tmp_data_V_12_reg_4311       |  16|   0|   16|          0|
    |tmp_data_V_13_reg_4316       |  16|   0|   16|          0|
    |tmp_data_V_14_reg_4321       |  16|   0|   16|          0|
    |tmp_data_V_15_reg_4326       |  16|   0|   16|          0|
    |tmp_data_V_16_reg_4331       |  16|   0|   16|          0|
    |tmp_data_V_17_reg_4336       |  16|   0|   16|          0|
    |tmp_data_V_18_reg_4341       |  16|   0|   16|          0|
    |tmp_data_V_19_reg_4346       |  16|   0|   16|          0|
    |tmp_data_V_1_reg_4256        |  16|   0|   16|          0|
    |tmp_data_V_20_reg_4351       |  16|   0|   16|          0|
    |tmp_data_V_21_reg_4356       |  16|   0|   16|          0|
    |tmp_data_V_22_reg_4361       |  16|   0|   16|          0|
    |tmp_data_V_23_reg_4366       |  16|   0|   16|          0|
    |tmp_data_V_24_reg_4371       |  16|   0|   16|          0|
    |tmp_data_V_25_reg_4376       |  16|   0|   16|          0|
    |tmp_data_V_26_reg_4381       |  16|   0|   16|          0|
    |tmp_data_V_27_reg_4386       |  16|   0|   16|          0|
    |tmp_data_V_28_reg_4391       |  16|   0|   16|          0|
    |tmp_data_V_29_reg_4396       |  16|   0|   16|          0|
    |tmp_data_V_2_reg_4261        |  16|   0|   16|          0|
    |tmp_data_V_30_reg_4401       |  16|   0|   16|          0|
    |tmp_data_V_31_reg_4406       |  16|   0|   16|          0|
    |tmp_data_V_32_reg_4411       |  16|   0|   16|          0|
    |tmp_data_V_33_reg_4416       |  16|   0|   16|          0|
    |tmp_data_V_34_reg_4421       |  16|   0|   16|          0|
    |tmp_data_V_35_reg_4426       |  16|   0|   16|          0|
    |tmp_data_V_36_reg_4431       |  16|   0|   16|          0|
    |tmp_data_V_37_reg_4436       |  16|   0|   16|          0|
    |tmp_data_V_38_reg_4441       |  16|   0|   16|          0|
    |tmp_data_V_39_reg_4446       |  16|   0|   16|          0|
    |tmp_data_V_3_reg_4266        |  16|   0|   16|          0|
    |tmp_data_V_40_reg_4451       |  16|   0|   16|          0|
    |tmp_data_V_41_reg_4456       |  16|   0|   16|          0|
    |tmp_data_V_42_reg_4461       |  16|   0|   16|          0|
    |tmp_data_V_43_reg_4466       |  16|   0|   16|          0|
    |tmp_data_V_44_reg_4471       |  16|   0|   16|          0|
    |tmp_data_V_45_reg_4476       |  16|   0|   16|          0|
    |tmp_data_V_46_reg_4481       |  16|   0|   16|          0|
    |tmp_data_V_47_reg_4486       |  16|   0|   16|          0|
    |tmp_data_V_48_reg_4491       |  16|   0|   16|          0|
    |tmp_data_V_49_reg_4496       |  16|   0|   16|          0|
    |tmp_data_V_4_reg_4271        |  16|   0|   16|          0|
    |tmp_data_V_50_reg_4501       |  16|   0|   16|          0|
    |tmp_data_V_51_reg_4506       |  16|   0|   16|          0|
    |tmp_data_V_52_reg_4511       |  16|   0|   16|          0|
    |tmp_data_V_53_reg_4516       |  16|   0|   16|          0|
    |tmp_data_V_54_reg_4521       |  16|   0|   16|          0|
    |tmp_data_V_55_reg_4526       |  16|   0|   16|          0|
    |tmp_data_V_56_reg_4531       |  16|   0|   16|          0|
    |tmp_data_V_57_reg_4536       |  16|   0|   16|          0|
    |tmp_data_V_58_reg_4541       |  16|   0|   16|          0|
    |tmp_data_V_59_reg_4546       |  16|   0|   16|          0|
    |tmp_data_V_5_reg_4276        |  16|   0|   16|          0|
    |tmp_data_V_60_reg_4551       |  16|   0|   16|          0|
    |tmp_data_V_61_reg_4556       |  16|   0|   16|          0|
    |tmp_data_V_62_reg_4561       |  16|   0|   16|          0|
    |tmp_data_V_63_reg_4566       |  16|   0|   16|          0|
    |tmp_data_V_6_reg_4281        |  16|   0|   16|          0|
    |tmp_data_V_7_reg_4286        |  16|   0|   16|          0|
    |tmp_data_V_8_reg_4291        |  16|   0|   16|          0|
    |tmp_data_V_9_reg_4296        |  16|   0|   16|          0|
    +-----------------------------+----+----+-----+-----------+
    |Total                        |2126|   0| 2126|          0|
    +-----------------------------+----+----+-----+-----------+



================================================================
== Interface
================================================================
* Summary: 
+--------------------------+-----+-----+------------+-------------------------------------------------------------------------+--------------+
|         RTL Ports        | Dir | Bits|  Protocol  |                              Source Object                              |    C Type    |
+--------------------------+-----+-----+------------+-------------------------------------------------------------------------+--------------+
|ap_clk                    |  in |    1| ap_ctrl_hs | normalize<array<ap_fixed,64u>,array<ap_fixed<16,6,5,3,0>,64u>,config21> | return value |
|ap_rst                    |  in |    1| ap_ctrl_hs | normalize<array<ap_fixed,64u>,array<ap_fixed<16,6,5,3,0>,64u>,config21> | return value |
|ap_start                  |  in |    1| ap_ctrl_hs | normalize<array<ap_fixed,64u>,array<ap_fixed<16,6,5,3,0>,64u>,config21> | return value |
|start_full_n              |  in |    1| ap_ctrl_hs | normalize<array<ap_fixed,64u>,array<ap_fixed<16,6,5,3,0>,64u>,config21> | return value |
|ap_done                   | out |    1| ap_ctrl_hs | normalize<array<ap_fixed,64u>,array<ap_fixed<16,6,5,3,0>,64u>,config21> | return value |
|ap_continue               |  in |    1| ap_ctrl_hs | normalize<array<ap_fixed,64u>,array<ap_fixed<16,6,5,3,0>,64u>,config21> | return value |
|ap_idle                   | out |    1| ap_ctrl_hs | normalize<array<ap_fixed,64u>,array<ap_fixed<16,6,5,3,0>,64u>,config21> | return value |
|ap_ready                  | out |    1| ap_ctrl_hs | normalize<array<ap_fixed,64u>,array<ap_fixed<16,6,5,3,0>,64u>,config21> | return value |
|start_out                 | out |    1| ap_ctrl_hs | normalize<array<ap_fixed,64u>,array<ap_fixed<16,6,5,3,0>,64u>,config21> | return value |
|start_write               | out |    1| ap_ctrl_hs | normalize<array<ap_fixed,64u>,array<ap_fixed<16,6,5,3,0>,64u>,config21> | return value |
|data_V_data_0_V_dout      |  in |   16|   ap_fifo  |                             data_V_data_0_V                             |    pointer   |
|data_V_data_0_V_empty_n   |  in |    1|   ap_fifo  |                             data_V_data_0_V                             |    pointer   |
|data_V_data_0_V_read      | out |    1|   ap_fifo  |                             data_V_data_0_V                             |    pointer   |
|data_V_data_1_V_dout      |  in |   16|   ap_fifo  |                             data_V_data_1_V                             |    pointer   |
|data_V_data_1_V_empty_n   |  in |    1|   ap_fifo  |                             data_V_data_1_V                             |    pointer   |
|data_V_data_1_V_read      | out |    1|   ap_fifo  |                             data_V_data_1_V                             |    pointer   |
|data_V_data_2_V_dout      |  in |   16|   ap_fifo  |                             data_V_data_2_V                             |    pointer   |
|data_V_data_2_V_empty_n   |  in |    1|   ap_fifo  |                             data_V_data_2_V                             |    pointer   |
|data_V_data_2_V_read      | out |    1|   ap_fifo  |                             data_V_data_2_V                             |    pointer   |
|data_V_data_3_V_dout      |  in |   16|   ap_fifo  |                             data_V_data_3_V                             |    pointer   |
|data_V_data_3_V_empty_n   |  in |    1|   ap_fifo  |                             data_V_data_3_V                             |    pointer   |
|data_V_data_3_V_read      | out |    1|   ap_fifo  |                             data_V_data_3_V                             |    pointer   |
|data_V_data_4_V_dout      |  in |   16|   ap_fifo  |                             data_V_data_4_V                             |    pointer   |
|data_V_data_4_V_empty_n   |  in |    1|   ap_fifo  |                             data_V_data_4_V                             |    pointer   |
|data_V_data_4_V_read      | out |    1|   ap_fifo  |                             data_V_data_4_V                             |    pointer   |
|data_V_data_5_V_dout      |  in |   16|   ap_fifo  |                             data_V_data_5_V                             |    pointer   |
|data_V_data_5_V_empty_n   |  in |    1|   ap_fifo  |                             data_V_data_5_V                             |    pointer   |
|data_V_data_5_V_read      | out |    1|   ap_fifo  |                             data_V_data_5_V                             |    pointer   |
|data_V_data_6_V_dout      |  in |   16|   ap_fifo  |                             data_V_data_6_V                             |    pointer   |
|data_V_data_6_V_empty_n   |  in |    1|   ap_fifo  |                             data_V_data_6_V                             |    pointer   |
|data_V_data_6_V_read      | out |    1|   ap_fifo  |                             data_V_data_6_V                             |    pointer   |
|data_V_data_7_V_dout      |  in |   16|   ap_fifo  |                             data_V_data_7_V                             |    pointer   |
|data_V_data_7_V_empty_n   |  in |    1|   ap_fifo  |                             data_V_data_7_V                             |    pointer   |
|data_V_data_7_V_read      | out |    1|   ap_fifo  |                             data_V_data_7_V                             |    pointer   |
|data_V_data_8_V_dout      |  in |   16|   ap_fifo  |                             data_V_data_8_V                             |    pointer   |
|data_V_data_8_V_empty_n   |  in |    1|   ap_fifo  |                             data_V_data_8_V                             |    pointer   |
|data_V_data_8_V_read      | out |    1|   ap_fifo  |                             data_V_data_8_V                             |    pointer   |
|data_V_data_9_V_dout      |  in |   16|   ap_fifo  |                             data_V_data_9_V                             |    pointer   |
|data_V_data_9_V_empty_n   |  in |    1|   ap_fifo  |                             data_V_data_9_V                             |    pointer   |
|data_V_data_9_V_read      | out |    1|   ap_fifo  |                             data_V_data_9_V                             |    pointer   |
|data_V_data_10_V_dout     |  in |   16|   ap_fifo  |                             data_V_data_10_V                            |    pointer   |
|data_V_data_10_V_empty_n  |  in |    1|   ap_fifo  |                             data_V_data_10_V                            |    pointer   |
|data_V_data_10_V_read     | out |    1|   ap_fifo  |                             data_V_data_10_V                            |    pointer   |
|data_V_data_11_V_dout     |  in |   16|   ap_fifo  |                             data_V_data_11_V                            |    pointer   |
|data_V_data_11_V_empty_n  |  in |    1|   ap_fifo  |                             data_V_data_11_V                            |    pointer   |
|data_V_data_11_V_read     | out |    1|   ap_fifo  |                             data_V_data_11_V                            |    pointer   |
|data_V_data_12_V_dout     |  in |   16|   ap_fifo  |                             data_V_data_12_V                            |    pointer   |
|data_V_data_12_V_empty_n  |  in |    1|   ap_fifo  |                             data_V_data_12_V                            |    pointer   |
|data_V_data_12_V_read     | out |    1|   ap_fifo  |                             data_V_data_12_V                            |    pointer   |
|data_V_data_13_V_dout     |  in |   16|   ap_fifo  |                             data_V_data_13_V                            |    pointer   |
|data_V_data_13_V_empty_n  |  in |    1|   ap_fifo  |                             data_V_data_13_V                            |    pointer   |
|data_V_data_13_V_read     | out |    1|   ap_fifo  |                             data_V_data_13_V                            |    pointer   |
|data_V_data_14_V_dout     |  in |   16|   ap_fifo  |                             data_V_data_14_V                            |    pointer   |
|data_V_data_14_V_empty_n  |  in |    1|   ap_fifo  |                             data_V_data_14_V                            |    pointer   |
|data_V_data_14_V_read     | out |    1|   ap_fifo  |                             data_V_data_14_V                            |    pointer   |
|data_V_data_15_V_dout     |  in |   16|   ap_fifo  |                             data_V_data_15_V                            |    pointer   |
|data_V_data_15_V_empty_n  |  in |    1|   ap_fifo  |                             data_V_data_15_V                            |    pointer   |
|data_V_data_15_V_read     | out |    1|   ap_fifo  |                             data_V_data_15_V                            |    pointer   |
|data_V_data_16_V_dout     |  in |   16|   ap_fifo  |                             data_V_data_16_V                            |    pointer   |
|data_V_data_16_V_empty_n  |  in |    1|   ap_fifo  |                             data_V_data_16_V                            |    pointer   |
|data_V_data_16_V_read     | out |    1|   ap_fifo  |                             data_V_data_16_V                            |    pointer   |
|data_V_data_17_V_dout     |  in |   16|   ap_fifo  |                             data_V_data_17_V                            |    pointer   |
|data_V_data_17_V_empty_n  |  in |    1|   ap_fifo  |                             data_V_data_17_V                            |    pointer   |
|data_V_data_17_V_read     | out |    1|   ap_fifo  |                             data_V_data_17_V                            |    pointer   |
|data_V_data_18_V_dout     |  in |   16|   ap_fifo  |                             data_V_data_18_V                            |    pointer   |
|data_V_data_18_V_empty_n  |  in |    1|   ap_fifo  |                             data_V_data_18_V                            |    pointer   |
|data_V_data_18_V_read     | out |    1|   ap_fifo  |                             data_V_data_18_V                            |    pointer   |
|data_V_data_19_V_dout     |  in |   16|   ap_fifo  |                             data_V_data_19_V                            |    pointer   |
|data_V_data_19_V_empty_n  |  in |    1|   ap_fifo  |                             data_V_data_19_V                            |    pointer   |
|data_V_data_19_V_read     | out |    1|   ap_fifo  |                             data_V_data_19_V                            |    pointer   |
|data_V_data_20_V_dout     |  in |   16|   ap_fifo  |                             data_V_data_20_V                            |    pointer   |
|data_V_data_20_V_empty_n  |  in |    1|   ap_fifo  |                             data_V_data_20_V                            |    pointer   |
|data_V_data_20_V_read     | out |    1|   ap_fifo  |                             data_V_data_20_V                            |    pointer   |
|data_V_data_21_V_dout     |  in |   16|   ap_fifo  |                             data_V_data_21_V                            |    pointer   |
|data_V_data_21_V_empty_n  |  in |    1|   ap_fifo  |                             data_V_data_21_V                            |    pointer   |
|data_V_data_21_V_read     | out |    1|   ap_fifo  |                             data_V_data_21_V                            |    pointer   |
|data_V_data_22_V_dout     |  in |   16|   ap_fifo  |                             data_V_data_22_V                            |    pointer   |
|data_V_data_22_V_empty_n  |  in |    1|   ap_fifo  |                             data_V_data_22_V                            |    pointer   |
|data_V_data_22_V_read     | out |    1|   ap_fifo  |                             data_V_data_22_V                            |    pointer   |
|data_V_data_23_V_dout     |  in |   16|   ap_fifo  |                             data_V_data_23_V                            |    pointer   |
|data_V_data_23_V_empty_n  |  in |    1|   ap_fifo  |                             data_V_data_23_V                            |    pointer   |
|data_V_data_23_V_read     | out |    1|   ap_fifo  |                             data_V_data_23_V                            |    pointer   |
|data_V_data_24_V_dout     |  in |   16|   ap_fifo  |                             data_V_data_24_V                            |    pointer   |
|data_V_data_24_V_empty_n  |  in |    1|   ap_fifo  |                             data_V_data_24_V                            |    pointer   |
|data_V_data_24_V_read     | out |    1|   ap_fifo  |                             data_V_data_24_V                            |    pointer   |
|data_V_data_25_V_dout     |  in |   16|   ap_fifo  |                             data_V_data_25_V                            |    pointer   |
|data_V_data_25_V_empty_n  |  in |    1|   ap_fifo  |                             data_V_data_25_V                            |    pointer   |
|data_V_data_25_V_read     | out |    1|   ap_fifo  |                             data_V_data_25_V                            |    pointer   |
|data_V_data_26_V_dout     |  in |   16|   ap_fifo  |                             data_V_data_26_V                            |    pointer   |
|data_V_data_26_V_empty_n  |  in |    1|   ap_fifo  |                             data_V_data_26_V                            |    pointer   |
|data_V_data_26_V_read     | out |    1|   ap_fifo  |                             data_V_data_26_V                            |    pointer   |
|data_V_data_27_V_dout     |  in |   16|   ap_fifo  |                             data_V_data_27_V                            |    pointer   |
|data_V_data_27_V_empty_n  |  in |    1|   ap_fifo  |                             data_V_data_27_V                            |    pointer   |
|data_V_data_27_V_read     | out |    1|   ap_fifo  |                             data_V_data_27_V                            |    pointer   |
|data_V_data_28_V_dout     |  in |   16|   ap_fifo  |                             data_V_data_28_V                            |    pointer   |
|data_V_data_28_V_empty_n  |  in |    1|   ap_fifo  |                             data_V_data_28_V                            |    pointer   |
|data_V_data_28_V_read     | out |    1|   ap_fifo  |                             data_V_data_28_V                            |    pointer   |
|data_V_data_29_V_dout     |  in |   16|   ap_fifo  |                             data_V_data_29_V                            |    pointer   |
|data_V_data_29_V_empty_n  |  in |    1|   ap_fifo  |                             data_V_data_29_V                            |    pointer   |
|data_V_data_29_V_read     | out |    1|   ap_fifo  |                             data_V_data_29_V                            |    pointer   |
|data_V_data_30_V_dout     |  in |   16|   ap_fifo  |                             data_V_data_30_V                            |    pointer   |
|data_V_data_30_V_empty_n  |  in |    1|   ap_fifo  |                             data_V_data_30_V                            |    pointer   |
|data_V_data_30_V_read     | out |    1|   ap_fifo  |                             data_V_data_30_V                            |    pointer   |
|data_V_data_31_V_dout     |  in |   16|   ap_fifo  |                             data_V_data_31_V                            |    pointer   |
|data_V_data_31_V_empty_n  |  in |    1|   ap_fifo  |                             data_V_data_31_V                            |    pointer   |
|data_V_data_31_V_read     | out |    1|   ap_fifo  |                             data_V_data_31_V                            |    pointer   |
|data_V_data_32_V_dout     |  in |   16|   ap_fifo  |                             data_V_data_32_V                            |    pointer   |
|data_V_data_32_V_empty_n  |  in |    1|   ap_fifo  |                             data_V_data_32_V                            |    pointer   |
|data_V_data_32_V_read     | out |    1|   ap_fifo  |                             data_V_data_32_V                            |    pointer   |
|data_V_data_33_V_dout     |  in |   16|   ap_fifo  |                             data_V_data_33_V                            |    pointer   |
|data_V_data_33_V_empty_n  |  in |    1|   ap_fifo  |                             data_V_data_33_V                            |    pointer   |
|data_V_data_33_V_read     | out |    1|   ap_fifo  |                             data_V_data_33_V                            |    pointer   |
|data_V_data_34_V_dout     |  in |   16|   ap_fifo  |                             data_V_data_34_V                            |    pointer   |
|data_V_data_34_V_empty_n  |  in |    1|   ap_fifo  |                             data_V_data_34_V                            |    pointer   |
|data_V_data_34_V_read     | out |    1|   ap_fifo  |                             data_V_data_34_V                            |    pointer   |
|data_V_data_35_V_dout     |  in |   16|   ap_fifo  |                             data_V_data_35_V                            |    pointer   |
|data_V_data_35_V_empty_n  |  in |    1|   ap_fifo  |                             data_V_data_35_V                            |    pointer   |
|data_V_data_35_V_read     | out |    1|   ap_fifo  |                             data_V_data_35_V                            |    pointer   |
|data_V_data_36_V_dout     |  in |   16|   ap_fifo  |                             data_V_data_36_V                            |    pointer   |
|data_V_data_36_V_empty_n  |  in |    1|   ap_fifo  |                             data_V_data_36_V                            |    pointer   |
|data_V_data_36_V_read     | out |    1|   ap_fifo  |                             data_V_data_36_V                            |    pointer   |
|data_V_data_37_V_dout     |  in |   16|   ap_fifo  |                             data_V_data_37_V                            |    pointer   |
|data_V_data_37_V_empty_n  |  in |    1|   ap_fifo  |                             data_V_data_37_V                            |    pointer   |
|data_V_data_37_V_read     | out |    1|   ap_fifo  |                             data_V_data_37_V                            |    pointer   |
|data_V_data_38_V_dout     |  in |   16|   ap_fifo  |                             data_V_data_38_V                            |    pointer   |
|data_V_data_38_V_empty_n  |  in |    1|   ap_fifo  |                             data_V_data_38_V                            |    pointer   |
|data_V_data_38_V_read     | out |    1|   ap_fifo  |                             data_V_data_38_V                            |    pointer   |
|data_V_data_39_V_dout     |  in |   16|   ap_fifo  |                             data_V_data_39_V                            |    pointer   |
|data_V_data_39_V_empty_n  |  in |    1|   ap_fifo  |                             data_V_data_39_V                            |    pointer   |
|data_V_data_39_V_read     | out |    1|   ap_fifo  |                             data_V_data_39_V                            |    pointer   |
|data_V_data_40_V_dout     |  in |   16|   ap_fifo  |                             data_V_data_40_V                            |    pointer   |
|data_V_data_40_V_empty_n  |  in |    1|   ap_fifo  |                             data_V_data_40_V                            |    pointer   |
|data_V_data_40_V_read     | out |    1|   ap_fifo  |                             data_V_data_40_V                            |    pointer   |
|data_V_data_41_V_dout     |  in |   16|   ap_fifo  |                             data_V_data_41_V                            |    pointer   |
|data_V_data_41_V_empty_n  |  in |    1|   ap_fifo  |                             data_V_data_41_V                            |    pointer   |
|data_V_data_41_V_read     | out |    1|   ap_fifo  |                             data_V_data_41_V                            |    pointer   |
|data_V_data_42_V_dout     |  in |   16|   ap_fifo  |                             data_V_data_42_V                            |    pointer   |
|data_V_data_42_V_empty_n  |  in |    1|   ap_fifo  |                             data_V_data_42_V                            |    pointer   |
|data_V_data_42_V_read     | out |    1|   ap_fifo  |                             data_V_data_42_V                            |    pointer   |
|data_V_data_43_V_dout     |  in |   16|   ap_fifo  |                             data_V_data_43_V                            |    pointer   |
|data_V_data_43_V_empty_n  |  in |    1|   ap_fifo  |                             data_V_data_43_V                            |    pointer   |
|data_V_data_43_V_read     | out |    1|   ap_fifo  |                             data_V_data_43_V                            |    pointer   |
|data_V_data_44_V_dout     |  in |   16|   ap_fifo  |                             data_V_data_44_V                            |    pointer   |
|data_V_data_44_V_empty_n  |  in |    1|   ap_fifo  |                             data_V_data_44_V                            |    pointer   |
|data_V_data_44_V_read     | out |    1|   ap_fifo  |                             data_V_data_44_V                            |    pointer   |
|data_V_data_45_V_dout     |  in |   16|   ap_fifo  |                             data_V_data_45_V                            |    pointer   |
|data_V_data_45_V_empty_n  |  in |    1|   ap_fifo  |                             data_V_data_45_V                            |    pointer   |
|data_V_data_45_V_read     | out |    1|   ap_fifo  |                             data_V_data_45_V                            |    pointer   |
|data_V_data_46_V_dout     |  in |   16|   ap_fifo  |                             data_V_data_46_V                            |    pointer   |
|data_V_data_46_V_empty_n  |  in |    1|   ap_fifo  |                             data_V_data_46_V                            |    pointer   |
|data_V_data_46_V_read     | out |    1|   ap_fifo  |                             data_V_data_46_V                            |    pointer   |
|data_V_data_47_V_dout     |  in |   16|   ap_fifo  |                             data_V_data_47_V                            |    pointer   |
|data_V_data_47_V_empty_n  |  in |    1|   ap_fifo  |                             data_V_data_47_V                            |    pointer   |
|data_V_data_47_V_read     | out |    1|   ap_fifo  |                             data_V_data_47_V                            |    pointer   |
|data_V_data_48_V_dout     |  in |   16|   ap_fifo  |                             data_V_data_48_V                            |    pointer   |
|data_V_data_48_V_empty_n  |  in |    1|   ap_fifo  |                             data_V_data_48_V                            |    pointer   |
|data_V_data_48_V_read     | out |    1|   ap_fifo  |                             data_V_data_48_V                            |    pointer   |
|data_V_data_49_V_dout     |  in |   16|   ap_fifo  |                             data_V_data_49_V                            |    pointer   |
|data_V_data_49_V_empty_n  |  in |    1|   ap_fifo  |                             data_V_data_49_V                            |    pointer   |
|data_V_data_49_V_read     | out |    1|   ap_fifo  |                             data_V_data_49_V                            |    pointer   |
|data_V_data_50_V_dout     |  in |   16|   ap_fifo  |                             data_V_data_50_V                            |    pointer   |
|data_V_data_50_V_empty_n  |  in |    1|   ap_fifo  |                             data_V_data_50_V                            |    pointer   |
|data_V_data_50_V_read     | out |    1|   ap_fifo  |                             data_V_data_50_V                            |    pointer   |
|data_V_data_51_V_dout     |  in |   16|   ap_fifo  |                             data_V_data_51_V                            |    pointer   |
|data_V_data_51_V_empty_n  |  in |    1|   ap_fifo  |                             data_V_data_51_V                            |    pointer   |
|data_V_data_51_V_read     | out |    1|   ap_fifo  |                             data_V_data_51_V                            |    pointer   |
|data_V_data_52_V_dout     |  in |   16|   ap_fifo  |                             data_V_data_52_V                            |    pointer   |
|data_V_data_52_V_empty_n  |  in |    1|   ap_fifo  |                             data_V_data_52_V                            |    pointer   |
|data_V_data_52_V_read     | out |    1|   ap_fifo  |                             data_V_data_52_V                            |    pointer   |
|data_V_data_53_V_dout     |  in |   16|   ap_fifo  |                             data_V_data_53_V                            |    pointer   |
|data_V_data_53_V_empty_n  |  in |    1|   ap_fifo  |                             data_V_data_53_V                            |    pointer   |
|data_V_data_53_V_read     | out |    1|   ap_fifo  |                             data_V_data_53_V                            |    pointer   |
|data_V_data_54_V_dout     |  in |   16|   ap_fifo  |                             data_V_data_54_V                            |    pointer   |
|data_V_data_54_V_empty_n  |  in |    1|   ap_fifo  |                             data_V_data_54_V                            |    pointer   |
|data_V_data_54_V_read     | out |    1|   ap_fifo  |                             data_V_data_54_V                            |    pointer   |
|data_V_data_55_V_dout     |  in |   16|   ap_fifo  |                             data_V_data_55_V                            |    pointer   |
|data_V_data_55_V_empty_n  |  in |    1|   ap_fifo  |                             data_V_data_55_V                            |    pointer   |
|data_V_data_55_V_read     | out |    1|   ap_fifo  |                             data_V_data_55_V                            |    pointer   |
|data_V_data_56_V_dout     |  in |   16|   ap_fifo  |                             data_V_data_56_V                            |    pointer   |
|data_V_data_56_V_empty_n  |  in |    1|   ap_fifo  |                             data_V_data_56_V                            |    pointer   |
|data_V_data_56_V_read     | out |    1|   ap_fifo  |                             data_V_data_56_V                            |    pointer   |
|data_V_data_57_V_dout     |  in |   16|   ap_fifo  |                             data_V_data_57_V                            |    pointer   |
|data_V_data_57_V_empty_n  |  in |    1|   ap_fifo  |                             data_V_data_57_V                            |    pointer   |
|data_V_data_57_V_read     | out |    1|   ap_fifo  |                             data_V_data_57_V                            |    pointer   |
|data_V_data_58_V_dout     |  in |   16|   ap_fifo  |                             data_V_data_58_V                            |    pointer   |
|data_V_data_58_V_empty_n  |  in |    1|   ap_fifo  |                             data_V_data_58_V                            |    pointer   |
|data_V_data_58_V_read     | out |    1|   ap_fifo  |                             data_V_data_58_V                            |    pointer   |
|data_V_data_59_V_dout     |  in |   16|   ap_fifo  |                             data_V_data_59_V                            |    pointer   |
|data_V_data_59_V_empty_n  |  in |    1|   ap_fifo  |                             data_V_data_59_V                            |    pointer   |
|data_V_data_59_V_read     | out |    1|   ap_fifo  |                             data_V_data_59_V                            |    pointer   |
|data_V_data_60_V_dout     |  in |   16|   ap_fifo  |                             data_V_data_60_V                            |    pointer   |
|data_V_data_60_V_empty_n  |  in |    1|   ap_fifo  |                             data_V_data_60_V                            |    pointer   |
|data_V_data_60_V_read     | out |    1|   ap_fifo  |                             data_V_data_60_V                            |    pointer   |
|data_V_data_61_V_dout     |  in |   16|   ap_fifo  |                             data_V_data_61_V                            |    pointer   |
|data_V_data_61_V_empty_n  |  in |    1|   ap_fifo  |                             data_V_data_61_V                            |    pointer   |
|data_V_data_61_V_read     | out |    1|   ap_fifo  |                             data_V_data_61_V                            |    pointer   |
|data_V_data_62_V_dout     |  in |   16|   ap_fifo  |                             data_V_data_62_V                            |    pointer   |
|data_V_data_62_V_empty_n  |  in |    1|   ap_fifo  |                             data_V_data_62_V                            |    pointer   |
|data_V_data_62_V_read     | out |    1|   ap_fifo  |                             data_V_data_62_V                            |    pointer   |
|data_V_data_63_V_dout     |  in |   16|   ap_fifo  |                             data_V_data_63_V                            |    pointer   |
|data_V_data_63_V_empty_n  |  in |    1|   ap_fifo  |                             data_V_data_63_V                            |    pointer   |
|data_V_data_63_V_read     | out |    1|   ap_fifo  |                             data_V_data_63_V                            |    pointer   |
|res_V_data_0_V_din        | out |   16|   ap_fifo  |                              res_V_data_0_V                             |    pointer   |
|res_V_data_0_V_full_n     |  in |    1|   ap_fifo  |                              res_V_data_0_V                             |    pointer   |
|res_V_data_0_V_write      | out |    1|   ap_fifo  |                              res_V_data_0_V                             |    pointer   |
|res_V_data_1_V_din        | out |   16|   ap_fifo  |                              res_V_data_1_V                             |    pointer   |
|res_V_data_1_V_full_n     |  in |    1|   ap_fifo  |                              res_V_data_1_V                             |    pointer   |
|res_V_data_1_V_write      | out |    1|   ap_fifo  |                              res_V_data_1_V                             |    pointer   |
|res_V_data_2_V_din        | out |   16|   ap_fifo  |                              res_V_data_2_V                             |    pointer   |
|res_V_data_2_V_full_n     |  in |    1|   ap_fifo  |                              res_V_data_2_V                             |    pointer   |
|res_V_data_2_V_write      | out |    1|   ap_fifo  |                              res_V_data_2_V                             |    pointer   |
|res_V_data_3_V_din        | out |   16|   ap_fifo  |                              res_V_data_3_V                             |    pointer   |
|res_V_data_3_V_full_n     |  in |    1|   ap_fifo  |                              res_V_data_3_V                             |    pointer   |
|res_V_data_3_V_write      | out |    1|   ap_fifo  |                              res_V_data_3_V                             |    pointer   |
|res_V_data_4_V_din        | out |   16|   ap_fifo  |                              res_V_data_4_V                             |    pointer   |
|res_V_data_4_V_full_n     |  in |    1|   ap_fifo  |                              res_V_data_4_V                             |    pointer   |
|res_V_data_4_V_write      | out |    1|   ap_fifo  |                              res_V_data_4_V                             |    pointer   |
|res_V_data_5_V_din        | out |   16|   ap_fifo  |                              res_V_data_5_V                             |    pointer   |
|res_V_data_5_V_full_n     |  in |    1|   ap_fifo  |                              res_V_data_5_V                             |    pointer   |
|res_V_data_5_V_write      | out |    1|   ap_fifo  |                              res_V_data_5_V                             |    pointer   |
|res_V_data_6_V_din        | out |   16|   ap_fifo  |                              res_V_data_6_V                             |    pointer   |
|res_V_data_6_V_full_n     |  in |    1|   ap_fifo  |                              res_V_data_6_V                             |    pointer   |
|res_V_data_6_V_write      | out |    1|   ap_fifo  |                              res_V_data_6_V                             |    pointer   |
|res_V_data_7_V_din        | out |   16|   ap_fifo  |                              res_V_data_7_V                             |    pointer   |
|res_V_data_7_V_full_n     |  in |    1|   ap_fifo  |                              res_V_data_7_V                             |    pointer   |
|res_V_data_7_V_write      | out |    1|   ap_fifo  |                              res_V_data_7_V                             |    pointer   |
|res_V_data_8_V_din        | out |   16|   ap_fifo  |                              res_V_data_8_V                             |    pointer   |
|res_V_data_8_V_full_n     |  in |    1|   ap_fifo  |                              res_V_data_8_V                             |    pointer   |
|res_V_data_8_V_write      | out |    1|   ap_fifo  |                              res_V_data_8_V                             |    pointer   |
|res_V_data_9_V_din        | out |   16|   ap_fifo  |                              res_V_data_9_V                             |    pointer   |
|res_V_data_9_V_full_n     |  in |    1|   ap_fifo  |                              res_V_data_9_V                             |    pointer   |
|res_V_data_9_V_write      | out |    1|   ap_fifo  |                              res_V_data_9_V                             |    pointer   |
|res_V_data_10_V_din       | out |   16|   ap_fifo  |                             res_V_data_10_V                             |    pointer   |
|res_V_data_10_V_full_n    |  in |    1|   ap_fifo  |                             res_V_data_10_V                             |    pointer   |
|res_V_data_10_V_write     | out |    1|   ap_fifo  |                             res_V_data_10_V                             |    pointer   |
|res_V_data_11_V_din       | out |   16|   ap_fifo  |                             res_V_data_11_V                             |    pointer   |
|res_V_data_11_V_full_n    |  in |    1|   ap_fifo  |                             res_V_data_11_V                             |    pointer   |
|res_V_data_11_V_write     | out |    1|   ap_fifo  |                             res_V_data_11_V                             |    pointer   |
|res_V_data_12_V_din       | out |   16|   ap_fifo  |                             res_V_data_12_V                             |    pointer   |
|res_V_data_12_V_full_n    |  in |    1|   ap_fifo  |                             res_V_data_12_V                             |    pointer   |
|res_V_data_12_V_write     | out |    1|   ap_fifo  |                             res_V_data_12_V                             |    pointer   |
|res_V_data_13_V_din       | out |   16|   ap_fifo  |                             res_V_data_13_V                             |    pointer   |
|res_V_data_13_V_full_n    |  in |    1|   ap_fifo  |                             res_V_data_13_V                             |    pointer   |
|res_V_data_13_V_write     | out |    1|   ap_fifo  |                             res_V_data_13_V                             |    pointer   |
|res_V_data_14_V_din       | out |   16|   ap_fifo  |                             res_V_data_14_V                             |    pointer   |
|res_V_data_14_V_full_n    |  in |    1|   ap_fifo  |                             res_V_data_14_V                             |    pointer   |
|res_V_data_14_V_write     | out |    1|   ap_fifo  |                             res_V_data_14_V                             |    pointer   |
|res_V_data_15_V_din       | out |   16|   ap_fifo  |                             res_V_data_15_V                             |    pointer   |
|res_V_data_15_V_full_n    |  in |    1|   ap_fifo  |                             res_V_data_15_V                             |    pointer   |
|res_V_data_15_V_write     | out |    1|   ap_fifo  |                             res_V_data_15_V                             |    pointer   |
|res_V_data_16_V_din       | out |   16|   ap_fifo  |                             res_V_data_16_V                             |    pointer   |
|res_V_data_16_V_full_n    |  in |    1|   ap_fifo  |                             res_V_data_16_V                             |    pointer   |
|res_V_data_16_V_write     | out |    1|   ap_fifo  |                             res_V_data_16_V                             |    pointer   |
|res_V_data_17_V_din       | out |   16|   ap_fifo  |                             res_V_data_17_V                             |    pointer   |
|res_V_data_17_V_full_n    |  in |    1|   ap_fifo  |                             res_V_data_17_V                             |    pointer   |
|res_V_data_17_V_write     | out |    1|   ap_fifo  |                             res_V_data_17_V                             |    pointer   |
|res_V_data_18_V_din       | out |   16|   ap_fifo  |                             res_V_data_18_V                             |    pointer   |
|res_V_data_18_V_full_n    |  in |    1|   ap_fifo  |                             res_V_data_18_V                             |    pointer   |
|res_V_data_18_V_write     | out |    1|   ap_fifo  |                             res_V_data_18_V                             |    pointer   |
|res_V_data_19_V_din       | out |   16|   ap_fifo  |                             res_V_data_19_V                             |    pointer   |
|res_V_data_19_V_full_n    |  in |    1|   ap_fifo  |                             res_V_data_19_V                             |    pointer   |
|res_V_data_19_V_write     | out |    1|   ap_fifo  |                             res_V_data_19_V                             |    pointer   |
|res_V_data_20_V_din       | out |   16|   ap_fifo  |                             res_V_data_20_V                             |    pointer   |
|res_V_data_20_V_full_n    |  in |    1|   ap_fifo  |                             res_V_data_20_V                             |    pointer   |
|res_V_data_20_V_write     | out |    1|   ap_fifo  |                             res_V_data_20_V                             |    pointer   |
|res_V_data_21_V_din       | out |   16|   ap_fifo  |                             res_V_data_21_V                             |    pointer   |
|res_V_data_21_V_full_n    |  in |    1|   ap_fifo  |                             res_V_data_21_V                             |    pointer   |
|res_V_data_21_V_write     | out |    1|   ap_fifo  |                             res_V_data_21_V                             |    pointer   |
|res_V_data_22_V_din       | out |   16|   ap_fifo  |                             res_V_data_22_V                             |    pointer   |
|res_V_data_22_V_full_n    |  in |    1|   ap_fifo  |                             res_V_data_22_V                             |    pointer   |
|res_V_data_22_V_write     | out |    1|   ap_fifo  |                             res_V_data_22_V                             |    pointer   |
|res_V_data_23_V_din       | out |   16|   ap_fifo  |                             res_V_data_23_V                             |    pointer   |
|res_V_data_23_V_full_n    |  in |    1|   ap_fifo  |                             res_V_data_23_V                             |    pointer   |
|res_V_data_23_V_write     | out |    1|   ap_fifo  |                             res_V_data_23_V                             |    pointer   |
|res_V_data_24_V_din       | out |   16|   ap_fifo  |                             res_V_data_24_V                             |    pointer   |
|res_V_data_24_V_full_n    |  in |    1|   ap_fifo  |                             res_V_data_24_V                             |    pointer   |
|res_V_data_24_V_write     | out |    1|   ap_fifo  |                             res_V_data_24_V                             |    pointer   |
|res_V_data_25_V_din       | out |   16|   ap_fifo  |                             res_V_data_25_V                             |    pointer   |
|res_V_data_25_V_full_n    |  in |    1|   ap_fifo  |                             res_V_data_25_V                             |    pointer   |
|res_V_data_25_V_write     | out |    1|   ap_fifo  |                             res_V_data_25_V                             |    pointer   |
|res_V_data_26_V_din       | out |   16|   ap_fifo  |                             res_V_data_26_V                             |    pointer   |
|res_V_data_26_V_full_n    |  in |    1|   ap_fifo  |                             res_V_data_26_V                             |    pointer   |
|res_V_data_26_V_write     | out |    1|   ap_fifo  |                             res_V_data_26_V                             |    pointer   |
|res_V_data_27_V_din       | out |   16|   ap_fifo  |                             res_V_data_27_V                             |    pointer   |
|res_V_data_27_V_full_n    |  in |    1|   ap_fifo  |                             res_V_data_27_V                             |    pointer   |
|res_V_data_27_V_write     | out |    1|   ap_fifo  |                             res_V_data_27_V                             |    pointer   |
|res_V_data_28_V_din       | out |   16|   ap_fifo  |                             res_V_data_28_V                             |    pointer   |
|res_V_data_28_V_full_n    |  in |    1|   ap_fifo  |                             res_V_data_28_V                             |    pointer   |
|res_V_data_28_V_write     | out |    1|   ap_fifo  |                             res_V_data_28_V                             |    pointer   |
|res_V_data_29_V_din       | out |   16|   ap_fifo  |                             res_V_data_29_V                             |    pointer   |
|res_V_data_29_V_full_n    |  in |    1|   ap_fifo  |                             res_V_data_29_V                             |    pointer   |
|res_V_data_29_V_write     | out |    1|   ap_fifo  |                             res_V_data_29_V                             |    pointer   |
|res_V_data_30_V_din       | out |   16|   ap_fifo  |                             res_V_data_30_V                             |    pointer   |
|res_V_data_30_V_full_n    |  in |    1|   ap_fifo  |                             res_V_data_30_V                             |    pointer   |
|res_V_data_30_V_write     | out |    1|   ap_fifo  |                             res_V_data_30_V                             |    pointer   |
|res_V_data_31_V_din       | out |   16|   ap_fifo  |                             res_V_data_31_V                             |    pointer   |
|res_V_data_31_V_full_n    |  in |    1|   ap_fifo  |                             res_V_data_31_V                             |    pointer   |
|res_V_data_31_V_write     | out |    1|   ap_fifo  |                             res_V_data_31_V                             |    pointer   |
|res_V_data_32_V_din       | out |   16|   ap_fifo  |                             res_V_data_32_V                             |    pointer   |
|res_V_data_32_V_full_n    |  in |    1|   ap_fifo  |                             res_V_data_32_V                             |    pointer   |
|res_V_data_32_V_write     | out |    1|   ap_fifo  |                             res_V_data_32_V                             |    pointer   |
|res_V_data_33_V_din       | out |   16|   ap_fifo  |                             res_V_data_33_V                             |    pointer   |
|res_V_data_33_V_full_n    |  in |    1|   ap_fifo  |                             res_V_data_33_V                             |    pointer   |
|res_V_data_33_V_write     | out |    1|   ap_fifo  |                             res_V_data_33_V                             |    pointer   |
|res_V_data_34_V_din       | out |   16|   ap_fifo  |                             res_V_data_34_V                             |    pointer   |
|res_V_data_34_V_full_n    |  in |    1|   ap_fifo  |                             res_V_data_34_V                             |    pointer   |
|res_V_data_34_V_write     | out |    1|   ap_fifo  |                             res_V_data_34_V                             |    pointer   |
|res_V_data_35_V_din       | out |   16|   ap_fifo  |                             res_V_data_35_V                             |    pointer   |
|res_V_data_35_V_full_n    |  in |    1|   ap_fifo  |                             res_V_data_35_V                             |    pointer   |
|res_V_data_35_V_write     | out |    1|   ap_fifo  |                             res_V_data_35_V                             |    pointer   |
|res_V_data_36_V_din       | out |   16|   ap_fifo  |                             res_V_data_36_V                             |    pointer   |
|res_V_data_36_V_full_n    |  in |    1|   ap_fifo  |                             res_V_data_36_V                             |    pointer   |
|res_V_data_36_V_write     | out |    1|   ap_fifo  |                             res_V_data_36_V                             |    pointer   |
|res_V_data_37_V_din       | out |   16|   ap_fifo  |                             res_V_data_37_V                             |    pointer   |
|res_V_data_37_V_full_n    |  in |    1|   ap_fifo  |                             res_V_data_37_V                             |    pointer   |
|res_V_data_37_V_write     | out |    1|   ap_fifo  |                             res_V_data_37_V                             |    pointer   |
|res_V_data_38_V_din       | out |   16|   ap_fifo  |                             res_V_data_38_V                             |    pointer   |
|res_V_data_38_V_full_n    |  in |    1|   ap_fifo  |                             res_V_data_38_V                             |    pointer   |
|res_V_data_38_V_write     | out |    1|   ap_fifo  |                             res_V_data_38_V                             |    pointer   |
|res_V_data_39_V_din       | out |   16|   ap_fifo  |                             res_V_data_39_V                             |    pointer   |
|res_V_data_39_V_full_n    |  in |    1|   ap_fifo  |                             res_V_data_39_V                             |    pointer   |
|res_V_data_39_V_write     | out |    1|   ap_fifo  |                             res_V_data_39_V                             |    pointer   |
|res_V_data_40_V_din       | out |   16|   ap_fifo  |                             res_V_data_40_V                             |    pointer   |
|res_V_data_40_V_full_n    |  in |    1|   ap_fifo  |                             res_V_data_40_V                             |    pointer   |
|res_V_data_40_V_write     | out |    1|   ap_fifo  |                             res_V_data_40_V                             |    pointer   |
|res_V_data_41_V_din       | out |   16|   ap_fifo  |                             res_V_data_41_V                             |    pointer   |
|res_V_data_41_V_full_n    |  in |    1|   ap_fifo  |                             res_V_data_41_V                             |    pointer   |
|res_V_data_41_V_write     | out |    1|   ap_fifo  |                             res_V_data_41_V                             |    pointer   |
|res_V_data_42_V_din       | out |   16|   ap_fifo  |                             res_V_data_42_V                             |    pointer   |
|res_V_data_42_V_full_n    |  in |    1|   ap_fifo  |                             res_V_data_42_V                             |    pointer   |
|res_V_data_42_V_write     | out |    1|   ap_fifo  |                             res_V_data_42_V                             |    pointer   |
|res_V_data_43_V_din       | out |   16|   ap_fifo  |                             res_V_data_43_V                             |    pointer   |
|res_V_data_43_V_full_n    |  in |    1|   ap_fifo  |                             res_V_data_43_V                             |    pointer   |
|res_V_data_43_V_write     | out |    1|   ap_fifo  |                             res_V_data_43_V                             |    pointer   |
|res_V_data_44_V_din       | out |   16|   ap_fifo  |                             res_V_data_44_V                             |    pointer   |
|res_V_data_44_V_full_n    |  in |    1|   ap_fifo  |                             res_V_data_44_V                             |    pointer   |
|res_V_data_44_V_write     | out |    1|   ap_fifo  |                             res_V_data_44_V                             |    pointer   |
|res_V_data_45_V_din       | out |   16|   ap_fifo  |                             res_V_data_45_V                             |    pointer   |
|res_V_data_45_V_full_n    |  in |    1|   ap_fifo  |                             res_V_data_45_V                             |    pointer   |
|res_V_data_45_V_write     | out |    1|   ap_fifo  |                             res_V_data_45_V                             |    pointer   |
|res_V_data_46_V_din       | out |   16|   ap_fifo  |                             res_V_data_46_V                             |    pointer   |
|res_V_data_46_V_full_n    |  in |    1|   ap_fifo  |                             res_V_data_46_V                             |    pointer   |
|res_V_data_46_V_write     | out |    1|   ap_fifo  |                             res_V_data_46_V                             |    pointer   |
|res_V_data_47_V_din       | out |   16|   ap_fifo  |                             res_V_data_47_V                             |    pointer   |
|res_V_data_47_V_full_n    |  in |    1|   ap_fifo  |                             res_V_data_47_V                             |    pointer   |
|res_V_data_47_V_write     | out |    1|   ap_fifo  |                             res_V_data_47_V                             |    pointer   |
|res_V_data_48_V_din       | out |   16|   ap_fifo  |                             res_V_data_48_V                             |    pointer   |
|res_V_data_48_V_full_n    |  in |    1|   ap_fifo  |                             res_V_data_48_V                             |    pointer   |
|res_V_data_48_V_write     | out |    1|   ap_fifo  |                             res_V_data_48_V                             |    pointer   |
|res_V_data_49_V_din       | out |   16|   ap_fifo  |                             res_V_data_49_V                             |    pointer   |
|res_V_data_49_V_full_n    |  in |    1|   ap_fifo  |                             res_V_data_49_V                             |    pointer   |
|res_V_data_49_V_write     | out |    1|   ap_fifo  |                             res_V_data_49_V                             |    pointer   |
|res_V_data_50_V_din       | out |   16|   ap_fifo  |                             res_V_data_50_V                             |    pointer   |
|res_V_data_50_V_full_n    |  in |    1|   ap_fifo  |                             res_V_data_50_V                             |    pointer   |
|res_V_data_50_V_write     | out |    1|   ap_fifo  |                             res_V_data_50_V                             |    pointer   |
|res_V_data_51_V_din       | out |   16|   ap_fifo  |                             res_V_data_51_V                             |    pointer   |
|res_V_data_51_V_full_n    |  in |    1|   ap_fifo  |                             res_V_data_51_V                             |    pointer   |
|res_V_data_51_V_write     | out |    1|   ap_fifo  |                             res_V_data_51_V                             |    pointer   |
|res_V_data_52_V_din       | out |   16|   ap_fifo  |                             res_V_data_52_V                             |    pointer   |
|res_V_data_52_V_full_n    |  in |    1|   ap_fifo  |                             res_V_data_52_V                             |    pointer   |
|res_V_data_52_V_write     | out |    1|   ap_fifo  |                             res_V_data_52_V                             |    pointer   |
|res_V_data_53_V_din       | out |   16|   ap_fifo  |                             res_V_data_53_V                             |    pointer   |
|res_V_data_53_V_full_n    |  in |    1|   ap_fifo  |                             res_V_data_53_V                             |    pointer   |
|res_V_data_53_V_write     | out |    1|   ap_fifo  |                             res_V_data_53_V                             |    pointer   |
|res_V_data_54_V_din       | out |   16|   ap_fifo  |                             res_V_data_54_V                             |    pointer   |
|res_V_data_54_V_full_n    |  in |    1|   ap_fifo  |                             res_V_data_54_V                             |    pointer   |
|res_V_data_54_V_write     | out |    1|   ap_fifo  |                             res_V_data_54_V                             |    pointer   |
|res_V_data_55_V_din       | out |   16|   ap_fifo  |                             res_V_data_55_V                             |    pointer   |
|res_V_data_55_V_full_n    |  in |    1|   ap_fifo  |                             res_V_data_55_V                             |    pointer   |
|res_V_data_55_V_write     | out |    1|   ap_fifo  |                             res_V_data_55_V                             |    pointer   |
|res_V_data_56_V_din       | out |   16|   ap_fifo  |                             res_V_data_56_V                             |    pointer   |
|res_V_data_56_V_full_n    |  in |    1|   ap_fifo  |                             res_V_data_56_V                             |    pointer   |
|res_V_data_56_V_write     | out |    1|   ap_fifo  |                             res_V_data_56_V                             |    pointer   |
|res_V_data_57_V_din       | out |   16|   ap_fifo  |                             res_V_data_57_V                             |    pointer   |
|res_V_data_57_V_full_n    |  in |    1|   ap_fifo  |                             res_V_data_57_V                             |    pointer   |
|res_V_data_57_V_write     | out |    1|   ap_fifo  |                             res_V_data_57_V                             |    pointer   |
|res_V_data_58_V_din       | out |   16|   ap_fifo  |                             res_V_data_58_V                             |    pointer   |
|res_V_data_58_V_full_n    |  in |    1|   ap_fifo  |                             res_V_data_58_V                             |    pointer   |
|res_V_data_58_V_write     | out |    1|   ap_fifo  |                             res_V_data_58_V                             |    pointer   |
|res_V_data_59_V_din       | out |   16|   ap_fifo  |                             res_V_data_59_V                             |    pointer   |
|res_V_data_59_V_full_n    |  in |    1|   ap_fifo  |                             res_V_data_59_V                             |    pointer   |
|res_V_data_59_V_write     | out |    1|   ap_fifo  |                             res_V_data_59_V                             |    pointer   |
|res_V_data_60_V_din       | out |   16|   ap_fifo  |                             res_V_data_60_V                             |    pointer   |
|res_V_data_60_V_full_n    |  in |    1|   ap_fifo  |                             res_V_data_60_V                             |    pointer   |
|res_V_data_60_V_write     | out |    1|   ap_fifo  |                             res_V_data_60_V                             |    pointer   |
|res_V_data_61_V_din       | out |   16|   ap_fifo  |                             res_V_data_61_V                             |    pointer   |
|res_V_data_61_V_full_n    |  in |    1|   ap_fifo  |                             res_V_data_61_V                             |    pointer   |
|res_V_data_61_V_write     | out |    1|   ap_fifo  |                             res_V_data_61_V                             |    pointer   |
|res_V_data_62_V_din       | out |   16|   ap_fifo  |                             res_V_data_62_V                             |    pointer   |
|res_V_data_62_V_full_n    |  in |    1|   ap_fifo  |                             res_V_data_62_V                             |    pointer   |
|res_V_data_62_V_write     | out |    1|   ap_fifo  |                             res_V_data_62_V                             |    pointer   |
|res_V_data_63_V_din       | out |   16|   ap_fifo  |                             res_V_data_63_V                             |    pointer   |
|res_V_data_63_V_full_n    |  in |    1|   ap_fifo  |                             res_V_data_63_V                             |    pointer   |
|res_V_data_63_V_write     | out |    1|   ap_fifo  |                             res_V_data_63_V                             |    pointer   |
+--------------------------+-----+-----+------------+-------------------------------------------------------------------------+--------------+

