

================================================================
== Vivado HLS Report for 'normalize_array_ap_fixed_42u_array_ap_fixed_16_6_5_3_0_42u_config17_s'
================================================================
* Date:           Thu Apr  4 20:05:05 2024

* Version:        2019.2 (Build 2704478 on Wed Nov 06 22:10:23 MST 2019)
* Project:        myproject_prj
* Solution:       solution1
* Product family: zynquplus
* Target device:  xczu5ev-sfvc784-2LV-e


================================================================
== Performance Estimates
================================================================
+ Timing: 
    * Summary: 
    +--------+---------+----------+------------+
    |  Clock |  Target | Estimated| Uncertainty|
    +--------+---------+----------+------------+
    |ap_clk  | 5.00 ns | 4.218 ns |   0.62 ns  |
    +--------+---------+----------+------------+

+ Latency: 
    * Summary: 
    +---------+---------+----------+----------+-----+-----+----------+
    |  Latency (cycles) |  Latency (absolute) |  Interval | Pipeline |
    |   min   |   max   |    min   |    max   | min | max |   Type   |
    +---------+---------+----------+----------+-----+-----+----------+
    |       42|       42| 0.210 us | 0.210 us |   42|   42| function |
    +---------+---------+----------+----------+-----+-----+----------+

    + Detail: 
        * Instance: 
        N/A

        * Loop: 
        N/A



================================================================
== Utilization Estimates
================================================================
* Summary: 
+-----------------+---------+-------+--------+--------+-----+
|       Name      | BRAM_18K| DSP48E|   FF   |   LUT  | URAM|
+-----------------+---------+-------+--------+--------+-----+
|DSP              |        -|      -|       -|       -|    -|
|Expression       |        -|      1|       0|    1401|    -|
|FIFO             |        -|      -|       -|       -|    -|
|Instance         |        -|      -|       -|       -|    -|
|Memory           |        -|      -|       -|       -|    -|
|Multiplexer      |        -|      -|       -|    1359|    -|
|Register         |        -|      -|    1400|       -|    -|
+-----------------+---------+-------+--------+--------+-----+
|Total            |        0|      1|    1400|    2760|    0|
+-----------------+---------+-------+--------+--------+-----+
|Available        |      288|   1248|  234240|  117120|   64|
+-----------------+---------+-------+--------+--------+-----+
|Utilization (%)  |        0|   ~0  |   ~0   |       2|    0|
+-----------------+---------+-------+--------+--------+-----+

+ Detail: 
    * Instance: 
    N/A

    * DSP48E: 
    N/A

    * Memory: 
    N/A

    * FIFO: 
    N/A

    * Expression: 
    +----------------------------------+----------+-------+---+----+------------+------------+
    |           Variable Name          | Operation| DSP48E| FF| LUT| Bitwidth P0| Bitwidth P1|
    +----------------------------------+----------+-------+---+----+------------+------------+
    |grp_fu_1602_p2                    |     *    |      1|  0|   5|          16|          13|
    |add_ln1192_100_fu_2734_p2         |     +    |      0|  0|  33|          26|          18|
    |add_ln1192_101_fu_2754_p2         |     +    |      0|  0|  33|          26|          17|
    |add_ln1192_102_fu_2774_p2         |     +    |      0|  0|  33|          26|          15|
    |add_ln1192_103_fu_2794_p2         |     +    |      0|  0|  33|          26|          20|
    |add_ln1192_104_fu_2814_p2         |     +    |      0|  0|  33|          26|          20|
    |add_ln1192_64_fu_2014_p2          |     +    |      0|  0|  33|          26|          20|
    |add_ln1192_65_fu_2034_p2          |     +    |      0|  0|  33|          26|          19|
    |add_ln1192_66_fu_2054_p2          |     +    |      0|  0|  33|          26|          20|
    |add_ln1192_67_fu_2074_p2          |     +    |      0|  0|  33|          26|          17|
    |add_ln1192_68_fu_2094_p2          |     +    |      0|  0|  33|          26|          20|
    |add_ln1192_69_fu_2114_p2          |     +    |      0|  0|  33|          26|          20|
    |add_ln1192_70_fu_2134_p2          |     +    |      0|  0|  33|          26|          21|
    |add_ln1192_71_fu_2154_p2          |     +    |      0|  0|  33|          26|          18|
    |add_ln1192_72_fu_2174_p2          |     +    |      0|  0|  33|          26|          22|
    |add_ln1192_73_fu_2194_p2          |     +    |      0|  0|  33|          26|          20|
    |add_ln1192_74_fu_2214_p2          |     +    |      0|  0|  33|          26|          20|
    |add_ln1192_75_fu_2234_p2          |     +    |      0|  0|  33|          26|          20|
    |add_ln1192_76_fu_2254_p2          |     +    |      0|  0|  33|          26|          18|
    |add_ln1192_77_fu_2274_p2          |     +    |      0|  0|  33|          26|          17|
    |add_ln1192_78_fu_2294_p2          |     +    |      0|  0|  33|          26|          12|
    |add_ln1192_79_fu_2314_p2          |     +    |      0|  0|  33|          26|          17|
    |add_ln1192_80_fu_2334_p2          |     +    |      0|  0|  33|          26|          19|
    |add_ln1192_81_fu_2354_p2          |     +    |      0|  0|  33|          26|          19|
    |add_ln1192_82_fu_2374_p2          |     +    |      0|  0|  33|          26|          19|
    |add_ln1192_83_fu_2394_p2          |     +    |      0|  0|  33|          26|          19|
    |add_ln1192_84_fu_2414_p2          |     +    |      0|  0|  33|          26|          19|
    |add_ln1192_85_fu_2434_p2          |     +    |      0|  0|  33|          26|          18|
    |add_ln1192_86_fu_2454_p2          |     +    |      0|  0|  33|          26|          15|
    |add_ln1192_87_fu_2474_p2          |     +    |      0|  0|  33|          26|          20|
    |add_ln1192_88_fu_2494_p2          |     +    |      0|  0|  33|          26|          19|
    |add_ln1192_89_fu_2514_p2          |     +    |      0|  0|  33|          26|          20|
    |add_ln1192_90_fu_2534_p2          |     +    |      0|  0|  33|          26|          13|
    |add_ln1192_91_fu_2554_p2          |     +    |      0|  0|  33|          26|          18|
    |add_ln1192_92_fu_2574_p2          |     +    |      0|  0|  33|          26|          22|
    |add_ln1192_93_fu_2594_p2          |     +    |      0|  0|  33|          26|          17|
    |add_ln1192_94_fu_2614_p2          |     +    |      0|  0|  33|          26|          20|
    |add_ln1192_95_fu_2634_p2          |     +    |      0|  0|  33|          26|          20|
    |add_ln1192_96_fu_2654_p2          |     +    |      0|  0|  33|          26|          19|
    |add_ln1192_97_fu_2674_p2          |     +    |      0|  0|  33|          26|          17|
    |add_ln1192_98_fu_2694_p2          |     +    |      0|  0|  33|          26|          19|
    |add_ln1192_99_fu_2714_p2          |     +    |      0|  0|  33|          26|          20|
    |add_ln1192_fu_1994_p2             |     +    |      0|  0|  33|          26|          19|
    |io_acc_block_signal_op343         |    and   |      0|  0|   2|           1|           1|
    |io_acc_block_signal_op44          |    and   |      0|  0|   2|           1|           1|
    |ap_block_pp0_stage0_01001         |    or    |      0|  0|   2|           1|           1|
    |ap_block_state1_pp0_stage0_iter0  |    or    |      0|  0|   2|           1|           1|
    |ap_enable_pp0                     |    xor   |      0|  0|   2|           1|           2|
    +----------------------------------+----------+-------+---+----+------------+------------+
    |Total                             |          |      1|  0|1401|        1113|         801|
    +----------------------------------+----------+-------+---+----+------------+------------+

    * Multiplexer: 
    +-------------------------+-----+-----------+-----+-----------+
    |           Name          | LUT | Input Size| Bits| Total Bits|
    +-------------------------+-----+-----------+-----+-----------+
    |ap_NS_fsm                |  189|         43|    1|         43|
    |ap_done                  |    9|          2|    1|          2|
    |ap_enable_reg_pp0_iter0  |    9|          2|    1|          2|
    |ap_enable_reg_pp0_iter1  |    9|          2|    1|          2|
    |data_V_data_0_V_blk_n    |    9|          2|    1|          2|
    |data_V_data_10_V_blk_n   |    9|          2|    1|          2|
    |data_V_data_11_V_blk_n   |    9|          2|    1|          2|
    |data_V_data_12_V_blk_n   |    9|          2|    1|          2|
    |data_V_data_13_V_blk_n   |    9|          2|    1|          2|
    |data_V_data_14_V_blk_n   |    9|          2|    1|          2|
    |data_V_data_15_V_blk_n   |    9|          2|    1|          2|
    |data_V_data_16_V_blk_n   |    9|          2|    1|          2|
    |data_V_data_17_V_blk_n   |    9|          2|    1|          2|
    |data_V_data_18_V_blk_n   |    9|          2|    1|          2|
    |data_V_data_19_V_blk_n   |    9|          2|    1|          2|
    |data_V_data_1_V_blk_n    |    9|          2|    1|          2|
    |data_V_data_20_V_blk_n   |    9|          2|    1|          2|
    |data_V_data_21_V_blk_n   |    9|          2|    1|          2|
    |data_V_data_22_V_blk_n   |    9|          2|    1|          2|
    |data_V_data_23_V_blk_n   |    9|          2|    1|          2|
    |data_V_data_24_V_blk_n   |    9|          2|    1|          2|
    |data_V_data_25_V_blk_n   |    9|          2|    1|          2|
    |data_V_data_26_V_blk_n   |    9|          2|    1|          2|
    |data_V_data_27_V_blk_n   |    9|          2|    1|          2|
    |data_V_data_28_V_blk_n   |    9|          2|    1|          2|
    |data_V_data_29_V_blk_n   |    9|          2|    1|          2|
    |data_V_data_2_V_blk_n    |    9|          2|    1|          2|
    |data_V_data_30_V_blk_n   |    9|          2|    1|          2|
    |data_V_data_31_V_blk_n   |    9|          2|    1|          2|
    |data_V_data_32_V_blk_n   |    9|          2|    1|          2|
    |data_V_data_33_V_blk_n   |    9|          2|    1|          2|
    |data_V_data_34_V_blk_n   |    9|          2|    1|          2|
    |data_V_data_35_V_blk_n   |    9|          2|    1|          2|
    |data_V_data_36_V_blk_n   |    9|          2|    1|          2|
    |data_V_data_37_V_blk_n   |    9|          2|    1|          2|
    |data_V_data_38_V_blk_n   |    9|          2|    1|          2|
    |data_V_data_39_V_blk_n   |    9|          2|    1|          2|
    |data_V_data_3_V_blk_n    |    9|          2|    1|          2|
    |data_V_data_40_V_blk_n   |    9|          2|    1|          2|
    |data_V_data_41_V_blk_n   |    9|          2|    1|          2|
    |data_V_data_4_V_blk_n    |    9|          2|    1|          2|
    |data_V_data_5_V_blk_n    |    9|          2|    1|          2|
    |data_V_data_6_V_blk_n    |    9|          2|    1|          2|
    |data_V_data_7_V_blk_n    |    9|          2|    1|          2|
    |data_V_data_8_V_blk_n    |    9|          2|    1|          2|
    |data_V_data_9_V_blk_n    |    9|          2|    1|          2|
    |grp_fu_1602_p0           |  189|         43|   16|        688|
    |grp_fu_1602_p1           |  189|         43|   13|        559|
    |real_start               |    9|          2|    1|          2|
    |res_V_data_0_V_blk_n     |    9|          2|    1|          2|
    |res_V_data_10_V_blk_n    |    9|          2|    1|          2|
    |res_V_data_11_V_blk_n    |    9|          2|    1|          2|
    |res_V_data_12_V_blk_n    |    9|          2|    1|          2|
    |res_V_data_13_V_blk_n    |    9|          2|    1|          2|
    |res_V_data_14_V_blk_n    |    9|          2|    1|          2|
    |res_V_data_15_V_blk_n    |    9|          2|    1|          2|
    |res_V_data_16_V_blk_n    |    9|          2|    1|          2|
    |res_V_data_17_V_blk_n    |    9|          2|    1|          2|
    |res_V_data_18_V_blk_n    |    9|          2|    1|          2|
    |res_V_data_19_V_blk_n    |    9|          2|    1|          2|
    |res_V_data_1_V_blk_n     |    9|          2|    1|          2|
    |res_V_data_20_V_blk_n    |    9|          2|    1|          2|
    |res_V_data_21_V_blk_n    |    9|          2|    1|          2|
    |res_V_data_22_V_blk_n    |    9|          2|    1|          2|
    |res_V_data_23_V_blk_n    |    9|          2|    1|          2|
    |res_V_data_24_V_blk_n    |    9|          2|    1|          2|
    |res_V_data_25_V_blk_n    |    9|          2|    1|          2|
    |res_V_data_26_V_blk_n    |    9|          2|    1|          2|
    |res_V_data_27_V_blk_n    |    9|          2|    1|          2|
    |res_V_data_28_V_blk_n    |    9|          2|    1|          2|
    |res_V_data_29_V_blk_n    |    9|          2|    1|          2|
    |res_V_data_2_V_blk_n     |    9|          2|    1|          2|
    |res_V_data_30_V_blk_n    |    9|          2|    1|          2|
    |res_V_data_31_V_blk_n    |    9|          2|    1|          2|
    |res_V_data_32_V_blk_n    |    9|          2|    1|          2|
    |res_V_data_33_V_blk_n    |    9|          2|    1|          2|
    |res_V_data_34_V_blk_n    |    9|          2|    1|          2|
    |res_V_data_35_V_blk_n    |    9|          2|    1|          2|
    |res_V_data_36_V_blk_n    |    9|          2|    1|          2|
    |res_V_data_37_V_blk_n    |    9|          2|    1|          2|
    |res_V_data_38_V_blk_n    |    9|          2|    1|          2|
    |res_V_data_39_V_blk_n    |    9|          2|    1|          2|
    |res_V_data_3_V_blk_n     |    9|          2|    1|          2|
    |res_V_data_40_V_blk_n    |    9|          2|    1|          2|
    |res_V_data_41_V_blk_n    |    9|          2|    1|          2|
    |res_V_data_4_V_blk_n     |    9|          2|    1|          2|
    |res_V_data_5_V_blk_n     |    9|          2|    1|          2|
    |res_V_data_6_V_blk_n     |    9|          2|    1|          2|
    |res_V_data_7_V_blk_n     |    9|          2|    1|          2|
    |res_V_data_8_V_blk_n     |    9|          2|    1|          2|
    |res_V_data_9_V_blk_n     |    9|          2|    1|          2|
    +-------------------------+-----+-----------+-----+-----------+
    |Total                    | 1359|        305|  118|       1466|
    +-------------------------+-----+-----------+-----+-----------+

    * Register: 
    +-----------------------------+----+----+-----+-----------+
    |             Name            | FF | LUT| Bits| Const Bits|
    +-----------------------------+----+----+-----+-----------+
    |ap_CS_fsm                    |  42|   0|   42|          0|
    |ap_done_reg                  |   1|   0|    1|          0|
    |ap_enable_reg_pp0_iter0_reg  |   1|   0|    1|          0|
    |ap_enable_reg_pp0_iter1      |   1|   0|    1|          0|
    |mul_ln1192_reg_1611          |  26|   0|   26|          0|
    |start_once_reg               |   1|   0|    1|          0|
    |tmp_data_0_V_reg_3035        |  16|   0|   16|          0|
    |tmp_data_10_V_reg_3085       |  16|   0|   16|          0|
    |tmp_data_11_V_reg_3090       |  16|   0|   16|          0|
    |tmp_data_12_V_reg_3095       |  16|   0|   16|          0|
    |tmp_data_13_V_reg_3100       |  16|   0|   16|          0|
    |tmp_data_14_V_reg_3105       |  16|   0|   16|          0|
    |tmp_data_15_V_reg_3110       |  16|   0|   16|          0|
    |tmp_data_16_V_reg_3115       |  16|   0|   16|          0|
    |tmp_data_17_V_reg_3120       |  16|   0|   16|          0|
    |tmp_data_18_V_reg_3125       |  16|   0|   16|          0|
    |tmp_data_19_V_reg_3130       |  16|   0|   16|          0|
    |tmp_data_1_V_reg_3040        |  16|   0|   16|          0|
    |tmp_data_20_V_reg_3135       |  16|   0|   16|          0|
    |tmp_data_21_V_reg_3140       |  16|   0|   16|          0|
    |tmp_data_22_V_reg_3145       |  16|   0|   16|          0|
    |tmp_data_23_V_reg_3150       |  16|   0|   16|          0|
    |tmp_data_24_V_reg_3155       |  16|   0|   16|          0|
    |tmp_data_25_V_reg_3160       |  16|   0|   16|          0|
    |tmp_data_26_V_reg_3165       |  16|   0|   16|          0|
    |tmp_data_27_V_reg_3170       |  16|   0|   16|          0|
    |tmp_data_28_V_reg_3175       |  16|   0|   16|          0|
    |tmp_data_29_V_reg_3180       |  16|   0|   16|          0|
    |tmp_data_2_V_reg_3045        |  16|   0|   16|          0|
    |tmp_data_30_V_reg_3185       |  16|   0|   16|          0|
    |tmp_data_31_V_reg_3190       |  16|   0|   16|          0|
    |tmp_data_32_V_reg_3195       |  16|   0|   16|          0|
    |tmp_data_33_V_reg_3200       |  16|   0|   16|          0|
    |tmp_data_34_V_reg_3205       |  16|   0|   16|          0|
    |tmp_data_35_V_reg_3210       |  16|   0|   16|          0|
    |tmp_data_36_V_reg_3215       |  16|   0|   16|          0|
    |tmp_data_37_V_reg_3220       |  16|   0|   16|          0|
    |tmp_data_38_V_reg_3225       |  16|   0|   16|          0|
    |tmp_data_39_V_reg_3230       |  16|   0|   16|          0|
    |tmp_data_3_V_reg_3050        |  16|   0|   16|          0|
    |tmp_data_40_V_reg_3235       |  16|   0|   16|          0|
    |tmp_data_41_V_reg_3240       |  16|   0|   16|          0|
    |tmp_data_4_V_reg_3055        |  16|   0|   16|          0|
    |tmp_data_5_V_reg_3060        |  16|   0|   16|          0|
    |tmp_data_6_V_reg_3065        |  16|   0|   16|          0|
    |tmp_data_7_V_reg_3070        |  16|   0|   16|          0|
    |tmp_data_8_V_reg_3075        |  16|   0|   16|          0|
    |tmp_data_9_V_reg_3080        |  16|   0|   16|          0|
    |tmp_data_V_10_reg_2875       |  16|   0|   16|          0|
    |tmp_data_V_1148_reg_2880     |  16|   0|   16|          0|
    |tmp_data_V_12_reg_2885       |  16|   0|   16|          0|
    |tmp_data_V_13_reg_2890       |  16|   0|   16|          0|
    |tmp_data_V_14_reg_2895       |  16|   0|   16|          0|
    |tmp_data_V_15_reg_2900       |  16|   0|   16|          0|
    |tmp_data_V_16_reg_2905       |  16|   0|   16|          0|
    |tmp_data_V_17_reg_2910       |  16|   0|   16|          0|
    |tmp_data_V_18_reg_2915       |  16|   0|   16|          0|
    |tmp_data_V_19_reg_2920       |  16|   0|   16|          0|
    |tmp_data_V_1_reg_2830        |  16|   0|   16|          0|
    |tmp_data_V_20_reg_2925       |  16|   0|   16|          0|
    |tmp_data_V_21_reg_2930       |  16|   0|   16|          0|
    |tmp_data_V_22_reg_2935       |  16|   0|   16|          0|
    |tmp_data_V_23_reg_2940       |  16|   0|   16|          0|
    |tmp_data_V_24_reg_2945       |  16|   0|   16|          0|
    |tmp_data_V_25_reg_2950       |  16|   0|   16|          0|
    |tmp_data_V_26_reg_2955       |  16|   0|   16|          0|
    |tmp_data_V_27_reg_2960       |  16|   0|   16|          0|
    |tmp_data_V_28_reg_2965       |  16|   0|   16|          0|
    |tmp_data_V_29_reg_2970       |  16|   0|   16|          0|
    |tmp_data_V_2_reg_2835        |  16|   0|   16|          0|
    |tmp_data_V_30_reg_2975       |  16|   0|   16|          0|
    |tmp_data_V_31_reg_2980       |  16|   0|   16|          0|
    |tmp_data_V_32_reg_2985       |  16|   0|   16|          0|
    |tmp_data_V_33_reg_2990       |  16|   0|   16|          0|
    |tmp_data_V_34_reg_2995       |  16|   0|   16|          0|
    |tmp_data_V_35_reg_3000       |  16|   0|   16|          0|
    |tmp_data_V_36_reg_3005       |  16|   0|   16|          0|
    |tmp_data_V_37_reg_3010       |  16|   0|   16|          0|
    |tmp_data_V_38_reg_3015       |  16|   0|   16|          0|
    |tmp_data_V_39_reg_3020       |  16|   0|   16|          0|
    |tmp_data_V_3_reg_2840        |  16|   0|   16|          0|
    |tmp_data_V_40_reg_3025       |  16|   0|   16|          0|
    |tmp_data_V_41_reg_3030       |  16|   0|   16|          0|
    |tmp_data_V_4_reg_2845        |  16|   0|   16|          0|
    |tmp_data_V_5_reg_2850        |  16|   0|   16|          0|
    |tmp_data_V_6_reg_2855        |  16|   0|   16|          0|
    |tmp_data_V_7_reg_2860        |  16|   0|   16|          0|
    |tmp_data_V_8_reg_2865        |  16|   0|   16|          0|
    |tmp_data_V_9_reg_2870        |  16|   0|   16|          0|
    +-----------------------------+----+----+-----+-----------+
    |Total                        |1400|   0| 1400|          0|
    +-----------------------------+----+----+-----+-----------+



================================================================
== Interface
================================================================
* Summary: 
+--------------------------+-----+-----+------------+-------------------------------------------------------------------------+--------------+
|         RTL Ports        | Dir | Bits|  Protocol  |                              Source Object                              |    C Type    |
+--------------------------+-----+-----+------------+-------------------------------------------------------------------------+--------------+
|ap_clk                    |  in |    1| ap_ctrl_hs | normalize<array<ap_fixed,42u>,array<ap_fixed<16,6,5,3,0>,42u>,config17> | return value |
|ap_rst                    |  in |    1| ap_ctrl_hs | normalize<array<ap_fixed,42u>,array<ap_fixed<16,6,5,3,0>,42u>,config17> | return value |
|ap_start                  |  in |    1| ap_ctrl_hs | normalize<array<ap_fixed,42u>,array<ap_fixed<16,6,5,3,0>,42u>,config17> | return value |
|start_full_n              |  in |    1| ap_ctrl_hs | normalize<array<ap_fixed,42u>,array<ap_fixed<16,6,5,3,0>,42u>,config17> | return value |
|ap_done                   | out |    1| ap_ctrl_hs | normalize<array<ap_fixed,42u>,array<ap_fixed<16,6,5,3,0>,42u>,config17> | return value |
|ap_continue               |  in |    1| ap_ctrl_hs | normalize<array<ap_fixed,42u>,array<ap_fixed<16,6,5,3,0>,42u>,config17> | return value |
|ap_idle                   | out |    1| ap_ctrl_hs | normalize<array<ap_fixed,42u>,array<ap_fixed<16,6,5,3,0>,42u>,config17> | return value |
|ap_ready                  | out |    1| ap_ctrl_hs | normalize<array<ap_fixed,42u>,array<ap_fixed<16,6,5,3,0>,42u>,config17> | return value |
|start_out                 | out |    1| ap_ctrl_hs | normalize<array<ap_fixed,42u>,array<ap_fixed<16,6,5,3,0>,42u>,config17> | return value |
|start_write               | out |    1| ap_ctrl_hs | normalize<array<ap_fixed,42u>,array<ap_fixed<16,6,5,3,0>,42u>,config17> | return value |
|data_V_data_0_V_dout      |  in |   16|   ap_fifo  |                             data_V_data_0_V                             |    pointer   |
|data_V_data_0_V_empty_n   |  in |    1|   ap_fifo  |                             data_V_data_0_V                             |    pointer   |
|data_V_data_0_V_read      | out |    1|   ap_fifo  |                             data_V_data_0_V                             |    pointer   |
|data_V_data_1_V_dout      |  in |   16|   ap_fifo  |                             data_V_data_1_V                             |    pointer   |
|data_V_data_1_V_empty_n   |  in |    1|   ap_fifo  |                             data_V_data_1_V                             |    pointer   |
|data_V_data_1_V_read      | out |    1|   ap_fifo  |                             data_V_data_1_V                             |    pointer   |
|data_V_data_2_V_dout      |  in |   16|   ap_fifo  |                             data_V_data_2_V                             |    pointer   |
|data_V_data_2_V_empty_n   |  in |    1|   ap_fifo  |                             data_V_data_2_V                             |    pointer   |
|data_V_data_2_V_read      | out |    1|   ap_fifo  |                             data_V_data_2_V                             |    pointer   |
|data_V_data_3_V_dout      |  in |   16|   ap_fifo  |                             data_V_data_3_V                             |    pointer   |
|data_V_data_3_V_empty_n   |  in |    1|   ap_fifo  |                             data_V_data_3_V                             |    pointer   |
|data_V_data_3_V_read      | out |    1|   ap_fifo  |                             data_V_data_3_V                             |    pointer   |
|data_V_data_4_V_dout      |  in |   16|   ap_fifo  |                             data_V_data_4_V                             |    pointer   |
|data_V_data_4_V_empty_n   |  in |    1|   ap_fifo  |                             data_V_data_4_V                             |    pointer   |
|data_V_data_4_V_read      | out |    1|   ap_fifo  |                             data_V_data_4_V                             |    pointer   |
|data_V_data_5_V_dout      |  in |   16|   ap_fifo  |                             data_V_data_5_V                             |    pointer   |
|data_V_data_5_V_empty_n   |  in |    1|   ap_fifo  |                             data_V_data_5_V                             |    pointer   |
|data_V_data_5_V_read      | out |    1|   ap_fifo  |                             data_V_data_5_V                             |    pointer   |
|data_V_data_6_V_dout      |  in |   16|   ap_fifo  |                             data_V_data_6_V                             |    pointer   |
|data_V_data_6_V_empty_n   |  in |    1|   ap_fifo  |                             data_V_data_6_V                             |    pointer   |
|data_V_data_6_V_read      | out |    1|   ap_fifo  |                             data_V_data_6_V                             |    pointer   |
|data_V_data_7_V_dout      |  in |   16|   ap_fifo  |                             data_V_data_7_V                             |    pointer   |
|data_V_data_7_V_empty_n   |  in |    1|   ap_fifo  |                             data_V_data_7_V                             |    pointer   |
|data_V_data_7_V_read      | out |    1|   ap_fifo  |                             data_V_data_7_V                             |    pointer   |
|data_V_data_8_V_dout      |  in |   16|   ap_fifo  |                             data_V_data_8_V                             |    pointer   |
|data_V_data_8_V_empty_n   |  in |    1|   ap_fifo  |                             data_V_data_8_V                             |    pointer   |
|data_V_data_8_V_read      | out |    1|   ap_fifo  |                             data_V_data_8_V                             |    pointer   |
|data_V_data_9_V_dout      |  in |   16|   ap_fifo  |                             data_V_data_9_V                             |    pointer   |
|data_V_data_9_V_empty_n   |  in |    1|   ap_fifo  |                             data_V_data_9_V                             |    pointer   |
|data_V_data_9_V_read      | out |    1|   ap_fifo  |                             data_V_data_9_V                             |    pointer   |
|data_V_data_10_V_dout     |  in |   16|   ap_fifo  |                             data_V_data_10_V                            |    pointer   |
|data_V_data_10_V_empty_n  |  in |    1|   ap_fifo  |                             data_V_data_10_V                            |    pointer   |
|data_V_data_10_V_read     | out |    1|   ap_fifo  |                             data_V_data_10_V                            |    pointer   |
|data_V_data_11_V_dout     |  in |   16|   ap_fifo  |                             data_V_data_11_V                            |    pointer   |
|data_V_data_11_V_empty_n  |  in |    1|   ap_fifo  |                             data_V_data_11_V                            |    pointer   |
|data_V_data_11_V_read     | out |    1|   ap_fifo  |                             data_V_data_11_V                            |    pointer   |
|data_V_data_12_V_dout     |  in |   16|   ap_fifo  |                             data_V_data_12_V                            |    pointer   |
|data_V_data_12_V_empty_n  |  in |    1|   ap_fifo  |                             data_V_data_12_V                            |    pointer   |
|data_V_data_12_V_read     | out |    1|   ap_fifo  |                             data_V_data_12_V                            |    pointer   |
|data_V_data_13_V_dout     |  in |   16|   ap_fifo  |                             data_V_data_13_V                            |    pointer   |
|data_V_data_13_V_empty_n  |  in |    1|   ap_fifo  |                             data_V_data_13_V                            |    pointer   |
|data_V_data_13_V_read     | out |    1|   ap_fifo  |                             data_V_data_13_V                            |    pointer   |
|data_V_data_14_V_dout     |  in |   16|   ap_fifo  |                             data_V_data_14_V                            |    pointer   |
|data_V_data_14_V_empty_n  |  in |    1|   ap_fifo  |                             data_V_data_14_V                            |    pointer   |
|data_V_data_14_V_read     | out |    1|   ap_fifo  |                             data_V_data_14_V                            |    pointer   |
|data_V_data_15_V_dout     |  in |   16|   ap_fifo  |                             data_V_data_15_V                            |    pointer   |
|data_V_data_15_V_empty_n  |  in |    1|   ap_fifo  |                             data_V_data_15_V                            |    pointer   |
|data_V_data_15_V_read     | out |    1|   ap_fifo  |                             data_V_data_15_V                            |    pointer   |
|data_V_data_16_V_dout     |  in |   16|   ap_fifo  |                             data_V_data_16_V                            |    pointer   |
|data_V_data_16_V_empty_n  |  in |    1|   ap_fifo  |                             data_V_data_16_V                            |    pointer   |
|data_V_data_16_V_read     | out |    1|   ap_fifo  |                             data_V_data_16_V                            |    pointer   |
|data_V_data_17_V_dout     |  in |   16|   ap_fifo  |                             data_V_data_17_V                            |    pointer   |
|data_V_data_17_V_empty_n  |  in |    1|   ap_fifo  |                             data_V_data_17_V                            |    pointer   |
|data_V_data_17_V_read     | out |    1|   ap_fifo  |                             data_V_data_17_V                            |    pointer   |
|data_V_data_18_V_dout     |  in |   16|   ap_fifo  |                             data_V_data_18_V                            |    pointer   |
|data_V_data_18_V_empty_n  |  in |    1|   ap_fifo  |                             data_V_data_18_V                            |    pointer   |
|data_V_data_18_V_read     | out |    1|   ap_fifo  |                             data_V_data_18_V                            |    pointer   |
|data_V_data_19_V_dout     |  in |   16|   ap_fifo  |                             data_V_data_19_V                            |    pointer   |
|data_V_data_19_V_empty_n  |  in |    1|   ap_fifo  |                             data_V_data_19_V                            |    pointer   |
|data_V_data_19_V_read     | out |    1|   ap_fifo  |                             data_V_data_19_V                            |    pointer   |
|data_V_data_20_V_dout     |  in |   16|   ap_fifo  |                             data_V_data_20_V                            |    pointer   |
|data_V_data_20_V_empty_n  |  in |    1|   ap_fifo  |                             data_V_data_20_V                            |    pointer   |
|data_V_data_20_V_read     | out |    1|   ap_fifo  |                             data_V_data_20_V                            |    pointer   |
|data_V_data_21_V_dout     |  in |   16|   ap_fifo  |                             data_V_data_21_V                            |    pointer   |
|data_V_data_21_V_empty_n  |  in |    1|   ap_fifo  |                             data_V_data_21_V                            |    pointer   |
|data_V_data_21_V_read     | out |    1|   ap_fifo  |                             data_V_data_21_V                            |    pointer   |
|data_V_data_22_V_dout     |  in |   16|   ap_fifo  |                             data_V_data_22_V                            |    pointer   |
|data_V_data_22_V_empty_n  |  in |    1|   ap_fifo  |                             data_V_data_22_V                            |    pointer   |
|data_V_data_22_V_read     | out |    1|   ap_fifo  |                             data_V_data_22_V                            |    pointer   |
|data_V_data_23_V_dout     |  in |   16|   ap_fifo  |                             data_V_data_23_V                            |    pointer   |
|data_V_data_23_V_empty_n  |  in |    1|   ap_fifo  |                             data_V_data_23_V                            |    pointer   |
|data_V_data_23_V_read     | out |    1|   ap_fifo  |                             data_V_data_23_V                            |    pointer   |
|data_V_data_24_V_dout     |  in |   16|   ap_fifo  |                             data_V_data_24_V                            |    pointer   |
|data_V_data_24_V_empty_n  |  in |    1|   ap_fifo  |                             data_V_data_24_V                            |    pointer   |
|data_V_data_24_V_read     | out |    1|   ap_fifo  |                             data_V_data_24_V                            |    pointer   |
|data_V_data_25_V_dout     |  in |   16|   ap_fifo  |                             data_V_data_25_V                            |    pointer   |
|data_V_data_25_V_empty_n  |  in |    1|   ap_fifo  |                             data_V_data_25_V                            |    pointer   |
|data_V_data_25_V_read     | out |    1|   ap_fifo  |                             data_V_data_25_V                            |    pointer   |
|data_V_data_26_V_dout     |  in |   16|   ap_fifo  |                             data_V_data_26_V                            |    pointer   |
|data_V_data_26_V_empty_n  |  in |    1|   ap_fifo  |                             data_V_data_26_V                            |    pointer   |
|data_V_data_26_V_read     | out |    1|   ap_fifo  |                             data_V_data_26_V                            |    pointer   |
|data_V_data_27_V_dout     |  in |   16|   ap_fifo  |                             data_V_data_27_V                            |    pointer   |
|data_V_data_27_V_empty_n  |  in |    1|   ap_fifo  |                             data_V_data_27_V                            |    pointer   |
|data_V_data_27_V_read     | out |    1|   ap_fifo  |                             data_V_data_27_V                            |    pointer   |
|data_V_data_28_V_dout     |  in |   16|   ap_fifo  |                             data_V_data_28_V                            |    pointer   |
|data_V_data_28_V_empty_n  |  in |    1|   ap_fifo  |                             data_V_data_28_V                            |    pointer   |
|data_V_data_28_V_read     | out |    1|   ap_fifo  |                             data_V_data_28_V                            |    pointer   |
|data_V_data_29_V_dout     |  in |   16|   ap_fifo  |                             data_V_data_29_V                            |    pointer   |
|data_V_data_29_V_empty_n  |  in |    1|   ap_fifo  |                             data_V_data_29_V                            |    pointer   |
|data_V_data_29_V_read     | out |    1|   ap_fifo  |                             data_V_data_29_V                            |    pointer   |
|data_V_data_30_V_dout     |  in |   16|   ap_fifo  |                             data_V_data_30_V                            |    pointer   |
|data_V_data_30_V_empty_n  |  in |    1|   ap_fifo  |                             data_V_data_30_V                            |    pointer   |
|data_V_data_30_V_read     | out |    1|   ap_fifo  |                             data_V_data_30_V                            |    pointer   |
|data_V_data_31_V_dout     |  in |   16|   ap_fifo  |                             data_V_data_31_V                            |    pointer   |
|data_V_data_31_V_empty_n  |  in |    1|   ap_fifo  |                             data_V_data_31_V                            |    pointer   |
|data_V_data_31_V_read     | out |    1|   ap_fifo  |                             data_V_data_31_V                            |    pointer   |
|data_V_data_32_V_dout     |  in |   16|   ap_fifo  |                             data_V_data_32_V                            |    pointer   |
|data_V_data_32_V_empty_n  |  in |    1|   ap_fifo  |                             data_V_data_32_V                            |    pointer   |
|data_V_data_32_V_read     | out |    1|   ap_fifo  |                             data_V_data_32_V                            |    pointer   |
|data_V_data_33_V_dout     |  in |   16|   ap_fifo  |                             data_V_data_33_V                            |    pointer   |
|data_V_data_33_V_empty_n  |  in |    1|   ap_fifo  |                             data_V_data_33_V                            |    pointer   |
|data_V_data_33_V_read     | out |    1|   ap_fifo  |                             data_V_data_33_V                            |    pointer   |
|data_V_data_34_V_dout     |  in |   16|   ap_fifo  |                             data_V_data_34_V                            |    pointer   |
|data_V_data_34_V_empty_n  |  in |    1|   ap_fifo  |                             data_V_data_34_V                            |    pointer   |
|data_V_data_34_V_read     | out |    1|   ap_fifo  |                             data_V_data_34_V                            |    pointer   |
|data_V_data_35_V_dout     |  in |   16|   ap_fifo  |                             data_V_data_35_V                            |    pointer   |
|data_V_data_35_V_empty_n  |  in |    1|   ap_fifo  |                             data_V_data_35_V                            |    pointer   |
|data_V_data_35_V_read     | out |    1|   ap_fifo  |                             data_V_data_35_V                            |    pointer   |
|data_V_data_36_V_dout     |  in |   16|   ap_fifo  |                             data_V_data_36_V                            |    pointer   |
|data_V_data_36_V_empty_n  |  in |    1|   ap_fifo  |                             data_V_data_36_V                            |    pointer   |
|data_V_data_36_V_read     | out |    1|   ap_fifo  |                             data_V_data_36_V                            |    pointer   |
|data_V_data_37_V_dout     |  in |   16|   ap_fifo  |                             data_V_data_37_V                            |    pointer   |
|data_V_data_37_V_empty_n  |  in |    1|   ap_fifo  |                             data_V_data_37_V                            |    pointer   |
|data_V_data_37_V_read     | out |    1|   ap_fifo  |                             data_V_data_37_V                            |    pointer   |
|data_V_data_38_V_dout     |  in |   16|   ap_fifo  |                             data_V_data_38_V                            |    pointer   |
|data_V_data_38_V_empty_n  |  in |    1|   ap_fifo  |                             data_V_data_38_V                            |    pointer   |
|data_V_data_38_V_read     | out |    1|   ap_fifo  |                             data_V_data_38_V                            |    pointer   |
|data_V_data_39_V_dout     |  in |   16|   ap_fifo  |                             data_V_data_39_V                            |    pointer   |
|data_V_data_39_V_empty_n  |  in |    1|   ap_fifo  |                             data_V_data_39_V                            |    pointer   |
|data_V_data_39_V_read     | out |    1|   ap_fifo  |                             data_V_data_39_V                            |    pointer   |
|data_V_data_40_V_dout     |  in |   16|   ap_fifo  |                             data_V_data_40_V                            |    pointer   |
|data_V_data_40_V_empty_n  |  in |    1|   ap_fifo  |                             data_V_data_40_V                            |    pointer   |
|data_V_data_40_V_read     | out |    1|   ap_fifo  |                             data_V_data_40_V                            |    pointer   |
|data_V_data_41_V_dout     |  in |   16|   ap_fifo  |                             data_V_data_41_V                            |    pointer   |
|data_V_data_41_V_empty_n  |  in |    1|   ap_fifo  |                             data_V_data_41_V                            |    pointer   |
|data_V_data_41_V_read     | out |    1|   ap_fifo  |                             data_V_data_41_V                            |    pointer   |
|res_V_data_0_V_din        | out |   16|   ap_fifo  |                              res_V_data_0_V                             |    pointer   |
|res_V_data_0_V_full_n     |  in |    1|   ap_fifo  |                              res_V_data_0_V                             |    pointer   |
|res_V_data_0_V_write      | out |    1|   ap_fifo  |                              res_V_data_0_V                             |    pointer   |
|res_V_data_1_V_din        | out |   16|   ap_fifo  |                              res_V_data_1_V                             |    pointer   |
|res_V_data_1_V_full_n     |  in |    1|   ap_fifo  |                              res_V_data_1_V                             |    pointer   |
|res_V_data_1_V_write      | out |    1|   ap_fifo  |                              res_V_data_1_V                             |    pointer   |
|res_V_data_2_V_din        | out |   16|   ap_fifo  |                              res_V_data_2_V                             |    pointer   |
|res_V_data_2_V_full_n     |  in |    1|   ap_fifo  |                              res_V_data_2_V                             |    pointer   |
|res_V_data_2_V_write      | out |    1|   ap_fifo  |                              res_V_data_2_V                             |    pointer   |
|res_V_data_3_V_din        | out |   16|   ap_fifo  |                              res_V_data_3_V                             |    pointer   |
|res_V_data_3_V_full_n     |  in |    1|   ap_fifo  |                              res_V_data_3_V                             |    pointer   |
|res_V_data_3_V_write      | out |    1|   ap_fifo  |                              res_V_data_3_V                             |    pointer   |
|res_V_data_4_V_din        | out |   16|   ap_fifo  |                              res_V_data_4_V                             |    pointer   |
|res_V_data_4_V_full_n     |  in |    1|   ap_fifo  |                              res_V_data_4_V                             |    pointer   |
|res_V_data_4_V_write      | out |    1|   ap_fifo  |                              res_V_data_4_V                             |    pointer   |
|res_V_data_5_V_din        | out |   16|   ap_fifo  |                              res_V_data_5_V                             |    pointer   |
|res_V_data_5_V_full_n     |  in |    1|   ap_fifo  |                              res_V_data_5_V                             |    pointer   |
|res_V_data_5_V_write      | out |    1|   ap_fifo  |                              res_V_data_5_V                             |    pointer   |
|res_V_data_6_V_din        | out |   16|   ap_fifo  |                              res_V_data_6_V                             |    pointer   |
|res_V_data_6_V_full_n     |  in |    1|   ap_fifo  |                              res_V_data_6_V                             |    pointer   |
|res_V_data_6_V_write      | out |    1|   ap_fifo  |                              res_V_data_6_V                             |    pointer   |
|res_V_data_7_V_din        | out |   16|   ap_fifo  |                              res_V_data_7_V                             |    pointer   |
|res_V_data_7_V_full_n     |  in |    1|   ap_fifo  |                              res_V_data_7_V                             |    pointer   |
|res_V_data_7_V_write      | out |    1|   ap_fifo  |                              res_V_data_7_V                             |    pointer   |
|res_V_data_8_V_din        | out |   16|   ap_fifo  |                              res_V_data_8_V                             |    pointer   |
|res_V_data_8_V_full_n     |  in |    1|   ap_fifo  |                              res_V_data_8_V                             |    pointer   |
|res_V_data_8_V_write      | out |    1|   ap_fifo  |                              res_V_data_8_V                             |    pointer   |
|res_V_data_9_V_din        | out |   16|   ap_fifo  |                              res_V_data_9_V                             |    pointer   |
|res_V_data_9_V_full_n     |  in |    1|   ap_fifo  |                              res_V_data_9_V                             |    pointer   |
|res_V_data_9_V_write      | out |    1|   ap_fifo  |                              res_V_data_9_V                             |    pointer   |
|res_V_data_10_V_din       | out |   16|   ap_fifo  |                             res_V_data_10_V                             |    pointer   |
|res_V_data_10_V_full_n    |  in |    1|   ap_fifo  |                             res_V_data_10_V                             |    pointer   |
|res_V_data_10_V_write     | out |    1|   ap_fifo  |                             res_V_data_10_V                             |    pointer   |
|res_V_data_11_V_din       | out |   16|   ap_fifo  |                             res_V_data_11_V                             |    pointer   |
|res_V_data_11_V_full_n    |  in |    1|   ap_fifo  |                             res_V_data_11_V                             |    pointer   |
|res_V_data_11_V_write     | out |    1|   ap_fifo  |                             res_V_data_11_V                             |    pointer   |
|res_V_data_12_V_din       | out |   16|   ap_fifo  |                             res_V_data_12_V                             |    pointer   |
|res_V_data_12_V_full_n    |  in |    1|   ap_fifo  |                             res_V_data_12_V                             |    pointer   |
|res_V_data_12_V_write     | out |    1|   ap_fifo  |                             res_V_data_12_V                             |    pointer   |
|res_V_data_13_V_din       | out |   16|   ap_fifo  |                             res_V_data_13_V                             |    pointer   |
|res_V_data_13_V_full_n    |  in |    1|   ap_fifo  |                             res_V_data_13_V                             |    pointer   |
|res_V_data_13_V_write     | out |    1|   ap_fifo  |                             res_V_data_13_V                             |    pointer   |
|res_V_data_14_V_din       | out |   16|   ap_fifo  |                             res_V_data_14_V                             |    pointer   |
|res_V_data_14_V_full_n    |  in |    1|   ap_fifo  |                             res_V_data_14_V                             |    pointer   |
|res_V_data_14_V_write     | out |    1|   ap_fifo  |                             res_V_data_14_V                             |    pointer   |
|res_V_data_15_V_din       | out |   16|   ap_fifo  |                             res_V_data_15_V                             |    pointer   |
|res_V_data_15_V_full_n    |  in |    1|   ap_fifo  |                             res_V_data_15_V                             |    pointer   |
|res_V_data_15_V_write     | out |    1|   ap_fifo  |                             res_V_data_15_V                             |    pointer   |
|res_V_data_16_V_din       | out |   16|   ap_fifo  |                             res_V_data_16_V                             |    pointer   |
|res_V_data_16_V_full_n    |  in |    1|   ap_fifo  |                             res_V_data_16_V                             |    pointer   |
|res_V_data_16_V_write     | out |    1|   ap_fifo  |                             res_V_data_16_V                             |    pointer   |
|res_V_data_17_V_din       | out |   16|   ap_fifo  |                             res_V_data_17_V                             |    pointer   |
|res_V_data_17_V_full_n    |  in |    1|   ap_fifo  |                             res_V_data_17_V                             |    pointer   |
|res_V_data_17_V_write     | out |    1|   ap_fifo  |                             res_V_data_17_V                             |    pointer   |
|res_V_data_18_V_din       | out |   16|   ap_fifo  |                             res_V_data_18_V                             |    pointer   |
|res_V_data_18_V_full_n    |  in |    1|   ap_fifo  |                             res_V_data_18_V                             |    pointer   |
|res_V_data_18_V_write     | out |    1|   ap_fifo  |                             res_V_data_18_V                             |    pointer   |
|res_V_data_19_V_din       | out |   16|   ap_fifo  |                             res_V_data_19_V                             |    pointer   |
|res_V_data_19_V_full_n    |  in |    1|   ap_fifo  |                             res_V_data_19_V                             |    pointer   |
|res_V_data_19_V_write     | out |    1|   ap_fifo  |                             res_V_data_19_V                             |    pointer   |
|res_V_data_20_V_din       | out |   16|   ap_fifo  |                             res_V_data_20_V                             |    pointer   |
|res_V_data_20_V_full_n    |  in |    1|   ap_fifo  |                             res_V_data_20_V                             |    pointer   |
|res_V_data_20_V_write     | out |    1|   ap_fifo  |                             res_V_data_20_V                             |    pointer   |
|res_V_data_21_V_din       | out |   16|   ap_fifo  |                             res_V_data_21_V                             |    pointer   |
|res_V_data_21_V_full_n    |  in |    1|   ap_fifo  |                             res_V_data_21_V                             |    pointer   |
|res_V_data_21_V_write     | out |    1|   ap_fifo  |                             res_V_data_21_V                             |    pointer   |
|res_V_data_22_V_din       | out |   16|   ap_fifo  |                             res_V_data_22_V                             |    pointer   |
|res_V_data_22_V_full_n    |  in |    1|   ap_fifo  |                             res_V_data_22_V                             |    pointer   |
|res_V_data_22_V_write     | out |    1|   ap_fifo  |                             res_V_data_22_V                             |    pointer   |
|res_V_data_23_V_din       | out |   16|   ap_fifo  |                             res_V_data_23_V                             |    pointer   |
|res_V_data_23_V_full_n    |  in |    1|   ap_fifo  |                             res_V_data_23_V                             |    pointer   |
|res_V_data_23_V_write     | out |    1|   ap_fifo  |                             res_V_data_23_V                             |    pointer   |
|res_V_data_24_V_din       | out |   16|   ap_fifo  |                             res_V_data_24_V                             |    pointer   |
|res_V_data_24_V_full_n    |  in |    1|   ap_fifo  |                             res_V_data_24_V                             |    pointer   |
|res_V_data_24_V_write     | out |    1|   ap_fifo  |                             res_V_data_24_V                             |    pointer   |
|res_V_data_25_V_din       | out |   16|   ap_fifo  |                             res_V_data_25_V                             |    pointer   |
|res_V_data_25_V_full_n    |  in |    1|   ap_fifo  |                             res_V_data_25_V                             |    pointer   |
|res_V_data_25_V_write     | out |    1|   ap_fifo  |                             res_V_data_25_V                             |    pointer   |
|res_V_data_26_V_din       | out |   16|   ap_fifo  |                             res_V_data_26_V                             |    pointer   |
|res_V_data_26_V_full_n    |  in |    1|   ap_fifo  |                             res_V_data_26_V                             |    pointer   |
|res_V_data_26_V_write     | out |    1|   ap_fifo  |                             res_V_data_26_V                             |    pointer   |
|res_V_data_27_V_din       | out |   16|   ap_fifo  |                             res_V_data_27_V                             |    pointer   |
|res_V_data_27_V_full_n    |  in |    1|   ap_fifo  |                             res_V_data_27_V                             |    pointer   |
|res_V_data_27_V_write     | out |    1|   ap_fifo  |                             res_V_data_27_V                             |    pointer   |
|res_V_data_28_V_din       | out |   16|   ap_fifo  |                             res_V_data_28_V                             |    pointer   |
|res_V_data_28_V_full_n    |  in |    1|   ap_fifo  |                             res_V_data_28_V                             |    pointer   |
|res_V_data_28_V_write     | out |    1|   ap_fifo  |                             res_V_data_28_V                             |    pointer   |
|res_V_data_29_V_din       | out |   16|   ap_fifo  |                             res_V_data_29_V                             |    pointer   |
|res_V_data_29_V_full_n    |  in |    1|   ap_fifo  |                             res_V_data_29_V                             |    pointer   |
|res_V_data_29_V_write     | out |    1|   ap_fifo  |                             res_V_data_29_V                             |    pointer   |
|res_V_data_30_V_din       | out |   16|   ap_fifo  |                             res_V_data_30_V                             |    pointer   |
|res_V_data_30_V_full_n    |  in |    1|   ap_fifo  |                             res_V_data_30_V                             |    pointer   |
|res_V_data_30_V_write     | out |    1|   ap_fifo  |                             res_V_data_30_V                             |    pointer   |
|res_V_data_31_V_din       | out |   16|   ap_fifo  |                             res_V_data_31_V                             |    pointer   |
|res_V_data_31_V_full_n    |  in |    1|   ap_fifo  |                             res_V_data_31_V                             |    pointer   |
|res_V_data_31_V_write     | out |    1|   ap_fifo  |                             res_V_data_31_V                             |    pointer   |
|res_V_data_32_V_din       | out |   16|   ap_fifo  |                             res_V_data_32_V                             |    pointer   |
|res_V_data_32_V_full_n    |  in |    1|   ap_fifo  |                             res_V_data_32_V                             |    pointer   |
|res_V_data_32_V_write     | out |    1|   ap_fifo  |                             res_V_data_32_V                             |    pointer   |
|res_V_data_33_V_din       | out |   16|   ap_fifo  |                             res_V_data_33_V                             |    pointer   |
|res_V_data_33_V_full_n    |  in |    1|   ap_fifo  |                             res_V_data_33_V                             |    pointer   |
|res_V_data_33_V_write     | out |    1|   ap_fifo  |                             res_V_data_33_V                             |    pointer   |
|res_V_data_34_V_din       | out |   16|   ap_fifo  |                             res_V_data_34_V                             |    pointer   |
|res_V_data_34_V_full_n    |  in |    1|   ap_fifo  |                             res_V_data_34_V                             |    pointer   |
|res_V_data_34_V_write     | out |    1|   ap_fifo  |                             res_V_data_34_V                             |    pointer   |
|res_V_data_35_V_din       | out |   16|   ap_fifo  |                             res_V_data_35_V                             |    pointer   |
|res_V_data_35_V_full_n    |  in |    1|   ap_fifo  |                             res_V_data_35_V                             |    pointer   |
|res_V_data_35_V_write     | out |    1|   ap_fifo  |                             res_V_data_35_V                             |    pointer   |
|res_V_data_36_V_din       | out |   16|   ap_fifo  |                             res_V_data_36_V                             |    pointer   |
|res_V_data_36_V_full_n    |  in |    1|   ap_fifo  |                             res_V_data_36_V                             |    pointer   |
|res_V_data_36_V_write     | out |    1|   ap_fifo  |                             res_V_data_36_V                             |    pointer   |
|res_V_data_37_V_din       | out |   16|   ap_fifo  |                             res_V_data_37_V                             |    pointer   |
|res_V_data_37_V_full_n    |  in |    1|   ap_fifo  |                             res_V_data_37_V                             |    pointer   |
|res_V_data_37_V_write     | out |    1|   ap_fifo  |                             res_V_data_37_V                             |    pointer   |
|res_V_data_38_V_din       | out |   16|   ap_fifo  |                             res_V_data_38_V                             |    pointer   |
|res_V_data_38_V_full_n    |  in |    1|   ap_fifo  |                             res_V_data_38_V                             |    pointer   |
|res_V_data_38_V_write     | out |    1|   ap_fifo  |                             res_V_data_38_V                             |    pointer   |
|res_V_data_39_V_din       | out |   16|   ap_fifo  |                             res_V_data_39_V                             |    pointer   |
|res_V_data_39_V_full_n    |  in |    1|   ap_fifo  |                             res_V_data_39_V                             |    pointer   |
|res_V_data_39_V_write     | out |    1|   ap_fifo  |                             res_V_data_39_V                             |    pointer   |
|res_V_data_40_V_din       | out |   16|   ap_fifo  |                             res_V_data_40_V                             |    pointer   |
|res_V_data_40_V_full_n    |  in |    1|   ap_fifo  |                             res_V_data_40_V                             |    pointer   |
|res_V_data_40_V_write     | out |    1|   ap_fifo  |                             res_V_data_40_V                             |    pointer   |
|res_V_data_41_V_din       | out |   16|   ap_fifo  |                             res_V_data_41_V                             |    pointer   |
|res_V_data_41_V_full_n    |  in |    1|   ap_fifo  |                             res_V_data_41_V                             |    pointer   |
|res_V_data_41_V_write     | out |    1|   ap_fifo  |                             res_V_data_41_V                             |    pointer   |
+--------------------------+-----+-----+------------+-------------------------------------------------------------------------+--------------+

