

================================================================
== Vivado HLS Report for 'relu_array_ap_fixed_42u_array_ap_ufixed_6_0_4_0_0_42u_relu_config18_s'
================================================================
* Date:           Thu Apr  4 20:05:16 2024

* Version:        2019.2 (Build 2704478 on Wed Nov 06 22:10:23 MST 2019)
* Project:        myproject_prj
* Solution:       solution1
* Product family: zynquplus
* Target device:  xczu5ev-sfvc784-2LV-e


================================================================
== Performance Estimates
================================================================
+ Timing: 
    * Summary: 
    +--------+---------+----------+------------+
    |  Clock |  Target | Estimated| Uncertainty|
    +--------+---------+----------+------------+
    |ap_clk  | 5.00 ns | 3.587 ns |   0.62 ns  |
    +--------+---------+----------+------------+

+ Latency: 
    * Summary: 
    +---------+---------+----------+----------+-----+-----+----------+
    |  Latency (cycles) |  Latency (absolute) |  Interval | Pipeline |
    |   min   |   max   |    min   |    max   | min | max |   Type   |
    +---------+---------+----------+----------+-----+-----+----------+
    |        1|        1| 5.000 ns | 5.000 ns |    1|    1| function |
    +---------+---------+----------+----------+-----+-----+----------+

    + Detail: 
        * Instance: 
        N/A

        * Loop: 
        N/A



================================================================
== Utilization Estimates
================================================================
* Summary: 
+-----------------+---------+-------+--------+--------+-----+
|       Name      | BRAM_18K| DSP48E|   FF   |   LUT  | URAM|
+-----------------+---------+-------+--------+--------+-----+
|DSP              |        -|      -|       -|       -|    -|
|Expression       |        -|      -|       0|    3412|    -|
|FIFO             |        -|      -|       -|       -|    -|
|Instance         |        -|      -|       -|       -|    -|
|Memory           |        -|      -|       -|       -|    -|
|Multiplexer      |        -|      -|       -|     774|    -|
|Register         |        -|      -|     256|       -|    -|
+-----------------+---------+-------+--------+--------+-----+
|Total            |        0|      0|     256|    4186|    0|
+-----------------+---------+-------+--------+--------+-----+
|Available        |      288|   1248|  234240|  117120|   64|
+-----------------+---------+-------+--------+--------+-----+
|Utilization (%)  |        0|      0|   ~0   |       3|    0|
+-----------------+---------+-------+--------+--------+-----+

+ Detail: 
    * Instance: 
    N/A

    * DSP48E: 
    N/A

    * Memory: 
    N/A

    * FIFO: 
    N/A

    * Expression: 
    +----------------------------------+----------+-------+---+----+------------+------------+
    |           Variable Name          | Operation| DSP48E| FF| LUT| Bitwidth P0| Bitwidth P1|
    +----------------------------------+----------+-------+---+----+------------+------------+
    |add_ln415_100_fu_6200_p2          |     +    |      0|  0|  15|           6|           6|
    |add_ln415_101_fu_6322_p2          |     +    |      0|  0|  15|           6|           6|
    |add_ln415_102_fu_6444_p2          |     +    |      0|  0|  15|           6|           6|
    |add_ln415_103_fu_6566_p2          |     +    |      0|  0|  15|           6|           6|
    |add_ln415_104_fu_6688_p2          |     +    |      0|  0|  15|           6|           6|
    |add_ln415_64_fu_1808_p2           |     +    |      0|  0|  15|           6|           6|
    |add_ln415_65_fu_1930_p2           |     +    |      0|  0|  15|           6|           6|
    |add_ln415_66_fu_2052_p2           |     +    |      0|  0|  15|           6|           6|
    |add_ln415_67_fu_2174_p2           |     +    |      0|  0|  15|           6|           6|
    |add_ln415_68_fu_2296_p2           |     +    |      0|  0|  15|           6|           6|
    |add_ln415_69_fu_2418_p2           |     +    |      0|  0|  15|           6|           6|
    |add_ln415_70_fu_2540_p2           |     +    |      0|  0|  15|           6|           6|
    |add_ln415_71_fu_2662_p2           |     +    |      0|  0|  15|           6|           6|
    |add_ln415_72_fu_2784_p2           |     +    |      0|  0|  15|           6|           6|
    |add_ln415_73_fu_2906_p2           |     +    |      0|  0|  15|           6|           6|
    |add_ln415_74_fu_3028_p2           |     +    |      0|  0|  15|           6|           6|
    |add_ln415_75_fu_3150_p2           |     +    |      0|  0|  15|           6|           6|
    |add_ln415_76_fu_3272_p2           |     +    |      0|  0|  15|           6|           6|
    |add_ln415_77_fu_3394_p2           |     +    |      0|  0|  15|           6|           6|
    |add_ln415_78_fu_3516_p2           |     +    |      0|  0|  15|           6|           6|
    |add_ln415_79_fu_3638_p2           |     +    |      0|  0|  15|           6|           6|
    |add_ln415_80_fu_3760_p2           |     +    |      0|  0|  15|           6|           6|
    |add_ln415_81_fu_3882_p2           |     +    |      0|  0|  15|           6|           6|
    |add_ln415_82_fu_4004_p2           |     +    |      0|  0|  15|           6|           6|
    |add_ln415_83_fu_4126_p2           |     +    |      0|  0|  15|           6|           6|
    |add_ln415_84_fu_4248_p2           |     +    |      0|  0|  15|           6|           6|
    |add_ln415_85_fu_4370_p2           |     +    |      0|  0|  15|           6|           6|
    |add_ln415_86_fu_4492_p2           |     +    |      0|  0|  15|           6|           6|
    |add_ln415_87_fu_4614_p2           |     +    |      0|  0|  15|           6|           6|
    |add_ln415_88_fu_4736_p2           |     +    |      0|  0|  15|           6|           6|
    |add_ln415_89_fu_4858_p2           |     +    |      0|  0|  15|           6|           6|
    |add_ln415_90_fu_4980_p2           |     +    |      0|  0|  15|           6|           6|
    |add_ln415_91_fu_5102_p2           |     +    |      0|  0|  15|           6|           6|
    |add_ln415_92_fu_5224_p2           |     +    |      0|  0|  15|           6|           6|
    |add_ln415_93_fu_5346_p2           |     +    |      0|  0|  15|           6|           6|
    |add_ln415_94_fu_5468_p2           |     +    |      0|  0|  15|           6|           6|
    |add_ln415_95_fu_5590_p2           |     +    |      0|  0|  15|           6|           6|
    |add_ln415_96_fu_5712_p2           |     +    |      0|  0|  15|           6|           6|
    |add_ln415_97_fu_5834_p2           |     +    |      0|  0|  15|           6|           6|
    |add_ln415_98_fu_5956_p2           |     +    |      0|  0|  15|           6|           6|
    |add_ln415_99_fu_6078_p2           |     +    |      0|  0|  15|           6|           6|
    |add_ln415_fu_1686_p2              |     +    |      0|  0|  15|           6|           6|
    |and_ln415_10_fu_2896_p2           |    and   |      0|  0|   2|           1|           1|
    |and_ln415_11_fu_3018_p2           |    and   |      0|  0|   2|           1|           1|
    |and_ln415_12_fu_3140_p2           |    and   |      0|  0|   2|           1|           1|
    |and_ln415_13_fu_3262_p2           |    and   |      0|  0|   2|           1|           1|
    |and_ln415_14_fu_3384_p2           |    and   |      0|  0|   2|           1|           1|
    |and_ln415_15_fu_3506_p2           |    and   |      0|  0|   2|           1|           1|
    |and_ln415_16_fu_3628_p2           |    and   |      0|  0|   2|           1|           1|
    |and_ln415_17_fu_3750_p2           |    and   |      0|  0|   2|           1|           1|
    |and_ln415_18_fu_3872_p2           |    and   |      0|  0|   2|           1|           1|
    |and_ln415_19_fu_3994_p2           |    and   |      0|  0|   2|           1|           1|
    |and_ln415_1_fu_1798_p2            |    and   |      0|  0|   2|           1|           1|
    |and_ln415_20_fu_4116_p2           |    and   |      0|  0|   2|           1|           1|
    |and_ln415_21_fu_4238_p2           |    and   |      0|  0|   2|           1|           1|
    |and_ln415_22_fu_4360_p2           |    and   |      0|  0|   2|           1|           1|
    |and_ln415_23_fu_4482_p2           |    and   |      0|  0|   2|           1|           1|
    |and_ln415_24_fu_4604_p2           |    and   |      0|  0|   2|           1|           1|
    |and_ln415_25_fu_4726_p2           |    and   |      0|  0|   2|           1|           1|
    |and_ln415_26_fu_4848_p2           |    and   |      0|  0|   2|           1|           1|
    |and_ln415_27_fu_4970_p2           |    and   |      0|  0|   2|           1|           1|
    |and_ln415_28_fu_5092_p2           |    and   |      0|  0|   2|           1|           1|
    |and_ln415_29_fu_5214_p2           |    and   |      0|  0|   2|           1|           1|
    |and_ln415_2_fu_1920_p2            |    and   |      0|  0|   2|           1|           1|
    |and_ln415_30_fu_5336_p2           |    and   |      0|  0|   2|           1|           1|
    |and_ln415_31_fu_5458_p2           |    and   |      0|  0|   2|           1|           1|
    |and_ln415_32_fu_5580_p2           |    and   |      0|  0|   2|           1|           1|
    |and_ln415_33_fu_5702_p2           |    and   |      0|  0|   2|           1|           1|
    |and_ln415_34_fu_5824_p2           |    and   |      0|  0|   2|           1|           1|
    |and_ln415_35_fu_5946_p2           |    and   |      0|  0|   2|           1|           1|
    |and_ln415_36_fu_6068_p2           |    and   |      0|  0|   2|           1|           1|
    |and_ln415_37_fu_6190_p2           |    and   |      0|  0|   2|           1|           1|
    |and_ln415_38_fu_6312_p2           |    and   |      0|  0|   2|           1|           1|
    |and_ln415_39_fu_6434_p2           |    and   |      0|  0|   2|           1|           1|
    |and_ln415_3_fu_2042_p2            |    and   |      0|  0|   2|           1|           1|
    |and_ln415_40_fu_6556_p2           |    and   |      0|  0|   2|           1|           1|
    |and_ln415_41_fu_6678_p2           |    and   |      0|  0|   2|           1|           1|
    |and_ln415_4_fu_2164_p2            |    and   |      0|  0|   2|           1|           1|
    |and_ln415_5_fu_2286_p2            |    and   |      0|  0|   2|           1|           1|
    |and_ln415_6_fu_2408_p2            |    and   |      0|  0|   2|           1|           1|
    |and_ln415_7_fu_2530_p2            |    and   |      0|  0|   2|           1|           1|
    |and_ln415_8_fu_2652_p2            |    and   |      0|  0|   2|           1|           1|
    |and_ln415_9_fu_2774_p2            |    and   |      0|  0|   2|           1|           1|
    |and_ln415_fu_1676_p2              |    and   |      0|  0|   2|           1|           1|
    |and_ln416_100_fu_6220_p2          |    and   |      0|  0|   2|           1|           1|
    |and_ln416_101_fu_6342_p2          |    and   |      0|  0|   2|           1|           1|
    |and_ln416_102_fu_6464_p2          |    and   |      0|  0|   2|           1|           1|
    |and_ln416_103_fu_6586_p2          |    and   |      0|  0|   2|           1|           1|
    |and_ln416_104_fu_6708_p2          |    and   |      0|  0|   2|           1|           1|
    |and_ln416_64_fu_1828_p2           |    and   |      0|  0|   2|           1|           1|
    |and_ln416_65_fu_1950_p2           |    and   |      0|  0|   2|           1|           1|
    |and_ln416_66_fu_2072_p2           |    and   |      0|  0|   2|           1|           1|
    |and_ln416_67_fu_2194_p2           |    and   |      0|  0|   2|           1|           1|
    |and_ln416_68_fu_2316_p2           |    and   |      0|  0|   2|           1|           1|
    |and_ln416_69_fu_2438_p2           |    and   |      0|  0|   2|           1|           1|
    |and_ln416_70_fu_2560_p2           |    and   |      0|  0|   2|           1|           1|
    |and_ln416_71_fu_2682_p2           |    and   |      0|  0|   2|           1|           1|
    |and_ln416_72_fu_2804_p2           |    and   |      0|  0|   2|           1|           1|
    |and_ln416_73_fu_2926_p2           |    and   |      0|  0|   2|           1|           1|
    |and_ln416_74_fu_3048_p2           |    and   |      0|  0|   2|           1|           1|
    |and_ln416_75_fu_3170_p2           |    and   |      0|  0|   2|           1|           1|
    |and_ln416_76_fu_3292_p2           |    and   |      0|  0|   2|           1|           1|
    |and_ln416_77_fu_3414_p2           |    and   |      0|  0|   2|           1|           1|
    |and_ln416_78_fu_3536_p2           |    and   |      0|  0|   2|           1|           1|
    |and_ln416_79_fu_3658_p2           |    and   |      0|  0|   2|           1|           1|
    |and_ln416_80_fu_3780_p2           |    and   |      0|  0|   2|           1|           1|
    |and_ln416_81_fu_3902_p2           |    and   |      0|  0|   2|           1|           1|
    |and_ln416_82_fu_4024_p2           |    and   |      0|  0|   2|           1|           1|
    |and_ln416_83_fu_4146_p2           |    and   |      0|  0|   2|           1|           1|
    |and_ln416_84_fu_4268_p2           |    and   |      0|  0|   2|           1|           1|
    |and_ln416_85_fu_4390_p2           |    and   |      0|  0|   2|           1|           1|
    |and_ln416_86_fu_4512_p2           |    and   |      0|  0|   2|           1|           1|
    |and_ln416_87_fu_4634_p2           |    and   |      0|  0|   2|           1|           1|
    |and_ln416_88_fu_4756_p2           |    and   |      0|  0|   2|           1|           1|
    |and_ln416_89_fu_4878_p2           |    and   |      0|  0|   2|           1|           1|
    |and_ln416_90_fu_5000_p2           |    and   |      0|  0|   2|           1|           1|
    |and_ln416_91_fu_5122_p2           |    and   |      0|  0|   2|           1|           1|
    |and_ln416_92_fu_5244_p2           |    and   |      0|  0|   2|           1|           1|
    |and_ln416_93_fu_5366_p2           |    and   |      0|  0|   2|           1|           1|
    |and_ln416_94_fu_5488_p2           |    and   |      0|  0|   2|           1|           1|
    |and_ln416_95_fu_5610_p2           |    and   |      0|  0|   2|           1|           1|
    |and_ln416_96_fu_5732_p2           |    and   |      0|  0|   2|           1|           1|
    |and_ln416_97_fu_5854_p2           |    and   |      0|  0|   2|           1|           1|
    |and_ln416_98_fu_5976_p2           |    and   |      0|  0|   2|           1|           1|
    |and_ln416_99_fu_6098_p2           |    and   |      0|  0|   2|           1|           1|
    |and_ln416_fu_1706_p2              |    and   |      0|  0|   2|           1|           1|
    |io_acc_block_signal_op3           |    and   |      0|  0|   2|           1|           1|
    |io_acc_block_signal_op973         |    and   |      0|  0|   2|           1|           1|
    |icmp_ln1494_10_fu_2840_p2         |   icmp   |      0|  0|  13|          16|           1|
    |icmp_ln1494_11_fu_2962_p2         |   icmp   |      0|  0|  13|          16|           1|
    |icmp_ln1494_12_fu_3084_p2         |   icmp   |      0|  0|  13|          16|           1|
    |icmp_ln1494_13_fu_3206_p2         |   icmp   |      0|  0|  13|          16|           1|
    |icmp_ln1494_14_fu_3328_p2         |   icmp   |      0|  0|  13|          16|           1|
    |icmp_ln1494_15_fu_3450_p2         |   icmp   |      0|  0|  13|          16|           1|
    |icmp_ln1494_16_fu_3572_p2         |   icmp   |      0|  0|  13|          16|           1|
    |icmp_ln1494_17_fu_3694_p2         |   icmp   |      0|  0|  13|          16|           1|
    |icmp_ln1494_18_fu_3816_p2         |   icmp   |      0|  0|  13|          16|           1|
    |icmp_ln1494_19_fu_3938_p2         |   icmp   |      0|  0|  13|          16|           1|
    |icmp_ln1494_1_fu_1742_p2          |   icmp   |      0|  0|  13|          16|           1|
    |icmp_ln1494_20_fu_4060_p2         |   icmp   |      0|  0|  13|          16|           1|
    |icmp_ln1494_21_fu_4182_p2         |   icmp   |      0|  0|  13|          16|           1|
    |icmp_ln1494_22_fu_4304_p2         |   icmp   |      0|  0|  13|          16|           1|
    |icmp_ln1494_23_fu_4426_p2         |   icmp   |      0|  0|  13|          16|           1|
    |icmp_ln1494_24_fu_4548_p2         |   icmp   |      0|  0|  13|          16|           1|
    |icmp_ln1494_25_fu_4670_p2         |   icmp   |      0|  0|  13|          16|           1|
    |icmp_ln1494_26_fu_4792_p2         |   icmp   |      0|  0|  13|          16|           1|
    |icmp_ln1494_27_fu_4914_p2         |   icmp   |      0|  0|  13|          16|           1|
    |icmp_ln1494_28_fu_5036_p2         |   icmp   |      0|  0|  13|          16|           1|
    |icmp_ln1494_29_fu_5158_p2         |   icmp   |      0|  0|  13|          16|           1|
    |icmp_ln1494_2_fu_1864_p2          |   icmp   |      0|  0|  13|          16|           1|
    |icmp_ln1494_30_fu_5280_p2         |   icmp   |      0|  0|  13|          16|           1|
    |icmp_ln1494_31_fu_5402_p2         |   icmp   |      0|  0|  13|          16|           1|
    |icmp_ln1494_32_fu_5524_p2         |   icmp   |      0|  0|  13|          16|           1|
    |icmp_ln1494_33_fu_5646_p2         |   icmp   |      0|  0|  13|          16|           1|
    |icmp_ln1494_34_fu_5768_p2         |   icmp   |      0|  0|  13|          16|           1|
    |icmp_ln1494_35_fu_5890_p2         |   icmp   |      0|  0|  13|          16|           1|
    |icmp_ln1494_36_fu_6012_p2         |   icmp   |      0|  0|  13|          16|           1|
    |icmp_ln1494_37_fu_6134_p2         |   icmp   |      0|  0|  13|          16|           1|
    |icmp_ln1494_38_fu_6256_p2         |   icmp   |      0|  0|  13|          16|           1|
    |icmp_ln1494_39_fu_6378_p2         |   icmp   |      0|  0|  13|          16|           1|
    |icmp_ln1494_3_fu_1986_p2          |   icmp   |      0|  0|  13|          16|           1|
    |icmp_ln1494_40_fu_6500_p2         |   icmp   |      0|  0|  13|          16|           1|
    |icmp_ln1494_41_fu_6622_p2         |   icmp   |      0|  0|  13|          16|           1|
    |icmp_ln1494_4_fu_2108_p2          |   icmp   |      0|  0|  13|          16|           1|
    |icmp_ln1494_5_fu_2230_p2          |   icmp   |      0|  0|  13|          16|           1|
    |icmp_ln1494_6_fu_2352_p2          |   icmp   |      0|  0|  13|          16|           1|
    |icmp_ln1494_7_fu_2474_p2          |   icmp   |      0|  0|  13|          16|           1|
    |icmp_ln1494_8_fu_2596_p2          |   icmp   |      0|  0|  13|          16|           1|
    |icmp_ln1494_9_fu_2718_p2          |   icmp   |      0|  0|  13|          16|           1|
    |icmp_ln1494_fu_1620_p2            |   icmp   |      0|  0|  13|          16|           1|
    |icmp_ln718_100_fu_6162_p2         |   icmp   |      0|  0|   9|           3|           1|
    |icmp_ln718_101_fu_6284_p2         |   icmp   |      0|  0|   9|           3|           1|
    |icmp_ln718_102_fu_6406_p2         |   icmp   |      0|  0|   9|           3|           1|
    |icmp_ln718_103_fu_6528_p2         |   icmp   |      0|  0|   9|           3|           1|
    |icmp_ln718_104_fu_6650_p2         |   icmp   |      0|  0|   9|           3|           1|
    |icmp_ln718_64_fu_1770_p2          |   icmp   |      0|  0|   9|           3|           1|
    |icmp_ln718_65_fu_1892_p2          |   icmp   |      0|  0|   9|           3|           1|
    |icmp_ln718_66_fu_2014_p2          |   icmp   |      0|  0|   9|           3|           1|
    |icmp_ln718_67_fu_2136_p2          |   icmp   |      0|  0|   9|           3|           1|
    |icmp_ln718_68_fu_2258_p2          |   icmp   |      0|  0|   9|           3|           1|
    |icmp_ln718_69_fu_2380_p2          |   icmp   |      0|  0|   9|           3|           1|
    |icmp_ln718_70_fu_2502_p2          |   icmp   |      0|  0|   9|           3|           1|
    |icmp_ln718_71_fu_2624_p2          |   icmp   |      0|  0|   9|           3|           1|
    |icmp_ln718_72_fu_2746_p2          |   icmp   |      0|  0|   9|           3|           1|
    |icmp_ln718_73_fu_2868_p2          |   icmp   |      0|  0|   9|           3|           1|
    |icmp_ln718_74_fu_2990_p2          |   icmp   |      0|  0|   9|           3|           1|
    |icmp_ln718_75_fu_3112_p2          |   icmp   |      0|  0|   9|           3|           1|
    |icmp_ln718_76_fu_3234_p2          |   icmp   |      0|  0|   9|           3|           1|
    |icmp_ln718_77_fu_3356_p2          |   icmp   |      0|  0|   9|           3|           1|
    |icmp_ln718_78_fu_3478_p2          |   icmp   |      0|  0|   9|           3|           1|
    |icmp_ln718_79_fu_3600_p2          |   icmp   |      0|  0|   9|           3|           1|
    |icmp_ln718_80_fu_3722_p2          |   icmp   |      0|  0|   9|           3|           1|
    |icmp_ln718_81_fu_3844_p2          |   icmp   |      0|  0|   9|           3|           1|
    |icmp_ln718_82_fu_3966_p2          |   icmp   |      0|  0|   9|           3|           1|
    |icmp_ln718_83_fu_4088_p2          |   icmp   |      0|  0|   9|           3|           1|
    |icmp_ln718_84_fu_4210_p2          |   icmp   |      0|  0|   9|           3|           1|
    |icmp_ln718_85_fu_4332_p2          |   icmp   |      0|  0|   9|           3|           1|
    |icmp_ln718_86_fu_4454_p2          |   icmp   |      0|  0|   9|           3|           1|
    |icmp_ln718_87_fu_4576_p2          |   icmp   |      0|  0|   9|           3|           1|
    |icmp_ln718_88_fu_4698_p2          |   icmp   |      0|  0|   9|           3|           1|
    |icmp_ln718_89_fu_4820_p2          |   icmp   |      0|  0|   9|           3|           1|
    |icmp_ln718_90_fu_4942_p2          |   icmp   |      0|  0|   9|           3|           1|
    |icmp_ln718_91_fu_5064_p2          |   icmp   |      0|  0|   9|           3|           1|
    |icmp_ln718_92_fu_5186_p2          |   icmp   |      0|  0|   9|           3|           1|
    |icmp_ln718_93_fu_5308_p2          |   icmp   |      0|  0|   9|           3|           1|
    |icmp_ln718_94_fu_5430_p2          |   icmp   |      0|  0|   9|           3|           1|
    |icmp_ln718_95_fu_5552_p2          |   icmp   |      0|  0|   9|           3|           1|
    |icmp_ln718_96_fu_5674_p2          |   icmp   |      0|  0|   9|           3|           1|
    |icmp_ln718_97_fu_5796_p2          |   icmp   |      0|  0|   9|           3|           1|
    |icmp_ln718_98_fu_5918_p2          |   icmp   |      0|  0|   9|           3|           1|
    |icmp_ln718_99_fu_6040_p2          |   icmp   |      0|  0|   9|           3|           1|
    |icmp_ln718_fu_1648_p2             |   icmp   |      0|  0|   9|           3|           1|
    |icmp_ln768_100_fu_6242_p2         |   icmp   |      0|  0|  11|           6|           1|
    |icmp_ln768_101_fu_6364_p2         |   icmp   |      0|  0|  11|           6|           1|
    |icmp_ln768_102_fu_6486_p2         |   icmp   |      0|  0|  11|           6|           1|
    |icmp_ln768_103_fu_6608_p2         |   icmp   |      0|  0|  11|           6|           1|
    |icmp_ln768_104_fu_6730_p2         |   icmp   |      0|  0|  11|           6|           1|
    |icmp_ln768_64_fu_1850_p2          |   icmp   |      0|  0|  11|           6|           1|
    |icmp_ln768_65_fu_1972_p2          |   icmp   |      0|  0|  11|           6|           1|
    |icmp_ln768_66_fu_2094_p2          |   icmp   |      0|  0|  11|           6|           1|
    |icmp_ln768_67_fu_2216_p2          |   icmp   |      0|  0|  11|           6|           1|
    |icmp_ln768_68_fu_2338_p2          |   icmp   |      0|  0|  11|           6|           1|
    |icmp_ln768_69_fu_2460_p2          |   icmp   |      0|  0|  11|           6|           1|
    |icmp_ln768_70_fu_2582_p2          |   icmp   |      0|  0|  11|           6|           1|
    |icmp_ln768_71_fu_2704_p2          |   icmp   |      0|  0|  11|           6|           1|
    |icmp_ln768_72_fu_2826_p2          |   icmp   |      0|  0|  11|           6|           1|
    |icmp_ln768_73_fu_2948_p2          |   icmp   |      0|  0|  11|           6|           1|
    |icmp_ln768_74_fu_3070_p2          |   icmp   |      0|  0|  11|           6|           1|
    |icmp_ln768_75_fu_3192_p2          |   icmp   |      0|  0|  11|           6|           1|
    |icmp_ln768_76_fu_3314_p2          |   icmp   |      0|  0|  11|           6|           1|
    |icmp_ln768_77_fu_3436_p2          |   icmp   |      0|  0|  11|           6|           1|
    |icmp_ln768_78_fu_3558_p2          |   icmp   |      0|  0|  11|           6|           1|
    |icmp_ln768_79_fu_3680_p2          |   icmp   |      0|  0|  11|           6|           1|
    |icmp_ln768_80_fu_3802_p2          |   icmp   |      0|  0|  11|           6|           1|
    |icmp_ln768_81_fu_3924_p2          |   icmp   |      0|  0|  11|           6|           1|
    |icmp_ln768_82_fu_4046_p2          |   icmp   |      0|  0|  11|           6|           1|
    |icmp_ln768_83_fu_4168_p2          |   icmp   |      0|  0|  11|           6|           1|
    |icmp_ln768_84_fu_4290_p2          |   icmp   |      0|  0|  11|           6|           1|
    |icmp_ln768_85_fu_4412_p2          |   icmp   |      0|  0|  11|           6|           1|
    |icmp_ln768_86_fu_4534_p2          |   icmp   |      0|  0|  11|           6|           1|
    |icmp_ln768_87_fu_4656_p2          |   icmp   |      0|  0|  11|           6|           1|
    |icmp_ln768_88_fu_4778_p2          |   icmp   |      0|  0|  11|           6|           1|
    |icmp_ln768_89_fu_4900_p2          |   icmp   |      0|  0|  11|           6|           1|
    |icmp_ln768_90_fu_5022_p2          |   icmp   |      0|  0|  11|           6|           1|
    |icmp_ln768_91_fu_5144_p2          |   icmp   |      0|  0|  11|           6|           1|
    |icmp_ln768_92_fu_5266_p2          |   icmp   |      0|  0|  11|           6|           1|
    |icmp_ln768_93_fu_5388_p2          |   icmp   |      0|  0|  11|           6|           1|
    |icmp_ln768_94_fu_5510_p2          |   icmp   |      0|  0|  11|           6|           1|
    |icmp_ln768_95_fu_5632_p2          |   icmp   |      0|  0|  11|           6|           1|
    |icmp_ln768_96_fu_5754_p2          |   icmp   |      0|  0|  11|           6|           1|
    |icmp_ln768_97_fu_5876_p2          |   icmp   |      0|  0|  11|           6|           1|
    |icmp_ln768_98_fu_5998_p2          |   icmp   |      0|  0|  11|           6|           1|
    |icmp_ln768_99_fu_6120_p2          |   icmp   |      0|  0|  11|           6|           1|
    |icmp_ln768_fu_1728_p2             |   icmp   |      0|  0|  11|           6|           1|
    |icmp_ln879_100_fu_6236_p2         |   icmp   |      0|  0|  11|           6|           2|
    |icmp_ln879_101_fu_6358_p2         |   icmp   |      0|  0|  11|           6|           2|
    |icmp_ln879_102_fu_6480_p2         |   icmp   |      0|  0|  11|           6|           2|
    |icmp_ln879_103_fu_6602_p2         |   icmp   |      0|  0|  11|           6|           2|
    |icmp_ln879_104_fu_6724_p2         |   icmp   |      0|  0|  11|           6|           2|
    |icmp_ln879_64_fu_1844_p2          |   icmp   |      0|  0|  11|           6|           2|
    |icmp_ln879_65_fu_1966_p2          |   icmp   |      0|  0|  11|           6|           2|
    |icmp_ln879_66_fu_2088_p2          |   icmp   |      0|  0|  11|           6|           2|
    |icmp_ln879_67_fu_2210_p2          |   icmp   |      0|  0|  11|           6|           2|
    |icmp_ln879_68_fu_2332_p2          |   icmp   |      0|  0|  11|           6|           2|
    |icmp_ln879_69_fu_2454_p2          |   icmp   |      0|  0|  11|           6|           2|
    |icmp_ln879_70_fu_2576_p2          |   icmp   |      0|  0|  11|           6|           2|
    |icmp_ln879_71_fu_2698_p2          |   icmp   |      0|  0|  11|           6|           2|
    |icmp_ln879_72_fu_2820_p2          |   icmp   |      0|  0|  11|           6|           2|
    |icmp_ln879_73_fu_2942_p2          |   icmp   |      0|  0|  11|           6|           2|
    |icmp_ln879_74_fu_3064_p2          |   icmp   |      0|  0|  11|           6|           2|
    |icmp_ln879_75_fu_3186_p2          |   icmp   |      0|  0|  11|           6|           2|
    |icmp_ln879_76_fu_3308_p2          |   icmp   |      0|  0|  11|           6|           2|
    |icmp_ln879_77_fu_3430_p2          |   icmp   |      0|  0|  11|           6|           2|
    |icmp_ln879_78_fu_3552_p2          |   icmp   |      0|  0|  11|           6|           2|
    |icmp_ln879_79_fu_3674_p2          |   icmp   |      0|  0|  11|           6|           2|
    |icmp_ln879_80_fu_3796_p2          |   icmp   |      0|  0|  11|           6|           2|
    |icmp_ln879_81_fu_3918_p2          |   icmp   |      0|  0|  11|           6|           2|
    |icmp_ln879_82_fu_4040_p2          |   icmp   |      0|  0|  11|           6|           2|
    |icmp_ln879_83_fu_4162_p2          |   icmp   |      0|  0|  11|           6|           2|
    |icmp_ln879_84_fu_4284_p2          |   icmp   |      0|  0|  11|           6|           2|
    |icmp_ln879_85_fu_4406_p2          |   icmp   |      0|  0|  11|           6|           2|
    |icmp_ln879_86_fu_4528_p2          |   icmp   |      0|  0|  11|           6|           2|
    |icmp_ln879_87_fu_4650_p2          |   icmp   |      0|  0|  11|           6|           2|
    |icmp_ln879_88_fu_4772_p2          |   icmp   |      0|  0|  11|           6|           2|
    |icmp_ln879_89_fu_4894_p2          |   icmp   |      0|  0|  11|           6|           2|
    |icmp_ln879_90_fu_5016_p2          |   icmp   |      0|  0|  11|           6|           2|
    |icmp_ln879_91_fu_5138_p2          |   icmp   |      0|  0|  11|           6|           2|
    |icmp_ln879_92_fu_5260_p2          |   icmp   |      0|  0|  11|           6|           2|
    |icmp_ln879_93_fu_5382_p2          |   icmp   |      0|  0|  11|           6|           2|
    |icmp_ln879_94_fu_5504_p2          |   icmp   |      0|  0|  11|           6|           2|
    |icmp_ln879_95_fu_5626_p2          |   icmp   |      0|  0|  11|           6|           2|
    |icmp_ln879_96_fu_5748_p2          |   icmp   |      0|  0|  11|           6|           2|
    |icmp_ln879_97_fu_5870_p2          |   icmp   |      0|  0|  11|           6|           2|
    |icmp_ln879_98_fu_5992_p2          |   icmp   |      0|  0|  11|           6|           2|
    |icmp_ln879_99_fu_6114_p2          |   icmp   |      0|  0|  11|           6|           2|
    |icmp_ln879_fu_1722_p2             |   icmp   |      0|  0|  11|           6|           2|
    |ap_block_pp0_stage0_01001         |    or    |      0|  0|   2|           1|           1|
    |ap_block_state1_pp0_stage0_iter0  |    or    |      0|  0|   2|           1|           1|
    |or_ln412_100_fu_6176_p2           |    or    |      0|  0|   2|           1|           1|
    |or_ln412_101_fu_6298_p2           |    or    |      0|  0|   2|           1|           1|
    |or_ln412_102_fu_6420_p2           |    or    |      0|  0|   2|           1|           1|
    |or_ln412_103_fu_6542_p2           |    or    |      0|  0|   2|           1|           1|
    |or_ln412_104_fu_6664_p2           |    or    |      0|  0|   2|           1|           1|
    |or_ln412_64_fu_1784_p2            |    or    |      0|  0|   2|           1|           1|
    |or_ln412_65_fu_1906_p2            |    or    |      0|  0|   2|           1|           1|
    |or_ln412_66_fu_2028_p2            |    or    |      0|  0|   2|           1|           1|
    |or_ln412_67_fu_2150_p2            |    or    |      0|  0|   2|           1|           1|
    |or_ln412_68_fu_2272_p2            |    or    |      0|  0|   2|           1|           1|
    |or_ln412_69_fu_2394_p2            |    or    |      0|  0|   2|           1|           1|
    |or_ln412_70_fu_2516_p2            |    or    |      0|  0|   2|           1|           1|
    |or_ln412_71_fu_2638_p2            |    or    |      0|  0|   2|           1|           1|
    |or_ln412_72_fu_2760_p2            |    or    |      0|  0|   2|           1|           1|
    |or_ln412_73_fu_2882_p2            |    or    |      0|  0|   2|           1|           1|
    |or_ln412_74_fu_3004_p2            |    or    |      0|  0|   2|           1|           1|
    |or_ln412_75_fu_3126_p2            |    or    |      0|  0|   2|           1|           1|
    |or_ln412_76_fu_3248_p2            |    or    |      0|  0|   2|           1|           1|
    |or_ln412_77_fu_3370_p2            |    or    |      0|  0|   2|           1|           1|
    |or_ln412_78_fu_3492_p2            |    or    |      0|  0|   2|           1|           1|
    |or_ln412_79_fu_3614_p2            |    or    |      0|  0|   2|           1|           1|
    |or_ln412_80_fu_3736_p2            |    or    |      0|  0|   2|           1|           1|
    |or_ln412_81_fu_3858_p2            |    or    |      0|  0|   2|           1|           1|
    |or_ln412_82_fu_3980_p2            |    or    |      0|  0|   2|           1|           1|
    |or_ln412_83_fu_4102_p2            |    or    |      0|  0|   2|           1|           1|
    |or_ln412_84_fu_4224_p2            |    or    |      0|  0|   2|           1|           1|
    |or_ln412_85_fu_4346_p2            |    or    |      0|  0|   2|           1|           1|
    |or_ln412_86_fu_4468_p2            |    or    |      0|  0|   2|           1|           1|
    |or_ln412_87_fu_4590_p2            |    or    |      0|  0|   2|           1|           1|
    |or_ln412_88_fu_4712_p2            |    or    |      0|  0|   2|           1|           1|
    |or_ln412_89_fu_4834_p2            |    or    |      0|  0|   2|           1|           1|
    |or_ln412_90_fu_4956_p2            |    or    |      0|  0|   2|           1|           1|
    |or_ln412_91_fu_5078_p2            |    or    |      0|  0|   2|           1|           1|
    |or_ln412_92_fu_5200_p2            |    or    |      0|  0|   2|           1|           1|
    |or_ln412_93_fu_5322_p2            |    or    |      0|  0|   2|           1|           1|
    |or_ln412_94_fu_5444_p2            |    or    |      0|  0|   2|           1|           1|
    |or_ln412_95_fu_5566_p2            |    or    |      0|  0|   2|           1|           1|
    |or_ln412_96_fu_5688_p2            |    or    |      0|  0|   2|           1|           1|
    |or_ln412_97_fu_5810_p2            |    or    |      0|  0|   2|           1|           1|
    |or_ln412_98_fu_5932_p2            |    or    |      0|  0|   2|           1|           1|
    |or_ln412_99_fu_6054_p2            |    or    |      0|  0|   2|           1|           1|
    |or_ln412_fu_1662_p2               |    or    |      0|  0|   2|           1|           1|
    |select_ln340_100_fu_6968_p3       |  select  |      0|  0|   6|           1|           6|
    |select_ln340_101_fu_6984_p3       |  select  |      0|  0|   6|           1|           6|
    |select_ln340_102_fu_7000_p3       |  select  |      0|  0|   6|           1|           6|
    |select_ln340_103_fu_7016_p3       |  select  |      0|  0|   6|           1|           6|
    |select_ln340_104_fu_7032_p3       |  select  |      0|  0|   6|           1|           6|
    |select_ln340_105_fu_7048_p3       |  select  |      0|  0|   6|           1|           6|
    |select_ln340_106_fu_7064_p3       |  select  |      0|  0|   6|           1|           6|
    |select_ln340_107_fu_7080_p3       |  select  |      0|  0|   6|           1|           6|
    |select_ln340_108_fu_7096_p3       |  select  |      0|  0|   6|           1|           6|
    |select_ln340_109_fu_7112_p3       |  select  |      0|  0|   6|           1|           6|
    |select_ln340_110_fu_7128_p3       |  select  |      0|  0|   6|           1|           6|
    |select_ln340_111_fu_7144_p3       |  select  |      0|  0|   6|           1|           6|
    |select_ln340_112_fu_7160_p3       |  select  |      0|  0|   6|           1|           6|
    |select_ln340_113_fu_7176_p3       |  select  |      0|  0|   6|           1|           6|
    |select_ln340_114_fu_7192_p3       |  select  |      0|  0|   6|           1|           6|
    |select_ln340_115_fu_7208_p3       |  select  |      0|  0|   6|           1|           6|
    |select_ln340_116_fu_7224_p3       |  select  |      0|  0|   6|           1|           6|
    |select_ln340_117_fu_7240_p3       |  select  |      0|  0|   6|           1|           6|
    |select_ln340_118_fu_7256_p3       |  select  |      0|  0|   6|           1|           6|
    |select_ln340_119_fu_7272_p3       |  select  |      0|  0|   6|           1|           6|
    |select_ln340_120_fu_7288_p3       |  select  |      0|  0|   6|           1|           6|
    |select_ln340_121_fu_7304_p3       |  select  |      0|  0|   6|           1|           6|
    |select_ln340_122_fu_7320_p3       |  select  |      0|  0|   6|           1|           6|
    |select_ln340_123_fu_7336_p3       |  select  |      0|  0|   6|           1|           6|
    |select_ln340_124_fu_7352_p3       |  select  |      0|  0|   6|           1|           6|
    |select_ln340_125_fu_7368_p3       |  select  |      0|  0|   6|           1|           6|
    |select_ln340_126_fu_7384_p3       |  select  |      0|  0|   6|           1|           6|
    |select_ln340_127_fu_7400_p3       |  select  |      0|  0|   6|           1|           6|
    |select_ln340_87_fu_6760_p3        |  select  |      0|  0|   6|           1|           6|
    |select_ln340_88_fu_6776_p3        |  select  |      0|  0|   6|           1|           6|
    |select_ln340_89_fu_6792_p3        |  select  |      0|  0|   6|           1|           6|
    |select_ln340_90_fu_6808_p3        |  select  |      0|  0|   6|           1|           6|
    |select_ln340_91_fu_6824_p3        |  select  |      0|  0|   6|           1|           6|
    |select_ln340_92_fu_6840_p3        |  select  |      0|  0|   6|           1|           6|
    |select_ln340_93_fu_6856_p3        |  select  |      0|  0|   6|           1|           6|
    |select_ln340_94_fu_6872_p3        |  select  |      0|  0|   6|           1|           6|
    |select_ln340_95_fu_6888_p3        |  select  |      0|  0|   6|           1|           6|
    |select_ln340_96_fu_6904_p3        |  select  |      0|  0|   6|           1|           6|
    |select_ln340_97_fu_6920_p3        |  select  |      0|  0|   6|           1|           6|
    |select_ln340_98_fu_6936_p3        |  select  |      0|  0|   6|           1|           6|
    |select_ln340_99_fu_6952_p3        |  select  |      0|  0|   6|           1|           6|
    |select_ln340_fu_6744_p3           |  select  |      0|  0|   6|           1|           6|
    |select_ln777_100_fu_6248_p3       |  select  |      0|  0|   2|           1|           1|
    |select_ln777_101_fu_6370_p3       |  select  |      0|  0|   2|           1|           1|
    |select_ln777_102_fu_6492_p3       |  select  |      0|  0|   2|           1|           1|
    |select_ln777_103_fu_6614_p3       |  select  |      0|  0|   2|           1|           1|
    |select_ln777_104_fu_6736_p3       |  select  |      0|  0|   2|           1|           1|
    |select_ln777_64_fu_1856_p3        |  select  |      0|  0|   2|           1|           1|
    |select_ln777_65_fu_1978_p3        |  select  |      0|  0|   2|           1|           1|
    |select_ln777_66_fu_2100_p3        |  select  |      0|  0|   2|           1|           1|
    |select_ln777_67_fu_2222_p3        |  select  |      0|  0|   2|           1|           1|
    |select_ln777_68_fu_2344_p3        |  select  |      0|  0|   2|           1|           1|
    |select_ln777_69_fu_2466_p3        |  select  |      0|  0|   2|           1|           1|
    |select_ln777_70_fu_2588_p3        |  select  |      0|  0|   2|           1|           1|
    |select_ln777_71_fu_2710_p3        |  select  |      0|  0|   2|           1|           1|
    |select_ln777_72_fu_2832_p3        |  select  |      0|  0|   2|           1|           1|
    |select_ln777_73_fu_2954_p3        |  select  |      0|  0|   2|           1|           1|
    |select_ln777_74_fu_3076_p3        |  select  |      0|  0|   2|           1|           1|
    |select_ln777_75_fu_3198_p3        |  select  |      0|  0|   2|           1|           1|
    |select_ln777_76_fu_3320_p3        |  select  |      0|  0|   2|           1|           1|
    |select_ln777_77_fu_3442_p3        |  select  |      0|  0|   2|           1|           1|
    |select_ln777_78_fu_3564_p3        |  select  |      0|  0|   2|           1|           1|
    |select_ln777_79_fu_3686_p3        |  select  |      0|  0|   2|           1|           1|
    |select_ln777_80_fu_3808_p3        |  select  |      0|  0|   2|           1|           1|
    |select_ln777_81_fu_3930_p3        |  select  |      0|  0|   2|           1|           1|
    |select_ln777_82_fu_4052_p3        |  select  |      0|  0|   2|           1|           1|
    |select_ln777_83_fu_4174_p3        |  select  |      0|  0|   2|           1|           1|
    |select_ln777_84_fu_4296_p3        |  select  |      0|  0|   2|           1|           1|
    |select_ln777_85_fu_4418_p3        |  select  |      0|  0|   2|           1|           1|
    |select_ln777_86_fu_4540_p3        |  select  |      0|  0|   2|           1|           1|
    |select_ln777_87_fu_4662_p3        |  select  |      0|  0|   2|           1|           1|
    |select_ln777_88_fu_4784_p3        |  select  |      0|  0|   2|           1|           1|
    |select_ln777_89_fu_4906_p3        |  select  |      0|  0|   2|           1|           1|
    |select_ln777_90_fu_5028_p3        |  select  |      0|  0|   2|           1|           1|
    |select_ln777_91_fu_5150_p3        |  select  |      0|  0|   2|           1|           1|
    |select_ln777_92_fu_5272_p3        |  select  |      0|  0|   2|           1|           1|
    |select_ln777_93_fu_5394_p3        |  select  |      0|  0|   2|           1|           1|
    |select_ln777_94_fu_5516_p3        |  select  |      0|  0|   2|           1|           1|
    |select_ln777_95_fu_5638_p3        |  select  |      0|  0|   2|           1|           1|
    |select_ln777_96_fu_5760_p3        |  select  |      0|  0|   2|           1|           1|
    |select_ln777_97_fu_5882_p3        |  select  |      0|  0|   2|           1|           1|
    |select_ln777_98_fu_6004_p3        |  select  |      0|  0|   2|           1|           1|
    |select_ln777_99_fu_6126_p3        |  select  |      0|  0|   2|           1|           1|
    |select_ln777_fu_1734_p3           |  select  |      0|  0|   2|           1|           1|
    |tmp_data_0_V_fu_6752_p3           |  select  |      0|  0|   6|           1|           6|
    |tmp_data_10_V_fu_6912_p3          |  select  |      0|  0|   6|           1|           6|
    |tmp_data_11_V_fu_6928_p3          |  select  |      0|  0|   6|           1|           6|
    |tmp_data_12_V_fu_6944_p3          |  select  |      0|  0|   6|           1|           6|
    |tmp_data_13_V_fu_6960_p3          |  select  |      0|  0|   6|           1|           6|
    |tmp_data_14_V_fu_6976_p3          |  select  |      0|  0|   6|           1|           6|
    |tmp_data_15_V_fu_6992_p3          |  select  |      0|  0|   6|           1|           6|
    |tmp_data_16_V_fu_7008_p3          |  select  |      0|  0|   6|           1|           6|
    |tmp_data_17_V_fu_7024_p3          |  select  |      0|  0|   6|           1|           6|
    |tmp_data_18_V_fu_7040_p3          |  select  |      0|  0|   6|           1|           6|
    |tmp_data_19_V_fu_7056_p3          |  select  |      0|  0|   6|           1|           6|
    |tmp_data_1_V_fu_6768_p3           |  select  |      0|  0|   6|           1|           6|
    |tmp_data_20_V_fu_7072_p3          |  select  |      0|  0|   6|           1|           6|
    |tmp_data_21_V_fu_7088_p3          |  select  |      0|  0|   6|           1|           6|
    |tmp_data_22_V_fu_7104_p3          |  select  |      0|  0|   6|           1|           6|
    |tmp_data_23_V_fu_7120_p3          |  select  |      0|  0|   6|           1|           6|
    |tmp_data_24_V_fu_7136_p3          |  select  |      0|  0|   6|           1|           6|
    |tmp_data_25_V_fu_7152_p3          |  select  |      0|  0|   6|           1|           6|
    |tmp_data_26_V_fu_7168_p3          |  select  |      0|  0|   6|           1|           6|
    |tmp_data_27_V_fu_7184_p3          |  select  |      0|  0|   6|           1|           6|
    |tmp_data_28_V_fu_7200_p3          |  select  |      0|  0|   6|           1|           6|
    |tmp_data_29_V_fu_7216_p3          |  select  |      0|  0|   6|           1|           6|
    |tmp_data_2_V_fu_6784_p3           |  select  |      0|  0|   6|           1|           6|
    |tmp_data_30_V_fu_7232_p3          |  select  |      0|  0|   6|           1|           6|
    |tmp_data_31_V_fu_7248_p3          |  select  |      0|  0|   6|           1|           6|
    |tmp_data_32_V_fu_7264_p3          |  select  |      0|  0|   6|           1|           6|
    |tmp_data_33_V_fu_7280_p3          |  select  |      0|  0|   6|           1|           6|
    |tmp_data_34_V_fu_7296_p3          |  select  |      0|  0|   6|           1|           6|
    |tmp_data_35_V_fu_7312_p3          |  select  |      0|  0|   6|           1|           6|
    |tmp_data_36_V_fu_7328_p3          |  select  |      0|  0|   6|           1|           6|
    |tmp_data_37_V_fu_7344_p3          |  select  |      0|  0|   6|           1|           6|
    |tmp_data_38_V_fu_7360_p3          |  select  |      0|  0|   6|           1|           6|
    |tmp_data_39_V_fu_7376_p3          |  select  |      0|  0|   6|           1|           6|
    |tmp_data_3_V_fu_6800_p3           |  select  |      0|  0|   6|           1|           6|
    |tmp_data_40_V_fu_7392_p3          |  select  |      0|  0|   6|           1|           6|
    |tmp_data_41_V_fu_7408_p3          |  select  |      0|  0|   6|           1|           6|
    |tmp_data_4_V_fu_6816_p3           |  select  |      0|  0|   6|           1|           6|
    |tmp_data_5_V_fu_6832_p3           |  select  |      0|  0|   6|           1|           6|
    |tmp_data_6_V_fu_6848_p3           |  select  |      0|  0|   6|           1|           6|
    |tmp_data_7_V_fu_6864_p3           |  select  |      0|  0|   6|           1|           6|
    |tmp_data_8_V_fu_6880_p3           |  select  |      0|  0|   6|           1|           6|
    |tmp_data_9_V_fu_6896_p3           |  select  |      0|  0|   6|           1|           6|
    |ap_enable_pp0                     |    xor   |      0|  0|   2|           1|           2|
    |xor_ln416_100_fu_6214_p2          |    xor   |      0|  0|   2|           1|           2|
    |xor_ln416_101_fu_6336_p2          |    xor   |      0|  0|   2|           1|           2|
    |xor_ln416_102_fu_6458_p2          |    xor   |      0|  0|   2|           1|           2|
    |xor_ln416_103_fu_6580_p2          |    xor   |      0|  0|   2|           1|           2|
    |xor_ln416_104_fu_6702_p2          |    xor   |      0|  0|   2|           1|           2|
    |xor_ln416_64_fu_1822_p2           |    xor   |      0|  0|   2|           1|           2|
    |xor_ln416_65_fu_1944_p2           |    xor   |      0|  0|   2|           1|           2|
    |xor_ln416_66_fu_2066_p2           |    xor   |      0|  0|   2|           1|           2|
    |xor_ln416_67_fu_2188_p2           |    xor   |      0|  0|   2|           1|           2|
    |xor_ln416_68_fu_2310_p2           |    xor   |      0|  0|   2|           1|           2|
    |xor_ln416_69_fu_2432_p2           |    xor   |      0|  0|   2|           1|           2|
    |xor_ln416_70_fu_2554_p2           |    xor   |      0|  0|   2|           1|           2|
    |xor_ln416_71_fu_2676_p2           |    xor   |      0|  0|   2|           1|           2|
    |xor_ln416_72_fu_2798_p2           |    xor   |      0|  0|   2|           1|           2|
    |xor_ln416_73_fu_2920_p2           |    xor   |      0|  0|   2|           1|           2|
    |xor_ln416_74_fu_3042_p2           |    xor   |      0|  0|   2|           1|           2|
    |xor_ln416_75_fu_3164_p2           |    xor   |      0|  0|   2|           1|           2|
    |xor_ln416_76_fu_3286_p2           |    xor   |      0|  0|   2|           1|           2|
    |xor_ln416_77_fu_3408_p2           |    xor   |      0|  0|   2|           1|           2|
    |xor_ln416_78_fu_3530_p2           |    xor   |      0|  0|   2|           1|           2|
    |xor_ln416_79_fu_3652_p2           |    xor   |      0|  0|   2|           1|           2|
    |xor_ln416_80_fu_3774_p2           |    xor   |      0|  0|   2|           1|           2|
    |xor_ln416_81_fu_3896_p2           |    xor   |      0|  0|   2|           1|           2|
    |xor_ln416_82_fu_4018_p2           |    xor   |      0|  0|   2|           1|           2|
    |xor_ln416_83_fu_4140_p2           |    xor   |      0|  0|   2|           1|           2|
    |xor_ln416_84_fu_4262_p2           |    xor   |      0|  0|   2|           1|           2|
    |xor_ln416_85_fu_4384_p2           |    xor   |      0|  0|   2|           1|           2|
    |xor_ln416_86_fu_4506_p2           |    xor   |      0|  0|   2|           1|           2|
    |xor_ln416_87_fu_4628_p2           |    xor   |      0|  0|   2|           1|           2|
    |xor_ln416_88_fu_4750_p2           |    xor   |      0|  0|   2|           1|           2|
    |xor_ln416_89_fu_4872_p2           |    xor   |      0|  0|   2|           1|           2|
    |xor_ln416_90_fu_4994_p2           |    xor   |      0|  0|   2|           1|           2|
    |xor_ln416_91_fu_5116_p2           |    xor   |      0|  0|   2|           1|           2|
    |xor_ln416_92_fu_5238_p2           |    xor   |      0|  0|   2|           1|           2|
    |xor_ln416_93_fu_5360_p2           |    xor   |      0|  0|   2|           1|           2|
    |xor_ln416_94_fu_5482_p2           |    xor   |      0|  0|   2|           1|           2|
    |xor_ln416_95_fu_5604_p2           |    xor   |      0|  0|   2|           1|           2|
    |xor_ln416_96_fu_5726_p2           |    xor   |      0|  0|   2|           1|           2|
    |xor_ln416_97_fu_5848_p2           |    xor   |      0|  0|   2|           1|           2|
    |xor_ln416_98_fu_5970_p2           |    xor   |      0|  0|   2|           1|           2|
    |xor_ln416_99_fu_6092_p2           |    xor   |      0|  0|   2|           1|           2|
    |xor_ln416_fu_1700_p2              |    xor   |      0|  0|   2|           1|           2|
    +----------------------------------+----------+-------+---+----+------------+------------+
    |Total                             |          |      0|  0|3412|        1853|        1224|
    +----------------------------------+----------+-------+---+----+------------+------------+

    * Multiplexer: 
    +------------------------+----+-----------+-----+-----------+
    |          Name          | LUT| Input Size| Bits| Total Bits|
    +------------------------+----+-----------+-----+-----------+
    |ap_done                 |   9|          2|    1|          2|
    |data_V_data_0_V_blk_n   |   9|          2|    1|          2|
    |data_V_data_10_V_blk_n  |   9|          2|    1|          2|
    |data_V_data_11_V_blk_n  |   9|          2|    1|          2|
    |data_V_data_12_V_blk_n  |   9|          2|    1|          2|
    |data_V_data_13_V_blk_n  |   9|          2|    1|          2|
    |data_V_data_14_V_blk_n  |   9|          2|    1|          2|
    |data_V_data_15_V_blk_n  |   9|          2|    1|          2|
    |data_V_data_16_V_blk_n  |   9|          2|    1|          2|
    |data_V_data_17_V_blk_n  |   9|          2|    1|          2|
    |data_V_data_18_V_blk_n  |   9|          2|    1|          2|
    |data_V_data_19_V_blk_n  |   9|          2|    1|          2|
    |data_V_data_1_V_blk_n   |   9|          2|    1|          2|
    |data_V_data_20_V_blk_n  |   9|          2|    1|          2|
    |data_V_data_21_V_blk_n  |   9|          2|    1|          2|
    |data_V_data_22_V_blk_n  |   9|          2|    1|          2|
    |data_V_data_23_V_blk_n  |   9|          2|    1|          2|
    |data_V_data_24_V_blk_n  |   9|          2|    1|          2|
    |data_V_data_25_V_blk_n  |   9|          2|    1|          2|
    |data_V_data_26_V_blk_n  |   9|          2|    1|          2|
    |data_V_data_27_V_blk_n  |   9|          2|    1|          2|
    |data_V_data_28_V_blk_n  |   9|          2|    1|          2|
    |data_V_data_29_V_blk_n  |   9|          2|    1|          2|
    |data_V_data_2_V_blk_n   |   9|          2|    1|          2|
    |data_V_data_30_V_blk_n  |   9|          2|    1|          2|
    |data_V_data_31_V_blk_n  |   9|          2|    1|          2|
    |data_V_data_32_V_blk_n  |   9|          2|    1|          2|
    |data_V_data_33_V_blk_n  |   9|          2|    1|          2|
    |data_V_data_34_V_blk_n  |   9|          2|    1|          2|
    |data_V_data_35_V_blk_n  |   9|          2|    1|          2|
    |data_V_data_36_V_blk_n  |   9|          2|    1|          2|
    |data_V_data_37_V_blk_n  |   9|          2|    1|          2|
    |data_V_data_38_V_blk_n  |   9|          2|    1|          2|
    |data_V_data_39_V_blk_n  |   9|          2|    1|          2|
    |data_V_data_3_V_blk_n   |   9|          2|    1|          2|
    |data_V_data_40_V_blk_n  |   9|          2|    1|          2|
    |data_V_data_41_V_blk_n  |   9|          2|    1|          2|
    |data_V_data_4_V_blk_n   |   9|          2|    1|          2|
    |data_V_data_5_V_blk_n   |   9|          2|    1|          2|
    |data_V_data_6_V_blk_n   |   9|          2|    1|          2|
    |data_V_data_7_V_blk_n   |   9|          2|    1|          2|
    |data_V_data_8_V_blk_n   |   9|          2|    1|          2|
    |data_V_data_9_V_blk_n   |   9|          2|    1|          2|
    |real_start              |   9|          2|    1|          2|
    |res_V_data_0_V_blk_n    |   9|          2|    1|          2|
    |res_V_data_10_V_blk_n   |   9|          2|    1|          2|
    |res_V_data_11_V_blk_n   |   9|          2|    1|          2|
    |res_V_data_12_V_blk_n   |   9|          2|    1|          2|
    |res_V_data_13_V_blk_n   |   9|          2|    1|          2|
    |res_V_data_14_V_blk_n   |   9|          2|    1|          2|
    |res_V_data_15_V_blk_n   |   9|          2|    1|          2|
    |res_V_data_16_V_blk_n   |   9|          2|    1|          2|
    |res_V_data_17_V_blk_n   |   9|          2|    1|          2|
    |res_V_data_18_V_blk_n   |   9|          2|    1|          2|
    |res_V_data_19_V_blk_n   |   9|          2|    1|          2|
    |res_V_data_1_V_blk_n    |   9|          2|    1|          2|
    |res_V_data_20_V_blk_n   |   9|          2|    1|          2|
    |res_V_data_21_V_blk_n   |   9|          2|    1|          2|
    |res_V_data_22_V_blk_n   |   9|          2|    1|          2|
    |res_V_data_23_V_blk_n   |   9|          2|    1|          2|
    |res_V_data_24_V_blk_n   |   9|          2|    1|          2|
    |res_V_data_25_V_blk_n   |   9|          2|    1|          2|
    |res_V_data_26_V_blk_n   |   9|          2|    1|          2|
    |res_V_data_27_V_blk_n   |   9|          2|    1|          2|
    |res_V_data_28_V_blk_n   |   9|          2|    1|          2|
    |res_V_data_29_V_blk_n   |   9|          2|    1|          2|
    |res_V_data_2_V_blk_n    |   9|          2|    1|          2|
    |res_V_data_30_V_blk_n   |   9|          2|    1|          2|
    |res_V_data_31_V_blk_n   |   9|          2|    1|          2|
    |res_V_data_32_V_blk_n   |   9|          2|    1|          2|
    |res_V_data_33_V_blk_n   |   9|          2|    1|          2|
    |res_V_data_34_V_blk_n   |   9|          2|    1|          2|
    |res_V_data_35_V_blk_n   |   9|          2|    1|          2|
    |res_V_data_36_V_blk_n   |   9|          2|    1|          2|
    |res_V_data_37_V_blk_n   |   9|          2|    1|          2|
    |res_V_data_38_V_blk_n   |   9|          2|    1|          2|
    |res_V_data_39_V_blk_n   |   9|          2|    1|          2|
    |res_V_data_3_V_blk_n    |   9|          2|    1|          2|
    |res_V_data_40_V_blk_n   |   9|          2|    1|          2|
    |res_V_data_41_V_blk_n   |   9|          2|    1|          2|
    |res_V_data_4_V_blk_n    |   9|          2|    1|          2|
    |res_V_data_5_V_blk_n    |   9|          2|    1|          2|
    |res_V_data_6_V_blk_n    |   9|          2|    1|          2|
    |res_V_data_7_V_blk_n    |   9|          2|    1|          2|
    |res_V_data_8_V_blk_n    |   9|          2|    1|          2|
    |res_V_data_9_V_blk_n    |   9|          2|    1|          2|
    +------------------------+----+-----------+-----+-----------+
    |Total                   | 774|        172|   86|        172|
    +------------------------+----+-----------+-----+-----------+

    * Register: 
    +-------------------------+---+----+-----+-----------+
    |           Name          | FF| LUT| Bits| Const Bits|
    +-------------------------+---+----+-----+-----------+
    |ap_CS_fsm                |  1|   0|    1|          0|
    |ap_done_reg              |  1|   0|    1|          0|
    |ap_enable_reg_pp0_iter1  |  1|   0|    1|          0|
    |start_once_reg           |  1|   0|    1|          0|
    |tmp_data_0_V_reg_7416    |  6|   0|    6|          0|
    |tmp_data_10_V_reg_7466   |  6|   0|    6|          0|
    |tmp_data_11_V_reg_7471   |  6|   0|    6|          0|
    |tmp_data_12_V_reg_7476   |  6|   0|    6|          0|
    |tmp_data_13_V_reg_7481   |  6|   0|    6|          0|
    |tmp_data_14_V_reg_7486   |  6|   0|    6|          0|
    |tmp_data_15_V_reg_7491   |  6|   0|    6|          0|
    |tmp_data_16_V_reg_7496   |  6|   0|    6|          0|
    |tmp_data_17_V_reg_7501   |  6|   0|    6|          0|
    |tmp_data_18_V_reg_7506   |  6|   0|    6|          0|
    |tmp_data_19_V_reg_7511   |  6|   0|    6|          0|
    |tmp_data_1_V_reg_7421    |  6|   0|    6|          0|
    |tmp_data_20_V_reg_7516   |  6|   0|    6|          0|
    |tmp_data_21_V_reg_7521   |  6|   0|    6|          0|
    |tmp_data_22_V_reg_7526   |  6|   0|    6|          0|
    |tmp_data_23_V_reg_7531   |  6|   0|    6|          0|
    |tmp_data_24_V_reg_7536   |  6|   0|    6|          0|
    |tmp_data_25_V_reg_7541   |  6|   0|    6|          0|
    |tmp_data_26_V_reg_7546   |  6|   0|    6|          0|
    |tmp_data_27_V_reg_7551   |  6|   0|    6|          0|
    |tmp_data_28_V_reg_7556   |  6|   0|    6|          0|
    |tmp_data_29_V_reg_7561   |  6|   0|    6|          0|
    |tmp_data_2_V_reg_7426    |  6|   0|    6|          0|
    |tmp_data_30_V_reg_7566   |  6|   0|    6|          0|
    |tmp_data_31_V_reg_7571   |  6|   0|    6|          0|
    |tmp_data_32_V_reg_7576   |  6|   0|    6|          0|
    |tmp_data_33_V_reg_7581   |  6|   0|    6|          0|
    |tmp_data_34_V_reg_7586   |  6|   0|    6|          0|
    |tmp_data_35_V_reg_7591   |  6|   0|    6|          0|
    |tmp_data_36_V_reg_7596   |  6|   0|    6|          0|
    |tmp_data_37_V_reg_7601   |  6|   0|    6|          0|
    |tmp_data_38_V_reg_7606   |  6|   0|    6|          0|
    |tmp_data_39_V_reg_7611   |  6|   0|    6|          0|
    |tmp_data_3_V_reg_7431    |  6|   0|    6|          0|
    |tmp_data_40_V_reg_7616   |  6|   0|    6|          0|
    |tmp_data_41_V_reg_7621   |  6|   0|    6|          0|
    |tmp_data_4_V_reg_7436    |  6|   0|    6|          0|
    |tmp_data_5_V_reg_7441    |  6|   0|    6|          0|
    |tmp_data_6_V_reg_7446    |  6|   0|    6|          0|
    |tmp_data_7_V_reg_7451    |  6|   0|    6|          0|
    |tmp_data_8_V_reg_7456    |  6|   0|    6|          0|
    |tmp_data_9_V_reg_7461    |  6|   0|    6|          0|
    +-------------------------+---+----+-----+-----------+
    |Total                    |256|   0|  256|          0|
    +-------------------------+---+----+-----+-----------+



================================================================
== Interface
================================================================
* Summary: 
+--------------------------+-----+-----+------------+-------------------------------------------------------------------------+--------------+
|         RTL Ports        | Dir | Bits|  Protocol  |                              Source Object                              |    C Type    |
+--------------------------+-----+-----+------------+-------------------------------------------------------------------------+--------------+
|ap_clk                    |  in |    1| ap_ctrl_hs | relu<array<ap_fixed,42u>,array<ap_ufixed<6,0,4,0,0>,42u>,relu_config18> | return value |
|ap_rst                    |  in |    1| ap_ctrl_hs | relu<array<ap_fixed,42u>,array<ap_ufixed<6,0,4,0,0>,42u>,relu_config18> | return value |
|ap_start                  |  in |    1| ap_ctrl_hs | relu<array<ap_fixed,42u>,array<ap_ufixed<6,0,4,0,0>,42u>,relu_config18> | return value |
|start_full_n              |  in |    1| ap_ctrl_hs | relu<array<ap_fixed,42u>,array<ap_ufixed<6,0,4,0,0>,42u>,relu_config18> | return value |
|ap_done                   | out |    1| ap_ctrl_hs | relu<array<ap_fixed,42u>,array<ap_ufixed<6,0,4,0,0>,42u>,relu_config18> | return value |
|ap_continue               |  in |    1| ap_ctrl_hs | relu<array<ap_fixed,42u>,array<ap_ufixed<6,0,4,0,0>,42u>,relu_config18> | return value |
|ap_idle                   | out |    1| ap_ctrl_hs | relu<array<ap_fixed,42u>,array<ap_ufixed<6,0,4,0,0>,42u>,relu_config18> | return value |
|ap_ready                  | out |    1| ap_ctrl_hs | relu<array<ap_fixed,42u>,array<ap_ufixed<6,0,4,0,0>,42u>,relu_config18> | return value |
|start_out                 | out |    1| ap_ctrl_hs | relu<array<ap_fixed,42u>,array<ap_ufixed<6,0,4,0,0>,42u>,relu_config18> | return value |
|start_write               | out |    1| ap_ctrl_hs | relu<array<ap_fixed,42u>,array<ap_ufixed<6,0,4,0,0>,42u>,relu_config18> | return value |
|data_V_data_0_V_dout      |  in |   16|   ap_fifo  |                             data_V_data_0_V                             |    pointer   |
|data_V_data_0_V_empty_n   |  in |    1|   ap_fifo  |                             data_V_data_0_V                             |    pointer   |
|data_V_data_0_V_read      | out |    1|   ap_fifo  |                             data_V_data_0_V                             |    pointer   |
|data_V_data_1_V_dout      |  in |   16|   ap_fifo  |                             data_V_data_1_V                             |    pointer   |
|data_V_data_1_V_empty_n   |  in |    1|   ap_fifo  |                             data_V_data_1_V                             |    pointer   |
|data_V_data_1_V_read      | out |    1|   ap_fifo  |                             data_V_data_1_V                             |    pointer   |
|data_V_data_2_V_dout      |  in |   16|   ap_fifo  |                             data_V_data_2_V                             |    pointer   |
|data_V_data_2_V_empty_n   |  in |    1|   ap_fifo  |                             data_V_data_2_V                             |    pointer   |
|data_V_data_2_V_read      | out |    1|   ap_fifo  |                             data_V_data_2_V                             |    pointer   |
|data_V_data_3_V_dout      |  in |   16|   ap_fifo  |                             data_V_data_3_V                             |    pointer   |
|data_V_data_3_V_empty_n   |  in |    1|   ap_fifo  |                             data_V_data_3_V                             |    pointer   |
|data_V_data_3_V_read      | out |    1|   ap_fifo  |                             data_V_data_3_V                             |    pointer   |
|data_V_data_4_V_dout      |  in |   16|   ap_fifo  |                             data_V_data_4_V                             |    pointer   |
|data_V_data_4_V_empty_n   |  in |    1|   ap_fifo  |                             data_V_data_4_V                             |    pointer   |
|data_V_data_4_V_read      | out |    1|   ap_fifo  |                             data_V_data_4_V                             |    pointer   |
|data_V_data_5_V_dout      |  in |   16|   ap_fifo  |                             data_V_data_5_V                             |    pointer   |
|data_V_data_5_V_empty_n   |  in |    1|   ap_fifo  |                             data_V_data_5_V                             |    pointer   |
|data_V_data_5_V_read      | out |    1|   ap_fifo  |                             data_V_data_5_V                             |    pointer   |
|data_V_data_6_V_dout      |  in |   16|   ap_fifo  |                             data_V_data_6_V                             |    pointer   |
|data_V_data_6_V_empty_n   |  in |    1|   ap_fifo  |                             data_V_data_6_V                             |    pointer   |
|data_V_data_6_V_read      | out |    1|   ap_fifo  |                             data_V_data_6_V                             |    pointer   |
|data_V_data_7_V_dout      |  in |   16|   ap_fifo  |                             data_V_data_7_V                             |    pointer   |
|data_V_data_7_V_empty_n   |  in |    1|   ap_fifo  |                             data_V_data_7_V                             |    pointer   |
|data_V_data_7_V_read      | out |    1|   ap_fifo  |                             data_V_data_7_V                             |    pointer   |
|data_V_data_8_V_dout      |  in |   16|   ap_fifo  |                             data_V_data_8_V                             |    pointer   |
|data_V_data_8_V_empty_n   |  in |    1|   ap_fifo  |                             data_V_data_8_V                             |    pointer   |
|data_V_data_8_V_read      | out |    1|   ap_fifo  |                             data_V_data_8_V                             |    pointer   |
|data_V_data_9_V_dout      |  in |   16|   ap_fifo  |                             data_V_data_9_V                             |    pointer   |
|data_V_data_9_V_empty_n   |  in |    1|   ap_fifo  |                             data_V_data_9_V                             |    pointer   |
|data_V_data_9_V_read      | out |    1|   ap_fifo  |                             data_V_data_9_V                             |    pointer   |
|data_V_data_10_V_dout     |  in |   16|   ap_fifo  |                             data_V_data_10_V                            |    pointer   |
|data_V_data_10_V_empty_n  |  in |    1|   ap_fifo  |                             data_V_data_10_V                            |    pointer   |
|data_V_data_10_V_read     | out |    1|   ap_fifo  |                             data_V_data_10_V                            |    pointer   |
|data_V_data_11_V_dout     |  in |   16|   ap_fifo  |                             data_V_data_11_V                            |    pointer   |
|data_V_data_11_V_empty_n  |  in |    1|   ap_fifo  |                             data_V_data_11_V                            |    pointer   |
|data_V_data_11_V_read     | out |    1|   ap_fifo  |                             data_V_data_11_V                            |    pointer   |
|data_V_data_12_V_dout     |  in |   16|   ap_fifo  |                             data_V_data_12_V                            |    pointer   |
|data_V_data_12_V_empty_n  |  in |    1|   ap_fifo  |                             data_V_data_12_V                            |    pointer   |
|data_V_data_12_V_read     | out |    1|   ap_fifo  |                             data_V_data_12_V                            |    pointer   |
|data_V_data_13_V_dout     |  in |   16|   ap_fifo  |                             data_V_data_13_V                            |    pointer   |
|data_V_data_13_V_empty_n  |  in |    1|   ap_fifo  |                             data_V_data_13_V                            |    pointer   |
|data_V_data_13_V_read     | out |    1|   ap_fifo  |                             data_V_data_13_V                            |    pointer   |
|data_V_data_14_V_dout     |  in |   16|   ap_fifo  |                             data_V_data_14_V                            |    pointer   |
|data_V_data_14_V_empty_n  |  in |    1|   ap_fifo  |                             data_V_data_14_V                            |    pointer   |
|data_V_data_14_V_read     | out |    1|   ap_fifo  |                             data_V_data_14_V                            |    pointer   |
|data_V_data_15_V_dout     |  in |   16|   ap_fifo  |                             data_V_data_15_V                            |    pointer   |
|data_V_data_15_V_empty_n  |  in |    1|   ap_fifo  |                             data_V_data_15_V                            |    pointer   |
|data_V_data_15_V_read     | out |    1|   ap_fifo  |                             data_V_data_15_V                            |    pointer   |
|data_V_data_16_V_dout     |  in |   16|   ap_fifo  |                             data_V_data_16_V                            |    pointer   |
|data_V_data_16_V_empty_n  |  in |    1|   ap_fifo  |                             data_V_data_16_V                            |    pointer   |
|data_V_data_16_V_read     | out |    1|   ap_fifo  |                             data_V_data_16_V                            |    pointer   |
|data_V_data_17_V_dout     |  in |   16|   ap_fifo  |                             data_V_data_17_V                            |    pointer   |
|data_V_data_17_V_empty_n  |  in |    1|   ap_fifo  |                             data_V_data_17_V                            |    pointer   |
|data_V_data_17_V_read     | out |    1|   ap_fifo  |                             data_V_data_17_V                            |    pointer   |
|data_V_data_18_V_dout     |  in |   16|   ap_fifo  |                             data_V_data_18_V                            |    pointer   |
|data_V_data_18_V_empty_n  |  in |    1|   ap_fifo  |                             data_V_data_18_V                            |    pointer   |
|data_V_data_18_V_read     | out |    1|   ap_fifo  |                             data_V_data_18_V                            |    pointer   |
|data_V_data_19_V_dout     |  in |   16|   ap_fifo  |                             data_V_data_19_V                            |    pointer   |
|data_V_data_19_V_empty_n  |  in |    1|   ap_fifo  |                             data_V_data_19_V                            |    pointer   |
|data_V_data_19_V_read     | out |    1|   ap_fifo  |                             data_V_data_19_V                            |    pointer   |
|data_V_data_20_V_dout     |  in |   16|   ap_fifo  |                             data_V_data_20_V                            |    pointer   |
|data_V_data_20_V_empty_n  |  in |    1|   ap_fifo  |                             data_V_data_20_V                            |    pointer   |
|data_V_data_20_V_read     | out |    1|   ap_fifo  |                             data_V_data_20_V                            |    pointer   |
|data_V_data_21_V_dout     |  in |   16|   ap_fifo  |                             data_V_data_21_V                            |    pointer   |
|data_V_data_21_V_empty_n  |  in |    1|   ap_fifo  |                             data_V_data_21_V                            |    pointer   |
|data_V_data_21_V_read     | out |    1|   ap_fifo  |                             data_V_data_21_V                            |    pointer   |
|data_V_data_22_V_dout     |  in |   16|   ap_fifo  |                             data_V_data_22_V                            |    pointer   |
|data_V_data_22_V_empty_n  |  in |    1|   ap_fifo  |                             data_V_data_22_V                            |    pointer   |
|data_V_data_22_V_read     | out |    1|   ap_fifo  |                             data_V_data_22_V                            |    pointer   |
|data_V_data_23_V_dout     |  in |   16|   ap_fifo  |                             data_V_data_23_V                            |    pointer   |
|data_V_data_23_V_empty_n  |  in |    1|   ap_fifo  |                             data_V_data_23_V                            |    pointer   |
|data_V_data_23_V_read     | out |    1|   ap_fifo  |                             data_V_data_23_V                            |    pointer   |
|data_V_data_24_V_dout     |  in |   16|   ap_fifo  |                             data_V_data_24_V                            |    pointer   |
|data_V_data_24_V_empty_n  |  in |    1|   ap_fifo  |                             data_V_data_24_V                            |    pointer   |
|data_V_data_24_V_read     | out |    1|   ap_fifo  |                             data_V_data_24_V                            |    pointer   |
|data_V_data_25_V_dout     |  in |   16|   ap_fifo  |                             data_V_data_25_V                            |    pointer   |
|data_V_data_25_V_empty_n  |  in |    1|   ap_fifo  |                             data_V_data_25_V                            |    pointer   |
|data_V_data_25_V_read     | out |    1|   ap_fifo  |                             data_V_data_25_V                            |    pointer   |
|data_V_data_26_V_dout     |  in |   16|   ap_fifo  |                             data_V_data_26_V                            |    pointer   |
|data_V_data_26_V_empty_n  |  in |    1|   ap_fifo  |                             data_V_data_26_V                            |    pointer   |
|data_V_data_26_V_read     | out |    1|   ap_fifo  |                             data_V_data_26_V                            |    pointer   |
|data_V_data_27_V_dout     |  in |   16|   ap_fifo  |                             data_V_data_27_V                            |    pointer   |
|data_V_data_27_V_empty_n  |  in |    1|   ap_fifo  |                             data_V_data_27_V                            |    pointer   |
|data_V_data_27_V_read     | out |    1|   ap_fifo  |                             data_V_data_27_V                            |    pointer   |
|data_V_data_28_V_dout     |  in |   16|   ap_fifo  |                             data_V_data_28_V                            |    pointer   |
|data_V_data_28_V_empty_n  |  in |    1|   ap_fifo  |                             data_V_data_28_V                            |    pointer   |
|data_V_data_28_V_read     | out |    1|   ap_fifo  |                             data_V_data_28_V                            |    pointer   |
|data_V_data_29_V_dout     |  in |   16|   ap_fifo  |                             data_V_data_29_V                            |    pointer   |
|data_V_data_29_V_empty_n  |  in |    1|   ap_fifo  |                             data_V_data_29_V                            |    pointer   |
|data_V_data_29_V_read     | out |    1|   ap_fifo  |                             data_V_data_29_V                            |    pointer   |
|data_V_data_30_V_dout     |  in |   16|   ap_fifo  |                             data_V_data_30_V                            |    pointer   |
|data_V_data_30_V_empty_n  |  in |    1|   ap_fifo  |                             data_V_data_30_V                            |    pointer   |
|data_V_data_30_V_read     | out |    1|   ap_fifo  |                             data_V_data_30_V                            |    pointer   |
|data_V_data_31_V_dout     |  in |   16|   ap_fifo  |                             data_V_data_31_V                            |    pointer   |
|data_V_data_31_V_empty_n  |  in |    1|   ap_fifo  |                             data_V_data_31_V                            |    pointer   |
|data_V_data_31_V_read     | out |    1|   ap_fifo  |                             data_V_data_31_V                            |    pointer   |
|data_V_data_32_V_dout     |  in |   16|   ap_fifo  |                             data_V_data_32_V                            |    pointer   |
|data_V_data_32_V_empty_n  |  in |    1|   ap_fifo  |                             data_V_data_32_V                            |    pointer   |
|data_V_data_32_V_read     | out |    1|   ap_fifo  |                             data_V_data_32_V                            |    pointer   |
|data_V_data_33_V_dout     |  in |   16|   ap_fifo  |                             data_V_data_33_V                            |    pointer   |
|data_V_data_33_V_empty_n  |  in |    1|   ap_fifo  |                             data_V_data_33_V                            |    pointer   |
|data_V_data_33_V_read     | out |    1|   ap_fifo  |                             data_V_data_33_V                            |    pointer   |
|data_V_data_34_V_dout     |  in |   16|   ap_fifo  |                             data_V_data_34_V                            |    pointer   |
|data_V_data_34_V_empty_n  |  in |    1|   ap_fifo  |                             data_V_data_34_V                            |    pointer   |
|data_V_data_34_V_read     | out |    1|   ap_fifo  |                             data_V_data_34_V                            |    pointer   |
|data_V_data_35_V_dout     |  in |   16|   ap_fifo  |                             data_V_data_35_V                            |    pointer   |
|data_V_data_35_V_empty_n  |  in |    1|   ap_fifo  |                             data_V_data_35_V                            |    pointer   |
|data_V_data_35_V_read     | out |    1|   ap_fifo  |                             data_V_data_35_V                            |    pointer   |
|data_V_data_36_V_dout     |  in |   16|   ap_fifo  |                             data_V_data_36_V                            |    pointer   |
|data_V_data_36_V_empty_n  |  in |    1|   ap_fifo  |                             data_V_data_36_V                            |    pointer   |
|data_V_data_36_V_read     | out |    1|   ap_fifo  |                             data_V_data_36_V                            |    pointer   |
|data_V_data_37_V_dout     |  in |   16|   ap_fifo  |                             data_V_data_37_V                            |    pointer   |
|data_V_data_37_V_empty_n  |  in |    1|   ap_fifo  |                             data_V_data_37_V                            |    pointer   |
|data_V_data_37_V_read     | out |    1|   ap_fifo  |                             data_V_data_37_V                            |    pointer   |
|data_V_data_38_V_dout     |  in |   16|   ap_fifo  |                             data_V_data_38_V                            |    pointer   |
|data_V_data_38_V_empty_n  |  in |    1|   ap_fifo  |                             data_V_data_38_V                            |    pointer   |
|data_V_data_38_V_read     | out |    1|   ap_fifo  |                             data_V_data_38_V                            |    pointer   |
|data_V_data_39_V_dout     |  in |   16|   ap_fifo  |                             data_V_data_39_V                            |    pointer   |
|data_V_data_39_V_empty_n  |  in |    1|   ap_fifo  |                             data_V_data_39_V                            |    pointer   |
|data_V_data_39_V_read     | out |    1|   ap_fifo  |                             data_V_data_39_V                            |    pointer   |
|data_V_data_40_V_dout     |  in |   16|   ap_fifo  |                             data_V_data_40_V                            |    pointer   |
|data_V_data_40_V_empty_n  |  in |    1|   ap_fifo  |                             data_V_data_40_V                            |    pointer   |
|data_V_data_40_V_read     | out |    1|   ap_fifo  |                             data_V_data_40_V                            |    pointer   |
|data_V_data_41_V_dout     |  in |   16|   ap_fifo  |                             data_V_data_41_V                            |    pointer   |
|data_V_data_41_V_empty_n  |  in |    1|   ap_fifo  |                             data_V_data_41_V                            |    pointer   |
|data_V_data_41_V_read     | out |    1|   ap_fifo  |                             data_V_data_41_V                            |    pointer   |
|res_V_data_0_V_din        | out |    6|   ap_fifo  |                              res_V_data_0_V                             |    pointer   |
|res_V_data_0_V_full_n     |  in |    1|   ap_fifo  |                              res_V_data_0_V                             |    pointer   |
|res_V_data_0_V_write      | out |    1|   ap_fifo  |                              res_V_data_0_V                             |    pointer   |
|res_V_data_1_V_din        | out |    6|   ap_fifo  |                              res_V_data_1_V                             |    pointer   |
|res_V_data_1_V_full_n     |  in |    1|   ap_fifo  |                              res_V_data_1_V                             |    pointer   |
|res_V_data_1_V_write      | out |    1|   ap_fifo  |                              res_V_data_1_V                             |    pointer   |
|res_V_data_2_V_din        | out |    6|   ap_fifo  |                              res_V_data_2_V                             |    pointer   |
|res_V_data_2_V_full_n     |  in |    1|   ap_fifo  |                              res_V_data_2_V                             |    pointer   |
|res_V_data_2_V_write      | out |    1|   ap_fifo  |                              res_V_data_2_V                             |    pointer   |
|res_V_data_3_V_din        | out |    6|   ap_fifo  |                              res_V_data_3_V                             |    pointer   |
|res_V_data_3_V_full_n     |  in |    1|   ap_fifo  |                              res_V_data_3_V                             |    pointer   |
|res_V_data_3_V_write      | out |    1|   ap_fifo  |                              res_V_data_3_V                             |    pointer   |
|res_V_data_4_V_din        | out |    6|   ap_fifo  |                              res_V_data_4_V                             |    pointer   |
|res_V_data_4_V_full_n     |  in |    1|   ap_fifo  |                              res_V_data_4_V                             |    pointer   |
|res_V_data_4_V_write      | out |    1|   ap_fifo  |                              res_V_data_4_V                             |    pointer   |
|res_V_data_5_V_din        | out |    6|   ap_fifo  |                              res_V_data_5_V                             |    pointer   |
|res_V_data_5_V_full_n     |  in |    1|   ap_fifo  |                              res_V_data_5_V                             |    pointer   |
|res_V_data_5_V_write      | out |    1|   ap_fifo  |                              res_V_data_5_V                             |    pointer   |
|res_V_data_6_V_din        | out |    6|   ap_fifo  |                              res_V_data_6_V                             |    pointer   |
|res_V_data_6_V_full_n     |  in |    1|   ap_fifo  |                              res_V_data_6_V                             |    pointer   |
|res_V_data_6_V_write      | out |    1|   ap_fifo  |                              res_V_data_6_V                             |    pointer   |
|res_V_data_7_V_din        | out |    6|   ap_fifo  |                              res_V_data_7_V                             |    pointer   |
|res_V_data_7_V_full_n     |  in |    1|   ap_fifo  |                              res_V_data_7_V                             |    pointer   |
|res_V_data_7_V_write      | out |    1|   ap_fifo  |                              res_V_data_7_V                             |    pointer   |
|res_V_data_8_V_din        | out |    6|   ap_fifo  |                              res_V_data_8_V                             |    pointer   |
|res_V_data_8_V_full_n     |  in |    1|   ap_fifo  |                              res_V_data_8_V                             |    pointer   |
|res_V_data_8_V_write      | out |    1|   ap_fifo  |                              res_V_data_8_V                             |    pointer   |
|res_V_data_9_V_din        | out |    6|   ap_fifo  |                              res_V_data_9_V                             |    pointer   |
|res_V_data_9_V_full_n     |  in |    1|   ap_fifo  |                              res_V_data_9_V                             |    pointer   |
|res_V_data_9_V_write      | out |    1|   ap_fifo  |                              res_V_data_9_V                             |    pointer   |
|res_V_data_10_V_din       | out |    6|   ap_fifo  |                             res_V_data_10_V                             |    pointer   |
|res_V_data_10_V_full_n    |  in |    1|   ap_fifo  |                             res_V_data_10_V                             |    pointer   |
|res_V_data_10_V_write     | out |    1|   ap_fifo  |                             res_V_data_10_V                             |    pointer   |
|res_V_data_11_V_din       | out |    6|   ap_fifo  |                             res_V_data_11_V                             |    pointer   |
|res_V_data_11_V_full_n    |  in |    1|   ap_fifo  |                             res_V_data_11_V                             |    pointer   |
|res_V_data_11_V_write     | out |    1|   ap_fifo  |                             res_V_data_11_V                             |    pointer   |
|res_V_data_12_V_din       | out |    6|   ap_fifo  |                             res_V_data_12_V                             |    pointer   |
|res_V_data_12_V_full_n    |  in |    1|   ap_fifo  |                             res_V_data_12_V                             |    pointer   |
|res_V_data_12_V_write     | out |    1|   ap_fifo  |                             res_V_data_12_V                             |    pointer   |
|res_V_data_13_V_din       | out |    6|   ap_fifo  |                             res_V_data_13_V                             |    pointer   |
|res_V_data_13_V_full_n    |  in |    1|   ap_fifo  |                             res_V_data_13_V                             |    pointer   |
|res_V_data_13_V_write     | out |    1|   ap_fifo  |                             res_V_data_13_V                             |    pointer   |
|res_V_data_14_V_din       | out |    6|   ap_fifo  |                             res_V_data_14_V                             |    pointer   |
|res_V_data_14_V_full_n    |  in |    1|   ap_fifo  |                             res_V_data_14_V                             |    pointer   |
|res_V_data_14_V_write     | out |    1|   ap_fifo  |                             res_V_data_14_V                             |    pointer   |
|res_V_data_15_V_din       | out |    6|   ap_fifo  |                             res_V_data_15_V                             |    pointer   |
|res_V_data_15_V_full_n    |  in |    1|   ap_fifo  |                             res_V_data_15_V                             |    pointer   |
|res_V_data_15_V_write     | out |    1|   ap_fifo  |                             res_V_data_15_V                             |    pointer   |
|res_V_data_16_V_din       | out |    6|   ap_fifo  |                             res_V_data_16_V                             |    pointer   |
|res_V_data_16_V_full_n    |  in |    1|   ap_fifo  |                             res_V_data_16_V                             |    pointer   |
|res_V_data_16_V_write     | out |    1|   ap_fifo  |                             res_V_data_16_V                             |    pointer   |
|res_V_data_17_V_din       | out |    6|   ap_fifo  |                             res_V_data_17_V                             |    pointer   |
|res_V_data_17_V_full_n    |  in |    1|   ap_fifo  |                             res_V_data_17_V                             |    pointer   |
|res_V_data_17_V_write     | out |    1|   ap_fifo  |                             res_V_data_17_V                             |    pointer   |
|res_V_data_18_V_din       | out |    6|   ap_fifo  |                             res_V_data_18_V                             |    pointer   |
|res_V_data_18_V_full_n    |  in |    1|   ap_fifo  |                             res_V_data_18_V                             |    pointer   |
|res_V_data_18_V_write     | out |    1|   ap_fifo  |                             res_V_data_18_V                             |    pointer   |
|res_V_data_19_V_din       | out |    6|   ap_fifo  |                             res_V_data_19_V                             |    pointer   |
|res_V_data_19_V_full_n    |  in |    1|   ap_fifo  |                             res_V_data_19_V                             |    pointer   |
|res_V_data_19_V_write     | out |    1|   ap_fifo  |                             res_V_data_19_V                             |    pointer   |
|res_V_data_20_V_din       | out |    6|   ap_fifo  |                             res_V_data_20_V                             |    pointer   |
|res_V_data_20_V_full_n    |  in |    1|   ap_fifo  |                             res_V_data_20_V                             |    pointer   |
|res_V_data_20_V_write     | out |    1|   ap_fifo  |                             res_V_data_20_V                             |    pointer   |
|res_V_data_21_V_din       | out |    6|   ap_fifo  |                             res_V_data_21_V                             |    pointer   |
|res_V_data_21_V_full_n    |  in |    1|   ap_fifo  |                             res_V_data_21_V                             |    pointer   |
|res_V_data_21_V_write     | out |    1|   ap_fifo  |                             res_V_data_21_V                             |    pointer   |
|res_V_data_22_V_din       | out |    6|   ap_fifo  |                             res_V_data_22_V                             |    pointer   |
|res_V_data_22_V_full_n    |  in |    1|   ap_fifo  |                             res_V_data_22_V                             |    pointer   |
|res_V_data_22_V_write     | out |    1|   ap_fifo  |                             res_V_data_22_V                             |    pointer   |
|res_V_data_23_V_din       | out |    6|   ap_fifo  |                             res_V_data_23_V                             |    pointer   |
|res_V_data_23_V_full_n    |  in |    1|   ap_fifo  |                             res_V_data_23_V                             |    pointer   |
|res_V_data_23_V_write     | out |    1|   ap_fifo  |                             res_V_data_23_V                             |    pointer   |
|res_V_data_24_V_din       | out |    6|   ap_fifo  |                             res_V_data_24_V                             |    pointer   |
|res_V_data_24_V_full_n    |  in |    1|   ap_fifo  |                             res_V_data_24_V                             |    pointer   |
|res_V_data_24_V_write     | out |    1|   ap_fifo  |                             res_V_data_24_V                             |    pointer   |
|res_V_data_25_V_din       | out |    6|   ap_fifo  |                             res_V_data_25_V                             |    pointer   |
|res_V_data_25_V_full_n    |  in |    1|   ap_fifo  |                             res_V_data_25_V                             |    pointer   |
|res_V_data_25_V_write     | out |    1|   ap_fifo  |                             res_V_data_25_V                             |    pointer   |
|res_V_data_26_V_din       | out |    6|   ap_fifo  |                             res_V_data_26_V                             |    pointer   |
|res_V_data_26_V_full_n    |  in |    1|   ap_fifo  |                             res_V_data_26_V                             |    pointer   |
|res_V_data_26_V_write     | out |    1|   ap_fifo  |                             res_V_data_26_V                             |    pointer   |
|res_V_data_27_V_din       | out |    6|   ap_fifo  |                             res_V_data_27_V                             |    pointer   |
|res_V_data_27_V_full_n    |  in |    1|   ap_fifo  |                             res_V_data_27_V                             |    pointer   |
|res_V_data_27_V_write     | out |    1|   ap_fifo  |                             res_V_data_27_V                             |    pointer   |
|res_V_data_28_V_din       | out |    6|   ap_fifo  |                             res_V_data_28_V                             |    pointer   |
|res_V_data_28_V_full_n    |  in |    1|   ap_fifo  |                             res_V_data_28_V                             |    pointer   |
|res_V_data_28_V_write     | out |    1|   ap_fifo  |                             res_V_data_28_V                             |    pointer   |
|res_V_data_29_V_din       | out |    6|   ap_fifo  |                             res_V_data_29_V                             |    pointer   |
|res_V_data_29_V_full_n    |  in |    1|   ap_fifo  |                             res_V_data_29_V                             |    pointer   |
|res_V_data_29_V_write     | out |    1|   ap_fifo  |                             res_V_data_29_V                             |    pointer   |
|res_V_data_30_V_din       | out |    6|   ap_fifo  |                             res_V_data_30_V                             |    pointer   |
|res_V_data_30_V_full_n    |  in |    1|   ap_fifo  |                             res_V_data_30_V                             |    pointer   |
|res_V_data_30_V_write     | out |    1|   ap_fifo  |                             res_V_data_30_V                             |    pointer   |
|res_V_data_31_V_din       | out |    6|   ap_fifo  |                             res_V_data_31_V                             |    pointer   |
|res_V_data_31_V_full_n    |  in |    1|   ap_fifo  |                             res_V_data_31_V                             |    pointer   |
|res_V_data_31_V_write     | out |    1|   ap_fifo  |                             res_V_data_31_V                             |    pointer   |
|res_V_data_32_V_din       | out |    6|   ap_fifo  |                             res_V_data_32_V                             |    pointer   |
|res_V_data_32_V_full_n    |  in |    1|   ap_fifo  |                             res_V_data_32_V                             |    pointer   |
|res_V_data_32_V_write     | out |    1|   ap_fifo  |                             res_V_data_32_V                             |    pointer   |
|res_V_data_33_V_din       | out |    6|   ap_fifo  |                             res_V_data_33_V                             |    pointer   |
|res_V_data_33_V_full_n    |  in |    1|   ap_fifo  |                             res_V_data_33_V                             |    pointer   |
|res_V_data_33_V_write     | out |    1|   ap_fifo  |                             res_V_data_33_V                             |    pointer   |
|res_V_data_34_V_din       | out |    6|   ap_fifo  |                             res_V_data_34_V                             |    pointer   |
|res_V_data_34_V_full_n    |  in |    1|   ap_fifo  |                             res_V_data_34_V                             |    pointer   |
|res_V_data_34_V_write     | out |    1|   ap_fifo  |                             res_V_data_34_V                             |    pointer   |
|res_V_data_35_V_din       | out |    6|   ap_fifo  |                             res_V_data_35_V                             |    pointer   |
|res_V_data_35_V_full_n    |  in |    1|   ap_fifo  |                             res_V_data_35_V                             |    pointer   |
|res_V_data_35_V_write     | out |    1|   ap_fifo  |                             res_V_data_35_V                             |    pointer   |
|res_V_data_36_V_din       | out |    6|   ap_fifo  |                             res_V_data_36_V                             |    pointer   |
|res_V_data_36_V_full_n    |  in |    1|   ap_fifo  |                             res_V_data_36_V                             |    pointer   |
|res_V_data_36_V_write     | out |    1|   ap_fifo  |                             res_V_data_36_V                             |    pointer   |
|res_V_data_37_V_din       | out |    6|   ap_fifo  |                             res_V_data_37_V                             |    pointer   |
|res_V_data_37_V_full_n    |  in |    1|   ap_fifo  |                             res_V_data_37_V                             |    pointer   |
|res_V_data_37_V_write     | out |    1|   ap_fifo  |                             res_V_data_37_V                             |    pointer   |
|res_V_data_38_V_din       | out |    6|   ap_fifo  |                             res_V_data_38_V                             |    pointer   |
|res_V_data_38_V_full_n    |  in |    1|   ap_fifo  |                             res_V_data_38_V                             |    pointer   |
|res_V_data_38_V_write     | out |    1|   ap_fifo  |                             res_V_data_38_V                             |    pointer   |
|res_V_data_39_V_din       | out |    6|   ap_fifo  |                             res_V_data_39_V                             |    pointer   |
|res_V_data_39_V_full_n    |  in |    1|   ap_fifo  |                             res_V_data_39_V                             |    pointer   |
|res_V_data_39_V_write     | out |    1|   ap_fifo  |                             res_V_data_39_V                             |    pointer   |
|res_V_data_40_V_din       | out |    6|   ap_fifo  |                             res_V_data_40_V                             |    pointer   |
|res_V_data_40_V_full_n    |  in |    1|   ap_fifo  |                             res_V_data_40_V                             |    pointer   |
|res_V_data_40_V_write     | out |    1|   ap_fifo  |                             res_V_data_40_V                             |    pointer   |
|res_V_data_41_V_din       | out |    6|   ap_fifo  |                             res_V_data_41_V                             |    pointer   |
|res_V_data_41_V_full_n    |  in |    1|   ap_fifo  |                             res_V_data_41_V                             |    pointer   |
|res_V_data_41_V_write     | out |    1|   ap_fifo  |                             res_V_data_41_V                             |    pointer   |
+--------------------------+-----+-----+------------+-------------------------------------------------------------------------+--------------+

