

================================================================
== Vivado HLS Report for 'Loop_2_proc'
================================================================
* Date:           Wed Apr 10 15:58:13 2024

* Version:        2019.2 (Build 2704478 on Wed Nov 06 22:10:23 MST 2019)
* Project:        myproject_prj
* Solution:       solution1
* Product family: zynquplus
* Target device:  xczu5ev-sfvc784-2LV-e


================================================================
== Performance Estimates
================================================================
+ Timing: 
    * Summary: 
    +--------+---------+----------+------------+
    |  Clock |  Target | Estimated| Uncertainty|
    +--------+---------+----------+------------+
    |ap_clk  | 5.00 ns | 4.297 ns |   0.62 ns  |
    +--------+---------+----------+------------+

+ Latency: 
    * Summary: 
    +---------+---------+-----------+-----------+-----+-----+---------+
    |  Latency (cycles) |   Latency (absolute)  |  Interval | Pipeline|
    |   min   |   max   |    min    |    max    | min | max |   Type  |
    +---------+---------+-----------+-----------+-----+-----+---------+
    |       17|       17| 85.000 ns | 85.000 ns |   17|   17|   none  |
    +---------+---------+-----------+-----------+-----+-----+---------+

    + Detail: 
        * Instance: 
        N/A

        * Loop: 
        +----------+---------+---------+----------+-----------+-----------+------+----------+
        |          |  Latency (cycles) | Iteration|  Initiation Interval  | Trip |          |
        | Loop Name|   min   |   max   |  Latency |  achieved |   target  | Count| Pipelined|
        +----------+---------+---------+----------+-----------+-----------+------+----------+
        |- Loop 1  |       16|       16|         4|          -|          -|     4|    no    |
        +----------+---------+---------+----------+-----------+-----------+------+----------+

============================================================
+ Verbose Summary: Synthesis Manager
============================================================
InlineROM: 1
ExposeGlobal: 0
============================================================
+ Verbose Summary: CDFG Model
============================================================
IsTopModel: 0
ResetActiveHigh: 1
IsCombinational: 2
IsDatapathOnly: 0
HasWiredReturn: 1
HasMFsm: 0
HasVarLatency: 1
IsPipeline: 0
IsRtlPipelined: 0
IsInstanceOverlapped: 0
IsDontTouch: 0
HasImplIP: 0
IsGatedGlobalClock: 0


============================================================
+ Verbose Summary: Schedule
============================================================
* Number of FSM states : 5
* Pipeline : 0
* Dataflow Pipeline: 0

* FSM state transitions: 
1 --> 2 
2 --> 3 
3 --> 4 
4 --> 5 
5 --> 2 

* FSM state operations: 

State 1 <SV = 0> <Delay = 0.65>
ST_1 : Operation 6 [1/1] (0.00ns)   --->   "call void (...)* @_ssdm_op_SpecInterface(i1* %out_last_V, float* %out_data, [5 x i8]* @p_str, i32 1, i32 1, [5 x i8]* @p_str1, i32 0, i32 0, [1 x i8]* @p_str2, [1 x i8]* @p_str2, [1 x i8]* @p_str2, i32 0, i32 0, i32 0, i32 0, [1 x i8]* @p_str2, [1 x i8]* @p_str2)"   --->   Operation 6 'specinterface' <Predicate = true> <Delay = 0.00>
ST_1 : Operation 7 [1/1] (0.00ns)   --->   "%p_read_1 = call i1 @_ssdm_op_Read.ap_auto.i1(i1 %p_read)"   --->   Operation 7 'read' 'p_read_1' <Predicate = true> <Delay = 0.00>
ST_1 : Operation 8 [1/1] (0.65ns)   --->   "br label %0"   --->   Operation 8 'br' <Predicate = true> <Delay = 0.65>

State 2 <SV = 1> <Delay = 2.73>
ST_2 : Operation 9 [1/1] (0.00ns)   --->   "%j3_0_i = phi i3 [ 0, %entry ], [ %j, %._crit_edge.i_ifconv ]"   --->   Operation 9 'phi' 'j3_0_i' <Predicate = true> <Delay = 0.00>
ST_2 : Operation 10 [1/1] (0.58ns)   --->   "%icmp_ln31 = icmp eq i3 %j3_0_i, -4" [firmware/myproject_axi.cpp:31]   --->   Operation 10 'icmp' 'icmp_ln31' <Predicate = true> <Delay = 0.58> <Core = "Cmp">   --->   Core 25 'Cmp' <Latency = 0> <II = 1> <Delay = 0.99> <FuncUnit> <Opcode : 'icmp'> <InPorts = 2> <OutPorts = 1>
ST_2 : Operation 11 [1/1] (0.00ns)   --->   "%empty = call i32 (...)* @_ssdm_op_SpecLoopTripCount(i64 4, i64 4, i64 4)"   --->   Operation 11 'speclooptripcount' 'empty' <Predicate = true> <Delay = 0.00>
ST_2 : Operation 12 [1/1] (0.67ns)   --->   "%j = add i3 %j3_0_i, 1" [firmware/myproject_axi.cpp:31]   --->   Operation 12 'add' 'j' <Predicate = true> <Delay = 0.67> <Core = "AddSub">   --->   Core 14 'AddSub' <Latency = 0> <II = 1> <Delay = 1.08> <FuncUnit> <Opcode : 'add' 'sub'> <InPorts = 2> <OutPorts = 1>
ST_2 : Operation 13 [1/1] (0.00ns)   --->   "br i1 %icmp_ln31, label %Loop_2_proc.exit, label %._crit_edge.i_ifconv" [firmware/myproject_axi.cpp:31]   --->   Operation 13 'br' <Predicate = true> <Delay = 0.00>
ST_2 : Operation 14 [1/1] (0.58ns)   --->   "%icmp_ln32 = icmp eq i3 %j3_0_i, 3" [firmware/myproject_axi.cpp:32]   --->   Operation 14 'icmp' 'icmp_ln32' <Predicate = (!icmp_ln31)> <Delay = 0.58> <Core = "Cmp">   --->   Core 25 'Cmp' <Latency = 0> <II = 1> <Delay = 0.99> <FuncUnit> <Opcode : 'icmp'> <InPorts = 2> <OutPorts = 1>
ST_2 : Operation 15 [1/1] (0.28ns)   --->   "%last = and i1 %icmp_ln32, %p_read_1" [firmware/myproject_axi.cpp:32]   --->   Operation 15 'and' 'last' <Predicate = (!icmp_ln31)> <Delay = 0.28> <Core = "LogicGate">   --->   Core 27 'LogicGate' <Latency = 0> <II = 1> <Delay = 0.28> <FuncUnit> <Opcode : 'and' 'or' 'xor'> <InPorts = 2> <OutPorts = 1>
ST_2 : Operation 16 [1/1] (0.00ns)   --->   "%trunc_ln935 = trunc i3 %j3_0_i to i2" [firmware/myproject_axi.cpp:33]   --->   Operation 16 'trunc' 'trunc_ln935' <Predicate = (!icmp_ln31)> <Delay = 0.00>
ST_2 : Operation 17 [1/1] (0.00ns)   --->   "%tmp_data_V_0_read = call i16 @_ssdm_op_Read.ap_auto.i16P(i16* %tmp_data_V_0)" [firmware/myproject_axi.cpp:33]   --->   Operation 17 'read' 'tmp_data_V_0_read' <Predicate = (!icmp_ln31)> <Delay = 0.00>
ST_2 : Operation 18 [1/1] (0.00ns)   --->   "%tmp_data_V_1_read = call i16 @_ssdm_op_Read.ap_auto.i16P(i16* %tmp_data_V_1)" [firmware/myproject_axi.cpp:33]   --->   Operation 18 'read' 'tmp_data_V_1_read' <Predicate = (!icmp_ln31)> <Delay = 0.00>
ST_2 : Operation 19 [1/1] (0.00ns)   --->   "%tmp_data_V_2_read = call i16 @_ssdm_op_Read.ap_auto.i16P(i16* %tmp_data_V_2)" [firmware/myproject_axi.cpp:33]   --->   Operation 19 'read' 'tmp_data_V_2_read' <Predicate = (!icmp_ln31)> <Delay = 0.00>
ST_2 : Operation 20 [1/1] (0.00ns)   --->   "%tmp_data_V_3_read = call i16 @_ssdm_op_Read.ap_auto.i16P(i16* %tmp_data_V_3)" [firmware/myproject_axi.cpp:33]   --->   Operation 20 'read' 'tmp_data_V_3_read' <Predicate = (!icmp_ln31)> <Delay = 0.00>
ST_2 : Operation 21 [1/1] (0.39ns)   --->   "%tmp_V_3 = call i16 @_ssdm_op_Mux.ap_auto.4i16.i2(i16 %tmp_data_V_0_read, i16 %tmp_data_V_1_read, i16 %tmp_data_V_2_read, i16 %tmp_data_V_3_read, i2 %trunc_ln935)" [firmware/myproject_axi.cpp:33]   --->   Operation 21 'mux' 'tmp_V_3' <Predicate = (!icmp_ln31)> <Delay = 0.39> <Core = "MuxnS">   --->   Core 31 'MuxnS' <Latency = 0> <II = 1> <Delay = 0.39> <FuncUnit> <Opcode : 'mux'> <InPorts = 2> <OutPorts = 1>
ST_2 : Operation 22 [1/1] (1.10ns)   --->   "%icmp_ln935 = icmp eq i16 %tmp_V_3, 0" [firmware/myproject_axi.cpp:33]   --->   Operation 22 'icmp' 'icmp_ln935' <Predicate = (!icmp_ln31)> <Delay = 1.10> <Core = "Cmp">   --->   Core 25 'Cmp' <Latency = 0> <II = 1> <Delay = 0.99> <FuncUnit> <Opcode : 'icmp'> <InPorts = 2> <OutPorts = 1>
ST_2 : Operation 23 [1/1] (0.00ns)   --->   "%p_Result_18 = call i1 @_ssdm_op_BitSelect.i1.i16.i32(i16 %tmp_V_3, i32 15)" [firmware/myproject_axi.cpp:33]   --->   Operation 23 'bitselect' 'p_Result_18' <Predicate = (!icmp_ln31)> <Delay = 0.00>
ST_2 : Operation 24 [1/1] (0.85ns)   --->   "%tmp_V = sub i16 0, %tmp_V_3" [firmware/myproject_axi.cpp:33]   --->   Operation 24 'sub' 'tmp_V' <Predicate = (!icmp_ln31)> <Delay = 0.85> <Core = "AddSub">   --->   Core 14 'AddSub' <Latency = 0> <II = 1> <Delay = 1.08> <FuncUnit> <Opcode : 'add' 'sub'> <InPorts = 2> <OutPorts = 1>
ST_2 : Operation 25 [1/1] (0.35ns)   --->   "%tmp_V_4 = select i1 %p_Result_18, i16 %tmp_V, i16 %tmp_V_3" [firmware/myproject_axi.cpp:33]   --->   Operation 25 'select' 'tmp_V_4' <Predicate = (!icmp_ln31)> <Delay = 0.35> <Core = "Sel">   --->   Core 26 'Sel' <Latency = 0> <II = 1> <Delay = 0.44> <FuncUnit> <Opcode : 'select'> <InPorts = 3> <OutPorts = 1>
ST_2 : Operation 26 [1/1] (0.00ns)   --->   "%p_Result_s = call i16 @llvm.part.select.i16(i16 %tmp_V_4, i32 15, i32 0) nounwind" [firmware/myproject_axi.cpp:33]   --->   Operation 26 'partselect' 'p_Result_s' <Predicate = (!icmp_ln31)> <Delay = 0.00>
ST_2 : Operation 27 [1/1] (0.00ns)   --->   "%p_Result_19 = call i32 @_ssdm_op_BitConcatenate.i32.i16.i16(i16 -1, i16 %p_Result_s)" [firmware/myproject_axi.cpp:33]   --->   Operation 27 'bitconcatenate' 'p_Result_19' <Predicate = (!icmp_ln31)> <Delay = 0.00>
ST_2 : Operation 28 [1/1] (1.12ns)   --->   "%l = call i32 @llvm.cttz.i32(i32 %p_Result_19, i1 true) nounwind" [firmware/myproject_axi.cpp:33]   --->   Operation 28 'cttz' 'l' <Predicate = (!icmp_ln31)> <Delay = 1.12> <Core = "CTTZ">   --->   Core 64 'CTTZ' <Latency = 0> <II = 1> <Delay = 1.12> <FuncUnit> <Opcode : 'cttz'> <InPorts = 1> <OutPorts = 1>
ST_2 : Operation 29 [1/1] (0.00ns)   --->   "%trunc_ln943 = trunc i32 %l to i8" [firmware/myproject_axi.cpp:33]   --->   Operation 29 'trunc' 'trunc_ln943' <Predicate = (!icmp_ln31)> <Delay = 0.00>
ST_2 : Operation 30 [1/1] (0.00ns)   --->   "ret void"   --->   Operation 30 'ret' <Predicate = (icmp_ln31)> <Delay = 0.00>

State 3 <SV = 2> <Delay = 3.31>
ST_3 : Operation 31 [1/1] (1.01ns)   --->   "%sub_ln944 = sub nsw i32 16, %l" [firmware/myproject_axi.cpp:33]   --->   Operation 31 'sub' 'sub_ln944' <Predicate = (!icmp_ln935)> <Delay = 1.01> <Core = "AddSub">   --->   Core 14 'AddSub' <Latency = 0> <II = 1> <Delay = 1.08> <FuncUnit> <Opcode : 'add' 'sub'> <InPorts = 2> <OutPorts = 1>
ST_3 : Operation 32 [1/1] (0.00ns)   --->   "%trunc_ln944 = trunc i32 %sub_ln944 to i16" [firmware/myproject_axi.cpp:33]   --->   Operation 32 'trunc' 'trunc_ln944' <Predicate = (!icmp_ln935)> <Delay = 0.00>
ST_3 : Operation 33 [1/1] (1.01ns)   --->   "%lsb_index = add nsw i32 -24, %sub_ln944" [firmware/myproject_axi.cpp:33]   --->   Operation 33 'add' 'lsb_index' <Predicate = (!icmp_ln935)> <Delay = 1.01> <Core = "AddSub">   --->   Core 14 'AddSub' <Latency = 0> <II = 1> <Delay = 1.08> <FuncUnit> <Opcode : 'add' 'sub'> <InPorts = 2> <OutPorts = 1>
ST_3 : Operation 34 [1/1] (0.00ns)   --->   "%tmp = call i31 @_ssdm_op_PartSelect.i31.i32.i32.i32(i32 %lsb_index, i32 1, i32 31)" [firmware/myproject_axi.cpp:33]   --->   Operation 34 'partselect' 'tmp' <Predicate = (!icmp_ln935)> <Delay = 0.00>
ST_3 : Operation 35 [1/1] (0.99ns)   --->   "%icmp_ln947 = icmp sgt i31 %tmp, 0" [firmware/myproject_axi.cpp:33]   --->   Operation 35 'icmp' 'icmp_ln947' <Predicate = (!icmp_ln935)> <Delay = 0.99> <Core = "Cmp">   --->   Core 25 'Cmp' <Latency = 0> <II = 1> <Delay = 0.99> <FuncUnit> <Opcode : 'icmp'> <InPorts = 2> <OutPorts = 1>
ST_3 : Operation 36 [1/1] (0.00ns)   --->   "%trunc_ln947 = trunc i32 %sub_ln944 to i5" [firmware/myproject_axi.cpp:33]   --->   Operation 36 'trunc' 'trunc_ln947' <Predicate = (!icmp_ln935)> <Delay = 0.00>
ST_3 : Operation 37 [1/1] (0.78ns)   --->   "%sub_ln947 = sub i5 9, %trunc_ln947" [firmware/myproject_axi.cpp:33]   --->   Operation 37 'sub' 'sub_ln947' <Predicate = (!icmp_ln935)> <Delay = 0.78> <Core = "AddSub">   --->   Core 14 'AddSub' <Latency = 0> <II = 1> <Delay = 1.08> <FuncUnit> <Opcode : 'add' 'sub'> <InPorts = 2> <OutPorts = 1>
ST_3 : Operation 38 [1/1] (0.00ns) (grouped into LUT with out node icmp_ln947_1)   --->   "%zext_ln947 = zext i5 %sub_ln947 to i16" [firmware/myproject_axi.cpp:33]   --->   Operation 38 'zext' 'zext_ln947' <Predicate = (!icmp_ln935)> <Delay = 0.00>
ST_3 : Operation 39 [1/1] (0.00ns) (grouped into LUT with out node icmp_ln947_1)   --->   "%lshr_ln947 = lshr i16 -1, %zext_ln947" [firmware/myproject_axi.cpp:33]   --->   Operation 39 'lshr' 'lshr_ln947' <Predicate = (!icmp_ln935)> <Delay = 0.00> <Core = "Shift">   --->   Core 28 'Shift' <Latency = 0> <II = 1> <Delay = 1.38> <FuncUnit> <Opcode : 'shl' 'lshr' 'ashr'> <InPorts = 2> <OutPorts = 1>
ST_3 : Operation 40 [1/1] (0.00ns) (grouped into LUT with out node icmp_ln947_1)   --->   "%p_Result_15 = and i16 %tmp_V_4, %lshr_ln947" [firmware/myproject_axi.cpp:33]   --->   Operation 40 'and' 'p_Result_15' <Predicate = (!icmp_ln935)> <Delay = 0.00> <Core = "LogicGate">   --->   Core 27 'LogicGate' <Latency = 0> <II = 1> <Delay = 0.28> <FuncUnit> <Opcode : 'and' 'or' 'xor'> <InPorts = 2> <OutPorts = 1>
ST_3 : Operation 41 [1/1] (1.10ns) (out node of the LUT)   --->   "%icmp_ln947_1 = icmp ne i16 %p_Result_15, 0" [firmware/myproject_axi.cpp:33]   --->   Operation 41 'icmp' 'icmp_ln947_1' <Predicate = (!icmp_ln935)> <Delay = 1.10> <Core = "Cmp">   --->   Core 25 'Cmp' <Latency = 0> <II = 1> <Delay = 0.99> <FuncUnit> <Opcode : 'icmp'> <InPorts = 2> <OutPorts = 1>
ST_3 : Operation 42 [1/1] (0.00ns) (grouped into LUT with out node or_ln_i)   --->   "%a = and i1 %icmp_ln947, %icmp_ln947_1" [firmware/myproject_axi.cpp:33]   --->   Operation 42 'and' 'a' <Predicate = (!icmp_ln935)> <Delay = 0.00> <Core = "LogicGate">   --->   Core 27 'LogicGate' <Latency = 0> <II = 1> <Delay = 0.28> <FuncUnit> <Opcode : 'and' 'or' 'xor'> <InPorts = 2> <OutPorts = 1>
ST_3 : Operation 43 [1/1] (0.00ns) (grouped into LUT with out node or_ln_i)   --->   "%tmp_57 = call i1 @_ssdm_op_BitSelect.i1.i32.i32(i32 %lsb_index, i32 31)" [firmware/myproject_axi.cpp:33]   --->   Operation 43 'bitselect' 'tmp_57' <Predicate = (!icmp_ln935)> <Delay = 0.00>
ST_3 : Operation 44 [1/1] (0.00ns) (grouped into LUT with out node or_ln_i)   --->   "%xor_ln949 = xor i1 %tmp_57, true" [firmware/myproject_axi.cpp:33]   --->   Operation 44 'xor' 'xor_ln949' <Predicate = (!icmp_ln935)> <Delay = 0.00> <Core = "LogicGate">   --->   Core 27 'LogicGate' <Latency = 0> <II = 1> <Delay = 0.28> <FuncUnit> <Opcode : 'and' 'or' 'xor'> <InPorts = 2> <OutPorts = 1>
ST_3 : Operation 45 [1/1] (0.85ns)   --->   "%add_ln949 = add i16 -24, %trunc_ln944" [firmware/myproject_axi.cpp:33]   --->   Operation 45 'add' 'add_ln949' <Predicate = (!icmp_ln935)> <Delay = 0.85> <Core = "AddSub">   --->   Core 14 'AddSub' <Latency = 0> <II = 1> <Delay = 1.08> <FuncUnit> <Opcode : 'add' 'sub'> <InPorts = 2> <OutPorts = 1>
ST_3 : Operation 46 [1/1] (0.00ns) (grouped into LUT with out node or_ln_i)   --->   "%p_Result_16 = call i1 @_ssdm_op_BitSelect.i1.i16.i16(i16 %tmp_V_4, i16 %add_ln949)" [firmware/myproject_axi.cpp:33]   --->   Operation 46 'bitselect' 'p_Result_16' <Predicate = (!icmp_ln935)> <Delay = 0.00>
ST_3 : Operation 47 [1/1] (0.00ns) (grouped into LUT with out node or_ln_i)   --->   "%and_ln949 = and i1 %p_Result_16, %xor_ln949" [firmware/myproject_axi.cpp:33]   --->   Operation 47 'and' 'and_ln949' <Predicate = (!icmp_ln935)> <Delay = 0.00> <Core = "LogicGate">   --->   Core 27 'LogicGate' <Latency = 0> <II = 1> <Delay = 0.28> <FuncUnit> <Opcode : 'and' 'or' 'xor'> <InPorts = 2> <OutPorts = 1>
ST_3 : Operation 48 [1/1] (0.00ns) (grouped into LUT with out node or_ln_i)   --->   "%or_ln949 = or i1 %and_ln949, %a" [firmware/myproject_axi.cpp:33]   --->   Operation 48 'or' 'or_ln949' <Predicate = (!icmp_ln935)> <Delay = 0.00> <Core = "LogicGate">   --->   Core 27 'LogicGate' <Latency = 0> <II = 1> <Delay = 0.28> <FuncUnit> <Opcode : 'and' 'or' 'xor'> <InPorts = 2> <OutPorts = 1>
ST_3 : Operation 49 [1/1] (0.28ns) (out node of the LUT)   --->   "%or_ln_i = call i32 @_ssdm_op_BitConcatenate.i32.i31.i1(i31 0, i1 %or_ln949)" [firmware/myproject_axi.cpp:33]   --->   Operation 49 'bitconcatenate' 'or_ln_i' <Predicate = (!icmp_ln935)> <Delay = 0.28>
ST_3 : Operation 50 [1/1] (0.99ns)   --->   "%icmp_ln958 = icmp sgt i32 %lsb_index, 0" [firmware/myproject_axi.cpp:33]   --->   Operation 50 'icmp' 'icmp_ln958' <Predicate = (!icmp_ln935)> <Delay = 0.99> <Core = "Cmp">   --->   Core 25 'Cmp' <Latency = 0> <II = 1> <Delay = 0.99> <FuncUnit> <Opcode : 'icmp'> <InPorts = 2> <OutPorts = 1>

State 4 <SV = 3> <Delay = 4.29>
ST_4 : Operation 51 [1/1] (0.00ns) (grouped into LUT with out node m_2)   --->   "%m = zext i16 %tmp_V_4 to i64" [firmware/myproject_axi.cpp:33]   --->   Operation 51 'zext' 'm' <Predicate = (!icmp_ln958 & !icmp_ln935)> <Delay = 0.00>
ST_4 : Operation 52 [1/1] (0.00ns) (grouped into LUT with out node m_2)   --->   "%zext_ln957_1 = zext i16 %tmp_V_4 to i32" [firmware/myproject_axi.cpp:33]   --->   Operation 52 'zext' 'zext_ln957_1' <Predicate = (icmp_ln958 & !icmp_ln935)> <Delay = 0.00>
ST_4 : Operation 53 [1/1] (1.01ns)   --->   "%add_ln958 = add nsw i32 -25, %sub_ln944" [firmware/myproject_axi.cpp:33]   --->   Operation 53 'add' 'add_ln958' <Predicate = (icmp_ln958 & !icmp_ln935)> <Delay = 1.01> <Core = "AddSub">   --->   Core 14 'AddSub' <Latency = 0> <II = 1> <Delay = 1.08> <FuncUnit> <Opcode : 'add' 'sub'> <InPorts = 2> <OutPorts = 1>
ST_4 : Operation 54 [1/1] (0.00ns) (grouped into LUT with out node m_2)   --->   "%lshr_ln958 = lshr i32 %zext_ln957_1, %add_ln958" [firmware/myproject_axi.cpp:33]   --->   Operation 54 'lshr' 'lshr_ln958' <Predicate = (icmp_ln958 & !icmp_ln935)> <Delay = 0.00> <Core = "Shift">   --->   Core 28 'Shift' <Latency = 0> <II = 1> <Delay = 1.38> <FuncUnit> <Opcode : 'shl' 'lshr' 'ashr'> <InPorts = 2> <OutPorts = 1>
ST_4 : Operation 55 [1/1] (0.00ns) (grouped into LUT with out node m_2)   --->   "%zext_ln958 = zext i32 %lshr_ln958 to i64" [firmware/myproject_axi.cpp:33]   --->   Operation 55 'zext' 'zext_ln958' <Predicate = (icmp_ln958 & !icmp_ln935)> <Delay = 0.00>
ST_4 : Operation 56 [1/1] (1.01ns)   --->   "%sub_ln958 = sub i32 25, %sub_ln944" [firmware/myproject_axi.cpp:33]   --->   Operation 56 'sub' 'sub_ln958' <Predicate = (!icmp_ln958 & !icmp_ln935)> <Delay = 1.01> <Core = "AddSub">   --->   Core 14 'AddSub' <Latency = 0> <II = 1> <Delay = 1.08> <FuncUnit> <Opcode : 'add' 'sub'> <InPorts = 2> <OutPorts = 1>
ST_4 : Operation 57 [1/1] (0.00ns) (grouped into LUT with out node m_2)   --->   "%zext_ln958_1 = zext i32 %sub_ln958 to i64" [firmware/myproject_axi.cpp:33]   --->   Operation 57 'zext' 'zext_ln958_1' <Predicate = (!icmp_ln958 & !icmp_ln935)> <Delay = 0.00>
ST_4 : Operation 58 [1/1] (0.00ns) (grouped into LUT with out node m_2)   --->   "%shl_ln958 = shl i64 %m, %zext_ln958_1" [firmware/myproject_axi.cpp:33]   --->   Operation 58 'shl' 'shl_ln958' <Predicate = (!icmp_ln958 & !icmp_ln935)> <Delay = 0.00> <Core = "Shift">   --->   Core 28 'Shift' <Latency = 0> <II = 1> <Delay = 1.38> <FuncUnit> <Opcode : 'shl' 'lshr' 'ashr'> <InPorts = 2> <OutPorts = 1>
ST_4 : Operation 59 [1/1] (0.00ns) (grouped into LUT with out node m_2)   --->   "%m_1 = select i1 %icmp_ln958, i64 %zext_ln958, i64 %shl_ln958" [firmware/myproject_axi.cpp:33]   --->   Operation 59 'select' 'm_1' <Predicate = (!icmp_ln935)> <Delay = 0.00> <Core = "Sel">   --->   Core 26 'Sel' <Latency = 0> <II = 1> <Delay = 0.44> <FuncUnit> <Opcode : 'select'> <InPorts = 3> <OutPorts = 1>
ST_4 : Operation 60 [1/1] (0.00ns) (grouped into LUT with out node m_2)   --->   "%zext_ln961 = zext i32 %or_ln_i to i64" [firmware/myproject_axi.cpp:33]   --->   Operation 60 'zext' 'zext_ln961' <Predicate = (!icmp_ln935)> <Delay = 0.00>
ST_4 : Operation 61 [1/1] (1.38ns) (out node of the LUT)   --->   "%m_2 = add i64 %zext_ln961, %m_1" [firmware/myproject_axi.cpp:33]   --->   Operation 61 'add' 'm_2' <Predicate = (!icmp_ln935)> <Delay = 1.38> <Core = "AddSub">   --->   Core 14 'AddSub' <Latency = 0> <II = 1> <Delay = 1.08> <FuncUnit> <Opcode : 'add' 'sub'> <InPorts = 2> <OutPorts = 1>
ST_4 : Operation 62 [1/1] (0.00ns)   --->   "%m_5 = call i63 @_ssdm_op_PartSelect.i63.i64.i32.i32(i64 %m_2, i32 1, i32 63)" [firmware/myproject_axi.cpp:33]   --->   Operation 62 'partselect' 'm_5' <Predicate = (!icmp_ln935)> <Delay = 0.00>
ST_4 : Operation 63 [1/1] (0.00ns)   --->   "%m_6 = zext i63 %m_5 to i64" [firmware/myproject_axi.cpp:33]   --->   Operation 63 'zext' 'm_6' <Predicate = (!icmp_ln935)> <Delay = 0.00>
ST_4 : Operation 64 [1/1] (0.00ns)   --->   "%tmp_58 = call i1 @_ssdm_op_BitSelect.i1.i64.i32(i64 %m_2, i32 25)" [firmware/myproject_axi.cpp:33]   --->   Operation 64 'bitselect' 'tmp_58' <Predicate = (!icmp_ln935)> <Delay = 0.00>
ST_4 : Operation 65 [1/1] (0.39ns)   --->   "%select_ln964 = select i1 %tmp_58, i8 127, i8 126" [firmware/myproject_axi.cpp:33]   --->   Operation 65 'select' 'select_ln964' <Predicate = (!icmp_ln935)> <Delay = 0.39> <Core = "Sel">   --->   Core 26 'Sel' <Latency = 0> <II = 1> <Delay = 0.44> <FuncUnit> <Opcode : 'select'> <InPorts = 3> <OutPorts = 1>
ST_4 : Operation 66 [1/1] (0.00ns) (grouped into TernaryAdder)   --->   "%sub_ln964 = sub i8 6, %trunc_ln943" [firmware/myproject_axi.cpp:33]   --->   Operation 66 'sub' 'sub_ln964' <Predicate = (!icmp_ln935)> <Delay = 0.00> <Core = "TAddSub">   --->   Core 83 'TAddSub' <Latency = 0> <II = 1> <Delay = 0.52> <IPBlock> <Opcode : 'add' 'sub'> <InPorts = 3> <OutPorts = 1> <Sync> <CReg>
ST_4 : Operation 67 [1/1] (1.05ns) (root node of TernaryAdder)   --->   "%add_ln964 = add i8 %sub_ln964, %select_ln964" [firmware/myproject_axi.cpp:33]   --->   Operation 67 'add' 'add_ln964' <Predicate = (!icmp_ln935)> <Delay = 1.05> <Core = "TAddSub">   --->   Core 83 'TAddSub' <Latency = 0> <II = 1> <Delay = 0.52> <IPBlock> <Opcode : 'add' 'sub'> <InPorts = 3> <OutPorts = 1> <Sync> <CReg>
ST_4 : Operation 68 [1/1] (0.00ns)   --->   "%tmp_70_i = call i9 @_ssdm_op_BitConcatenate.i9.i1.i8(i1 %p_Result_18, i8 %add_ln964)" [firmware/myproject_axi.cpp:33]   --->   Operation 68 'bitconcatenate' 'tmp_70_i' <Predicate = (!icmp_ln935)> <Delay = 0.00>
ST_4 : Operation 69 [1/1] (0.00ns)   --->   "%p_Result_20 = call i64 @_ssdm_op_PartSet.i64.i64.i9.i32.i32(i64 %m_6, i9 %tmp_70_i, i32 23, i32 31)" [firmware/myproject_axi.cpp:33]   --->   Operation 69 'partset' 'p_Result_20' <Predicate = (!icmp_ln935)> <Delay = 0.00>
ST_4 : Operation 70 [1/1] (0.00ns)   --->   "%trunc_ln738 = trunc i64 %p_Result_20 to i32" [firmware/myproject_axi.cpp:33]   --->   Operation 70 'trunc' 'trunc_ln738' <Predicate = (!icmp_ln935)> <Delay = 0.00>
ST_4 : Operation 71 [1/1] (0.00ns)   --->   "%bitcast_ln739 = bitcast i32 %trunc_ln738 to float" [firmware/myproject_axi.cpp:33]   --->   Operation 71 'bitcast' 'bitcast_ln739' <Predicate = (!icmp_ln935)> <Delay = 0.00>
ST_4 : Operation 72 [1/1] (0.44ns)   --->   "%select_ln935 = select i1 %icmp_ln935, float 0.000000e+00, float %bitcast_ln739" [firmware/myproject_axi.cpp:33]   --->   Operation 72 'select' 'select_ln935' <Predicate = true> <Delay = 0.44> <Core = "Sel">   --->   Core 26 'Sel' <Latency = 0> <II = 1> <Delay = 0.44> <FuncUnit> <Opcode : 'select'> <InPorts = 3> <OutPorts = 1>
ST_4 : Operation 73 [2/2] (0.00ns)   --->   "call void @_ssdm_op_Write.axis.volatile.i1P.floatP(i1* %out_last_V, float* %out_data, i1 %last, float %select_ln935)" [firmware/myproject_axi.h:23->firmware/myproject_axi.cpp:33]   --->   Operation 73 'write' <Predicate = true> <Delay = 0.00> <Core = "AXI4Stream">   --->   Core 5 'AXI4Stream' <Latency = 0> <II = 1> <Delay = 1.00> <Adapter> <Opcode : >

State 5 <SV = 4> <Delay = 0.00>
ST_5 : Operation 74 [1/2] (0.00ns)   --->   "call void @_ssdm_op_Write.axis.volatile.i1P.floatP(i1* %out_last_V, float* %out_data, i1 %last, float %select_ln935)" [firmware/myproject_axi.h:23->firmware/myproject_axi.cpp:33]   --->   Operation 74 'write' <Predicate = true> <Delay = 0.00> <Core = "AXI4Stream">   --->   Core 5 'AXI4Stream' <Latency = 0> <II = 1> <Delay = 1.00> <Adapter> <Opcode : >
ST_5 : Operation 75 [1/1] (0.00ns)   --->   "br label %0" [firmware/myproject_axi.cpp:31]   --->   Operation 75 'br' <Predicate = true> <Delay = 0.00>


============================================================
+ Verbose Summary: Timing violations
============================================================
Target clock period: 5ns, clock uncertainty: 0.625ns.

 <State 1>: 0.656ns
The critical path consists of the following:
	multiplexor before 'phi' operation ('j') with incoming values : ('j', firmware/myproject_axi.cpp:31) [12]  (0.656 ns)

 <State 2>: 2.73ns
The critical path consists of the following:
	'phi' operation ('j') with incoming values : ('j', firmware/myproject_axi.cpp:31) [12]  (0 ns)
	'mux' operation ('tmp.V', firmware/myproject_axi.cpp:33) [25]  (0.392 ns)
	'sub' operation ('tmp.V', firmware/myproject_axi.cpp:33) [28]  (0.853 ns)
	'select' operation ('tmp.V', firmware/myproject_axi.cpp:33) [29]  (0.357 ns)
	'cttz' operation ('l', firmware/myproject_axi.cpp:33) [32]  (1.13 ns)

 <State 3>: 3.32ns
The critical path consists of the following:
	'sub' operation ('sub_ln944', firmware/myproject_axi.cpp:33) [33]  (1.02 ns)
	'add' operation ('lsb_index', firmware/myproject_axi.cpp:33) [35]  (1.02 ns)
	'icmp' operation ('icmp_ln947', firmware/myproject_axi.cpp:33) [37]  (0.998 ns)
	'and' operation ('a', firmware/myproject_axi.cpp:33) [44]  (0 ns)
	'or' operation ('or_ln949', firmware/myproject_axi.cpp:33) [50]  (0 ns)
	blocking operation 0.287 ns on control path)

 <State 4>: 4.3ns
The critical path consists of the following:
	'add' operation ('add_ln958', firmware/myproject_axi.cpp:33) [55]  (1.02 ns)
	'lshr' operation ('lshr_ln958', firmware/myproject_axi.cpp:33) [56]  (0 ns)
	'select' operation ('m', firmware/myproject_axi.cpp:33) [61]  (0 ns)
	'add' operation ('m', firmware/myproject_axi.cpp:33) [63]  (1.39 ns)
	'select' operation ('select_ln964', firmware/myproject_axi.cpp:33) [67]  (0.393 ns)
	'add' operation ('add_ln964', firmware/myproject_axi.cpp:33) [70]  (1.05 ns)
	'select' operation ('select_ln935', firmware/myproject_axi.cpp:33) [75]  (0.449 ns)

 <State 5>: 0ns
The critical path consists of the following:


============================================================
+ Verbose Summary: Binding
============================================================
N/A
* FSMD analyzer results:
  - Output states:
 - Input state : 
  - Chain level:
	State 1
	State 2
	State 3
	State 4
	State 5


============================================================
+ Verbose Summary: Datapath Resource usage 
============================================================
N/A
