

================================================================
== Vivado HLS Report for 'pooling2d_cl_1'
================================================================
* Date:           Wed Apr 10 00:26:22 2024

* Version:        2019.2 (Build 2704478 on Wed Nov 06 22:10:23 MST 2019)
* Project:        myproject_prj
* Solution:       solution1
* Product family: zynquplus
* Target device:  xczu5ev-sfvc784-2LV-e


================================================================
== Performance Estimates
================================================================
+ Timing: 
    * Summary: 
    +--------+---------+----------+------------+
    |  Clock |  Target | Estimated| Uncertainty|
    +--------+---------+----------+------------+
    |ap_clk  | 5.00 ns | 3.657 ns |   0.62 ns  |
    +--------+---------+----------+------------+

+ Latency: 
    * Summary: 
    +---------+---------+-----------+-----------+------+------+---------+
    |  Latency (cycles) |   Latency (absolute)  |   Interval  | Pipeline|
    |   min   |   max   |    min    |    max    |  min |  max |   Type  |
    +---------+---------+-----------+-----------+------+------+---------+
    |     3847|     3847| 19.235 us | 19.235 us |  3847|  3847|   none  |
    +---------+---------+-----------+-----------+------+------+---------+

    + Detail: 
        * Instance: 
        N/A

        * Loop: 
        +----------------------------------+---------+---------+----------+-----------+-----------+------+----------+
        |                                  |  Latency (cycles) | Iteration|  Initiation Interval  | Trip |          |
        |             Loop Name            |   min   |   max   |  Latency |  achieved |   target  | Count| Pipelined|
        +----------------------------------+---------+---------+----------+-----------+-----------+------+----------+
        |- ReadInputHeight_ReadInputWidth  |     3845|     3845|         3|          1|          1|  3844|    yes   |
        +----------------------------------+---------+---------+----------+-----------+-----------+------+----------+

============================================================
+ Verbose Summary: Synthesis Manager
============================================================
InlineROM: 1
ExposeGlobal: 0
============================================================
+ Verbose Summary: CDFG Model
============================================================
IsTopModel: 0
ResetActiveHigh: 1
IsCombinational: 2
IsDatapathOnly: 0
HasWiredReturn: 1
HasMFsm: 0
HasVarLatency: 1
IsPipeline: 0
IsRtlPipelined: 0
IsInstanceOverlapped: 0
IsDontTouch: 0
HasImplIP: 0
IsGatedGlobalClock: 0

+ Individual pipeline summary: 
  * Pipeline-0: initiation interval (II) = 1, depth = 3


============================================================
+ Verbose Summary: Schedule
============================================================
* Number of FSM states : 5
* Pipeline : 1
  Pipeline-0 : II = 1, D = 3, States = { 2 3 4 }
* Dataflow Pipeline: 0

* FSM state transitions: 
1 --> 2 
2 --> 5 3 
3 --> 4 
4 --> 2 
5 --> 

* FSM state operations: 

State 1 <SV = 0> <Delay = 0.65>
ST_1 : Operation 6 [1/1] (0.00ns)   --->   "call void (...)* @_ssdm_op_SpecInterface(i16* %res_V_data_3_V, [8 x i8]* @ap_fifo_str, i32 0, i32 0, [1 x i8]* @p_str418, i32 0, i32 0, [1 x i8]* @p_str419, [1 x i8]* @p_str420, [1 x i8]* @p_str421, i32 2, i32 2, i32 16, i32 16, [1 x i8]* @p_str422, [1 x i8]* @p_str423)"   --->   Operation 6 'specinterface' <Predicate = true> <Delay = 0.00>
ST_1 : Operation 7 [1/1] (0.00ns)   --->   "call void (...)* @_ssdm_op_SpecInterface(i16* %res_V_data_2_V, [8 x i8]* @ap_fifo_str, i32 0, i32 0, [1 x i8]* @p_str411, i32 0, i32 0, [1 x i8]* @p_str412, [1 x i8]* @p_str413, [1 x i8]* @p_str414, i32 2, i32 2, i32 16, i32 16, [1 x i8]* @p_str415, [1 x i8]* @p_str416)"   --->   Operation 7 'specinterface' <Predicate = true> <Delay = 0.00>
ST_1 : Operation 8 [1/1] (0.00ns)   --->   "call void (...)* @_ssdm_op_SpecInterface(i16* %res_V_data_1_V, [8 x i8]* @ap_fifo_str, i32 0, i32 0, [1 x i8]* @p_str404, i32 0, i32 0, [1 x i8]* @p_str405, [1 x i8]* @p_str406, [1 x i8]* @p_str407, i32 2, i32 2, i32 16, i32 16, [1 x i8]* @p_str408, [1 x i8]* @p_str409)"   --->   Operation 8 'specinterface' <Predicate = true> <Delay = 0.00>
ST_1 : Operation 9 [1/1] (0.00ns)   --->   "call void (...)* @_ssdm_op_SpecInterface(i16* %res_V_data_0_V, [8 x i8]* @ap_fifo_str, i32 0, i32 0, [1 x i8]* @p_str397, i32 0, i32 0, [1 x i8]* @p_str398, [1 x i8]* @p_str399, [1 x i8]* @p_str400, i32 2, i32 2, i32 16, i32 16, [1 x i8]* @p_str401, [1 x i8]* @p_str402)"   --->   Operation 9 'specinterface' <Predicate = true> <Delay = 0.00>
ST_1 : Operation 10 [1/1] (0.00ns)   --->   "call void (...)* @_ssdm_op_SpecInterface(i6* %data_V_data_3_V, [8 x i8]* @ap_fifo_str, i32 0, i32 0, [1 x i8]* @p_str390, i32 0, i32 0, [1 x i8]* @p_str391, [1 x i8]* @p_str392, [1 x i8]* @p_str393, i32 2, i32 2, i32 16, i32 16, [1 x i8]* @p_str394, [1 x i8]* @p_str395)"   --->   Operation 10 'specinterface' <Predicate = true> <Delay = 0.00>
ST_1 : Operation 11 [1/1] (0.00ns)   --->   "call void (...)* @_ssdm_op_SpecInterface(i6* %data_V_data_2_V, [8 x i8]* @ap_fifo_str, i32 0, i32 0, [1 x i8]* @p_str383, i32 0, i32 0, [1 x i8]* @p_str384, [1 x i8]* @p_str385, [1 x i8]* @p_str386, i32 2, i32 2, i32 16, i32 16, [1 x i8]* @p_str387, [1 x i8]* @p_str388)"   --->   Operation 11 'specinterface' <Predicate = true> <Delay = 0.00>
ST_1 : Operation 12 [1/1] (0.00ns)   --->   "call void (...)* @_ssdm_op_SpecInterface(i6* %data_V_data_1_V, [8 x i8]* @ap_fifo_str, i32 0, i32 0, [1 x i8]* @p_str376, i32 0, i32 0, [1 x i8]* @p_str377, [1 x i8]* @p_str378, [1 x i8]* @p_str379, i32 2, i32 2, i32 16, i32 16, [1 x i8]* @p_str380, [1 x i8]* @p_str381)"   --->   Operation 12 'specinterface' <Predicate = true> <Delay = 0.00>
ST_1 : Operation 13 [1/1] (0.00ns)   --->   "call void (...)* @_ssdm_op_SpecInterface(i6* %data_V_data_0_V, [8 x i8]* @ap_fifo_str, i32 0, i32 0, [1 x i8]* @p_str369, i32 0, i32 0, [1 x i8]* @p_str370, [1 x i8]* @p_str371, [1 x i8]* @p_str372, i32 2, i32 2, i32 16, i32 16, [1 x i8]* @p_str373, [1 x i8]* @p_str374)"   --->   Operation 13 'specinterface' <Predicate = true> <Delay = 0.00>
ST_1 : Operation 14 [1/1] (0.65ns)   --->   "br label %0" [firmware/nnet_utils/nnet_pooling_stream.h:241->firmware/nnet_utils/nnet_pooling_stream.h:257]   --->   Operation 14 'br' <Predicate = true> <Delay = 0.65>

State 2 <SV = 1> <Delay = 0.97>
ST_2 : Operation 15 [1/1] (0.00ns)   --->   "%indvar_flatten = phi i12 [ 0, %codeRepl ], [ %add_ln241, %ReadInputWidth_end ]" [firmware/nnet_utils/nnet_pooling_stream.h:241->firmware/nnet_utils/nnet_pooling_stream.h:257]   --->   Operation 15 'phi' 'indvar_flatten' <Predicate = true> <Delay = 0.00>
ST_2 : Operation 16 [1/1] (0.97ns)   --->   "%icmp_ln241 = icmp eq i12 %indvar_flatten, -252" [firmware/nnet_utils/nnet_pooling_stream.h:241->firmware/nnet_utils/nnet_pooling_stream.h:257]   --->   Operation 16 'icmp' 'icmp_ln241' <Predicate = true> <Delay = 0.97> <Core = "Cmp">   --->   Core 25 'Cmp' <Latency = 0> <II = 1> <Delay = 0.99> <FuncUnit> <Opcode : 'icmp'> <InPorts = 2> <OutPorts = 1>
ST_2 : Operation 17 [1/1] (0.80ns)   --->   "%add_ln241 = add i12 %indvar_flatten, 1" [firmware/nnet_utils/nnet_pooling_stream.h:241->firmware/nnet_utils/nnet_pooling_stream.h:257]   --->   Operation 17 'add' 'add_ln241' <Predicate = true> <Delay = 0.80> <Core = "AddSub">   --->   Core 14 'AddSub' <Latency = 0> <II = 1> <Delay = 1.01> <FuncUnit> <Opcode : 'add' 'sub'> <InPorts = 2> <OutPorts = 1>
ST_2 : Operation 18 [1/1] (0.00ns)   --->   "br i1 %icmp_ln241, label %"pooling2d_buffer_cl<array<ap_ufixed<6, 0, 4, 0, 0>, 4u>, array<ap_fixed<16, 6, 5, 3, 0>, 4u>, config5>.exit", label %ReadInputWidth_begin" [firmware/nnet_utils/nnet_pooling_stream.h:241->firmware/nnet_utils/nnet_pooling_stream.h:257]   --->   Operation 18 'br' <Predicate = true> <Delay = 0.00>

State 3 <SV = 2> <Delay = 3.65>
ST_3 : Operation 19 [1/1] (1.83ns)   --->   "%empty_37 = call { i6, i6, i6, i6 } @_ssdm_op_Read.ap_fifo.volatile.i6P.i6P.i6P.i6P(i6* %data_V_data_0_V, i6* %data_V_data_1_V, i6* %data_V_data_2_V, i6* %data_V_data_3_V)" [firmware/nnet_utils/nnet_pooling_stream.h:247->firmware/nnet_utils/nnet_pooling_stream.h:257]   --->   Operation 19 'read' 'empty_37' <Predicate = (!icmp_ln241)> <Delay = 1.83> <Core = "FIFO">   --->   Core 32 'FIFO' <Latency = 0> <II = 1> <Delay = 1.83> <Storage> <Opcode : 'read' 'write' 'nbread' 'nbwrite'> <Ports = 0> <Width = 16> <Depth = 1> <FIFO>
ST_3 : Operation 20 [1/1] (0.00ns)   --->   "%tmp_data_0_V_4 = extractvalue { i6, i6, i6, i6 } %empty_37, 0" [firmware/nnet_utils/nnet_pooling_stream.h:247->firmware/nnet_utils/nnet_pooling_stream.h:257]   --->   Operation 20 'extractvalue' 'tmp_data_0_V_4' <Predicate = (!icmp_ln241)> <Delay = 0.00>
ST_3 : Operation 21 [1/1] (0.00ns)   --->   "%tmp_data_1_V_4 = extractvalue { i6, i6, i6, i6 } %empty_37, 1" [firmware/nnet_utils/nnet_pooling_stream.h:247->firmware/nnet_utils/nnet_pooling_stream.h:257]   --->   Operation 21 'extractvalue' 'tmp_data_1_V_4' <Predicate = (!icmp_ln241)> <Delay = 0.00>
ST_3 : Operation 22 [1/1] (0.00ns)   --->   "%tmp_data_2_V_4 = extractvalue { i6, i6, i6, i6 } %empty_37, 2" [firmware/nnet_utils/nnet_pooling_stream.h:247->firmware/nnet_utils/nnet_pooling_stream.h:257]   --->   Operation 22 'extractvalue' 'tmp_data_2_V_4' <Predicate = (!icmp_ln241)> <Delay = 0.00>
ST_3 : Operation 23 [1/1] (0.00ns)   --->   "%tmp_data_3_V_4 = extractvalue { i6, i6, i6, i6 } %empty_37, 3" [firmware/nnet_utils/nnet_pooling_stream.h:247->firmware/nnet_utils/nnet_pooling_stream.h:257]   --->   Operation 23 'extractvalue' 'tmp_data_3_V_4' <Predicate = (!icmp_ln241)> <Delay = 0.00>
ST_3 : Operation 24 [1/1] (0.71ns)   --->   "%DataOut_V_26 = call i6 @"_ssdm_op_MemShiftRead.[62 x i6]P"(i6* getelementptr inbounds ([62 x i6]* @line_buffer_Array_V_7, i64 0, i64 61), i6 %tmp_data_0_V_4, i1 true)" [firmware/nnet_utils/nnet_conv_stream.h:246->firmware/nnet_utils/nnet_pooling_stream.h:188->firmware/nnet_utils/nnet_pooling_stream.h:247->firmware/nnet_utils/nnet_pooling_stream.h:257]   --->   Operation 24 'memshiftread' 'DataOut_V_26' <Predicate = (!icmp_ln241)> <Delay = 0.71> <Core = "ShiftReg">   --->   Core 33 'ShiftReg' <Latency = 0> <II = 1> <Delay = 0.71> <Storage> <Opcode : 'memshiftread' 'load'> <Ports = 1> <Width = 6> <Depth = 62> <ShiftMem>
ST_3 : Operation 25 [1/1] (0.71ns)   --->   "%DataOut_V_27 = call i6 @"_ssdm_op_MemShiftRead.[62 x i6]P"(i6* getelementptr inbounds ([62 x i6]* @line_buffer_Array_V_6, i64 0, i64 61), i6 %tmp_data_1_V_4, i1 true)" [firmware/nnet_utils/nnet_conv_stream.h:246->firmware/nnet_utils/nnet_pooling_stream.h:188->firmware/nnet_utils/nnet_pooling_stream.h:247->firmware/nnet_utils/nnet_pooling_stream.h:257]   --->   Operation 25 'memshiftread' 'DataOut_V_27' <Predicate = (!icmp_ln241)> <Delay = 0.71> <Core = "ShiftReg">   --->   Core 33 'ShiftReg' <Latency = 0> <II = 1> <Delay = 0.71> <Storage> <Opcode : 'memshiftread' 'load'> <Ports = 1> <Width = 6> <Depth = 62> <ShiftMem>
ST_3 : Operation 26 [1/1] (0.71ns)   --->   "%DataOut_V_28 = call i6 @"_ssdm_op_MemShiftRead.[62 x i6]P"(i6* getelementptr inbounds ([62 x i6]* @line_buffer_Array_V_5, i64 0, i64 61), i6 %tmp_data_2_V_4, i1 true)" [firmware/nnet_utils/nnet_conv_stream.h:246->firmware/nnet_utils/nnet_pooling_stream.h:188->firmware/nnet_utils/nnet_pooling_stream.h:247->firmware/nnet_utils/nnet_pooling_stream.h:257]   --->   Operation 26 'memshiftread' 'DataOut_V_28' <Predicate = (!icmp_ln241)> <Delay = 0.71> <Core = "ShiftReg">   --->   Core 33 'ShiftReg' <Latency = 0> <II = 1> <Delay = 0.71> <Storage> <Opcode : 'memshiftread' 'load'> <Ports = 1> <Width = 6> <Depth = 62> <ShiftMem>
ST_3 : Operation 27 [1/1] (0.71ns)   --->   "%DataOut_V = call i6 @"_ssdm_op_MemShiftRead.[62 x i6]P"(i6* getelementptr inbounds ([62 x i6]* @line_buffer_Array_V_4, i64 0, i64 61), i6 %tmp_data_3_V_4, i1 true)" [firmware/nnet_utils/nnet_conv_stream.h:246->firmware/nnet_utils/nnet_pooling_stream.h:188->firmware/nnet_utils/nnet_pooling_stream.h:247->firmware/nnet_utils/nnet_pooling_stream.h:257]   --->   Operation 27 'memshiftread' 'DataOut_V' <Predicate = (!icmp_ln241)> <Delay = 0.71> <Core = "ShiftReg">   --->   Core 33 'ShiftReg' <Latency = 0> <II = 1> <Delay = 0.71> <Storage> <Opcode : 'memshiftread' 'load'> <Ports = 1> <Width = 6> <Depth = 62> <ShiftMem>
ST_3 : Operation 28 [1/1] (0.00ns)   --->   "%kernel_data_V_2_4_lo = load i6* @kernel_data_V_2_4, align 1" [firmware/nnet_utils/nnet_conv_stream.h:201->firmware/nnet_utils/nnet_conv_stream.h:252->firmware/nnet_utils/nnet_pooling_stream.h:188->firmware/nnet_utils/nnet_pooling_stream.h:247->firmware/nnet_utils/nnet_pooling_stream.h:257]   --->   Operation 28 'load' 'kernel_data_V_2_4_lo' <Predicate = (!icmp_ln241)> <Delay = 0.00>
ST_3 : Operation 29 [1/1] (0.00ns)   --->   "%kernel_data_V_2_5_lo = load i6* @kernel_data_V_2_5, align 1" [firmware/nnet_utils/nnet_conv_stream.h:201->firmware/nnet_utils/nnet_conv_stream.h:252->firmware/nnet_utils/nnet_pooling_stream.h:188->firmware/nnet_utils/nnet_pooling_stream.h:247->firmware/nnet_utils/nnet_pooling_stream.h:257]   --->   Operation 29 'load' 'kernel_data_V_2_5_lo' <Predicate = (!icmp_ln241)> <Delay = 0.00>
ST_3 : Operation 30 [1/1] (0.00ns)   --->   "%kernel_data_V_2_6_lo = load i6* @kernel_data_V_2_6, align 1" [firmware/nnet_utils/nnet_conv_stream.h:201->firmware/nnet_utils/nnet_conv_stream.h:252->firmware/nnet_utils/nnet_pooling_stream.h:188->firmware/nnet_utils/nnet_pooling_stream.h:247->firmware/nnet_utils/nnet_pooling_stream.h:257]   --->   Operation 30 'load' 'kernel_data_V_2_6_lo' <Predicate = (!icmp_ln241)> <Delay = 0.00>
ST_3 : Operation 31 [1/1] (0.00ns)   --->   "%kernel_data_V_2_7_lo = load i6* @kernel_data_V_2_7, align 1" [firmware/nnet_utils/nnet_conv_stream.h:201->firmware/nnet_utils/nnet_conv_stream.h:252->firmware/nnet_utils/nnet_pooling_stream.h:188->firmware/nnet_utils/nnet_pooling_stream.h:247->firmware/nnet_utils/nnet_pooling_stream.h:257]   --->   Operation 31 'load' 'kernel_data_V_2_7_lo' <Predicate = (!icmp_ln241)> <Delay = 0.00>
ST_3 : Operation 32 [1/1] (0.00ns)   --->   "%kernel_data_V_2_12_l = load i6* @kernel_data_V_2_12, align 1" [firmware/nnet_utils/nnet_conv_stream.h:201->firmware/nnet_utils/nnet_conv_stream.h:252->firmware/nnet_utils/nnet_pooling_stream.h:188->firmware/nnet_utils/nnet_pooling_stream.h:247->firmware/nnet_utils/nnet_pooling_stream.h:257]   --->   Operation 32 'load' 'kernel_data_V_2_12_l' <Predicate = (!icmp_ln241)> <Delay = 0.00>
ST_3 : Operation 33 [1/1] (0.00ns)   --->   "%kernel_data_V_2_13_l = load i6* @kernel_data_V_2_13, align 1" [firmware/nnet_utils/nnet_conv_stream.h:201->firmware/nnet_utils/nnet_conv_stream.h:252->firmware/nnet_utils/nnet_pooling_stream.h:188->firmware/nnet_utils/nnet_pooling_stream.h:247->firmware/nnet_utils/nnet_pooling_stream.h:257]   --->   Operation 33 'load' 'kernel_data_V_2_13_l' <Predicate = (!icmp_ln241)> <Delay = 0.00>
ST_3 : Operation 34 [1/1] (0.00ns)   --->   "%kernel_data_V_2_14_l = load i6* @kernel_data_V_2_14, align 1" [firmware/nnet_utils/nnet_conv_stream.h:201->firmware/nnet_utils/nnet_conv_stream.h:252->firmware/nnet_utils/nnet_pooling_stream.h:188->firmware/nnet_utils/nnet_pooling_stream.h:247->firmware/nnet_utils/nnet_pooling_stream.h:257]   --->   Operation 34 'load' 'kernel_data_V_2_14_l' <Predicate = (!icmp_ln241)> <Delay = 0.00>
ST_3 : Operation 35 [1/1] (0.00ns)   --->   "%kernel_data_V_2_15_l = load i6* @kernel_data_V_2_15, align 1" [firmware/nnet_utils/nnet_conv_stream.h:201->firmware/nnet_utils/nnet_conv_stream.h:252->firmware/nnet_utils/nnet_pooling_stream.h:188->firmware/nnet_utils/nnet_pooling_stream.h:247->firmware/nnet_utils/nnet_pooling_stream.h:257]   --->   Operation 35 'load' 'kernel_data_V_2_15_l' <Predicate = (!icmp_ln241)> <Delay = 0.00>
ST_3 : Operation 36 [1/1] (0.00ns)   --->   "store i6 %DataOut_V_26, i6* @kernel_data_V_2_4, align 1" [firmware/nnet_utils/nnet_conv_stream.h:214->firmware/nnet_utils/nnet_conv_stream.h:252->firmware/nnet_utils/nnet_pooling_stream.h:188->firmware/nnet_utils/nnet_pooling_stream.h:247->firmware/nnet_utils/nnet_pooling_stream.h:257]   --->   Operation 36 'store' <Predicate = (!icmp_ln241)> <Delay = 0.00>
ST_3 : Operation 37 [1/1] (0.00ns)   --->   "store i6 %DataOut_V_27, i6* @kernel_data_V_2_5, align 1" [firmware/nnet_utils/nnet_conv_stream.h:214->firmware/nnet_utils/nnet_conv_stream.h:252->firmware/nnet_utils/nnet_pooling_stream.h:188->firmware/nnet_utils/nnet_pooling_stream.h:247->firmware/nnet_utils/nnet_pooling_stream.h:257]   --->   Operation 37 'store' <Predicate = (!icmp_ln241)> <Delay = 0.00>
ST_3 : Operation 38 [1/1] (0.00ns)   --->   "store i6 %DataOut_V_28, i6* @kernel_data_V_2_6, align 1" [firmware/nnet_utils/nnet_conv_stream.h:214->firmware/nnet_utils/nnet_conv_stream.h:252->firmware/nnet_utils/nnet_pooling_stream.h:188->firmware/nnet_utils/nnet_pooling_stream.h:247->firmware/nnet_utils/nnet_pooling_stream.h:257]   --->   Operation 38 'store' <Predicate = (!icmp_ln241)> <Delay = 0.00>
ST_3 : Operation 39 [1/1] (0.00ns)   --->   "store i6 %DataOut_V, i6* @kernel_data_V_2_7, align 1" [firmware/nnet_utils/nnet_conv_stream.h:214->firmware/nnet_utils/nnet_conv_stream.h:252->firmware/nnet_utils/nnet_pooling_stream.h:188->firmware/nnet_utils/nnet_pooling_stream.h:247->firmware/nnet_utils/nnet_pooling_stream.h:257]   --->   Operation 39 'store' <Predicate = (!icmp_ln241)> <Delay = 0.00>
ST_3 : Operation 40 [1/1] (0.00ns)   --->   "store i6 %tmp_data_0_V_4, i6* @kernel_data_V_2_12, align 1" [firmware/nnet_utils/nnet_conv_stream.h:214->firmware/nnet_utils/nnet_conv_stream.h:252->firmware/nnet_utils/nnet_pooling_stream.h:188->firmware/nnet_utils/nnet_pooling_stream.h:247->firmware/nnet_utils/nnet_pooling_stream.h:257]   --->   Operation 40 'store' <Predicate = (!icmp_ln241)> <Delay = 0.00>
ST_3 : Operation 41 [1/1] (0.00ns)   --->   "store i6 %tmp_data_1_V_4, i6* @kernel_data_V_2_13, align 1" [firmware/nnet_utils/nnet_conv_stream.h:214->firmware/nnet_utils/nnet_conv_stream.h:252->firmware/nnet_utils/nnet_pooling_stream.h:188->firmware/nnet_utils/nnet_pooling_stream.h:247->firmware/nnet_utils/nnet_pooling_stream.h:257]   --->   Operation 41 'store' <Predicate = (!icmp_ln241)> <Delay = 0.00>
ST_3 : Operation 42 [1/1] (0.00ns)   --->   "store i6 %tmp_data_2_V_4, i6* @kernel_data_V_2_14, align 1" [firmware/nnet_utils/nnet_conv_stream.h:214->firmware/nnet_utils/nnet_conv_stream.h:252->firmware/nnet_utils/nnet_pooling_stream.h:188->firmware/nnet_utils/nnet_pooling_stream.h:247->firmware/nnet_utils/nnet_pooling_stream.h:257]   --->   Operation 42 'store' <Predicate = (!icmp_ln241)> <Delay = 0.00>
ST_3 : Operation 43 [1/1] (0.00ns)   --->   "store i6 %tmp_data_3_V_4, i6* @kernel_data_V_2_15, align 1" [firmware/nnet_utils/nnet_conv_stream.h:214->firmware/nnet_utils/nnet_conv_stream.h:252->firmware/nnet_utils/nnet_pooling_stream.h:188->firmware/nnet_utils/nnet_pooling_stream.h:247->firmware/nnet_utils/nnet_pooling_stream.h:257]   --->   Operation 43 'store' <Predicate = (!icmp_ln241)> <Delay = 0.00>
ST_3 : Operation 44 [1/1] (0.00ns)   --->   "%sX_1_load = load i32* @sX_1, align 4" [firmware/nnet_utils/nnet_pooling_stream.h:191->firmware/nnet_utils/nnet_pooling_stream.h:247->firmware/nnet_utils/nnet_pooling_stream.h:257]   --->   Operation 44 'load' 'sX_1_load' <Predicate = (!icmp_ln241)> <Delay = 0.00>
ST_3 : Operation 45 [1/1] (0.99ns)   --->   "%icmp_ln191 = icmp eq i32 %sX_1_load, 1" [firmware/nnet_utils/nnet_pooling_stream.h:191->firmware/nnet_utils/nnet_pooling_stream.h:247->firmware/nnet_utils/nnet_pooling_stream.h:257]   --->   Operation 45 'icmp' 'icmp_ln191' <Predicate = (!icmp_ln241)> <Delay = 0.99> <Core = "Cmp">   --->   Core 25 'Cmp' <Latency = 0> <II = 1> <Delay = 0.99> <FuncUnit> <Opcode : 'icmp'> <InPorts = 2> <OutPorts = 1>
ST_3 : Operation 46 [1/1] (0.00ns)   --->   "%sY_1_load = load i32* @sY_1, align 4" [firmware/nnet_utils/nnet_pooling_stream.h:191->firmware/nnet_utils/nnet_pooling_stream.h:247->firmware/nnet_utils/nnet_pooling_stream.h:257]   --->   Operation 46 'load' 'sY_1_load' <Predicate = (!icmp_ln241)> <Delay = 0.00>
ST_3 : Operation 47 [1/1] (0.99ns)   --->   "%icmp_ln191_1 = icmp eq i32 %sY_1_load, 1" [firmware/nnet_utils/nnet_pooling_stream.h:191->firmware/nnet_utils/nnet_pooling_stream.h:247->firmware/nnet_utils/nnet_pooling_stream.h:257]   --->   Operation 47 'icmp' 'icmp_ln191_1' <Predicate = (!icmp_ln241)> <Delay = 0.99> <Core = "Cmp">   --->   Core 25 'Cmp' <Latency = 0> <II = 1> <Delay = 0.99> <FuncUnit> <Opcode : 'icmp'> <InPorts = 2> <OutPorts = 1>
ST_3 : Operation 48 [1/1] (0.00ns)   --->   "%pY_1_load = load i32* @pY_1, align 4" [firmware/nnet_utils/nnet_pooling_stream.h:191->firmware/nnet_utils/nnet_pooling_stream.h:247->firmware/nnet_utils/nnet_pooling_stream.h:257]   --->   Operation 48 'load' 'pY_1_load' <Predicate = (!icmp_ln241)> <Delay = 0.00>
ST_3 : Operation 49 [1/1] (0.99ns)   --->   "%icmp_ln191_2 = icmp sgt i32 %pY_1_load, 0" [firmware/nnet_utils/nnet_pooling_stream.h:191->firmware/nnet_utils/nnet_pooling_stream.h:247->firmware/nnet_utils/nnet_pooling_stream.h:257]   --->   Operation 49 'icmp' 'icmp_ln191_2' <Predicate = (!icmp_ln241)> <Delay = 0.99> <Core = "Cmp">   --->   Core 25 'Cmp' <Latency = 0> <II = 1> <Delay = 0.99> <FuncUnit> <Opcode : 'icmp'> <InPorts = 2> <OutPorts = 1>
ST_3 : Operation 50 [1/1] (0.00ns)   --->   "%pX_1_load = load i32* @pX_1, align 4" [firmware/nnet_utils/nnet_pooling_stream.h:191->firmware/nnet_utils/nnet_pooling_stream.h:247->firmware/nnet_utils/nnet_pooling_stream.h:257]   --->   Operation 50 'load' 'pX_1_load' <Predicate = (!icmp_ln241)> <Delay = 0.00>
ST_3 : Operation 51 [1/1] (0.99ns)   --->   "%icmp_ln191_3 = icmp sgt i32 %pX_1_load, 0" [firmware/nnet_utils/nnet_pooling_stream.h:191->firmware/nnet_utils/nnet_pooling_stream.h:247->firmware/nnet_utils/nnet_pooling_stream.h:257]   --->   Operation 51 'icmp' 'icmp_ln191_3' <Predicate = (!icmp_ln241)> <Delay = 0.99> <Core = "Cmp">   --->   Core 25 'Cmp' <Latency = 0> <II = 1> <Delay = 0.99> <FuncUnit> <Opcode : 'icmp'> <InPorts = 2> <OutPorts = 1>
ST_3 : Operation 52 [1/1] (0.00ns) (grouped into LUT with out node and_ln191_2)   --->   "%and_ln191 = and i1 %icmp_ln191, %icmp_ln191_1" [firmware/nnet_utils/nnet_pooling_stream.h:191->firmware/nnet_utils/nnet_pooling_stream.h:247->firmware/nnet_utils/nnet_pooling_stream.h:257]   --->   Operation 52 'and' 'and_ln191' <Predicate = (!icmp_ln241)> <Delay = 0.00> <Core = "LogicGate">   --->   Core 27 'LogicGate' <Latency = 0> <II = 1> <Delay = 0.28> <FuncUnit> <Opcode : 'and' 'or' 'xor'> <InPorts = 2> <OutPorts = 1>
ST_3 : Operation 53 [1/1] (0.00ns) (grouped into LUT with out node and_ln191_2)   --->   "%and_ln191_1 = and i1 %icmp_ln191_2, %icmp_ln191_3" [firmware/nnet_utils/nnet_pooling_stream.h:191->firmware/nnet_utils/nnet_pooling_stream.h:247->firmware/nnet_utils/nnet_pooling_stream.h:257]   --->   Operation 53 'and' 'and_ln191_1' <Predicate = (!icmp_ln241)> <Delay = 0.00> <Core = "LogicGate">   --->   Core 27 'LogicGate' <Latency = 0> <II = 1> <Delay = 0.28> <FuncUnit> <Opcode : 'and' 'or' 'xor'> <InPorts = 2> <OutPorts = 1>
ST_3 : Operation 54 [1/1] (0.28ns) (out node of the LUT)   --->   "%and_ln191_2 = and i1 %and_ln191_1, %and_ln191" [firmware/nnet_utils/nnet_pooling_stream.h:191->firmware/nnet_utils/nnet_pooling_stream.h:247->firmware/nnet_utils/nnet_pooling_stream.h:257]   --->   Operation 54 'and' 'and_ln191_2' <Predicate = (!icmp_ln241)> <Delay = 0.28> <Core = "LogicGate">   --->   Core 27 'LogicGate' <Latency = 0> <II = 1> <Delay = 0.28> <FuncUnit> <Opcode : 'and' 'or' 'xor'> <InPorts = 2> <OutPorts = 1>
ST_3 : Operation 55 [1/1] (0.00ns)   --->   "br i1 %and_ln191_2, label %.preheader.i.i.0, label %._crit_edge63.i.i" [firmware/nnet_utils/nnet_pooling_stream.h:191->firmware/nnet_utils/nnet_pooling_stream.h:247->firmware/nnet_utils/nnet_pooling_stream.h:257]   --->   Operation 55 'br' <Predicate = (!icmp_ln241)> <Delay = 0.00>
ST_3 : Operation 56 [1/1] (0.00ns)   --->   "%pool_window_0_V = call i16 @_ssdm_op_BitConcatenate.i16.i6.i10(i6 %kernel_data_V_2_4_lo, i10 0)" [firmware/nnet_utils/nnet_pooling_stream.h:199->firmware/nnet_utils/nnet_pooling_stream.h:247->firmware/nnet_utils/nnet_pooling_stream.h:257]   --->   Operation 56 'bitconcatenate' 'pool_window_0_V' <Predicate = (and_ln191_2)> <Delay = 0.00>
ST_3 : Operation 57 [1/1] (0.00ns)   --->   "%pool_window_1_V = call i16 @_ssdm_op_BitConcatenate.i16.i6.i10(i6 %DataOut_V_26, i10 0)" [firmware/nnet_utils/nnet_pooling_stream.h:199->firmware/nnet_utils/nnet_pooling_stream.h:247->firmware/nnet_utils/nnet_pooling_stream.h:257]   --->   Operation 57 'bitconcatenate' 'pool_window_1_V' <Predicate = (and_ln191_2)> <Delay = 0.00>
ST_3 : Operation 58 [1/1] (0.00ns)   --->   "%pool_window_2_V = call i16 @_ssdm_op_BitConcatenate.i16.i6.i10(i6 %kernel_data_V_2_12_l, i10 0)" [firmware/nnet_utils/nnet_pooling_stream.h:199->firmware/nnet_utils/nnet_pooling_stream.h:247->firmware/nnet_utils/nnet_pooling_stream.h:257]   --->   Operation 58 'bitconcatenate' 'pool_window_2_V' <Predicate = (and_ln191_2)> <Delay = 0.00>
ST_3 : Operation 59 [1/1] (0.00ns)   --->   "%pool_window_3_V = call i16 @_ssdm_op_BitConcatenate.i16.i6.i10(i6 %tmp_data_0_V_4, i10 0)" [firmware/nnet_utils/nnet_pooling_stream.h:199->firmware/nnet_utils/nnet_pooling_stream.h:247->firmware/nnet_utils/nnet_pooling_stream.h:257]   --->   Operation 59 'bitconcatenate' 'pool_window_3_V' <Predicate = (and_ln191_2)> <Delay = 0.00>
ST_3 : Operation 60 [1/1] (1.10ns)   --->   "%icmp_ln1496 = icmp ult i16 %pool_window_0_V, %pool_window_1_V" [firmware/nnet_utils/nnet_common.h:65->firmware/nnet_utils/nnet_common.h:43->firmware/nnet_utils/nnet_common.h:45->firmware/nnet_utils/nnet_pooling_stream.h:21->firmware/nnet_utils/nnet_pooling_stream.h:204->firmware/nnet_utils/nnet_pooling_stream.h:247->firmware/nnet_utils/nnet_pooling_stream.h:257]   --->   Operation 60 'icmp' 'icmp_ln1496' <Predicate = (and_ln191_2)> <Delay = 1.10> <Core = "Cmp">   --->   Core 25 'Cmp' <Latency = 0> <II = 1> <Delay = 0.99> <FuncUnit> <Opcode : 'icmp'> <InPorts = 2> <OutPorts = 1>
ST_3 : Operation 61 [1/1] (1.10ns)   --->   "%icmp_ln1496_3 = icmp ult i16 %pool_window_2_V, %pool_window_3_V" [firmware/nnet_utils/nnet_common.h:65->firmware/nnet_utils/nnet_common.h:43->firmware/nnet_utils/nnet_common.h:45->firmware/nnet_utils/nnet_pooling_stream.h:21->firmware/nnet_utils/nnet_pooling_stream.h:204->firmware/nnet_utils/nnet_pooling_stream.h:247->firmware/nnet_utils/nnet_pooling_stream.h:257]   --->   Operation 61 'icmp' 'icmp_ln1496_3' <Predicate = (and_ln191_2)> <Delay = 1.10> <Core = "Cmp">   --->   Core 25 'Cmp' <Latency = 0> <II = 1> <Delay = 0.99> <FuncUnit> <Opcode : 'icmp'> <InPorts = 2> <OutPorts = 1>
ST_3 : Operation 62 [1/1] (0.00ns)   --->   "%pool_window_0_V_2 = call i16 @_ssdm_op_BitConcatenate.i16.i6.i10(i6 %kernel_data_V_2_5_lo, i10 0)" [firmware/nnet_utils/nnet_pooling_stream.h:199->firmware/nnet_utils/nnet_pooling_stream.h:247->firmware/nnet_utils/nnet_pooling_stream.h:257]   --->   Operation 62 'bitconcatenate' 'pool_window_0_V_2' <Predicate = (and_ln191_2)> <Delay = 0.00>
ST_3 : Operation 63 [1/1] (0.00ns)   --->   "%pool_window_1_V_2 = call i16 @_ssdm_op_BitConcatenate.i16.i6.i10(i6 %DataOut_V_27, i10 0)" [firmware/nnet_utils/nnet_pooling_stream.h:199->firmware/nnet_utils/nnet_pooling_stream.h:247->firmware/nnet_utils/nnet_pooling_stream.h:257]   --->   Operation 63 'bitconcatenate' 'pool_window_1_V_2' <Predicate = (and_ln191_2)> <Delay = 0.00>
ST_3 : Operation 64 [1/1] (0.00ns)   --->   "%pool_window_2_V_2 = call i16 @_ssdm_op_BitConcatenate.i16.i6.i10(i6 %kernel_data_V_2_13_l, i10 0)" [firmware/nnet_utils/nnet_pooling_stream.h:199->firmware/nnet_utils/nnet_pooling_stream.h:247->firmware/nnet_utils/nnet_pooling_stream.h:257]   --->   Operation 64 'bitconcatenate' 'pool_window_2_V_2' <Predicate = (and_ln191_2)> <Delay = 0.00>
ST_3 : Operation 65 [1/1] (0.00ns)   --->   "%pool_window_3_V_2 = call i16 @_ssdm_op_BitConcatenate.i16.i6.i10(i6 %tmp_data_1_V_4, i10 0)" [firmware/nnet_utils/nnet_pooling_stream.h:199->firmware/nnet_utils/nnet_pooling_stream.h:247->firmware/nnet_utils/nnet_pooling_stream.h:257]   --->   Operation 65 'bitconcatenate' 'pool_window_3_V_2' <Predicate = (and_ln191_2)> <Delay = 0.00>
ST_3 : Operation 66 [1/1] (1.10ns)   --->   "%icmp_ln1496_1 = icmp ult i16 %pool_window_0_V_2, %pool_window_1_V_2" [firmware/nnet_utils/nnet_common.h:65->firmware/nnet_utils/nnet_common.h:43->firmware/nnet_utils/nnet_common.h:45->firmware/nnet_utils/nnet_pooling_stream.h:21->firmware/nnet_utils/nnet_pooling_stream.h:204->firmware/nnet_utils/nnet_pooling_stream.h:247->firmware/nnet_utils/nnet_pooling_stream.h:257]   --->   Operation 66 'icmp' 'icmp_ln1496_1' <Predicate = (and_ln191_2)> <Delay = 1.10> <Core = "Cmp">   --->   Core 25 'Cmp' <Latency = 0> <II = 1> <Delay = 0.99> <FuncUnit> <Opcode : 'icmp'> <InPorts = 2> <OutPorts = 1>
ST_3 : Operation 67 [1/1] (1.10ns)   --->   "%icmp_ln1496_5 = icmp ult i16 %pool_window_2_V_2, %pool_window_3_V_2" [firmware/nnet_utils/nnet_common.h:65->firmware/nnet_utils/nnet_common.h:43->firmware/nnet_utils/nnet_common.h:45->firmware/nnet_utils/nnet_pooling_stream.h:21->firmware/nnet_utils/nnet_pooling_stream.h:204->firmware/nnet_utils/nnet_pooling_stream.h:247->firmware/nnet_utils/nnet_pooling_stream.h:257]   --->   Operation 67 'icmp' 'icmp_ln1496_5' <Predicate = (and_ln191_2)> <Delay = 1.10> <Core = "Cmp">   --->   Core 25 'Cmp' <Latency = 0> <II = 1> <Delay = 0.99> <FuncUnit> <Opcode : 'icmp'> <InPorts = 2> <OutPorts = 1>
ST_3 : Operation 68 [1/1] (0.00ns)   --->   "%pool_window_0_V_4 = call i16 @_ssdm_op_BitConcatenate.i16.i6.i10(i6 %kernel_data_V_2_6_lo, i10 0)" [firmware/nnet_utils/nnet_pooling_stream.h:199->firmware/nnet_utils/nnet_pooling_stream.h:247->firmware/nnet_utils/nnet_pooling_stream.h:257]   --->   Operation 68 'bitconcatenate' 'pool_window_0_V_4' <Predicate = (and_ln191_2)> <Delay = 0.00>
ST_3 : Operation 69 [1/1] (0.00ns)   --->   "%pool_window_1_V_4 = call i16 @_ssdm_op_BitConcatenate.i16.i6.i10(i6 %DataOut_V_28, i10 0)" [firmware/nnet_utils/nnet_pooling_stream.h:199->firmware/nnet_utils/nnet_pooling_stream.h:247->firmware/nnet_utils/nnet_pooling_stream.h:257]   --->   Operation 69 'bitconcatenate' 'pool_window_1_V_4' <Predicate = (and_ln191_2)> <Delay = 0.00>
ST_3 : Operation 70 [1/1] (0.00ns)   --->   "%pool_window_2_V_4 = call i16 @_ssdm_op_BitConcatenate.i16.i6.i10(i6 %kernel_data_V_2_14_l, i10 0)" [firmware/nnet_utils/nnet_pooling_stream.h:199->firmware/nnet_utils/nnet_pooling_stream.h:247->firmware/nnet_utils/nnet_pooling_stream.h:257]   --->   Operation 70 'bitconcatenate' 'pool_window_2_V_4' <Predicate = (and_ln191_2)> <Delay = 0.00>
ST_3 : Operation 71 [1/1] (0.00ns)   --->   "%pool_window_3_V_4 = call i16 @_ssdm_op_BitConcatenate.i16.i6.i10(i6 %tmp_data_2_V_4, i10 0)" [firmware/nnet_utils/nnet_pooling_stream.h:199->firmware/nnet_utils/nnet_pooling_stream.h:247->firmware/nnet_utils/nnet_pooling_stream.h:257]   --->   Operation 71 'bitconcatenate' 'pool_window_3_V_4' <Predicate = (and_ln191_2)> <Delay = 0.00>
ST_3 : Operation 72 [1/1] (1.10ns)   --->   "%icmp_ln1496_2 = icmp ult i16 %pool_window_0_V_4, %pool_window_1_V_4" [firmware/nnet_utils/nnet_common.h:65->firmware/nnet_utils/nnet_common.h:43->firmware/nnet_utils/nnet_common.h:45->firmware/nnet_utils/nnet_pooling_stream.h:21->firmware/nnet_utils/nnet_pooling_stream.h:204->firmware/nnet_utils/nnet_pooling_stream.h:247->firmware/nnet_utils/nnet_pooling_stream.h:257]   --->   Operation 72 'icmp' 'icmp_ln1496_2' <Predicate = (and_ln191_2)> <Delay = 1.10> <Core = "Cmp">   --->   Core 25 'Cmp' <Latency = 0> <II = 1> <Delay = 0.99> <FuncUnit> <Opcode : 'icmp'> <InPorts = 2> <OutPorts = 1>
ST_3 : Operation 73 [1/1] (1.10ns)   --->   "%icmp_ln1496_7 = icmp ult i16 %pool_window_2_V_4, %pool_window_3_V_4" [firmware/nnet_utils/nnet_common.h:65->firmware/nnet_utils/nnet_common.h:43->firmware/nnet_utils/nnet_common.h:45->firmware/nnet_utils/nnet_pooling_stream.h:21->firmware/nnet_utils/nnet_pooling_stream.h:204->firmware/nnet_utils/nnet_pooling_stream.h:247->firmware/nnet_utils/nnet_pooling_stream.h:257]   --->   Operation 73 'icmp' 'icmp_ln1496_7' <Predicate = (and_ln191_2)> <Delay = 1.10> <Core = "Cmp">   --->   Core 25 'Cmp' <Latency = 0> <II = 1> <Delay = 0.99> <FuncUnit> <Opcode : 'icmp'> <InPorts = 2> <OutPorts = 1>
ST_3 : Operation 74 [1/1] (0.00ns)   --->   "%pool_window_0_V_6 = call i16 @_ssdm_op_BitConcatenate.i16.i6.i10(i6 %kernel_data_V_2_7_lo, i10 0)" [firmware/nnet_utils/nnet_pooling_stream.h:199->firmware/nnet_utils/nnet_pooling_stream.h:247->firmware/nnet_utils/nnet_pooling_stream.h:257]   --->   Operation 74 'bitconcatenate' 'pool_window_0_V_6' <Predicate = (and_ln191_2)> <Delay = 0.00>
ST_3 : Operation 75 [1/1] (0.00ns)   --->   "%pool_window_1_V_6 = call i16 @_ssdm_op_BitConcatenate.i16.i6.i10(i6 %DataOut_V, i10 0)" [firmware/nnet_utils/nnet_pooling_stream.h:199->firmware/nnet_utils/nnet_pooling_stream.h:247->firmware/nnet_utils/nnet_pooling_stream.h:257]   --->   Operation 75 'bitconcatenate' 'pool_window_1_V_6' <Predicate = (and_ln191_2)> <Delay = 0.00>
ST_3 : Operation 76 [1/1] (0.00ns)   --->   "%pool_window_2_V_6 = call i16 @_ssdm_op_BitConcatenate.i16.i6.i10(i6 %kernel_data_V_2_15_l, i10 0)" [firmware/nnet_utils/nnet_pooling_stream.h:199->firmware/nnet_utils/nnet_pooling_stream.h:247->firmware/nnet_utils/nnet_pooling_stream.h:257]   --->   Operation 76 'bitconcatenate' 'pool_window_2_V_6' <Predicate = (and_ln191_2)> <Delay = 0.00>
ST_3 : Operation 77 [1/1] (0.00ns)   --->   "%pool_window_3_V_6 = call i16 @_ssdm_op_BitConcatenate.i16.i6.i10(i6 %tmp_data_3_V_4, i10 0)" [firmware/nnet_utils/nnet_pooling_stream.h:199->firmware/nnet_utils/nnet_pooling_stream.h:247->firmware/nnet_utils/nnet_pooling_stream.h:257]   --->   Operation 77 'bitconcatenate' 'pool_window_3_V_6' <Predicate = (and_ln191_2)> <Delay = 0.00>
ST_3 : Operation 78 [1/1] (1.10ns)   --->   "%icmp_ln1496_9 = icmp ult i16 %pool_window_0_V_6, %pool_window_1_V_6" [firmware/nnet_utils/nnet_common.h:65->firmware/nnet_utils/nnet_common.h:43->firmware/nnet_utils/nnet_common.h:45->firmware/nnet_utils/nnet_pooling_stream.h:21->firmware/nnet_utils/nnet_pooling_stream.h:204->firmware/nnet_utils/nnet_pooling_stream.h:247->firmware/nnet_utils/nnet_pooling_stream.h:257]   --->   Operation 78 'icmp' 'icmp_ln1496_9' <Predicate = (and_ln191_2)> <Delay = 1.10> <Core = "Cmp">   --->   Core 25 'Cmp' <Latency = 0> <II = 1> <Delay = 0.99> <FuncUnit> <Opcode : 'icmp'> <InPorts = 2> <OutPorts = 1>
ST_3 : Operation 79 [1/1] (1.10ns)   --->   "%icmp_ln1496_10 = icmp ult i16 %pool_window_2_V_6, %pool_window_3_V_6" [firmware/nnet_utils/nnet_common.h:65->firmware/nnet_utils/nnet_common.h:43->firmware/nnet_utils/nnet_common.h:45->firmware/nnet_utils/nnet_pooling_stream.h:21->firmware/nnet_utils/nnet_pooling_stream.h:204->firmware/nnet_utils/nnet_pooling_stream.h:247->firmware/nnet_utils/nnet_pooling_stream.h:257]   --->   Operation 79 'icmp' 'icmp_ln1496_10' <Predicate = (and_ln191_2)> <Delay = 1.10> <Core = "Cmp">   --->   Core 25 'Cmp' <Latency = 0> <II = 1> <Delay = 0.99> <FuncUnit> <Opcode : 'icmp'> <InPorts = 2> <OutPorts = 1>
ST_3 : Operation 80 [1/1] (0.99ns)   --->   "%icmp_ln212 = icmp eq i32 %pX_1_load, 61" [firmware/nnet_utils/nnet_pooling_stream.h:212->firmware/nnet_utils/nnet_pooling_stream.h:247->firmware/nnet_utils/nnet_pooling_stream.h:257]   --->   Operation 80 'icmp' 'icmp_ln212' <Predicate = true> <Delay = 0.99> <Core = "Cmp">   --->   Core 25 'Cmp' <Latency = 0> <II = 1> <Delay = 0.99> <FuncUnit> <Opcode : 'icmp'> <InPorts = 2> <OutPorts = 1>
ST_3 : Operation 81 [1/1] (0.00ns)   --->   "br i1 %icmp_ln212, label %1, label %5" [firmware/nnet_utils/nnet_pooling_stream.h:212->firmware/nnet_utils/nnet_pooling_stream.h:247->firmware/nnet_utils/nnet_pooling_stream.h:257]   --->   Operation 81 'br' <Predicate = true> <Delay = 0.00>
ST_3 : Operation 82 [1/1] (1.01ns)   --->   "%add_ln225 = add nsw i32 %pX_1_load, 1" [firmware/nnet_utils/nnet_pooling_stream.h:225->firmware/nnet_utils/nnet_pooling_stream.h:247->firmware/nnet_utils/nnet_pooling_stream.h:257]   --->   Operation 82 'add' 'add_ln225' <Predicate = (!icmp_ln212)> <Delay = 1.01> <Core = "AddSub">   --->   Core 14 'AddSub' <Latency = 0> <II = 1> <Delay = 1.01> <FuncUnit> <Opcode : 'add' 'sub'> <InPorts = 2> <OutPorts = 1>
ST_3 : Operation 83 [1/1] (0.65ns)   --->   "store i32 %add_ln225, i32* @pX_1, align 4" [firmware/nnet_utils/nnet_pooling_stream.h:225->firmware/nnet_utils/nnet_pooling_stream.h:247->firmware/nnet_utils/nnet_pooling_stream.h:257]   --->   Operation 83 'store' <Predicate = (!icmp_ln212)> <Delay = 0.65>
ST_3 : Operation 84 [1/1] (1.01ns)   --->   "%add_ln227 = add i32 %sX_1_load, 1" [firmware/nnet_utils/nnet_pooling_stream.h:227->firmware/nnet_utils/nnet_pooling_stream.h:247->firmware/nnet_utils/nnet_pooling_stream.h:257]   --->   Operation 84 'add' 'add_ln227' <Predicate = (!icmp_ln212)> <Delay = 1.01> <Core = "AddSub">   --->   Core 14 'AddSub' <Latency = 0> <II = 1> <Delay = 1.01> <FuncUnit> <Opcode : 'add' 'sub'> <InPorts = 2> <OutPorts = 1>
ST_3 : Operation 85 [1/1] (0.44ns)   --->   "%select_ln227 = select i1 %icmp_ln191, i32 0, i32 %add_ln227" [firmware/nnet_utils/nnet_pooling_stream.h:227->firmware/nnet_utils/nnet_pooling_stream.h:247->firmware/nnet_utils/nnet_pooling_stream.h:257]   --->   Operation 85 'select' 'select_ln227' <Predicate = (!icmp_ln212)> <Delay = 0.44> <Core = "Sel">   --->   Core 26 'Sel' <Latency = 0> <II = 1> <Delay = 0.44> <FuncUnit> <Opcode : 'select'> <InPorts = 3> <OutPorts = 1>
ST_3 : Operation 86 [1/1] (0.65ns)   --->   "store i32 %select_ln227, i32* @sX_1, align 4" [firmware/nnet_utils/nnet_pooling_stream.h:227->firmware/nnet_utils/nnet_pooling_stream.h:247->firmware/nnet_utils/nnet_pooling_stream.h:257]   --->   Operation 86 'store' <Predicate = (!icmp_ln212)> <Delay = 0.65>
ST_3 : Operation 87 [1/1] (0.00ns)   --->   "br label %ReadInputWidth_end"   --->   Operation 87 'br' <Predicate = (!icmp_ln212)> <Delay = 0.00>
ST_3 : Operation 88 [1/1] (0.65ns)   --->   "store i32 0, i32* @pX_1, align 4" [firmware/nnet_utils/nnet_pooling_stream.h:214->firmware/nnet_utils/nnet_pooling_stream.h:247->firmware/nnet_utils/nnet_pooling_stream.h:257]   --->   Operation 88 'store' <Predicate = (icmp_ln212)> <Delay = 0.65>
ST_3 : Operation 89 [1/1] (0.65ns)   --->   "store i32 0, i32* @sX_1, align 4" [firmware/nnet_utils/nnet_pooling_stream.h:215->firmware/nnet_utils/nnet_pooling_stream.h:247->firmware/nnet_utils/nnet_pooling_stream.h:257]   --->   Operation 89 'store' <Predicate = (icmp_ln212)> <Delay = 0.65>
ST_3 : Operation 90 [1/1] (0.99ns)   --->   "%icmp_ln216 = icmp eq i32 %pY_1_load, 61" [firmware/nnet_utils/nnet_pooling_stream.h:216->firmware/nnet_utils/nnet_pooling_stream.h:247->firmware/nnet_utils/nnet_pooling_stream.h:257]   --->   Operation 90 'icmp' 'icmp_ln216' <Predicate = (icmp_ln212)> <Delay = 0.99> <Core = "Cmp">   --->   Core 25 'Cmp' <Latency = 0> <II = 1> <Delay = 0.99> <FuncUnit> <Opcode : 'icmp'> <InPorts = 2> <OutPorts = 1>
ST_3 : Operation 91 [1/1] (0.00ns)   --->   "br i1 %icmp_ln216, label %2, label %3" [firmware/nnet_utils/nnet_pooling_stream.h:216->firmware/nnet_utils/nnet_pooling_stream.h:247->firmware/nnet_utils/nnet_pooling_stream.h:257]   --->   Operation 91 'br' <Predicate = (icmp_ln212)> <Delay = 0.00>
ST_3 : Operation 92 [1/1] (1.01ns)   --->   "%add_ln220 = add nsw i32 %pY_1_load, 1" [firmware/nnet_utils/nnet_pooling_stream.h:220->firmware/nnet_utils/nnet_pooling_stream.h:247->firmware/nnet_utils/nnet_pooling_stream.h:257]   --->   Operation 92 'add' 'add_ln220' <Predicate = (!icmp_ln241 & icmp_ln212 & !icmp_ln216)> <Delay = 1.01> <Core = "AddSub">   --->   Core 14 'AddSub' <Latency = 0> <II = 1> <Delay = 1.01> <FuncUnit> <Opcode : 'add' 'sub'> <InPorts = 2> <OutPorts = 1>
ST_3 : Operation 93 [1/1] (0.65ns)   --->   "store i32 %add_ln220, i32* @pY_1, align 4" [firmware/nnet_utils/nnet_pooling_stream.h:220->firmware/nnet_utils/nnet_pooling_stream.h:247->firmware/nnet_utils/nnet_pooling_stream.h:257]   --->   Operation 93 'store' <Predicate = (!icmp_ln241 & icmp_ln212 & !icmp_ln216)> <Delay = 0.65>
ST_3 : Operation 94 [1/1] (1.01ns)   --->   "%add_ln222 = add i32 %sY_1_load, 1" [firmware/nnet_utils/nnet_pooling_stream.h:222->firmware/nnet_utils/nnet_pooling_stream.h:247->firmware/nnet_utils/nnet_pooling_stream.h:257]   --->   Operation 94 'add' 'add_ln222' <Predicate = (!icmp_ln241 & icmp_ln212 & !icmp_ln216)> <Delay = 1.01> <Core = "AddSub">   --->   Core 14 'AddSub' <Latency = 0> <II = 1> <Delay = 1.01> <FuncUnit> <Opcode : 'add' 'sub'> <InPorts = 2> <OutPorts = 1>
ST_3 : Operation 95 [1/1] (0.44ns)   --->   "%select_ln222 = select i1 %icmp_ln191_1, i32 0, i32 %add_ln222" [firmware/nnet_utils/nnet_pooling_stream.h:222->firmware/nnet_utils/nnet_pooling_stream.h:247->firmware/nnet_utils/nnet_pooling_stream.h:257]   --->   Operation 95 'select' 'select_ln222' <Predicate = (!icmp_ln241 & icmp_ln212 & !icmp_ln216)> <Delay = 0.44> <Core = "Sel">   --->   Core 26 'Sel' <Latency = 0> <II = 1> <Delay = 0.44> <FuncUnit> <Opcode : 'select'> <InPorts = 3> <OutPorts = 1>
ST_3 : Operation 96 [1/1] (0.65ns)   --->   "br label %4"   --->   Operation 96 'br' <Predicate = (!icmp_ln241 & icmp_ln212 & !icmp_ln216)> <Delay = 0.65>
ST_3 : Operation 97 [1/1] (0.65ns)   --->   "store i32 0, i32* @pY_1, align 4" [firmware/nnet_utils/nnet_pooling_stream.h:217->firmware/nnet_utils/nnet_pooling_stream.h:247->firmware/nnet_utils/nnet_pooling_stream.h:257]   --->   Operation 97 'store' <Predicate = (!icmp_ln241 & icmp_ln212 & icmp_ln216)> <Delay = 0.65>
ST_3 : Operation 98 [1/1] (0.65ns)   --->   "br label %4" [firmware/nnet_utils/nnet_pooling_stream.h:219->firmware/nnet_utils/nnet_pooling_stream.h:247->firmware/nnet_utils/nnet_pooling_stream.h:257]   --->   Operation 98 'br' <Predicate = (!icmp_ln241 & icmp_ln212 & icmp_ln216)> <Delay = 0.65>

State 4 <SV = 3> <Delay = 3.51>
ST_4 : Operation 99 [1/1] (0.00ns)   --->   "call void (...)* @_ssdm_op_SpecLoopName([31 x i8]* @ReadInputHeight_Read)"   --->   Operation 99 'specloopname' <Predicate = (!icmp_ln241)> <Delay = 0.00>
ST_4 : Operation 100 [1/1] (0.00ns)   --->   "%empty_36 = call i32 (...)* @_ssdm_op_SpecLoopTripCount(i64 3844, i64 3844, i64 3844)"   --->   Operation 100 'speclooptripcount' 'empty_36' <Predicate = (!icmp_ln241)> <Delay = 0.00>
ST_4 : Operation 101 [1/1] (0.00ns)   --->   "call void (...)* @_ssdm_op_SpecLoopName([15 x i8]* @p_str36) nounwind" [firmware/nnet_utils/nnet_pooling_stream.h:243->firmware/nnet_utils/nnet_pooling_stream.h:257]   --->   Operation 101 'specloopname' <Predicate = (!icmp_ln241)> <Delay = 0.00>
ST_4 : Operation 102 [1/1] (0.00ns)   --->   "%tmp_s = call i32 (...)* @_ssdm_op_SpecRegionBegin([15 x i8]* @p_str36)" [firmware/nnet_utils/nnet_pooling_stream.h:243->firmware/nnet_utils/nnet_pooling_stream.h:257]   --->   Operation 102 'specregionbegin' 'tmp_s' <Predicate = (!icmp_ln241)> <Delay = 0.00>
ST_4 : Operation 103 [1/1] (0.00ns)   --->   "call void (...)* @_ssdm_op_SpecPipeline(i32 -1, i32 1, i32 1, i32 0, [1 x i8]* @p_str10) nounwind" [firmware/nnet_utils/nnet_pooling_stream.h:245->firmware/nnet_utils/nnet_pooling_stream.h:257]   --->   Operation 103 'specpipeline' <Predicate = (!icmp_ln241)> <Delay = 0.00>
ST_4 : Operation 104 [1/1] (0.00ns)   --->   "%pool_window_0_V_1 = zext i16 %pool_window_0_V to i32" [firmware/nnet_utils/nnet_pooling_stream.h:199->firmware/nnet_utils/nnet_pooling_stream.h:247->firmware/nnet_utils/nnet_pooling_stream.h:257]   --->   Operation 104 'zext' 'pool_window_0_V_1' <Predicate = (and_ln191_2)> <Delay = 0.00>
ST_4 : Operation 105 [1/1] (0.00ns)   --->   "%pool_window_1_V_1 = zext i16 %pool_window_1_V to i32" [firmware/nnet_utils/nnet_pooling_stream.h:199->firmware/nnet_utils/nnet_pooling_stream.h:247->firmware/nnet_utils/nnet_pooling_stream.h:257]   --->   Operation 105 'zext' 'pool_window_1_V_1' <Predicate = (and_ln191_2)> <Delay = 0.00>
ST_4 : Operation 106 [1/1] (0.00ns)   --->   "%pool_window_2_V_1 = zext i16 %pool_window_2_V to i32" [firmware/nnet_utils/nnet_pooling_stream.h:199->firmware/nnet_utils/nnet_pooling_stream.h:247->firmware/nnet_utils/nnet_pooling_stream.h:257]   --->   Operation 106 'zext' 'pool_window_2_V_1' <Predicate = (and_ln191_2)> <Delay = 0.00>
ST_4 : Operation 107 [1/1] (0.00ns)   --->   "%pool_window_3_V_1 = zext i16 %pool_window_3_V to i32" [firmware/nnet_utils/nnet_pooling_stream.h:199->firmware/nnet_utils/nnet_pooling_stream.h:247->firmware/nnet_utils/nnet_pooling_stream.h:257]   --->   Operation 107 'zext' 'pool_window_3_V_1' <Predicate = (and_ln191_2)> <Delay = 0.00>
ST_4 : Operation 108 [1/1] (0.00ns) (grouped into LUT with out node icmp_ln1496_4)   --->   "%select_ln65 = select i1 %icmp_ln1496, i16 %pool_window_1_V, i16 %pool_window_0_V" [firmware/nnet_utils/nnet_common.h:65->firmware/nnet_utils/nnet_common.h:43->firmware/nnet_utils/nnet_common.h:45->firmware/nnet_utils/nnet_pooling_stream.h:21->firmware/nnet_utils/nnet_pooling_stream.h:204->firmware/nnet_utils/nnet_pooling_stream.h:247->firmware/nnet_utils/nnet_pooling_stream.h:257]   --->   Operation 108 'select' 'select_ln65' <Predicate = (and_ln191_2)> <Delay = 0.00> <Core = "Sel">   --->   Core 26 'Sel' <Latency = 0> <II = 1> <Delay = 0.44> <FuncUnit> <Opcode : 'select'> <InPorts = 3> <OutPorts = 1>
ST_4 : Operation 109 [1/1] (0.00ns) (grouped into LUT with out node select_ln65_5)   --->   "%select_ln65_3 = select i1 %icmp_ln1496_3, i2 -1, i2 -2" [firmware/nnet_utils/nnet_common.h:65->firmware/nnet_utils/nnet_common.h:43->firmware/nnet_utils/nnet_common.h:45->firmware/nnet_utils/nnet_pooling_stream.h:21->firmware/nnet_utils/nnet_pooling_stream.h:204->firmware/nnet_utils/nnet_pooling_stream.h:247->firmware/nnet_utils/nnet_pooling_stream.h:257]   --->   Operation 109 'select' 'select_ln65_3' <Predicate = (and_ln191_2)> <Delay = 0.00> <Core = "Sel">   --->   Core 26 'Sel' <Latency = 0> <II = 1> <Delay = 0.44> <FuncUnit> <Opcode : 'select'> <InPorts = 3> <OutPorts = 1>
ST_4 : Operation 110 [1/1] (0.00ns) (grouped into LUT with out node icmp_ln1496_4)   --->   "%select_ln65_4 = select i1 %icmp_ln1496_3, i16 %pool_window_3_V, i16 %pool_window_2_V" [firmware/nnet_utils/nnet_common.h:65->firmware/nnet_utils/nnet_common.h:43->firmware/nnet_utils/nnet_common.h:45->firmware/nnet_utils/nnet_pooling_stream.h:21->firmware/nnet_utils/nnet_pooling_stream.h:204->firmware/nnet_utils/nnet_pooling_stream.h:247->firmware/nnet_utils/nnet_pooling_stream.h:257]   --->   Operation 110 'select' 'select_ln65_4' <Predicate = (and_ln191_2)> <Delay = 0.00> <Core = "Sel">   --->   Core 26 'Sel' <Latency = 0> <II = 1> <Delay = 0.44> <FuncUnit> <Opcode : 'select'> <InPorts = 3> <OutPorts = 1>
ST_4 : Operation 111 [1/1] (1.10ns) (out node of the LUT)   --->   "%icmp_ln1496_4 = icmp ult i16 %select_ln65, %select_ln65_4" [firmware/nnet_utils/nnet_common.h:65->firmware/nnet_utils/nnet_common.h:45->firmware/nnet_utils/nnet_pooling_stream.h:21->firmware/nnet_utils/nnet_pooling_stream.h:204->firmware/nnet_utils/nnet_pooling_stream.h:247->firmware/nnet_utils/nnet_pooling_stream.h:257]   --->   Operation 111 'icmp' 'icmp_ln1496_4' <Predicate = (and_ln191_2)> <Delay = 1.10> <Core = "Cmp">   --->   Core 25 'Cmp' <Latency = 0> <II = 1> <Delay = 0.99> <FuncUnit> <Opcode : 'icmp'> <InPorts = 2> <OutPorts = 1>
ST_4 : Operation 112 [1/1] (0.00ns) (grouped into LUT with out node select_ln65_5)   --->   "%zext_ln65 = zext i1 %icmp_ln1496 to i2" [firmware/nnet_utils/nnet_common.h:65->firmware/nnet_utils/nnet_common.h:45->firmware/nnet_utils/nnet_pooling_stream.h:21->firmware/nnet_utils/nnet_pooling_stream.h:204->firmware/nnet_utils/nnet_pooling_stream.h:247->firmware/nnet_utils/nnet_pooling_stream.h:257]   --->   Operation 112 'zext' 'zext_ln65' <Predicate = (and_ln191_2)> <Delay = 0.00>
ST_4 : Operation 113 [1/1] (0.17ns) (out node of the LUT)   --->   "%select_ln65_5 = select i1 %icmp_ln1496_4, i2 %select_ln65_3, i2 %zext_ln65" [firmware/nnet_utils/nnet_common.h:65->firmware/nnet_utils/nnet_common.h:45->firmware/nnet_utils/nnet_pooling_stream.h:21->firmware/nnet_utils/nnet_pooling_stream.h:204->firmware/nnet_utils/nnet_pooling_stream.h:247->firmware/nnet_utils/nnet_pooling_stream.h:257]   --->   Operation 113 'select' 'select_ln65_5' <Predicate = (and_ln191_2)> <Delay = 0.17> <Core = "Sel">   --->   Core 26 'Sel' <Latency = 0> <II = 1> <Delay = 0.44> <FuncUnit> <Opcode : 'select'> <InPorts = 3> <OutPorts = 1>
ST_4 : Operation 114 [1/1] (0.39ns)   --->   "%tmp_7 = call i32 @_ssdm_op_Mux.ap_auto.4i32.i2(i32 %pool_window_0_V_1, i32 %pool_window_1_V_1, i32 %pool_window_2_V_1, i32 %pool_window_3_V_1, i2 %select_ln65_5)" [firmware/nnet_utils/nnet_common.h:65->firmware/nnet_utils/nnet_common.h:45->firmware/nnet_utils/nnet_pooling_stream.h:21->firmware/nnet_utils/nnet_pooling_stream.h:204->firmware/nnet_utils/nnet_pooling_stream.h:247->firmware/nnet_utils/nnet_pooling_stream.h:257]   --->   Operation 114 'mux' 'tmp_7' <Predicate = (and_ln191_2)> <Delay = 0.39> <Core = "MuxnS">   --->   Core 31 'MuxnS' <Latency = 0> <II = 1> <Delay = 0.39> <FuncUnit> <Opcode : 'mux'> <InPorts = 2> <OutPorts = 1>
ST_4 : Operation 115 [1/1] (0.00ns)   --->   "%tmp_data_0_V = call i16 @_ssdm_op_PartSelect.i16.i32.i32.i32(i32 %tmp_7, i32 6, i32 21)" [firmware/nnet_utils/nnet_pooling_stream.h:204->firmware/nnet_utils/nnet_pooling_stream.h:247->firmware/nnet_utils/nnet_pooling_stream.h:257]   --->   Operation 115 'partselect' 'tmp_data_0_V' <Predicate = (and_ln191_2)> <Delay = 0.00>
ST_4 : Operation 116 [1/1] (0.00ns)   --->   "%pool_window_0_V_3 = zext i16 %pool_window_0_V_2 to i32" [firmware/nnet_utils/nnet_pooling_stream.h:199->firmware/nnet_utils/nnet_pooling_stream.h:247->firmware/nnet_utils/nnet_pooling_stream.h:257]   --->   Operation 116 'zext' 'pool_window_0_V_3' <Predicate = (and_ln191_2)> <Delay = 0.00>
ST_4 : Operation 117 [1/1] (0.00ns)   --->   "%pool_window_1_V_3 = zext i16 %pool_window_1_V_2 to i32" [firmware/nnet_utils/nnet_pooling_stream.h:199->firmware/nnet_utils/nnet_pooling_stream.h:247->firmware/nnet_utils/nnet_pooling_stream.h:257]   --->   Operation 117 'zext' 'pool_window_1_V_3' <Predicate = (and_ln191_2)> <Delay = 0.00>
ST_4 : Operation 118 [1/1] (0.00ns)   --->   "%pool_window_2_V_3 = zext i16 %pool_window_2_V_2 to i32" [firmware/nnet_utils/nnet_pooling_stream.h:199->firmware/nnet_utils/nnet_pooling_stream.h:247->firmware/nnet_utils/nnet_pooling_stream.h:257]   --->   Operation 118 'zext' 'pool_window_2_V_3' <Predicate = (and_ln191_2)> <Delay = 0.00>
ST_4 : Operation 119 [1/1] (0.00ns)   --->   "%pool_window_3_V_3 = zext i16 %pool_window_3_V_2 to i32" [firmware/nnet_utils/nnet_pooling_stream.h:199->firmware/nnet_utils/nnet_pooling_stream.h:247->firmware/nnet_utils/nnet_pooling_stream.h:257]   --->   Operation 119 'zext' 'pool_window_3_V_3' <Predicate = (and_ln191_2)> <Delay = 0.00>
ST_4 : Operation 120 [1/1] (0.00ns) (grouped into LUT with out node icmp_ln1496_6)   --->   "%select_ln65_6 = select i1 %icmp_ln1496_1, i16 %pool_window_1_V_2, i16 %pool_window_0_V_2" [firmware/nnet_utils/nnet_common.h:65->firmware/nnet_utils/nnet_common.h:43->firmware/nnet_utils/nnet_common.h:45->firmware/nnet_utils/nnet_pooling_stream.h:21->firmware/nnet_utils/nnet_pooling_stream.h:204->firmware/nnet_utils/nnet_pooling_stream.h:247->firmware/nnet_utils/nnet_pooling_stream.h:257]   --->   Operation 120 'select' 'select_ln65_6' <Predicate = (and_ln191_2)> <Delay = 0.00> <Core = "Sel">   --->   Core 26 'Sel' <Latency = 0> <II = 1> <Delay = 0.44> <FuncUnit> <Opcode : 'select'> <InPorts = 3> <OutPorts = 1>
ST_4 : Operation 121 [1/1] (0.00ns) (grouped into LUT with out node select_ln65_9)   --->   "%select_ln65_7 = select i1 %icmp_ln1496_5, i2 -1, i2 -2" [firmware/nnet_utils/nnet_common.h:65->firmware/nnet_utils/nnet_common.h:43->firmware/nnet_utils/nnet_common.h:45->firmware/nnet_utils/nnet_pooling_stream.h:21->firmware/nnet_utils/nnet_pooling_stream.h:204->firmware/nnet_utils/nnet_pooling_stream.h:247->firmware/nnet_utils/nnet_pooling_stream.h:257]   --->   Operation 121 'select' 'select_ln65_7' <Predicate = (and_ln191_2)> <Delay = 0.00> <Core = "Sel">   --->   Core 26 'Sel' <Latency = 0> <II = 1> <Delay = 0.44> <FuncUnit> <Opcode : 'select'> <InPorts = 3> <OutPorts = 1>
ST_4 : Operation 122 [1/1] (0.00ns) (grouped into LUT with out node icmp_ln1496_6)   --->   "%select_ln65_8 = select i1 %icmp_ln1496_5, i16 %pool_window_3_V_2, i16 %pool_window_2_V_2" [firmware/nnet_utils/nnet_common.h:65->firmware/nnet_utils/nnet_common.h:43->firmware/nnet_utils/nnet_common.h:45->firmware/nnet_utils/nnet_pooling_stream.h:21->firmware/nnet_utils/nnet_pooling_stream.h:204->firmware/nnet_utils/nnet_pooling_stream.h:247->firmware/nnet_utils/nnet_pooling_stream.h:257]   --->   Operation 122 'select' 'select_ln65_8' <Predicate = (and_ln191_2)> <Delay = 0.00> <Core = "Sel">   --->   Core 26 'Sel' <Latency = 0> <II = 1> <Delay = 0.44> <FuncUnit> <Opcode : 'select'> <InPorts = 3> <OutPorts = 1>
ST_4 : Operation 123 [1/1] (1.10ns) (out node of the LUT)   --->   "%icmp_ln1496_6 = icmp ult i16 %select_ln65_6, %select_ln65_8" [firmware/nnet_utils/nnet_common.h:65->firmware/nnet_utils/nnet_common.h:45->firmware/nnet_utils/nnet_pooling_stream.h:21->firmware/nnet_utils/nnet_pooling_stream.h:204->firmware/nnet_utils/nnet_pooling_stream.h:247->firmware/nnet_utils/nnet_pooling_stream.h:257]   --->   Operation 123 'icmp' 'icmp_ln1496_6' <Predicate = (and_ln191_2)> <Delay = 1.10> <Core = "Cmp">   --->   Core 25 'Cmp' <Latency = 0> <II = 1> <Delay = 0.99> <FuncUnit> <Opcode : 'icmp'> <InPorts = 2> <OutPorts = 1>
ST_4 : Operation 124 [1/1] (0.00ns) (grouped into LUT with out node select_ln65_9)   --->   "%zext_ln65_1 = zext i1 %icmp_ln1496_1 to i2" [firmware/nnet_utils/nnet_common.h:65->firmware/nnet_utils/nnet_common.h:45->firmware/nnet_utils/nnet_pooling_stream.h:21->firmware/nnet_utils/nnet_pooling_stream.h:204->firmware/nnet_utils/nnet_pooling_stream.h:247->firmware/nnet_utils/nnet_pooling_stream.h:257]   --->   Operation 124 'zext' 'zext_ln65_1' <Predicate = (and_ln191_2)> <Delay = 0.00>
ST_4 : Operation 125 [1/1] (0.17ns) (out node of the LUT)   --->   "%select_ln65_9 = select i1 %icmp_ln1496_6, i2 %select_ln65_7, i2 %zext_ln65_1" [firmware/nnet_utils/nnet_common.h:65->firmware/nnet_utils/nnet_common.h:45->firmware/nnet_utils/nnet_pooling_stream.h:21->firmware/nnet_utils/nnet_pooling_stream.h:204->firmware/nnet_utils/nnet_pooling_stream.h:247->firmware/nnet_utils/nnet_pooling_stream.h:257]   --->   Operation 125 'select' 'select_ln65_9' <Predicate = (and_ln191_2)> <Delay = 0.17> <Core = "Sel">   --->   Core 26 'Sel' <Latency = 0> <II = 1> <Delay = 0.44> <FuncUnit> <Opcode : 'select'> <InPorts = 3> <OutPorts = 1>
ST_4 : Operation 126 [1/1] (0.39ns)   --->   "%tmp_8 = call i32 @_ssdm_op_Mux.ap_auto.4i32.i2(i32 %pool_window_0_V_3, i32 %pool_window_1_V_3, i32 %pool_window_2_V_3, i32 %pool_window_3_V_3, i2 %select_ln65_9)" [firmware/nnet_utils/nnet_common.h:65->firmware/nnet_utils/nnet_common.h:45->firmware/nnet_utils/nnet_pooling_stream.h:21->firmware/nnet_utils/nnet_pooling_stream.h:204->firmware/nnet_utils/nnet_pooling_stream.h:247->firmware/nnet_utils/nnet_pooling_stream.h:257]   --->   Operation 126 'mux' 'tmp_8' <Predicate = (and_ln191_2)> <Delay = 0.39> <Core = "MuxnS">   --->   Core 31 'MuxnS' <Latency = 0> <II = 1> <Delay = 0.39> <FuncUnit> <Opcode : 'mux'> <InPorts = 2> <OutPorts = 1>
ST_4 : Operation 127 [1/1] (0.00ns)   --->   "%tmp_data_1_V = call i16 @_ssdm_op_PartSelect.i16.i32.i32.i32(i32 %tmp_8, i32 6, i32 21)" [firmware/nnet_utils/nnet_pooling_stream.h:204->firmware/nnet_utils/nnet_pooling_stream.h:247->firmware/nnet_utils/nnet_pooling_stream.h:257]   --->   Operation 127 'partselect' 'tmp_data_1_V' <Predicate = (and_ln191_2)> <Delay = 0.00>
ST_4 : Operation 128 [1/1] (0.00ns)   --->   "%pool_window_0_V_5 = zext i16 %pool_window_0_V_4 to i32" [firmware/nnet_utils/nnet_pooling_stream.h:199->firmware/nnet_utils/nnet_pooling_stream.h:247->firmware/nnet_utils/nnet_pooling_stream.h:257]   --->   Operation 128 'zext' 'pool_window_0_V_5' <Predicate = (and_ln191_2)> <Delay = 0.00>
ST_4 : Operation 129 [1/1] (0.00ns)   --->   "%pool_window_1_V_5 = zext i16 %pool_window_1_V_4 to i32" [firmware/nnet_utils/nnet_pooling_stream.h:199->firmware/nnet_utils/nnet_pooling_stream.h:247->firmware/nnet_utils/nnet_pooling_stream.h:257]   --->   Operation 129 'zext' 'pool_window_1_V_5' <Predicate = (and_ln191_2)> <Delay = 0.00>
ST_4 : Operation 130 [1/1] (0.00ns)   --->   "%pool_window_2_V_5 = zext i16 %pool_window_2_V_4 to i32" [firmware/nnet_utils/nnet_pooling_stream.h:199->firmware/nnet_utils/nnet_pooling_stream.h:247->firmware/nnet_utils/nnet_pooling_stream.h:257]   --->   Operation 130 'zext' 'pool_window_2_V_5' <Predicate = (and_ln191_2)> <Delay = 0.00>
ST_4 : Operation 131 [1/1] (0.00ns)   --->   "%pool_window_3_V_5 = zext i16 %pool_window_3_V_4 to i32" [firmware/nnet_utils/nnet_pooling_stream.h:199->firmware/nnet_utils/nnet_pooling_stream.h:247->firmware/nnet_utils/nnet_pooling_stream.h:257]   --->   Operation 131 'zext' 'pool_window_3_V_5' <Predicate = (and_ln191_2)> <Delay = 0.00>
ST_4 : Operation 132 [1/1] (0.00ns) (grouped into LUT with out node icmp_ln1496_8)   --->   "%select_ln65_10 = select i1 %icmp_ln1496_2, i16 %pool_window_1_V_4, i16 %pool_window_0_V_4" [firmware/nnet_utils/nnet_common.h:65->firmware/nnet_utils/nnet_common.h:43->firmware/nnet_utils/nnet_common.h:45->firmware/nnet_utils/nnet_pooling_stream.h:21->firmware/nnet_utils/nnet_pooling_stream.h:204->firmware/nnet_utils/nnet_pooling_stream.h:247->firmware/nnet_utils/nnet_pooling_stream.h:257]   --->   Operation 132 'select' 'select_ln65_10' <Predicate = (and_ln191_2)> <Delay = 0.00> <Core = "Sel">   --->   Core 26 'Sel' <Latency = 0> <II = 1> <Delay = 0.44> <FuncUnit> <Opcode : 'select'> <InPorts = 3> <OutPorts = 1>
ST_4 : Operation 133 [1/1] (0.00ns) (grouped into LUT with out node select_ln65_13)   --->   "%select_ln65_11 = select i1 %icmp_ln1496_7, i2 -1, i2 -2" [firmware/nnet_utils/nnet_common.h:65->firmware/nnet_utils/nnet_common.h:43->firmware/nnet_utils/nnet_common.h:45->firmware/nnet_utils/nnet_pooling_stream.h:21->firmware/nnet_utils/nnet_pooling_stream.h:204->firmware/nnet_utils/nnet_pooling_stream.h:247->firmware/nnet_utils/nnet_pooling_stream.h:257]   --->   Operation 133 'select' 'select_ln65_11' <Predicate = (and_ln191_2)> <Delay = 0.00> <Core = "Sel">   --->   Core 26 'Sel' <Latency = 0> <II = 1> <Delay = 0.44> <FuncUnit> <Opcode : 'select'> <InPorts = 3> <OutPorts = 1>
ST_4 : Operation 134 [1/1] (0.00ns) (grouped into LUT with out node icmp_ln1496_8)   --->   "%select_ln65_12 = select i1 %icmp_ln1496_7, i16 %pool_window_3_V_4, i16 %pool_window_2_V_4" [firmware/nnet_utils/nnet_common.h:65->firmware/nnet_utils/nnet_common.h:43->firmware/nnet_utils/nnet_common.h:45->firmware/nnet_utils/nnet_pooling_stream.h:21->firmware/nnet_utils/nnet_pooling_stream.h:204->firmware/nnet_utils/nnet_pooling_stream.h:247->firmware/nnet_utils/nnet_pooling_stream.h:257]   --->   Operation 134 'select' 'select_ln65_12' <Predicate = (and_ln191_2)> <Delay = 0.00> <Core = "Sel">   --->   Core 26 'Sel' <Latency = 0> <II = 1> <Delay = 0.44> <FuncUnit> <Opcode : 'select'> <InPorts = 3> <OutPorts = 1>
ST_4 : Operation 135 [1/1] (1.10ns) (out node of the LUT)   --->   "%icmp_ln1496_8 = icmp ult i16 %select_ln65_10, %select_ln65_12" [firmware/nnet_utils/nnet_common.h:65->firmware/nnet_utils/nnet_common.h:45->firmware/nnet_utils/nnet_pooling_stream.h:21->firmware/nnet_utils/nnet_pooling_stream.h:204->firmware/nnet_utils/nnet_pooling_stream.h:247->firmware/nnet_utils/nnet_pooling_stream.h:257]   --->   Operation 135 'icmp' 'icmp_ln1496_8' <Predicate = (and_ln191_2)> <Delay = 1.10> <Core = "Cmp">   --->   Core 25 'Cmp' <Latency = 0> <II = 1> <Delay = 0.99> <FuncUnit> <Opcode : 'icmp'> <InPorts = 2> <OutPorts = 1>
ST_4 : Operation 136 [1/1] (0.00ns) (grouped into LUT with out node select_ln65_13)   --->   "%zext_ln65_2 = zext i1 %icmp_ln1496_2 to i2" [firmware/nnet_utils/nnet_common.h:65->firmware/nnet_utils/nnet_common.h:45->firmware/nnet_utils/nnet_pooling_stream.h:21->firmware/nnet_utils/nnet_pooling_stream.h:204->firmware/nnet_utils/nnet_pooling_stream.h:247->firmware/nnet_utils/nnet_pooling_stream.h:257]   --->   Operation 136 'zext' 'zext_ln65_2' <Predicate = (and_ln191_2)> <Delay = 0.00>
ST_4 : Operation 137 [1/1] (0.17ns) (out node of the LUT)   --->   "%select_ln65_13 = select i1 %icmp_ln1496_8, i2 %select_ln65_11, i2 %zext_ln65_2" [firmware/nnet_utils/nnet_common.h:65->firmware/nnet_utils/nnet_common.h:45->firmware/nnet_utils/nnet_pooling_stream.h:21->firmware/nnet_utils/nnet_pooling_stream.h:204->firmware/nnet_utils/nnet_pooling_stream.h:247->firmware/nnet_utils/nnet_pooling_stream.h:257]   --->   Operation 137 'select' 'select_ln65_13' <Predicate = (and_ln191_2)> <Delay = 0.17> <Core = "Sel">   --->   Core 26 'Sel' <Latency = 0> <II = 1> <Delay = 0.44> <FuncUnit> <Opcode : 'select'> <InPorts = 3> <OutPorts = 1>
ST_4 : Operation 138 [1/1] (0.39ns)   --->   "%tmp_9 = call i32 @_ssdm_op_Mux.ap_auto.4i32.i2(i32 %pool_window_0_V_5, i32 %pool_window_1_V_5, i32 %pool_window_2_V_5, i32 %pool_window_3_V_5, i2 %select_ln65_13)" [firmware/nnet_utils/nnet_common.h:65->firmware/nnet_utils/nnet_common.h:45->firmware/nnet_utils/nnet_pooling_stream.h:21->firmware/nnet_utils/nnet_pooling_stream.h:204->firmware/nnet_utils/nnet_pooling_stream.h:247->firmware/nnet_utils/nnet_pooling_stream.h:257]   --->   Operation 138 'mux' 'tmp_9' <Predicate = (and_ln191_2)> <Delay = 0.39> <Core = "MuxnS">   --->   Core 31 'MuxnS' <Latency = 0> <II = 1> <Delay = 0.39> <FuncUnit> <Opcode : 'mux'> <InPorts = 2> <OutPorts = 1>
ST_4 : Operation 139 [1/1] (0.00ns)   --->   "%tmp_data_2_V = call i16 @_ssdm_op_PartSelect.i16.i32.i32.i32(i32 %tmp_9, i32 6, i32 21)" [firmware/nnet_utils/nnet_pooling_stream.h:204->firmware/nnet_utils/nnet_pooling_stream.h:247->firmware/nnet_utils/nnet_pooling_stream.h:257]   --->   Operation 139 'partselect' 'tmp_data_2_V' <Predicate = (and_ln191_2)> <Delay = 0.00>
ST_4 : Operation 140 [1/1] (0.00ns)   --->   "%pool_window_0_V_7 = zext i16 %pool_window_0_V_6 to i32" [firmware/nnet_utils/nnet_pooling_stream.h:199->firmware/nnet_utils/nnet_pooling_stream.h:247->firmware/nnet_utils/nnet_pooling_stream.h:257]   --->   Operation 140 'zext' 'pool_window_0_V_7' <Predicate = (and_ln191_2)> <Delay = 0.00>
ST_4 : Operation 141 [1/1] (0.00ns)   --->   "%pool_window_1_V_7 = zext i16 %pool_window_1_V_6 to i32" [firmware/nnet_utils/nnet_pooling_stream.h:199->firmware/nnet_utils/nnet_pooling_stream.h:247->firmware/nnet_utils/nnet_pooling_stream.h:257]   --->   Operation 141 'zext' 'pool_window_1_V_7' <Predicate = (and_ln191_2)> <Delay = 0.00>
ST_4 : Operation 142 [1/1] (0.00ns)   --->   "%pool_window_2_V_7 = zext i16 %pool_window_2_V_6 to i32" [firmware/nnet_utils/nnet_pooling_stream.h:199->firmware/nnet_utils/nnet_pooling_stream.h:247->firmware/nnet_utils/nnet_pooling_stream.h:257]   --->   Operation 142 'zext' 'pool_window_2_V_7' <Predicate = (and_ln191_2)> <Delay = 0.00>
ST_4 : Operation 143 [1/1] (0.00ns)   --->   "%pool_window_3_V_7 = zext i16 %pool_window_3_V_6 to i32" [firmware/nnet_utils/nnet_pooling_stream.h:199->firmware/nnet_utils/nnet_pooling_stream.h:247->firmware/nnet_utils/nnet_pooling_stream.h:257]   --->   Operation 143 'zext' 'pool_window_3_V_7' <Predicate = (and_ln191_2)> <Delay = 0.00>
ST_4 : Operation 144 [1/1] (0.00ns) (grouped into LUT with out node icmp_ln1496_11)   --->   "%select_ln65_14 = select i1 %icmp_ln1496_9, i16 %pool_window_1_V_6, i16 %pool_window_0_V_6" [firmware/nnet_utils/nnet_common.h:65->firmware/nnet_utils/nnet_common.h:43->firmware/nnet_utils/nnet_common.h:45->firmware/nnet_utils/nnet_pooling_stream.h:21->firmware/nnet_utils/nnet_pooling_stream.h:204->firmware/nnet_utils/nnet_pooling_stream.h:247->firmware/nnet_utils/nnet_pooling_stream.h:257]   --->   Operation 144 'select' 'select_ln65_14' <Predicate = (and_ln191_2)> <Delay = 0.00> <Core = "Sel">   --->   Core 26 'Sel' <Latency = 0> <II = 1> <Delay = 0.44> <FuncUnit> <Opcode : 'select'> <InPorts = 3> <OutPorts = 1>
ST_4 : Operation 145 [1/1] (0.00ns) (grouped into LUT with out node select_ln65_17)   --->   "%select_ln65_15 = select i1 %icmp_ln1496_10, i2 -1, i2 -2" [firmware/nnet_utils/nnet_common.h:65->firmware/nnet_utils/nnet_common.h:43->firmware/nnet_utils/nnet_common.h:45->firmware/nnet_utils/nnet_pooling_stream.h:21->firmware/nnet_utils/nnet_pooling_stream.h:204->firmware/nnet_utils/nnet_pooling_stream.h:247->firmware/nnet_utils/nnet_pooling_stream.h:257]   --->   Operation 145 'select' 'select_ln65_15' <Predicate = (and_ln191_2)> <Delay = 0.00> <Core = "Sel">   --->   Core 26 'Sel' <Latency = 0> <II = 1> <Delay = 0.44> <FuncUnit> <Opcode : 'select'> <InPorts = 3> <OutPorts = 1>
ST_4 : Operation 146 [1/1] (0.00ns) (grouped into LUT with out node icmp_ln1496_11)   --->   "%select_ln65_16 = select i1 %icmp_ln1496_10, i16 %pool_window_3_V_6, i16 %pool_window_2_V_6" [firmware/nnet_utils/nnet_common.h:65->firmware/nnet_utils/nnet_common.h:43->firmware/nnet_utils/nnet_common.h:45->firmware/nnet_utils/nnet_pooling_stream.h:21->firmware/nnet_utils/nnet_pooling_stream.h:204->firmware/nnet_utils/nnet_pooling_stream.h:247->firmware/nnet_utils/nnet_pooling_stream.h:257]   --->   Operation 146 'select' 'select_ln65_16' <Predicate = (and_ln191_2)> <Delay = 0.00> <Core = "Sel">   --->   Core 26 'Sel' <Latency = 0> <II = 1> <Delay = 0.44> <FuncUnit> <Opcode : 'select'> <InPorts = 3> <OutPorts = 1>
ST_4 : Operation 147 [1/1] (1.10ns) (out node of the LUT)   --->   "%icmp_ln1496_11 = icmp ult i16 %select_ln65_14, %select_ln65_16" [firmware/nnet_utils/nnet_common.h:65->firmware/nnet_utils/nnet_common.h:45->firmware/nnet_utils/nnet_pooling_stream.h:21->firmware/nnet_utils/nnet_pooling_stream.h:204->firmware/nnet_utils/nnet_pooling_stream.h:247->firmware/nnet_utils/nnet_pooling_stream.h:257]   --->   Operation 147 'icmp' 'icmp_ln1496_11' <Predicate = (and_ln191_2)> <Delay = 1.10> <Core = "Cmp">   --->   Core 25 'Cmp' <Latency = 0> <II = 1> <Delay = 0.99> <FuncUnit> <Opcode : 'icmp'> <InPorts = 2> <OutPorts = 1>
ST_4 : Operation 148 [1/1] (0.00ns) (grouped into LUT with out node select_ln65_17)   --->   "%zext_ln65_3 = zext i1 %icmp_ln1496_9 to i2" [firmware/nnet_utils/nnet_common.h:65->firmware/nnet_utils/nnet_common.h:45->firmware/nnet_utils/nnet_pooling_stream.h:21->firmware/nnet_utils/nnet_pooling_stream.h:204->firmware/nnet_utils/nnet_pooling_stream.h:247->firmware/nnet_utils/nnet_pooling_stream.h:257]   --->   Operation 148 'zext' 'zext_ln65_3' <Predicate = (and_ln191_2)> <Delay = 0.00>
ST_4 : Operation 149 [1/1] (0.17ns) (out node of the LUT)   --->   "%select_ln65_17 = select i1 %icmp_ln1496_11, i2 %select_ln65_15, i2 %zext_ln65_3" [firmware/nnet_utils/nnet_common.h:65->firmware/nnet_utils/nnet_common.h:45->firmware/nnet_utils/nnet_pooling_stream.h:21->firmware/nnet_utils/nnet_pooling_stream.h:204->firmware/nnet_utils/nnet_pooling_stream.h:247->firmware/nnet_utils/nnet_pooling_stream.h:257]   --->   Operation 149 'select' 'select_ln65_17' <Predicate = (and_ln191_2)> <Delay = 0.17> <Core = "Sel">   --->   Core 26 'Sel' <Latency = 0> <II = 1> <Delay = 0.44> <FuncUnit> <Opcode : 'select'> <InPorts = 3> <OutPorts = 1>
ST_4 : Operation 150 [1/1] (0.39ns)   --->   "%tmp_1 = call i32 @_ssdm_op_Mux.ap_auto.4i32.i2(i32 %pool_window_0_V_7, i32 %pool_window_1_V_7, i32 %pool_window_2_V_7, i32 %pool_window_3_V_7, i2 %select_ln65_17)" [firmware/nnet_utils/nnet_common.h:65->firmware/nnet_utils/nnet_common.h:45->firmware/nnet_utils/nnet_pooling_stream.h:21->firmware/nnet_utils/nnet_pooling_stream.h:204->firmware/nnet_utils/nnet_pooling_stream.h:247->firmware/nnet_utils/nnet_pooling_stream.h:257]   --->   Operation 150 'mux' 'tmp_1' <Predicate = (and_ln191_2)> <Delay = 0.39> <Core = "MuxnS">   --->   Core 31 'MuxnS' <Latency = 0> <II = 1> <Delay = 0.39> <FuncUnit> <Opcode : 'mux'> <InPorts = 2> <OutPorts = 1>
ST_4 : Operation 151 [1/1] (0.00ns)   --->   "%tmp_data_3_V = call i16 @_ssdm_op_PartSelect.i16.i32.i32.i32(i32 %tmp_1, i32 6, i32 21)" [firmware/nnet_utils/nnet_pooling_stream.h:204->firmware/nnet_utils/nnet_pooling_stream.h:247->firmware/nnet_utils/nnet_pooling_stream.h:257]   --->   Operation 151 'partselect' 'tmp_data_3_V' <Predicate = (and_ln191_2)> <Delay = 0.00>
ST_4 : Operation 152 [1/1] (1.83ns)   --->   "call void @_ssdm_op_Write.ap_fifo.volatile.i16P.i16P.i16P.i16P(i16* %res_V_data_0_V, i16* %res_V_data_1_V, i16* %res_V_data_2_V, i16* %res_V_data_3_V, i16 %tmp_data_0_V, i16 %tmp_data_1_V, i16 %tmp_data_2_V, i16 %tmp_data_3_V)" [firmware/nnet_utils/nnet_pooling_stream.h:208->firmware/nnet_utils/nnet_pooling_stream.h:247->firmware/nnet_utils/nnet_pooling_stream.h:257]   --->   Operation 152 'write' <Predicate = (and_ln191_2)> <Delay = 1.83> <Core = "FIFO">   --->   Core 32 'FIFO' <Latency = 0> <II = 1> <Delay = 1.83> <Storage> <Opcode : 'read' 'write' 'nbread' 'nbwrite'> <Ports = 0> <Width = 16> <Depth = 1> <FIFO>
ST_4 : Operation 153 [1/1] (0.00ns)   --->   "br label %._crit_edge63.i.i" [firmware/nnet_utils/nnet_pooling_stream.h:209->firmware/nnet_utils/nnet_pooling_stream.h:247->firmware/nnet_utils/nnet_pooling_stream.h:257]   --->   Operation 153 'br' <Predicate = (and_ln191_2)> <Delay = 0.00>
ST_4 : Operation 154 [1/1] (0.00ns)   --->   "%storemerge_i_i = phi i32 [ %select_ln222, %3 ], [ 0, %2 ]" [firmware/nnet_utils/nnet_pooling_stream.h:222->firmware/nnet_utils/nnet_pooling_stream.h:247->firmware/nnet_utils/nnet_pooling_stream.h:257]   --->   Operation 154 'phi' 'storemerge_i_i' <Predicate = (icmp_ln212)> <Delay = 0.00>
ST_4 : Operation 155 [1/1] (0.00ns)   --->   "store i32 %storemerge_i_i, i32* @sY_1, align 4" [firmware/nnet_utils/nnet_pooling_stream.h:218->firmware/nnet_utils/nnet_pooling_stream.h:247->firmware/nnet_utils/nnet_pooling_stream.h:257]   --->   Operation 155 'store' <Predicate = (icmp_ln212)> <Delay = 0.00>
ST_4 : Operation 156 [1/1] (0.00ns)   --->   "br label %ReadInputWidth_end" [firmware/nnet_utils/nnet_pooling_stream.h:224->firmware/nnet_utils/nnet_pooling_stream.h:247->firmware/nnet_utils/nnet_pooling_stream.h:257]   --->   Operation 156 'br' <Predicate = (icmp_ln212)> <Delay = 0.00>
ST_4 : Operation 157 [1/1] (0.00ns)   --->   "%empty = call i32 (...)* @_ssdm_op_SpecRegionEnd([15 x i8]* @p_str36, i32 %tmp_s)" [firmware/nnet_utils/nnet_pooling_stream.h:248->firmware/nnet_utils/nnet_pooling_stream.h:257]   --->   Operation 157 'specregionend' 'empty' <Predicate = (!icmp_ln241)> <Delay = 0.00>
ST_4 : Operation 158 [1/1] (0.00ns)   --->   "br label %0"   --->   Operation 158 'br' <Predicate = (!icmp_ln241)> <Delay = 0.00>

State 5 <SV = 2> <Delay = 0.00>
ST_5 : Operation 159 [1/1] (0.00ns)   --->   "ret void" [firmware/nnet_utils/nnet_pooling_stream.h:263]   --->   Operation 159 'ret' <Predicate = true> <Delay = 0.00>


============================================================
+ Verbose Summary: Timing violations
============================================================
Target clock period: 5ns, clock uncertainty: 0.625ns.

 <State 1>: 0.656ns
The critical path consists of the following:
	multiplexor before 'phi' operation ('indvar_flatten', firmware/nnet_utils/nnet_pooling_stream.h:241->firmware/nnet_utils/nnet_pooling_stream.h:257) with incoming values : ('add_ln241', firmware/nnet_utils/nnet_pooling_stream.h:241->firmware/nnet_utils/nnet_pooling_stream.h:257) [33]  (0.656 ns)

 <State 2>: 0.976ns
The critical path consists of the following:
	'phi' operation ('indvar_flatten', firmware/nnet_utils/nnet_pooling_stream.h:241->firmware/nnet_utils/nnet_pooling_stream.h:257) with incoming values : ('add_ln241', firmware/nnet_utils/nnet_pooling_stream.h:241->firmware/nnet_utils/nnet_pooling_stream.h:257) [33]  (0 ns)
	'icmp' operation ('icmp_ln241', firmware/nnet_utils/nnet_pooling_stream.h:241->firmware/nnet_utils/nnet_pooling_stream.h:257) [34]  (0.976 ns)

 <State 3>: 3.66ns
The critical path consists of the following:
	fifo read on port 'data_V_data_0_V' (firmware/nnet_utils/nnet_pooling_stream.h:247->firmware/nnet_utils/nnet_pooling_stream.h:257) [43]  (1.84 ns)
	'memshiftread' operation ('DataOut.V', firmware/nnet_utils/nnet_conv_stream.h:246->firmware/nnet_utils/nnet_pooling_stream.h:188->firmware/nnet_utils/nnet_pooling_stream.h:247->firmware/nnet_utils/nnet_pooling_stream.h:257) [48]  (0.717 ns)
	'icmp' operation ('icmp_ln1496', firmware/nnet_utils/nnet_common.h:65->firmware/nnet_utils/nnet_common.h:43->firmware/nnet_utils/nnet_common.h:45->firmware/nnet_utils/nnet_pooling_stream.h:21->firmware/nnet_utils/nnet_pooling_stream.h:204->firmware/nnet_utils/nnet_pooling_stream.h:247->firmware/nnet_utils/nnet_pooling_stream.h:257) [89]  (1.1 ns)

 <State 4>: 3.51ns
The critical path consists of the following:
	'select' operation ('select_ln65', firmware/nnet_utils/nnet_common.h:65->firmware/nnet_utils/nnet_common.h:43->firmware/nnet_utils/nnet_common.h:45->firmware/nnet_utils/nnet_pooling_stream.h:21->firmware/nnet_utils/nnet_pooling_stream.h:204->firmware/nnet_utils/nnet_pooling_stream.h:247->firmware/nnet_utils/nnet_pooling_stream.h:257) [90]  (0 ns)
	'icmp' operation ('icmp_ln1496_4', firmware/nnet_utils/nnet_common.h:65->firmware/nnet_utils/nnet_common.h:45->firmware/nnet_utils/nnet_pooling_stream.h:21->firmware/nnet_utils/nnet_pooling_stream.h:204->firmware/nnet_utils/nnet_pooling_stream.h:247->firmware/nnet_utils/nnet_pooling_stream.h:257) [94]  (1.1 ns)
	'select' operation ('select_ln65_5', firmware/nnet_utils/nnet_common.h:65->firmware/nnet_utils/nnet_common.h:45->firmware/nnet_utils/nnet_pooling_stream.h:21->firmware/nnet_utils/nnet_pooling_stream.h:204->firmware/nnet_utils/nnet_pooling_stream.h:247->firmware/nnet_utils/nnet_pooling_stream.h:257) [96]  (0.179 ns)
	'mux' operation ('tmp_7', firmware/nnet_utils/nnet_common.h:65->firmware/nnet_utils/nnet_common.h:45->firmware/nnet_utils/nnet_pooling_stream.h:21->firmware/nnet_utils/nnet_pooling_stream.h:204->firmware/nnet_utils/nnet_pooling_stream.h:247->firmware/nnet_utils/nnet_pooling_stream.h:257) [97]  (0.392 ns)
	fifo write on port 'res_V_data_0_V' (firmware/nnet_utils/nnet_pooling_stream.h:208->firmware/nnet_utils/nnet_pooling_stream.h:247->firmware/nnet_utils/nnet_pooling_stream.h:257) [153]  (1.84 ns)

 <State 5>: 0ns
The critical path consists of the following:


============================================================
+ Verbose Summary: Binding
============================================================
N/A
* FSMD analyzer results:
  - Output states:
 - Input state : 
  - Chain level:
	State 1
	State 2
	State 3
	State 4
	State 5


============================================================
+ Verbose Summary: Datapath Resource usage 
============================================================
N/A
