

================================================================
== Vivado HLS Report for 'relu_array_ap_fixed_4u_array_ap_ufixed_6_0_4_0_0_4u_relu_config4_s'
================================================================
* Date:           Wed Apr 10 15:57:03 2024

* Version:        2019.2 (Build 2704478 on Wed Nov 06 22:10:23 MST 2019)
* Project:        myproject_prj
* Solution:       solution1
* Product family: zynquplus
* Target device:  xczu5ev-sfvc784-2LV-e


================================================================
== Performance Estimates
================================================================
+ Timing: 
    * Summary: 
    +--------+---------+----------+------------+
    |  Clock |  Target | Estimated| Uncertainty|
    +--------+---------+----------+------------+
    |ap_clk  | 5.00 ns | 3.587 ns |   0.62 ns  |
    +--------+---------+----------+------------+

+ Latency: 
    * Summary: 
    +---------+---------+-----------+-----------+------+------+---------+
    |  Latency (cycles) |   Latency (absolute)  |   Interval  | Pipeline|
    |   min   |   max   |    min    |    max    |  min |  max |   Type  |
    +---------+---------+-----------+-----------+------+------+---------+
    |     3847|     3847| 19.235 us | 19.235 us |  3847|  3847|   none  |
    +---------+---------+-----------+-----------+------+------+---------+

    + Detail: 
        * Instance: 
        N/A

        * Loop: 
        +---------------+---------+---------+----------+-----------+-----------+------+----------+
        |               |  Latency (cycles) | Iteration|  Initiation Interval  | Trip |          |
        |   Loop Name   |   min   |   max   |  Latency |  achieved |   target  | Count| Pipelined|
        +---------------+---------+---------+----------+-----------+-----------+------+----------+
        |- ReLUActLoop  |     3845|     3845|         3|          1|          1|  3844|    yes   |
        +---------------+---------+---------+----------+-----------+-----------+------+----------+

============================================================
+ Verbose Summary: Synthesis Manager
============================================================
InlineROM: 1
ExposeGlobal: 0
============================================================
+ Verbose Summary: CDFG Model
============================================================
IsTopModel: 0
ResetActiveHigh: 1
IsCombinational: 2
IsDatapathOnly: 0
HasWiredReturn: 1
HasMFsm: 0
HasVarLatency: 1
IsPipeline: 0
IsRtlPipelined: 0
IsInstanceOverlapped: 0
IsDontTouch: 0
HasImplIP: 0
IsGatedGlobalClock: 0

+ Individual pipeline summary: 
  * Pipeline-0: initiation interval (II) = 1, depth = 3


============================================================
+ Verbose Summary: Schedule
============================================================
* Number of FSM states : 5
* Pipeline : 1
  Pipeline-0 : II = 1, D = 3, States = { 2 3 4 }
* Dataflow Pipeline: 0

* FSM state transitions: 
1 --> 2 
2 --> 5 3 
3 --> 4 
4 --> 2 
5 --> 

* FSM state operations: 

State 1 <SV = 0> <Delay = 0.65>
ST_1 : Operation 6 [1/1] (0.00ns)   --->   "call void (...)* @_ssdm_op_SpecInterface(i6* %res_V_data_3_V, [8 x i8]* @ap_fifo_str, i32 0, i32 0, [1 x i8]* @p_str390, i32 0, i32 0, [1 x i8]* @p_str391, [1 x i8]* @p_str392, [1 x i8]* @p_str393, i32 2, i32 2, i32 16, i32 16, [1 x i8]* @p_str394, [1 x i8]* @p_str395)"   --->   Operation 6 'specinterface' <Predicate = true> <Delay = 0.00>
ST_1 : Operation 7 [1/1] (0.00ns)   --->   "call void (...)* @_ssdm_op_SpecInterface(i6* %res_V_data_2_V, [8 x i8]* @ap_fifo_str, i32 0, i32 0, [1 x i8]* @p_str383, i32 0, i32 0, [1 x i8]* @p_str384, [1 x i8]* @p_str385, [1 x i8]* @p_str386, i32 2, i32 2, i32 16, i32 16, [1 x i8]* @p_str387, [1 x i8]* @p_str388)"   --->   Operation 7 'specinterface' <Predicate = true> <Delay = 0.00>
ST_1 : Operation 8 [1/1] (0.00ns)   --->   "call void (...)* @_ssdm_op_SpecInterface(i6* %res_V_data_1_V, [8 x i8]* @ap_fifo_str, i32 0, i32 0, [1 x i8]* @p_str376, i32 0, i32 0, [1 x i8]* @p_str377, [1 x i8]* @p_str378, [1 x i8]* @p_str379, i32 2, i32 2, i32 16, i32 16, [1 x i8]* @p_str380, [1 x i8]* @p_str381)"   --->   Operation 8 'specinterface' <Predicate = true> <Delay = 0.00>
ST_1 : Operation 9 [1/1] (0.00ns)   --->   "call void (...)* @_ssdm_op_SpecInterface(i6* %res_V_data_0_V, [8 x i8]* @ap_fifo_str, i32 0, i32 0, [1 x i8]* @p_str369, i32 0, i32 0, [1 x i8]* @p_str370, [1 x i8]* @p_str371, [1 x i8]* @p_str372, i32 2, i32 2, i32 16, i32 16, [1 x i8]* @p_str373, [1 x i8]* @p_str374)"   --->   Operation 9 'specinterface' <Predicate = true> <Delay = 0.00>
ST_1 : Operation 10 [1/1] (0.00ns)   --->   "call void (...)* @_ssdm_op_SpecInterface(i16* %data_V_data_3_V, [8 x i8]* @ap_fifo_str, i32 0, i32 0, [1 x i8]* @p_str362, i32 0, i32 0, [1 x i8]* @p_str363, [1 x i8]* @p_str364, [1 x i8]* @p_str365, i32 2, i32 2, i32 16, i32 16, [1 x i8]* @p_str366, [1 x i8]* @p_str367)"   --->   Operation 10 'specinterface' <Predicate = true> <Delay = 0.00>
ST_1 : Operation 11 [1/1] (0.00ns)   --->   "call void (...)* @_ssdm_op_SpecInterface(i16* %data_V_data_2_V, [8 x i8]* @ap_fifo_str, i32 0, i32 0, [1 x i8]* @p_str355, i32 0, i32 0, [1 x i8]* @p_str356, [1 x i8]* @p_str357, [1 x i8]* @p_str358, i32 2, i32 2, i32 16, i32 16, [1 x i8]* @p_str359, [1 x i8]* @p_str360)"   --->   Operation 11 'specinterface' <Predicate = true> <Delay = 0.00>
ST_1 : Operation 12 [1/1] (0.00ns)   --->   "call void (...)* @_ssdm_op_SpecInterface(i16* %data_V_data_1_V, [8 x i8]* @ap_fifo_str, i32 0, i32 0, [1 x i8]* @p_str348, i32 0, i32 0, [1 x i8]* @p_str349, [1 x i8]* @p_str350, [1 x i8]* @p_str351, i32 2, i32 2, i32 16, i32 16, [1 x i8]* @p_str352, [1 x i8]* @p_str353)"   --->   Operation 12 'specinterface' <Predicate = true> <Delay = 0.00>
ST_1 : Operation 13 [1/1] (0.00ns)   --->   "call void (...)* @_ssdm_op_SpecInterface(i16* %data_V_data_0_V, [8 x i8]* @ap_fifo_str, i32 0, i32 0, [1 x i8]* @p_str341, i32 0, i32 0, [1 x i8]* @p_str342, [1 x i8]* @p_str343, [1 x i8]* @p_str344, i32 2, i32 2, i32 16, i32 16, [1 x i8]* @p_str345, [1 x i8]* @p_str346)"   --->   Operation 13 'specinterface' <Predicate = true> <Delay = 0.00>
ST_1 : Operation 14 [1/1] (0.65ns)   --->   "br label %1" [firmware/nnet_utils/nnet_activation_stream.h:41]   --->   Operation 14 'br' <Predicate = true> <Delay = 0.65>

State 2 <SV = 1> <Delay = 0.97>
ST_2 : Operation 15 [1/1] (0.00ns)   --->   "%i_0 = phi i12 [ 0, %0 ], [ %i, %ReLUActLoop ]"   --->   Operation 15 'phi' 'i_0' <Predicate = true> <Delay = 0.00>
ST_2 : Operation 16 [1/1] (0.97ns)   --->   "%icmp_ln41 = icmp eq i12 %i_0, -252" [firmware/nnet_utils/nnet_activation_stream.h:41]   --->   Operation 16 'icmp' 'icmp_ln41' <Predicate = true> <Delay = 0.97> <Core = "Cmp">   --->   Core 25 'Cmp' <Latency = 0> <II = 1> <Delay = 0.78> <FuncUnit> <Opcode : 'icmp'> <InPorts = 2> <OutPorts = 1>
ST_2 : Operation 17 [1/1] (0.00ns)   --->   "%empty = call i32 (...)* @_ssdm_op_SpecLoopTripCount(i64 3844, i64 3844, i64 3844)"   --->   Operation 17 'speclooptripcount' 'empty' <Predicate = true> <Delay = 0.00>
ST_2 : Operation 18 [1/1] (0.80ns)   --->   "%i = add i12 %i_0, 1" [firmware/nnet_utils/nnet_activation_stream.h:41]   --->   Operation 18 'add' 'i' <Predicate = true> <Delay = 0.80> <Core = "AddSub">   --->   Core 14 'AddSub' <Latency = 0> <II = 1> <Delay = 0.78> <FuncUnit> <Opcode : 'add' 'sub'> <InPorts = 2> <OutPorts = 1>
ST_2 : Operation 19 [1/1] (0.00ns)   --->   "br i1 %icmp_ln41, label %2, label %ReLUActLoop" [firmware/nnet_utils/nnet_activation_stream.h:41]   --->   Operation 19 'br' <Predicate = true> <Delay = 0.00>

State 3 <SV = 2> <Delay = 3.58>
ST_3 : Operation 20 [1/1] (1.83ns)   --->   "%empty_36 = call { i16, i16, i16, i16 } @_ssdm_op_Read.ap_fifo.volatile.i16P.i16P.i16P.i16P(i16* %data_V_data_0_V, i16* %data_V_data_1_V, i16* %data_V_data_2_V, i16* %data_V_data_3_V)" [firmware/nnet_utils/nnet_activation_stream.h:44]   --->   Operation 20 'read' 'empty_36' <Predicate = (!icmp_ln41)> <Delay = 1.83> <Core = "FIFO">   --->   Core 32 'FIFO' <Latency = 0> <II = 1> <Delay = 1.83> <Storage> <Opcode : 'read' 'write' 'nbread' 'nbwrite'> <Ports = 0> <Width = 6> <Depth = 1> <FIFO>
ST_3 : Operation 21 [1/1] (0.00ns)   --->   "%tmp_data_0_V = extractvalue { i16, i16, i16, i16 } %empty_36, 0" [firmware/nnet_utils/nnet_activation_stream.h:44]   --->   Operation 21 'extractvalue' 'tmp_data_0_V' <Predicate = (!icmp_ln41)> <Delay = 0.00>
ST_3 : Operation 22 [1/1] (0.00ns)   --->   "%tmp_data_1_V = extractvalue { i16, i16, i16, i16 } %empty_36, 1" [firmware/nnet_utils/nnet_activation_stream.h:44]   --->   Operation 22 'extractvalue' 'tmp_data_1_V' <Predicate = (!icmp_ln41)> <Delay = 0.00>
ST_3 : Operation 23 [1/1] (0.00ns)   --->   "%tmp_data_2_V = extractvalue { i16, i16, i16, i16 } %empty_36, 2" [firmware/nnet_utils/nnet_activation_stream.h:44]   --->   Operation 23 'extractvalue' 'tmp_data_2_V' <Predicate = (!icmp_ln41)> <Delay = 0.00>
ST_3 : Operation 24 [1/1] (0.00ns)   --->   "%tmp_data_3_V = extractvalue { i16, i16, i16, i16 } %empty_36, 3" [firmware/nnet_utils/nnet_activation_stream.h:44]   --->   Operation 24 'extractvalue' 'tmp_data_3_V' <Predicate = (!icmp_ln41)> <Delay = 0.00>
ST_3 : Operation 25 [1/1] (1.10ns)   --->   "%icmp_ln1494 = icmp sgt i16 %tmp_data_0_V, 0" [firmware/nnet_utils/nnet_activation_stream.h:51]   --->   Operation 25 'icmp' 'icmp_ln1494' <Predicate = (!icmp_ln41)> <Delay = 1.10> <Core = "Cmp">   --->   Core 25 'Cmp' <Latency = 0> <II = 1> <Delay = 0.78> <FuncUnit> <Opcode : 'icmp'> <InPorts = 2> <OutPorts = 1>
ST_3 : Operation 26 [1/1] (0.00ns) (grouped into LUT with out node add_ln415)   --->   "%trunc_ln = call i6 @_ssdm_op_PartSelect.i6.i16.i32.i32(i16 %tmp_data_0_V, i32 4, i32 9)" [firmware/nnet_utils/nnet_activation_stream.h:52]   --->   Operation 26 'partselect' 'trunc_ln' <Predicate = (!icmp_ln41)> <Delay = 0.00>
ST_3 : Operation 27 [1/1] (0.00ns) (grouped into LUT with out node add_ln415)   --->   "%tmp_37 = call i1 @_ssdm_op_BitSelect.i1.i16.i32(i16 %tmp_data_0_V, i32 4)" [firmware/nnet_utils/nnet_activation_stream.h:52]   --->   Operation 27 'bitselect' 'tmp_37' <Predicate = (!icmp_ln41)> <Delay = 0.00>
ST_3 : Operation 28 [1/1] (0.00ns)   --->   "%trunc_ln718 = trunc i16 %tmp_data_0_V to i3" [firmware/nnet_utils/nnet_activation_stream.h:52]   --->   Operation 28 'trunc' 'trunc_ln718' <Predicate = (!icmp_ln41)> <Delay = 0.00>
ST_3 : Operation 29 [1/1] (0.58ns)   --->   "%icmp_ln718 = icmp ne i3 %trunc_ln718, 0" [firmware/nnet_utils/nnet_activation_stream.h:52]   --->   Operation 29 'icmp' 'icmp_ln718' <Predicate = (!icmp_ln41)> <Delay = 0.58> <Core = "Cmp">   --->   Core 25 'Cmp' <Latency = 0> <II = 1> <Delay = 0.78> <FuncUnit> <Opcode : 'icmp'> <InPorts = 2> <OutPorts = 1>
ST_3 : Operation 30 [1/1] (0.00ns) (grouped into LUT with out node tmp_data_0_V_3)   --->   "%tmp_38 = call i1 @_ssdm_op_BitSelect.i1.i16.i32(i16 %tmp_data_0_V, i32 9)" [firmware/nnet_utils/nnet_activation_stream.h:52]   --->   Operation 30 'bitselect' 'tmp_38' <Predicate = (!icmp_ln41)> <Delay = 0.00>
ST_3 : Operation 31 [1/1] (0.00ns) (grouped into LUT with out node add_ln415)   --->   "%or_ln412 = or i1 %icmp_ln718, %tmp_37" [firmware/nnet_utils/nnet_activation_stream.h:52]   --->   Operation 31 'or' 'or_ln412' <Predicate = (!icmp_ln41)> <Delay = 0.00> <Core = "LogicGate">   --->   Core 27 'LogicGate' <Latency = 0> <II = 1> <Delay = 0.28> <FuncUnit> <Opcode : 'and' 'or' 'xor'> <InPorts = 2> <OutPorts = 1>
ST_3 : Operation 32 [1/1] (0.00ns) (grouped into LUT with out node add_ln415)   --->   "%tmp_39 = call i1 @_ssdm_op_BitSelect.i1.i16.i32(i16 %tmp_data_0_V, i32 3)" [firmware/nnet_utils/nnet_activation_stream.h:52]   --->   Operation 32 'bitselect' 'tmp_39' <Predicate = (!icmp_ln41)> <Delay = 0.00>
ST_3 : Operation 33 [1/1] (0.00ns) (grouped into LUT with out node add_ln415)   --->   "%and_ln415 = and i1 %or_ln412, %tmp_39" [firmware/nnet_utils/nnet_activation_stream.h:52]   --->   Operation 33 'and' 'and_ln415' <Predicate = (!icmp_ln41)> <Delay = 0.00> <Core = "LogicGate">   --->   Core 27 'LogicGate' <Latency = 0> <II = 1> <Delay = 0.28> <FuncUnit> <Opcode : 'and' 'or' 'xor'> <InPorts = 2> <OutPorts = 1>
ST_3 : Operation 34 [1/1] (0.00ns) (grouped into LUT with out node add_ln415)   --->   "%zext_ln415 = zext i1 %and_ln415 to i6" [firmware/nnet_utils/nnet_activation_stream.h:52]   --->   Operation 34 'zext' 'zext_ln415' <Predicate = (!icmp_ln41)> <Delay = 0.00>
ST_3 : Operation 35 [1/1] (0.78ns) (out node of the LUT)   --->   "%add_ln415 = add i6 %zext_ln415, %trunc_ln" [firmware/nnet_utils/nnet_activation_stream.h:52]   --->   Operation 35 'add' 'add_ln415' <Predicate = (!icmp_ln41)> <Delay = 0.78> <Core = "AddSub">   --->   Core 14 'AddSub' <Latency = 0> <II = 1> <Delay = 0.78> <FuncUnit> <Opcode : 'add' 'sub'> <InPorts = 2> <OutPorts = 1>
ST_3 : Operation 36 [1/1] (0.00ns) (grouped into LUT with out node tmp_data_0_V_3)   --->   "%tmp_40 = call i1 @_ssdm_op_BitSelect.i1.i6.i32(i6 %add_ln415, i32 5)" [firmware/nnet_utils/nnet_activation_stream.h:52]   --->   Operation 36 'bitselect' 'tmp_40' <Predicate = (!icmp_ln41)> <Delay = 0.00>
ST_3 : Operation 37 [1/1] (0.00ns) (grouped into LUT with out node tmp_data_0_V_3)   --->   "%xor_ln416 = xor i1 %tmp_40, true" [firmware/nnet_utils/nnet_activation_stream.h:52]   --->   Operation 37 'xor' 'xor_ln416' <Predicate = (!icmp_ln41)> <Delay = 0.00> <Core = "LogicGate">   --->   Core 27 'LogicGate' <Latency = 0> <II = 1> <Delay = 0.28> <FuncUnit> <Opcode : 'and' 'or' 'xor'> <InPorts = 2> <OutPorts = 1>
ST_3 : Operation 38 [1/1] (0.00ns) (grouped into LUT with out node tmp_data_0_V_3)   --->   "%and_ln416 = and i1 %tmp_38, %xor_ln416" [firmware/nnet_utils/nnet_activation_stream.h:52]   --->   Operation 38 'and' 'and_ln416' <Predicate = (!icmp_ln41)> <Delay = 0.00> <Core = "LogicGate">   --->   Core 27 'LogicGate' <Latency = 0> <II = 1> <Delay = 0.28> <FuncUnit> <Opcode : 'and' 'or' 'xor'> <InPorts = 2> <OutPorts = 1>
ST_3 : Operation 39 [1/1] (0.00ns)   --->   "%p_Result_s = call i6 @_ssdm_op_PartSelect.i6.i16.i32.i32(i16 %tmp_data_0_V, i32 10, i32 15)" [firmware/nnet_utils/nnet_activation_stream.h:52]   --->   Operation 39 'partselect' 'p_Result_s' <Predicate = (!icmp_ln41)> <Delay = 0.00>
ST_3 : Operation 40 [1/1] (0.78ns)   --->   "%icmp_ln879 = icmp eq i6 %p_Result_s, -1" [firmware/nnet_utils/nnet_activation_stream.h:52]   --->   Operation 40 'icmp' 'icmp_ln879' <Predicate = (!icmp_ln41)> <Delay = 0.78> <Core = "Cmp">   --->   Core 25 'Cmp' <Latency = 0> <II = 1> <Delay = 0.78> <FuncUnit> <Opcode : 'icmp'> <InPorts = 2> <OutPorts = 1>
ST_3 : Operation 41 [1/1] (0.78ns)   --->   "%icmp_ln768 = icmp eq i6 %p_Result_s, 0" [firmware/nnet_utils/nnet_activation_stream.h:52]   --->   Operation 41 'icmp' 'icmp_ln768' <Predicate = (!icmp_ln41)> <Delay = 0.78> <Core = "Cmp">   --->   Core 25 'Cmp' <Latency = 0> <II = 1> <Delay = 0.78> <FuncUnit> <Opcode : 'icmp'> <InPorts = 2> <OutPorts = 1>
ST_3 : Operation 42 [1/1] (0.00ns) (grouped into LUT with out node tmp_data_0_V_3)   --->   "%select_ln777 = select i1 %and_ln416, i1 %icmp_ln879, i1 %icmp_ln768" [firmware/nnet_utils/nnet_activation_stream.h:52]   --->   Operation 42 'select' 'select_ln777' <Predicate = (!icmp_ln41)> <Delay = 0.00> <Core = "Sel">   --->   Core 26 'Sel' <Latency = 0> <II = 1> <Delay = 0.38> <FuncUnit> <Opcode : 'select'> <InPorts = 3> <OutPorts = 1>
ST_3 : Operation 43 [1/1] (0.00ns) (grouped into LUT with out node tmp_data_0_V_3)   --->   "%select_ln340 = select i1 %select_ln777, i6 %add_ln415, i6 -1" [firmware/nnet_utils/nnet_activation_stream.h:52]   --->   Operation 43 'select' 'select_ln340' <Predicate = (!icmp_ln41)> <Delay = 0.00> <Core = "Sel">   --->   Core 26 'Sel' <Latency = 0> <II = 1> <Delay = 0.38> <FuncUnit> <Opcode : 'select'> <InPorts = 3> <OutPorts = 1>
ST_3 : Operation 44 [1/1] (0.38ns) (out node of the LUT)   --->   "%tmp_data_0_V_3 = select i1 %icmp_ln1494, i6 %select_ln340, i6 0" [firmware/nnet_utils/nnet_activation_stream.h:51]   --->   Operation 44 'select' 'tmp_data_0_V_3' <Predicate = (!icmp_ln41)> <Delay = 0.38> <Core = "Sel">   --->   Core 26 'Sel' <Latency = 0> <II = 1> <Delay = 0.38> <FuncUnit> <Opcode : 'select'> <InPorts = 3> <OutPorts = 1>
ST_3 : Operation 45 [1/1] (1.10ns)   --->   "%icmp_ln1494_1 = icmp sgt i16 %tmp_data_1_V, 0" [firmware/nnet_utils/nnet_activation_stream.h:51]   --->   Operation 45 'icmp' 'icmp_ln1494_1' <Predicate = (!icmp_ln41)> <Delay = 1.10> <Core = "Cmp">   --->   Core 25 'Cmp' <Latency = 0> <II = 1> <Delay = 0.78> <FuncUnit> <Opcode : 'icmp'> <InPorts = 2> <OutPorts = 1>
ST_3 : Operation 46 [1/1] (0.00ns) (grouped into LUT with out node add_ln415_4)   --->   "%trunc_ln708_7 = call i6 @_ssdm_op_PartSelect.i6.i16.i32.i32(i16 %tmp_data_1_V, i32 4, i32 9)" [firmware/nnet_utils/nnet_activation_stream.h:52]   --->   Operation 46 'partselect' 'trunc_ln708_7' <Predicate = (!icmp_ln41)> <Delay = 0.00>
ST_3 : Operation 47 [1/1] (0.00ns) (grouped into LUT with out node add_ln415_4)   --->   "%tmp_41 = call i1 @_ssdm_op_BitSelect.i1.i16.i32(i16 %tmp_data_1_V, i32 4)" [firmware/nnet_utils/nnet_activation_stream.h:52]   --->   Operation 47 'bitselect' 'tmp_41' <Predicate = (!icmp_ln41)> <Delay = 0.00>
ST_3 : Operation 48 [1/1] (0.00ns)   --->   "%trunc_ln718_4 = trunc i16 %tmp_data_1_V to i3" [firmware/nnet_utils/nnet_activation_stream.h:52]   --->   Operation 48 'trunc' 'trunc_ln718_4' <Predicate = (!icmp_ln41)> <Delay = 0.00>
ST_3 : Operation 49 [1/1] (0.58ns)   --->   "%icmp_ln718_4 = icmp ne i3 %trunc_ln718_4, 0" [firmware/nnet_utils/nnet_activation_stream.h:52]   --->   Operation 49 'icmp' 'icmp_ln718_4' <Predicate = (!icmp_ln41)> <Delay = 0.58> <Core = "Cmp">   --->   Core 25 'Cmp' <Latency = 0> <II = 1> <Delay = 0.78> <FuncUnit> <Opcode : 'icmp'> <InPorts = 2> <OutPorts = 1>
ST_3 : Operation 50 [1/1] (0.00ns) (grouped into LUT with out node tmp_data_1_V_3)   --->   "%tmp_42 = call i1 @_ssdm_op_BitSelect.i1.i16.i32(i16 %tmp_data_1_V, i32 9)" [firmware/nnet_utils/nnet_activation_stream.h:52]   --->   Operation 50 'bitselect' 'tmp_42' <Predicate = (!icmp_ln41)> <Delay = 0.00>
ST_3 : Operation 51 [1/1] (0.00ns) (grouped into LUT with out node add_ln415_4)   --->   "%or_ln412_4 = or i1 %icmp_ln718_4, %tmp_41" [firmware/nnet_utils/nnet_activation_stream.h:52]   --->   Operation 51 'or' 'or_ln412_4' <Predicate = (!icmp_ln41)> <Delay = 0.00> <Core = "LogicGate">   --->   Core 27 'LogicGate' <Latency = 0> <II = 1> <Delay = 0.28> <FuncUnit> <Opcode : 'and' 'or' 'xor'> <InPorts = 2> <OutPorts = 1>
ST_3 : Operation 52 [1/1] (0.00ns) (grouped into LUT with out node add_ln415_4)   --->   "%tmp_43 = call i1 @_ssdm_op_BitSelect.i1.i16.i32(i16 %tmp_data_1_V, i32 3)" [firmware/nnet_utils/nnet_activation_stream.h:52]   --->   Operation 52 'bitselect' 'tmp_43' <Predicate = (!icmp_ln41)> <Delay = 0.00>
ST_3 : Operation 53 [1/1] (0.00ns) (grouped into LUT with out node add_ln415_4)   --->   "%and_ln415_1 = and i1 %or_ln412_4, %tmp_43" [firmware/nnet_utils/nnet_activation_stream.h:52]   --->   Operation 53 'and' 'and_ln415_1' <Predicate = (!icmp_ln41)> <Delay = 0.00> <Core = "LogicGate">   --->   Core 27 'LogicGate' <Latency = 0> <II = 1> <Delay = 0.28> <FuncUnit> <Opcode : 'and' 'or' 'xor'> <InPorts = 2> <OutPorts = 1>
ST_3 : Operation 54 [1/1] (0.00ns) (grouped into LUT with out node add_ln415_4)   --->   "%zext_ln415_4 = zext i1 %and_ln415_1 to i6" [firmware/nnet_utils/nnet_activation_stream.h:52]   --->   Operation 54 'zext' 'zext_ln415_4' <Predicate = (!icmp_ln41)> <Delay = 0.00>
ST_3 : Operation 55 [1/1] (0.78ns) (out node of the LUT)   --->   "%add_ln415_4 = add i6 %zext_ln415_4, %trunc_ln708_7" [firmware/nnet_utils/nnet_activation_stream.h:52]   --->   Operation 55 'add' 'add_ln415_4' <Predicate = (!icmp_ln41)> <Delay = 0.78> <Core = "AddSub">   --->   Core 14 'AddSub' <Latency = 0> <II = 1> <Delay = 0.78> <FuncUnit> <Opcode : 'add' 'sub'> <InPorts = 2> <OutPorts = 1>
ST_3 : Operation 56 [1/1] (0.00ns) (grouped into LUT with out node tmp_data_1_V_3)   --->   "%tmp_44 = call i1 @_ssdm_op_BitSelect.i1.i6.i32(i6 %add_ln415_4, i32 5)" [firmware/nnet_utils/nnet_activation_stream.h:52]   --->   Operation 56 'bitselect' 'tmp_44' <Predicate = (!icmp_ln41)> <Delay = 0.00>
ST_3 : Operation 57 [1/1] (0.00ns) (grouped into LUT with out node tmp_data_1_V_3)   --->   "%xor_ln416_4 = xor i1 %tmp_44, true" [firmware/nnet_utils/nnet_activation_stream.h:52]   --->   Operation 57 'xor' 'xor_ln416_4' <Predicate = (!icmp_ln41)> <Delay = 0.00> <Core = "LogicGate">   --->   Core 27 'LogicGate' <Latency = 0> <II = 1> <Delay = 0.28> <FuncUnit> <Opcode : 'and' 'or' 'xor'> <InPorts = 2> <OutPorts = 1>
ST_3 : Operation 58 [1/1] (0.00ns) (grouped into LUT with out node tmp_data_1_V_3)   --->   "%and_ln416_4 = and i1 %tmp_42, %xor_ln416_4" [firmware/nnet_utils/nnet_activation_stream.h:52]   --->   Operation 58 'and' 'and_ln416_4' <Predicate = (!icmp_ln41)> <Delay = 0.00> <Core = "LogicGate">   --->   Core 27 'LogicGate' <Latency = 0> <II = 1> <Delay = 0.28> <FuncUnit> <Opcode : 'and' 'or' 'xor'> <InPorts = 2> <OutPorts = 1>
ST_3 : Operation 59 [1/1] (0.00ns)   --->   "%p_Result_16_1 = call i6 @_ssdm_op_PartSelect.i6.i16.i32.i32(i16 %tmp_data_1_V, i32 10, i32 15)" [firmware/nnet_utils/nnet_activation_stream.h:52]   --->   Operation 59 'partselect' 'p_Result_16_1' <Predicate = (!icmp_ln41)> <Delay = 0.00>
ST_3 : Operation 60 [1/1] (0.78ns)   --->   "%icmp_ln879_4 = icmp eq i6 %p_Result_16_1, -1" [firmware/nnet_utils/nnet_activation_stream.h:52]   --->   Operation 60 'icmp' 'icmp_ln879_4' <Predicate = (!icmp_ln41)> <Delay = 0.78> <Core = "Cmp">   --->   Core 25 'Cmp' <Latency = 0> <II = 1> <Delay = 0.78> <FuncUnit> <Opcode : 'icmp'> <InPorts = 2> <OutPorts = 1>
ST_3 : Operation 61 [1/1] (0.78ns)   --->   "%icmp_ln768_4 = icmp eq i6 %p_Result_16_1, 0" [firmware/nnet_utils/nnet_activation_stream.h:52]   --->   Operation 61 'icmp' 'icmp_ln768_4' <Predicate = (!icmp_ln41)> <Delay = 0.78> <Core = "Cmp">   --->   Core 25 'Cmp' <Latency = 0> <II = 1> <Delay = 0.78> <FuncUnit> <Opcode : 'icmp'> <InPorts = 2> <OutPorts = 1>
ST_3 : Operation 62 [1/1] (0.00ns) (grouped into LUT with out node tmp_data_1_V_3)   --->   "%select_ln777_4 = select i1 %and_ln416_4, i1 %icmp_ln879_4, i1 %icmp_ln768_4" [firmware/nnet_utils/nnet_activation_stream.h:52]   --->   Operation 62 'select' 'select_ln777_4' <Predicate = (!icmp_ln41)> <Delay = 0.00> <Core = "Sel">   --->   Core 26 'Sel' <Latency = 0> <II = 1> <Delay = 0.38> <FuncUnit> <Opcode : 'select'> <InPorts = 3> <OutPorts = 1>
ST_3 : Operation 63 [1/1] (0.00ns) (grouped into LUT with out node tmp_data_1_V_3)   --->   "%select_ln340_1 = select i1 %select_ln777_4, i6 %add_ln415_4, i6 -1" [firmware/nnet_utils/nnet_activation_stream.h:52]   --->   Operation 63 'select' 'select_ln340_1' <Predicate = (!icmp_ln41)> <Delay = 0.00> <Core = "Sel">   --->   Core 26 'Sel' <Latency = 0> <II = 1> <Delay = 0.38> <FuncUnit> <Opcode : 'select'> <InPorts = 3> <OutPorts = 1>
ST_3 : Operation 64 [1/1] (0.38ns) (out node of the LUT)   --->   "%tmp_data_1_V_3 = select i1 %icmp_ln1494_1, i6 %select_ln340_1, i6 0" [firmware/nnet_utils/nnet_activation_stream.h:51]   --->   Operation 64 'select' 'tmp_data_1_V_3' <Predicate = (!icmp_ln41)> <Delay = 0.38> <Core = "Sel">   --->   Core 26 'Sel' <Latency = 0> <II = 1> <Delay = 0.38> <FuncUnit> <Opcode : 'select'> <InPorts = 3> <OutPorts = 1>
ST_3 : Operation 65 [1/1] (1.10ns)   --->   "%icmp_ln1494_2 = icmp sgt i16 %tmp_data_2_V, 0" [firmware/nnet_utils/nnet_activation_stream.h:51]   --->   Operation 65 'icmp' 'icmp_ln1494_2' <Predicate = (!icmp_ln41)> <Delay = 1.10> <Core = "Cmp">   --->   Core 25 'Cmp' <Latency = 0> <II = 1> <Delay = 0.78> <FuncUnit> <Opcode : 'icmp'> <InPorts = 2> <OutPorts = 1>
ST_3 : Operation 66 [1/1] (0.00ns) (grouped into LUT with out node add_ln415_5)   --->   "%trunc_ln708_8 = call i6 @_ssdm_op_PartSelect.i6.i16.i32.i32(i16 %tmp_data_2_V, i32 4, i32 9)" [firmware/nnet_utils/nnet_activation_stream.h:52]   --->   Operation 66 'partselect' 'trunc_ln708_8' <Predicate = (!icmp_ln41)> <Delay = 0.00>
ST_3 : Operation 67 [1/1] (0.00ns) (grouped into LUT with out node add_ln415_5)   --->   "%tmp_45 = call i1 @_ssdm_op_BitSelect.i1.i16.i32(i16 %tmp_data_2_V, i32 4)" [firmware/nnet_utils/nnet_activation_stream.h:52]   --->   Operation 67 'bitselect' 'tmp_45' <Predicate = (!icmp_ln41)> <Delay = 0.00>
ST_3 : Operation 68 [1/1] (0.00ns)   --->   "%trunc_ln718_5 = trunc i16 %tmp_data_2_V to i3" [firmware/nnet_utils/nnet_activation_stream.h:52]   --->   Operation 68 'trunc' 'trunc_ln718_5' <Predicate = (!icmp_ln41)> <Delay = 0.00>
ST_3 : Operation 69 [1/1] (0.58ns)   --->   "%icmp_ln718_5 = icmp ne i3 %trunc_ln718_5, 0" [firmware/nnet_utils/nnet_activation_stream.h:52]   --->   Operation 69 'icmp' 'icmp_ln718_5' <Predicate = (!icmp_ln41)> <Delay = 0.58> <Core = "Cmp">   --->   Core 25 'Cmp' <Latency = 0> <II = 1> <Delay = 0.78> <FuncUnit> <Opcode : 'icmp'> <InPorts = 2> <OutPorts = 1>
ST_3 : Operation 70 [1/1] (0.00ns) (grouped into LUT with out node tmp_data_2_V_3)   --->   "%tmp_46 = call i1 @_ssdm_op_BitSelect.i1.i16.i32(i16 %tmp_data_2_V, i32 9)" [firmware/nnet_utils/nnet_activation_stream.h:52]   --->   Operation 70 'bitselect' 'tmp_46' <Predicate = (!icmp_ln41)> <Delay = 0.00>
ST_3 : Operation 71 [1/1] (0.00ns) (grouped into LUT with out node add_ln415_5)   --->   "%or_ln412_5 = or i1 %icmp_ln718_5, %tmp_45" [firmware/nnet_utils/nnet_activation_stream.h:52]   --->   Operation 71 'or' 'or_ln412_5' <Predicate = (!icmp_ln41)> <Delay = 0.00> <Core = "LogicGate">   --->   Core 27 'LogicGate' <Latency = 0> <II = 1> <Delay = 0.28> <FuncUnit> <Opcode : 'and' 'or' 'xor'> <InPorts = 2> <OutPorts = 1>
ST_3 : Operation 72 [1/1] (0.00ns) (grouped into LUT with out node add_ln415_5)   --->   "%tmp_47 = call i1 @_ssdm_op_BitSelect.i1.i16.i32(i16 %tmp_data_2_V, i32 3)" [firmware/nnet_utils/nnet_activation_stream.h:52]   --->   Operation 72 'bitselect' 'tmp_47' <Predicate = (!icmp_ln41)> <Delay = 0.00>
ST_3 : Operation 73 [1/1] (0.00ns) (grouped into LUT with out node add_ln415_5)   --->   "%and_ln415_2 = and i1 %or_ln412_5, %tmp_47" [firmware/nnet_utils/nnet_activation_stream.h:52]   --->   Operation 73 'and' 'and_ln415_2' <Predicate = (!icmp_ln41)> <Delay = 0.00> <Core = "LogicGate">   --->   Core 27 'LogicGate' <Latency = 0> <II = 1> <Delay = 0.28> <FuncUnit> <Opcode : 'and' 'or' 'xor'> <InPorts = 2> <OutPorts = 1>
ST_3 : Operation 74 [1/1] (0.00ns) (grouped into LUT with out node add_ln415_5)   --->   "%zext_ln415_5 = zext i1 %and_ln415_2 to i6" [firmware/nnet_utils/nnet_activation_stream.h:52]   --->   Operation 74 'zext' 'zext_ln415_5' <Predicate = (!icmp_ln41)> <Delay = 0.00>
ST_3 : Operation 75 [1/1] (0.78ns) (out node of the LUT)   --->   "%add_ln415_5 = add i6 %zext_ln415_5, %trunc_ln708_8" [firmware/nnet_utils/nnet_activation_stream.h:52]   --->   Operation 75 'add' 'add_ln415_5' <Predicate = (!icmp_ln41)> <Delay = 0.78> <Core = "AddSub">   --->   Core 14 'AddSub' <Latency = 0> <II = 1> <Delay = 0.78> <FuncUnit> <Opcode : 'add' 'sub'> <InPorts = 2> <OutPorts = 1>
ST_3 : Operation 76 [1/1] (0.00ns) (grouped into LUT with out node tmp_data_2_V_3)   --->   "%tmp_48 = call i1 @_ssdm_op_BitSelect.i1.i6.i32(i6 %add_ln415_5, i32 5)" [firmware/nnet_utils/nnet_activation_stream.h:52]   --->   Operation 76 'bitselect' 'tmp_48' <Predicate = (!icmp_ln41)> <Delay = 0.00>
ST_3 : Operation 77 [1/1] (0.00ns) (grouped into LUT with out node tmp_data_2_V_3)   --->   "%xor_ln416_5 = xor i1 %tmp_48, true" [firmware/nnet_utils/nnet_activation_stream.h:52]   --->   Operation 77 'xor' 'xor_ln416_5' <Predicate = (!icmp_ln41)> <Delay = 0.00> <Core = "LogicGate">   --->   Core 27 'LogicGate' <Latency = 0> <II = 1> <Delay = 0.28> <FuncUnit> <Opcode : 'and' 'or' 'xor'> <InPorts = 2> <OutPorts = 1>
ST_3 : Operation 78 [1/1] (0.00ns) (grouped into LUT with out node tmp_data_2_V_3)   --->   "%and_ln416_5 = and i1 %tmp_46, %xor_ln416_5" [firmware/nnet_utils/nnet_activation_stream.h:52]   --->   Operation 78 'and' 'and_ln416_5' <Predicate = (!icmp_ln41)> <Delay = 0.00> <Core = "LogicGate">   --->   Core 27 'LogicGate' <Latency = 0> <II = 1> <Delay = 0.28> <FuncUnit> <Opcode : 'and' 'or' 'xor'> <InPorts = 2> <OutPorts = 1>
ST_3 : Operation 79 [1/1] (0.00ns)   --->   "%p_Result_16_2 = call i6 @_ssdm_op_PartSelect.i6.i16.i32.i32(i16 %tmp_data_2_V, i32 10, i32 15)" [firmware/nnet_utils/nnet_activation_stream.h:52]   --->   Operation 79 'partselect' 'p_Result_16_2' <Predicate = (!icmp_ln41)> <Delay = 0.00>
ST_3 : Operation 80 [1/1] (0.78ns)   --->   "%icmp_ln879_5 = icmp eq i6 %p_Result_16_2, -1" [firmware/nnet_utils/nnet_activation_stream.h:52]   --->   Operation 80 'icmp' 'icmp_ln879_5' <Predicate = (!icmp_ln41)> <Delay = 0.78> <Core = "Cmp">   --->   Core 25 'Cmp' <Latency = 0> <II = 1> <Delay = 0.78> <FuncUnit> <Opcode : 'icmp'> <InPorts = 2> <OutPorts = 1>
ST_3 : Operation 81 [1/1] (0.78ns)   --->   "%icmp_ln768_5 = icmp eq i6 %p_Result_16_2, 0" [firmware/nnet_utils/nnet_activation_stream.h:52]   --->   Operation 81 'icmp' 'icmp_ln768_5' <Predicate = (!icmp_ln41)> <Delay = 0.78> <Core = "Cmp">   --->   Core 25 'Cmp' <Latency = 0> <II = 1> <Delay = 0.78> <FuncUnit> <Opcode : 'icmp'> <InPorts = 2> <OutPorts = 1>
ST_3 : Operation 82 [1/1] (0.00ns) (grouped into LUT with out node tmp_data_2_V_3)   --->   "%select_ln777_5 = select i1 %and_ln416_5, i1 %icmp_ln879_5, i1 %icmp_ln768_5" [firmware/nnet_utils/nnet_activation_stream.h:52]   --->   Operation 82 'select' 'select_ln777_5' <Predicate = (!icmp_ln41)> <Delay = 0.00> <Core = "Sel">   --->   Core 26 'Sel' <Latency = 0> <II = 1> <Delay = 0.38> <FuncUnit> <Opcode : 'select'> <InPorts = 3> <OutPorts = 1>
ST_3 : Operation 83 [1/1] (0.00ns) (grouped into LUT with out node tmp_data_2_V_3)   --->   "%select_ln340_2 = select i1 %select_ln777_5, i6 %add_ln415_5, i6 -1" [firmware/nnet_utils/nnet_activation_stream.h:52]   --->   Operation 83 'select' 'select_ln340_2' <Predicate = (!icmp_ln41)> <Delay = 0.00> <Core = "Sel">   --->   Core 26 'Sel' <Latency = 0> <II = 1> <Delay = 0.38> <FuncUnit> <Opcode : 'select'> <InPorts = 3> <OutPorts = 1>
ST_3 : Operation 84 [1/1] (0.38ns) (out node of the LUT)   --->   "%tmp_data_2_V_3 = select i1 %icmp_ln1494_2, i6 %select_ln340_2, i6 0" [firmware/nnet_utils/nnet_activation_stream.h:51]   --->   Operation 84 'select' 'tmp_data_2_V_3' <Predicate = (!icmp_ln41)> <Delay = 0.38> <Core = "Sel">   --->   Core 26 'Sel' <Latency = 0> <II = 1> <Delay = 0.38> <FuncUnit> <Opcode : 'select'> <InPorts = 3> <OutPorts = 1>
ST_3 : Operation 85 [1/1] (1.10ns)   --->   "%icmp_ln1494_3 = icmp sgt i16 %tmp_data_3_V, 0" [firmware/nnet_utils/nnet_activation_stream.h:51]   --->   Operation 85 'icmp' 'icmp_ln1494_3' <Predicate = (!icmp_ln41)> <Delay = 1.10> <Core = "Cmp">   --->   Core 25 'Cmp' <Latency = 0> <II = 1> <Delay = 0.78> <FuncUnit> <Opcode : 'icmp'> <InPorts = 2> <OutPorts = 1>
ST_3 : Operation 86 [1/1] (0.00ns) (grouped into LUT with out node add_ln415_6)   --->   "%trunc_ln708_9 = call i6 @_ssdm_op_PartSelect.i6.i16.i32.i32(i16 %tmp_data_3_V, i32 4, i32 9)" [firmware/nnet_utils/nnet_activation_stream.h:52]   --->   Operation 86 'partselect' 'trunc_ln708_9' <Predicate = (!icmp_ln41)> <Delay = 0.00>
ST_3 : Operation 87 [1/1] (0.00ns) (grouped into LUT with out node add_ln415_6)   --->   "%tmp_49 = call i1 @_ssdm_op_BitSelect.i1.i16.i32(i16 %tmp_data_3_V, i32 4)" [firmware/nnet_utils/nnet_activation_stream.h:52]   --->   Operation 87 'bitselect' 'tmp_49' <Predicate = (!icmp_ln41)> <Delay = 0.00>
ST_3 : Operation 88 [1/1] (0.00ns)   --->   "%trunc_ln718_6 = trunc i16 %tmp_data_3_V to i3" [firmware/nnet_utils/nnet_activation_stream.h:52]   --->   Operation 88 'trunc' 'trunc_ln718_6' <Predicate = (!icmp_ln41)> <Delay = 0.00>
ST_3 : Operation 89 [1/1] (0.58ns)   --->   "%icmp_ln718_6 = icmp ne i3 %trunc_ln718_6, 0" [firmware/nnet_utils/nnet_activation_stream.h:52]   --->   Operation 89 'icmp' 'icmp_ln718_6' <Predicate = (!icmp_ln41)> <Delay = 0.58> <Core = "Cmp">   --->   Core 25 'Cmp' <Latency = 0> <II = 1> <Delay = 0.78> <FuncUnit> <Opcode : 'icmp'> <InPorts = 2> <OutPorts = 1>
ST_3 : Operation 90 [1/1] (0.00ns) (grouped into LUT with out node tmp_data_3_V_3)   --->   "%tmp_50 = call i1 @_ssdm_op_BitSelect.i1.i16.i32(i16 %tmp_data_3_V, i32 9)" [firmware/nnet_utils/nnet_activation_stream.h:52]   --->   Operation 90 'bitselect' 'tmp_50' <Predicate = (!icmp_ln41)> <Delay = 0.00>
ST_3 : Operation 91 [1/1] (0.00ns) (grouped into LUT with out node add_ln415_6)   --->   "%or_ln412_6 = or i1 %icmp_ln718_6, %tmp_49" [firmware/nnet_utils/nnet_activation_stream.h:52]   --->   Operation 91 'or' 'or_ln412_6' <Predicate = (!icmp_ln41)> <Delay = 0.00> <Core = "LogicGate">   --->   Core 27 'LogicGate' <Latency = 0> <II = 1> <Delay = 0.28> <FuncUnit> <Opcode : 'and' 'or' 'xor'> <InPorts = 2> <OutPorts = 1>
ST_3 : Operation 92 [1/1] (0.00ns) (grouped into LUT with out node add_ln415_6)   --->   "%tmp_51 = call i1 @_ssdm_op_BitSelect.i1.i16.i32(i16 %tmp_data_3_V, i32 3)" [firmware/nnet_utils/nnet_activation_stream.h:52]   --->   Operation 92 'bitselect' 'tmp_51' <Predicate = (!icmp_ln41)> <Delay = 0.00>
ST_3 : Operation 93 [1/1] (0.00ns) (grouped into LUT with out node add_ln415_6)   --->   "%and_ln415_3 = and i1 %or_ln412_6, %tmp_51" [firmware/nnet_utils/nnet_activation_stream.h:52]   --->   Operation 93 'and' 'and_ln415_3' <Predicate = (!icmp_ln41)> <Delay = 0.00> <Core = "LogicGate">   --->   Core 27 'LogicGate' <Latency = 0> <II = 1> <Delay = 0.28> <FuncUnit> <Opcode : 'and' 'or' 'xor'> <InPorts = 2> <OutPorts = 1>
ST_3 : Operation 94 [1/1] (0.00ns) (grouped into LUT with out node add_ln415_6)   --->   "%zext_ln415_6 = zext i1 %and_ln415_3 to i6" [firmware/nnet_utils/nnet_activation_stream.h:52]   --->   Operation 94 'zext' 'zext_ln415_6' <Predicate = (!icmp_ln41)> <Delay = 0.00>
ST_3 : Operation 95 [1/1] (0.78ns) (out node of the LUT)   --->   "%add_ln415_6 = add i6 %zext_ln415_6, %trunc_ln708_9" [firmware/nnet_utils/nnet_activation_stream.h:52]   --->   Operation 95 'add' 'add_ln415_6' <Predicate = (!icmp_ln41)> <Delay = 0.78> <Core = "AddSub">   --->   Core 14 'AddSub' <Latency = 0> <II = 1> <Delay = 0.78> <FuncUnit> <Opcode : 'add' 'sub'> <InPorts = 2> <OutPorts = 1>
ST_3 : Operation 96 [1/1] (0.00ns) (grouped into LUT with out node tmp_data_3_V_3)   --->   "%tmp_52 = call i1 @_ssdm_op_BitSelect.i1.i6.i32(i6 %add_ln415_6, i32 5)" [firmware/nnet_utils/nnet_activation_stream.h:52]   --->   Operation 96 'bitselect' 'tmp_52' <Predicate = (!icmp_ln41)> <Delay = 0.00>
ST_3 : Operation 97 [1/1] (0.00ns) (grouped into LUT with out node tmp_data_3_V_3)   --->   "%xor_ln416_6 = xor i1 %tmp_52, true" [firmware/nnet_utils/nnet_activation_stream.h:52]   --->   Operation 97 'xor' 'xor_ln416_6' <Predicate = (!icmp_ln41)> <Delay = 0.00> <Core = "LogicGate">   --->   Core 27 'LogicGate' <Latency = 0> <II = 1> <Delay = 0.28> <FuncUnit> <Opcode : 'and' 'or' 'xor'> <InPorts = 2> <OutPorts = 1>
ST_3 : Operation 98 [1/1] (0.00ns) (grouped into LUT with out node tmp_data_3_V_3)   --->   "%and_ln416_6 = and i1 %tmp_50, %xor_ln416_6" [firmware/nnet_utils/nnet_activation_stream.h:52]   --->   Operation 98 'and' 'and_ln416_6' <Predicate = (!icmp_ln41)> <Delay = 0.00> <Core = "LogicGate">   --->   Core 27 'LogicGate' <Latency = 0> <II = 1> <Delay = 0.28> <FuncUnit> <Opcode : 'and' 'or' 'xor'> <InPorts = 2> <OutPorts = 1>
ST_3 : Operation 99 [1/1] (0.00ns)   --->   "%p_Result_16_3 = call i6 @_ssdm_op_PartSelect.i6.i16.i32.i32(i16 %tmp_data_3_V, i32 10, i32 15)" [firmware/nnet_utils/nnet_activation_stream.h:52]   --->   Operation 99 'partselect' 'p_Result_16_3' <Predicate = (!icmp_ln41)> <Delay = 0.00>
ST_3 : Operation 100 [1/1] (0.78ns)   --->   "%icmp_ln879_6 = icmp eq i6 %p_Result_16_3, -1" [firmware/nnet_utils/nnet_activation_stream.h:52]   --->   Operation 100 'icmp' 'icmp_ln879_6' <Predicate = (!icmp_ln41)> <Delay = 0.78> <Core = "Cmp">   --->   Core 25 'Cmp' <Latency = 0> <II = 1> <Delay = 0.78> <FuncUnit> <Opcode : 'icmp'> <InPorts = 2> <OutPorts = 1>
ST_3 : Operation 101 [1/1] (0.78ns)   --->   "%icmp_ln768_6 = icmp eq i6 %p_Result_16_3, 0" [firmware/nnet_utils/nnet_activation_stream.h:52]   --->   Operation 101 'icmp' 'icmp_ln768_6' <Predicate = (!icmp_ln41)> <Delay = 0.78> <Core = "Cmp">   --->   Core 25 'Cmp' <Latency = 0> <II = 1> <Delay = 0.78> <FuncUnit> <Opcode : 'icmp'> <InPorts = 2> <OutPorts = 1>
ST_3 : Operation 102 [1/1] (0.00ns) (grouped into LUT with out node tmp_data_3_V_3)   --->   "%select_ln777_6 = select i1 %and_ln416_6, i1 %icmp_ln879_6, i1 %icmp_ln768_6" [firmware/nnet_utils/nnet_activation_stream.h:52]   --->   Operation 102 'select' 'select_ln777_6' <Predicate = (!icmp_ln41)> <Delay = 0.00> <Core = "Sel">   --->   Core 26 'Sel' <Latency = 0> <II = 1> <Delay = 0.38> <FuncUnit> <Opcode : 'select'> <InPorts = 3> <OutPorts = 1>
ST_3 : Operation 103 [1/1] (0.00ns) (grouped into LUT with out node tmp_data_3_V_3)   --->   "%select_ln340_3 = select i1 %select_ln777_6, i6 %add_ln415_6, i6 -1" [firmware/nnet_utils/nnet_activation_stream.h:52]   --->   Operation 103 'select' 'select_ln340_3' <Predicate = (!icmp_ln41)> <Delay = 0.00> <Core = "Sel">   --->   Core 26 'Sel' <Latency = 0> <II = 1> <Delay = 0.38> <FuncUnit> <Opcode : 'select'> <InPorts = 3> <OutPorts = 1>
ST_3 : Operation 104 [1/1] (0.38ns) (out node of the LUT)   --->   "%tmp_data_3_V_3 = select i1 %icmp_ln1494_3, i6 %select_ln340_3, i6 0" [firmware/nnet_utils/nnet_activation_stream.h:51]   --->   Operation 104 'select' 'tmp_data_3_V_3' <Predicate = (!icmp_ln41)> <Delay = 0.38> <Core = "Sel">   --->   Core 26 'Sel' <Latency = 0> <II = 1> <Delay = 0.38> <FuncUnit> <Opcode : 'select'> <InPorts = 3> <OutPorts = 1>

State 4 <SV = 3> <Delay = 1.83>
ST_4 : Operation 105 [1/1] (0.00ns)   --->   "call void (...)* @_ssdm_op_SpecLoopName([12 x i8]* @p_str47) nounwind" [firmware/nnet_utils/nnet_activation_stream.h:41]   --->   Operation 105 'specloopname' <Predicate = (!icmp_ln41)> <Delay = 0.00>
ST_4 : Operation 106 [1/1] (0.00ns)   --->   "%tmp = call i32 (...)* @_ssdm_op_SpecRegionBegin([12 x i8]* @p_str47)" [firmware/nnet_utils/nnet_activation_stream.h:41]   --->   Operation 106 'specregionbegin' 'tmp' <Predicate = (!icmp_ln41)> <Delay = 0.00>
ST_4 : Operation 107 [1/1] (0.00ns)   --->   "call void (...)* @_ssdm_op_SpecPipeline(i32 -1, i32 1, i32 1, i32 0, [1 x i8]* @p_str10) nounwind" [firmware/nnet_utils/nnet_activation_stream.h:42]   --->   Operation 107 'specpipeline' <Predicate = (!icmp_ln41)> <Delay = 0.00>
ST_4 : Operation 108 [1/1] (1.83ns)   --->   "call void @_ssdm_op_Write.ap_fifo.volatile.i6P.i6P.i6P.i6P(i6* %res_V_data_0_V, i6* %res_V_data_1_V, i6* %res_V_data_2_V, i6* %res_V_data_3_V, i6 %tmp_data_0_V_3, i6 %tmp_data_1_V_3, i6 %tmp_data_2_V_3, i6 %tmp_data_3_V_3)" [firmware/nnet_utils/nnet_activation_stream.h:57]   --->   Operation 108 'write' <Predicate = (!icmp_ln41)> <Delay = 1.83> <Core = "FIFO">   --->   Core 32 'FIFO' <Latency = 0> <II = 1> <Delay = 1.83> <Storage> <Opcode : 'read' 'write' 'nbread' 'nbwrite'> <Ports = 0> <Width = 6> <Depth = 1> <FIFO>
ST_4 : Operation 109 [1/1] (0.00ns)   --->   "%empty_37 = call i32 (...)* @_ssdm_op_SpecRegionEnd([12 x i8]* @p_str47, i32 %tmp)" [firmware/nnet_utils/nnet_activation_stream.h:58]   --->   Operation 109 'specregionend' 'empty_37' <Predicate = (!icmp_ln41)> <Delay = 0.00>
ST_4 : Operation 110 [1/1] (0.00ns)   --->   "br label %1" [firmware/nnet_utils/nnet_activation_stream.h:41]   --->   Operation 110 'br' <Predicate = (!icmp_ln41)> <Delay = 0.00>

State 5 <SV = 2> <Delay = 0.00>
ST_5 : Operation 111 [1/1] (0.00ns)   --->   "ret void" [firmware/nnet_utils/nnet_activation_stream.h:59]   --->   Operation 111 'ret' <Predicate = true> <Delay = 0.00>


============================================================
+ Verbose Summary: Timing violations
============================================================
Target clock period: 5ns, clock uncertainty: 0.625ns.

 <State 1>: 0.656ns
The critical path consists of the following:
	multiplexor before 'phi' operation ('i') with incoming values : ('i', firmware/nnet_utils/nnet_activation_stream.h:41) [19]  (0.656 ns)

 <State 2>: 0.976ns
The critical path consists of the following:
	'phi' operation ('i') with incoming values : ('i', firmware/nnet_utils/nnet_activation_stream.h:41) [19]  (0 ns)
	'icmp' operation ('icmp_ln41', firmware/nnet_utils/nnet_activation_stream.h:41) [20]  (0.976 ns)

 <State 3>: 3.59ns
The critical path consists of the following:
	fifo read on port 'data_V_data_0_V' (firmware/nnet_utils/nnet_activation_stream.h:44) [28]  (1.84 ns)
	'icmp' operation ('icmp_ln718', firmware/nnet_utils/nnet_activation_stream.h:52) [37]  (0.584 ns)
	'or' operation ('or_ln412', firmware/nnet_utils/nnet_activation_stream.h:52) [39]  (0 ns)
	'and' operation ('and_ln415', firmware/nnet_utils/nnet_activation_stream.h:52) [41]  (0 ns)
	'add' operation ('add_ln415', firmware/nnet_utils/nnet_activation_stream.h:52) [43]  (0.781 ns)
	'select' operation ('select_ln340', firmware/nnet_utils/nnet_activation_stream.h:52) [51]  (0 ns)
	'select' operation ('tmp.data[0].V', firmware/nnet_utils/nnet_activation_stream.h:51) [52]  (0.384 ns)

 <State 4>: 1.84ns
The critical path consists of the following:
	fifo write on port 'res_V_data_0_V' (firmware/nnet_utils/nnet_activation_stream.h:57) [113]  (1.84 ns)

 <State 5>: 0ns
The critical path consists of the following:


============================================================
+ Verbose Summary: Binding
============================================================
N/A
* FSMD analyzer results:
  - Output states:
 - Input state : 
  - Chain level:
	State 1
	State 2
	State 3
	State 4
	State 5


============================================================
+ Verbose Summary: Datapath Resource usage 
============================================================
N/A
