

================================================================
== Vivado HLS Report for 'Block_myproject_axi_exit54_proc'
================================================================
* Date:           Tue Apr  9 23:50:23 2024

* Version:        2019.2 (Build 2704478 on Wed Nov 06 22:10:23 MST 2019)
* Project:        myproject_prj
* Solution:       solution1
* Product family: zynquplus
* Target device:  xczu5ev-sfvc784-2LV-e


================================================================
== Performance Estimates
================================================================
+ Timing: 
    * Summary: 
    +--------+---------+----------+------------+
    |  Clock |  Target | Estimated| Uncertainty|
    +--------+---------+----------+------------+
    |ap_clk  | 5.00 ns | 1.838 ns |   0.62 ns  |
    +--------+---------+----------+------------+

+ Latency: 
    * Summary: 
    +---------+---------+----------+----------+-----+-----+---------+
    |  Latency (cycles) |  Latency (absolute) |  Interval | Pipeline|
    |   min   |   max   |    min   |    max   | min | max |   Type  |
    +---------+---------+----------+----------+-----+-----+---------+
    |        0|        0|   0 ns   |   0 ns   |    0|    0|   none  |
    +---------+---------+----------+----------+-----+-----+---------+

    + Detail: 
        * Instance: 
        N/A

        * Loop: 
        N/A

============================================================
+ Verbose Summary: Synthesis Manager
============================================================
InlineROM: 1
ExposeGlobal: 0
============================================================
+ Verbose Summary: CDFG Model
============================================================
IsTopModel: 0
ResetActiveHigh: 1
IsCombinational: 2
IsDatapathOnly: 0
HasWiredReturn: 1
HasMFsm: 0
HasVarLatency: 0
IsPipeline: 0
IsRtlPipelined: 0
IsInstanceOverlapped: 0
IsDontTouch: 0
HasImplIP: 0
IsGatedGlobalClock: 0


============================================================
+ Verbose Summary: Schedule
============================================================
* Number of FSM states : 1
* Pipeline : 0
* Dataflow Pipeline: 0

* FSM state transitions: 
1 --> 

* FSM state operations: 

State 1 <SV = 0> <Delay = 1.83>
ST_1 : Operation 2 [1/1] (0.00ns)   --->   "call void (...)* @_ssdm_op_SpecInterface(i16* %out_local_V_data_12_V, [8 x i8]* @ap_fifo_str, i32 0, i32 0, [1 x i8]* @p_str453, i32 0, i32 0, [1 x i8]* @p_str454, [1 x i8]* @p_str455, [1 x i8]* @p_str456, i32 2, i32 2, i32 16, i32 16, [1 x i8]* @p_str457, [1 x i8]* @p_str458)"   --->   Operation 2 'specinterface' <Predicate = true> <Delay = 0.00>
ST_1 : Operation 3 [1/1] (0.00ns)   --->   "call void (...)* @_ssdm_op_SpecInterface(i16* %out_local_V_data_11_V, [8 x i8]* @ap_fifo_str, i32 0, i32 0, [1 x i8]* @p_str446, i32 0, i32 0, [1 x i8]* @p_str447, [1 x i8]* @p_str448, [1 x i8]* @p_str449, i32 2, i32 2, i32 16, i32 16, [1 x i8]* @p_str450, [1 x i8]* @p_str451)"   --->   Operation 3 'specinterface' <Predicate = true> <Delay = 0.00>
ST_1 : Operation 4 [1/1] (0.00ns)   --->   "call void (...)* @_ssdm_op_SpecInterface(i16* %out_local_V_data_10_V, [8 x i8]* @ap_fifo_str, i32 0, i32 0, [1 x i8]* @p_str439, i32 0, i32 0, [1 x i8]* @p_str440, [1 x i8]* @p_str441, [1 x i8]* @p_str442, i32 2, i32 2, i32 16, i32 16, [1 x i8]* @p_str443, [1 x i8]* @p_str444)"   --->   Operation 4 'specinterface' <Predicate = true> <Delay = 0.00>
ST_1 : Operation 5 [1/1] (0.00ns)   --->   "call void (...)* @_ssdm_op_SpecInterface(i16* %out_local_V_data_9_V, [8 x i8]* @ap_fifo_str, i32 0, i32 0, [1 x i8]* @p_str432, i32 0, i32 0, [1 x i8]* @p_str433, [1 x i8]* @p_str434, [1 x i8]* @p_str435, i32 2, i32 2, i32 16, i32 16, [1 x i8]* @p_str436, [1 x i8]* @p_str437)"   --->   Operation 5 'specinterface' <Predicate = true> <Delay = 0.00>
ST_1 : Operation 6 [1/1] (0.00ns)   --->   "call void (...)* @_ssdm_op_SpecInterface(i16* %out_local_V_data_8_V, [8 x i8]* @ap_fifo_str, i32 0, i32 0, [1 x i8]* @p_str425, i32 0, i32 0, [1 x i8]* @p_str426, [1 x i8]* @p_str427, [1 x i8]* @p_str428, i32 2, i32 2, i32 16, i32 16, [1 x i8]* @p_str429, [1 x i8]* @p_str430)"   --->   Operation 6 'specinterface' <Predicate = true> <Delay = 0.00>
ST_1 : Operation 7 [1/1] (0.00ns)   --->   "call void (...)* @_ssdm_op_SpecInterface(i16* %out_local_V_data_7_V, [8 x i8]* @ap_fifo_str, i32 0, i32 0, [1 x i8]* @p_str418, i32 0, i32 0, [1 x i8]* @p_str419, [1 x i8]* @p_str420, [1 x i8]* @p_str421, i32 2, i32 2, i32 16, i32 16, [1 x i8]* @p_str422, [1 x i8]* @p_str423)"   --->   Operation 7 'specinterface' <Predicate = true> <Delay = 0.00>
ST_1 : Operation 8 [1/1] (0.00ns)   --->   "call void (...)* @_ssdm_op_SpecInterface(i16* %out_local_V_data_6_V, [8 x i8]* @ap_fifo_str, i32 0, i32 0, [1 x i8]* @p_str411, i32 0, i32 0, [1 x i8]* @p_str412, [1 x i8]* @p_str413, [1 x i8]* @p_str414, i32 2, i32 2, i32 16, i32 16, [1 x i8]* @p_str415, [1 x i8]* @p_str416)"   --->   Operation 8 'specinterface' <Predicate = true> <Delay = 0.00>
ST_1 : Operation 9 [1/1] (0.00ns)   --->   "call void (...)* @_ssdm_op_SpecInterface(i16* %out_local_V_data_5_V, [8 x i8]* @ap_fifo_str, i32 0, i32 0, [1 x i8]* @p_str404, i32 0, i32 0, [1 x i8]* @p_str405, [1 x i8]* @p_str406, [1 x i8]* @p_str407, i32 2, i32 2, i32 16, i32 16, [1 x i8]* @p_str408, [1 x i8]* @p_str409)"   --->   Operation 9 'specinterface' <Predicate = true> <Delay = 0.00>
ST_1 : Operation 10 [1/1] (0.00ns)   --->   "call void (...)* @_ssdm_op_SpecInterface(i16* %out_local_V_data_4_V, [8 x i8]* @ap_fifo_str, i32 0, i32 0, [1 x i8]* @p_str397, i32 0, i32 0, [1 x i8]* @p_str398, [1 x i8]* @p_str399, [1 x i8]* @p_str400, i32 2, i32 2, i32 16, i32 16, [1 x i8]* @p_str401, [1 x i8]* @p_str402)"   --->   Operation 10 'specinterface' <Predicate = true> <Delay = 0.00>
ST_1 : Operation 11 [1/1] (0.00ns)   --->   "call void (...)* @_ssdm_op_SpecInterface(i16* %out_local_V_data_3_V, [8 x i8]* @ap_fifo_str, i32 0, i32 0, [1 x i8]* @p_str390, i32 0, i32 0, [1 x i8]* @p_str391, [1 x i8]* @p_str392, [1 x i8]* @p_str393, i32 2, i32 2, i32 16, i32 16, [1 x i8]* @p_str394, [1 x i8]* @p_str395)"   --->   Operation 11 'specinterface' <Predicate = true> <Delay = 0.00>
ST_1 : Operation 12 [1/1] (0.00ns)   --->   "call void (...)* @_ssdm_op_SpecInterface(i16* %out_local_V_data_2_V, [8 x i8]* @ap_fifo_str, i32 0, i32 0, [1 x i8]* @p_str383, i32 0, i32 0, [1 x i8]* @p_str384, [1 x i8]* @p_str385, [1 x i8]* @p_str386, i32 2, i32 2, i32 16, i32 16, [1 x i8]* @p_str387, [1 x i8]* @p_str388)"   --->   Operation 12 'specinterface' <Predicate = true> <Delay = 0.00>
ST_1 : Operation 13 [1/1] (0.00ns)   --->   "call void (...)* @_ssdm_op_SpecInterface(i16* %out_local_V_data_1_V, [8 x i8]* @ap_fifo_str, i32 0, i32 0, [1 x i8]* @p_str376, i32 0, i32 0, [1 x i8]* @p_str377, [1 x i8]* @p_str378, [1 x i8]* @p_str379, i32 2, i32 2, i32 16, i32 16, [1 x i8]* @p_str380, [1 x i8]* @p_str381)"   --->   Operation 13 'specinterface' <Predicate = true> <Delay = 0.00>
ST_1 : Operation 14 [1/1] (0.00ns)   --->   "call void (...)* @_ssdm_op_SpecInterface(i16* %out_local_V_data_0_V, [8 x i8]* @ap_fifo_str, i32 0, i32 0, [1 x i8]* @p_str369, i32 0, i32 0, [1 x i8]* @p_str370, [1 x i8]* @p_str371, [1 x i8]* @p_str372, i32 2, i32 2, i32 16, i32 16, [1 x i8]* @p_str373, [1 x i8]* @p_str374)"   --->   Operation 14 'specinterface' <Predicate = true> <Delay = 0.00>
ST_1 : Operation 15 [1/1] (1.83ns)   --->   "%empty = call { i16, i16, i16, i16, i16, i16, i16, i16, i16, i16, i16, i16, i16 } @_ssdm_op_Read.ap_fifo.volatile.i16P.i16P.i16P.i16P.i16P.i16P.i16P.i16P.i16P.i16P.i16P.i16P.i16P(i16* %out_local_V_data_0_V, i16* %out_local_V_data_1_V, i16* %out_local_V_data_2_V, i16* %out_local_V_data_3_V, i16* %out_local_V_data_4_V, i16* %out_local_V_data_5_V, i16* %out_local_V_data_6_V, i16* %out_local_V_data_7_V, i16* %out_local_V_data_8_V, i16* %out_local_V_data_9_V, i16* %out_local_V_data_10_V, i16* %out_local_V_data_11_V, i16* %out_local_V_data_12_V)" [firmware/myproject_axi.cpp:30]   --->   Operation 15 'read' 'empty' <Predicate = true> <Delay = 1.83> <Core = "FIFO">   --->   Core 32 'FIFO' <Latency = 0> <II = 1> <Delay = 1.83> <Storage> <Opcode : 'read' 'write' 'nbread' 'nbwrite'> <Ports = 0> <Width = 16> <Depth = 1> <FIFO>
ST_1 : Operation 16 [1/1] (0.00ns)   --->   "%out_local_V_data_0_V_val = extractvalue { i16, i16, i16, i16, i16, i16, i16, i16, i16, i16, i16, i16, i16 } %empty, 0" [firmware/myproject_axi.cpp:30]   --->   Operation 16 'extractvalue' 'out_local_V_data_0_V_val' <Predicate = true> <Delay = 0.00>
ST_1 : Operation 17 [1/1] (0.00ns)   --->   "%out_local_V_data_1_V_val = extractvalue { i16, i16, i16, i16, i16, i16, i16, i16, i16, i16, i16, i16, i16 } %empty, 1" [firmware/myproject_axi.cpp:30]   --->   Operation 17 'extractvalue' 'out_local_V_data_1_V_val' <Predicate = true> <Delay = 0.00>
ST_1 : Operation 18 [1/1] (0.00ns)   --->   "%out_local_V_data_2_V_val = extractvalue { i16, i16, i16, i16, i16, i16, i16, i16, i16, i16, i16, i16, i16 } %empty, 2" [firmware/myproject_axi.cpp:30]   --->   Operation 18 'extractvalue' 'out_local_V_data_2_V_val' <Predicate = true> <Delay = 0.00>
ST_1 : Operation 19 [1/1] (0.00ns)   --->   "%out_local_V_data_3_V_val = extractvalue { i16, i16, i16, i16, i16, i16, i16, i16, i16, i16, i16, i16, i16 } %empty, 3" [firmware/myproject_axi.cpp:30]   --->   Operation 19 'extractvalue' 'out_local_V_data_3_V_val' <Predicate = true> <Delay = 0.00>
ST_1 : Operation 20 [1/1] (0.00ns)   --->   "%out_local_V_data_4_V_val = extractvalue { i16, i16, i16, i16, i16, i16, i16, i16, i16, i16, i16, i16, i16 } %empty, 4" [firmware/myproject_axi.cpp:30]   --->   Operation 20 'extractvalue' 'out_local_V_data_4_V_val' <Predicate = true> <Delay = 0.00>
ST_1 : Operation 21 [1/1] (0.00ns)   --->   "%out_local_V_data_5_V_val = extractvalue { i16, i16, i16, i16, i16, i16, i16, i16, i16, i16, i16, i16, i16 } %empty, 5" [firmware/myproject_axi.cpp:30]   --->   Operation 21 'extractvalue' 'out_local_V_data_5_V_val' <Predicate = true> <Delay = 0.00>
ST_1 : Operation 22 [1/1] (0.00ns)   --->   "%out_local_V_data_6_V_val = extractvalue { i16, i16, i16, i16, i16, i16, i16, i16, i16, i16, i16, i16, i16 } %empty, 6" [firmware/myproject_axi.cpp:30]   --->   Operation 22 'extractvalue' 'out_local_V_data_6_V_val' <Predicate = true> <Delay = 0.00>
ST_1 : Operation 23 [1/1] (0.00ns)   --->   "%out_local_V_data_7_V_val = extractvalue { i16, i16, i16, i16, i16, i16, i16, i16, i16, i16, i16, i16, i16 } %empty, 7" [firmware/myproject_axi.cpp:30]   --->   Operation 23 'extractvalue' 'out_local_V_data_7_V_val' <Predicate = true> <Delay = 0.00>
ST_1 : Operation 24 [1/1] (0.00ns)   --->   "%out_local_V_data_8_V_val = extractvalue { i16, i16, i16, i16, i16, i16, i16, i16, i16, i16, i16, i16, i16 } %empty, 8" [firmware/myproject_axi.cpp:30]   --->   Operation 24 'extractvalue' 'out_local_V_data_8_V_val' <Predicate = true> <Delay = 0.00>
ST_1 : Operation 25 [1/1] (0.00ns)   --->   "%out_local_V_data_9_V_val = extractvalue { i16, i16, i16, i16, i16, i16, i16, i16, i16, i16, i16, i16, i16 } %empty, 9" [firmware/myproject_axi.cpp:30]   --->   Operation 25 'extractvalue' 'out_local_V_data_9_V_val' <Predicate = true> <Delay = 0.00>
ST_1 : Operation 26 [1/1] (0.00ns)   --->   "%out_local_V_data_10_V_val = extractvalue { i16, i16, i16, i16, i16, i16, i16, i16, i16, i16, i16, i16, i16 } %empty, 10" [firmware/myproject_axi.cpp:30]   --->   Operation 26 'extractvalue' 'out_local_V_data_10_V_val' <Predicate = true> <Delay = 0.00>
ST_1 : Operation 27 [1/1] (0.00ns)   --->   "%out_local_V_data_11_V_val = extractvalue { i16, i16, i16, i16, i16, i16, i16, i16, i16, i16, i16, i16, i16 } %empty, 11" [firmware/myproject_axi.cpp:30]   --->   Operation 27 'extractvalue' 'out_local_V_data_11_V_val' <Predicate = true> <Delay = 0.00>
ST_1 : Operation 28 [1/1] (0.00ns)   --->   "%out_local_V_data_12_V_val = extractvalue { i16, i16, i16, i16, i16, i16, i16, i16, i16, i16, i16, i16, i16 } %empty, 12" [firmware/myproject_axi.cpp:30]   --->   Operation 28 'extractvalue' 'out_local_V_data_12_V_val' <Predicate = true> <Delay = 0.00>
ST_1 : Operation 29 [1/1] (0.00ns)   --->   "store i16 %out_local_V_data_0_V_val, i16* %tmp_data_V_0, align 2" [firmware/myproject_axi.cpp:30]   --->   Operation 29 'store' <Predicate = true> <Delay = 0.00>
ST_1 : Operation 30 [1/1] (0.00ns)   --->   "store i16 %out_local_V_data_1_V_val, i16* %tmp_data_V_1, align 2" [firmware/myproject_axi.cpp:30]   --->   Operation 30 'store' <Predicate = true> <Delay = 0.00>
ST_1 : Operation 31 [1/1] (0.00ns)   --->   "store i16 %out_local_V_data_2_V_val, i16* %tmp_data_V_2, align 2" [firmware/myproject_axi.cpp:30]   --->   Operation 31 'store' <Predicate = true> <Delay = 0.00>
ST_1 : Operation 32 [1/1] (0.00ns)   --->   "store i16 %out_local_V_data_3_V_val, i16* %tmp_data_V_3, align 2" [firmware/myproject_axi.cpp:30]   --->   Operation 32 'store' <Predicate = true> <Delay = 0.00>
ST_1 : Operation 33 [1/1] (0.00ns)   --->   "store i16 %out_local_V_data_4_V_val, i16* %tmp_data_V_4, align 2" [firmware/myproject_axi.cpp:30]   --->   Operation 33 'store' <Predicate = true> <Delay = 0.00>
ST_1 : Operation 34 [1/1] (0.00ns)   --->   "store i16 %out_local_V_data_5_V_val, i16* %tmp_data_V_5, align 2" [firmware/myproject_axi.cpp:30]   --->   Operation 34 'store' <Predicate = true> <Delay = 0.00>
ST_1 : Operation 35 [1/1] (0.00ns)   --->   "store i16 %out_local_V_data_6_V_val, i16* %tmp_data_V_6, align 2" [firmware/myproject_axi.cpp:30]   --->   Operation 35 'store' <Predicate = true> <Delay = 0.00>
ST_1 : Operation 36 [1/1] (0.00ns)   --->   "store i16 %out_local_V_data_7_V_val, i16* %tmp_data_V_727, align 2" [firmware/myproject_axi.cpp:30]   --->   Operation 36 'store' <Predicate = true> <Delay = 0.00>
ST_1 : Operation 37 [1/1] (0.00ns)   --->   "store i16 %out_local_V_data_8_V_val, i16* %tmp_data_V_8, align 2" [firmware/myproject_axi.cpp:30]   --->   Operation 37 'store' <Predicate = true> <Delay = 0.00>
ST_1 : Operation 38 [1/1] (0.00ns)   --->   "store i16 %out_local_V_data_9_V_val, i16* %tmp_data_V_9, align 2" [firmware/myproject_axi.cpp:30]   --->   Operation 38 'store' <Predicate = true> <Delay = 0.00>
ST_1 : Operation 39 [1/1] (0.00ns)   --->   "store i16 %out_local_V_data_10_V_val, i16* %tmp_data_V_10, align 2" [firmware/myproject_axi.cpp:30]   --->   Operation 39 'store' <Predicate = true> <Delay = 0.00>
ST_1 : Operation 40 [1/1] (0.00ns)   --->   "store i16 %out_local_V_data_11_V_val, i16* %tmp_data_V_11, align 2" [firmware/myproject_axi.cpp:30]   --->   Operation 40 'store' <Predicate = true> <Delay = 0.00>
ST_1 : Operation 41 [1/1] (0.00ns)   --->   "store i16 %out_local_V_data_12_V_val, i16* %tmp_data_V_12, align 2" [firmware/myproject_axi.cpp:30]   --->   Operation 41 'store' <Predicate = true> <Delay = 0.00>
ST_1 : Operation 42 [1/1] (0.00ns)   --->   "ret void"   --->   Operation 42 'ret' <Predicate = true> <Delay = 0.00>


============================================================
+ Verbose Summary: Timing violations
============================================================
Target clock period: 5ns, clock uncertainty: 0.625ns.

 <State 1>: 1.84ns
The critical path consists of the following:
	fifo read on port 'out_local_V_data_0_V' (firmware/myproject_axi.cpp:30) [40]  (1.84 ns)


============================================================
+ Verbose Summary: Binding
============================================================
N/A
* FSMD analyzer results:
  - Output states:
 - Input state : 
  - Chain level:
	State 1


============================================================
+ Verbose Summary: Datapath Resource usage 
============================================================
N/A
