

================================================================
== Vivado HLS Report for 'dense_resource_ap_fixed_16_6_5_3_0_ap_fixed_16_6_5_3_0_config2_mult_s'
================================================================
* Date:           Tue Apr  9 23:49:20 2024

* Version:        2019.2 (Build 2704478 on Wed Nov 06 22:10:23 MST 2019)
* Project:        myproject_prj
* Solution:       solution1
* Product family: zynquplus
* Target device:  xczu5ev-sfvc784-2LV-e


================================================================
== Performance Estimates
================================================================
+ Timing: 
    * Summary: 
    +--------+---------+----------+------------+
    |  Clock |  Target | Estimated| Uncertainty|
    +--------+---------+----------+------------+
    |ap_clk  | 5.00 ns | 3.770 ns |   0.62 ns  |
    +--------+---------+----------+------------+

+ Latency: 
    * Summary: 
    +---------+---------+----------+----------+-----+-----+---------------------------------------------+
    |  Latency (cycles) |  Latency (absolute) |  Interval |                   Pipeline                  |
    |   min   |   max   |    min   |    max   | min | max |                     Type                    |
    +---------+---------+----------+----------+-----+-----+---------------------------------------------+
    |      109|      110| 0.545 us | 0.550 us |  108|  108| loop rewind(delay=0 initiation interval(s)) |
    +---------+---------+----------+----------+-----+-----+---------------------------------------------+

    + Detail: 
        * Instance: 
        N/A

        * Loop: 
        +-------------+---------+---------+----------+-----------+-----------+------+----------+
        |             |  Latency (cycles) | Iteration|  Initiation Interval  | Trip |          |
        |  Loop Name  |   min   |   max   |  Latency |  achieved |   target  | Count| Pipelined|
        +-------------+---------+---------+----------+-----------+-----------+------+----------+
        |- ReuseLoop  |      109|      109|         3|          1|          1|   108|    yes   |
        +-------------+---------+---------+----------+-----------+-----------+------+----------+

============================================================
+ Verbose Summary: Synthesis Manager
============================================================
InlineROM: 1
ExposeGlobal: 0
============================================================
+ Verbose Summary: CDFG Model
============================================================
IsTopModel: 0
ResetActiveHigh: 1
IsCombinational: 0
IsDatapathOnly: 0
HasWiredReturn: 1
HasMFsm: 0
HasVarLatency: 1
IsPipeline: 0
IsRtlPipelined: 0
IsInstanceOverlapped: 0
IsDontTouch: 0
HasImplIP: 0
IsGatedGlobalClock: 0

+ Individual pipeline summary: 
  * Pipeline-0: initiation interval (II) = 1, depth = 3


============================================================
+ Verbose Summary: Schedule
============================================================
* Number of FSM states : 4
* Pipeline : 1
  Pipeline-0 : II = 1, D = 3, States = { 2 3 4 }
* Dataflow Pipeline: 0

* FSM state transitions: 
1 --> 2 
2 --> 3 
3 --> 4 
4 --> 2 

* FSM state operations: 

State 1 <SV = 0> <Delay = 0.65>
ST_1 : Operation 5 [1/1] (0.65ns)   --->   "br label %rewind_header" [firmware/nnet_utils/nnet_dense_resource.h:129->firmware/nnet_utils/nnet_dense_resource.h:255]   --->   Operation 5 'br' <Predicate = true> <Delay = 0.65>

State 2 <SV = 1> <Delay = 2.45>
ST_2 : Operation 6 [1/1] (0.00ns)   --->   "%w_index30 = phi i7 [ 0, %entry ], [ %w_index, %ReuseLoop_end ], [ 0, %"dense_resource<ap_fixed<16, 6, 5, 3, 0>, ap_fixed<16, 6, 5, 3, 0>, config2_mult>.exit" ]"   --->   Operation 6 'phi' 'w_index30' <Predicate = true> <Delay = 0.00>
ST_2 : Operation 7 [1/1] (0.00ns)   --->   "%in_index_0_i_i29 = phi i32 [ 0, %entry ], [ %select_ln148, %ReuseLoop_end ], [ 0, %"dense_resource<ap_fixed<16, 6, 5, 3, 0>, ap_fixed<16, 6, 5, 3, 0>, config2_mult>.exit" ]" [firmware/nnet_utils/nnet_dense_resource.h:148->firmware/nnet_utils/nnet_dense_resource.h:255]   --->   Operation 7 'phi' 'in_index_0_i_i29' <Predicate = true> <Delay = 0.00>
ST_2 : Operation 8 [1/1] (0.00ns)   --->   "%zext_ln133 = zext i7 %w_index30 to i64" [firmware/nnet_utils/nnet_dense_resource.h:133->firmware/nnet_utils/nnet_dense_resource.h:255]   --->   Operation 8 'zext' 'zext_ln133' <Predicate = true> <Delay = 0.00>
ST_2 : Operation 9 [1/1] (0.00ns)   --->   "%outidx3_addr = getelementptr [108 x i2]* @outidx3, i64 0, i64 %zext_ln133" [firmware/nnet_utils/nnet_dense_resource.h:133->firmware/nnet_utils/nnet_dense_resource.h:255]   --->   Operation 9 'getelementptr' 'outidx3_addr' <Predicate = true> <Delay = 0.00>
ST_2 : Operation 10 [2/2] (1.23ns)   --->   "%out_index = load i2* %outidx3_addr, align 1" [firmware/nnet_utils/nnet_dense_resource.h:133->firmware/nnet_utils/nnet_dense_resource.h:255]   --->   Operation 10 'load' 'out_index' <Predicate = true> <Delay = 1.23> <Core = "ROM_nP">   --->   Core 52 'ROM_nP' <Latency = 1> <II = 1> <Delay = 1.23> <Storage> <Opcode : 'load'> <Ports = 0> <Width = 6> <Depth = 108> <ROM>
ST_2 : Operation 11 [1/1] (0.00ns)   --->   "%trunc_ln139 = trunc i32 %in_index_0_i_i29 to i5" [firmware/nnet_utils/nnet_dense_resource.h:139->firmware/nnet_utils/nnet_dense_resource.h:255]   --->   Operation 11 'trunc' 'trunc_ln139' <Predicate = true> <Delay = 0.00>
ST_2 : Operation 12 [1/1] (0.77ns)   --->   "%w_index = add i7 1, %w_index30" [firmware/nnet_utils/nnet_dense_resource.h:129->firmware/nnet_utils/nnet_dense_resource.h:255]   --->   Operation 12 'add' 'w_index' <Predicate = true> <Delay = 0.77> <Core = "AddSub">   --->   Core 14 'AddSub' <Latency = 0> <II = 1> <Delay = 1.01> <FuncUnit> <Opcode : 'add' 'sub'> <InPorts = 2> <OutPorts = 1>
ST_2 : Operation 13 [1/1] (0.78ns)   --->   "switch i5 %trunc_ln139, label %case26.i.i [
    i5 0, label %case0.i.i
    i5 1, label %case1.i.i
    i5 2, label %case2.i.i
    i5 3, label %case3.i.i
    i5 4, label %case4.i.i
    i5 5, label %case5.i.i
    i5 6, label %case6.i.i
    i5 7, label %case7.i.i
    i5 8, label %case8.i.i
    i5 9, label %case9.i.i
    i5 10, label %case10.i.i
    i5 11, label %case11.i.i
    i5 12, label %case12.i.i
    i5 13, label %case13.i.i
    i5 14, label %case14.i.i
    i5 15, label %case15.i.i
    i5 -16, label %case16.i.i
    i5 -15, label %case17.i.i
    i5 -14, label %case18.i.i
    i5 -13, label %case19.i.i
    i5 -12, label %case20.i.i
    i5 -11, label %case21.i.i
    i5 -10, label %case22.i.i
    i5 -9, label %case23.i.i
    i5 -8, label %case24.i.i
    i5 -7, label %case25.i.i
  ]" [aesl_mux_load.27i16P.i5:55->firmware/nnet_utils/nnet_dense_resource.h:139->firmware/nnet_utils/nnet_dense_resource.h:255]   --->   Operation 13 'switch' <Predicate = true> <Delay = 0.78>
ST_2 : Operation 14 [1/1] (0.00ns)   --->   "%kernel_data_V_25_load = load i16* @kernel_data_V_25, align 2" [aesl_mux_load.27i16P.i5:51->firmware/nnet_utils/nnet_dense_resource.h:139->firmware/nnet_utils/nnet_dense_resource.h:255]   --->   Operation 14 'load' 'kernel_data_V_25_load' <Predicate = (trunc_ln139 == 25)> <Delay = 0.00>
ST_2 : Operation 15 [1/1] (1.45ns)   --->   "br label %aesl_mux_load.27i16P.i5.exit" [aesl_mux_load.27i16P.i5:54->firmware/nnet_utils/nnet_dense_resource.h:139->firmware/nnet_utils/nnet_dense_resource.h:255]   --->   Operation 15 'br' <Predicate = (trunc_ln139 == 25)> <Delay = 1.45>
ST_2 : Operation 16 [1/1] (0.00ns)   --->   "%kernel_data_V_24_load = load i16* @kernel_data_V_24, align 2" [aesl_mux_load.27i16P.i5:49->firmware/nnet_utils/nnet_dense_resource.h:139->firmware/nnet_utils/nnet_dense_resource.h:255]   --->   Operation 16 'load' 'kernel_data_V_24_load' <Predicate = (trunc_ln139 == 24)> <Delay = 0.00>
ST_2 : Operation 17 [1/1] (1.45ns)   --->   "br label %aesl_mux_load.27i16P.i5.exit" [aesl_mux_load.27i16P.i5:54->firmware/nnet_utils/nnet_dense_resource.h:139->firmware/nnet_utils/nnet_dense_resource.h:255]   --->   Operation 17 'br' <Predicate = (trunc_ln139 == 24)> <Delay = 1.45>
ST_2 : Operation 18 [1/1] (0.00ns)   --->   "%kernel_data_V_23_load = load i16* @kernel_data_V_23, align 2" [aesl_mux_load.27i16P.i5:47->firmware/nnet_utils/nnet_dense_resource.h:139->firmware/nnet_utils/nnet_dense_resource.h:255]   --->   Operation 18 'load' 'kernel_data_V_23_load' <Predicate = (trunc_ln139 == 23)> <Delay = 0.00>
ST_2 : Operation 19 [1/1] (1.45ns)   --->   "br label %aesl_mux_load.27i16P.i5.exit" [aesl_mux_load.27i16P.i5:54->firmware/nnet_utils/nnet_dense_resource.h:139->firmware/nnet_utils/nnet_dense_resource.h:255]   --->   Operation 19 'br' <Predicate = (trunc_ln139 == 23)> <Delay = 1.45>
ST_2 : Operation 20 [1/1] (0.00ns)   --->   "%kernel_data_V_22_load = load i16* @kernel_data_V_22, align 2" [aesl_mux_load.27i16P.i5:45->firmware/nnet_utils/nnet_dense_resource.h:139->firmware/nnet_utils/nnet_dense_resource.h:255]   --->   Operation 20 'load' 'kernel_data_V_22_load' <Predicate = (trunc_ln139 == 22)> <Delay = 0.00>
ST_2 : Operation 21 [1/1] (1.45ns)   --->   "br label %aesl_mux_load.27i16P.i5.exit" [aesl_mux_load.27i16P.i5:54->firmware/nnet_utils/nnet_dense_resource.h:139->firmware/nnet_utils/nnet_dense_resource.h:255]   --->   Operation 21 'br' <Predicate = (trunc_ln139 == 22)> <Delay = 1.45>
ST_2 : Operation 22 [1/1] (0.00ns)   --->   "%kernel_data_V_21_load = load i16* @kernel_data_V_21, align 2" [aesl_mux_load.27i16P.i5:43->firmware/nnet_utils/nnet_dense_resource.h:139->firmware/nnet_utils/nnet_dense_resource.h:255]   --->   Operation 22 'load' 'kernel_data_V_21_load' <Predicate = (trunc_ln139 == 21)> <Delay = 0.00>
ST_2 : Operation 23 [1/1] (1.45ns)   --->   "br label %aesl_mux_load.27i16P.i5.exit" [aesl_mux_load.27i16P.i5:54->firmware/nnet_utils/nnet_dense_resource.h:139->firmware/nnet_utils/nnet_dense_resource.h:255]   --->   Operation 23 'br' <Predicate = (trunc_ln139 == 21)> <Delay = 1.45>
ST_2 : Operation 24 [1/1] (0.00ns)   --->   "%kernel_data_V_20_load = load i16* @kernel_data_V_20, align 2" [aesl_mux_load.27i16P.i5:41->firmware/nnet_utils/nnet_dense_resource.h:139->firmware/nnet_utils/nnet_dense_resource.h:255]   --->   Operation 24 'load' 'kernel_data_V_20_load' <Predicate = (trunc_ln139 == 20)> <Delay = 0.00>
ST_2 : Operation 25 [1/1] (1.45ns)   --->   "br label %aesl_mux_load.27i16P.i5.exit" [aesl_mux_load.27i16P.i5:54->firmware/nnet_utils/nnet_dense_resource.h:139->firmware/nnet_utils/nnet_dense_resource.h:255]   --->   Operation 25 'br' <Predicate = (trunc_ln139 == 20)> <Delay = 1.45>
ST_2 : Operation 26 [1/1] (0.00ns)   --->   "%kernel_data_V_19_load = load i16* @kernel_data_V_19, align 2" [aesl_mux_load.27i16P.i5:39->firmware/nnet_utils/nnet_dense_resource.h:139->firmware/nnet_utils/nnet_dense_resource.h:255]   --->   Operation 26 'load' 'kernel_data_V_19_load' <Predicate = (trunc_ln139 == 19)> <Delay = 0.00>
ST_2 : Operation 27 [1/1] (1.45ns)   --->   "br label %aesl_mux_load.27i16P.i5.exit" [aesl_mux_load.27i16P.i5:54->firmware/nnet_utils/nnet_dense_resource.h:139->firmware/nnet_utils/nnet_dense_resource.h:255]   --->   Operation 27 'br' <Predicate = (trunc_ln139 == 19)> <Delay = 1.45>
ST_2 : Operation 28 [1/1] (0.00ns)   --->   "%kernel_data_V_18_load = load i16* @kernel_data_V_18, align 2" [aesl_mux_load.27i16P.i5:37->firmware/nnet_utils/nnet_dense_resource.h:139->firmware/nnet_utils/nnet_dense_resource.h:255]   --->   Operation 28 'load' 'kernel_data_V_18_load' <Predicate = (trunc_ln139 == 18)> <Delay = 0.00>
ST_2 : Operation 29 [1/1] (1.45ns)   --->   "br label %aesl_mux_load.27i16P.i5.exit" [aesl_mux_load.27i16P.i5:54->firmware/nnet_utils/nnet_dense_resource.h:139->firmware/nnet_utils/nnet_dense_resource.h:255]   --->   Operation 29 'br' <Predicate = (trunc_ln139 == 18)> <Delay = 1.45>
ST_2 : Operation 30 [1/1] (0.00ns)   --->   "%kernel_data_V_17_load = load i16* @kernel_data_V_17, align 2" [aesl_mux_load.27i16P.i5:35->firmware/nnet_utils/nnet_dense_resource.h:139->firmware/nnet_utils/nnet_dense_resource.h:255]   --->   Operation 30 'load' 'kernel_data_V_17_load' <Predicate = (trunc_ln139 == 17)> <Delay = 0.00>
ST_2 : Operation 31 [1/1] (1.45ns)   --->   "br label %aesl_mux_load.27i16P.i5.exit" [aesl_mux_load.27i16P.i5:54->firmware/nnet_utils/nnet_dense_resource.h:139->firmware/nnet_utils/nnet_dense_resource.h:255]   --->   Operation 31 'br' <Predicate = (trunc_ln139 == 17)> <Delay = 1.45>
ST_2 : Operation 32 [1/1] (0.00ns)   --->   "%kernel_data_V_16_load = load i16* @kernel_data_V_16, align 2" [aesl_mux_load.27i16P.i5:33->firmware/nnet_utils/nnet_dense_resource.h:139->firmware/nnet_utils/nnet_dense_resource.h:255]   --->   Operation 32 'load' 'kernel_data_V_16_load' <Predicate = (trunc_ln139 == 16)> <Delay = 0.00>
ST_2 : Operation 33 [1/1] (1.45ns)   --->   "br label %aesl_mux_load.27i16P.i5.exit" [aesl_mux_load.27i16P.i5:54->firmware/nnet_utils/nnet_dense_resource.h:139->firmware/nnet_utils/nnet_dense_resource.h:255]   --->   Operation 33 'br' <Predicate = (trunc_ln139 == 16)> <Delay = 1.45>
ST_2 : Operation 34 [1/1] (0.00ns)   --->   "%kernel_data_V_15_load = load i16* @kernel_data_V_15, align 2" [aesl_mux_load.27i16P.i5:31->firmware/nnet_utils/nnet_dense_resource.h:139->firmware/nnet_utils/nnet_dense_resource.h:255]   --->   Operation 34 'load' 'kernel_data_V_15_load' <Predicate = (trunc_ln139 == 15)> <Delay = 0.00>
ST_2 : Operation 35 [1/1] (1.45ns)   --->   "br label %aesl_mux_load.27i16P.i5.exit" [aesl_mux_load.27i16P.i5:54->firmware/nnet_utils/nnet_dense_resource.h:139->firmware/nnet_utils/nnet_dense_resource.h:255]   --->   Operation 35 'br' <Predicate = (trunc_ln139 == 15)> <Delay = 1.45>
ST_2 : Operation 36 [1/1] (0.00ns)   --->   "%kernel_data_V_14_load = load i16* @kernel_data_V_14, align 2" [aesl_mux_load.27i16P.i5:29->firmware/nnet_utils/nnet_dense_resource.h:139->firmware/nnet_utils/nnet_dense_resource.h:255]   --->   Operation 36 'load' 'kernel_data_V_14_load' <Predicate = (trunc_ln139 == 14)> <Delay = 0.00>
ST_2 : Operation 37 [1/1] (1.45ns)   --->   "br label %aesl_mux_load.27i16P.i5.exit" [aesl_mux_load.27i16P.i5:54->firmware/nnet_utils/nnet_dense_resource.h:139->firmware/nnet_utils/nnet_dense_resource.h:255]   --->   Operation 37 'br' <Predicate = (trunc_ln139 == 14)> <Delay = 1.45>
ST_2 : Operation 38 [1/1] (0.00ns)   --->   "%kernel_data_V_13_load = load i16* @kernel_data_V_13, align 2" [aesl_mux_load.27i16P.i5:27->firmware/nnet_utils/nnet_dense_resource.h:139->firmware/nnet_utils/nnet_dense_resource.h:255]   --->   Operation 38 'load' 'kernel_data_V_13_load' <Predicate = (trunc_ln139 == 13)> <Delay = 0.00>
ST_2 : Operation 39 [1/1] (1.45ns)   --->   "br label %aesl_mux_load.27i16P.i5.exit" [aesl_mux_load.27i16P.i5:54->firmware/nnet_utils/nnet_dense_resource.h:139->firmware/nnet_utils/nnet_dense_resource.h:255]   --->   Operation 39 'br' <Predicate = (trunc_ln139 == 13)> <Delay = 1.45>
ST_2 : Operation 40 [1/1] (0.00ns)   --->   "%kernel_data_V_12_load = load i16* @kernel_data_V_12, align 2" [aesl_mux_load.27i16P.i5:25->firmware/nnet_utils/nnet_dense_resource.h:139->firmware/nnet_utils/nnet_dense_resource.h:255]   --->   Operation 40 'load' 'kernel_data_V_12_load' <Predicate = (trunc_ln139 == 12)> <Delay = 0.00>
ST_2 : Operation 41 [1/1] (1.45ns)   --->   "br label %aesl_mux_load.27i16P.i5.exit" [aesl_mux_load.27i16P.i5:54->firmware/nnet_utils/nnet_dense_resource.h:139->firmware/nnet_utils/nnet_dense_resource.h:255]   --->   Operation 41 'br' <Predicate = (trunc_ln139 == 12)> <Delay = 1.45>
ST_2 : Operation 42 [1/1] (0.00ns)   --->   "%kernel_data_V_11_load = load i16* @kernel_data_V_11, align 2" [aesl_mux_load.27i16P.i5:23->firmware/nnet_utils/nnet_dense_resource.h:139->firmware/nnet_utils/nnet_dense_resource.h:255]   --->   Operation 42 'load' 'kernel_data_V_11_load' <Predicate = (trunc_ln139 == 11)> <Delay = 0.00>
ST_2 : Operation 43 [1/1] (1.45ns)   --->   "br label %aesl_mux_load.27i16P.i5.exit" [aesl_mux_load.27i16P.i5:54->firmware/nnet_utils/nnet_dense_resource.h:139->firmware/nnet_utils/nnet_dense_resource.h:255]   --->   Operation 43 'br' <Predicate = (trunc_ln139 == 11)> <Delay = 1.45>
ST_2 : Operation 44 [1/1] (0.00ns)   --->   "%kernel_data_V_10_load = load i16* @kernel_data_V_10, align 2" [aesl_mux_load.27i16P.i5:21->firmware/nnet_utils/nnet_dense_resource.h:139->firmware/nnet_utils/nnet_dense_resource.h:255]   --->   Operation 44 'load' 'kernel_data_V_10_load' <Predicate = (trunc_ln139 == 10)> <Delay = 0.00>
ST_2 : Operation 45 [1/1] (1.45ns)   --->   "br label %aesl_mux_load.27i16P.i5.exit" [aesl_mux_load.27i16P.i5:54->firmware/nnet_utils/nnet_dense_resource.h:139->firmware/nnet_utils/nnet_dense_resource.h:255]   --->   Operation 45 'br' <Predicate = (trunc_ln139 == 10)> <Delay = 1.45>
ST_2 : Operation 46 [1/1] (0.00ns)   --->   "%kernel_data_V_9_load = load i16* @kernel_data_V_9, align 2" [aesl_mux_load.27i16P.i5:19->firmware/nnet_utils/nnet_dense_resource.h:139->firmware/nnet_utils/nnet_dense_resource.h:255]   --->   Operation 46 'load' 'kernel_data_V_9_load' <Predicate = (trunc_ln139 == 9)> <Delay = 0.00>
ST_2 : Operation 47 [1/1] (1.45ns)   --->   "br label %aesl_mux_load.27i16P.i5.exit" [aesl_mux_load.27i16P.i5:54->firmware/nnet_utils/nnet_dense_resource.h:139->firmware/nnet_utils/nnet_dense_resource.h:255]   --->   Operation 47 'br' <Predicate = (trunc_ln139 == 9)> <Delay = 1.45>
ST_2 : Operation 48 [1/1] (0.00ns)   --->   "%kernel_data_V_8_load = load i16* @kernel_data_V_8, align 2" [aesl_mux_load.27i16P.i5:17->firmware/nnet_utils/nnet_dense_resource.h:139->firmware/nnet_utils/nnet_dense_resource.h:255]   --->   Operation 48 'load' 'kernel_data_V_8_load' <Predicate = (trunc_ln139 == 8)> <Delay = 0.00>
ST_2 : Operation 49 [1/1] (1.45ns)   --->   "br label %aesl_mux_load.27i16P.i5.exit" [aesl_mux_load.27i16P.i5:54->firmware/nnet_utils/nnet_dense_resource.h:139->firmware/nnet_utils/nnet_dense_resource.h:255]   --->   Operation 49 'br' <Predicate = (trunc_ln139 == 8)> <Delay = 1.45>
ST_2 : Operation 50 [1/1] (0.00ns)   --->   "%kernel_data_V_7_load = load i16* @kernel_data_V_7, align 2" [aesl_mux_load.27i16P.i5:15->firmware/nnet_utils/nnet_dense_resource.h:139->firmware/nnet_utils/nnet_dense_resource.h:255]   --->   Operation 50 'load' 'kernel_data_V_7_load' <Predicate = (trunc_ln139 == 7)> <Delay = 0.00>
ST_2 : Operation 51 [1/1] (1.45ns)   --->   "br label %aesl_mux_load.27i16P.i5.exit" [aesl_mux_load.27i16P.i5:54->firmware/nnet_utils/nnet_dense_resource.h:139->firmware/nnet_utils/nnet_dense_resource.h:255]   --->   Operation 51 'br' <Predicate = (trunc_ln139 == 7)> <Delay = 1.45>
ST_2 : Operation 52 [1/1] (0.00ns)   --->   "%kernel_data_V_6_load = load i16* @kernel_data_V_6, align 2" [aesl_mux_load.27i16P.i5:13->firmware/nnet_utils/nnet_dense_resource.h:139->firmware/nnet_utils/nnet_dense_resource.h:255]   --->   Operation 52 'load' 'kernel_data_V_6_load' <Predicate = (trunc_ln139 == 6)> <Delay = 0.00>
ST_2 : Operation 53 [1/1] (1.45ns)   --->   "br label %aesl_mux_load.27i16P.i5.exit" [aesl_mux_load.27i16P.i5:54->firmware/nnet_utils/nnet_dense_resource.h:139->firmware/nnet_utils/nnet_dense_resource.h:255]   --->   Operation 53 'br' <Predicate = (trunc_ln139 == 6)> <Delay = 1.45>
ST_2 : Operation 54 [1/1] (0.00ns)   --->   "%kernel_data_V_5_load = load i16* @kernel_data_V_5, align 2" [aesl_mux_load.27i16P.i5:11->firmware/nnet_utils/nnet_dense_resource.h:139->firmware/nnet_utils/nnet_dense_resource.h:255]   --->   Operation 54 'load' 'kernel_data_V_5_load' <Predicate = (trunc_ln139 == 5)> <Delay = 0.00>
ST_2 : Operation 55 [1/1] (1.45ns)   --->   "br label %aesl_mux_load.27i16P.i5.exit" [aesl_mux_load.27i16P.i5:54->firmware/nnet_utils/nnet_dense_resource.h:139->firmware/nnet_utils/nnet_dense_resource.h:255]   --->   Operation 55 'br' <Predicate = (trunc_ln139 == 5)> <Delay = 1.45>
ST_2 : Operation 56 [1/1] (0.00ns)   --->   "%kernel_data_V_4_load = load i16* @kernel_data_V_4, align 2" [aesl_mux_load.27i16P.i5:9->firmware/nnet_utils/nnet_dense_resource.h:139->firmware/nnet_utils/nnet_dense_resource.h:255]   --->   Operation 56 'load' 'kernel_data_V_4_load' <Predicate = (trunc_ln139 == 4)> <Delay = 0.00>
ST_2 : Operation 57 [1/1] (1.45ns)   --->   "br label %aesl_mux_load.27i16P.i5.exit" [aesl_mux_load.27i16P.i5:54->firmware/nnet_utils/nnet_dense_resource.h:139->firmware/nnet_utils/nnet_dense_resource.h:255]   --->   Operation 57 'br' <Predicate = (trunc_ln139 == 4)> <Delay = 1.45>
ST_2 : Operation 58 [1/1] (0.00ns)   --->   "%kernel_data_V_3287_load = load i16* @kernel_data_V_3287, align 2" [aesl_mux_load.27i16P.i5:7->firmware/nnet_utils/nnet_dense_resource.h:139->firmware/nnet_utils/nnet_dense_resource.h:255]   --->   Operation 58 'load' 'kernel_data_V_3287_load' <Predicate = (trunc_ln139 == 3)> <Delay = 0.00>
ST_2 : Operation 59 [1/1] (1.45ns)   --->   "br label %aesl_mux_load.27i16P.i5.exit" [aesl_mux_load.27i16P.i5:54->firmware/nnet_utils/nnet_dense_resource.h:139->firmware/nnet_utils/nnet_dense_resource.h:255]   --->   Operation 59 'br' <Predicate = (trunc_ln139 == 3)> <Delay = 1.45>
ST_2 : Operation 60 [1/1] (0.00ns)   --->   "%kernel_data_V_2286_load = load i16* @kernel_data_V_2286, align 2" [aesl_mux_load.27i16P.i5:5->firmware/nnet_utils/nnet_dense_resource.h:139->firmware/nnet_utils/nnet_dense_resource.h:255]   --->   Operation 60 'load' 'kernel_data_V_2286_load' <Predicate = (trunc_ln139 == 2)> <Delay = 0.00>
ST_2 : Operation 61 [1/1] (1.45ns)   --->   "br label %aesl_mux_load.27i16P.i5.exit" [aesl_mux_load.27i16P.i5:54->firmware/nnet_utils/nnet_dense_resource.h:139->firmware/nnet_utils/nnet_dense_resource.h:255]   --->   Operation 61 'br' <Predicate = (trunc_ln139 == 2)> <Delay = 1.45>
ST_2 : Operation 62 [1/1] (0.00ns)   --->   "%kernel_data_V_1285_load = load i16* @kernel_data_V_1285, align 2" [aesl_mux_load.27i16P.i5:3->firmware/nnet_utils/nnet_dense_resource.h:139->firmware/nnet_utils/nnet_dense_resource.h:255]   --->   Operation 62 'load' 'kernel_data_V_1285_load' <Predicate = (trunc_ln139 == 1)> <Delay = 0.00>
ST_2 : Operation 63 [1/1] (1.45ns)   --->   "br label %aesl_mux_load.27i16P.i5.exit" [aesl_mux_load.27i16P.i5:54->firmware/nnet_utils/nnet_dense_resource.h:139->firmware/nnet_utils/nnet_dense_resource.h:255]   --->   Operation 63 'br' <Predicate = (trunc_ln139 == 1)> <Delay = 1.45>
ST_2 : Operation 64 [1/1] (0.00ns)   --->   "%kernel_data_V_0_load = load i16* @kernel_data_V_0, align 2" [aesl_mux_load.27i16P.i5:1->firmware/nnet_utils/nnet_dense_resource.h:139->firmware/nnet_utils/nnet_dense_resource.h:255]   --->   Operation 64 'load' 'kernel_data_V_0_load' <Predicate = (trunc_ln139 == 0)> <Delay = 0.00>
ST_2 : Operation 65 [1/1] (1.45ns)   --->   "br label %aesl_mux_load.27i16P.i5.exit" [aesl_mux_load.27i16P.i5:54->firmware/nnet_utils/nnet_dense_resource.h:139->firmware/nnet_utils/nnet_dense_resource.h:255]   --->   Operation 65 'br' <Predicate = (trunc_ln139 == 0)> <Delay = 1.45>
ST_2 : Operation 66 [1/1] (0.00ns)   --->   "%kernel_data_V_26_load = load i16* @kernel_data_V_26, align 2" [aesl_mux_load.27i16P.i5:53->firmware/nnet_utils/nnet_dense_resource.h:139->firmware/nnet_utils/nnet_dense_resource.h:255]   --->   Operation 66 'load' 'kernel_data_V_26_load' <Predicate = (trunc_ln139 == 31) | (trunc_ln139 == 30) | (trunc_ln139 == 29) | (trunc_ln139 == 28) | (trunc_ln139 == 27) | (trunc_ln139 == 26)> <Delay = 0.00>
ST_2 : Operation 67 [1/1] (1.45ns)   --->   "br label %aesl_mux_load.27i16P.i5.exit" [aesl_mux_load.27i16P.i5:54->firmware/nnet_utils/nnet_dense_resource.h:139->firmware/nnet_utils/nnet_dense_resource.h:255]   --->   Operation 67 'br' <Predicate = (trunc_ln139 == 31) | (trunc_ln139 == 30) | (trunc_ln139 == 29) | (trunc_ln139 == 28) | (trunc_ln139 == 27) | (trunc_ln139 == 26)> <Delay = 1.45>
ST_2 : Operation 68 [1/1] (0.00ns)   --->   "%w2_V_addr = getelementptr [108 x i6]* @w2_V, i64 0, i64 %zext_ln133" [firmware/nnet_utils/nnet_dense_resource.h:139->firmware/nnet_utils/nnet_dense_resource.h:255]   --->   Operation 68 'getelementptr' 'w2_V_addr' <Predicate = true> <Delay = 0.00>
ST_2 : Operation 69 [2/2] (1.23ns)   --->   "%w2_V_load = load i6* %w2_V_addr, align 1" [firmware/nnet_utils/nnet_dense_resource.h:139->firmware/nnet_utils/nnet_dense_resource.h:255]   --->   Operation 69 'load' 'w2_V_load' <Predicate = true> <Delay = 1.23> <Core = "ROM_nP">   --->   Core 52 'ROM_nP' <Latency = 1> <II = 1> <Delay = 1.23> <Storage> <Opcode : 'load'> <Ports = 0> <Width = 6> <Depth = 108> <ROM>
ST_2 : Operation 70 [1/1] (1.01ns)   --->   "%in_index = add nsw i32 %in_index_0_i_i29, 1" [firmware/nnet_utils/nnet_dense_resource.h:147->firmware/nnet_utils/nnet_dense_resource.h:255]   --->   Operation 70 'add' 'in_index' <Predicate = true> <Delay = 1.01> <Core = "AddSub">   --->   Core 14 'AddSub' <Latency = 0> <II = 1> <Delay = 1.01> <FuncUnit> <Opcode : 'add' 'sub'> <InPorts = 2> <OutPorts = 1>
ST_2 : Operation 71 [1/1] (0.99ns)   --->   "%icmp_ln148 = icmp sgt i32 %in_index, 26" [firmware/nnet_utils/nnet_dense_resource.h:148->firmware/nnet_utils/nnet_dense_resource.h:255]   --->   Operation 71 'icmp' 'icmp_ln148' <Predicate = true> <Delay = 0.99> <Core = "Cmp">   --->   Core 25 'Cmp' <Latency = 0> <II = 1> <Delay = 0.81> <FuncUnit> <Opcode : 'icmp'> <InPorts = 2> <OutPorts = 1>
ST_2 : Operation 72 [1/1] (0.44ns)   --->   "%select_ln148 = select i1 %icmp_ln148, i32 0, i32 %in_index" [firmware/nnet_utils/nnet_dense_resource.h:148->firmware/nnet_utils/nnet_dense_resource.h:255]   --->   Operation 72 'select' 'select_ln148' <Predicate = true> <Delay = 0.44> <Core = "Sel">   --->   Core 26 'Sel' <Latency = 0> <II = 1> <Delay = 0.44> <FuncUnit> <Opcode : 'select'> <InPorts = 3> <OutPorts = 1>
ST_2 : Operation 73 [1/1] (0.81ns)   --->   "%icmp_ln129 = icmp eq i7 %w_index30, -21" [firmware/nnet_utils/nnet_dense_resource.h:129->firmware/nnet_utils/nnet_dense_resource.h:255]   --->   Operation 73 'icmp' 'icmp_ln129' <Predicate = true> <Delay = 0.81> <Core = "Cmp">   --->   Core 25 'Cmp' <Latency = 0> <II = 1> <Delay = 0.81> <FuncUnit> <Opcode : 'icmp'> <InPorts = 2> <OutPorts = 1>
ST_2 : Operation 74 [1/1] (0.00ns)   --->   "br label %rewind_header"   --->   Operation 74 'br' <Predicate = (icmp_ln129)> <Delay = 0.00>

State 3 <SV = 2> <Delay = 3.77>
ST_3 : Operation 75 [1/2] (1.23ns)   --->   "%out_index = load i2* %outidx3_addr, align 1" [firmware/nnet_utils/nnet_dense_resource.h:133->firmware/nnet_utils/nnet_dense_resource.h:255]   --->   Operation 75 'load' 'out_index' <Predicate = true> <Delay = 1.23> <Core = "ROM_nP">   --->   Core 52 'ROM_nP' <Latency = 1> <II = 1> <Delay = 1.23> <Storage> <Opcode : 'load'> <Ports = 0> <Width = 6> <Depth = 108> <ROM>
ST_3 : Operation 76 [1/1] (0.00ns)   --->   "%UnifiedRetVal_i_i = phi i16 [ %kernel_data_V_0_load, %case0.i.i ], [ %kernel_data_V_1285_load, %case1.i.i ], [ %kernel_data_V_2286_load, %case2.i.i ], [ %kernel_data_V_3287_load, %case3.i.i ], [ %kernel_data_V_4_load, %case4.i.i ], [ %kernel_data_V_5_load, %case5.i.i ], [ %kernel_data_V_6_load, %case6.i.i ], [ %kernel_data_V_7_load, %case7.i.i ], [ %kernel_data_V_8_load, %case8.i.i ], [ %kernel_data_V_9_load, %case9.i.i ], [ %kernel_data_V_10_load, %case10.i.i ], [ %kernel_data_V_11_load, %case11.i.i ], [ %kernel_data_V_12_load, %case12.i.i ], [ %kernel_data_V_13_load, %case13.i.i ], [ %kernel_data_V_14_load, %case14.i.i ], [ %kernel_data_V_15_load, %case15.i.i ], [ %kernel_data_V_16_load, %case16.i.i ], [ %kernel_data_V_17_load, %case17.i.i ], [ %kernel_data_V_18_load, %case18.i.i ], [ %kernel_data_V_19_load, %case19.i.i ], [ %kernel_data_V_20_load, %case20.i.i ], [ %kernel_data_V_21_load, %case21.i.i ], [ %kernel_data_V_22_load, %case22.i.i ], [ %kernel_data_V_23_load, %case23.i.i ], [ %kernel_data_V_24_load, %case24.i.i ], [ %kernel_data_V_25_load, %case25.i.i ], [ %kernel_data_V_26_load, %case26.i.i ]" [aesl_mux_load.27i16P.i5:1->firmware/nnet_utils/nnet_dense_resource.h:139->firmware/nnet_utils/nnet_dense_resource.h:255]   --->   Operation 76 'phi' 'UnifiedRetVal_i_i' <Predicate = true> <Delay = 0.00>
ST_3 : Operation 77 [1/2] (1.23ns)   --->   "%w2_V_load = load i6* %w2_V_addr, align 1" [firmware/nnet_utils/nnet_dense_resource.h:139->firmware/nnet_utils/nnet_dense_resource.h:255]   --->   Operation 77 'load' 'w2_V_load' <Predicate = true> <Delay = 1.23> <Core = "ROM_nP">   --->   Core 52 'ROM_nP' <Latency = 1> <II = 1> <Delay = 1.23> <Storage> <Opcode : 'load'> <Ports = 0> <Width = 6> <Depth = 108> <ROM>
ST_3 : Operation 78 [1/1] (0.00ns)   --->   "%sext_ln728 = sext i16 %UnifiedRetVal_i_i to i20" [firmware/nnet_utils/nnet_dense_resource.h:139->firmware/nnet_utils/nnet_dense_resource.h:255]   --->   Operation 78 'sext' 'sext_ln728' <Predicate = true> <Delay = 0.00>
ST_3 : Operation 79 [1/1] (0.00ns)   --->   "%sext_ln728_13 = sext i6 %w2_V_load to i20" [firmware/nnet_utils/nnet_dense_resource.h:139->firmware/nnet_utils/nnet_dense_resource.h:255]   --->   Operation 79 'sext' 'sext_ln728_13' <Predicate = true> <Delay = 0.00>
ST_3 : Operation 80 [1/1] (2.53ns) (root node of the DSP)   --->   "%mul_ln728 = mul i20 %sext_ln728_13, %sext_ln728" [firmware/nnet_utils/nnet_dense_resource.h:139->firmware/nnet_utils/nnet_dense_resource.h:255]   --->   Operation 80 'mul' 'mul_ln728' <Predicate = true> <Delay = 2.53> <Core = "DSP48">   --->   Core 88 'DSP48' <Latency = 0> <II = 1> <Delay = 2.53> <IPBlock> <Opcode : 'mul' 'add' 'sub' 'select'> <InPorts = 2> <OutPorts = 1> <Sync> <CReg>

State 4 <SV = 3> <Delay = 2.12>
ST_4 : Operation 81 [1/1] (0.00ns)   --->   "%do_init = phi i1 [ true, %entry ], [ false, %ReuseLoop_end ], [ true, %"dense_resource<ap_fixed<16, 6, 5, 3, 0>, ap_fixed<16, 6, 5, 3, 0>, config2_mult>.exit" ]"   --->   Operation 81 'phi' 'do_init' <Predicate = true> <Delay = 0.00>
ST_4 : Operation 82 [1/1] (0.00ns)   --->   "%p_Val2_20_0_i28 = phi i32 [ -18432, %entry ], [ %p_Val2_20_01_i, %ReuseLoop_end ], [ -18432, %"dense_resource<ap_fixed<16, 6, 5, 3, 0>, ap_fixed<16, 6, 5, 3, 0>, config2_mult>.exit" ]" [firmware/nnet_utils/nnet_dense_resource.h:139->firmware/nnet_utils/nnet_dense_resource.h:255]   --->   Operation 82 'phi' 'p_Val2_20_0_i28' <Predicate = true> <Delay = 0.00>
ST_4 : Operation 83 [1/1] (0.00ns)   --->   "%p_Val2_20_1_i26 = phi i32 [ 0, %entry ], [ %p_Val2_20_13_i, %ReuseLoop_end ], [ 0, %"dense_resource<ap_fixed<16, 6, 5, 3, 0>, ap_fixed<16, 6, 5, 3, 0>, config2_mult>.exit" ]" [firmware/nnet_utils/nnet_dense_resource.h:139->firmware/nnet_utils/nnet_dense_resource.h:255]   --->   Operation 83 'phi' 'p_Val2_20_1_i26' <Predicate = true> <Delay = 0.00>
ST_4 : Operation 84 [1/1] (0.00ns)   --->   "%p_Val2_20_2_i24 = phi i32 [ 6144, %entry ], [ %p_Val2_20_25_i, %ReuseLoop_end ], [ 6144, %"dense_resource<ap_fixed<16, 6, 5, 3, 0>, ap_fixed<16, 6, 5, 3, 0>, config2_mult>.exit" ]" [firmware/nnet_utils/nnet_dense_resource.h:139->firmware/nnet_utils/nnet_dense_resource.h:255]   --->   Operation 84 'phi' 'p_Val2_20_2_i24' <Predicate = true> <Delay = 0.00>
ST_4 : Operation 85 [1/1] (0.00ns)   --->   "%p_Val2_20_3_i22 = phi i32 [ 12288, %entry ], [ %p_Val2_20_37_i, %ReuseLoop_end ], [ 12288, %"dense_resource<ap_fixed<16, 6, 5, 3, 0>, ap_fixed<16, 6, 5, 3, 0>, config2_mult>.exit" ]" [firmware/nnet_utils/nnet_dense_resource.h:139->firmware/nnet_utils/nnet_dense_resource.h:255]   --->   Operation 85 'phi' 'p_Val2_20_3_i22' <Predicate = true> <Delay = 0.00>
ST_4 : Operation 86 [1/1] (0.00ns)   --->   "%acc_0_V_020 = phi i32 [ -18432, %entry ], [ %acc_0_V_1, %ReuseLoop_end ], [ -18432, %"dense_resource<ap_fixed<16, 6, 5, 3, 0>, ap_fixed<16, 6, 5, 3, 0>, config2_mult>.exit" ]" [firmware/nnet_utils/nnet_dense_resource.h:139->firmware/nnet_utils/nnet_dense_resource.h:255]   --->   Operation 86 'phi' 'acc_0_V_020' <Predicate = true> <Delay = 0.00>
ST_4 : Operation 87 [1/1] (0.00ns)   --->   "%acc_1_V_019 = phi i32 [ 0, %entry ], [ %acc_1_V_1, %ReuseLoop_end ], [ 0, %"dense_resource<ap_fixed<16, 6, 5, 3, 0>, ap_fixed<16, 6, 5, 3, 0>, config2_mult>.exit" ]" [firmware/nnet_utils/nnet_dense_resource.h:139->firmware/nnet_utils/nnet_dense_resource.h:255]   --->   Operation 87 'phi' 'acc_1_V_019' <Predicate = true> <Delay = 0.00>
ST_4 : Operation 88 [1/1] (0.00ns)   --->   "%acc_2_V_018 = phi i32 [ 6144, %entry ], [ %acc_2_V_1, %ReuseLoop_end ], [ 6144, %"dense_resource<ap_fixed<16, 6, 5, 3, 0>, ap_fixed<16, 6, 5, 3, 0>, config2_mult>.exit" ]" [firmware/nnet_utils/nnet_dense_resource.h:139->firmware/nnet_utils/nnet_dense_resource.h:255]   --->   Operation 88 'phi' 'acc_2_V_018' <Predicate = true> <Delay = 0.00>
ST_4 : Operation 89 [1/1] (0.00ns)   --->   "%acc_3_V_017 = phi i32 [ 12288, %entry ], [ %acc_3_V_1, %ReuseLoop_end ], [ 12288, %"dense_resource<ap_fixed<16, 6, 5, 3, 0>, ap_fixed<16, 6, 5, 3, 0>, config2_mult>.exit" ]" [firmware/nnet_utils/nnet_dense_resource.h:139->firmware/nnet_utils/nnet_dense_resource.h:255]   --->   Operation 89 'phi' 'acc_3_V_017' <Predicate = true> <Delay = 0.00>
ST_4 : Operation 90 [1/1] (0.00ns)   --->   "br i1 %do_init, label %rewind_init, label %ReuseLoop_begin"   --->   Operation 90 'br' <Predicate = true> <Delay = 0.00>
ST_4 : Operation 91 [1/1] (0.00ns)   --->   "br label %ReuseLoop_begin" [firmware/nnet_utils/nnet_dense_resource.h:129->firmware/nnet_utils/nnet_dense_resource.h:255]   --->   Operation 91 'br' <Predicate = (do_init)> <Delay = 0.00>
ST_4 : Operation 92 [1/1] (0.00ns)   --->   "call void (...)* @_ssdm_op_SpecLoopName([10 x i8]* @p_str32) nounwind" [firmware/nnet_utils/nnet_dense_resource.h:129->firmware/nnet_utils/nnet_dense_resource.h:255]   --->   Operation 92 'specloopname' <Predicate = true> <Delay = 0.00>
ST_4 : Operation 93 [1/1] (0.00ns)   --->   "%tmp_i = call i32 (...)* @_ssdm_op_SpecRegionBegin([10 x i8]* @p_str32)" [firmware/nnet_utils/nnet_dense_resource.h:129->firmware/nnet_utils/nnet_dense_resource.h:255]   --->   Operation 93 'specregionbegin' 'tmp_i' <Predicate = true> <Delay = 0.00>
ST_4 : Operation 94 [1/1] (0.00ns)   --->   "call void (...)* @_ssdm_op_SpecPipeline(i32 1, i32 1, i32 1, i32 0, [1 x i8]* @p_str10) nounwind" [firmware/nnet_utils/nnet_dense_resource.h:130->firmware/nnet_utils/nnet_dense_resource.h:255]   --->   Operation 94 'specpipeline' <Predicate = true> <Delay = 0.00>
ST_4 : Operation 95 [1/1] (0.00ns)   --->   "%shl_ln = call i21 @_ssdm_op_BitConcatenate.i21.i20.i1(i20 %mul_ln728, i1 false)" [firmware/nnet_utils/nnet_dense_resource.h:139->firmware/nnet_utils/nnet_dense_resource.h:255]   --->   Operation 95 'bitconcatenate' 'shl_ln' <Predicate = true> <Delay = 0.00>
ST_4 : Operation 96 [1/1] (0.00ns)   --->   "%sext_ln728_14 = sext i21 %shl_ln to i32" [firmware/nnet_utils/nnet_dense_resource.h:139->firmware/nnet_utils/nnet_dense_resource.h:255]   --->   Operation 96 'sext' 'sext_ln728_14' <Predicate = true> <Delay = 0.00>
ST_4 : Operation 97 [1/1] (0.39ns)   --->   "%tmp = call i32 @_ssdm_op_Mux.ap_auto.4i32.i2(i32 %acc_0_V_020, i32 %acc_1_V_019, i32 %acc_2_V_018, i32 %acc_3_V_017, i2 %out_index)" [firmware/nnet_utils/nnet_dense_resource.h:139->firmware/nnet_utils/nnet_dense_resource.h:255]   --->   Operation 97 'mux' 'tmp' <Predicate = true> <Delay = 0.39> <Core = "MuxnS">   --->   Core 31 'MuxnS' <Latency = 0> <II = 1> <Delay = 0.39> <FuncUnit> <Opcode : 'mux'> <InPorts = 2> <OutPorts = 1>
ST_4 : Operation 98 [1/1] (1.01ns)   --->   "%acc_0_V = add i32 %sext_ln728_14, %tmp" [firmware/nnet_utils/nnet_dense_resource.h:139->firmware/nnet_utils/nnet_dense_resource.h:255]   --->   Operation 98 'add' 'acc_0_V' <Predicate = true> <Delay = 1.01> <Core = "AddSub">   --->   Core 14 'AddSub' <Latency = 0> <II = 1> <Delay = 1.01> <FuncUnit> <Opcode : 'add' 'sub'> <InPorts = 2> <OutPorts = 1>
ST_4 : Operation 99 [1/1] (0.72ns)   --->   "switch i2 %out_index, label %branch3.i [
    i2 0, label %ReuseLoop_end
    i2 1, label %branch1.i
    i2 -2, label %branch2.i
  ]" [firmware/nnet_utils/nnet_dense_resource.h:139->firmware/nnet_utils/nnet_dense_resource.h:255]   --->   Operation 99 'switch' <Predicate = true> <Delay = 0.72>
ST_4 : Operation 100 [1/1] (0.65ns)   --->   "br label %ReuseLoop_end" [firmware/nnet_utils/nnet_dense_resource.h:139->firmware/nnet_utils/nnet_dense_resource.h:255]   --->   Operation 100 'br' <Predicate = (out_index == 2)> <Delay = 0.65>
ST_4 : Operation 101 [1/1] (0.65ns)   --->   "br label %ReuseLoop_end" [firmware/nnet_utils/nnet_dense_resource.h:139->firmware/nnet_utils/nnet_dense_resource.h:255]   --->   Operation 101 'br' <Predicate = (out_index == 1)> <Delay = 0.65>
ST_4 : Operation 102 [1/1] (0.65ns)   --->   "br label %ReuseLoop_end" [firmware/nnet_utils/nnet_dense_resource.h:139->firmware/nnet_utils/nnet_dense_resource.h:255]   --->   Operation 102 'br' <Predicate = (out_index == 3)> <Delay = 0.65>
ST_4 : Operation 103 [1/1] (0.00ns)   --->   "%acc_3_V_1 = phi i32 [ %acc_0_V, %branch3.i ], [ %acc_3_V_017, %branch2.i ], [ %acc_3_V_017, %branch1.i ], [ %acc_3_V_017, %aesl_mux_load.27i16P.i5.exit ]"   --->   Operation 103 'phi' 'acc_3_V_1' <Predicate = true> <Delay = 0.00>
ST_4 : Operation 104 [1/1] (0.00ns)   --->   "%acc_2_V_1 = phi i32 [ %acc_2_V_018, %branch3.i ], [ %acc_0_V, %branch2.i ], [ %acc_2_V_018, %branch1.i ], [ %acc_2_V_018, %aesl_mux_load.27i16P.i5.exit ]"   --->   Operation 104 'phi' 'acc_2_V_1' <Predicate = true> <Delay = 0.00>
ST_4 : Operation 105 [1/1] (0.00ns)   --->   "%acc_1_V_1 = phi i32 [ %acc_1_V_019, %branch3.i ], [ %acc_1_V_019, %branch2.i ], [ %acc_0_V, %branch1.i ], [ %acc_1_V_019, %aesl_mux_load.27i16P.i5.exit ]"   --->   Operation 105 'phi' 'acc_1_V_1' <Predicate = true> <Delay = 0.00>
ST_4 : Operation 106 [1/1] (0.00ns)   --->   "%acc_0_V_1 = phi i32 [ %acc_0_V_020, %branch3.i ], [ %acc_0_V_020, %branch2.i ], [ %acc_0_V_020, %branch1.i ], [ %acc_0_V, %aesl_mux_load.27i16P.i5.exit ]"   --->   Operation 106 'phi' 'acc_0_V_1' <Predicate = true> <Delay = 0.00>
ST_4 : Operation 107 [1/1] (0.00ns)   --->   "%p_Val2_20_37_i = phi i32 [ %acc_0_V, %branch3.i ], [ %p_Val2_20_3_i22, %branch2.i ], [ %p_Val2_20_3_i22, %branch1.i ], [ %p_Val2_20_3_i22, %aesl_mux_load.27i16P.i5.exit ]"   --->   Operation 107 'phi' 'p_Val2_20_37_i' <Predicate = true> <Delay = 0.00>
ST_4 : Operation 108 [1/1] (0.00ns)   --->   "%p_Val2_20_25_i = phi i32 [ %p_Val2_20_2_i24, %branch3.i ], [ %acc_0_V, %branch2.i ], [ %p_Val2_20_2_i24, %branch1.i ], [ %p_Val2_20_2_i24, %aesl_mux_load.27i16P.i5.exit ]"   --->   Operation 108 'phi' 'p_Val2_20_25_i' <Predicate = true> <Delay = 0.00>
ST_4 : Operation 109 [1/1] (0.00ns)   --->   "%p_Val2_20_13_i = phi i32 [ %p_Val2_20_1_i26, %branch3.i ], [ %p_Val2_20_1_i26, %branch2.i ], [ %acc_0_V, %branch1.i ], [ %p_Val2_20_1_i26, %aesl_mux_load.27i16P.i5.exit ]"   --->   Operation 109 'phi' 'p_Val2_20_13_i' <Predicate = true> <Delay = 0.00>
ST_4 : Operation 110 [1/1] (0.00ns)   --->   "%p_Val2_20_01_i = phi i32 [ %p_Val2_20_0_i28, %branch3.i ], [ %p_Val2_20_0_i28, %branch2.i ], [ %p_Val2_20_0_i28, %branch1.i ], [ %acc_0_V, %aesl_mux_load.27i16P.i5.exit ]"   --->   Operation 110 'phi' 'p_Val2_20_01_i' <Predicate = true> <Delay = 0.00>
ST_4 : Operation 111 [1/1] (0.00ns)   --->   "%empty = call i32 (...)* @_ssdm_op_SpecRegionEnd([10 x i8]* @p_str32, i32 %tmp_i)" [firmware/nnet_utils/nnet_dense_resource.h:152->firmware/nnet_utils/nnet_dense_resource.h:255]   --->   Operation 111 'specregionend' 'empty' <Predicate = true> <Delay = 0.00>
ST_4 : Operation 112 [1/1] (0.00ns)   --->   "%empty_104 = call i32 (...)* @_ssdm_op_SpecLoopTripCount(i64 108, i64 108, i64 108)"   --->   Operation 112 'speclooptripcount' 'empty_104' <Predicate = true> <Delay = 0.00>
ST_4 : Operation 113 [1/1] (0.00ns)   --->   "br i1 %icmp_ln129, label %"dense_resource<ap_fixed<16, 6, 5, 3, 0>, ap_fixed<16, 6, 5, 3, 0>, config2_mult>.exit", label %rewind_header" [firmware/nnet_utils/nnet_dense_resource.h:129->firmware/nnet_utils/nnet_dense_resource.h:255]   --->   Operation 113 'br' <Predicate = true> <Delay = 0.00>
ST_4 : Operation 114 [1/1] (0.00ns)   --->   "%res_0_V_write_assign = call i16 @_ssdm_op_PartSelect.i16.i32.i32.i32(i32 %p_Val2_20_01_i, i32 6, i32 21)" [firmware/nnet_utils/nnet_mult.h:111->firmware/nnet_utils/nnet_dense_resource.h:158->firmware/nnet_utils/nnet_dense_resource.h:255]   --->   Operation 114 'partselect' 'res_0_V_write_assign' <Predicate = (icmp_ln129)> <Delay = 0.00>
ST_4 : Operation 115 [1/1] (0.00ns)   --->   "%res_1_V_write_assign = call i16 @_ssdm_op_PartSelect.i16.i32.i32.i32(i32 %p_Val2_20_13_i, i32 6, i32 21)" [firmware/nnet_utils/nnet_mult.h:111->firmware/nnet_utils/nnet_dense_resource.h:158->firmware/nnet_utils/nnet_dense_resource.h:255]   --->   Operation 115 'partselect' 'res_1_V_write_assign' <Predicate = (icmp_ln129)> <Delay = 0.00>
ST_4 : Operation 116 [1/1] (0.00ns)   --->   "%res_2_V_write_assign = call i16 @_ssdm_op_PartSelect.i16.i32.i32.i32(i32 %p_Val2_20_25_i, i32 6, i32 21)" [firmware/nnet_utils/nnet_mult.h:111->firmware/nnet_utils/nnet_dense_resource.h:158->firmware/nnet_utils/nnet_dense_resource.h:255]   --->   Operation 116 'partselect' 'res_2_V_write_assign' <Predicate = (icmp_ln129)> <Delay = 0.00>
ST_4 : Operation 117 [1/1] (0.00ns)   --->   "%res_3_V_write_assign = call i16 @_ssdm_op_PartSelect.i16.i32.i32.i32(i32 %p_Val2_20_37_i, i32 6, i32 21)" [firmware/nnet_utils/nnet_mult.h:111->firmware/nnet_utils/nnet_dense_resource.h:158->firmware/nnet_utils/nnet_dense_resource.h:255]   --->   Operation 117 'partselect' 'res_3_V_write_assign' <Predicate = (icmp_ln129)> <Delay = 0.00>
ST_4 : Operation 118 [1/1] (0.00ns)   --->   "%mrv_i = insertvalue { i16, i16, i16, i16 } undef, i16 %res_0_V_write_assign, 0" [firmware/nnet_utils/nnet_dense_resource.h:259]   --->   Operation 118 'insertvalue' 'mrv_i' <Predicate = (icmp_ln129)> <Delay = 0.00>
ST_4 : Operation 119 [1/1] (0.00ns)   --->   "%mrv_1_i = insertvalue { i16, i16, i16, i16 } %mrv_i, i16 %res_1_V_write_assign, 1" [firmware/nnet_utils/nnet_dense_resource.h:259]   --->   Operation 119 'insertvalue' 'mrv_1_i' <Predicate = (icmp_ln129)> <Delay = 0.00>
ST_4 : Operation 120 [1/1] (0.00ns)   --->   "%mrv_2_i = insertvalue { i16, i16, i16, i16 } %mrv_1_i, i16 %res_2_V_write_assign, 2" [firmware/nnet_utils/nnet_dense_resource.h:259]   --->   Operation 120 'insertvalue' 'mrv_2_i' <Predicate = (icmp_ln129)> <Delay = 0.00>
ST_4 : Operation 121 [1/1] (0.00ns)   --->   "%mrv_3_i = insertvalue { i16, i16, i16, i16 } %mrv_2_i, i16 %res_3_V_write_assign, 3" [firmware/nnet_utils/nnet_dense_resource.h:259]   --->   Operation 121 'insertvalue' 'mrv_3_i' <Predicate = (icmp_ln129)> <Delay = 0.00>
ST_4 : Operation 122 [1/1] (0.00ns)   --->   "call void (...)* @_ssdm_op_Return({ i16, i16, i16, i16 } %mrv_3_i)" [firmware/nnet_utils/nnet_dense_resource.h:259]   --->   Operation 122 'return' <Predicate = (icmp_ln129)> <Delay = 0.00>


============================================================
+ Verbose Summary: Timing violations
============================================================
Target clock period: 5ns, clock uncertainty: 0.625ns.

 <State 1>: 0.656ns
The critical path consists of the following:
	multiplexor before 'phi' operation ('do_init') [35]  (0.656 ns)

 <State 2>: 2.46ns
The critical path consists of the following:
	'phi' operation ('in_index_0_i_i29', firmware/nnet_utils/nnet_dense_resource.h:148->firmware/nnet_utils/nnet_dense_resource.h:255) with incoming values : ('select_ln148', firmware/nnet_utils/nnet_dense_resource.h:148->firmware/nnet_utils/nnet_dense_resource.h:255) [37]  (0 ns)
	'add' operation ('in_index', firmware/nnet_utils/nnet_dense_resource.h:147->firmware/nnet_utils/nnet_dense_resource.h:255) [167]  (1.02 ns)
	'icmp' operation ('icmp_ln148', firmware/nnet_utils/nnet_dense_resource.h:148->firmware/nnet_utils/nnet_dense_resource.h:255) [168]  (0.991 ns)
	'select' operation ('select_ln148', firmware/nnet_utils/nnet_dense_resource.h:148->firmware/nnet_utils/nnet_dense_resource.h:255) [169]  (0.449 ns)

 <State 3>: 3.77ns
The critical path consists of the following:
	'load' operation ('w2_V_load', firmware/nnet_utils/nnet_dense_resource.h:139->firmware/nnet_utils/nnet_dense_resource.h:255) on array 'w2_V' [143]  (1.24 ns)
	'mul' operation of DSP[146] ('mul_ln728', firmware/nnet_utils/nnet_dense_resource.h:139->firmware/nnet_utils/nnet_dense_resource.h:255) [146]  (2.53 ns)

 <State 4>: 2.13ns
The critical path consists of the following:
	'phi' operation ('acc_0_V_020', firmware/nnet_utils/nnet_dense_resource.h:139->firmware/nnet_utils/nnet_dense_resource.h:255) with incoming values : ('acc[0].V', firmware/nnet_utils/nnet_dense_resource.h:139->firmware/nnet_utils/nnet_dense_resource.h:255) [42]  (0 ns)
	'mux' operation ('tmp', firmware/nnet_utils/nnet_dense_resource.h:139->firmware/nnet_utils/nnet_dense_resource.h:255) [149]  (0.392 ns)
	'add' operation ('acc[0].V', firmware/nnet_utils/nnet_dense_resource.h:139->firmware/nnet_utils/nnet_dense_resource.h:255) [150]  (1.02 ns)
	multiplexor before 'phi' operation ('acc[0].V') with incoming values : ('acc[0].V', firmware/nnet_utils/nnet_dense_resource.h:139->firmware/nnet_utils/nnet_dense_resource.h:255) [166]  (0.721 ns)
	'phi' operation ('acc[0].V') with incoming values : ('acc[0].V', firmware/nnet_utils/nnet_dense_resource.h:139->firmware/nnet_utils/nnet_dense_resource.h:255) [166]  (0 ns)


============================================================
+ Verbose Summary: Binding
============================================================
N/A
* FSMD analyzer results:
  - Output states:
 - Input state : 
  - Chain level:
	State 1
	State 2
	State 3
	State 4


============================================================
+ Verbose Summary: Datapath Resource usage 
============================================================
N/A
