

================================================================
== Vivado HLS Report for 'Loop_1_proc346'
================================================================
* Date:           Tue Apr  9 23:30:44 2024

* Version:        2019.2 (Build 2704478 on Wed Nov 06 22:10:23 MST 2019)
* Project:        myproject_prj
* Solution:       solution1
* Product family: zynq
* Target device:  xc7z020-clg400-1


================================================================
== Performance Estimates
================================================================
+ Timing: 
    * Summary: 
    +--------+---------+----------+------------+
    |  Clock |  Target | Estimated| Uncertainty|
    +--------+---------+----------+------------+
    |ap_clk  | 5.00 ns | 4.234 ns |   0.62 ns  |
    +--------+---------+----------+------------+

+ Latency: 
    * Summary: 
    +---------+---------+----------+----------+--------+--------+---------+
    |  Latency (cycles) |  Latency (absolute) |     Interval    | Pipeline|
    |   min   |   max   |    min   |    max   |   min  |   max  |   Type  |
    +---------+---------+----------+----------+--------+--------+---------+
    |   118785|   118785| 0.594 ms | 0.594 ms |  118785|  118785|   none  |
    +---------+---------+----------+----------+--------+--------+---------+

    + Detail: 
        * Instance: 
        N/A

        * Loop: 
        +-------------+---------+---------+----------+-----------+-----------+------+----------+
        |             |  Latency (cycles) | Iteration|  Initiation Interval  | Trip |          |
        |  Loop Name  |   min   |   max   |  Latency |  achieved |   target  | Count| Pipelined|
        +-------------+---------+---------+----------+-----------+-----------+------+----------+
        |- Loop 1     |   118784|   118784|        29|          -|          -|  4096|    no    |
        | + Loop 1.1  |       27|       27|         9|          -|          -|     3|    no    |
        +-------------+---------+---------+----------+-----------+-----------+------+----------+

============================================================
+ Verbose Summary: Synthesis Manager
============================================================
InlineROM: 1
ExposeGlobal: 0
============================================================
+ Verbose Summary: CDFG Model
============================================================
IsTopModel: 0
ResetActiveHigh: 1
IsCombinational: 2
IsDatapathOnly: 0
HasWiredReturn: 1
HasMFsm: 0
HasVarLatency: 1
IsPipeline: 0
IsRtlPipelined: 0
IsInstanceOverlapped: 0
IsDontTouch: 0
HasImplIP: 0
IsGatedGlobalClock: 0


============================================================
+ Verbose Summary: Schedule
============================================================
* Number of FSM states : 11
* Pipeline : 0
* Dataflow Pipeline: 0

* FSM state transitions: 
1 --> 2 
2 --> 3 
3 --> 4 2 
4 --> 5 
5 --> 6 
6 --> 7 
7 --> 8 
8 --> 9 
9 --> 10 
10 --> 11 
11 --> 3 

* FSM state operations: 

State 1 <SV = 0> <Delay = 1.76>
ST_1 : Operation 12 [1/1] (0.00ns)   --->   "%is_last_1 = alloca i1"   --->   Operation 12 'alloca' 'is_last_1' <Predicate = true> <Delay = 0.00>
ST_1 : Operation 13 [1/1] (0.00ns)   --->   "%ctype_data_V = alloca i48"   --->   Operation 13 'alloca' 'ctype_data_V' <Predicate = true> <Delay = 0.00>
ST_1 : Operation 14 [1/1] (0.00ns)   --->   "call void (...)* @_ssdm_op_SpecInterface(i1* %in_last_V, float* %in_data, [5 x i8]* @p_str4, i32 1, i32 1, [5 x i8]* @p_str1, i32 0, i32 0, [1 x i8]* @p_str2, [1 x i8]* @p_str2, [1 x i8]* @p_str2, i32 0, i32 0, i32 0, i32 0, [1 x i8]* @p_str2, [1 x i8]* @p_str2)"   --->   Operation 14 'specinterface' <Predicate = true> <Delay = 0.00>
ST_1 : Operation 15 [1/1] (0.00ns)   --->   "call void (...)* @_ssdm_op_SpecInterface(i16* %in_local_V_data_2_V, [8 x i8]* @ap_fifo_str, i32 0, i32 0, [1 x i8]* @p_str, i32 0, i32 0, [1 x i8]* @p_str, [1 x i8]* @p_str, [1 x i8]* @p_str, i32 2, i32 2, i32 16, i32 16, [1 x i8]* @p_str, [1 x i8]* @p_str)"   --->   Operation 15 'specinterface' <Predicate = true> <Delay = 0.00>
ST_1 : Operation 16 [1/1] (0.00ns)   --->   "call void (...)* @_ssdm_op_SpecInterface(i16* %in_local_V_data_1_V, [8 x i8]* @ap_fifo_str, i32 0, i32 0, [1 x i8]* @p_str, i32 0, i32 0, [1 x i8]* @p_str, [1 x i8]* @p_str, [1 x i8]* @p_str, i32 2, i32 2, i32 16, i32 16, [1 x i8]* @p_str, [1 x i8]* @p_str)"   --->   Operation 16 'specinterface' <Predicate = true> <Delay = 0.00>
ST_1 : Operation 17 [1/1] (0.00ns)   --->   "call void (...)* @_ssdm_op_SpecInterface(i16* %in_local_V_data_0_V, [8 x i8]* @ap_fifo_str, i32 0, i32 0, [1 x i8]* @p_str, i32 0, i32 0, [1 x i8]* @p_str, [1 x i8]* @p_str, [1 x i8]* @p_str, i32 2, i32 2, i32 16, i32 16, [1 x i8]* @p_str, [1 x i8]* @p_str)"   --->   Operation 17 'specinterface' <Predicate = true> <Delay = 0.00>
ST_1 : Operation 18 [1/1] (1.76ns)   --->   "store i1 false, i1* %is_last_1"   --->   Operation 18 'store' <Predicate = true> <Delay = 1.76>
ST_1 : Operation 19 [1/1] (1.76ns)   --->   "br label %0"   --->   Operation 19 'br' <Predicate = true> <Delay = 1.76>

State 2 <SV = 1> <Delay = 2.09>
ST_2 : Operation 20 [1/1] (0.00ns)   --->   "%i_0_i = phi i13 [ 0, %newFuncRoot ], [ %i, %hls_label_0_end ]"   --->   Operation 20 'phi' 'i_0_i' <Predicate = true> <Delay = 0.00>
ST_2 : Operation 21 [1/1] (2.09ns)   --->   "%icmp_ln17 = icmp eq i13 %i_0_i, -4096" [firmware/myproject_axi.cpp:17]   --->   Operation 21 'icmp' 'icmp_ln17' <Predicate = true> <Delay = 2.09> <Core = "Cmp">   --->   Core 25 'Cmp' <Latency = 0> <II = 1> <Delay = 1.42> <FuncUnit> <Opcode : 'icmp'> <InPorts = 2> <OutPorts = 1>
ST_2 : Operation 22 [1/1] (0.00ns)   --->   "%empty = call i32 (...)* @_ssdm_op_SpecLoopTripCount(i64 4096, i64 4096, i64 4096)"   --->   Operation 22 'speclooptripcount' 'empty' <Predicate = true> <Delay = 0.00>
ST_2 : Operation 23 [1/1] (1.67ns)   --->   "%i = add i13 %i_0_i, 1" [firmware/myproject_axi.cpp:17]   --->   Operation 23 'add' 'i' <Predicate = true> <Delay = 1.67> <Core = "AddSub">   --->   Core 14 'AddSub' <Latency = 0> <II = 1> <Delay = 1.82> <FuncUnit> <Opcode : 'add' 'sub'> <InPorts = 2> <OutPorts = 1>
ST_2 : Operation 24 [1/1] (0.00ns)   --->   "br i1 %icmp_ln17, label %myproject_axi_.exit.exitStub, label %hls_label_0_begin" [firmware/myproject_axi.cpp:17]   --->   Operation 24 'br' <Predicate = true> <Delay = 0.00>
ST_2 : Operation 25 [1/1] (0.00ns)   --->   "%tmp = call i32 (...)* @_ssdm_op_SpecRegionBegin([12 x i8]* @p_str6)" [firmware/myproject_axi.cpp:17]   --->   Operation 25 'specregionbegin' 'tmp' <Predicate = (!icmp_ln17)> <Delay = 0.00>
ST_2 : Operation 26 [1/1] (1.76ns)   --->   "br label %1" [firmware/myproject_axi.cpp:20]   --->   Operation 26 'br' <Predicate = (!icmp_ln17)> <Delay = 1.76>
ST_2 : Operation 27 [1/1] (0.00ns)   --->   "%is_last_1_load = load i1* %is_last_1"   --->   Operation 27 'load' 'is_last_1_load' <Predicate = (icmp_ln17)> <Delay = 0.00>
ST_2 : Operation 28 [1/1] (0.00ns)   --->   "ret i1 %is_last_1_load"   --->   Operation 28 'ret' <Predicate = (icmp_ln17)> <Delay = 0.00>

State 3 <SV = 2> <Delay = 3.69>
ST_3 : Operation 29 [1/1] (0.00ns)   --->   "%j_0_i = phi i2 [ 0, %hls_label_0_begin ], [ %j, %_ifconv ]"   --->   Operation 29 'phi' 'j_0_i' <Predicate = true> <Delay = 0.00>
ST_3 : Operation 30 [1/1] (0.95ns)   --->   "%icmp_ln20 = icmp eq i2 %j_0_i, -1" [firmware/myproject_axi.cpp:20]   --->   Operation 30 'icmp' 'icmp_ln20' <Predicate = true> <Delay = 0.95> <Core = "Cmp">   --->   Core 25 'Cmp' <Latency = 0> <II = 1> <Delay = 1.42> <FuncUnit> <Opcode : 'icmp'> <InPorts = 2> <OutPorts = 1>
ST_3 : Operation 31 [1/1] (0.00ns)   --->   "%empty_217 = call i32 (...)* @_ssdm_op_SpecLoopTripCount(i64 3, i64 3, i64 3)"   --->   Operation 31 'speclooptripcount' 'empty_217' <Predicate = true> <Delay = 0.00>
ST_3 : Operation 32 [1/1] (1.56ns)   --->   "%j = add i2 %j_0_i, 1" [firmware/myproject_axi.cpp:20]   --->   Operation 32 'add' 'j' <Predicate = true> <Delay = 1.56> <Core = "AddSub">   --->   Core 14 'AddSub' <Latency = 0> <II = 1> <Delay = 1.82> <FuncUnit> <Opcode : 'add' 'sub'> <InPorts = 2> <OutPorts = 1>
ST_3 : Operation 33 [1/1] (0.00ns)   --->   "br i1 %icmp_ln20, label %hls_label_0_end, label %_ifconv" [firmware/myproject_axi.cpp:20]   --->   Operation 33 'br' <Predicate = true> <Delay = 0.00>
ST_3 : Operation 34 [1/1] (0.00ns)   --->   "%is_last_1_load_1 = load i1* %is_last_1" [firmware/myproject_axi.cpp:22]   --->   Operation 34 'load' 'is_last_1_load_1' <Predicate = (!icmp_ln20)> <Delay = 0.00>
ST_3 : Operation 35 [1/1] (0.00ns)   --->   "%empty_218 = call { i1, float } @_ssdm_op_Read.axis.volatile.i1P.floatP(i1* %in_last_V, float* %in_data)" [firmware/myproject_axi.cpp:22]   --->   Operation 35 'read' 'empty_218' <Predicate = (!icmp_ln20)> <Delay = 0.00> <Core = "AXI4Stream">   --->   Core 5 'AXI4Stream' <Latency = 0> <II = 1> <Delay = 1.00> <Adapter> <Opcode : >
ST_3 : Operation 36 [1/1] (0.00ns) (grouped into LUT with out node is_last)   --->   "%in_last_V_tmp = extractvalue { i1, float } %empty_218, 0" [firmware/myproject_axi.cpp:22]   --->   Operation 36 'extractvalue' 'in_last_V_tmp' <Predicate = (!icmp_ln20)> <Delay = 0.00>
ST_3 : Operation 37 [1/1] (0.00ns)   --->   "%in_data_tmp = extractvalue { i1, float } %empty_218, 1" [firmware/myproject_axi.cpp:22]   --->   Operation 37 'extractvalue' 'in_data_tmp' <Predicate = (!icmp_ln20)> <Delay = 0.00>
ST_3 : Operation 38 [3/3] (3.69ns)   --->   "%d_assign = fpext float %in_data_tmp to double" [firmware/myproject_axi.cpp:21]   --->   Operation 38 'fpext' 'd_assign' <Predicate = (!icmp_ln20)> <Delay = 3.69> <Core = "Float2Double">   --->   Core 114 'Float2Double' <Latency = 2> <II = 1> <Delay = 3.69> <FuncUnit> <Opcode : 'fpext'> <InPorts = 1> <OutPorts = 1>
ST_3 : Operation 39 [1/1] (0.97ns) (out node of the LUT)   --->   "%is_last = or i1 %in_last_V_tmp, %is_last_1_load_1" [firmware/myproject_axi.cpp:22]   --->   Operation 39 'or' 'is_last' <Predicate = (!icmp_ln20)> <Delay = 0.97> <Core = "LogicGate">   --->   Core 27 'LogicGate' <Latency = 0> <II = 1> <Delay = 0.97> <FuncUnit> <Opcode : 'and' 'or' 'xor'> <InPorts = 2> <OutPorts = 1>
ST_3 : Operation 40 [1/1] (1.76ns)   --->   "store i1 %is_last, i1* %is_last_1" [firmware/myproject_axi.cpp:20]   --->   Operation 40 'store' <Predicate = (!icmp_ln20)> <Delay = 1.76>
ST_3 : Operation 41 [1/1] (0.00ns)   --->   "%ctype_data_V_load = load i48* %ctype_data_V" [firmware/myproject_axi.cpp:24]   --->   Operation 41 'load' 'ctype_data_V_load' <Predicate = (icmp_ln20)> <Delay = 0.00>
ST_3 : Operation 42 [1/1] (0.00ns)   --->   "%tmp_data_0_V = trunc i48 %ctype_data_V_load to i16" [firmware/myproject_axi.cpp:24]   --->   Operation 42 'trunc' 'tmp_data_0_V' <Predicate = (icmp_ln20)> <Delay = 0.00>
ST_3 : Operation 43 [1/1] (0.00ns)   --->   "%tmp_data_1_V_9 = call i16 @_ssdm_op_PartSelect.i16.i48.i32.i32(i48 %ctype_data_V_load, i32 16, i32 31)" [firmware/myproject_axi.cpp:24]   --->   Operation 43 'partselect' 'tmp_data_1_V_9' <Predicate = (icmp_ln20)> <Delay = 0.00>
ST_3 : Operation 44 [1/1] (0.00ns)   --->   "%tmp_data_2_V_9 = call i16 @_ssdm_op_PartSelect.i16.i48.i32.i32(i48 %ctype_data_V_load, i32 32, i32 47)" [firmware/myproject_axi.cpp:24]   --->   Operation 44 'partselect' 'tmp_data_2_V_9' <Predicate = (icmp_ln20)> <Delay = 0.00>
ST_3 : Operation 45 [1/1] (2.18ns)   --->   "call void @_ssdm_op_Write.ap_fifo.volatile.i16P.i16P.i16P(i16* %in_local_V_data_0_V, i16* %in_local_V_data_1_V, i16* %in_local_V_data_2_V, i16 %tmp_data_0_V, i16 %tmp_data_1_V_9, i16 %tmp_data_2_V_9)" [firmware/myproject_axi.cpp:24]   --->   Operation 45 'write' <Predicate = (icmp_ln20)> <Delay = 2.18> <Core = "FIFO">   --->   Core 32 'FIFO' <Latency = 0> <II = 1> <Delay = 3.63> <Storage> <Opcode : 'read' 'write' 'nbread' 'nbwrite'> <Ports = 0> <Width = 16> <Depth = 1> <FIFO>
ST_3 : Operation 46 [1/1] (0.00ns)   --->   "%empty_216 = call i32 (...)* @_ssdm_op_SpecRegionEnd([12 x i8]* @p_str6, i32 %tmp)" [firmware/myproject_axi.cpp:25]   --->   Operation 46 'specregionend' 'empty_216' <Predicate = (icmp_ln20)> <Delay = 0.00>
ST_3 : Operation 47 [1/1] (0.00ns)   --->   "br label %0" [firmware/myproject_axi.cpp:17]   --->   Operation 47 'br' <Predicate = (icmp_ln20)> <Delay = 0.00>

State 4 <SV = 3> <Delay = 3.69>
ST_4 : Operation 48 [2/3] (3.69ns)   --->   "%d_assign = fpext float %in_data_tmp to double" [firmware/myproject_axi.cpp:21]   --->   Operation 48 'fpext' 'd_assign' <Predicate = true> <Delay = 3.69> <Core = "Float2Double">   --->   Core 114 'Float2Double' <Latency = 2> <II = 1> <Delay = 3.69> <FuncUnit> <Opcode : 'fpext'> <InPorts = 1> <OutPorts = 1>

State 5 <SV = 4> <Delay = 3.69>
ST_5 : Operation 49 [1/3] (3.69ns)   --->   "%d_assign = fpext float %in_data_tmp to double" [firmware/myproject_axi.cpp:21]   --->   Operation 49 'fpext' 'd_assign' <Predicate = true> <Delay = 3.69> <Core = "Float2Double">   --->   Core 114 'Float2Double' <Latency = 2> <II = 1> <Delay = 3.69> <FuncUnit> <Opcode : 'fpext'> <InPorts = 1> <OutPorts = 1>
ST_5 : Operation 50 [1/1] (0.00ns)   --->   "%ireg_V = bitcast double %d_assign to i64" [firmware/myproject_axi.cpp:21]   --->   Operation 50 'bitcast' 'ireg_V' <Predicate = true> <Delay = 0.00>
ST_5 : Operation 51 [1/1] (0.00ns)   --->   "%trunc_ln556 = trunc i64 %ireg_V to i63" [firmware/myproject_axi.cpp:21]   --->   Operation 51 'trunc' 'trunc_ln556' <Predicate = true> <Delay = 0.00>
ST_5 : Operation 52 [1/1] (0.00ns)   --->   "%p_Result_s = call i1 @_ssdm_op_BitSelect.i1.i64.i32(i64 %ireg_V, i32 63)" [firmware/myproject_axi.cpp:21]   --->   Operation 52 'bitselect' 'p_Result_s' <Predicate = true> <Delay = 0.00>
ST_5 : Operation 53 [1/1] (0.00ns)   --->   "%exp_tmp_V = call i11 @_ssdm_op_PartSelect.i11.i64.i32.i32(i64 %ireg_V, i32 52, i32 62)" [firmware/myproject_axi.cpp:21]   --->   Operation 53 'partselect' 'exp_tmp_V' <Predicate = true> <Delay = 0.00>
ST_5 : Operation 54 [1/1] (0.00ns)   --->   "%trunc_ln565 = trunc i64 %ireg_V to i52" [firmware/myproject_axi.cpp:21]   --->   Operation 54 'trunc' 'trunc_ln565' <Predicate = true> <Delay = 0.00>

State 6 <SV = 5> <Delay = 4.23>
ST_6 : Operation 55 [1/1] (0.00ns)   --->   "%zext_ln461 = zext i11 %exp_tmp_V to i12" [firmware/myproject_axi.cpp:21]   --->   Operation 55 'zext' 'zext_ln461' <Predicate = true> <Delay = 0.00>
ST_6 : Operation 56 [1/1] (0.00ns)   --->   "%tmp_s = call i53 @_ssdm_op_BitConcatenate.i53.i1.i52(i1 true, i52 %trunc_ln565)" [firmware/myproject_axi.cpp:21]   --->   Operation 56 'bitconcatenate' 'tmp_s' <Predicate = true> <Delay = 0.00>
ST_6 : Operation 57 [1/1] (0.00ns)   --->   "%p_Result_42 = zext i53 %tmp_s to i54" [firmware/myproject_axi.cpp:21]   --->   Operation 57 'zext' 'p_Result_42' <Predicate = true> <Delay = 0.00>
ST_6 : Operation 58 [1/1] (3.23ns)   --->   "%man_V_1 = sub i54 0, %p_Result_42" [firmware/myproject_axi.cpp:21]   --->   Operation 58 'sub' 'man_V_1' <Predicate = (p_Result_s)> <Delay = 3.23> <Core = "AddSub">   --->   Core 14 'AddSub' <Latency = 0> <II = 1> <Delay = 1.82> <FuncUnit> <Opcode : 'add' 'sub'> <InPorts = 2> <OutPorts = 1>
ST_6 : Operation 59 [1/1] (0.94ns)   --->   "%man_V_2 = select i1 %p_Result_s, i54 %man_V_1, i54 %p_Result_42" [firmware/myproject_axi.cpp:21]   --->   Operation 59 'select' 'man_V_2' <Predicate = true> <Delay = 0.94> <Core = "Sel">   --->   Core 26 'Sel' <Latency = 0> <II = 1> <Delay = 0.96> <FuncUnit> <Opcode : 'select'> <InPorts = 3> <OutPorts = 1>
ST_6 : Operation 60 [1/1] (2.78ns)   --->   "%icmp_ln571 = icmp eq i63 %trunc_ln556, 0" [firmware/myproject_axi.cpp:21]   --->   Operation 60 'icmp' 'icmp_ln571' <Predicate = true> <Delay = 2.78> <Core = "Cmp">   --->   Core 25 'Cmp' <Latency = 0> <II = 1> <Delay = 1.42> <FuncUnit> <Opcode : 'icmp'> <InPorts = 2> <OutPorts = 1>
ST_6 : Operation 61 [1/1] (1.54ns)   --->   "%F2 = sub i12 1075, %zext_ln461" [firmware/myproject_axi.cpp:21]   --->   Operation 61 'sub' 'F2' <Predicate = true> <Delay = 1.54> <Core = "AddSub">   --->   Core 14 'AddSub' <Latency = 0> <II = 1> <Delay = 1.82> <FuncUnit> <Opcode : 'add' 'sub'> <InPorts = 2> <OutPorts = 1>
ST_6 : Operation 62 [1/1] (1.99ns)   --->   "%icmp_ln581 = icmp sgt i12 %F2, 10" [firmware/myproject_axi.cpp:21]   --->   Operation 62 'icmp' 'icmp_ln581' <Predicate = true> <Delay = 1.99> <Core = "Cmp">   --->   Core 25 'Cmp' <Latency = 0> <II = 1> <Delay = 1.42> <FuncUnit> <Opcode : 'icmp'> <InPorts = 2> <OutPorts = 1>
ST_6 : Operation 63 [1/1] (1.54ns)   --->   "%add_ln581 = add i12 -10, %F2" [firmware/myproject_axi.cpp:21]   --->   Operation 63 'add' 'add_ln581' <Predicate = true> <Delay = 1.54> <Core = "AddSub">   --->   Core 14 'AddSub' <Latency = 0> <II = 1> <Delay = 1.82> <FuncUnit> <Opcode : 'add' 'sub'> <InPorts = 2> <OutPorts = 1>
ST_6 : Operation 64 [1/1] (1.54ns)   --->   "%sub_ln581 = sub i12 10, %F2" [firmware/myproject_axi.cpp:21]   --->   Operation 64 'sub' 'sub_ln581' <Predicate = true> <Delay = 1.54> <Core = "AddSub">   --->   Core 14 'AddSub' <Latency = 0> <II = 1> <Delay = 1.82> <FuncUnit> <Opcode : 'add' 'sub'> <InPorts = 2> <OutPorts = 1>
ST_6 : Operation 65 [1/1] (0.69ns)   --->   "%sh_amt = select i1 %icmp_ln581, i12 %add_ln581, i12 %sub_ln581" [firmware/myproject_axi.cpp:21]   --->   Operation 65 'select' 'sh_amt' <Predicate = true> <Delay = 0.69> <Core = "Sel">   --->   Core 26 'Sel' <Latency = 0> <II = 1> <Delay = 0.96> <FuncUnit> <Opcode : 'select'> <InPorts = 3> <OutPorts = 1>
ST_6 : Operation 66 [1/1] (1.99ns)   --->   "%icmp_ln582 = icmp eq i12 %F2, 10" [firmware/myproject_axi.cpp:21]   --->   Operation 66 'icmp' 'icmp_ln582' <Predicate = true> <Delay = 1.99> <Core = "Cmp">   --->   Core 25 'Cmp' <Latency = 0> <II = 1> <Delay = 1.42> <FuncUnit> <Opcode : 'icmp'> <InPorts = 2> <OutPorts = 1>
ST_6 : Operation 67 [1/1] (0.00ns)   --->   "%trunc_ln583 = trunc i54 %man_V_2 to i16" [firmware/myproject_axi.cpp:21]   --->   Operation 67 'trunc' 'trunc_ln583' <Predicate = true> <Delay = 0.00>
ST_6 : Operation 68 [1/1] (0.00ns)   --->   "%tmp_96 = call i8 @_ssdm_op_PartSelect.i8.i12.i32.i32(i12 %sh_amt, i32 4, i32 11)" [firmware/myproject_axi.cpp:21]   --->   Operation 68 'partselect' 'tmp_96' <Predicate = true> <Delay = 0.00>

State 7 <SV = 6> <Delay = 3.96>
ST_7 : Operation 69 [1/1] (0.00ns)   --->   "%sext_ln581 = sext i12 %sh_amt to i32" [firmware/myproject_axi.cpp:21]   --->   Operation 69 'sext' 'sext_ln581' <Predicate = true> <Delay = 0.00>
ST_7 : Operation 70 [1/1] (1.99ns)   --->   "%icmp_ln585 = icmp ult i12 %sh_amt, 54" [firmware/myproject_axi.cpp:21]   --->   Operation 70 'icmp' 'icmp_ln585' <Predicate = true> <Delay = 1.99> <Core = "Cmp">   --->   Core 25 'Cmp' <Latency = 0> <II = 1> <Delay = 1.42> <FuncUnit> <Opcode : 'icmp'> <InPorts = 2> <OutPorts = 1>
ST_7 : Operation 71 [1/1] (1.55ns)   --->   "%icmp_ln603 = icmp eq i8 %tmp_96, 0" [firmware/myproject_axi.cpp:21]   --->   Operation 71 'icmp' 'icmp_ln603' <Predicate = true> <Delay = 1.55> <Core = "Cmp">   --->   Core 25 'Cmp' <Latency = 0> <II = 1> <Delay = 1.42> <FuncUnit> <Opcode : 'icmp'> <InPorts = 2> <OutPorts = 1>
ST_7 : Operation 72 [1/1] (0.00ns)   --->   "%zext_ln586 = zext i32 %sext_ln581 to i54" [firmware/myproject_axi.cpp:21]   --->   Operation 72 'zext' 'zext_ln586' <Predicate = true> <Delay = 0.00>
ST_7 : Operation 73 [2/2] (3.88ns)   --->   "%ashr_ln586 = ashr i54 %man_V_2, %zext_ln586" [firmware/myproject_axi.cpp:21]   --->   Operation 73 'ashr' 'ashr_ln586' <Predicate = true> <Delay = 3.88> <Core = "ShiftnS">   --->   Core 29 'ShiftnS' <Latency = 1> <II = 1> <Delay = 3.88> <FuncUnit> <Opcode : 'shl' 'lshr' 'ashr'> <InPorts = 2> <OutPorts = 1>
ST_7 : Operation 74 [1/1] (0.00ns) (grouped into LUT with out node select_ln603_1)   --->   "%bitcast_ln696 = bitcast float %in_data_tmp to i32" [firmware/myproject_axi.cpp:21]   --->   Operation 74 'bitcast' 'bitcast_ln696' <Predicate = true> <Delay = 0.00>
ST_7 : Operation 75 [1/1] (0.00ns) (grouped into LUT with out node select_ln603_1)   --->   "%tmp_97 = call i1 @_ssdm_op_BitSelect.i1.i32.i32(i32 %bitcast_ln696, i32 31)" [firmware/myproject_axi.cpp:21]   --->   Operation 75 'bitselect' 'tmp_97' <Predicate = true> <Delay = 0.00>
ST_7 : Operation 76 [1/1] (0.00ns) (grouped into LUT with out node select_ln603_1)   --->   "%select_ln588 = select i1 %tmp_97, i16 -1, i16 0" [firmware/myproject_axi.cpp:21]   --->   Operation 76 'select' 'select_ln588' <Predicate = true> <Delay = 0.00> <Core = "Sel">   --->   Core 26 'Sel' <Latency = 0> <II = 1> <Delay = 0.96> <FuncUnit> <Opcode : 'select'> <InPorts = 3> <OutPorts = 1>
ST_7 : Operation 77 [1/1] (0.97ns)   --->   "%or_ln582 = or i1 %icmp_ln571, %icmp_ln582" [firmware/myproject_axi.cpp:21]   --->   Operation 77 'or' 'or_ln582' <Predicate = true> <Delay = 0.97> <Core = "LogicGate">   --->   Core 27 'LogicGate' <Latency = 0> <II = 1> <Delay = 0.97> <FuncUnit> <Opcode : 'and' 'or' 'xor'> <InPorts = 2> <OutPorts = 1>
ST_7 : Operation 78 [1/1] (0.00ns) (grouped into LUT with out node and_ln581)   --->   "%xor_ln582 = xor i1 %or_ln582, true" [firmware/myproject_axi.cpp:21]   --->   Operation 78 'xor' 'xor_ln582' <Predicate = true> <Delay = 0.00> <Core = "LogicGate">   --->   Core 27 'LogicGate' <Latency = 0> <II = 1> <Delay = 0.97> <FuncUnit> <Opcode : 'and' 'or' 'xor'> <InPorts = 2> <OutPorts = 1>
ST_7 : Operation 79 [1/1] (0.97ns) (out node of the LUT)   --->   "%and_ln581 = and i1 %icmp_ln581, %xor_ln582" [firmware/myproject_axi.cpp:21]   --->   Operation 79 'and' 'and_ln581' <Predicate = true> <Delay = 0.97> <Core = "LogicGate">   --->   Core 27 'LogicGate' <Latency = 0> <II = 1> <Delay = 0.97> <FuncUnit> <Opcode : 'and' 'or' 'xor'> <InPorts = 2> <OutPorts = 1>
ST_7 : Operation 80 [1/1] (0.00ns) (grouped into LUT with out node and_ln585)   --->   "%xor_ln585 = xor i1 %icmp_ln585, true" [firmware/myproject_axi.cpp:21]   --->   Operation 80 'xor' 'xor_ln585' <Predicate = true> <Delay = 0.00> <Core = "LogicGate">   --->   Core 27 'LogicGate' <Latency = 0> <II = 1> <Delay = 0.97> <FuncUnit> <Opcode : 'and' 'or' 'xor'> <InPorts = 2> <OutPorts = 1>
ST_7 : Operation 81 [1/1] (0.97ns) (out node of the LUT)   --->   "%and_ln585 = and i1 %and_ln581, %xor_ln585" [firmware/myproject_axi.cpp:21]   --->   Operation 81 'and' 'and_ln585' <Predicate = true> <Delay = 0.97> <Core = "LogicGate">   --->   Core 27 'LogicGate' <Latency = 0> <II = 1> <Delay = 0.97> <FuncUnit> <Opcode : 'and' 'or' 'xor'> <InPorts = 2> <OutPorts = 1>
ST_7 : Operation 82 [1/1] (0.00ns) (grouped into LUT with out node or_ln603)   --->   "%and_ln585_1 = and i1 %and_ln581, %icmp_ln585" [firmware/myproject_axi.cpp:21]   --->   Operation 82 'and' 'and_ln585_1' <Predicate = true> <Delay = 0.00> <Core = "LogicGate">   --->   Core 27 'LogicGate' <Latency = 0> <II = 1> <Delay = 0.97> <FuncUnit> <Opcode : 'and' 'or' 'xor'> <InPorts = 2> <OutPorts = 1>
ST_7 : Operation 83 [1/1] (0.00ns) (grouped into LUT with out node and_ln603)   --->   "%or_ln581 = or i1 %or_ln582, %icmp_ln581" [firmware/myproject_axi.cpp:21]   --->   Operation 83 'or' 'or_ln581' <Predicate = true> <Delay = 0.00> <Core = "LogicGate">   --->   Core 27 'LogicGate' <Latency = 0> <II = 1> <Delay = 0.97> <FuncUnit> <Opcode : 'and' 'or' 'xor'> <InPorts = 2> <OutPorts = 1>
ST_7 : Operation 84 [1/1] (0.00ns) (grouped into LUT with out node and_ln603)   --->   "%xor_ln581 = xor i1 %or_ln581, true" [firmware/myproject_axi.cpp:21]   --->   Operation 84 'xor' 'xor_ln581' <Predicate = true> <Delay = 0.00> <Core = "LogicGate">   --->   Core 27 'LogicGate' <Latency = 0> <II = 1> <Delay = 0.97> <FuncUnit> <Opcode : 'and' 'or' 'xor'> <InPorts = 2> <OutPorts = 1>
ST_7 : Operation 85 [1/1] (0.97ns) (out node of the LUT)   --->   "%and_ln603 = and i1 %icmp_ln603, %xor_ln581" [firmware/myproject_axi.cpp:21]   --->   Operation 85 'and' 'and_ln603' <Predicate = true> <Delay = 0.97> <Core = "LogicGate">   --->   Core 27 'LogicGate' <Latency = 0> <II = 1> <Delay = 0.97> <FuncUnit> <Opcode : 'and' 'or' 'xor'> <InPorts = 2> <OutPorts = 1>
ST_7 : Operation 86 [1/1] (0.97ns) (out node of the LUT)   --->   "%or_ln603 = or i1 %and_ln603, %and_ln585_1" [firmware/myproject_axi.cpp:21]   --->   Operation 86 'or' 'or_ln603' <Predicate = true> <Delay = 0.97> <Core = "LogicGate">   --->   Core 27 'LogicGate' <Latency = 0> <II = 1> <Delay = 0.97> <FuncUnit> <Opcode : 'and' 'or' 'xor'> <InPorts = 2> <OutPorts = 1>
ST_7 : Operation 87 [1/1] (0.99ns) (out node of the LUT)   --->   "%select_ln603_1 = select i1 %and_ln585, i16 %select_ln588, i16 %trunc_ln583" [firmware/myproject_axi.cpp:21]   --->   Operation 87 'select' 'select_ln603_1' <Predicate = true> <Delay = 0.99> <Core = "Sel">   --->   Core 26 'Sel' <Latency = 0> <II = 1> <Delay = 0.96> <FuncUnit> <Opcode : 'select'> <InPorts = 3> <OutPorts = 1>

State 8 <SV = 7> <Delay = 3.88>
ST_8 : Operation 88 [1/2] (3.88ns)   --->   "%ashr_ln586 = ashr i54 %man_V_2, %zext_ln586" [firmware/myproject_axi.cpp:21]   --->   Operation 88 'ashr' 'ashr_ln586' <Predicate = true> <Delay = 3.88> <Core = "ShiftnS">   --->   Core 29 'ShiftnS' <Latency = 1> <II = 1> <Delay = 3.88> <FuncUnit> <Opcode : 'shl' 'lshr' 'ashr'> <InPorts = 2> <OutPorts = 1>
ST_8 : Operation 89 [1/1] (0.00ns) (grouped into LUT with out node or_ln603_2)   --->   "%xor_ln571 = xor i1 %icmp_ln571, true" [firmware/myproject_axi.cpp:21]   --->   Operation 89 'xor' 'xor_ln571' <Predicate = true> <Delay = 0.00> <Core = "LogicGate">   --->   Core 27 'LogicGate' <Latency = 0> <II = 1> <Delay = 0.97> <FuncUnit> <Opcode : 'and' 'or' 'xor'> <InPorts = 2> <OutPorts = 1>
ST_8 : Operation 90 [1/1] (0.00ns) (grouped into LUT with out node or_ln603_2)   --->   "%and_ln582 = and i1 %icmp_ln582, %xor_ln571" [firmware/myproject_axi.cpp:21]   --->   Operation 90 'and' 'and_ln582' <Predicate = true> <Delay = 0.00> <Core = "LogicGate">   --->   Core 27 'LogicGate' <Latency = 0> <II = 1> <Delay = 0.97> <FuncUnit> <Opcode : 'and' 'or' 'xor'> <InPorts = 2> <OutPorts = 1>
ST_8 : Operation 91 [1/1] (0.00ns) (grouped into LUT with out node or_ln603_2)   --->   "%or_ln603_1 = or i1 %and_ln585, %and_ln582" [firmware/myproject_axi.cpp:21]   --->   Operation 91 'or' 'or_ln603_1' <Predicate = true> <Delay = 0.00> <Core = "LogicGate">   --->   Core 27 'LogicGate' <Latency = 0> <II = 1> <Delay = 0.97> <FuncUnit> <Opcode : 'and' 'or' 'xor'> <InPorts = 2> <OutPorts = 1>
ST_8 : Operation 92 [1/1] (0.97ns) (out node of the LUT)   --->   "%or_ln603_2 = or i1 %or_ln603, %or_ln603_1" [firmware/myproject_axi.cpp:21]   --->   Operation 92 'or' 'or_ln603_2' <Predicate = true> <Delay = 0.97> <Core = "LogicGate">   --->   Core 27 'LogicGate' <Latency = 0> <II = 1> <Delay = 0.97> <FuncUnit> <Opcode : 'and' 'or' 'xor'> <InPorts = 2> <OutPorts = 1>

State 9 <SV = 8> <Delay = 3.98>
ST_9 : Operation 93 [1/1] (0.00ns) (grouped into LUT with out node select_ln603_2)   --->   "%sext_ln581_1 = sext i12 %sh_amt to i16" [firmware/myproject_axi.cpp:21]   --->   Operation 93 'sext' 'sext_ln581_1' <Predicate = (and_ln603 & or_ln603 & or_ln603_2)> <Delay = 0.00>
ST_9 : Operation 94 [1/1] (0.00ns) (grouped into LUT with out node select_ln603_2)   --->   "%trunc_ln586 = trunc i54 %ashr_ln586 to i16" [firmware/myproject_axi.cpp:21]   --->   Operation 94 'trunc' 'trunc_ln586' <Predicate = (!and_ln603 & or_ln603 & or_ln603_2)> <Delay = 0.00>
ST_9 : Operation 95 [1/1] (0.00ns) (grouped into LUT with out node select_ln603_2)   --->   "%shl_ln604 = shl i16 %trunc_ln583, %sext_ln581_1" [firmware/myproject_axi.cpp:21]   --->   Operation 95 'shl' 'shl_ln604' <Predicate = (and_ln603 & or_ln603 & or_ln603_2)> <Delay = 0.00> <Core = "Shift">   --->   Core 28 'Shift' <Latency = 0> <II = 1> <Delay = 2.94> <FuncUnit> <Opcode : 'shl' 'lshr' 'ashr'> <InPorts = 2> <OutPorts = 1>
ST_9 : Operation 96 [1/1] (0.00ns) (grouped into LUT with out node select_ln603_2)   --->   "%select_ln603 = select i1 %and_ln603, i16 %shl_ln604, i16 %trunc_ln586" [firmware/myproject_axi.cpp:21]   --->   Operation 96 'select' 'select_ln603' <Predicate = (or_ln603 & or_ln603_2)> <Delay = 0.00> <Core = "Sel">   --->   Core 26 'Sel' <Latency = 0> <II = 1> <Delay = 0.96> <FuncUnit> <Opcode : 'select'> <InPorts = 3> <OutPorts = 1>
ST_9 : Operation 97 [1/1] (3.98ns) (out node of the LUT)   --->   "%select_ln603_2 = select i1 %or_ln603, i16 %select_ln603, i16 %select_ln603_1" [firmware/myproject_axi.cpp:21]   --->   Operation 97 'select' 'select_ln603_2' <Predicate = (or_ln603_2)> <Delay = 3.98> <Core = "Sel">   --->   Core 26 'Sel' <Latency = 0> <II = 1> <Delay = 0.96> <FuncUnit> <Opcode : 'select'> <InPorts = 3> <OutPorts = 1>
ST_9 : Operation 98 [1/1] (0.00ns)   --->   "%shl_ln = call i6 @_ssdm_op_BitConcatenate.i6.i2.i4(i2 %j_0_i, i4 0)" [firmware/myproject_axi.cpp:21]   --->   Operation 98 'bitconcatenate' 'shl_ln' <Predicate = true> <Delay = 0.00>
ST_9 : Operation 99 [1/1] (0.00ns)   --->   "%empty_219 = or i6 %shl_ln, 15" [firmware/myproject_axi.cpp:21]   --->   Operation 99 'or' 'empty_219' <Predicate = true> <Delay = 0.00>
ST_9 : Operation 100 [1/1] (1.42ns)   --->   "%icmp_ln203 = icmp ugt i6 %shl_ln, %empty_219" [firmware/myproject_axi.cpp:21]   --->   Operation 100 'icmp' 'icmp_ln203' <Predicate = true> <Delay = 1.42> <Core = "Cmp">   --->   Core 25 'Cmp' <Latency = 0> <II = 1> <Delay = 1.42> <FuncUnit> <Opcode : 'icmp'> <InPorts = 2> <OutPorts = 1>
ST_9 : Operation 101 [1/1] (1.82ns)   --->   "%sub_ln203 = sub i6 -17, %shl_ln" [firmware/myproject_axi.cpp:21]   --->   Operation 101 'sub' 'sub_ln203' <Predicate = true> <Delay = 1.82> <Core = "AddSub">   --->   Core 14 'AddSub' <Latency = 0> <II = 1> <Delay = 1.82> <FuncUnit> <Opcode : 'add' 'sub'> <InPorts = 2> <OutPorts = 1>

State 10 <SV = 9> <Delay = 3.98>
ST_10 : Operation 102 [1/1] (0.00ns) (grouped into LUT with out node shl_ln203)   --->   "%select_ln603_3 = select i1 %or_ln603_2, i16 %select_ln603_2, i16 0" [firmware/myproject_axi.cpp:21]   --->   Operation 102 'select' 'select_ln603_3' <Predicate = true> <Delay = 0.00> <Core = "Sel">   --->   Core 26 'Sel' <Latency = 0> <II = 1> <Delay = 0.96> <FuncUnit> <Opcode : 'select'> <InPorts = 3> <OutPorts = 1>
ST_10 : Operation 103 [1/1] (0.00ns) (grouped into LUT with out node shl_ln203)   --->   "%zext_ln203 = zext i16 %select_ln603_3 to i48" [firmware/myproject_axi.cpp:21]   --->   Operation 103 'zext' 'zext_ln203' <Predicate = true> <Delay = 0.00>
ST_10 : Operation 104 [1/1] (0.00ns) (grouped into LUT with out node sub_ln203_1)   --->   "%select_ln203 = select i1 %icmp_ln203, i6 %shl_ln, i6 %empty_219" [firmware/myproject_axi.cpp:21]   --->   Operation 104 'select' 'select_ln203' <Predicate = true> <Delay = 0.00> <Core = "Sel">   --->   Core 26 'Sel' <Latency = 0> <II = 1> <Delay = 0.96> <FuncUnit> <Opcode : 'select'> <InPorts = 3> <OutPorts = 1>
ST_10 : Operation 105 [1/1] (0.00ns) (grouped into LUT with out node shl_ln203)   --->   "%select_ln203_2 = select i1 %icmp_ln203, i6 %sub_ln203, i6 %shl_ln" [firmware/myproject_axi.cpp:21]   --->   Operation 105 'select' 'select_ln203_2' <Predicate = true> <Delay = 0.00> <Core = "Sel">   --->   Core 26 'Sel' <Latency = 0> <II = 1> <Delay = 0.96> <FuncUnit> <Opcode : 'select'> <InPorts = 3> <OutPorts = 1>
ST_10 : Operation 106 [1/1] (1.82ns) (out node of the LUT)   --->   "%sub_ln203_1 = sub i6 -17, %select_ln203" [firmware/myproject_axi.cpp:21]   --->   Operation 106 'sub' 'sub_ln203_1' <Predicate = true> <Delay = 1.82> <Core = "AddSub">   --->   Core 14 'AddSub' <Latency = 0> <II = 1> <Delay = 1.82> <FuncUnit> <Opcode : 'add' 'sub'> <InPorts = 2> <OutPorts = 1>
ST_10 : Operation 107 [1/1] (0.00ns) (grouped into LUT with out node shl_ln203)   --->   "%zext_ln203_1 = zext i6 %select_ln203_2 to i48" [firmware/myproject_axi.cpp:21]   --->   Operation 107 'zext' 'zext_ln203_1' <Predicate = true> <Delay = 0.00>
ST_10 : Operation 108 [1/1] (3.98ns) (out node of the LUT)   --->   "%shl_ln203 = shl i48 %zext_ln203, %zext_ln203_1" [firmware/myproject_axi.cpp:21]   --->   Operation 108 'shl' 'shl_ln203' <Predicate = true> <Delay = 3.98> <Core = "Shift">   --->   Core 28 'Shift' <Latency = 0> <II = 1> <Delay = 2.94> <FuncUnit> <Opcode : 'shl' 'lshr' 'ashr'> <InPorts = 2> <OutPorts = 1>

State 11 <SV = 10> <Delay = 3.97>
ST_11 : Operation 109 [1/1] (0.00ns)   --->   "%ctype_data_V_load_1 = load i48* %ctype_data_V" [firmware/myproject_axi.cpp:21]   --->   Operation 109 'load' 'ctype_data_V_load_1' <Predicate = true> <Delay = 0.00>
ST_11 : Operation 110 [1/1] (0.00ns) (grouped into LUT with out node and_ln203)   --->   "%select_ln203_1 = select i1 %icmp_ln203, i6 %empty_219, i6 %shl_ln" [firmware/myproject_axi.cpp:21]   --->   Operation 110 'select' 'select_ln203_1' <Predicate = true> <Delay = 0.00> <Core = "Sel">   --->   Core 26 'Sel' <Latency = 0> <II = 1> <Delay = 0.96> <FuncUnit> <Opcode : 'select'> <InPorts = 3> <OutPorts = 1>
ST_11 : Operation 111 [1/1] (0.00ns) (grouped into LUT with out node and_ln203)   --->   "%zext_ln203_2 = zext i6 %select_ln203_1 to i48" [firmware/myproject_axi.cpp:21]   --->   Operation 111 'zext' 'zext_ln203_2' <Predicate = true> <Delay = 0.00>
ST_11 : Operation 112 [1/1] (0.00ns) (grouped into LUT with out node and_ln203)   --->   "%zext_ln203_3 = zext i6 %sub_ln203_1 to i48" [firmware/myproject_axi.cpp:21]   --->   Operation 112 'zext' 'zext_ln203_3' <Predicate = true> <Delay = 0.00>
ST_11 : Operation 113 [1/1] (0.00ns) (grouped into LUT with out node ctype_data_V_1)   --->   "%tmp_98 = call i48 @llvm.part.select.i48(i48 %shl_ln203, i32 47, i32 0)" [firmware/myproject_axi.cpp:21]   --->   Operation 113 'partselect' 'tmp_98' <Predicate = (icmp_ln203)> <Delay = 0.00>
ST_11 : Operation 114 [1/1] (0.00ns) (grouped into LUT with out node ctype_data_V_1)   --->   "%select_ln203_3 = select i1 %icmp_ln203, i48 %tmp_98, i48 %shl_ln203" [firmware/myproject_axi.cpp:21]   --->   Operation 114 'select' 'select_ln203_3' <Predicate = true> <Delay = 0.00> <Core = "Sel">   --->   Core 26 'Sel' <Latency = 0> <II = 1> <Delay = 0.96> <FuncUnit> <Opcode : 'select'> <InPorts = 3> <OutPorts = 1>
ST_11 : Operation 115 [1/1] (0.00ns) (grouped into LUT with out node and_ln203)   --->   "%shl_ln203_1 = shl i48 -1, %zext_ln203_2" [firmware/myproject_axi.cpp:21]   --->   Operation 115 'shl' 'shl_ln203_1' <Predicate = true> <Delay = 0.00> <Core = "Shift">   --->   Core 28 'Shift' <Latency = 0> <II = 1> <Delay = 2.94> <FuncUnit> <Opcode : 'shl' 'lshr' 'ashr'> <InPorts = 2> <OutPorts = 1>
ST_11 : Operation 116 [1/1] (0.00ns) (grouped into LUT with out node and_ln203)   --->   "%lshr_ln203 = lshr i48 -1, %zext_ln203_3" [firmware/myproject_axi.cpp:21]   --->   Operation 116 'lshr' 'lshr_ln203' <Predicate = true> <Delay = 0.00> <Core = "Shift">   --->   Core 28 'Shift' <Latency = 0> <II = 1> <Delay = 2.94> <FuncUnit> <Opcode : 'shl' 'lshr' 'ashr'> <InPorts = 2> <OutPorts = 1>
ST_11 : Operation 117 [1/1] (2.94ns) (out node of the LUT)   --->   "%and_ln203 = and i48 %shl_ln203_1, %lshr_ln203" [firmware/myproject_axi.cpp:21]   --->   Operation 117 'and' 'and_ln203' <Predicate = true> <Delay = 2.94> <Core = "LogicGate">   --->   Core 27 'LogicGate' <Latency = 0> <II = 1> <Delay = 0.97> <FuncUnit> <Opcode : 'and' 'or' 'xor'> <InPorts = 2> <OutPorts = 1>
ST_11 : Operation 118 [1/1] (0.00ns) (grouped into LUT with out node ctype_data_V_1)   --->   "%xor_ln203 = xor i48 %and_ln203, -1" [firmware/myproject_axi.cpp:21]   --->   Operation 118 'xor' 'xor_ln203' <Predicate = true> <Delay = 0.00> <Core = "LogicGate">   --->   Core 27 'LogicGate' <Latency = 0> <II = 1> <Delay = 0.97> <FuncUnit> <Opcode : 'and' 'or' 'xor'> <InPorts = 2> <OutPorts = 1>
ST_11 : Operation 119 [1/1] (0.00ns) (grouped into LUT with out node ctype_data_V_1)   --->   "%and_ln203_1 = and i48 %ctype_data_V_load_1, %xor_ln203" [firmware/myproject_axi.cpp:21]   --->   Operation 119 'and' 'and_ln203_1' <Predicate = true> <Delay = 0.00> <Core = "LogicGate">   --->   Core 27 'LogicGate' <Latency = 0> <II = 1> <Delay = 0.97> <FuncUnit> <Opcode : 'and' 'or' 'xor'> <InPorts = 2> <OutPorts = 1>
ST_11 : Operation 120 [1/1] (0.00ns) (grouped into LUT with out node ctype_data_V_1)   --->   "%and_ln203_2 = and i48 %select_ln203_3, %and_ln203" [firmware/myproject_axi.cpp:21]   --->   Operation 120 'and' 'and_ln203_2' <Predicate = true> <Delay = 0.00> <Core = "LogicGate">   --->   Core 27 'LogicGate' <Latency = 0> <II = 1> <Delay = 0.97> <FuncUnit> <Opcode : 'and' 'or' 'xor'> <InPorts = 2> <OutPorts = 1>
ST_11 : Operation 121 [1/1] (1.03ns) (out node of the LUT)   --->   "%ctype_data_V_1 = or i48 %and_ln203_1, %and_ln203_2" [firmware/myproject_axi.cpp:21]   --->   Operation 121 'or' 'ctype_data_V_1' <Predicate = true> <Delay = 1.03> <Core = "LogicGate">   --->   Core 27 'LogicGate' <Latency = 0> <II = 1> <Delay = 0.97> <FuncUnit> <Opcode : 'and' 'or' 'xor'> <InPorts = 2> <OutPorts = 1>
ST_11 : Operation 122 [1/1] (0.00ns)   --->   "store i48 %ctype_data_V_1, i48* %ctype_data_V" [firmware/myproject_axi.cpp:20]   --->   Operation 122 'store' <Predicate = true> <Delay = 0.00>
ST_11 : Operation 123 [1/1] (0.00ns)   --->   "br label %1" [firmware/myproject_axi.cpp:20]   --->   Operation 123 'br' <Predicate = true> <Delay = 0.00>


============================================================
+ Verbose Summary: Timing violations
============================================================
Target clock period: 5ns, clock uncertainty: 0.625ns.

 <State 1>: 1.77ns
The critical path consists of the following:
	'alloca' operation ('is_last') [6]  (0 ns)
	'store' operation ('store_ln0') of constant 0 on local variable 'is_last' [12]  (1.77 ns)

 <State 2>: 2.1ns
The critical path consists of the following:
	'phi' operation ('i') with incoming values : ('i', firmware/myproject_axi.cpp:17) [15]  (0 ns)
	'icmp' operation ('icmp_ln17', firmware/myproject_axi.cpp:17) [16]  (2.1 ns)

 <State 3>: 3.7ns
The critical path consists of the following:
	axis read on port 'in_last_V' (firmware/myproject_axi.cpp:22) [32]  (0 ns)
	'fpext' operation ('d', firmware/myproject_axi.cpp:21) [35]  (3.7 ns)

 <State 4>: 3.7ns
The critical path consists of the following:
	'fpext' operation ('d', firmware/myproject_axi.cpp:21) [35]  (3.7 ns)

 <State 5>: 3.7ns
The critical path consists of the following:
	'fpext' operation ('d', firmware/myproject_axi.cpp:21) [35]  (3.7 ns)

 <State 6>: 4.23ns
The critical path consists of the following:
	'sub' operation ('F2', firmware/myproject_axi.cpp:21) [47]  (1.55 ns)
	'icmp' operation ('icmp_ln581', firmware/myproject_axi.cpp:21) [48]  (1.99 ns)
	'select' operation ('sh_amt', firmware/myproject_axi.cpp:21) [51]  (0.697 ns)

 <State 7>: 3.96ns
The critical path consists of the following:
	'icmp' operation ('icmp_ln585', firmware/myproject_axi.cpp:21) [56]  (1.99 ns)
	'xor' operation ('xor_ln585', firmware/myproject_axi.cpp:21) [71]  (0 ns)
	'and' operation ('and_ln585', firmware/myproject_axi.cpp:21) [72]  (0.978 ns)
	'select' operation ('select_ln603_1', firmware/myproject_axi.cpp:21) [79]  (0.993 ns)

 <State 8>: 3.88ns
The critical path consists of the following:
	'ashr' operation ('ashr_ln586', firmware/myproject_axi.cpp:21) [60]  (3.88 ns)

 <State 9>: 3.99ns
The critical path consists of the following:
	'shl' operation ('shl_ln604', firmware/myproject_axi.cpp:21) [65]  (0 ns)
	'select' operation ('select_ln603', firmware/myproject_axi.cpp:21) [77]  (0 ns)
	'select' operation ('select_ln603_2', firmware/myproject_axi.cpp:21) [81]  (3.99 ns)

 <State 10>: 3.99ns
The critical path consists of the following:
	'select' operation ('select_ln603_3', firmware/myproject_axi.cpp:21) [83]  (0 ns)
	'shl' operation ('shl_ln203', firmware/myproject_axi.cpp:21) [96]  (3.99 ns)

 <State 11>: 3.97ns
The critical path consists of the following:
	'select' operation ('select_ln203_1', firmware/myproject_axi.cpp:21) [90]  (0 ns)
	'shl' operation ('shl_ln203_1', firmware/myproject_axi.cpp:21) [99]  (0 ns)
	'and' operation ('and_ln203', firmware/myproject_axi.cpp:21) [101]  (2.94 ns)
	'xor' operation ('xor_ln203', firmware/myproject_axi.cpp:21) [102]  (0 ns)
	'and' operation ('and_ln203_1', firmware/myproject_axi.cpp:21) [103]  (0 ns)
	'or' operation ('ctype.data.V', firmware/myproject_axi.cpp:21) [105]  (1.03 ns)


============================================================
+ Verbose Summary: Binding
============================================================
N/A
* FSMD analyzer results:
  - Output states:
 - Input state : 
  - Chain level:
	State 1
	State 2
	State 3
	State 4
	State 5
	State 6
	State 7
	State 8
	State 9
	State 10
	State 11


============================================================
+ Verbose Summary: Datapath Resource usage 
============================================================
N/A
