

================================================================
== Vivado HLS Report for 'myproject'
================================================================
* Date:           Wed Apr 10 16:33:22 2024

* Version:        2019.2 (Build 2704478 on Wed Nov 06 22:10:23 MST 2019)
* Project:        myproject_prj
* Solution:       solution1
* Product family: zynquplus
* Target device:  xczu5ev-sfvc784-2LV-e


================================================================
== Performance Estimates
================================================================
+ Timing: 
    * Summary: 
    +--------+---------+----------+------------+
    |  Clock |  Target | Estimated| Uncertainty|
    +--------+---------+----------+------------+
    |ap_clk  | 5.00 ns | 4.375 ns |   0.62 ns  |
    +--------+---------+----------+------------+

+ Latency: 
    * Summary: 
    +---------+---------+----------+----------+-------+--------+----------+
    |  Latency (cycles) |  Latency (absolute) |    Interval    | Pipeline |
    |   min   |   max   |    min   |    max   |  min  |   max  |   Type   |
    +---------+---------+----------+----------+-------+--------+----------+
    |   467632|   467633| 2.338 ms | 2.338 ms |  12290|  466946| dataflow |
    +---------+---------+----------+----------+-------+--------+----------+

    + Detail: 
        * Instance: 
        N/A

        * Loop: 
        N/A

============================================================
+ Verbose Summary: Synthesis Manager
============================================================
InlineROM: 1
ExposeGlobal: 0
============================================================
+ Verbose Summary: CDFG Model
============================================================
IsTopModel: 0
ResetActiveHigh: 1
IsCombinational: 2
IsDatapathOnly: 0
HasWiredReturn: 1
HasMFsm: 0
HasVarLatency: 1
IsPipeline: 0
IsRtlPipelined: 0
IsInstanceOverlapped: 0
IsDontTouch: 0
HasImplIP: 0
IsGatedGlobalClock: 0


============================================================
+ Verbose Summary: Schedule
============================================================
* Number of FSM states : 16
* Pipeline : 0
* Dataflow Pipeline: 1
  DF-Pipeline-0: Size = 16, States = { 1 2 3 4 5 6 7 8 9 10 11 12 13 14 15 16 }

* FSM state transitions: 
1 --> 2 
2 --> 3 
3 --> 4 
4 --> 5 
5 --> 6 
6 --> 7 
7 --> 8 
8 --> 9 
9 --> 10 
10 --> 11 
11 --> 12 
12 --> 13 
13 --> 14 
14 --> 15 
15 --> 16 
16 --> 

* FSM state operations: 

State 1 <SV = 0> <Delay = 0.00>
ST_1 : Operation 17 [1/1] (0.00ns)   --->   "%layer2_out_V_data_0_V = alloca i16, align 2" [firmware/myproject.cpp:35]   --->   Operation 17 'alloca' 'layer2_out_V_data_0_V' <Predicate = true> <Delay = 0.00> <Core = "FIFO">   --->   Core 32 'FIFO' <Latency = 0> <II = 1> <Delay = 1.83> <Storage> <Opcode : 'read' 'write' 'nbread' 'nbwrite'> <Ports = 0> <Width = 16> <Depth = 1> <FIFO>
ST_1 : Operation 18 [1/1] (0.00ns)   --->   "%layer2_out_V_data_1_V = alloca i16, align 2" [firmware/myproject.cpp:35]   --->   Operation 18 'alloca' 'layer2_out_V_data_1_V' <Predicate = true> <Delay = 0.00> <Core = "FIFO">   --->   Core 32 'FIFO' <Latency = 0> <II = 1> <Delay = 1.83> <Storage> <Opcode : 'read' 'write' 'nbread' 'nbwrite'> <Ports = 0> <Width = 16> <Depth = 1> <FIFO>
ST_1 : Operation 19 [1/1] (0.00ns)   --->   "%layer2_out_V_data_2_V = alloca i16, align 2" [firmware/myproject.cpp:35]   --->   Operation 19 'alloca' 'layer2_out_V_data_2_V' <Predicate = true> <Delay = 0.00> <Core = "FIFO">   --->   Core 32 'FIFO' <Latency = 0> <II = 1> <Delay = 1.83> <Storage> <Opcode : 'read' 'write' 'nbread' 'nbwrite'> <Ports = 0> <Width = 16> <Depth = 1> <FIFO>
ST_1 : Operation 20 [1/1] (0.00ns)   --->   "%layer2_out_V_data_3_V = alloca i16, align 2" [firmware/myproject.cpp:35]   --->   Operation 20 'alloca' 'layer2_out_V_data_3_V' <Predicate = true> <Delay = 0.00> <Core = "FIFO">   --->   Core 32 'FIFO' <Latency = 0> <II = 1> <Delay = 1.83> <Storage> <Opcode : 'read' 'write' 'nbread' 'nbwrite'> <Ports = 0> <Width = 16> <Depth = 1> <FIFO>
ST_1 : Operation 21 [1/1] (0.00ns)   --->   "%layer4_out_V_data_0_V = alloca i6, align 1" [firmware/myproject.cpp:39]   --->   Operation 21 'alloca' 'layer4_out_V_data_0_V' <Predicate = true> <Delay = 0.00> <Core = "FIFO">   --->   Core 32 'FIFO' <Latency = 0> <II = 1> <Delay = 1.83> <Storage> <Opcode : 'read' 'write' 'nbread' 'nbwrite'> <Ports = 0> <Width = 16> <Depth = 1> <FIFO>
ST_1 : Operation 22 [1/1] (0.00ns)   --->   "%layer4_out_V_data_1_V = alloca i6, align 1" [firmware/myproject.cpp:39]   --->   Operation 22 'alloca' 'layer4_out_V_data_1_V' <Predicate = true> <Delay = 0.00> <Core = "FIFO">   --->   Core 32 'FIFO' <Latency = 0> <II = 1> <Delay = 1.83> <Storage> <Opcode : 'read' 'write' 'nbread' 'nbwrite'> <Ports = 0> <Width = 16> <Depth = 1> <FIFO>
ST_1 : Operation 23 [1/1] (0.00ns)   --->   "%layer4_out_V_data_2_V = alloca i6, align 1" [firmware/myproject.cpp:39]   --->   Operation 23 'alloca' 'layer4_out_V_data_2_V' <Predicate = true> <Delay = 0.00> <Core = "FIFO">   --->   Core 32 'FIFO' <Latency = 0> <II = 1> <Delay = 1.83> <Storage> <Opcode : 'read' 'write' 'nbread' 'nbwrite'> <Ports = 0> <Width = 16> <Depth = 1> <FIFO>
ST_1 : Operation 24 [1/1] (0.00ns)   --->   "%layer4_out_V_data_3_V = alloca i6, align 1" [firmware/myproject.cpp:39]   --->   Operation 24 'alloca' 'layer4_out_V_data_3_V' <Predicate = true> <Delay = 0.00> <Core = "FIFO">   --->   Core 32 'FIFO' <Latency = 0> <II = 1> <Delay = 1.83> <Storage> <Opcode : 'read' 'write' 'nbread' 'nbwrite'> <Ports = 0> <Width = 16> <Depth = 1> <FIFO>
ST_1 : Operation 25 [1/1] (0.00ns)   --->   "%layer5_out_V_data_0_V = alloca i16, align 2" [firmware/myproject.cpp:43]   --->   Operation 25 'alloca' 'layer5_out_V_data_0_V' <Predicate = true> <Delay = 0.00> <Core = "FIFO">   --->   Core 32 'FIFO' <Latency = 0> <II = 1> <Delay = 1.83> <Storage> <Opcode : 'read' 'write' 'nbread' 'nbwrite'> <Ports = 0> <Width = 16> <Depth = 1> <FIFO>
ST_1 : Operation 26 [1/1] (0.00ns)   --->   "%layer5_out_V_data_1_V = alloca i16, align 2" [firmware/myproject.cpp:43]   --->   Operation 26 'alloca' 'layer5_out_V_data_1_V' <Predicate = true> <Delay = 0.00> <Core = "FIFO">   --->   Core 32 'FIFO' <Latency = 0> <II = 1> <Delay = 1.83> <Storage> <Opcode : 'read' 'write' 'nbread' 'nbwrite'> <Ports = 0> <Width = 16> <Depth = 1> <FIFO>
ST_1 : Operation 27 [1/1] (0.00ns)   --->   "%layer5_out_V_data_2_V = alloca i16, align 2" [firmware/myproject.cpp:43]   --->   Operation 27 'alloca' 'layer5_out_V_data_2_V' <Predicate = true> <Delay = 0.00> <Core = "FIFO">   --->   Core 32 'FIFO' <Latency = 0> <II = 1> <Delay = 1.83> <Storage> <Opcode : 'read' 'write' 'nbread' 'nbwrite'> <Ports = 0> <Width = 16> <Depth = 1> <FIFO>
ST_1 : Operation 28 [1/1] (0.00ns)   --->   "%layer5_out_V_data_3_V = alloca i16, align 2" [firmware/myproject.cpp:43]   --->   Operation 28 'alloca' 'layer5_out_V_data_3_V' <Predicate = true> <Delay = 0.00> <Core = "FIFO">   --->   Core 32 'FIFO' <Latency = 0> <II = 1> <Delay = 1.83> <Storage> <Opcode : 'read' 'write' 'nbread' 'nbwrite'> <Ports = 0> <Width = 16> <Depth = 1> <FIFO>
ST_1 : Operation 29 [1/1] (0.00ns)   --->   "%layer6_out_V_data_0_V = alloca i16, align 2" [firmware/myproject.cpp:47]   --->   Operation 29 'alloca' 'layer6_out_V_data_0_V' <Predicate = true> <Delay = 0.00> <Core = "FIFO">   --->   Core 32 'FIFO' <Latency = 0> <II = 1> <Delay = 1.83> <Storage> <Opcode : 'read' 'write' 'nbread' 'nbwrite'> <Ports = 0> <Width = 16> <Depth = 1> <FIFO>
ST_1 : Operation 30 [1/1] (0.00ns)   --->   "%layer6_out_V_data_1_V = alloca i16, align 2" [firmware/myproject.cpp:47]   --->   Operation 30 'alloca' 'layer6_out_V_data_1_V' <Predicate = true> <Delay = 0.00> <Core = "FIFO">   --->   Core 32 'FIFO' <Latency = 0> <II = 1> <Delay = 1.83> <Storage> <Opcode : 'read' 'write' 'nbread' 'nbwrite'> <Ports = 0> <Width = 16> <Depth = 1> <FIFO>
ST_1 : Operation 31 [1/1] (0.00ns)   --->   "%layer6_out_V_data_2_V = alloca i16, align 2" [firmware/myproject.cpp:47]   --->   Operation 31 'alloca' 'layer6_out_V_data_2_V' <Predicate = true> <Delay = 0.00> <Core = "FIFO">   --->   Core 32 'FIFO' <Latency = 0> <II = 1> <Delay = 1.83> <Storage> <Opcode : 'read' 'write' 'nbread' 'nbwrite'> <Ports = 0> <Width = 16> <Depth = 1> <FIFO>
ST_1 : Operation 32 [1/1] (0.00ns)   --->   "%layer6_out_V_data_3_V = alloca i16, align 2" [firmware/myproject.cpp:47]   --->   Operation 32 'alloca' 'layer6_out_V_data_3_V' <Predicate = true> <Delay = 0.00> <Core = "FIFO">   --->   Core 32 'FIFO' <Latency = 0> <II = 1> <Delay = 1.83> <Storage> <Opcode : 'read' 'write' 'nbread' 'nbwrite'> <Ports = 0> <Width = 16> <Depth = 1> <FIFO>
ST_1 : Operation 33 [1/1] (0.00ns)   --->   "%layer8_out_V_data_0_V = alloca i6, align 1" [firmware/myproject.cpp:51]   --->   Operation 33 'alloca' 'layer8_out_V_data_0_V' <Predicate = true> <Delay = 0.00> <Core = "FIFO">   --->   Core 32 'FIFO' <Latency = 0> <II = 1> <Delay = 1.83> <Storage> <Opcode : 'read' 'write' 'nbread' 'nbwrite'> <Ports = 0> <Width = 16> <Depth = 1> <FIFO>
ST_1 : Operation 34 [1/1] (0.00ns)   --->   "%layer8_out_V_data_1_V = alloca i6, align 1" [firmware/myproject.cpp:51]   --->   Operation 34 'alloca' 'layer8_out_V_data_1_V' <Predicate = true> <Delay = 0.00> <Core = "FIFO">   --->   Core 32 'FIFO' <Latency = 0> <II = 1> <Delay = 1.83> <Storage> <Opcode : 'read' 'write' 'nbread' 'nbwrite'> <Ports = 0> <Width = 16> <Depth = 1> <FIFO>
ST_1 : Operation 35 [1/1] (0.00ns)   --->   "%layer8_out_V_data_2_V = alloca i6, align 1" [firmware/myproject.cpp:51]   --->   Operation 35 'alloca' 'layer8_out_V_data_2_V' <Predicate = true> <Delay = 0.00> <Core = "FIFO">   --->   Core 32 'FIFO' <Latency = 0> <II = 1> <Delay = 1.83> <Storage> <Opcode : 'read' 'write' 'nbread' 'nbwrite'> <Ports = 0> <Width = 16> <Depth = 1> <FIFO>
ST_1 : Operation 36 [1/1] (0.00ns)   --->   "%layer8_out_V_data_3_V = alloca i6, align 1" [firmware/myproject.cpp:51]   --->   Operation 36 'alloca' 'layer8_out_V_data_3_V' <Predicate = true> <Delay = 0.00> <Core = "FIFO">   --->   Core 32 'FIFO' <Latency = 0> <II = 1> <Delay = 1.83> <Storage> <Opcode : 'read' 'write' 'nbread' 'nbwrite'> <Ports = 0> <Width = 16> <Depth = 1> <FIFO>
ST_1 : Operation 37 [1/1] (0.00ns)   --->   "%layer9_out_V_data_0_V = alloca i16, align 2" [firmware/myproject.cpp:55]   --->   Operation 37 'alloca' 'layer9_out_V_data_0_V' <Predicate = true> <Delay = 0.00> <Core = "FIFO">   --->   Core 32 'FIFO' <Latency = 0> <II = 1> <Delay = 1.83> <Storage> <Opcode : 'read' 'write' 'nbread' 'nbwrite'> <Ports = 0> <Width = 16> <Depth = 1> <FIFO>
ST_1 : Operation 38 [1/1] (0.00ns)   --->   "%layer9_out_V_data_1_V = alloca i16, align 2" [firmware/myproject.cpp:55]   --->   Operation 38 'alloca' 'layer9_out_V_data_1_V' <Predicate = true> <Delay = 0.00> <Core = "FIFO">   --->   Core 32 'FIFO' <Latency = 0> <II = 1> <Delay = 1.83> <Storage> <Opcode : 'read' 'write' 'nbread' 'nbwrite'> <Ports = 0> <Width = 16> <Depth = 1> <FIFO>
ST_1 : Operation 39 [1/1] (0.00ns)   --->   "%layer9_out_V_data_2_V = alloca i16, align 2" [firmware/myproject.cpp:55]   --->   Operation 39 'alloca' 'layer9_out_V_data_2_V' <Predicate = true> <Delay = 0.00> <Core = "FIFO">   --->   Core 32 'FIFO' <Latency = 0> <II = 1> <Delay = 1.83> <Storage> <Opcode : 'read' 'write' 'nbread' 'nbwrite'> <Ports = 0> <Width = 16> <Depth = 1> <FIFO>
ST_1 : Operation 40 [1/1] (0.00ns)   --->   "%layer9_out_V_data_3_V = alloca i16, align 2" [firmware/myproject.cpp:55]   --->   Operation 40 'alloca' 'layer9_out_V_data_3_V' <Predicate = true> <Delay = 0.00> <Core = "FIFO">   --->   Core 32 'FIFO' <Latency = 0> <II = 1> <Delay = 1.83> <Storage> <Opcode : 'read' 'write' 'nbread' 'nbwrite'> <Ports = 0> <Width = 16> <Depth = 1> <FIFO>
ST_1 : Operation 41 [1/1] (0.00ns)   --->   "%layer11_out_V_data_0_V = alloca i16, align 2" [firmware/myproject.cpp:60]   --->   Operation 41 'alloca' 'layer11_out_V_data_0_V' <Predicate = true> <Delay = 0.00> <Core = "FIFO">   --->   Core 32 'FIFO' <Latency = 0> <II = 1> <Delay = 1.83> <Storage> <Opcode : 'read' 'write' 'nbread' 'nbwrite'> <Ports = 0> <Width = 16> <Depth = 1> <FIFO>
ST_1 : Operation 42 [1/1] (0.00ns)   --->   "%layer11_out_V_data_1_V = alloca i16, align 2" [firmware/myproject.cpp:60]   --->   Operation 42 'alloca' 'layer11_out_V_data_1_V' <Predicate = true> <Delay = 0.00> <Core = "FIFO">   --->   Core 32 'FIFO' <Latency = 0> <II = 1> <Delay = 1.83> <Storage> <Opcode : 'read' 'write' 'nbread' 'nbwrite'> <Ports = 0> <Width = 16> <Depth = 1> <FIFO>
ST_1 : Operation 43 [1/1] (0.00ns)   --->   "%layer11_out_V_data_2_V = alloca i16, align 2" [firmware/myproject.cpp:60]   --->   Operation 43 'alloca' 'layer11_out_V_data_2_V' <Predicate = true> <Delay = 0.00> <Core = "FIFO">   --->   Core 32 'FIFO' <Latency = 0> <II = 1> <Delay = 1.83> <Storage> <Opcode : 'read' 'write' 'nbread' 'nbwrite'> <Ports = 0> <Width = 16> <Depth = 1> <FIFO>
ST_1 : Operation 44 [1/1] (0.00ns)   --->   "%layer11_out_V_data_3_V = alloca i16, align 2" [firmware/myproject.cpp:60]   --->   Operation 44 'alloca' 'layer11_out_V_data_3_V' <Predicate = true> <Delay = 0.00> <Core = "FIFO">   --->   Core 32 'FIFO' <Latency = 0> <II = 1> <Delay = 1.83> <Storage> <Opcode : 'read' 'write' 'nbread' 'nbwrite'> <Ports = 0> <Width = 16> <Depth = 1> <FIFO>
ST_1 : Operation 45 [1/1] (0.00ns)   --->   "%layer11_out_V_data_4_V = alloca i16, align 2" [firmware/myproject.cpp:60]   --->   Operation 45 'alloca' 'layer11_out_V_data_4_V' <Predicate = true> <Delay = 0.00> <Core = "FIFO">   --->   Core 32 'FIFO' <Latency = 0> <II = 1> <Delay = 1.83> <Storage> <Opcode : 'read' 'write' 'nbread' 'nbwrite'> <Ports = 0> <Width = 16> <Depth = 1> <FIFO>
ST_1 : Operation 46 [1/1] (0.00ns)   --->   "%layer11_out_V_data_5_V = alloca i16, align 2" [firmware/myproject.cpp:60]   --->   Operation 46 'alloca' 'layer11_out_V_data_5_V' <Predicate = true> <Delay = 0.00> <Core = "FIFO">   --->   Core 32 'FIFO' <Latency = 0> <II = 1> <Delay = 1.83> <Storage> <Opcode : 'read' 'write' 'nbread' 'nbwrite'> <Ports = 0> <Width = 16> <Depth = 1> <FIFO>
ST_1 : Operation 47 [1/1] (0.00ns)   --->   "%layer11_out_V_data_6_V = alloca i16, align 2" [firmware/myproject.cpp:60]   --->   Operation 47 'alloca' 'layer11_out_V_data_6_V' <Predicate = true> <Delay = 0.00> <Core = "FIFO">   --->   Core 32 'FIFO' <Latency = 0> <II = 1> <Delay = 1.83> <Storage> <Opcode : 'read' 'write' 'nbread' 'nbwrite'> <Ports = 0> <Width = 16> <Depth = 1> <FIFO>
ST_1 : Operation 48 [1/1] (0.00ns)   --->   "%layer11_out_V_data_7_V = alloca i16, align 2" [firmware/myproject.cpp:60]   --->   Operation 48 'alloca' 'layer11_out_V_data_7_V' <Predicate = true> <Delay = 0.00> <Core = "FIFO">   --->   Core 32 'FIFO' <Latency = 0> <II = 1> <Delay = 1.83> <Storage> <Opcode : 'read' 'write' 'nbread' 'nbwrite'> <Ports = 0> <Width = 16> <Depth = 1> <FIFO>
ST_1 : Operation 49 [1/1] (0.00ns)   --->   "%layer11_out_V_data_8_V = alloca i16, align 2" [firmware/myproject.cpp:60]   --->   Operation 49 'alloca' 'layer11_out_V_data_8_V' <Predicate = true> <Delay = 0.00> <Core = "FIFO">   --->   Core 32 'FIFO' <Latency = 0> <II = 1> <Delay = 1.83> <Storage> <Opcode : 'read' 'write' 'nbread' 'nbwrite'> <Ports = 0> <Width = 16> <Depth = 1> <FIFO>
ST_1 : Operation 50 [1/1] (0.00ns)   --->   "%layer11_out_V_data_9_V = alloca i16, align 2" [firmware/myproject.cpp:60]   --->   Operation 50 'alloca' 'layer11_out_V_data_9_V' <Predicate = true> <Delay = 0.00> <Core = "FIFO">   --->   Core 32 'FIFO' <Latency = 0> <II = 1> <Delay = 1.83> <Storage> <Opcode : 'read' 'write' 'nbread' 'nbwrite'> <Ports = 0> <Width = 16> <Depth = 1> <FIFO>
ST_1 : Operation 51 [1/1] (0.00ns)   --->   "%layer11_out_V_data_10_V = alloca i16, align 2" [firmware/myproject.cpp:60]   --->   Operation 51 'alloca' 'layer11_out_V_data_10_V' <Predicate = true> <Delay = 0.00> <Core = "FIFO">   --->   Core 32 'FIFO' <Latency = 0> <II = 1> <Delay = 1.83> <Storage> <Opcode : 'read' 'write' 'nbread' 'nbwrite'> <Ports = 0> <Width = 16> <Depth = 1> <FIFO>
ST_1 : Operation 52 [1/1] (0.00ns)   --->   "%layer11_out_V_data_11_V = alloca i16, align 2" [firmware/myproject.cpp:60]   --->   Operation 52 'alloca' 'layer11_out_V_data_11_V' <Predicate = true> <Delay = 0.00> <Core = "FIFO">   --->   Core 32 'FIFO' <Latency = 0> <II = 1> <Delay = 1.83> <Storage> <Opcode : 'read' 'write' 'nbread' 'nbwrite'> <Ports = 0> <Width = 16> <Depth = 1> <FIFO>
ST_1 : Operation 53 [1/1] (0.00ns)   --->   "%layer11_out_V_data_12_V = alloca i16, align 2" [firmware/myproject.cpp:60]   --->   Operation 53 'alloca' 'layer11_out_V_data_12_V' <Predicate = true> <Delay = 0.00> <Core = "FIFO">   --->   Core 32 'FIFO' <Latency = 0> <II = 1> <Delay = 1.83> <Storage> <Opcode : 'read' 'write' 'nbread' 'nbwrite'> <Ports = 0> <Width = 16> <Depth = 1> <FIFO>
ST_1 : Operation 54 [2/2] (0.00ns)   --->   "call fastcc void @"conv_2d_cl<array<ap_fixed,3u>,array<ap_fixed<16,6,5,3,0>,4u>,config2>"(i16* %conv1_input_V_data_0_V, i16* %conv1_input_V_data_1_V, i16* %conv1_input_V_data_2_V, i16* %layer2_out_V_data_0_V, i16* %layer2_out_V_data_1_V, i16* %layer2_out_V_data_2_V, i16* %layer2_out_V_data_3_V)" [firmware/myproject.cpp:37]   --->   Operation 54 'call' <Predicate = true> <Delay = 0.00> <CoreType = "Generic">   --->   Core 0 '' <Latency = 0> <II = 1> <Delay = 1.00> <Generic> <Opcode : >

State 2 <SV = 1> <Delay = 0.00>
ST_2 : Operation 55 [1/2] (0.00ns)   --->   "call fastcc void @"conv_2d_cl<array<ap_fixed,3u>,array<ap_fixed<16,6,5,3,0>,4u>,config2>"(i16* %conv1_input_V_data_0_V, i16* %conv1_input_V_data_1_V, i16* %conv1_input_V_data_2_V, i16* %layer2_out_V_data_0_V, i16* %layer2_out_V_data_1_V, i16* %layer2_out_V_data_2_V, i16* %layer2_out_V_data_3_V)" [firmware/myproject.cpp:37]   --->   Operation 55 'call' <Predicate = true> <Delay = 0.00> <CoreType = "Generic">   --->   Core 0 '' <Latency = 0> <II = 1> <Delay = 1.00> <Generic> <Opcode : >

State 3 <SV = 2> <Delay = 0.00>
ST_3 : Operation 56 [2/2] (0.00ns)   --->   "call fastcc void @"relu<array<ap_fixed,4u>,array<ap_ufixed<6,0,4,0,0>,4u>,relu_config4>"(i16* %layer2_out_V_data_0_V, i16* %layer2_out_V_data_1_V, i16* %layer2_out_V_data_2_V, i16* %layer2_out_V_data_3_V, i6* %layer4_out_V_data_0_V, i6* %layer4_out_V_data_1_V, i6* %layer4_out_V_data_2_V, i6* %layer4_out_V_data_3_V)" [firmware/myproject.cpp:41]   --->   Operation 56 'call' <Predicate = true> <Delay = 0.00> <CoreType = "Generic">   --->   Core 0 '' <Latency = 0> <II = 1> <Delay = 1.00> <Generic> <Opcode : >

State 4 <SV = 3> <Delay = 0.00>
ST_4 : Operation 57 [1/2] (0.00ns)   --->   "call fastcc void @"relu<array<ap_fixed,4u>,array<ap_ufixed<6,0,4,0,0>,4u>,relu_config4>"(i16* %layer2_out_V_data_0_V, i16* %layer2_out_V_data_1_V, i16* %layer2_out_V_data_2_V, i16* %layer2_out_V_data_3_V, i6* %layer4_out_V_data_0_V, i6* %layer4_out_V_data_1_V, i6* %layer4_out_V_data_2_V, i6* %layer4_out_V_data_3_V)" [firmware/myproject.cpp:41]   --->   Operation 57 'call' <Predicate = true> <Delay = 0.00> <CoreType = "Generic">   --->   Core 0 '' <Latency = 0> <II = 1> <Delay = 1.00> <Generic> <Opcode : >

State 5 <SV = 4> <Delay = 0.00>
ST_5 : Operation 58 [2/2] (0.00ns)   --->   "call fastcc void @"pooling2d_cl<array<ap_ufixed,4u>,array<ap_fixed<16,6,5,3,0>,4u>,config5>"(i6* %layer4_out_V_data_0_V, i6* %layer4_out_V_data_1_V, i6* %layer4_out_V_data_2_V, i6* %layer4_out_V_data_3_V, i16* %layer5_out_V_data_0_V, i16* %layer5_out_V_data_1_V, i16* %layer5_out_V_data_2_V, i16* %layer5_out_V_data_3_V)" [firmware/myproject.cpp:45]   --->   Operation 58 'call' <Predicate = true> <Delay = 0.00> <CoreType = "Generic">   --->   Core 0 '' <Latency = 0> <II = 1> <Delay = 1.00> <Generic> <Opcode : >

State 6 <SV = 5> <Delay = 0.00>
ST_6 : Operation 59 [1/2] (0.00ns)   --->   "call fastcc void @"pooling2d_cl<array<ap_ufixed,4u>,array<ap_fixed<16,6,5,3,0>,4u>,config5>"(i6* %layer4_out_V_data_0_V, i6* %layer4_out_V_data_1_V, i6* %layer4_out_V_data_2_V, i6* %layer4_out_V_data_3_V, i16* %layer5_out_V_data_0_V, i16* %layer5_out_V_data_1_V, i16* %layer5_out_V_data_2_V, i16* %layer5_out_V_data_3_V)" [firmware/myproject.cpp:45]   --->   Operation 59 'call' <Predicate = true> <Delay = 0.00> <CoreType = "Generic">   --->   Core 0 '' <Latency = 0> <II = 1> <Delay = 1.00> <Generic> <Opcode : >

State 7 <SV = 6> <Delay = 0.00>
ST_7 : Operation 60 [2/2] (0.00ns)   --->   "call fastcc void @"conv_2d_cl<array<ap_fixed,4u>,array<ap_fixed<16,6,5,3,0>,4u>,config6>"(i16* %layer5_out_V_data_0_V, i16* %layer5_out_V_data_1_V, i16* %layer5_out_V_data_2_V, i16* %layer5_out_V_data_3_V, i16* %layer6_out_V_data_0_V, i16* %layer6_out_V_data_1_V, i16* %layer6_out_V_data_2_V, i16* %layer6_out_V_data_3_V)" [firmware/myproject.cpp:49]   --->   Operation 60 'call' <Predicate = true> <Delay = 0.00> <CoreType = "Generic">   --->   Core 0 '' <Latency = 0> <II = 1> <Delay = 1.00> <Generic> <Opcode : >

State 8 <SV = 7> <Delay = 0.00>
ST_8 : Operation 61 [1/2] (0.00ns)   --->   "call fastcc void @"conv_2d_cl<array<ap_fixed,4u>,array<ap_fixed<16,6,5,3,0>,4u>,config6>"(i16* %layer5_out_V_data_0_V, i16* %layer5_out_V_data_1_V, i16* %layer5_out_V_data_2_V, i16* %layer5_out_V_data_3_V, i16* %layer6_out_V_data_0_V, i16* %layer6_out_V_data_1_V, i16* %layer6_out_V_data_2_V, i16* %layer6_out_V_data_3_V)" [firmware/myproject.cpp:49]   --->   Operation 61 'call' <Predicate = true> <Delay = 0.00> <CoreType = "Generic">   --->   Core 0 '' <Latency = 0> <II = 1> <Delay = 1.00> <Generic> <Opcode : >

State 9 <SV = 8> <Delay = 0.00>
ST_9 : Operation 62 [2/2] (0.00ns)   --->   "call fastcc void @"relu<array<ap_fixed,4u>,array<ap_ufixed<6,0,4,0,0>,4u>,relu_config8>"(i16* %layer6_out_V_data_0_V, i16* %layer6_out_V_data_1_V, i16* %layer6_out_V_data_2_V, i16* %layer6_out_V_data_3_V, i6* %layer8_out_V_data_0_V, i6* %layer8_out_V_data_1_V, i6* %layer8_out_V_data_2_V, i6* %layer8_out_V_data_3_V)" [firmware/myproject.cpp:53]   --->   Operation 62 'call' <Predicate = true> <Delay = 0.00> <CoreType = "Generic">   --->   Core 0 '' <Latency = 0> <II = 1> <Delay = 1.00> <Generic> <Opcode : >

State 10 <SV = 9> <Delay = 0.00>
ST_10 : Operation 63 [1/2] (0.00ns)   --->   "call fastcc void @"relu<array<ap_fixed,4u>,array<ap_ufixed<6,0,4,0,0>,4u>,relu_config8>"(i16* %layer6_out_V_data_0_V, i16* %layer6_out_V_data_1_V, i16* %layer6_out_V_data_2_V, i16* %layer6_out_V_data_3_V, i6* %layer8_out_V_data_0_V, i6* %layer8_out_V_data_1_V, i6* %layer8_out_V_data_2_V, i6* %layer8_out_V_data_3_V)" [firmware/myproject.cpp:53]   --->   Operation 63 'call' <Predicate = true> <Delay = 0.00> <CoreType = "Generic">   --->   Core 0 '' <Latency = 0> <II = 1> <Delay = 1.00> <Generic> <Opcode : >

State 11 <SV = 10> <Delay = 0.00>
ST_11 : Operation 64 [2/2] (0.00ns)   --->   "call fastcc void @"pooling2d_cl<array<ap_ufixed,4u>,array<ap_fixed<16,6,5,3,0>,4u>,config9>"(i6* %layer8_out_V_data_0_V, i6* %layer8_out_V_data_1_V, i6* %layer8_out_V_data_2_V, i6* %layer8_out_V_data_3_V, i16* %layer9_out_V_data_0_V, i16* %layer9_out_V_data_1_V, i16* %layer9_out_V_data_2_V, i16* %layer9_out_V_data_3_V)" [firmware/myproject.cpp:57]   --->   Operation 64 'call' <Predicate = true> <Delay = 0.00> <CoreType = "Generic">   --->   Core 0 '' <Latency = 0> <II = 1> <Delay = 1.00> <Generic> <Opcode : >

State 12 <SV = 11> <Delay = 0.00>
ST_12 : Operation 65 [1/2] (0.00ns)   --->   "call fastcc void @"pooling2d_cl<array<ap_ufixed,4u>,array<ap_fixed<16,6,5,3,0>,4u>,config9>"(i6* %layer8_out_V_data_0_V, i6* %layer8_out_V_data_1_V, i6* %layer8_out_V_data_2_V, i6* %layer8_out_V_data_3_V, i16* %layer9_out_V_data_0_V, i16* %layer9_out_V_data_1_V, i16* %layer9_out_V_data_2_V, i16* %layer9_out_V_data_3_V)" [firmware/myproject.cpp:57]   --->   Operation 65 'call' <Predicate = true> <Delay = 0.00> <CoreType = "Generic">   --->   Core 0 '' <Latency = 0> <II = 1> <Delay = 1.00> <Generic> <Opcode : >

State 13 <SV = 12> <Delay = 0.00>
ST_13 : Operation 66 [2/2] (0.00ns)   --->   "call fastcc void @"dense<array<ap_fixed,4u>,array<ap_fixed<16,6,5,3,0>,13u>,config11>"(i16* %layer9_out_V_data_0_V, i16* %layer9_out_V_data_1_V, i16* %layer9_out_V_data_2_V, i16* %layer9_out_V_data_3_V, i16* %layer11_out_V_data_0_V, i16* %layer11_out_V_data_1_V, i16* %layer11_out_V_data_2_V, i16* %layer11_out_V_data_3_V, i16* %layer11_out_V_data_4_V, i16* %layer11_out_V_data_5_V, i16* %layer11_out_V_data_6_V, i16* %layer11_out_V_data_7_V, i16* %layer11_out_V_data_8_V, i16* %layer11_out_V_data_9_V, i16* %layer11_out_V_data_10_V, i16* %layer11_out_V_data_11_V, i16* %layer11_out_V_data_12_V)" [firmware/myproject.cpp:62]   --->   Operation 66 'call' <Predicate = true> <Delay = 0.00> <CoreType = "Generic">   --->   Core 0 '' <Latency = 0> <II = 1> <Delay = 1.00> <Generic> <Opcode : >

State 14 <SV = 13> <Delay = 0.00>
ST_14 : Operation 67 [1/2] (0.00ns)   --->   "call fastcc void @"dense<array<ap_fixed,4u>,array<ap_fixed<16,6,5,3,0>,13u>,config11>"(i16* %layer9_out_V_data_0_V, i16* %layer9_out_V_data_1_V, i16* %layer9_out_V_data_2_V, i16* %layer9_out_V_data_3_V, i16* %layer11_out_V_data_0_V, i16* %layer11_out_V_data_1_V, i16* %layer11_out_V_data_2_V, i16* %layer11_out_V_data_3_V, i16* %layer11_out_V_data_4_V, i16* %layer11_out_V_data_5_V, i16* %layer11_out_V_data_6_V, i16* %layer11_out_V_data_7_V, i16* %layer11_out_V_data_8_V, i16* %layer11_out_V_data_9_V, i16* %layer11_out_V_data_10_V, i16* %layer11_out_V_data_11_V, i16* %layer11_out_V_data_12_V)" [firmware/myproject.cpp:62]   --->   Operation 67 'call' <Predicate = true> <Delay = 0.00> <CoreType = "Generic">   --->   Core 0 '' <Latency = 0> <II = 1> <Delay = 1.00> <Generic> <Opcode : >

State 15 <SV = 14> <Delay = 0.00>
ST_15 : Operation 68 [2/2] (0.00ns)   --->   "call fastcc void @"softmax<array,array<ap_fixed<16,6,5,3,0>,13u>,softmax_config12>"(i16* %layer11_out_V_data_0_V, i16* %layer11_out_V_data_1_V, i16* %layer11_out_V_data_2_V, i16* %layer11_out_V_data_3_V, i16* %layer11_out_V_data_4_V, i16* %layer11_out_V_data_5_V, i16* %layer11_out_V_data_6_V, i16* %layer11_out_V_data_7_V, i16* %layer11_out_V_data_8_V, i16* %layer11_out_V_data_9_V, i16* %layer11_out_V_data_10_V, i16* %layer11_out_V_data_11_V, i16* %layer11_out_V_data_12_V, i16* %layer12_out_V_data_0_V, i16* %layer12_out_V_data_1_V, i16* %layer12_out_V_data_2_V, i16* %layer12_out_V_data_3_V, i16* %layer12_out_V_data_4_V, i16* %layer12_out_V_data_5_V, i16* %layer12_out_V_data_6_V, i16* %layer12_out_V_data_7_V, i16* %layer12_out_V_data_8_V, i16* %layer12_out_V_data_9_V, i16* %layer12_out_V_data_10_V, i16* %layer12_out_V_data_11_V, i16* %layer12_out_V_data_12_V)" [firmware/myproject.cpp:64]   --->   Operation 68 'call' <Predicate = true> <Delay = 0.00> <CoreType = "Generic">   --->   Core 0 '' <Latency = 0> <II = 1> <Delay = 1.00> <Generic> <Opcode : >

State 16 <SV = 15> <Delay = 0.00>
ST_16 : Operation 69 [1/1] (0.00ns)   --->   "call void (...)* @_ssdm_op_SpecInterface(i16* %layer12_out_V_data_12_V, [8 x i8]* @ap_fifo_str, i32 0, i32 0, [1 x i8]* @p_str453, i32 0, i32 0, [1 x i8]* @p_str454, [1 x i8]* @p_str455, [1 x i8]* @p_str456, i32 2, i32 2, i32 16, i32 16, [1 x i8]* @p_str457, [1 x i8]* @p_str458)"   --->   Operation 69 'specinterface' <Predicate = true> <Delay = 0.00>
ST_16 : Operation 70 [1/1] (0.00ns)   --->   "call void (...)* @_ssdm_op_SpecInterface(i16* %layer12_out_V_data_11_V, [8 x i8]* @ap_fifo_str, i32 0, i32 0, [1 x i8]* @p_str446, i32 0, i32 0, [1 x i8]* @p_str447, [1 x i8]* @p_str448, [1 x i8]* @p_str449, i32 2, i32 2, i32 16, i32 16, [1 x i8]* @p_str450, [1 x i8]* @p_str451)"   --->   Operation 70 'specinterface' <Predicate = true> <Delay = 0.00>
ST_16 : Operation 71 [1/1] (0.00ns)   --->   "call void (...)* @_ssdm_op_SpecInterface(i16* %layer12_out_V_data_10_V, [8 x i8]* @ap_fifo_str, i32 0, i32 0, [1 x i8]* @p_str439, i32 0, i32 0, [1 x i8]* @p_str440, [1 x i8]* @p_str441, [1 x i8]* @p_str442, i32 2, i32 2, i32 16, i32 16, [1 x i8]* @p_str443, [1 x i8]* @p_str444)"   --->   Operation 71 'specinterface' <Predicate = true> <Delay = 0.00>
ST_16 : Operation 72 [1/1] (0.00ns)   --->   "call void (...)* @_ssdm_op_SpecInterface(i16* %layer12_out_V_data_9_V, [8 x i8]* @ap_fifo_str, i32 0, i32 0, [1 x i8]* @p_str432, i32 0, i32 0, [1 x i8]* @p_str433, [1 x i8]* @p_str434, [1 x i8]* @p_str435, i32 2, i32 2, i32 16, i32 16, [1 x i8]* @p_str436, [1 x i8]* @p_str437)"   --->   Operation 72 'specinterface' <Predicate = true> <Delay = 0.00>
ST_16 : Operation 73 [1/1] (0.00ns)   --->   "call void (...)* @_ssdm_op_SpecInterface(i16* %layer12_out_V_data_8_V, [8 x i8]* @ap_fifo_str, i32 0, i32 0, [1 x i8]* @p_str425, i32 0, i32 0, [1 x i8]* @p_str426, [1 x i8]* @p_str427, [1 x i8]* @p_str428, i32 2, i32 2, i32 16, i32 16, [1 x i8]* @p_str429, [1 x i8]* @p_str430)"   --->   Operation 73 'specinterface' <Predicate = true> <Delay = 0.00>
ST_16 : Operation 74 [1/1] (0.00ns)   --->   "call void (...)* @_ssdm_op_SpecInterface(i16* %layer12_out_V_data_7_V, [8 x i8]* @ap_fifo_str, i32 0, i32 0, [1 x i8]* @p_str418, i32 0, i32 0, [1 x i8]* @p_str419, [1 x i8]* @p_str420, [1 x i8]* @p_str421, i32 2, i32 2, i32 16, i32 16, [1 x i8]* @p_str422, [1 x i8]* @p_str423)"   --->   Operation 74 'specinterface' <Predicate = true> <Delay = 0.00>
ST_16 : Operation 75 [1/1] (0.00ns)   --->   "call void (...)* @_ssdm_op_SpecInterface(i16* %layer12_out_V_data_6_V, [8 x i8]* @ap_fifo_str, i32 0, i32 0, [1 x i8]* @p_str411, i32 0, i32 0, [1 x i8]* @p_str412, [1 x i8]* @p_str413, [1 x i8]* @p_str414, i32 2, i32 2, i32 16, i32 16, [1 x i8]* @p_str415, [1 x i8]* @p_str416)"   --->   Operation 75 'specinterface' <Predicate = true> <Delay = 0.00>
ST_16 : Operation 76 [1/1] (0.00ns)   --->   "call void (...)* @_ssdm_op_SpecInterface(i16* %layer12_out_V_data_5_V, [8 x i8]* @ap_fifo_str, i32 0, i32 0, [1 x i8]* @p_str404, i32 0, i32 0, [1 x i8]* @p_str405, [1 x i8]* @p_str406, [1 x i8]* @p_str407, i32 2, i32 2, i32 16, i32 16, [1 x i8]* @p_str408, [1 x i8]* @p_str409)"   --->   Operation 76 'specinterface' <Predicate = true> <Delay = 0.00>
ST_16 : Operation 77 [1/1] (0.00ns)   --->   "call void (...)* @_ssdm_op_SpecInterface(i16* %layer12_out_V_data_4_V, [8 x i8]* @ap_fifo_str, i32 0, i32 0, [1 x i8]* @p_str397, i32 0, i32 0, [1 x i8]* @p_str398, [1 x i8]* @p_str399, [1 x i8]* @p_str400, i32 2, i32 2, i32 16, i32 16, [1 x i8]* @p_str401, [1 x i8]* @p_str402)"   --->   Operation 77 'specinterface' <Predicate = true> <Delay = 0.00>
ST_16 : Operation 78 [1/1] (0.00ns)   --->   "call void (...)* @_ssdm_op_SpecInterface(i16* %layer12_out_V_data_3_V, [8 x i8]* @ap_fifo_str, i32 0, i32 0, [1 x i8]* @p_str390, i32 0, i32 0, [1 x i8]* @p_str391, [1 x i8]* @p_str392, [1 x i8]* @p_str393, i32 2, i32 2, i32 16, i32 16, [1 x i8]* @p_str394, [1 x i8]* @p_str395)"   --->   Operation 78 'specinterface' <Predicate = true> <Delay = 0.00>
ST_16 : Operation 79 [1/1] (0.00ns)   --->   "call void (...)* @_ssdm_op_SpecInterface(i16* %layer12_out_V_data_2_V, [8 x i8]* @ap_fifo_str, i32 0, i32 0, [1 x i8]* @p_str383, i32 0, i32 0, [1 x i8]* @p_str384, [1 x i8]* @p_str385, [1 x i8]* @p_str386, i32 2, i32 2, i32 16, i32 16, [1 x i8]* @p_str387, [1 x i8]* @p_str388)"   --->   Operation 79 'specinterface' <Predicate = true> <Delay = 0.00>
ST_16 : Operation 80 [1/1] (0.00ns)   --->   "call void (...)* @_ssdm_op_SpecInterface(i16* %layer12_out_V_data_1_V, [8 x i8]* @ap_fifo_str, i32 0, i32 0, [1 x i8]* @p_str376, i32 0, i32 0, [1 x i8]* @p_str377, [1 x i8]* @p_str378, [1 x i8]* @p_str379, i32 2, i32 2, i32 16, i32 16, [1 x i8]* @p_str380, [1 x i8]* @p_str381)"   --->   Operation 80 'specinterface' <Predicate = true> <Delay = 0.00>
ST_16 : Operation 81 [1/1] (0.00ns)   --->   "call void (...)* @_ssdm_op_SpecInterface(i16* %layer12_out_V_data_0_V, [8 x i8]* @ap_fifo_str, i32 0, i32 0, [1 x i8]* @p_str369, i32 0, i32 0, [1 x i8]* @p_str370, [1 x i8]* @p_str371, [1 x i8]* @p_str372, i32 2, i32 2, i32 16, i32 16, [1 x i8]* @p_str373, [1 x i8]* @p_str374)"   --->   Operation 81 'specinterface' <Predicate = true> <Delay = 0.00>
ST_16 : Operation 82 [1/1] (0.00ns)   --->   "call void (...)* @_ssdm_op_SpecInterface(i16* %conv1_input_V_data_2_V, [8 x i8]* @ap_fifo_str, i32 0, i32 0, [1 x i8]* @p_str362, i32 0, i32 0, [1 x i8]* @p_str363, [1 x i8]* @p_str364, [1 x i8]* @p_str365, i32 2, i32 2, i32 16, i32 16, [1 x i8]* @p_str366, [1 x i8]* @p_str367)"   --->   Operation 82 'specinterface' <Predicate = true> <Delay = 0.00>
ST_16 : Operation 83 [1/1] (0.00ns)   --->   "call void (...)* @_ssdm_op_SpecInterface(i16* %conv1_input_V_data_1_V, [8 x i8]* @ap_fifo_str, i32 0, i32 0, [1 x i8]* @p_str355, i32 0, i32 0, [1 x i8]* @p_str356, [1 x i8]* @p_str357, [1 x i8]* @p_str358, i32 2, i32 2, i32 16, i32 16, [1 x i8]* @p_str359, [1 x i8]* @p_str360)"   --->   Operation 83 'specinterface' <Predicate = true> <Delay = 0.00>
ST_16 : Operation 84 [1/1] (0.00ns)   --->   "call void (...)* @_ssdm_op_SpecInterface(i16* %conv1_input_V_data_0_V, [8 x i8]* @ap_fifo_str, i32 0, i32 0, [1 x i8]* @p_str348, i32 0, i32 0, [1 x i8]* @p_str349, [1 x i8]* @p_str350, [1 x i8]* @p_str351, i32 2, i32 2, i32 16, i32 16, [1 x i8]* @p_str352, [1 x i8]* @p_str353)"   --->   Operation 84 'specinterface' <Predicate = true> <Delay = 0.00>
ST_16 : Operation 85 [1/1] (0.00ns)   --->   "call void (...)* @_ssdm_op_SpecDataflowPipeline(i32 -1, i32 0, [1 x i8]* @p_str10) nounwind" [firmware/myproject.cpp:13]   --->   Operation 85 'specdataflowpipeline' <Predicate = true> <Delay = 0.00>
ST_16 : Operation 86 [1/1] (0.00ns)   --->   "%empty = call i32 (...)* @_ssdm_op_SpecChannel([23 x i8]* @layer2_out_OC_V_OC_data_LF_0_NF_OC_V_str, i32 1, [1 x i8]* @p_str459, [1 x i8]* @p_str459, i32 3844, i32 3844, i16* %layer2_out_V_data_0_V, i16* %layer2_out_V_data_0_V)"   --->   Operation 86 'specchannel' 'empty' <Predicate = true> <Delay = 0.00>
ST_16 : Operation 87 [1/1] (0.00ns)   --->   "call void (...)* @_ssdm_op_SpecInterface(i16* %layer2_out_V_data_0_V, [8 x i8]* @ap_fifo_str, i32 0, i32 0, [1 x i8]* @p_str460, i32 0, i32 0, [1 x i8]* @p_str461, [1 x i8]* @p_str462, [1 x i8]* @p_str463, i32 2, i32 2, i32 16, i32 16, [1 x i8]* @p_str464, [1 x i8]* @p_str465)"   --->   Operation 87 'specinterface' <Predicate = true> <Delay = 0.00>
ST_16 : Operation 88 [1/1] (0.00ns)   --->   "%empty_66 = call i32 (...)* @_ssdm_op_SpecChannel([23 x i8]* @layer2_out_OC_V_OC_data_LF_1_NF_OC_V_str, i32 1, [1 x i8]* @p_str466, [1 x i8]* @p_str466, i32 3844, i32 3844, i16* %layer2_out_V_data_1_V, i16* %layer2_out_V_data_1_V)"   --->   Operation 88 'specchannel' 'empty_66' <Predicate = true> <Delay = 0.00>
ST_16 : Operation 89 [1/1] (0.00ns)   --->   "call void (...)* @_ssdm_op_SpecInterface(i16* %layer2_out_V_data_1_V, [8 x i8]* @ap_fifo_str, i32 0, i32 0, [1 x i8]* @p_str467, i32 0, i32 0, [1 x i8]* @p_str468, [1 x i8]* @p_str469, [1 x i8]* @p_str470, i32 2, i32 2, i32 16, i32 16, [1 x i8]* @p_str471, [1 x i8]* @p_str472)"   --->   Operation 89 'specinterface' <Predicate = true> <Delay = 0.00>
ST_16 : Operation 90 [1/1] (0.00ns)   --->   "%empty_67 = call i32 (...)* @_ssdm_op_SpecChannel([23 x i8]* @layer2_out_OC_V_OC_data_LF_2_NF_OC_V_str, i32 1, [1 x i8]* @p_str473, [1 x i8]* @p_str473, i32 3844, i32 3844, i16* %layer2_out_V_data_2_V, i16* %layer2_out_V_data_2_V)"   --->   Operation 90 'specchannel' 'empty_67' <Predicate = true> <Delay = 0.00>
ST_16 : Operation 91 [1/1] (0.00ns)   --->   "call void (...)* @_ssdm_op_SpecInterface(i16* %layer2_out_V_data_2_V, [8 x i8]* @ap_fifo_str, i32 0, i32 0, [1 x i8]* @p_str474, i32 0, i32 0, [1 x i8]* @p_str475, [1 x i8]* @p_str476, [1 x i8]* @p_str477, i32 2, i32 2, i32 16, i32 16, [1 x i8]* @p_str478, [1 x i8]* @p_str479)"   --->   Operation 91 'specinterface' <Predicate = true> <Delay = 0.00>
ST_16 : Operation 92 [1/1] (0.00ns)   --->   "%empty_68 = call i32 (...)* @_ssdm_op_SpecChannel([23 x i8]* @layer2_out_OC_V_OC_data_LF_3_NF_OC_V_str, i32 1, [1 x i8]* @p_str480, [1 x i8]* @p_str480, i32 3844, i32 3844, i16* %layer2_out_V_data_3_V, i16* %layer2_out_V_data_3_V)"   --->   Operation 92 'specchannel' 'empty_68' <Predicate = true> <Delay = 0.00>
ST_16 : Operation 93 [1/1] (0.00ns)   --->   "call void (...)* @_ssdm_op_SpecInterface(i16* %layer2_out_V_data_3_V, [8 x i8]* @ap_fifo_str, i32 0, i32 0, [1 x i8]* @p_str481, i32 0, i32 0, [1 x i8]* @p_str482, [1 x i8]* @p_str483, [1 x i8]* @p_str484, i32 2, i32 2, i32 16, i32 16, [1 x i8]* @p_str485, [1 x i8]* @p_str486)"   --->   Operation 93 'specinterface' <Predicate = true> <Delay = 0.00>
ST_16 : Operation 94 [1/1] (0.00ns)   --->   "%empty_69 = call i32 (...)* @_ssdm_op_SpecChannel([23 x i8]* @layer4_out_OC_V_OC_data_LF_0_NF_OC_V_str, i32 1, [1 x i8]* @p_str487, [1 x i8]* @p_str487, i32 3844, i32 3844, i6* %layer4_out_V_data_0_V, i6* %layer4_out_V_data_0_V)"   --->   Operation 94 'specchannel' 'empty_69' <Predicate = true> <Delay = 0.00>
ST_16 : Operation 95 [1/1] (0.00ns)   --->   "call void (...)* @_ssdm_op_SpecInterface(i6* %layer4_out_V_data_0_V, [8 x i8]* @ap_fifo_str, i32 0, i32 0, [1 x i8]* @p_str488, i32 0, i32 0, [1 x i8]* @p_str489, [1 x i8]* @p_str490, [1 x i8]* @p_str491, i32 2, i32 2, i32 16, i32 16, [1 x i8]* @p_str492, [1 x i8]* @p_str493)"   --->   Operation 95 'specinterface' <Predicate = true> <Delay = 0.00>
ST_16 : Operation 96 [1/1] (0.00ns)   --->   "%empty_70 = call i32 (...)* @_ssdm_op_SpecChannel([23 x i8]* @layer4_out_OC_V_OC_data_LF_1_NF_OC_V_str, i32 1, [1 x i8]* @p_str494, [1 x i8]* @p_str494, i32 3844, i32 3844, i6* %layer4_out_V_data_1_V, i6* %layer4_out_V_data_1_V)"   --->   Operation 96 'specchannel' 'empty_70' <Predicate = true> <Delay = 0.00>
ST_16 : Operation 97 [1/1] (0.00ns)   --->   "call void (...)* @_ssdm_op_SpecInterface(i6* %layer4_out_V_data_1_V, [8 x i8]* @ap_fifo_str, i32 0, i32 0, [1 x i8]* @p_str495, i32 0, i32 0, [1 x i8]* @p_str496, [1 x i8]* @p_str497, [1 x i8]* @p_str498, i32 2, i32 2, i32 16, i32 16, [1 x i8]* @p_str499, [1 x i8]* @p_str500)"   --->   Operation 97 'specinterface' <Predicate = true> <Delay = 0.00>
ST_16 : Operation 98 [1/1] (0.00ns)   --->   "%empty_71 = call i32 (...)* @_ssdm_op_SpecChannel([23 x i8]* @layer4_out_OC_V_OC_data_LF_2_NF_OC_V_str, i32 1, [1 x i8]* @p_str501, [1 x i8]* @p_str501, i32 3844, i32 3844, i6* %layer4_out_V_data_2_V, i6* %layer4_out_V_data_2_V)"   --->   Operation 98 'specchannel' 'empty_71' <Predicate = true> <Delay = 0.00>
ST_16 : Operation 99 [1/1] (0.00ns)   --->   "call void (...)* @_ssdm_op_SpecInterface(i6* %layer4_out_V_data_2_V, [8 x i8]* @ap_fifo_str, i32 0, i32 0, [1 x i8]* @p_str502, i32 0, i32 0, [1 x i8]* @p_str503, [1 x i8]* @p_str504, [1 x i8]* @p_str505, i32 2, i32 2, i32 16, i32 16, [1 x i8]* @p_str506, [1 x i8]* @p_str507)"   --->   Operation 99 'specinterface' <Predicate = true> <Delay = 0.00>
ST_16 : Operation 100 [1/1] (0.00ns)   --->   "%empty_72 = call i32 (...)* @_ssdm_op_SpecChannel([23 x i8]* @layer4_out_OC_V_OC_data_LF_3_NF_OC_V_str, i32 1, [1 x i8]* @p_str508, [1 x i8]* @p_str508, i32 3844, i32 3844, i6* %layer4_out_V_data_3_V, i6* %layer4_out_V_data_3_V)"   --->   Operation 100 'specchannel' 'empty_72' <Predicate = true> <Delay = 0.00>
ST_16 : Operation 101 [1/1] (0.00ns)   --->   "call void (...)* @_ssdm_op_SpecInterface(i6* %layer4_out_V_data_3_V, [8 x i8]* @ap_fifo_str, i32 0, i32 0, [1 x i8]* @p_str509, i32 0, i32 0, [1 x i8]* @p_str510, [1 x i8]* @p_str511, [1 x i8]* @p_str512, i32 2, i32 2, i32 16, i32 16, [1 x i8]* @p_str513, [1 x i8]* @p_str514)"   --->   Operation 101 'specinterface' <Predicate = true> <Delay = 0.00>
ST_16 : Operation 102 [1/1] (0.00ns)   --->   "%empty_73 = call i32 (...)* @_ssdm_op_SpecChannel([23 x i8]* @layer5_out_OC_V_OC_data_LF_0_NF_OC_V_str, i32 1, [1 x i8]* @p_str515, [1 x i8]* @p_str515, i32 961, i32 961, i16* %layer5_out_V_data_0_V, i16* %layer5_out_V_data_0_V)"   --->   Operation 102 'specchannel' 'empty_73' <Predicate = true> <Delay = 0.00>
ST_16 : Operation 103 [1/1] (0.00ns)   --->   "call void (...)* @_ssdm_op_SpecInterface(i16* %layer5_out_V_data_0_V, [8 x i8]* @ap_fifo_str, i32 0, i32 0, [1 x i8]* @p_str516, i32 0, i32 0, [1 x i8]* @p_str517, [1 x i8]* @p_str518, [1 x i8]* @p_str519, i32 2, i32 2, i32 16, i32 16, [1 x i8]* @p_str520, [1 x i8]* @p_str521)"   --->   Operation 103 'specinterface' <Predicate = true> <Delay = 0.00>
ST_16 : Operation 104 [1/1] (0.00ns)   --->   "%empty_74 = call i32 (...)* @_ssdm_op_SpecChannel([23 x i8]* @layer5_out_OC_V_OC_data_LF_1_NF_OC_V_str, i32 1, [1 x i8]* @p_str522, [1 x i8]* @p_str522, i32 961, i32 961, i16* %layer5_out_V_data_1_V, i16* %layer5_out_V_data_1_V)"   --->   Operation 104 'specchannel' 'empty_74' <Predicate = true> <Delay = 0.00>
ST_16 : Operation 105 [1/1] (0.00ns)   --->   "call void (...)* @_ssdm_op_SpecInterface(i16* %layer5_out_V_data_1_V, [8 x i8]* @ap_fifo_str, i32 0, i32 0, [1 x i8]* @p_str523, i32 0, i32 0, [1 x i8]* @p_str524, [1 x i8]* @p_str525, [1 x i8]* @p_str526, i32 2, i32 2, i32 16, i32 16, [1 x i8]* @p_str527, [1 x i8]* @p_str528)"   --->   Operation 105 'specinterface' <Predicate = true> <Delay = 0.00>
ST_16 : Operation 106 [1/1] (0.00ns)   --->   "%empty_75 = call i32 (...)* @_ssdm_op_SpecChannel([23 x i8]* @layer5_out_OC_V_OC_data_LF_2_NF_OC_V_str, i32 1, [1 x i8]* @p_str529, [1 x i8]* @p_str529, i32 961, i32 961, i16* %layer5_out_V_data_2_V, i16* %layer5_out_V_data_2_V)"   --->   Operation 106 'specchannel' 'empty_75' <Predicate = true> <Delay = 0.00>
ST_16 : Operation 107 [1/1] (0.00ns)   --->   "call void (...)* @_ssdm_op_SpecInterface(i16* %layer5_out_V_data_2_V, [8 x i8]* @ap_fifo_str, i32 0, i32 0, [1 x i8]* @p_str530, i32 0, i32 0, [1 x i8]* @p_str531, [1 x i8]* @p_str532, [1 x i8]* @p_str533, i32 2, i32 2, i32 16, i32 16, [1 x i8]* @p_str534, [1 x i8]* @p_str535)"   --->   Operation 107 'specinterface' <Predicate = true> <Delay = 0.00>
ST_16 : Operation 108 [1/1] (0.00ns)   --->   "%empty_76 = call i32 (...)* @_ssdm_op_SpecChannel([23 x i8]* @layer5_out_OC_V_OC_data_LF_3_NF_OC_V_str, i32 1, [1 x i8]* @p_str536, [1 x i8]* @p_str536, i32 961, i32 961, i16* %layer5_out_V_data_3_V, i16* %layer5_out_V_data_3_V)"   --->   Operation 108 'specchannel' 'empty_76' <Predicate = true> <Delay = 0.00>
ST_16 : Operation 109 [1/1] (0.00ns)   --->   "call void (...)* @_ssdm_op_SpecInterface(i16* %layer5_out_V_data_3_V, [8 x i8]* @ap_fifo_str, i32 0, i32 0, [1 x i8]* @p_str537, i32 0, i32 0, [1 x i8]* @p_str538, [1 x i8]* @p_str539, [1 x i8]* @p_str540, i32 2, i32 2, i32 16, i32 16, [1 x i8]* @p_str541, [1 x i8]* @p_str542)"   --->   Operation 109 'specinterface' <Predicate = true> <Delay = 0.00>
ST_16 : Operation 110 [1/1] (0.00ns)   --->   "%empty_77 = call i32 (...)* @_ssdm_op_SpecChannel([23 x i8]* @layer6_out_OC_V_OC_data_LF_0_NF_OC_V_str, i32 1, [1 x i8]* @p_str543, [1 x i8]* @p_str543, i32 841, i32 841, i16* %layer6_out_V_data_0_V, i16* %layer6_out_V_data_0_V)"   --->   Operation 110 'specchannel' 'empty_77' <Predicate = true> <Delay = 0.00>
ST_16 : Operation 111 [1/1] (0.00ns)   --->   "call void (...)* @_ssdm_op_SpecInterface(i16* %layer6_out_V_data_0_V, [8 x i8]* @ap_fifo_str, i32 0, i32 0, [1 x i8]* @p_str544, i32 0, i32 0, [1 x i8]* @p_str545, [1 x i8]* @p_str546, [1 x i8]* @p_str547, i32 2, i32 2, i32 16, i32 16, [1 x i8]* @p_str548, [1 x i8]* @p_str549)"   --->   Operation 111 'specinterface' <Predicate = true> <Delay = 0.00>
ST_16 : Operation 112 [1/1] (0.00ns)   --->   "%empty_78 = call i32 (...)* @_ssdm_op_SpecChannel([23 x i8]* @layer6_out_OC_V_OC_data_LF_1_NF_OC_V_str, i32 1, [1 x i8]* @p_str550, [1 x i8]* @p_str550, i32 841, i32 841, i16* %layer6_out_V_data_1_V, i16* %layer6_out_V_data_1_V)"   --->   Operation 112 'specchannel' 'empty_78' <Predicate = true> <Delay = 0.00>
ST_16 : Operation 113 [1/1] (0.00ns)   --->   "call void (...)* @_ssdm_op_SpecInterface(i16* %layer6_out_V_data_1_V, [8 x i8]* @ap_fifo_str, i32 0, i32 0, [1 x i8]* @p_str551, i32 0, i32 0, [1 x i8]* @p_str552, [1 x i8]* @p_str553, [1 x i8]* @p_str554, i32 2, i32 2, i32 16, i32 16, [1 x i8]* @p_str555, [1 x i8]* @p_str556)"   --->   Operation 113 'specinterface' <Predicate = true> <Delay = 0.00>
ST_16 : Operation 114 [1/1] (0.00ns)   --->   "%empty_79 = call i32 (...)* @_ssdm_op_SpecChannel([23 x i8]* @layer6_out_OC_V_OC_data_LF_2_NF_OC_V_str, i32 1, [1 x i8]* @p_str557, [1 x i8]* @p_str557, i32 841, i32 841, i16* %layer6_out_V_data_2_V, i16* %layer6_out_V_data_2_V)"   --->   Operation 114 'specchannel' 'empty_79' <Predicate = true> <Delay = 0.00>
ST_16 : Operation 115 [1/1] (0.00ns)   --->   "call void (...)* @_ssdm_op_SpecInterface(i16* %layer6_out_V_data_2_V, [8 x i8]* @ap_fifo_str, i32 0, i32 0, [1 x i8]* @p_str558, i32 0, i32 0, [1 x i8]* @p_str559, [1 x i8]* @p_str560, [1 x i8]* @p_str561, i32 2, i32 2, i32 16, i32 16, [1 x i8]* @p_str562, [1 x i8]* @p_str563)"   --->   Operation 115 'specinterface' <Predicate = true> <Delay = 0.00>
ST_16 : Operation 116 [1/1] (0.00ns)   --->   "%empty_80 = call i32 (...)* @_ssdm_op_SpecChannel([23 x i8]* @layer6_out_OC_V_OC_data_LF_3_NF_OC_V_str, i32 1, [1 x i8]* @p_str564, [1 x i8]* @p_str564, i32 841, i32 841, i16* %layer6_out_V_data_3_V, i16* %layer6_out_V_data_3_V)"   --->   Operation 116 'specchannel' 'empty_80' <Predicate = true> <Delay = 0.00>
ST_16 : Operation 117 [1/1] (0.00ns)   --->   "call void (...)* @_ssdm_op_SpecInterface(i16* %layer6_out_V_data_3_V, [8 x i8]* @ap_fifo_str, i32 0, i32 0, [1 x i8]* @p_str565, i32 0, i32 0, [1 x i8]* @p_str566, [1 x i8]* @p_str567, [1 x i8]* @p_str568, i32 2, i32 2, i32 16, i32 16, [1 x i8]* @p_str569, [1 x i8]* @p_str570)"   --->   Operation 117 'specinterface' <Predicate = true> <Delay = 0.00>
ST_16 : Operation 118 [1/1] (0.00ns)   --->   "%empty_81 = call i32 (...)* @_ssdm_op_SpecChannel([23 x i8]* @layer8_out_OC_V_OC_data_LF_0_NF_OC_V_str, i32 1, [1 x i8]* @p_str571, [1 x i8]* @p_str571, i32 841, i32 841, i6* %layer8_out_V_data_0_V, i6* %layer8_out_V_data_0_V)"   --->   Operation 118 'specchannel' 'empty_81' <Predicate = true> <Delay = 0.00>
ST_16 : Operation 119 [1/1] (0.00ns)   --->   "call void (...)* @_ssdm_op_SpecInterface(i6* %layer8_out_V_data_0_V, [8 x i8]* @ap_fifo_str, i32 0, i32 0, [1 x i8]* @p_str572, i32 0, i32 0, [1 x i8]* @p_str573, [1 x i8]* @p_str574, [1 x i8]* @p_str575, i32 2, i32 2, i32 16, i32 16, [1 x i8]* @p_str576, [1 x i8]* @p_str577)"   --->   Operation 119 'specinterface' <Predicate = true> <Delay = 0.00>
ST_16 : Operation 120 [1/1] (0.00ns)   --->   "%empty_82 = call i32 (...)* @_ssdm_op_SpecChannel([23 x i8]* @layer8_out_OC_V_OC_data_LF_1_NF_OC_V_str, i32 1, [1 x i8]* @p_str578, [1 x i8]* @p_str578, i32 841, i32 841, i6* %layer8_out_V_data_1_V, i6* %layer8_out_V_data_1_V)"   --->   Operation 120 'specchannel' 'empty_82' <Predicate = true> <Delay = 0.00>
ST_16 : Operation 121 [1/1] (0.00ns)   --->   "call void (...)* @_ssdm_op_SpecInterface(i6* %layer8_out_V_data_1_V, [8 x i8]* @ap_fifo_str, i32 0, i32 0, [1 x i8]* @p_str579, i32 0, i32 0, [1 x i8]* @p_str580, [1 x i8]* @p_str581, [1 x i8]* @p_str582, i32 2, i32 2, i32 16, i32 16, [1 x i8]* @p_str583, [1 x i8]* @p_str584)"   --->   Operation 121 'specinterface' <Predicate = true> <Delay = 0.00>
ST_16 : Operation 122 [1/1] (0.00ns)   --->   "%empty_83 = call i32 (...)* @_ssdm_op_SpecChannel([23 x i8]* @layer8_out_OC_V_OC_data_LF_2_NF_OC_V_str, i32 1, [1 x i8]* @p_str585, [1 x i8]* @p_str585, i32 841, i32 841, i6* %layer8_out_V_data_2_V, i6* %layer8_out_V_data_2_V)"   --->   Operation 122 'specchannel' 'empty_83' <Predicate = true> <Delay = 0.00>
ST_16 : Operation 123 [1/1] (0.00ns)   --->   "call void (...)* @_ssdm_op_SpecInterface(i6* %layer8_out_V_data_2_V, [8 x i8]* @ap_fifo_str, i32 0, i32 0, [1 x i8]* @p_str586, i32 0, i32 0, [1 x i8]* @p_str587, [1 x i8]* @p_str588, [1 x i8]* @p_str589, i32 2, i32 2, i32 16, i32 16, [1 x i8]* @p_str590, [1 x i8]* @p_str591)"   --->   Operation 123 'specinterface' <Predicate = true> <Delay = 0.00>
ST_16 : Operation 124 [1/1] (0.00ns)   --->   "%empty_84 = call i32 (...)* @_ssdm_op_SpecChannel([23 x i8]* @layer8_out_OC_V_OC_data_LF_3_NF_OC_V_str, i32 1, [1 x i8]* @p_str592, [1 x i8]* @p_str592, i32 841, i32 841, i6* %layer8_out_V_data_3_V, i6* %layer8_out_V_data_3_V)"   --->   Operation 124 'specchannel' 'empty_84' <Predicate = true> <Delay = 0.00>
ST_16 : Operation 125 [1/1] (0.00ns)   --->   "call void (...)* @_ssdm_op_SpecInterface(i6* %layer8_out_V_data_3_V, [8 x i8]* @ap_fifo_str, i32 0, i32 0, [1 x i8]* @p_str593, i32 0, i32 0, [1 x i8]* @p_str594, [1 x i8]* @p_str595, [1 x i8]* @p_str596, i32 2, i32 2, i32 16, i32 16, [1 x i8]* @p_str597, [1 x i8]* @p_str598)"   --->   Operation 125 'specinterface' <Predicate = true> <Delay = 0.00>
ST_16 : Operation 126 [1/1] (0.00ns)   --->   "%empty_85 = call i32 (...)* @_ssdm_op_SpecChannel([23 x i8]* @layer9_out_OC_V_OC_data_LF_0_NF_OC_V_str, i32 1, [1 x i8]* @p_str599, [1 x i8]* @p_str599, i32 196, i32 196, i16* %layer9_out_V_data_0_V, i16* %layer9_out_V_data_0_V)"   --->   Operation 126 'specchannel' 'empty_85' <Predicate = true> <Delay = 0.00>
ST_16 : Operation 127 [1/1] (0.00ns)   --->   "call void (...)* @_ssdm_op_SpecInterface(i16* %layer9_out_V_data_0_V, [8 x i8]* @ap_fifo_str, i32 0, i32 0, [1 x i8]* @p_str600, i32 0, i32 0, [1 x i8]* @p_str601, [1 x i8]* @p_str602, [1 x i8]* @p_str603, i32 2, i32 2, i32 16, i32 16, [1 x i8]* @p_str604, [1 x i8]* @p_str605)"   --->   Operation 127 'specinterface' <Predicate = true> <Delay = 0.00>
ST_16 : Operation 128 [1/1] (0.00ns)   --->   "%empty_86 = call i32 (...)* @_ssdm_op_SpecChannel([23 x i8]* @layer9_out_OC_V_OC_data_LF_1_NF_OC_V_str, i32 1, [1 x i8]* @p_str606, [1 x i8]* @p_str606, i32 196, i32 196, i16* %layer9_out_V_data_1_V, i16* %layer9_out_V_data_1_V)"   --->   Operation 128 'specchannel' 'empty_86' <Predicate = true> <Delay = 0.00>
ST_16 : Operation 129 [1/1] (0.00ns)   --->   "call void (...)* @_ssdm_op_SpecInterface(i16* %layer9_out_V_data_1_V, [8 x i8]* @ap_fifo_str, i32 0, i32 0, [1 x i8]* @p_str607, i32 0, i32 0, [1 x i8]* @p_str608, [1 x i8]* @p_str609, [1 x i8]* @p_str610, i32 2, i32 2, i32 16, i32 16, [1 x i8]* @p_str611, [1 x i8]* @p_str612)"   --->   Operation 129 'specinterface' <Predicate = true> <Delay = 0.00>
ST_16 : Operation 130 [1/1] (0.00ns)   --->   "%empty_87 = call i32 (...)* @_ssdm_op_SpecChannel([23 x i8]* @layer9_out_OC_V_OC_data_LF_2_NF_OC_V_str, i32 1, [1 x i8]* @p_str613, [1 x i8]* @p_str613, i32 196, i32 196, i16* %layer9_out_V_data_2_V, i16* %layer9_out_V_data_2_V)"   --->   Operation 130 'specchannel' 'empty_87' <Predicate = true> <Delay = 0.00>
ST_16 : Operation 131 [1/1] (0.00ns)   --->   "call void (...)* @_ssdm_op_SpecInterface(i16* %layer9_out_V_data_2_V, [8 x i8]* @ap_fifo_str, i32 0, i32 0, [1 x i8]* @p_str614, i32 0, i32 0, [1 x i8]* @p_str615, [1 x i8]* @p_str616, [1 x i8]* @p_str617, i32 2, i32 2, i32 16, i32 16, [1 x i8]* @p_str618, [1 x i8]* @p_str619)"   --->   Operation 131 'specinterface' <Predicate = true> <Delay = 0.00>
ST_16 : Operation 132 [1/1] (0.00ns)   --->   "%empty_88 = call i32 (...)* @_ssdm_op_SpecChannel([23 x i8]* @layer9_out_OC_V_OC_data_LF_3_NF_OC_V_str, i32 1, [1 x i8]* @p_str620, [1 x i8]* @p_str620, i32 196, i32 196, i16* %layer9_out_V_data_3_V, i16* %layer9_out_V_data_3_V)"   --->   Operation 132 'specchannel' 'empty_88' <Predicate = true> <Delay = 0.00>
ST_16 : Operation 133 [1/1] (0.00ns)   --->   "call void (...)* @_ssdm_op_SpecInterface(i16* %layer9_out_V_data_3_V, [8 x i8]* @ap_fifo_str, i32 0, i32 0, [1 x i8]* @p_str621, i32 0, i32 0, [1 x i8]* @p_str622, [1 x i8]* @p_str623, [1 x i8]* @p_str624, i32 2, i32 2, i32 16, i32 16, [1 x i8]* @p_str625, [1 x i8]* @p_str626)"   --->   Operation 133 'specinterface' <Predicate = true> <Delay = 0.00>
ST_16 : Operation 134 [1/1] (0.00ns)   --->   "%empty_89 = call i32 (...)* @_ssdm_op_SpecChannel([24 x i8]* @layer11_out_OC_V_OC_data_LF_0_NF_OC_V_str, i32 1, [1 x i8]* @p_str627, [1 x i8]* @p_str627, i32 1, i32 1, i16* %layer11_out_V_data_0_V, i16* %layer11_out_V_data_0_V)"   --->   Operation 134 'specchannel' 'empty_89' <Predicate = true> <Delay = 0.00>
ST_16 : Operation 135 [1/1] (0.00ns)   --->   "call void (...)* @_ssdm_op_SpecInterface(i16* %layer11_out_V_data_0_V, [8 x i8]* @ap_fifo_str, i32 0, i32 0, [1 x i8]* @p_str628, i32 0, i32 0, [1 x i8]* @p_str629, [1 x i8]* @p_str630, [1 x i8]* @p_str631, i32 2, i32 2, i32 16, i32 16, [1 x i8]* @p_str632, [1 x i8]* @p_str633)"   --->   Operation 135 'specinterface' <Predicate = true> <Delay = 0.00>
ST_16 : Operation 136 [1/1] (0.00ns)   --->   "%empty_90 = call i32 (...)* @_ssdm_op_SpecChannel([24 x i8]* @layer11_out_OC_V_OC_data_LF_1_NF_OC_V_str, i32 1, [1 x i8]* @p_str634, [1 x i8]* @p_str634, i32 1, i32 1, i16* %layer11_out_V_data_1_V, i16* %layer11_out_V_data_1_V)"   --->   Operation 136 'specchannel' 'empty_90' <Predicate = true> <Delay = 0.00>
ST_16 : Operation 137 [1/1] (0.00ns)   --->   "call void (...)* @_ssdm_op_SpecInterface(i16* %layer11_out_V_data_1_V, [8 x i8]* @ap_fifo_str, i32 0, i32 0, [1 x i8]* @p_str635, i32 0, i32 0, [1 x i8]* @p_str636, [1 x i8]* @p_str637, [1 x i8]* @p_str638, i32 2, i32 2, i32 16, i32 16, [1 x i8]* @p_str639, [1 x i8]* @p_str640)"   --->   Operation 137 'specinterface' <Predicate = true> <Delay = 0.00>
ST_16 : Operation 138 [1/1] (0.00ns)   --->   "%empty_91 = call i32 (...)* @_ssdm_op_SpecChannel([24 x i8]* @layer11_out_OC_V_OC_data_LF_2_NF_OC_V_str, i32 1, [1 x i8]* @p_str641, [1 x i8]* @p_str641, i32 1, i32 1, i16* %layer11_out_V_data_2_V, i16* %layer11_out_V_data_2_V)"   --->   Operation 138 'specchannel' 'empty_91' <Predicate = true> <Delay = 0.00>
ST_16 : Operation 139 [1/1] (0.00ns)   --->   "call void (...)* @_ssdm_op_SpecInterface(i16* %layer11_out_V_data_2_V, [8 x i8]* @ap_fifo_str, i32 0, i32 0, [1 x i8]* @p_str642, i32 0, i32 0, [1 x i8]* @p_str643, [1 x i8]* @p_str644, [1 x i8]* @p_str645, i32 2, i32 2, i32 16, i32 16, [1 x i8]* @p_str646, [1 x i8]* @p_str647)"   --->   Operation 139 'specinterface' <Predicate = true> <Delay = 0.00>
ST_16 : Operation 140 [1/1] (0.00ns)   --->   "%empty_92 = call i32 (...)* @_ssdm_op_SpecChannel([24 x i8]* @layer11_out_OC_V_OC_data_LF_3_NF_OC_V_str, i32 1, [1 x i8]* @p_str648, [1 x i8]* @p_str648, i32 1, i32 1, i16* %layer11_out_V_data_3_V, i16* %layer11_out_V_data_3_V)"   --->   Operation 140 'specchannel' 'empty_92' <Predicate = true> <Delay = 0.00>
ST_16 : Operation 141 [1/1] (0.00ns)   --->   "call void (...)* @_ssdm_op_SpecInterface(i16* %layer11_out_V_data_3_V, [8 x i8]* @ap_fifo_str, i32 0, i32 0, [1 x i8]* @p_str649, i32 0, i32 0, [1 x i8]* @p_str650, [1 x i8]* @p_str651, [1 x i8]* @p_str652, i32 2, i32 2, i32 16, i32 16, [1 x i8]* @p_str653, [1 x i8]* @p_str654)"   --->   Operation 141 'specinterface' <Predicate = true> <Delay = 0.00>
ST_16 : Operation 142 [1/1] (0.00ns)   --->   "%empty_93 = call i32 (...)* @_ssdm_op_SpecChannel([24 x i8]* @layer11_out_OC_V_OC_data_LF_4_NF_OC_V_str, i32 1, [1 x i8]* @p_str655, [1 x i8]* @p_str655, i32 1, i32 1, i16* %layer11_out_V_data_4_V, i16* %layer11_out_V_data_4_V)"   --->   Operation 142 'specchannel' 'empty_93' <Predicate = true> <Delay = 0.00>
ST_16 : Operation 143 [1/1] (0.00ns)   --->   "call void (...)* @_ssdm_op_SpecInterface(i16* %layer11_out_V_data_4_V, [8 x i8]* @ap_fifo_str, i32 0, i32 0, [1 x i8]* @p_str656, i32 0, i32 0, [1 x i8]* @p_str657, [1 x i8]* @p_str658, [1 x i8]* @p_str659, i32 2, i32 2, i32 16, i32 16, [1 x i8]* @p_str660, [1 x i8]* @p_str661)"   --->   Operation 143 'specinterface' <Predicate = true> <Delay = 0.00>
ST_16 : Operation 144 [1/1] (0.00ns)   --->   "%empty_94 = call i32 (...)* @_ssdm_op_SpecChannel([24 x i8]* @layer11_out_OC_V_OC_data_LF_5_NF_OC_V_str, i32 1, [1 x i8]* @p_str662, [1 x i8]* @p_str662, i32 1, i32 1, i16* %layer11_out_V_data_5_V, i16* %layer11_out_V_data_5_V)"   --->   Operation 144 'specchannel' 'empty_94' <Predicate = true> <Delay = 0.00>
ST_16 : Operation 145 [1/1] (0.00ns)   --->   "call void (...)* @_ssdm_op_SpecInterface(i16* %layer11_out_V_data_5_V, [8 x i8]* @ap_fifo_str, i32 0, i32 0, [1 x i8]* @p_str663, i32 0, i32 0, [1 x i8]* @p_str664, [1 x i8]* @p_str665, [1 x i8]* @p_str666, i32 2, i32 2, i32 16, i32 16, [1 x i8]* @p_str667, [1 x i8]* @p_str668)"   --->   Operation 145 'specinterface' <Predicate = true> <Delay = 0.00>
ST_16 : Operation 146 [1/1] (0.00ns)   --->   "%empty_95 = call i32 (...)* @_ssdm_op_SpecChannel([24 x i8]* @layer11_out_OC_V_OC_data_LF_6_NF_OC_V_str, i32 1, [1 x i8]* @p_str669, [1 x i8]* @p_str669, i32 1, i32 1, i16* %layer11_out_V_data_6_V, i16* %layer11_out_V_data_6_V)"   --->   Operation 146 'specchannel' 'empty_95' <Predicate = true> <Delay = 0.00>
ST_16 : Operation 147 [1/1] (0.00ns)   --->   "call void (...)* @_ssdm_op_SpecInterface(i16* %layer11_out_V_data_6_V, [8 x i8]* @ap_fifo_str, i32 0, i32 0, [1 x i8]* @p_str670, i32 0, i32 0, [1 x i8]* @p_str671, [1 x i8]* @p_str672, [1 x i8]* @p_str673, i32 2, i32 2, i32 16, i32 16, [1 x i8]* @p_str674, [1 x i8]* @p_str675)"   --->   Operation 147 'specinterface' <Predicate = true> <Delay = 0.00>
ST_16 : Operation 148 [1/1] (0.00ns)   --->   "%empty_96 = call i32 (...)* @_ssdm_op_SpecChannel([24 x i8]* @layer11_out_OC_V_OC_data_LF_7_NF_OC_V_str, i32 1, [1 x i8]* @p_str676, [1 x i8]* @p_str676, i32 1, i32 1, i16* %layer11_out_V_data_7_V, i16* %layer11_out_V_data_7_V)"   --->   Operation 148 'specchannel' 'empty_96' <Predicate = true> <Delay = 0.00>
ST_16 : Operation 149 [1/1] (0.00ns)   --->   "call void (...)* @_ssdm_op_SpecInterface(i16* %layer11_out_V_data_7_V, [8 x i8]* @ap_fifo_str, i32 0, i32 0, [1 x i8]* @p_str677, i32 0, i32 0, [1 x i8]* @p_str678, [1 x i8]* @p_str679, [1 x i8]* @p_str680, i32 2, i32 2, i32 16, i32 16, [1 x i8]* @p_str681, [1 x i8]* @p_str682)"   --->   Operation 149 'specinterface' <Predicate = true> <Delay = 0.00>
ST_16 : Operation 150 [1/1] (0.00ns)   --->   "%empty_97 = call i32 (...)* @_ssdm_op_SpecChannel([24 x i8]* @layer11_out_OC_V_OC_data_LF_8_NF_OC_V_str, i32 1, [1 x i8]* @p_str683, [1 x i8]* @p_str683, i32 1, i32 1, i16* %layer11_out_V_data_8_V, i16* %layer11_out_V_data_8_V)"   --->   Operation 150 'specchannel' 'empty_97' <Predicate = true> <Delay = 0.00>
ST_16 : Operation 151 [1/1] (0.00ns)   --->   "call void (...)* @_ssdm_op_SpecInterface(i16* %layer11_out_V_data_8_V, [8 x i8]* @ap_fifo_str, i32 0, i32 0, [1 x i8]* @p_str684, i32 0, i32 0, [1 x i8]* @p_str685, [1 x i8]* @p_str686, [1 x i8]* @p_str687, i32 2, i32 2, i32 16, i32 16, [1 x i8]* @p_str688, [1 x i8]* @p_str689)"   --->   Operation 151 'specinterface' <Predicate = true> <Delay = 0.00>
ST_16 : Operation 152 [1/1] (0.00ns)   --->   "%empty_98 = call i32 (...)* @_ssdm_op_SpecChannel([24 x i8]* @layer11_out_OC_V_OC_data_LF_9_NF_OC_V_str, i32 1, [1 x i8]* @p_str690, [1 x i8]* @p_str690, i32 1, i32 1, i16* %layer11_out_V_data_9_V, i16* %layer11_out_V_data_9_V)"   --->   Operation 152 'specchannel' 'empty_98' <Predicate = true> <Delay = 0.00>
ST_16 : Operation 153 [1/1] (0.00ns)   --->   "call void (...)* @_ssdm_op_SpecInterface(i16* %layer11_out_V_data_9_V, [8 x i8]* @ap_fifo_str, i32 0, i32 0, [1 x i8]* @p_str691, i32 0, i32 0, [1 x i8]* @p_str692, [1 x i8]* @p_str693, [1 x i8]* @p_str694, i32 2, i32 2, i32 16, i32 16, [1 x i8]* @p_str695, [1 x i8]* @p_str696)"   --->   Operation 153 'specinterface' <Predicate = true> <Delay = 0.00>
ST_16 : Operation 154 [1/1] (0.00ns)   --->   "%empty_99 = call i32 (...)* @_ssdm_op_SpecChannel([25 x i8]* @layer11_out_OC_V_OC_data_LF_10_NF_OC_V_str, i32 1, [1 x i8]* @p_str697, [1 x i8]* @p_str697, i32 1, i32 1, i16* %layer11_out_V_data_10_V, i16* %layer11_out_V_data_10_V)"   --->   Operation 154 'specchannel' 'empty_99' <Predicate = true> <Delay = 0.00>
ST_16 : Operation 155 [1/1] (0.00ns)   --->   "call void (...)* @_ssdm_op_SpecInterface(i16* %layer11_out_V_data_10_V, [8 x i8]* @ap_fifo_str, i32 0, i32 0, [1 x i8]* @p_str698, i32 0, i32 0, [1 x i8]* @p_str699, [1 x i8]* @p_str700, [1 x i8]* @p_str701, i32 2, i32 2, i32 16, i32 16, [1 x i8]* @p_str702, [1 x i8]* @p_str703)"   --->   Operation 155 'specinterface' <Predicate = true> <Delay = 0.00>
ST_16 : Operation 156 [1/1] (0.00ns)   --->   "%empty_100 = call i32 (...)* @_ssdm_op_SpecChannel([25 x i8]* @layer11_out_OC_V_OC_data_LF_11_NF_OC_V_str, i32 1, [1 x i8]* @p_str704, [1 x i8]* @p_str704, i32 1, i32 1, i16* %layer11_out_V_data_11_V, i16* %layer11_out_V_data_11_V)"   --->   Operation 156 'specchannel' 'empty_100' <Predicate = true> <Delay = 0.00>
ST_16 : Operation 157 [1/1] (0.00ns)   --->   "call void (...)* @_ssdm_op_SpecInterface(i16* %layer11_out_V_data_11_V, [8 x i8]* @ap_fifo_str, i32 0, i32 0, [1 x i8]* @p_str705, i32 0, i32 0, [1 x i8]* @p_str706, [1 x i8]* @p_str707, [1 x i8]* @p_str708, i32 2, i32 2, i32 16, i32 16, [1 x i8]* @p_str709, [1 x i8]* @p_str710)"   --->   Operation 157 'specinterface' <Predicate = true> <Delay = 0.00>
ST_16 : Operation 158 [1/1] (0.00ns)   --->   "%empty_101 = call i32 (...)* @_ssdm_op_SpecChannel([25 x i8]* @layer11_out_OC_V_OC_data_LF_12_NF_OC_V_str, i32 1, [1 x i8]* @p_str711, [1 x i8]* @p_str711, i32 1, i32 1, i16* %layer11_out_V_data_12_V, i16* %layer11_out_V_data_12_V)"   --->   Operation 158 'specchannel' 'empty_101' <Predicate = true> <Delay = 0.00>
ST_16 : Operation 159 [1/1] (0.00ns)   --->   "call void (...)* @_ssdm_op_SpecInterface(i16* %layer11_out_V_data_12_V, [8 x i8]* @ap_fifo_str, i32 0, i32 0, [1 x i8]* @p_str712, i32 0, i32 0, [1 x i8]* @p_str713, [1 x i8]* @p_str714, [1 x i8]* @p_str715, i32 2, i32 2, i32 16, i32 16, [1 x i8]* @p_str716, [1 x i8]* @p_str717)"   --->   Operation 159 'specinterface' <Predicate = true> <Delay = 0.00>
ST_16 : Operation 160 [1/2] (0.00ns)   --->   "call fastcc void @"softmax<array,array<ap_fixed<16,6,5,3,0>,13u>,softmax_config12>"(i16* %layer11_out_V_data_0_V, i16* %layer11_out_V_data_1_V, i16* %layer11_out_V_data_2_V, i16* %layer11_out_V_data_3_V, i16* %layer11_out_V_data_4_V, i16* %layer11_out_V_data_5_V, i16* %layer11_out_V_data_6_V, i16* %layer11_out_V_data_7_V, i16* %layer11_out_V_data_8_V, i16* %layer11_out_V_data_9_V, i16* %layer11_out_V_data_10_V, i16* %layer11_out_V_data_11_V, i16* %layer11_out_V_data_12_V, i16* %layer12_out_V_data_0_V, i16* %layer12_out_V_data_1_V, i16* %layer12_out_V_data_2_V, i16* %layer12_out_V_data_3_V, i16* %layer12_out_V_data_4_V, i16* %layer12_out_V_data_5_V, i16* %layer12_out_V_data_6_V, i16* %layer12_out_V_data_7_V, i16* %layer12_out_V_data_8_V, i16* %layer12_out_V_data_9_V, i16* %layer12_out_V_data_10_V, i16* %layer12_out_V_data_11_V, i16* %layer12_out_V_data_12_V)" [firmware/myproject.cpp:64]   --->   Operation 160 'call' <Predicate = true> <Delay = 0.00> <CoreType = "Generic">   --->   Core 0 '' <Latency = 0> <II = 1> <Delay = 1.00> <Generic> <Opcode : >
ST_16 : Operation 161 [1/1] (0.00ns)   --->   "ret void" [firmware/myproject.cpp:66]   --->   Operation 161 'ret' <Predicate = true> <Delay = 0.00>


============================================================
+ Verbose Summary: Timing violations
============================================================
Target clock period: 5ns, clock uncertainty: 0.625ns.

 <State 1>: 0ns
The critical path consists of the following:

 <State 2>: 0ns
The critical path consists of the following:

 <State 3>: 0ns
The critical path consists of the following:

 <State 4>: 0ns
The critical path consists of the following:

 <State 5>: 0ns
The critical path consists of the following:

 <State 6>: 0ns
The critical path consists of the following:

 <State 7>: 0ns
The critical path consists of the following:

 <State 8>: 0ns
The critical path consists of the following:

 <State 9>: 0ns
The critical path consists of the following:

 <State 10>: 0ns
The critical path consists of the following:

 <State 11>: 0ns
The critical path consists of the following:

 <State 12>: 0ns
The critical path consists of the following:

 <State 13>: 0ns
The critical path consists of the following:

 <State 14>: 0ns
The critical path consists of the following:

 <State 15>: 0ns
The critical path consists of the following:

 <State 16>: 0ns
The critical path consists of the following:


============================================================
+ Verbose Summary: Binding
============================================================
N/A
* FSMD analyzer results:
  - Output states:
 - Input state : 
  - Chain level:
	State 1
	State 2
	State 3
	State 4
	State 5
	State 6
	State 7
	State 8
	State 9
	State 10
	State 11
	State 12
	State 13
	State 14
	State 15
	State 16


============================================================
+ Verbose Summary: Datapath Resource usage 
============================================================
N/A
