

================================================================
== Vivado HLS Report for 'pooling2d_cl_array_ap_ufixed_4u_array_ap_fixed_16_6_5_3_0_4u_config5_s'
================================================================
* Date:           Tue Apr  9 23:30:47 2024

* Version:        2019.2 (Build 2704478 on Wed Nov 06 22:10:23 MST 2019)
* Project:        myproject_prj
* Solution:       solution1
* Product family: zynq
* Target device:  xc7z020-clg400-1


================================================================
== Performance Estimates
================================================================
+ Timing: 
    * Summary: 
    +--------+---------+----------+------------+
    |  Clock |  Target | Estimated| Uncertainty|
    +--------+---------+----------+------------+
    |ap_clk  | 5.00 ns | 4.429 ns |   0.62 ns  |
    +--------+---------+----------+------------+

+ Latency: 
    * Summary: 
    +---------+---------+-----------+-----------+------+------+---------+
    |  Latency (cycles) |   Latency (absolute)  |   Interval  | Pipeline|
    |   min   |   max   |    min    |    max    |  min |  max |   Type  |
    +---------+---------+-----------+-----------+------+------+---------+
    |     7692|     7692| 38.460 us | 38.460 us |  7692|  7692|   none  |
    +---------+---------+-----------+-----------+------+------+---------+

    + Detail: 
        * Instance: 
        N/A

        * Loop: 
        +----------------------------------+---------+---------+----------+-----------+-----------+------+----------+
        |                                  |  Latency (cycles) | Iteration|  Initiation Interval  | Trip |          |
        |             Loop Name            |   min   |   max   |  Latency |  achieved |   target  | Count| Pipelined|
        +----------------------------------+---------+---------+----------+-----------+-----------+------+----------+
        |- ReadInputHeight_ReadInputWidth  |     7690|     7690|         5|          2|          1|  3844|    yes   |
        +----------------------------------+---------+---------+----------+-----------+-----------+------+----------+

============================================================
+ Verbose Summary: Synthesis Manager
============================================================
InlineROM: 1
ExposeGlobal: 0
============================================================
+ Verbose Summary: CDFG Model
============================================================
IsTopModel: 0
ResetActiveHigh: 1
IsCombinational: 2
IsDatapathOnly: 0
HasWiredReturn: 1
HasMFsm: 0
HasVarLatency: 1
IsPipeline: 0
IsRtlPipelined: 0
IsInstanceOverlapped: 0
IsDontTouch: 0
HasImplIP: 0
IsGatedGlobalClock: 0

+ Individual pipeline summary: 
  * Pipeline-0: initiation interval (II) = 2, depth = 5


============================================================
+ Verbose Summary: Schedule
============================================================
* Number of FSM states : 7
* Pipeline : 1
  Pipeline-0 : II = 2, D = 5, States = { 2 3 4 5 6 }
* Dataflow Pipeline: 0

* FSM state transitions: 
1 --> 2 
2 --> 7 3 
3 --> 4 
4 --> 5 
5 --> 6 
6 --> 2 
7 --> 

* FSM state operations: 

State 1 <SV = 0> <Delay = 1.76>
ST_1 : Operation 8 [1/1] (0.00ns)   --->   "call void (...)* @_ssdm_op_SpecInterface(i16* %res_V_data_3_V, [8 x i8]* @ap_fifo_str, i32 0, i32 0, [1 x i8]* @p_str, i32 0, i32 0, [1 x i8]* @p_str, [1 x i8]* @p_str, [1 x i8]* @p_str, i32 2, i32 2, i32 16, i32 16, [1 x i8]* @p_str, [1 x i8]* @p_str)"   --->   Operation 8 'specinterface' <Predicate = true> <Delay = 0.00>
ST_1 : Operation 9 [1/1] (0.00ns)   --->   "call void (...)* @_ssdm_op_SpecInterface(i16* %res_V_data_2_V, [8 x i8]* @ap_fifo_str, i32 0, i32 0, [1 x i8]* @p_str, i32 0, i32 0, [1 x i8]* @p_str, [1 x i8]* @p_str, [1 x i8]* @p_str, i32 2, i32 2, i32 16, i32 16, [1 x i8]* @p_str, [1 x i8]* @p_str)"   --->   Operation 9 'specinterface' <Predicate = true> <Delay = 0.00>
ST_1 : Operation 10 [1/1] (0.00ns)   --->   "call void (...)* @_ssdm_op_SpecInterface(i16* %res_V_data_1_V, [8 x i8]* @ap_fifo_str, i32 0, i32 0, [1 x i8]* @p_str, i32 0, i32 0, [1 x i8]* @p_str, [1 x i8]* @p_str, [1 x i8]* @p_str, i32 2, i32 2, i32 16, i32 16, [1 x i8]* @p_str, [1 x i8]* @p_str)"   --->   Operation 10 'specinterface' <Predicate = true> <Delay = 0.00>
ST_1 : Operation 11 [1/1] (0.00ns)   --->   "call void (...)* @_ssdm_op_SpecInterface(i16* %res_V_data_0_V, [8 x i8]* @ap_fifo_str, i32 0, i32 0, [1 x i8]* @p_str, i32 0, i32 0, [1 x i8]* @p_str, [1 x i8]* @p_str, [1 x i8]* @p_str, i32 2, i32 2, i32 16, i32 16, [1 x i8]* @p_str, [1 x i8]* @p_str)"   --->   Operation 11 'specinterface' <Predicate = true> <Delay = 0.00>
ST_1 : Operation 12 [1/1] (0.00ns)   --->   "call void (...)* @_ssdm_op_SpecInterface(i6* %data_V_data_3_V, [8 x i8]* @ap_fifo_str, i32 0, i32 0, [1 x i8]* @p_str, i32 0, i32 0, [1 x i8]* @p_str, [1 x i8]* @p_str, [1 x i8]* @p_str, i32 2, i32 2, i32 16, i32 16, [1 x i8]* @p_str, [1 x i8]* @p_str)"   --->   Operation 12 'specinterface' <Predicate = true> <Delay = 0.00>
ST_1 : Operation 13 [1/1] (0.00ns)   --->   "call void (...)* @_ssdm_op_SpecInterface(i6* %data_V_data_2_V, [8 x i8]* @ap_fifo_str, i32 0, i32 0, [1 x i8]* @p_str, i32 0, i32 0, [1 x i8]* @p_str, [1 x i8]* @p_str, [1 x i8]* @p_str, i32 2, i32 2, i32 16, i32 16, [1 x i8]* @p_str, [1 x i8]* @p_str)"   --->   Operation 13 'specinterface' <Predicate = true> <Delay = 0.00>
ST_1 : Operation 14 [1/1] (0.00ns)   --->   "call void (...)* @_ssdm_op_SpecInterface(i6* %data_V_data_1_V, [8 x i8]* @ap_fifo_str, i32 0, i32 0, [1 x i8]* @p_str, i32 0, i32 0, [1 x i8]* @p_str, [1 x i8]* @p_str, [1 x i8]* @p_str, i32 2, i32 2, i32 16, i32 16, [1 x i8]* @p_str, [1 x i8]* @p_str)"   --->   Operation 14 'specinterface' <Predicate = true> <Delay = 0.00>
ST_1 : Operation 15 [1/1] (0.00ns)   --->   "call void (...)* @_ssdm_op_SpecInterface(i6* %data_V_data_0_V, [8 x i8]* @ap_fifo_str, i32 0, i32 0, [1 x i8]* @p_str, i32 0, i32 0, [1 x i8]* @p_str, [1 x i8]* @p_str, [1 x i8]* @p_str, i32 2, i32 2, i32 16, i32 16, [1 x i8]* @p_str, [1 x i8]* @p_str)"   --->   Operation 15 'specinterface' <Predicate = true> <Delay = 0.00>
ST_1 : Operation 16 [1/1] (1.76ns)   --->   "br label %0" [firmware/nnet_utils/nnet_pooling_stream.h:241->firmware/nnet_utils/nnet_pooling_stream.h:257]   --->   Operation 16 'br' <Predicate = true> <Delay = 1.76>

State 2 <SV = 1> <Delay = 1.99>
ST_2 : Operation 17 [1/1] (0.00ns)   --->   "%indvar_flatten = phi i12 [ 0, %codeRepl ], [ %add_ln241, %ReadInputWidth_end ]" [firmware/nnet_utils/nnet_pooling_stream.h:241->firmware/nnet_utils/nnet_pooling_stream.h:257]   --->   Operation 17 'phi' 'indvar_flatten' <Predicate = true> <Delay = 0.00>
ST_2 : Operation 18 [1/1] (1.99ns)   --->   "%icmp_ln241 = icmp eq i12 %indvar_flatten, -252" [firmware/nnet_utils/nnet_pooling_stream.h:241->firmware/nnet_utils/nnet_pooling_stream.h:257]   --->   Operation 18 'icmp' 'icmp_ln241' <Predicate = true> <Delay = 1.99> <Core = "Cmp">   --->   Core 25 'Cmp' <Latency = 0> <II = 1> <Delay = 2.47> <FuncUnit> <Opcode : 'icmp'> <InPorts = 2> <OutPorts = 1>
ST_2 : Operation 19 [1/1] (1.54ns)   --->   "%add_ln241 = add i12 %indvar_flatten, 1" [firmware/nnet_utils/nnet_pooling_stream.h:241->firmware/nnet_utils/nnet_pooling_stream.h:257]   --->   Operation 19 'add' 'add_ln241' <Predicate = true> <Delay = 1.54> <Core = "AddSub">   --->   Core 14 'AddSub' <Latency = 0> <II = 1> <Delay = 2.55> <FuncUnit> <Opcode : 'add' 'sub'> <InPorts = 2> <OutPorts = 1>
ST_2 : Operation 20 [1/1] (0.00ns)   --->   "br i1 %icmp_ln241, label %"pooling2d_buffer_cl<array<ap_ufixed<6, 0, 4, 0, 0>, 4u>, array<ap_fixed<16, 6, 5, 3, 0>, 4u>, config5>.exit", label %ReadInputWidth_begin" [firmware/nnet_utils/nnet_pooling_stream.h:241->firmware/nnet_utils/nnet_pooling_stream.h:257]   --->   Operation 20 'br' <Predicate = true> <Delay = 0.00>

State 3 <SV = 2> <Delay = 2.18>
ST_3 : Operation 21 [1/1] (2.18ns)   --->   "%empty_50 = call { i6, i6, i6, i6 } @_ssdm_op_Read.ap_fifo.volatile.i6P.i6P.i6P.i6P(i6* %data_V_data_0_V, i6* %data_V_data_1_V, i6* %data_V_data_2_V, i6* %data_V_data_3_V)" [firmware/nnet_utils/nnet_pooling_stream.h:247->firmware/nnet_utils/nnet_pooling_stream.h:257]   --->   Operation 21 'read' 'empty_50' <Predicate = (!icmp_ln241)> <Delay = 2.18> <Core = "FIFO">   --->   Core 32 'FIFO' <Latency = 0> <II = 1> <Delay = 3.63> <Storage> <Opcode : 'read' 'write' 'nbread' 'nbwrite'> <Ports = 0> <Width = 16> <Depth = 1> <FIFO>
ST_3 : Operation 22 [1/1] (0.00ns)   --->   "%tmp_data_0_V_4 = extractvalue { i6, i6, i6, i6 } %empty_50, 0" [firmware/nnet_utils/nnet_pooling_stream.h:247->firmware/nnet_utils/nnet_pooling_stream.h:257]   --->   Operation 22 'extractvalue' 'tmp_data_0_V_4' <Predicate = (!icmp_ln241)> <Delay = 0.00>
ST_3 : Operation 23 [1/1] (0.00ns)   --->   "%tmp_data_1_V_4 = extractvalue { i6, i6, i6, i6 } %empty_50, 1" [firmware/nnet_utils/nnet_pooling_stream.h:247->firmware/nnet_utils/nnet_pooling_stream.h:257]   --->   Operation 23 'extractvalue' 'tmp_data_1_V_4' <Predicate = (!icmp_ln241)> <Delay = 0.00>
ST_3 : Operation 24 [1/1] (0.00ns)   --->   "%tmp_data_2_V_4 = extractvalue { i6, i6, i6, i6 } %empty_50, 2" [firmware/nnet_utils/nnet_pooling_stream.h:247->firmware/nnet_utils/nnet_pooling_stream.h:257]   --->   Operation 24 'extractvalue' 'tmp_data_2_V_4' <Predicate = (!icmp_ln241)> <Delay = 0.00>
ST_3 : Operation 25 [1/1] (0.00ns)   --->   "%tmp_data_3_V_4 = extractvalue { i6, i6, i6, i6 } %empty_50, 3" [firmware/nnet_utils/nnet_pooling_stream.h:247->firmware/nnet_utils/nnet_pooling_stream.h:257]   --->   Operation 25 'extractvalue' 'tmp_data_3_V_4' <Predicate = (!icmp_ln241)> <Delay = 0.00>

State 4 <SV = 3> <Delay = 4.42>
ST_4 : Operation 26 [1/1] (1.62ns)   --->   "%DataOut_V_32 = call i6 @"_ssdm_op_MemShiftRead.[62 x i6]P"(i6* getelementptr inbounds ([62 x i6]* @line_buffer_Array_V_2_0_0, i64 0, i64 61), i6 %tmp_data_0_V_4, i1 true)" [firmware/nnet_utils/nnet_conv_stream.h:246->firmware/nnet_utils/nnet_pooling_stream.h:188->firmware/nnet_utils/nnet_pooling_stream.h:247->firmware/nnet_utils/nnet_pooling_stream.h:257]   --->   Operation 26 'memshiftread' 'DataOut_V_32' <Predicate = (!icmp_ln241)> <Delay = 1.62> <Core = "ShiftReg">   --->   Core 33 'ShiftReg' <Latency = 0> <II = 1> <Delay = 1.62> <Storage> <Opcode : 'memshiftread' 'load'> <Ports = 1> <Width = 6> <Depth = 62> <ShiftMem>
ST_4 : Operation 27 [1/1] (1.62ns)   --->   "%DataOut_V_33 = call i6 @"_ssdm_op_MemShiftRead.[62 x i6]P"(i6* getelementptr inbounds ([62 x i6]* @line_buffer_Array_V_2_0_1, i64 0, i64 61), i6 %tmp_data_1_V_4, i1 true)" [firmware/nnet_utils/nnet_conv_stream.h:246->firmware/nnet_utils/nnet_pooling_stream.h:188->firmware/nnet_utils/nnet_pooling_stream.h:247->firmware/nnet_utils/nnet_pooling_stream.h:257]   --->   Operation 27 'memshiftread' 'DataOut_V_33' <Predicate = (!icmp_ln241)> <Delay = 1.62> <Core = "ShiftReg">   --->   Core 33 'ShiftReg' <Latency = 0> <II = 1> <Delay = 1.62> <Storage> <Opcode : 'memshiftread' 'load'> <Ports = 1> <Width = 6> <Depth = 62> <ShiftMem>
ST_4 : Operation 28 [1/1] (1.62ns)   --->   "%DataOut_V_34 = call i6 @"_ssdm_op_MemShiftRead.[62 x i6]P"(i6* getelementptr inbounds ([62 x i6]* @line_buffer_Array_V_2_0_2, i64 0, i64 61), i6 %tmp_data_2_V_4, i1 true)" [firmware/nnet_utils/nnet_conv_stream.h:246->firmware/nnet_utils/nnet_pooling_stream.h:188->firmware/nnet_utils/nnet_pooling_stream.h:247->firmware/nnet_utils/nnet_pooling_stream.h:257]   --->   Operation 28 'memshiftread' 'DataOut_V_34' <Predicate = (!icmp_ln241)> <Delay = 1.62> <Core = "ShiftReg">   --->   Core 33 'ShiftReg' <Latency = 0> <II = 1> <Delay = 1.62> <Storage> <Opcode : 'memshiftread' 'load'> <Ports = 1> <Width = 6> <Depth = 62> <ShiftMem>
ST_4 : Operation 29 [1/1] (1.62ns)   --->   "%DataOut_V = call i6 @"_ssdm_op_MemShiftRead.[62 x i6]P"(i6* getelementptr inbounds ([62 x i6]* @line_buffer_Array_V_2_0_3, i64 0, i64 61), i6 %tmp_data_3_V_4, i1 true)" [firmware/nnet_utils/nnet_conv_stream.h:246->firmware/nnet_utils/nnet_pooling_stream.h:188->firmware/nnet_utils/nnet_pooling_stream.h:247->firmware/nnet_utils/nnet_pooling_stream.h:257]   --->   Operation 29 'memshiftread' 'DataOut_V' <Predicate = (!icmp_ln241)> <Delay = 1.62> <Core = "ShiftReg">   --->   Core 33 'ShiftReg' <Latency = 0> <II = 1> <Delay = 1.62> <Storage> <Opcode : 'memshiftread' 'load'> <Ports = 1> <Width = 6> <Depth = 62> <ShiftMem>
ST_4 : Operation 30 [1/1] (0.00ns)   --->   "%kernel_data_V_2_4_load = load i6* @kernel_data_V_2_4, align 1" [firmware/nnet_utils/nnet_conv_stream.h:201->firmware/nnet_utils/nnet_conv_stream.h:252->firmware/nnet_utils/nnet_pooling_stream.h:188->firmware/nnet_utils/nnet_pooling_stream.h:247->firmware/nnet_utils/nnet_pooling_stream.h:257]   --->   Operation 30 'load' 'kernel_data_V_2_4_load' <Predicate = (!icmp_ln241)> <Delay = 0.00>
ST_4 : Operation 31 [1/1] (0.00ns)   --->   "%kernel_data_V_2_5_load = load i6* @kernel_data_V_2_5, align 1" [firmware/nnet_utils/nnet_conv_stream.h:201->firmware/nnet_utils/nnet_conv_stream.h:252->firmware/nnet_utils/nnet_pooling_stream.h:188->firmware/nnet_utils/nnet_pooling_stream.h:247->firmware/nnet_utils/nnet_pooling_stream.h:257]   --->   Operation 31 'load' 'kernel_data_V_2_5_load' <Predicate = (!icmp_ln241)> <Delay = 0.00>
ST_4 : Operation 32 [1/1] (0.00ns)   --->   "%kernel_data_V_2_6_load = load i6* @kernel_data_V_2_6, align 1" [firmware/nnet_utils/nnet_conv_stream.h:201->firmware/nnet_utils/nnet_conv_stream.h:252->firmware/nnet_utils/nnet_pooling_stream.h:188->firmware/nnet_utils/nnet_pooling_stream.h:247->firmware/nnet_utils/nnet_pooling_stream.h:257]   --->   Operation 32 'load' 'kernel_data_V_2_6_load' <Predicate = (!icmp_ln241)> <Delay = 0.00>
ST_4 : Operation 33 [1/1] (0.00ns)   --->   "%kernel_data_V_2_7_load = load i6* @kernel_data_V_2_7, align 1" [firmware/nnet_utils/nnet_conv_stream.h:201->firmware/nnet_utils/nnet_conv_stream.h:252->firmware/nnet_utils/nnet_pooling_stream.h:188->firmware/nnet_utils/nnet_pooling_stream.h:247->firmware/nnet_utils/nnet_pooling_stream.h:257]   --->   Operation 33 'load' 'kernel_data_V_2_7_load' <Predicate = (!icmp_ln241)> <Delay = 0.00>
ST_4 : Operation 34 [1/1] (0.00ns)   --->   "%kernel_data_V_2_12_load = load i6* @kernel_data_V_2_12, align 1" [firmware/nnet_utils/nnet_conv_stream.h:201->firmware/nnet_utils/nnet_conv_stream.h:252->firmware/nnet_utils/nnet_pooling_stream.h:188->firmware/nnet_utils/nnet_pooling_stream.h:247->firmware/nnet_utils/nnet_pooling_stream.h:257]   --->   Operation 34 'load' 'kernel_data_V_2_12_load' <Predicate = (!icmp_ln241)> <Delay = 0.00>
ST_4 : Operation 35 [1/1] (0.00ns)   --->   "%kernel_data_V_2_13_load = load i6* @kernel_data_V_2_13, align 1" [firmware/nnet_utils/nnet_conv_stream.h:201->firmware/nnet_utils/nnet_conv_stream.h:252->firmware/nnet_utils/nnet_pooling_stream.h:188->firmware/nnet_utils/nnet_pooling_stream.h:247->firmware/nnet_utils/nnet_pooling_stream.h:257]   --->   Operation 35 'load' 'kernel_data_V_2_13_load' <Predicate = (!icmp_ln241)> <Delay = 0.00>
ST_4 : Operation 36 [1/1] (0.00ns)   --->   "%kernel_data_V_2_14_load = load i6* @kernel_data_V_2_14, align 1" [firmware/nnet_utils/nnet_conv_stream.h:201->firmware/nnet_utils/nnet_conv_stream.h:252->firmware/nnet_utils/nnet_pooling_stream.h:188->firmware/nnet_utils/nnet_pooling_stream.h:247->firmware/nnet_utils/nnet_pooling_stream.h:257]   --->   Operation 36 'load' 'kernel_data_V_2_14_load' <Predicate = (!icmp_ln241)> <Delay = 0.00>
ST_4 : Operation 37 [1/1] (0.00ns)   --->   "%kernel_data_V_2_15_load = load i6* @kernel_data_V_2_15, align 1" [firmware/nnet_utils/nnet_conv_stream.h:201->firmware/nnet_utils/nnet_conv_stream.h:252->firmware/nnet_utils/nnet_pooling_stream.h:188->firmware/nnet_utils/nnet_pooling_stream.h:247->firmware/nnet_utils/nnet_pooling_stream.h:257]   --->   Operation 37 'load' 'kernel_data_V_2_15_load' <Predicate = (!icmp_ln241)> <Delay = 0.00>
ST_4 : Operation 38 [1/1] (0.00ns)   --->   "store i6 %DataOut_V_32, i6* @kernel_data_V_2_4, align 1" [firmware/nnet_utils/nnet_conv_stream.h:214->firmware/nnet_utils/nnet_conv_stream.h:252->firmware/nnet_utils/nnet_pooling_stream.h:188->firmware/nnet_utils/nnet_pooling_stream.h:247->firmware/nnet_utils/nnet_pooling_stream.h:257]   --->   Operation 38 'store' <Predicate = (!icmp_ln241)> <Delay = 0.00>
ST_4 : Operation 39 [1/1] (0.00ns)   --->   "store i6 %DataOut_V_33, i6* @kernel_data_V_2_5, align 1" [firmware/nnet_utils/nnet_conv_stream.h:214->firmware/nnet_utils/nnet_conv_stream.h:252->firmware/nnet_utils/nnet_pooling_stream.h:188->firmware/nnet_utils/nnet_pooling_stream.h:247->firmware/nnet_utils/nnet_pooling_stream.h:257]   --->   Operation 39 'store' <Predicate = (!icmp_ln241)> <Delay = 0.00>
ST_4 : Operation 40 [1/1] (0.00ns)   --->   "store i6 %DataOut_V_34, i6* @kernel_data_V_2_6, align 1" [firmware/nnet_utils/nnet_conv_stream.h:214->firmware/nnet_utils/nnet_conv_stream.h:252->firmware/nnet_utils/nnet_pooling_stream.h:188->firmware/nnet_utils/nnet_pooling_stream.h:247->firmware/nnet_utils/nnet_pooling_stream.h:257]   --->   Operation 40 'store' <Predicate = (!icmp_ln241)> <Delay = 0.00>
ST_4 : Operation 41 [1/1] (0.00ns)   --->   "store i6 %DataOut_V, i6* @kernel_data_V_2_7, align 1" [firmware/nnet_utils/nnet_conv_stream.h:214->firmware/nnet_utils/nnet_conv_stream.h:252->firmware/nnet_utils/nnet_pooling_stream.h:188->firmware/nnet_utils/nnet_pooling_stream.h:247->firmware/nnet_utils/nnet_pooling_stream.h:257]   --->   Operation 41 'store' <Predicate = (!icmp_ln241)> <Delay = 0.00>
ST_4 : Operation 42 [1/1] (0.00ns)   --->   "store i6 %tmp_data_0_V_4, i6* @kernel_data_V_2_12, align 1" [firmware/nnet_utils/nnet_conv_stream.h:214->firmware/nnet_utils/nnet_conv_stream.h:252->firmware/nnet_utils/nnet_pooling_stream.h:188->firmware/nnet_utils/nnet_pooling_stream.h:247->firmware/nnet_utils/nnet_pooling_stream.h:257]   --->   Operation 42 'store' <Predicate = (!icmp_ln241)> <Delay = 0.00>
ST_4 : Operation 43 [1/1] (0.00ns)   --->   "store i6 %tmp_data_1_V_4, i6* @kernel_data_V_2_13, align 1" [firmware/nnet_utils/nnet_conv_stream.h:214->firmware/nnet_utils/nnet_conv_stream.h:252->firmware/nnet_utils/nnet_pooling_stream.h:188->firmware/nnet_utils/nnet_pooling_stream.h:247->firmware/nnet_utils/nnet_pooling_stream.h:257]   --->   Operation 43 'store' <Predicate = (!icmp_ln241)> <Delay = 0.00>
ST_4 : Operation 44 [1/1] (0.00ns)   --->   "store i6 %tmp_data_2_V_4, i6* @kernel_data_V_2_14, align 1" [firmware/nnet_utils/nnet_conv_stream.h:214->firmware/nnet_utils/nnet_conv_stream.h:252->firmware/nnet_utils/nnet_pooling_stream.h:188->firmware/nnet_utils/nnet_pooling_stream.h:247->firmware/nnet_utils/nnet_pooling_stream.h:257]   --->   Operation 44 'store' <Predicate = (!icmp_ln241)> <Delay = 0.00>
ST_4 : Operation 45 [1/1] (0.00ns)   --->   "store i6 %tmp_data_3_V_4, i6* @kernel_data_V_2_15, align 1" [firmware/nnet_utils/nnet_conv_stream.h:214->firmware/nnet_utils/nnet_conv_stream.h:252->firmware/nnet_utils/nnet_pooling_stream.h:188->firmware/nnet_utils/nnet_pooling_stream.h:247->firmware/nnet_utils/nnet_pooling_stream.h:257]   --->   Operation 45 'store' <Predicate = (!icmp_ln241)> <Delay = 0.00>
ST_4 : Operation 46 [1/1] (0.00ns)   --->   "%sX_1_load = load i32* @sX_1, align 4" [firmware/nnet_utils/nnet_pooling_stream.h:191->firmware/nnet_utils/nnet_pooling_stream.h:247->firmware/nnet_utils/nnet_pooling_stream.h:257]   --->   Operation 46 'load' 'sX_1_load' <Predicate = (!icmp_ln241)> <Delay = 0.00>
ST_4 : Operation 47 [1/1] (2.47ns)   --->   "%icmp_ln191 = icmp eq i32 %sX_1_load, 1" [firmware/nnet_utils/nnet_pooling_stream.h:191->firmware/nnet_utils/nnet_pooling_stream.h:247->firmware/nnet_utils/nnet_pooling_stream.h:257]   --->   Operation 47 'icmp' 'icmp_ln191' <Predicate = (!icmp_ln241)> <Delay = 2.47> <Core = "Cmp">   --->   Core 25 'Cmp' <Latency = 0> <II = 1> <Delay = 2.47> <FuncUnit> <Opcode : 'icmp'> <InPorts = 2> <OutPorts = 1>
ST_4 : Operation 48 [1/1] (0.00ns)   --->   "%sY_1_load = load i32* @sY_1, align 4" [firmware/nnet_utils/nnet_pooling_stream.h:191->firmware/nnet_utils/nnet_pooling_stream.h:247->firmware/nnet_utils/nnet_pooling_stream.h:257]   --->   Operation 48 'load' 'sY_1_load' <Predicate = (!icmp_ln241)> <Delay = 0.00>
ST_4 : Operation 49 [1/1] (2.47ns)   --->   "%icmp_ln191_4 = icmp eq i32 %sY_1_load, 1" [firmware/nnet_utils/nnet_pooling_stream.h:191->firmware/nnet_utils/nnet_pooling_stream.h:247->firmware/nnet_utils/nnet_pooling_stream.h:257]   --->   Operation 49 'icmp' 'icmp_ln191_4' <Predicate = (!icmp_ln241)> <Delay = 2.47> <Core = "Cmp">   --->   Core 25 'Cmp' <Latency = 0> <II = 1> <Delay = 2.47> <FuncUnit> <Opcode : 'icmp'> <InPorts = 2> <OutPorts = 1>
ST_4 : Operation 50 [1/1] (0.00ns)   --->   "%pY_1_load = load i32* @pY_1, align 4" [firmware/nnet_utils/nnet_pooling_stream.h:191->firmware/nnet_utils/nnet_pooling_stream.h:247->firmware/nnet_utils/nnet_pooling_stream.h:257]   --->   Operation 50 'load' 'pY_1_load' <Predicate = (!icmp_ln241)> <Delay = 0.00>
ST_4 : Operation 51 [1/1] (2.47ns)   --->   "%icmp_ln191_5 = icmp sgt i32 %pY_1_load, 0" [firmware/nnet_utils/nnet_pooling_stream.h:191->firmware/nnet_utils/nnet_pooling_stream.h:247->firmware/nnet_utils/nnet_pooling_stream.h:257]   --->   Operation 51 'icmp' 'icmp_ln191_5' <Predicate = (!icmp_ln241)> <Delay = 2.47> <Core = "Cmp">   --->   Core 25 'Cmp' <Latency = 0> <II = 1> <Delay = 2.47> <FuncUnit> <Opcode : 'icmp'> <InPorts = 2> <OutPorts = 1>
ST_4 : Operation 52 [1/1] (0.00ns)   --->   "%pX_1_load = load i32* @pX_1, align 4" [firmware/nnet_utils/nnet_pooling_stream.h:191->firmware/nnet_utils/nnet_pooling_stream.h:247->firmware/nnet_utils/nnet_pooling_stream.h:257]   --->   Operation 52 'load' 'pX_1_load' <Predicate = (!icmp_ln241)> <Delay = 0.00>
ST_4 : Operation 53 [1/1] (2.47ns)   --->   "%icmp_ln191_6 = icmp sgt i32 %pX_1_load, 0" [firmware/nnet_utils/nnet_pooling_stream.h:191->firmware/nnet_utils/nnet_pooling_stream.h:247->firmware/nnet_utils/nnet_pooling_stream.h:257]   --->   Operation 53 'icmp' 'icmp_ln191_6' <Predicate = (!icmp_ln241)> <Delay = 2.47> <Core = "Cmp">   --->   Core 25 'Cmp' <Latency = 0> <II = 1> <Delay = 2.47> <FuncUnit> <Opcode : 'icmp'> <InPorts = 2> <OutPorts = 1>
ST_4 : Operation 54 [1/1] (0.00ns) (grouped into LUT with out node and_ln191_4)   --->   "%and_ln191 = and i1 %icmp_ln191, %icmp_ln191_4" [firmware/nnet_utils/nnet_pooling_stream.h:191->firmware/nnet_utils/nnet_pooling_stream.h:247->firmware/nnet_utils/nnet_pooling_stream.h:257]   --->   Operation 54 'and' 'and_ln191' <Predicate = (!icmp_ln241)> <Delay = 0.00> <Core = "LogicGate">   --->   Core 27 'LogicGate' <Latency = 0> <II = 1> <Delay = 0.97> <FuncUnit> <Opcode : 'and' 'or' 'xor'> <InPorts = 2> <OutPorts = 1>
ST_4 : Operation 55 [1/1] (0.00ns) (grouped into LUT with out node and_ln191_4)   --->   "%and_ln191_3 = and i1 %icmp_ln191_5, %icmp_ln191_6" [firmware/nnet_utils/nnet_pooling_stream.h:191->firmware/nnet_utils/nnet_pooling_stream.h:247->firmware/nnet_utils/nnet_pooling_stream.h:257]   --->   Operation 55 'and' 'and_ln191_3' <Predicate = (!icmp_ln241)> <Delay = 0.00> <Core = "LogicGate">   --->   Core 27 'LogicGate' <Latency = 0> <II = 1> <Delay = 0.97> <FuncUnit> <Opcode : 'and' 'or' 'xor'> <InPorts = 2> <OutPorts = 1>
ST_4 : Operation 56 [1/1] (0.97ns) (out node of the LUT)   --->   "%and_ln191_4 = and i1 %and_ln191_3, %and_ln191" [firmware/nnet_utils/nnet_pooling_stream.h:191->firmware/nnet_utils/nnet_pooling_stream.h:247->firmware/nnet_utils/nnet_pooling_stream.h:257]   --->   Operation 56 'and' 'and_ln191_4' <Predicate = (!icmp_ln241)> <Delay = 0.97> <Core = "LogicGate">   --->   Core 27 'LogicGate' <Latency = 0> <II = 1> <Delay = 0.97> <FuncUnit> <Opcode : 'and' 'or' 'xor'> <InPorts = 2> <OutPorts = 1>
ST_4 : Operation 57 [1/1] (0.00ns)   --->   "br i1 %and_ln191_4, label %.preheader.i.i.0, label %._crit_edge63.i.i" [firmware/nnet_utils/nnet_pooling_stream.h:191->firmware/nnet_utils/nnet_pooling_stream.h:247->firmware/nnet_utils/nnet_pooling_stream.h:257]   --->   Operation 57 'br' <Predicate = (!icmp_ln241)> <Delay = 0.00>
ST_4 : Operation 58 [1/1] (0.00ns)   --->   "%pool_window_0_V = call i16 @_ssdm_op_BitConcatenate.i16.i6.i10(i6 %kernel_data_V_2_4_load, i10 0)" [firmware/nnet_utils/nnet_pooling_stream.h:199->firmware/nnet_utils/nnet_pooling_stream.h:247->firmware/nnet_utils/nnet_pooling_stream.h:257]   --->   Operation 58 'bitconcatenate' 'pool_window_0_V' <Predicate = (and_ln191_4)> <Delay = 0.00>
ST_4 : Operation 59 [1/1] (0.00ns)   --->   "%pool_window_1_V = call i16 @_ssdm_op_BitConcatenate.i16.i6.i10(i6 %DataOut_V_32, i10 0)" [firmware/nnet_utils/nnet_pooling_stream.h:199->firmware/nnet_utils/nnet_pooling_stream.h:247->firmware/nnet_utils/nnet_pooling_stream.h:257]   --->   Operation 59 'bitconcatenate' 'pool_window_1_V' <Predicate = (and_ln191_4)> <Delay = 0.00>
ST_4 : Operation 60 [1/1] (0.00ns)   --->   "%pool_window_2_V = call i16 @_ssdm_op_BitConcatenate.i16.i6.i10(i6 %kernel_data_V_2_12_load, i10 0)" [firmware/nnet_utils/nnet_pooling_stream.h:199->firmware/nnet_utils/nnet_pooling_stream.h:247->firmware/nnet_utils/nnet_pooling_stream.h:257]   --->   Operation 60 'bitconcatenate' 'pool_window_2_V' <Predicate = (and_ln191_4)> <Delay = 0.00>
ST_4 : Operation 61 [1/1] (0.00ns)   --->   "%pool_window_3_V = call i16 @_ssdm_op_BitConcatenate.i16.i6.i10(i6 %tmp_data_0_V_4, i10 0)" [firmware/nnet_utils/nnet_pooling_stream.h:199->firmware/nnet_utils/nnet_pooling_stream.h:247->firmware/nnet_utils/nnet_pooling_stream.h:257]   --->   Operation 61 'bitconcatenate' 'pool_window_3_V' <Predicate = (and_ln191_4)> <Delay = 0.00>
ST_4 : Operation 62 [1/1] (2.42ns)   --->   "%icmp_ln1496 = icmp ult i16 %pool_window_0_V, %pool_window_1_V" [firmware/nnet_utils/nnet_common.h:65->firmware/nnet_utils/nnet_common.h:43->firmware/nnet_utils/nnet_common.h:45->firmware/nnet_utils/nnet_pooling_stream.h:21->firmware/nnet_utils/nnet_pooling_stream.h:204->firmware/nnet_utils/nnet_pooling_stream.h:247->firmware/nnet_utils/nnet_pooling_stream.h:257]   --->   Operation 62 'icmp' 'icmp_ln1496' <Predicate = (and_ln191_4)> <Delay = 2.42> <Core = "Cmp">   --->   Core 25 'Cmp' <Latency = 0> <II = 1> <Delay = 2.47> <FuncUnit> <Opcode : 'icmp'> <InPorts = 2> <OutPorts = 1>
ST_4 : Operation 63 [1/1] (2.42ns)   --->   "%icmp_ln1496_12 = icmp ult i16 %pool_window_2_V, %pool_window_3_V" [firmware/nnet_utils/nnet_common.h:65->firmware/nnet_utils/nnet_common.h:43->firmware/nnet_utils/nnet_common.h:45->firmware/nnet_utils/nnet_pooling_stream.h:21->firmware/nnet_utils/nnet_pooling_stream.h:204->firmware/nnet_utils/nnet_pooling_stream.h:247->firmware/nnet_utils/nnet_pooling_stream.h:257]   --->   Operation 63 'icmp' 'icmp_ln1496_12' <Predicate = (and_ln191_4)> <Delay = 2.42> <Core = "Cmp">   --->   Core 25 'Cmp' <Latency = 0> <II = 1> <Delay = 2.47> <FuncUnit> <Opcode : 'icmp'> <InPorts = 2> <OutPorts = 1>
ST_4 : Operation 64 [1/1] (0.00ns)   --->   "%pool_window_0_V_9 = call i16 @_ssdm_op_BitConcatenate.i16.i6.i10(i6 %kernel_data_V_2_5_load, i10 0)" [firmware/nnet_utils/nnet_pooling_stream.h:199->firmware/nnet_utils/nnet_pooling_stream.h:247->firmware/nnet_utils/nnet_pooling_stream.h:257]   --->   Operation 64 'bitconcatenate' 'pool_window_0_V_9' <Predicate = (and_ln191_4)> <Delay = 0.00>
ST_4 : Operation 65 [1/1] (0.00ns)   --->   "%pool_window_1_V_9 = call i16 @_ssdm_op_BitConcatenate.i16.i6.i10(i6 %DataOut_V_33, i10 0)" [firmware/nnet_utils/nnet_pooling_stream.h:199->firmware/nnet_utils/nnet_pooling_stream.h:247->firmware/nnet_utils/nnet_pooling_stream.h:257]   --->   Operation 65 'bitconcatenate' 'pool_window_1_V_9' <Predicate = (and_ln191_4)> <Delay = 0.00>
ST_4 : Operation 66 [1/1] (0.00ns)   --->   "%pool_window_2_V_9 = call i16 @_ssdm_op_BitConcatenate.i16.i6.i10(i6 %kernel_data_V_2_13_load, i10 0)" [firmware/nnet_utils/nnet_pooling_stream.h:199->firmware/nnet_utils/nnet_pooling_stream.h:247->firmware/nnet_utils/nnet_pooling_stream.h:257]   --->   Operation 66 'bitconcatenate' 'pool_window_2_V_9' <Predicate = (and_ln191_4)> <Delay = 0.00>
ST_4 : Operation 67 [1/1] (0.00ns)   --->   "%pool_window_3_V_9 = call i16 @_ssdm_op_BitConcatenate.i16.i6.i10(i6 %tmp_data_1_V_4, i10 0)" [firmware/nnet_utils/nnet_pooling_stream.h:199->firmware/nnet_utils/nnet_pooling_stream.h:247->firmware/nnet_utils/nnet_pooling_stream.h:257]   --->   Operation 67 'bitconcatenate' 'pool_window_3_V_9' <Predicate = (and_ln191_4)> <Delay = 0.00>
ST_4 : Operation 68 [1/1] (2.42ns)   --->   "%icmp_ln1496_1 = icmp ult i16 %pool_window_0_V_9, %pool_window_1_V_9" [firmware/nnet_utils/nnet_common.h:65->firmware/nnet_utils/nnet_common.h:43->firmware/nnet_utils/nnet_common.h:45->firmware/nnet_utils/nnet_pooling_stream.h:21->firmware/nnet_utils/nnet_pooling_stream.h:204->firmware/nnet_utils/nnet_pooling_stream.h:247->firmware/nnet_utils/nnet_pooling_stream.h:257]   --->   Operation 68 'icmp' 'icmp_ln1496_1' <Predicate = (and_ln191_4)> <Delay = 2.42> <Core = "Cmp">   --->   Core 25 'Cmp' <Latency = 0> <II = 1> <Delay = 2.47> <FuncUnit> <Opcode : 'icmp'> <InPorts = 2> <OutPorts = 1>
ST_4 : Operation 69 [1/1] (2.42ns)   --->   "%icmp_ln1496_14 = icmp ult i16 %pool_window_2_V_9, %pool_window_3_V_9" [firmware/nnet_utils/nnet_common.h:65->firmware/nnet_utils/nnet_common.h:43->firmware/nnet_utils/nnet_common.h:45->firmware/nnet_utils/nnet_pooling_stream.h:21->firmware/nnet_utils/nnet_pooling_stream.h:204->firmware/nnet_utils/nnet_pooling_stream.h:247->firmware/nnet_utils/nnet_pooling_stream.h:257]   --->   Operation 69 'icmp' 'icmp_ln1496_14' <Predicate = (and_ln191_4)> <Delay = 2.42> <Core = "Cmp">   --->   Core 25 'Cmp' <Latency = 0> <II = 1> <Delay = 2.47> <FuncUnit> <Opcode : 'icmp'> <InPorts = 2> <OutPorts = 1>
ST_4 : Operation 70 [1/1] (0.00ns)   --->   "%pool_window_0_V_11 = call i16 @_ssdm_op_BitConcatenate.i16.i6.i10(i6 %kernel_data_V_2_6_load, i10 0)" [firmware/nnet_utils/nnet_pooling_stream.h:199->firmware/nnet_utils/nnet_pooling_stream.h:247->firmware/nnet_utils/nnet_pooling_stream.h:257]   --->   Operation 70 'bitconcatenate' 'pool_window_0_V_11' <Predicate = (and_ln191_4)> <Delay = 0.00>
ST_4 : Operation 71 [1/1] (0.00ns)   --->   "%pool_window_1_V_11 = call i16 @_ssdm_op_BitConcatenate.i16.i6.i10(i6 %DataOut_V_34, i10 0)" [firmware/nnet_utils/nnet_pooling_stream.h:199->firmware/nnet_utils/nnet_pooling_stream.h:247->firmware/nnet_utils/nnet_pooling_stream.h:257]   --->   Operation 71 'bitconcatenate' 'pool_window_1_V_11' <Predicate = (and_ln191_4)> <Delay = 0.00>
ST_4 : Operation 72 [1/1] (0.00ns)   --->   "%pool_window_2_V_11 = call i16 @_ssdm_op_BitConcatenate.i16.i6.i10(i6 %kernel_data_V_2_14_load, i10 0)" [firmware/nnet_utils/nnet_pooling_stream.h:199->firmware/nnet_utils/nnet_pooling_stream.h:247->firmware/nnet_utils/nnet_pooling_stream.h:257]   --->   Operation 72 'bitconcatenate' 'pool_window_2_V_11' <Predicate = (and_ln191_4)> <Delay = 0.00>
ST_4 : Operation 73 [1/1] (0.00ns)   --->   "%pool_window_3_V_11 = call i16 @_ssdm_op_BitConcatenate.i16.i6.i10(i6 %tmp_data_2_V_4, i10 0)" [firmware/nnet_utils/nnet_pooling_stream.h:199->firmware/nnet_utils/nnet_pooling_stream.h:247->firmware/nnet_utils/nnet_pooling_stream.h:257]   --->   Operation 73 'bitconcatenate' 'pool_window_3_V_11' <Predicate = (and_ln191_4)> <Delay = 0.00>
ST_4 : Operation 74 [1/1] (2.42ns)   --->   "%icmp_ln1496_2 = icmp ult i16 %pool_window_0_V_11, %pool_window_1_V_11" [firmware/nnet_utils/nnet_common.h:65->firmware/nnet_utils/nnet_common.h:43->firmware/nnet_utils/nnet_common.h:45->firmware/nnet_utils/nnet_pooling_stream.h:21->firmware/nnet_utils/nnet_pooling_stream.h:204->firmware/nnet_utils/nnet_pooling_stream.h:247->firmware/nnet_utils/nnet_pooling_stream.h:257]   --->   Operation 74 'icmp' 'icmp_ln1496_2' <Predicate = (and_ln191_4)> <Delay = 2.42> <Core = "Cmp">   --->   Core 25 'Cmp' <Latency = 0> <II = 1> <Delay = 2.47> <FuncUnit> <Opcode : 'icmp'> <InPorts = 2> <OutPorts = 1>
ST_4 : Operation 75 [1/1] (2.42ns)   --->   "%icmp_ln1496_16 = icmp ult i16 %pool_window_2_V_11, %pool_window_3_V_11" [firmware/nnet_utils/nnet_common.h:65->firmware/nnet_utils/nnet_common.h:43->firmware/nnet_utils/nnet_common.h:45->firmware/nnet_utils/nnet_pooling_stream.h:21->firmware/nnet_utils/nnet_pooling_stream.h:204->firmware/nnet_utils/nnet_pooling_stream.h:247->firmware/nnet_utils/nnet_pooling_stream.h:257]   --->   Operation 75 'icmp' 'icmp_ln1496_16' <Predicate = (and_ln191_4)> <Delay = 2.42> <Core = "Cmp">   --->   Core 25 'Cmp' <Latency = 0> <II = 1> <Delay = 2.47> <FuncUnit> <Opcode : 'icmp'> <InPorts = 2> <OutPorts = 1>
ST_4 : Operation 76 [1/1] (0.00ns)   --->   "%pool_window_0_V_13 = call i16 @_ssdm_op_BitConcatenate.i16.i6.i10(i6 %kernel_data_V_2_7_load, i10 0)" [firmware/nnet_utils/nnet_pooling_stream.h:199->firmware/nnet_utils/nnet_pooling_stream.h:247->firmware/nnet_utils/nnet_pooling_stream.h:257]   --->   Operation 76 'bitconcatenate' 'pool_window_0_V_13' <Predicate = (and_ln191_4)> <Delay = 0.00>
ST_4 : Operation 77 [1/1] (0.00ns)   --->   "%pool_window_1_V_13 = call i16 @_ssdm_op_BitConcatenate.i16.i6.i10(i6 %DataOut_V, i10 0)" [firmware/nnet_utils/nnet_pooling_stream.h:199->firmware/nnet_utils/nnet_pooling_stream.h:247->firmware/nnet_utils/nnet_pooling_stream.h:257]   --->   Operation 77 'bitconcatenate' 'pool_window_1_V_13' <Predicate = (and_ln191_4)> <Delay = 0.00>
ST_4 : Operation 78 [1/1] (0.00ns)   --->   "%pool_window_2_V_13 = call i16 @_ssdm_op_BitConcatenate.i16.i6.i10(i6 %kernel_data_V_2_15_load, i10 0)" [firmware/nnet_utils/nnet_pooling_stream.h:199->firmware/nnet_utils/nnet_pooling_stream.h:247->firmware/nnet_utils/nnet_pooling_stream.h:257]   --->   Operation 78 'bitconcatenate' 'pool_window_2_V_13' <Predicate = (and_ln191_4)> <Delay = 0.00>
ST_4 : Operation 79 [1/1] (0.00ns)   --->   "%pool_window_3_V_13 = call i16 @_ssdm_op_BitConcatenate.i16.i6.i10(i6 %tmp_data_3_V_4, i10 0)" [firmware/nnet_utils/nnet_pooling_stream.h:199->firmware/nnet_utils/nnet_pooling_stream.h:247->firmware/nnet_utils/nnet_pooling_stream.h:257]   --->   Operation 79 'bitconcatenate' 'pool_window_3_V_13' <Predicate = (and_ln191_4)> <Delay = 0.00>
ST_4 : Operation 80 [1/1] (2.42ns)   --->   "%icmp_ln1496_18 = icmp ult i16 %pool_window_0_V_13, %pool_window_1_V_13" [firmware/nnet_utils/nnet_common.h:65->firmware/nnet_utils/nnet_common.h:43->firmware/nnet_utils/nnet_common.h:45->firmware/nnet_utils/nnet_pooling_stream.h:21->firmware/nnet_utils/nnet_pooling_stream.h:204->firmware/nnet_utils/nnet_pooling_stream.h:247->firmware/nnet_utils/nnet_pooling_stream.h:257]   --->   Operation 80 'icmp' 'icmp_ln1496_18' <Predicate = (and_ln191_4)> <Delay = 2.42> <Core = "Cmp">   --->   Core 25 'Cmp' <Latency = 0> <II = 1> <Delay = 2.47> <FuncUnit> <Opcode : 'icmp'> <InPorts = 2> <OutPorts = 1>
ST_4 : Operation 81 [1/1] (2.42ns)   --->   "%icmp_ln1496_19 = icmp ult i16 %pool_window_2_V_13, %pool_window_3_V_13" [firmware/nnet_utils/nnet_common.h:65->firmware/nnet_utils/nnet_common.h:43->firmware/nnet_utils/nnet_common.h:45->firmware/nnet_utils/nnet_pooling_stream.h:21->firmware/nnet_utils/nnet_pooling_stream.h:204->firmware/nnet_utils/nnet_pooling_stream.h:247->firmware/nnet_utils/nnet_pooling_stream.h:257]   --->   Operation 81 'icmp' 'icmp_ln1496_19' <Predicate = (and_ln191_4)> <Delay = 2.42> <Core = "Cmp">   --->   Core 25 'Cmp' <Latency = 0> <II = 1> <Delay = 2.47> <FuncUnit> <Opcode : 'icmp'> <InPorts = 2> <OutPorts = 1>
ST_4 : Operation 82 [1/1] (2.47ns)   --->   "%icmp_ln212 = icmp eq i32 %pX_1_load, 61" [firmware/nnet_utils/nnet_pooling_stream.h:212->firmware/nnet_utils/nnet_pooling_stream.h:247->firmware/nnet_utils/nnet_pooling_stream.h:257]   --->   Operation 82 'icmp' 'icmp_ln212' <Predicate = true> <Delay = 2.47> <Core = "Cmp">   --->   Core 25 'Cmp' <Latency = 0> <II = 1> <Delay = 2.47> <FuncUnit> <Opcode : 'icmp'> <InPorts = 2> <OutPorts = 1>
ST_4 : Operation 83 [1/1] (0.00ns)   --->   "br i1 %icmp_ln212, label %1, label %5" [firmware/nnet_utils/nnet_pooling_stream.h:212->firmware/nnet_utils/nnet_pooling_stream.h:247->firmware/nnet_utils/nnet_pooling_stream.h:257]   --->   Operation 83 'br' <Predicate = true> <Delay = 0.00>
ST_4 : Operation 84 [1/1] (2.55ns)   --->   "%add_ln225 = add nsw i32 %pX_1_load, 1" [firmware/nnet_utils/nnet_pooling_stream.h:225->firmware/nnet_utils/nnet_pooling_stream.h:247->firmware/nnet_utils/nnet_pooling_stream.h:257]   --->   Operation 84 'add' 'add_ln225' <Predicate = (!icmp_ln212)> <Delay = 2.55> <Core = "AddSub">   --->   Core 14 'AddSub' <Latency = 0> <II = 1> <Delay = 2.55> <FuncUnit> <Opcode : 'add' 'sub'> <InPorts = 2> <OutPorts = 1>
ST_4 : Operation 85 [1/1] (1.76ns)   --->   "store i32 %add_ln225, i32* @pX_1, align 4" [firmware/nnet_utils/nnet_pooling_stream.h:225->firmware/nnet_utils/nnet_pooling_stream.h:247->firmware/nnet_utils/nnet_pooling_stream.h:257]   --->   Operation 85 'store' <Predicate = (!icmp_ln212)> <Delay = 1.76>
ST_4 : Operation 86 [1/1] (2.55ns)   --->   "%add_ln227 = add i32 %sX_1_load, 1" [firmware/nnet_utils/nnet_pooling_stream.h:227->firmware/nnet_utils/nnet_pooling_stream.h:247->firmware/nnet_utils/nnet_pooling_stream.h:257]   --->   Operation 86 'add' 'add_ln227' <Predicate = (!icmp_ln212)> <Delay = 2.55> <Core = "AddSub">   --->   Core 14 'AddSub' <Latency = 0> <II = 1> <Delay = 2.55> <FuncUnit> <Opcode : 'add' 'sub'> <InPorts = 2> <OutPorts = 1>
ST_4 : Operation 87 [1/1] (0.69ns)   --->   "%select_ln227 = select i1 %icmp_ln191, i32 0, i32 %add_ln227" [firmware/nnet_utils/nnet_pooling_stream.h:227->firmware/nnet_utils/nnet_pooling_stream.h:247->firmware/nnet_utils/nnet_pooling_stream.h:257]   --->   Operation 87 'select' 'select_ln227' <Predicate = (!icmp_ln212)> <Delay = 0.69> <Core = "Sel">   --->   Core 26 'Sel' <Latency = 0> <II = 1> <Delay = 0.69> <FuncUnit> <Opcode : 'select'> <InPorts = 3> <OutPorts = 1>
ST_4 : Operation 88 [1/1] (1.76ns)   --->   "store i32 0, i32* @pX_1, align 4" [firmware/nnet_utils/nnet_pooling_stream.h:214->firmware/nnet_utils/nnet_pooling_stream.h:247->firmware/nnet_utils/nnet_pooling_stream.h:257]   --->   Operation 88 'store' <Predicate = (icmp_ln212)> <Delay = 1.76>
ST_4 : Operation 89 [1/1] (1.76ns)   --->   "store i32 0, i32* @sX_1, align 4" [firmware/nnet_utils/nnet_pooling_stream.h:215->firmware/nnet_utils/nnet_pooling_stream.h:247->firmware/nnet_utils/nnet_pooling_stream.h:257]   --->   Operation 89 'store' <Predicate = (icmp_ln212)> <Delay = 1.76>
ST_4 : Operation 90 [1/1] (2.47ns)   --->   "%icmp_ln216 = icmp eq i32 %pY_1_load, 61" [firmware/nnet_utils/nnet_pooling_stream.h:216->firmware/nnet_utils/nnet_pooling_stream.h:247->firmware/nnet_utils/nnet_pooling_stream.h:257]   --->   Operation 90 'icmp' 'icmp_ln216' <Predicate = (icmp_ln212)> <Delay = 2.47> <Core = "Cmp">   --->   Core 25 'Cmp' <Latency = 0> <II = 1> <Delay = 2.47> <FuncUnit> <Opcode : 'icmp'> <InPorts = 2> <OutPorts = 1>
ST_4 : Operation 91 [1/1] (0.00ns)   --->   "br i1 %icmp_ln216, label %2, label %3" [firmware/nnet_utils/nnet_pooling_stream.h:216->firmware/nnet_utils/nnet_pooling_stream.h:247->firmware/nnet_utils/nnet_pooling_stream.h:257]   --->   Operation 91 'br' <Predicate = (icmp_ln212)> <Delay = 0.00>
ST_4 : Operation 92 [1/1] (2.55ns)   --->   "%add_ln220 = add nsw i32 %pY_1_load, 1" [firmware/nnet_utils/nnet_pooling_stream.h:220->firmware/nnet_utils/nnet_pooling_stream.h:247->firmware/nnet_utils/nnet_pooling_stream.h:257]   --->   Operation 92 'add' 'add_ln220' <Predicate = (!icmp_ln241 & icmp_ln212 & !icmp_ln216)> <Delay = 2.55> <Core = "AddSub">   --->   Core 14 'AddSub' <Latency = 0> <II = 1> <Delay = 2.55> <FuncUnit> <Opcode : 'add' 'sub'> <InPorts = 2> <OutPorts = 1>
ST_4 : Operation 93 [1/1] (1.76ns)   --->   "store i32 %add_ln220, i32* @pY_1, align 4" [firmware/nnet_utils/nnet_pooling_stream.h:220->firmware/nnet_utils/nnet_pooling_stream.h:247->firmware/nnet_utils/nnet_pooling_stream.h:257]   --->   Operation 93 'store' <Predicate = (!icmp_ln241 & icmp_ln212 & !icmp_ln216)> <Delay = 1.76>
ST_4 : Operation 94 [1/1] (2.55ns)   --->   "%add_ln222 = add i32 %sY_1_load, 1" [firmware/nnet_utils/nnet_pooling_stream.h:222->firmware/nnet_utils/nnet_pooling_stream.h:247->firmware/nnet_utils/nnet_pooling_stream.h:257]   --->   Operation 94 'add' 'add_ln222' <Predicate = (!icmp_ln241 & icmp_ln212 & !icmp_ln216)> <Delay = 2.55> <Core = "AddSub">   --->   Core 14 'AddSub' <Latency = 0> <II = 1> <Delay = 2.55> <FuncUnit> <Opcode : 'add' 'sub'> <InPorts = 2> <OutPorts = 1>
ST_4 : Operation 95 [1/1] (0.69ns)   --->   "%select_ln222 = select i1 %icmp_ln191_4, i32 0, i32 %add_ln222" [firmware/nnet_utils/nnet_pooling_stream.h:222->firmware/nnet_utils/nnet_pooling_stream.h:247->firmware/nnet_utils/nnet_pooling_stream.h:257]   --->   Operation 95 'select' 'select_ln222' <Predicate = (!icmp_ln241 & icmp_ln212 & !icmp_ln216)> <Delay = 0.69> <Core = "Sel">   --->   Core 26 'Sel' <Latency = 0> <II = 1> <Delay = 0.69> <FuncUnit> <Opcode : 'select'> <InPorts = 3> <OutPorts = 1>
ST_4 : Operation 96 [1/1] (1.76ns)   --->   "store i32 0, i32* @pY_1, align 4" [firmware/nnet_utils/nnet_pooling_stream.h:217->firmware/nnet_utils/nnet_pooling_stream.h:247->firmware/nnet_utils/nnet_pooling_stream.h:257]   --->   Operation 96 'store' <Predicate = (!icmp_ln241 & icmp_ln212 & icmp_ln216)> <Delay = 1.76>
ST_4 : Operation 97 [1/1] (1.76ns)   --->   "br label %4" [firmware/nnet_utils/nnet_pooling_stream.h:219->firmware/nnet_utils/nnet_pooling_stream.h:247->firmware/nnet_utils/nnet_pooling_stream.h:257]   --->   Operation 97 'br' <Predicate = (!icmp_ln241 & icmp_ln212 & icmp_ln216)> <Delay = 1.76>

State 5 <SV = 4> <Delay = 3.42>
ST_5 : Operation 98 [1/1] (0.00ns) (grouped into LUT with out node icmp_ln1496_13)   --->   "%select_ln65 = select i1 %icmp_ln1496, i16 %pool_window_1_V, i16 %pool_window_0_V" [firmware/nnet_utils/nnet_common.h:65->firmware/nnet_utils/nnet_common.h:43->firmware/nnet_utils/nnet_common.h:45->firmware/nnet_utils/nnet_pooling_stream.h:21->firmware/nnet_utils/nnet_pooling_stream.h:204->firmware/nnet_utils/nnet_pooling_stream.h:247->firmware/nnet_utils/nnet_pooling_stream.h:257]   --->   Operation 98 'select' 'select_ln65' <Predicate = (and_ln191_4)> <Delay = 0.00> <Core = "Sel">   --->   Core 26 'Sel' <Latency = 0> <II = 1> <Delay = 0.69> <FuncUnit> <Opcode : 'select'> <InPorts = 3> <OutPorts = 1>
ST_5 : Operation 99 [1/1] (0.00ns) (grouped into LUT with out node select_ln65_24)   --->   "%select_ln65_22 = select i1 %icmp_ln1496_12, i2 -1, i2 -2" [firmware/nnet_utils/nnet_common.h:65->firmware/nnet_utils/nnet_common.h:43->firmware/nnet_utils/nnet_common.h:45->firmware/nnet_utils/nnet_pooling_stream.h:21->firmware/nnet_utils/nnet_pooling_stream.h:204->firmware/nnet_utils/nnet_pooling_stream.h:247->firmware/nnet_utils/nnet_pooling_stream.h:257]   --->   Operation 99 'select' 'select_ln65_22' <Predicate = (and_ln191_4)> <Delay = 0.00> <Core = "Sel">   --->   Core 26 'Sel' <Latency = 0> <II = 1> <Delay = 0.69> <FuncUnit> <Opcode : 'select'> <InPorts = 3> <OutPorts = 1>
ST_5 : Operation 100 [1/1] (0.00ns) (grouped into LUT with out node icmp_ln1496_13)   --->   "%select_ln65_17 = select i1 %icmp_ln1496_12, i16 %pool_window_3_V, i16 %pool_window_2_V" [firmware/nnet_utils/nnet_common.h:65->firmware/nnet_utils/nnet_common.h:43->firmware/nnet_utils/nnet_common.h:45->firmware/nnet_utils/nnet_pooling_stream.h:21->firmware/nnet_utils/nnet_pooling_stream.h:204->firmware/nnet_utils/nnet_pooling_stream.h:247->firmware/nnet_utils/nnet_pooling_stream.h:257]   --->   Operation 100 'select' 'select_ln65_17' <Predicate = (and_ln191_4)> <Delay = 0.00> <Core = "Sel">   --->   Core 26 'Sel' <Latency = 0> <II = 1> <Delay = 0.69> <FuncUnit> <Opcode : 'select'> <InPorts = 3> <OutPorts = 1>
ST_5 : Operation 101 [1/1] (2.42ns) (out node of the LUT)   --->   "%icmp_ln1496_13 = icmp ult i16 %select_ln65, %select_ln65_17" [firmware/nnet_utils/nnet_common.h:65->firmware/nnet_utils/nnet_common.h:45->firmware/nnet_utils/nnet_pooling_stream.h:21->firmware/nnet_utils/nnet_pooling_stream.h:204->firmware/nnet_utils/nnet_pooling_stream.h:247->firmware/nnet_utils/nnet_pooling_stream.h:257]   --->   Operation 101 'icmp' 'icmp_ln1496_13' <Predicate = (and_ln191_4)> <Delay = 2.42> <Core = "Cmp">   --->   Core 25 'Cmp' <Latency = 0> <II = 1> <Delay = 2.47> <FuncUnit> <Opcode : 'icmp'> <InPorts = 2> <OutPorts = 1>
ST_5 : Operation 102 [1/1] (0.00ns) (grouped into LUT with out node select_ln65_24)   --->   "%zext_ln65 = zext i1 %icmp_ln1496 to i2" [firmware/nnet_utils/nnet_common.h:65->firmware/nnet_utils/nnet_common.h:45->firmware/nnet_utils/nnet_pooling_stream.h:21->firmware/nnet_utils/nnet_pooling_stream.h:204->firmware/nnet_utils/nnet_pooling_stream.h:247->firmware/nnet_utils/nnet_pooling_stream.h:257]   --->   Operation 102 'zext' 'zext_ln65' <Predicate = (and_ln191_4)> <Delay = 0.00>
ST_5 : Operation 103 [1/1] (0.99ns) (out node of the LUT)   --->   "%select_ln65_24 = select i1 %icmp_ln1496_13, i2 %select_ln65_22, i2 %zext_ln65" [firmware/nnet_utils/nnet_common.h:65->firmware/nnet_utils/nnet_common.h:45->firmware/nnet_utils/nnet_pooling_stream.h:21->firmware/nnet_utils/nnet_pooling_stream.h:204->firmware/nnet_utils/nnet_pooling_stream.h:247->firmware/nnet_utils/nnet_pooling_stream.h:257]   --->   Operation 103 'select' 'select_ln65_24' <Predicate = (and_ln191_4)> <Delay = 0.99> <Core = "Sel">   --->   Core 26 'Sel' <Latency = 0> <II = 1> <Delay = 0.69> <FuncUnit> <Opcode : 'select'> <InPorts = 3> <OutPorts = 1>
ST_5 : Operation 104 [1/1] (0.00ns) (grouped into LUT with out node icmp_ln1496_15)   --->   "%select_ln65_19 = select i1 %icmp_ln1496_1, i16 %pool_window_1_V_9, i16 %pool_window_0_V_9" [firmware/nnet_utils/nnet_common.h:65->firmware/nnet_utils/nnet_common.h:43->firmware/nnet_utils/nnet_common.h:45->firmware/nnet_utils/nnet_pooling_stream.h:21->firmware/nnet_utils/nnet_pooling_stream.h:204->firmware/nnet_utils/nnet_pooling_stream.h:247->firmware/nnet_utils/nnet_pooling_stream.h:257]   --->   Operation 104 'select' 'select_ln65_19' <Predicate = (and_ln191_4)> <Delay = 0.00> <Core = "Sel">   --->   Core 26 'Sel' <Latency = 0> <II = 1> <Delay = 0.69> <FuncUnit> <Opcode : 'select'> <InPorts = 3> <OutPorts = 1>
ST_5 : Operation 105 [1/1] (0.00ns) (grouped into LUT with out node select_ln65_28)   --->   "%select_ln65_26 = select i1 %icmp_ln1496_14, i2 -1, i2 -2" [firmware/nnet_utils/nnet_common.h:65->firmware/nnet_utils/nnet_common.h:43->firmware/nnet_utils/nnet_common.h:45->firmware/nnet_utils/nnet_pooling_stream.h:21->firmware/nnet_utils/nnet_pooling_stream.h:204->firmware/nnet_utils/nnet_pooling_stream.h:247->firmware/nnet_utils/nnet_pooling_stream.h:257]   --->   Operation 105 'select' 'select_ln65_26' <Predicate = (and_ln191_4)> <Delay = 0.00> <Core = "Sel">   --->   Core 26 'Sel' <Latency = 0> <II = 1> <Delay = 0.69> <FuncUnit> <Opcode : 'select'> <InPorts = 3> <OutPorts = 1>
ST_5 : Operation 106 [1/1] (0.00ns) (grouped into LUT with out node icmp_ln1496_15)   --->   "%select_ln65_21 = select i1 %icmp_ln1496_14, i16 %pool_window_3_V_9, i16 %pool_window_2_V_9" [firmware/nnet_utils/nnet_common.h:65->firmware/nnet_utils/nnet_common.h:43->firmware/nnet_utils/nnet_common.h:45->firmware/nnet_utils/nnet_pooling_stream.h:21->firmware/nnet_utils/nnet_pooling_stream.h:204->firmware/nnet_utils/nnet_pooling_stream.h:247->firmware/nnet_utils/nnet_pooling_stream.h:257]   --->   Operation 106 'select' 'select_ln65_21' <Predicate = (and_ln191_4)> <Delay = 0.00> <Core = "Sel">   --->   Core 26 'Sel' <Latency = 0> <II = 1> <Delay = 0.69> <FuncUnit> <Opcode : 'select'> <InPorts = 3> <OutPorts = 1>
ST_5 : Operation 107 [1/1] (2.42ns) (out node of the LUT)   --->   "%icmp_ln1496_15 = icmp ult i16 %select_ln65_19, %select_ln65_21" [firmware/nnet_utils/nnet_common.h:65->firmware/nnet_utils/nnet_common.h:45->firmware/nnet_utils/nnet_pooling_stream.h:21->firmware/nnet_utils/nnet_pooling_stream.h:204->firmware/nnet_utils/nnet_pooling_stream.h:247->firmware/nnet_utils/nnet_pooling_stream.h:257]   --->   Operation 107 'icmp' 'icmp_ln1496_15' <Predicate = (and_ln191_4)> <Delay = 2.42> <Core = "Cmp">   --->   Core 25 'Cmp' <Latency = 0> <II = 1> <Delay = 2.47> <FuncUnit> <Opcode : 'icmp'> <InPorts = 2> <OutPorts = 1>
ST_5 : Operation 108 [1/1] (0.00ns) (grouped into LUT with out node select_ln65_28)   --->   "%zext_ln65_4 = zext i1 %icmp_ln1496_1 to i2" [firmware/nnet_utils/nnet_common.h:65->firmware/nnet_utils/nnet_common.h:45->firmware/nnet_utils/nnet_pooling_stream.h:21->firmware/nnet_utils/nnet_pooling_stream.h:204->firmware/nnet_utils/nnet_pooling_stream.h:247->firmware/nnet_utils/nnet_pooling_stream.h:257]   --->   Operation 108 'zext' 'zext_ln65_4' <Predicate = (and_ln191_4)> <Delay = 0.00>
ST_5 : Operation 109 [1/1] (0.99ns) (out node of the LUT)   --->   "%select_ln65_28 = select i1 %icmp_ln1496_15, i2 %select_ln65_26, i2 %zext_ln65_4" [firmware/nnet_utils/nnet_common.h:65->firmware/nnet_utils/nnet_common.h:45->firmware/nnet_utils/nnet_pooling_stream.h:21->firmware/nnet_utils/nnet_pooling_stream.h:204->firmware/nnet_utils/nnet_pooling_stream.h:247->firmware/nnet_utils/nnet_pooling_stream.h:257]   --->   Operation 109 'select' 'select_ln65_28' <Predicate = (and_ln191_4)> <Delay = 0.99> <Core = "Sel">   --->   Core 26 'Sel' <Latency = 0> <II = 1> <Delay = 0.69> <FuncUnit> <Opcode : 'select'> <InPorts = 3> <OutPorts = 1>
ST_5 : Operation 110 [1/1] (0.00ns) (grouped into LUT with out node icmp_ln1496_17)   --->   "%select_ln65_23 = select i1 %icmp_ln1496_2, i16 %pool_window_1_V_11, i16 %pool_window_0_V_11" [firmware/nnet_utils/nnet_common.h:65->firmware/nnet_utils/nnet_common.h:43->firmware/nnet_utils/nnet_common.h:45->firmware/nnet_utils/nnet_pooling_stream.h:21->firmware/nnet_utils/nnet_pooling_stream.h:204->firmware/nnet_utils/nnet_pooling_stream.h:247->firmware/nnet_utils/nnet_pooling_stream.h:257]   --->   Operation 110 'select' 'select_ln65_23' <Predicate = (and_ln191_4)> <Delay = 0.00> <Core = "Sel">   --->   Core 26 'Sel' <Latency = 0> <II = 1> <Delay = 0.69> <FuncUnit> <Opcode : 'select'> <InPorts = 3> <OutPorts = 1>
ST_5 : Operation 111 [1/1] (0.00ns) (grouped into LUT with out node select_ln65_31)   --->   "%select_ln65_30 = select i1 %icmp_ln1496_16, i2 -1, i2 -2" [firmware/nnet_utils/nnet_common.h:65->firmware/nnet_utils/nnet_common.h:43->firmware/nnet_utils/nnet_common.h:45->firmware/nnet_utils/nnet_pooling_stream.h:21->firmware/nnet_utils/nnet_pooling_stream.h:204->firmware/nnet_utils/nnet_pooling_stream.h:247->firmware/nnet_utils/nnet_pooling_stream.h:257]   --->   Operation 111 'select' 'select_ln65_30' <Predicate = (and_ln191_4)> <Delay = 0.00> <Core = "Sel">   --->   Core 26 'Sel' <Latency = 0> <II = 1> <Delay = 0.69> <FuncUnit> <Opcode : 'select'> <InPorts = 3> <OutPorts = 1>
ST_5 : Operation 112 [1/1] (0.00ns) (grouped into LUT with out node icmp_ln1496_17)   --->   "%select_ln65_25 = select i1 %icmp_ln1496_16, i16 %pool_window_3_V_11, i16 %pool_window_2_V_11" [firmware/nnet_utils/nnet_common.h:65->firmware/nnet_utils/nnet_common.h:43->firmware/nnet_utils/nnet_common.h:45->firmware/nnet_utils/nnet_pooling_stream.h:21->firmware/nnet_utils/nnet_pooling_stream.h:204->firmware/nnet_utils/nnet_pooling_stream.h:247->firmware/nnet_utils/nnet_pooling_stream.h:257]   --->   Operation 112 'select' 'select_ln65_25' <Predicate = (and_ln191_4)> <Delay = 0.00> <Core = "Sel">   --->   Core 26 'Sel' <Latency = 0> <II = 1> <Delay = 0.69> <FuncUnit> <Opcode : 'select'> <InPorts = 3> <OutPorts = 1>
ST_5 : Operation 113 [1/1] (2.42ns) (out node of the LUT)   --->   "%icmp_ln1496_17 = icmp ult i16 %select_ln65_23, %select_ln65_25" [firmware/nnet_utils/nnet_common.h:65->firmware/nnet_utils/nnet_common.h:45->firmware/nnet_utils/nnet_pooling_stream.h:21->firmware/nnet_utils/nnet_pooling_stream.h:204->firmware/nnet_utils/nnet_pooling_stream.h:247->firmware/nnet_utils/nnet_pooling_stream.h:257]   --->   Operation 113 'icmp' 'icmp_ln1496_17' <Predicate = (and_ln191_4)> <Delay = 2.42> <Core = "Cmp">   --->   Core 25 'Cmp' <Latency = 0> <II = 1> <Delay = 2.47> <FuncUnit> <Opcode : 'icmp'> <InPorts = 2> <OutPorts = 1>
ST_5 : Operation 114 [1/1] (0.00ns) (grouped into LUT with out node select_ln65_31)   --->   "%zext_ln65_5 = zext i1 %icmp_ln1496_2 to i2" [firmware/nnet_utils/nnet_common.h:65->firmware/nnet_utils/nnet_common.h:45->firmware/nnet_utils/nnet_pooling_stream.h:21->firmware/nnet_utils/nnet_pooling_stream.h:204->firmware/nnet_utils/nnet_pooling_stream.h:247->firmware/nnet_utils/nnet_pooling_stream.h:257]   --->   Operation 114 'zext' 'zext_ln65_5' <Predicate = (and_ln191_4)> <Delay = 0.00>
ST_5 : Operation 115 [1/1] (0.99ns) (out node of the LUT)   --->   "%select_ln65_31 = select i1 %icmp_ln1496_17, i2 %select_ln65_30, i2 %zext_ln65_5" [firmware/nnet_utils/nnet_common.h:65->firmware/nnet_utils/nnet_common.h:45->firmware/nnet_utils/nnet_pooling_stream.h:21->firmware/nnet_utils/nnet_pooling_stream.h:204->firmware/nnet_utils/nnet_pooling_stream.h:247->firmware/nnet_utils/nnet_pooling_stream.h:257]   --->   Operation 115 'select' 'select_ln65_31' <Predicate = (and_ln191_4)> <Delay = 0.99> <Core = "Sel">   --->   Core 26 'Sel' <Latency = 0> <II = 1> <Delay = 0.69> <FuncUnit> <Opcode : 'select'> <InPorts = 3> <OutPorts = 1>
ST_5 : Operation 116 [1/1] (0.00ns) (grouped into LUT with out node icmp_ln1496_20)   --->   "%select_ln65_27 = select i1 %icmp_ln1496_18, i16 %pool_window_1_V_13, i16 %pool_window_0_V_13" [firmware/nnet_utils/nnet_common.h:65->firmware/nnet_utils/nnet_common.h:43->firmware/nnet_utils/nnet_common.h:45->firmware/nnet_utils/nnet_pooling_stream.h:21->firmware/nnet_utils/nnet_pooling_stream.h:204->firmware/nnet_utils/nnet_pooling_stream.h:247->firmware/nnet_utils/nnet_pooling_stream.h:257]   --->   Operation 116 'select' 'select_ln65_27' <Predicate = (and_ln191_4)> <Delay = 0.00> <Core = "Sel">   --->   Core 26 'Sel' <Latency = 0> <II = 1> <Delay = 0.69> <FuncUnit> <Opcode : 'select'> <InPorts = 3> <OutPorts = 1>
ST_5 : Operation 117 [1/1] (0.00ns) (grouped into LUT with out node select_ln65_33)   --->   "%select_ln65_32 = select i1 %icmp_ln1496_19, i2 -1, i2 -2" [firmware/nnet_utils/nnet_common.h:65->firmware/nnet_utils/nnet_common.h:43->firmware/nnet_utils/nnet_common.h:45->firmware/nnet_utils/nnet_pooling_stream.h:21->firmware/nnet_utils/nnet_pooling_stream.h:204->firmware/nnet_utils/nnet_pooling_stream.h:247->firmware/nnet_utils/nnet_pooling_stream.h:257]   --->   Operation 117 'select' 'select_ln65_32' <Predicate = (and_ln191_4)> <Delay = 0.00> <Core = "Sel">   --->   Core 26 'Sel' <Latency = 0> <II = 1> <Delay = 0.69> <FuncUnit> <Opcode : 'select'> <InPorts = 3> <OutPorts = 1>
ST_5 : Operation 118 [1/1] (0.00ns) (grouped into LUT with out node icmp_ln1496_20)   --->   "%select_ln65_29 = select i1 %icmp_ln1496_19, i16 %pool_window_3_V_13, i16 %pool_window_2_V_13" [firmware/nnet_utils/nnet_common.h:65->firmware/nnet_utils/nnet_common.h:43->firmware/nnet_utils/nnet_common.h:45->firmware/nnet_utils/nnet_pooling_stream.h:21->firmware/nnet_utils/nnet_pooling_stream.h:204->firmware/nnet_utils/nnet_pooling_stream.h:247->firmware/nnet_utils/nnet_pooling_stream.h:257]   --->   Operation 118 'select' 'select_ln65_29' <Predicate = (and_ln191_4)> <Delay = 0.00> <Core = "Sel">   --->   Core 26 'Sel' <Latency = 0> <II = 1> <Delay = 0.69> <FuncUnit> <Opcode : 'select'> <InPorts = 3> <OutPorts = 1>
ST_5 : Operation 119 [1/1] (2.42ns) (out node of the LUT)   --->   "%icmp_ln1496_20 = icmp ult i16 %select_ln65_27, %select_ln65_29" [firmware/nnet_utils/nnet_common.h:65->firmware/nnet_utils/nnet_common.h:45->firmware/nnet_utils/nnet_pooling_stream.h:21->firmware/nnet_utils/nnet_pooling_stream.h:204->firmware/nnet_utils/nnet_pooling_stream.h:247->firmware/nnet_utils/nnet_pooling_stream.h:257]   --->   Operation 119 'icmp' 'icmp_ln1496_20' <Predicate = (and_ln191_4)> <Delay = 2.42> <Core = "Cmp">   --->   Core 25 'Cmp' <Latency = 0> <II = 1> <Delay = 2.47> <FuncUnit> <Opcode : 'icmp'> <InPorts = 2> <OutPorts = 1>
ST_5 : Operation 120 [1/1] (0.00ns) (grouped into LUT with out node select_ln65_33)   --->   "%zext_ln65_6 = zext i1 %icmp_ln1496_18 to i2" [firmware/nnet_utils/nnet_common.h:65->firmware/nnet_utils/nnet_common.h:45->firmware/nnet_utils/nnet_pooling_stream.h:21->firmware/nnet_utils/nnet_pooling_stream.h:204->firmware/nnet_utils/nnet_pooling_stream.h:247->firmware/nnet_utils/nnet_pooling_stream.h:257]   --->   Operation 120 'zext' 'zext_ln65_6' <Predicate = (and_ln191_4)> <Delay = 0.00>
ST_5 : Operation 121 [1/1] (0.99ns) (out node of the LUT)   --->   "%select_ln65_33 = select i1 %icmp_ln1496_20, i2 %select_ln65_32, i2 %zext_ln65_6" [firmware/nnet_utils/nnet_common.h:65->firmware/nnet_utils/nnet_common.h:45->firmware/nnet_utils/nnet_pooling_stream.h:21->firmware/nnet_utils/nnet_pooling_stream.h:204->firmware/nnet_utils/nnet_pooling_stream.h:247->firmware/nnet_utils/nnet_pooling_stream.h:257]   --->   Operation 121 'select' 'select_ln65_33' <Predicate = (and_ln191_4)> <Delay = 0.99> <Core = "Sel">   --->   Core 26 'Sel' <Latency = 0> <II = 1> <Delay = 0.69> <FuncUnit> <Opcode : 'select'> <InPorts = 3> <OutPorts = 1>
ST_5 : Operation 122 [1/1] (1.76ns)   --->   "store i32 %select_ln227, i32* @sX_1, align 4" [firmware/nnet_utils/nnet_pooling_stream.h:227->firmware/nnet_utils/nnet_pooling_stream.h:247->firmware/nnet_utils/nnet_pooling_stream.h:257]   --->   Operation 122 'store' <Predicate = (!icmp_ln212)> <Delay = 1.76>
ST_5 : Operation 123 [1/1] (0.00ns)   --->   "br label %ReadInputWidth_end"   --->   Operation 123 'br' <Predicate = (!icmp_ln212)> <Delay = 0.00>
ST_5 : Operation 124 [1/1] (1.76ns)   --->   "br label %4"   --->   Operation 124 'br' <Predicate = (!icmp_ln241 & icmp_ln212 & !icmp_ln216)> <Delay = 1.76>

State 6 <SV = 5> <Delay = 4.14>
ST_6 : Operation 125 [1/1] (0.00ns)   --->   "call void (...)* @_ssdm_op_SpecLoopName([31 x i8]* @ReadInputHeight_ReadInputWidth_str)"   --->   Operation 125 'specloopname' <Predicate = (!icmp_ln241)> <Delay = 0.00>
ST_6 : Operation 126 [1/1] (0.00ns)   --->   "%empty_49 = call i32 (...)* @_ssdm_op_SpecLoopTripCount(i64 3844, i64 3844, i64 3844)"   --->   Operation 126 'speclooptripcount' 'empty_49' <Predicate = (!icmp_ln241)> <Delay = 0.00>
ST_6 : Operation 127 [1/1] (0.00ns)   --->   "call void (...)* @_ssdm_op_SpecLoopName([15 x i8]* @p_str36) nounwind" [firmware/nnet_utils/nnet_pooling_stream.h:243->firmware/nnet_utils/nnet_pooling_stream.h:257]   --->   Operation 127 'specloopname' <Predicate = (!icmp_ln241)> <Delay = 0.00>
ST_6 : Operation 128 [1/1] (0.00ns)   --->   "%tmp_s = call i32 (...)* @_ssdm_op_SpecRegionBegin([15 x i8]* @p_str36)" [firmware/nnet_utils/nnet_pooling_stream.h:243->firmware/nnet_utils/nnet_pooling_stream.h:257]   --->   Operation 128 'specregionbegin' 'tmp_s' <Predicate = (!icmp_ln241)> <Delay = 0.00>
ST_6 : Operation 129 [1/1] (0.00ns)   --->   "call void (...)* @_ssdm_op_SpecPipeline(i32 -1, i32 1, i32 1, i32 0, [1 x i8]* @p_str10) nounwind" [firmware/nnet_utils/nnet_pooling_stream.h:245->firmware/nnet_utils/nnet_pooling_stream.h:257]   --->   Operation 129 'specpipeline' <Predicate = (!icmp_ln241)> <Delay = 0.00>
ST_6 : Operation 130 [1/1] (0.00ns)   --->   "%pool_window_0_V_8 = zext i16 %pool_window_0_V to i32" [firmware/nnet_utils/nnet_pooling_stream.h:199->firmware/nnet_utils/nnet_pooling_stream.h:247->firmware/nnet_utils/nnet_pooling_stream.h:257]   --->   Operation 130 'zext' 'pool_window_0_V_8' <Predicate = (and_ln191_4)> <Delay = 0.00>
ST_6 : Operation 131 [1/1] (0.00ns)   --->   "%pool_window_1_V_8 = zext i16 %pool_window_1_V to i32" [firmware/nnet_utils/nnet_pooling_stream.h:199->firmware/nnet_utils/nnet_pooling_stream.h:247->firmware/nnet_utils/nnet_pooling_stream.h:257]   --->   Operation 131 'zext' 'pool_window_1_V_8' <Predicate = (and_ln191_4)> <Delay = 0.00>
ST_6 : Operation 132 [1/1] (0.00ns)   --->   "%pool_window_2_V_8 = zext i16 %pool_window_2_V to i32" [firmware/nnet_utils/nnet_pooling_stream.h:199->firmware/nnet_utils/nnet_pooling_stream.h:247->firmware/nnet_utils/nnet_pooling_stream.h:257]   --->   Operation 132 'zext' 'pool_window_2_V_8' <Predicate = (and_ln191_4)> <Delay = 0.00>
ST_6 : Operation 133 [1/1] (0.00ns)   --->   "%pool_window_3_V_8 = zext i16 %pool_window_3_V to i32" [firmware/nnet_utils/nnet_pooling_stream.h:199->firmware/nnet_utils/nnet_pooling_stream.h:247->firmware/nnet_utils/nnet_pooling_stream.h:257]   --->   Operation 133 'zext' 'pool_window_3_V_8' <Predicate = (and_ln191_4)> <Delay = 0.00>
ST_6 : Operation 134 [1/1] (1.95ns)   --->   "%tmp_31 = call i32 @_ssdm_op_Mux.ap_auto.4i32.i2(i32 %pool_window_0_V_8, i32 %pool_window_1_V_8, i32 %pool_window_2_V_8, i32 %pool_window_3_V_8, i2 %select_ln65_24)" [firmware/nnet_utils/nnet_common.h:65->firmware/nnet_utils/nnet_common.h:45->firmware/nnet_utils/nnet_pooling_stream.h:21->firmware/nnet_utils/nnet_pooling_stream.h:204->firmware/nnet_utils/nnet_pooling_stream.h:247->firmware/nnet_utils/nnet_pooling_stream.h:257]   --->   Operation 134 'mux' 'tmp_31' <Predicate = (and_ln191_4)> <Delay = 1.95> <Core = "MuxnS">   --->   Core 31 'MuxnS' <Latency = 0> <II = 1> <Delay = 1.95> <FuncUnit> <Opcode : 'mux'> <InPorts = 2> <OutPorts = 1>
ST_6 : Operation 135 [1/1] (0.00ns)   --->   "%tmp_data_0_V = call i16 @_ssdm_op_PartSelect.i16.i32.i32.i32(i32 %tmp_31, i32 6, i32 21)" [firmware/nnet_utils/nnet_pooling_stream.h:204->firmware/nnet_utils/nnet_pooling_stream.h:247->firmware/nnet_utils/nnet_pooling_stream.h:257]   --->   Operation 135 'partselect' 'tmp_data_0_V' <Predicate = (and_ln191_4)> <Delay = 0.00>
ST_6 : Operation 136 [1/1] (0.00ns)   --->   "%pool_window_0_V_10 = zext i16 %pool_window_0_V_9 to i32" [firmware/nnet_utils/nnet_pooling_stream.h:199->firmware/nnet_utils/nnet_pooling_stream.h:247->firmware/nnet_utils/nnet_pooling_stream.h:257]   --->   Operation 136 'zext' 'pool_window_0_V_10' <Predicate = (and_ln191_4)> <Delay = 0.00>
ST_6 : Operation 137 [1/1] (0.00ns)   --->   "%pool_window_1_V_10 = zext i16 %pool_window_1_V_9 to i32" [firmware/nnet_utils/nnet_pooling_stream.h:199->firmware/nnet_utils/nnet_pooling_stream.h:247->firmware/nnet_utils/nnet_pooling_stream.h:257]   --->   Operation 137 'zext' 'pool_window_1_V_10' <Predicate = (and_ln191_4)> <Delay = 0.00>
ST_6 : Operation 138 [1/1] (0.00ns)   --->   "%pool_window_2_V_10 = zext i16 %pool_window_2_V_9 to i32" [firmware/nnet_utils/nnet_pooling_stream.h:199->firmware/nnet_utils/nnet_pooling_stream.h:247->firmware/nnet_utils/nnet_pooling_stream.h:257]   --->   Operation 138 'zext' 'pool_window_2_V_10' <Predicate = (and_ln191_4)> <Delay = 0.00>
ST_6 : Operation 139 [1/1] (0.00ns)   --->   "%pool_window_3_V_10 = zext i16 %pool_window_3_V_9 to i32" [firmware/nnet_utils/nnet_pooling_stream.h:199->firmware/nnet_utils/nnet_pooling_stream.h:247->firmware/nnet_utils/nnet_pooling_stream.h:257]   --->   Operation 139 'zext' 'pool_window_3_V_10' <Predicate = (and_ln191_4)> <Delay = 0.00>
ST_6 : Operation 140 [1/1] (1.95ns)   --->   "%tmp_32 = call i32 @_ssdm_op_Mux.ap_auto.4i32.i2(i32 %pool_window_0_V_10, i32 %pool_window_1_V_10, i32 %pool_window_2_V_10, i32 %pool_window_3_V_10, i2 %select_ln65_28)" [firmware/nnet_utils/nnet_common.h:65->firmware/nnet_utils/nnet_common.h:45->firmware/nnet_utils/nnet_pooling_stream.h:21->firmware/nnet_utils/nnet_pooling_stream.h:204->firmware/nnet_utils/nnet_pooling_stream.h:247->firmware/nnet_utils/nnet_pooling_stream.h:257]   --->   Operation 140 'mux' 'tmp_32' <Predicate = (and_ln191_4)> <Delay = 1.95> <Core = "MuxnS">   --->   Core 31 'MuxnS' <Latency = 0> <II = 1> <Delay = 1.95> <FuncUnit> <Opcode : 'mux'> <InPorts = 2> <OutPorts = 1>
ST_6 : Operation 141 [1/1] (0.00ns)   --->   "%tmp_data_1_V = call i16 @_ssdm_op_PartSelect.i16.i32.i32.i32(i32 %tmp_32, i32 6, i32 21)" [firmware/nnet_utils/nnet_pooling_stream.h:204->firmware/nnet_utils/nnet_pooling_stream.h:247->firmware/nnet_utils/nnet_pooling_stream.h:257]   --->   Operation 141 'partselect' 'tmp_data_1_V' <Predicate = (and_ln191_4)> <Delay = 0.00>
ST_6 : Operation 142 [1/1] (0.00ns)   --->   "%pool_window_0_V_12 = zext i16 %pool_window_0_V_11 to i32" [firmware/nnet_utils/nnet_pooling_stream.h:199->firmware/nnet_utils/nnet_pooling_stream.h:247->firmware/nnet_utils/nnet_pooling_stream.h:257]   --->   Operation 142 'zext' 'pool_window_0_V_12' <Predicate = (and_ln191_4)> <Delay = 0.00>
ST_6 : Operation 143 [1/1] (0.00ns)   --->   "%pool_window_1_V_12 = zext i16 %pool_window_1_V_11 to i32" [firmware/nnet_utils/nnet_pooling_stream.h:199->firmware/nnet_utils/nnet_pooling_stream.h:247->firmware/nnet_utils/nnet_pooling_stream.h:257]   --->   Operation 143 'zext' 'pool_window_1_V_12' <Predicate = (and_ln191_4)> <Delay = 0.00>
ST_6 : Operation 144 [1/1] (0.00ns)   --->   "%pool_window_2_V_12 = zext i16 %pool_window_2_V_11 to i32" [firmware/nnet_utils/nnet_pooling_stream.h:199->firmware/nnet_utils/nnet_pooling_stream.h:247->firmware/nnet_utils/nnet_pooling_stream.h:257]   --->   Operation 144 'zext' 'pool_window_2_V_12' <Predicate = (and_ln191_4)> <Delay = 0.00>
ST_6 : Operation 145 [1/1] (0.00ns)   --->   "%pool_window_3_V_12 = zext i16 %pool_window_3_V_11 to i32" [firmware/nnet_utils/nnet_pooling_stream.h:199->firmware/nnet_utils/nnet_pooling_stream.h:247->firmware/nnet_utils/nnet_pooling_stream.h:257]   --->   Operation 145 'zext' 'pool_window_3_V_12' <Predicate = (and_ln191_4)> <Delay = 0.00>
ST_6 : Operation 146 [1/1] (1.95ns)   --->   "%tmp_33 = call i32 @_ssdm_op_Mux.ap_auto.4i32.i2(i32 %pool_window_0_V_12, i32 %pool_window_1_V_12, i32 %pool_window_2_V_12, i32 %pool_window_3_V_12, i2 %select_ln65_31)" [firmware/nnet_utils/nnet_common.h:65->firmware/nnet_utils/nnet_common.h:45->firmware/nnet_utils/nnet_pooling_stream.h:21->firmware/nnet_utils/nnet_pooling_stream.h:204->firmware/nnet_utils/nnet_pooling_stream.h:247->firmware/nnet_utils/nnet_pooling_stream.h:257]   --->   Operation 146 'mux' 'tmp_33' <Predicate = (and_ln191_4)> <Delay = 1.95> <Core = "MuxnS">   --->   Core 31 'MuxnS' <Latency = 0> <II = 1> <Delay = 1.95> <FuncUnit> <Opcode : 'mux'> <InPorts = 2> <OutPorts = 1>
ST_6 : Operation 147 [1/1] (0.00ns)   --->   "%tmp_data_2_V = call i16 @_ssdm_op_PartSelect.i16.i32.i32.i32(i32 %tmp_33, i32 6, i32 21)" [firmware/nnet_utils/nnet_pooling_stream.h:204->firmware/nnet_utils/nnet_pooling_stream.h:247->firmware/nnet_utils/nnet_pooling_stream.h:257]   --->   Operation 147 'partselect' 'tmp_data_2_V' <Predicate = (and_ln191_4)> <Delay = 0.00>
ST_6 : Operation 148 [1/1] (0.00ns)   --->   "%pool_window_0_V_14 = zext i16 %pool_window_0_V_13 to i32" [firmware/nnet_utils/nnet_pooling_stream.h:199->firmware/nnet_utils/nnet_pooling_stream.h:247->firmware/nnet_utils/nnet_pooling_stream.h:257]   --->   Operation 148 'zext' 'pool_window_0_V_14' <Predicate = (and_ln191_4)> <Delay = 0.00>
ST_6 : Operation 149 [1/1] (0.00ns)   --->   "%pool_window_1_V_14 = zext i16 %pool_window_1_V_13 to i32" [firmware/nnet_utils/nnet_pooling_stream.h:199->firmware/nnet_utils/nnet_pooling_stream.h:247->firmware/nnet_utils/nnet_pooling_stream.h:257]   --->   Operation 149 'zext' 'pool_window_1_V_14' <Predicate = (and_ln191_4)> <Delay = 0.00>
ST_6 : Operation 150 [1/1] (0.00ns)   --->   "%pool_window_2_V_14 = zext i16 %pool_window_2_V_13 to i32" [firmware/nnet_utils/nnet_pooling_stream.h:199->firmware/nnet_utils/nnet_pooling_stream.h:247->firmware/nnet_utils/nnet_pooling_stream.h:257]   --->   Operation 150 'zext' 'pool_window_2_V_14' <Predicate = (and_ln191_4)> <Delay = 0.00>
ST_6 : Operation 151 [1/1] (0.00ns)   --->   "%pool_window_3_V_14 = zext i16 %pool_window_3_V_13 to i32" [firmware/nnet_utils/nnet_pooling_stream.h:199->firmware/nnet_utils/nnet_pooling_stream.h:247->firmware/nnet_utils/nnet_pooling_stream.h:257]   --->   Operation 151 'zext' 'pool_window_3_V_14' <Predicate = (and_ln191_4)> <Delay = 0.00>
ST_6 : Operation 152 [1/1] (1.95ns)   --->   "%tmp_34 = call i32 @_ssdm_op_Mux.ap_auto.4i32.i2(i32 %pool_window_0_V_14, i32 %pool_window_1_V_14, i32 %pool_window_2_V_14, i32 %pool_window_3_V_14, i2 %select_ln65_33)" [firmware/nnet_utils/nnet_common.h:65->firmware/nnet_utils/nnet_common.h:45->firmware/nnet_utils/nnet_pooling_stream.h:21->firmware/nnet_utils/nnet_pooling_stream.h:204->firmware/nnet_utils/nnet_pooling_stream.h:247->firmware/nnet_utils/nnet_pooling_stream.h:257]   --->   Operation 152 'mux' 'tmp_34' <Predicate = (and_ln191_4)> <Delay = 1.95> <Core = "MuxnS">   --->   Core 31 'MuxnS' <Latency = 0> <II = 1> <Delay = 1.95> <FuncUnit> <Opcode : 'mux'> <InPorts = 2> <OutPorts = 1>
ST_6 : Operation 153 [1/1] (0.00ns)   --->   "%tmp_data_3_V = call i16 @_ssdm_op_PartSelect.i16.i32.i32.i32(i32 %tmp_34, i32 6, i32 21)" [firmware/nnet_utils/nnet_pooling_stream.h:204->firmware/nnet_utils/nnet_pooling_stream.h:247->firmware/nnet_utils/nnet_pooling_stream.h:257]   --->   Operation 153 'partselect' 'tmp_data_3_V' <Predicate = (and_ln191_4)> <Delay = 0.00>
ST_6 : Operation 154 [1/1] (2.18ns)   --->   "call void @_ssdm_op_Write.ap_fifo.volatile.i16P.i16P.i16P.i16P(i16* %res_V_data_0_V, i16* %res_V_data_1_V, i16* %res_V_data_2_V, i16* %res_V_data_3_V, i16 %tmp_data_0_V, i16 %tmp_data_1_V, i16 %tmp_data_2_V, i16 %tmp_data_3_V)" [firmware/nnet_utils/nnet_pooling_stream.h:208->firmware/nnet_utils/nnet_pooling_stream.h:247->firmware/nnet_utils/nnet_pooling_stream.h:257]   --->   Operation 154 'write' <Predicate = (and_ln191_4)> <Delay = 2.18> <Core = "FIFO">   --->   Core 32 'FIFO' <Latency = 0> <II = 1> <Delay = 3.63> <Storage> <Opcode : 'read' 'write' 'nbread' 'nbwrite'> <Ports = 0> <Width = 16> <Depth = 1> <FIFO>
ST_6 : Operation 155 [1/1] (0.00ns)   --->   "br label %._crit_edge63.i.i" [firmware/nnet_utils/nnet_pooling_stream.h:209->firmware/nnet_utils/nnet_pooling_stream.h:247->firmware/nnet_utils/nnet_pooling_stream.h:257]   --->   Operation 155 'br' <Predicate = (and_ln191_4)> <Delay = 0.00>
ST_6 : Operation 156 [1/1] (0.00ns)   --->   "%storemerge_i_i = phi i32 [ %select_ln222, %3 ], [ 0, %2 ]" [firmware/nnet_utils/nnet_pooling_stream.h:222->firmware/nnet_utils/nnet_pooling_stream.h:247->firmware/nnet_utils/nnet_pooling_stream.h:257]   --->   Operation 156 'phi' 'storemerge_i_i' <Predicate = (icmp_ln212)> <Delay = 0.00>
ST_6 : Operation 157 [1/1] (0.00ns)   --->   "store i32 %storemerge_i_i, i32* @sY_1, align 4" [firmware/nnet_utils/nnet_pooling_stream.h:218->firmware/nnet_utils/nnet_pooling_stream.h:247->firmware/nnet_utils/nnet_pooling_stream.h:257]   --->   Operation 157 'store' <Predicate = (icmp_ln212)> <Delay = 0.00>
ST_6 : Operation 158 [1/1] (0.00ns)   --->   "br label %ReadInputWidth_end" [firmware/nnet_utils/nnet_pooling_stream.h:224->firmware/nnet_utils/nnet_pooling_stream.h:247->firmware/nnet_utils/nnet_pooling_stream.h:257]   --->   Operation 158 'br' <Predicate = (icmp_ln212)> <Delay = 0.00>
ST_6 : Operation 159 [1/1] (0.00ns)   --->   "%empty = call i32 (...)* @_ssdm_op_SpecRegionEnd([15 x i8]* @p_str36, i32 %tmp_s)" [firmware/nnet_utils/nnet_pooling_stream.h:248->firmware/nnet_utils/nnet_pooling_stream.h:257]   --->   Operation 159 'specregionend' 'empty' <Predicate = (!icmp_ln241)> <Delay = 0.00>
ST_6 : Operation 160 [1/1] (0.00ns)   --->   "br label %0"   --->   Operation 160 'br' <Predicate = (!icmp_ln241)> <Delay = 0.00>

State 7 <SV = 2> <Delay = 0.00>
ST_7 : Operation 161 [1/1] (0.00ns)   --->   "ret void" [firmware/nnet_utils/nnet_pooling_stream.h:263]   --->   Operation 161 'ret' <Predicate = true> <Delay = 0.00>


============================================================
+ Verbose Summary: Timing violations
============================================================
Target clock period: 5ns, clock uncertainty: 0.625ns.

 <State 1>: 1.77ns
The critical path consists of the following:
	multiplexor before 'phi' operation ('indvar_flatten', firmware/nnet_utils/nnet_pooling_stream.h:241->firmware/nnet_utils/nnet_pooling_stream.h:257) with incoming values : ('add_ln241', firmware/nnet_utils/nnet_pooling_stream.h:241->firmware/nnet_utils/nnet_pooling_stream.h:257) [33]  (1.77 ns)

 <State 2>: 1.99ns
The critical path consists of the following:
	'phi' operation ('indvar_flatten', firmware/nnet_utils/nnet_pooling_stream.h:241->firmware/nnet_utils/nnet_pooling_stream.h:257) with incoming values : ('add_ln241', firmware/nnet_utils/nnet_pooling_stream.h:241->firmware/nnet_utils/nnet_pooling_stream.h:257) [33]  (0 ns)
	'icmp' operation ('icmp_ln241', firmware/nnet_utils/nnet_pooling_stream.h:241->firmware/nnet_utils/nnet_pooling_stream.h:257) [34]  (1.99 ns)

 <State 3>: 2.19ns
The critical path consists of the following:
	fifo read on port 'data_V_data_0_V' (firmware/nnet_utils/nnet_pooling_stream.h:247->firmware/nnet_utils/nnet_pooling_stream.h:257) [43]  (2.19 ns)

 <State 4>: 4.43ns
The critical path consists of the following:
	'icmp' operation ('icmp_ln212', firmware/nnet_utils/nnet_pooling_stream.h:212->firmware/nnet_utils/nnet_pooling_stream.h:247->firmware/nnet_utils/nnet_pooling_stream.h:257) [156]  (2.47 ns)
	blocking operation 1.96 ns on control path)

 <State 5>: 3.42ns
The critical path consists of the following:
	'select' operation ('select_ln65', firmware/nnet_utils/nnet_common.h:65->firmware/nnet_utils/nnet_common.h:43->firmware/nnet_utils/nnet_common.h:45->firmware/nnet_utils/nnet_pooling_stream.h:21->firmware/nnet_utils/nnet_pooling_stream.h:204->firmware/nnet_utils/nnet_pooling_stream.h:247->firmware/nnet_utils/nnet_pooling_stream.h:257) [90]  (0 ns)
	'icmp' operation ('icmp_ln1496_13', firmware/nnet_utils/nnet_common.h:65->firmware/nnet_utils/nnet_common.h:45->firmware/nnet_utils/nnet_pooling_stream.h:21->firmware/nnet_utils/nnet_pooling_stream.h:204->firmware/nnet_utils/nnet_pooling_stream.h:247->firmware/nnet_utils/nnet_pooling_stream.h:257) [94]  (2.43 ns)
	'select' operation ('select_ln65_24', firmware/nnet_utils/nnet_common.h:65->firmware/nnet_utils/nnet_common.h:45->firmware/nnet_utils/nnet_pooling_stream.h:21->firmware/nnet_utils/nnet_pooling_stream.h:204->firmware/nnet_utils/nnet_pooling_stream.h:247->firmware/nnet_utils/nnet_pooling_stream.h:257) [96]  (0.993 ns)

 <State 6>: 4.15ns
The critical path consists of the following:
	'mux' operation ('tmp_31', firmware/nnet_utils/nnet_common.h:65->firmware/nnet_utils/nnet_common.h:45->firmware/nnet_utils/nnet_pooling_stream.h:21->firmware/nnet_utils/nnet_pooling_stream.h:204->firmware/nnet_utils/nnet_pooling_stream.h:247->firmware/nnet_utils/nnet_pooling_stream.h:257) [97]  (1.96 ns)
	fifo write on port 'res_V_data_0_V' (firmware/nnet_utils/nnet_pooling_stream.h:208->firmware/nnet_utils/nnet_pooling_stream.h:247->firmware/nnet_utils/nnet_pooling_stream.h:257) [153]  (2.19 ns)

 <State 7>: 0ns
The critical path consists of the following:


============================================================
+ Verbose Summary: Binding
============================================================
N/A
* FSMD analyzer results:
  - Output states:
 - Input state : 
  - Chain level:
	State 1
	State 2
	State 3
	State 4
	State 5
	State 6
	State 7


============================================================
+ Verbose Summary: Datapath Resource usage 
============================================================
N/A
