

================================================================
== Vivado HLS Report for 'reduce_ap_fixed_18_8_0_0_0_4_Op_add_ap_fixed_18_8_0_0_0_s'
================================================================
* Date:           Wed Apr 10 16:33:17 2024

* Version:        2019.2 (Build 2704478 on Wed Nov 06 22:10:23 MST 2019)
* Project:        myproject_prj
* Solution:       solution1
* Product family: zynquplus
* Target device:  xczu5ev-sfvc784-2LV-e


================================================================
== Performance Estimates
================================================================
+ Timing: 
    * Summary: 
    +--------+---------+----------+------------+
    |  Clock |  Target | Estimated| Uncertainty|
    +--------+---------+----------+------------+
    |ap_clk  | 5.00 ns | 3.804 ns |   0.62 ns  |
    +--------+---------+----------+------------+

+ Latency: 
    * Summary: 
    +---------+---------+----------+----------+-----+-----+----------+
    |  Latency (cycles) |  Latency (absolute) |  Interval | Pipeline |
    |   min   |   max   |    min   |    max   | min | max |   Type   |
    +---------+---------+----------+----------+-----+-----+----------+
    |        1|        1| 5.000 ns | 5.000 ns |    1|    1| function |
    +---------+---------+----------+----------+-----+-----+----------+

    + Detail: 
        * Instance: 
        N/A

        * Loop: 
        N/A

============================================================
+ Verbose Summary: Synthesis Manager
============================================================
InlineROM: 1
ExposeGlobal: 0
============================================================
+ Verbose Summary: CDFG Model
============================================================
IsTopModel: 0
ResetActiveHigh: 1
IsCombinational: 0
IsDatapathOnly: 0
HasWiredReturn: 1
HasMFsm: 2
HasVarLatency: 0
IsPipeline: 1
IsRtlPipelined: 1
IsInstanceOverlapped: 0
IsDontTouch: 0
HasImplIP: 0
IsGatedGlobalClock: 0

+ Individual pipeline summary: 
  * Pipeline-0: initiation interval (II) = 1, depth = 2


============================================================
+ Verbose Summary: Schedule
============================================================
* Number of FSM states : 2
* Pipeline : 1
  Pipeline-0 : II = 1, D = 2, States = { 1 2 }
* Dataflow Pipeline: 0

* FSM state transitions: 
1 --> 2 
2 --> 

* FSM state operations: 

State 1 <SV = 0> <Delay = 3.80>
ST_1 : Operation 3 [1/1] (0.00ns)   --->   "%x_V_offset_read = call i5 @_ssdm_op_Read.ap_auto.i5(i5 %x_V_offset)" [firmware/nnet_utils/nnet_common.h:36]   --->   Operation 3 'read' 'x_V_offset_read' <Predicate = true> <Delay = 0.00>
ST_1 : Operation 4 [1/1] (0.00ns)   --->   "%empty = trunc i5 %x_V_offset_read to i3" [firmware/nnet_utils/nnet_common.h:36]   --->   Operation 4 'trunc' 'empty' <Predicate = true> <Delay = 0.00>
ST_1 : Operation 5 [1/1] (0.00ns)   --->   "%trunc_ln36 = trunc i5 %x_V_offset_read to i4" [firmware/nnet_utils/nnet_common.h:36->firmware/nnet_utils/nnet_common.h:45]   --->   Operation 5 'trunc' 'trunc_ln36' <Predicate = true> <Delay = 0.00>
ST_1 : Operation 6 [1/1] (0.00ns)   --->   "%x_0_V_read = call i17 @_ssdm_op_Read.ap_auto.i17P(i17* %x_0_V)" [firmware/nnet_utils/nnet_common.h:43->firmware/nnet_utils/nnet_common.h:45]   --->   Operation 6 'read' 'x_0_V_read' <Predicate = true> <Delay = 0.00>
ST_1 : Operation 7 [1/1] (0.00ns)   --->   "%zext_ln43 = zext i17 %x_0_V_read to i18" [firmware/nnet_utils/nnet_common.h:43->firmware/nnet_utils/nnet_common.h:45]   --->   Operation 7 'zext' 'zext_ln43' <Predicate = true> <Delay = 0.00>
ST_1 : Operation 8 [1/1] (0.00ns)   --->   "%x_1_V_read = call i17 @_ssdm_op_Read.ap_auto.i17P(i17* %x_1_V)" [firmware/nnet_utils/nnet_common.h:43->firmware/nnet_utils/nnet_common.h:45]   --->   Operation 8 'read' 'x_1_V_read' <Predicate = true> <Delay = 0.00>
ST_1 : Operation 9 [1/1] (0.00ns)   --->   "%zext_ln43_3 = zext i17 %x_1_V_read to i18" [firmware/nnet_utils/nnet_common.h:43->firmware/nnet_utils/nnet_common.h:45]   --->   Operation 9 'zext' 'zext_ln43_3' <Predicate = true> <Delay = 0.00>
ST_1 : Operation 10 [1/1] (0.00ns)   --->   "%x_2_V_read = call i17 @_ssdm_op_Read.ap_auto.i17P(i17* %x_2_V)" [firmware/nnet_utils/nnet_common.h:43->firmware/nnet_utils/nnet_common.h:45]   --->   Operation 10 'read' 'x_2_V_read' <Predicate = true> <Delay = 0.00>
ST_1 : Operation 11 [1/1] (0.00ns)   --->   "%zext_ln43_4 = zext i17 %x_2_V_read to i18" [firmware/nnet_utils/nnet_common.h:43->firmware/nnet_utils/nnet_common.h:45]   --->   Operation 11 'zext' 'zext_ln43_4' <Predicate = true> <Delay = 0.00>
ST_1 : Operation 12 [1/1] (0.00ns)   --->   "%x_3_V_read = call i17 @_ssdm_op_Read.ap_auto.i17P(i17* %x_3_V)" [firmware/nnet_utils/nnet_common.h:43->firmware/nnet_utils/nnet_common.h:45]   --->   Operation 12 'read' 'x_3_V_read' <Predicate = true> <Delay = 0.00>
ST_1 : Operation 13 [1/1] (0.00ns)   --->   "%zext_ln43_5 = zext i17 %x_3_V_read to i18" [firmware/nnet_utils/nnet_common.h:43->firmware/nnet_utils/nnet_common.h:45]   --->   Operation 13 'zext' 'zext_ln43_5' <Predicate = true> <Delay = 0.00>
ST_1 : Operation 14 [1/1] (0.00ns)   --->   "%x_4_V_read = call i17 @_ssdm_op_Read.ap_auto.i17P(i17* %x_4_V)" [firmware/nnet_utils/nnet_common.h:43->firmware/nnet_utils/nnet_common.h:45]   --->   Operation 14 'read' 'x_4_V_read' <Predicate = true> <Delay = 0.00>
ST_1 : Operation 15 [1/1] (0.00ns)   --->   "%zext_ln43_6 = zext i17 %x_4_V_read to i18" [firmware/nnet_utils/nnet_common.h:43->firmware/nnet_utils/nnet_common.h:45]   --->   Operation 15 'zext' 'zext_ln43_6' <Predicate = true> <Delay = 0.00>
ST_1 : Operation 16 [1/1] (0.00ns)   --->   "%x_5_V_read = call i17 @_ssdm_op_Read.ap_auto.i17P(i17* %x_5_V)" [firmware/nnet_utils/nnet_common.h:43->firmware/nnet_utils/nnet_common.h:45]   --->   Operation 16 'read' 'x_5_V_read' <Predicate = true> <Delay = 0.00>
ST_1 : Operation 17 [1/1] (0.00ns)   --->   "%zext_ln43_7 = zext i17 %x_5_V_read to i18" [firmware/nnet_utils/nnet_common.h:43->firmware/nnet_utils/nnet_common.h:45]   --->   Operation 17 'zext' 'zext_ln43_7' <Predicate = true> <Delay = 0.00>
ST_1 : Operation 18 [1/1] (0.00ns)   --->   "%x_6_V_read = call i17 @_ssdm_op_Read.ap_auto.i17P(i17* %x_6_V)" [firmware/nnet_utils/nnet_common.h:43->firmware/nnet_utils/nnet_common.h:45]   --->   Operation 18 'read' 'x_6_V_read' <Predicate = true> <Delay = 0.00>
ST_1 : Operation 19 [1/1] (0.00ns)   --->   "%zext_ln43_8 = zext i17 %x_6_V_read to i18" [firmware/nnet_utils/nnet_common.h:43->firmware/nnet_utils/nnet_common.h:45]   --->   Operation 19 'zext' 'zext_ln43_8' <Predicate = true> <Delay = 0.00>
ST_1 : Operation 20 [1/1] (0.00ns)   --->   "%x_7_V_read = call i17 @_ssdm_op_Read.ap_auto.i17P(i17* %x_7_V)" [firmware/nnet_utils/nnet_common.h:43->firmware/nnet_utils/nnet_common.h:45]   --->   Operation 20 'read' 'x_7_V_read' <Predicate = true> <Delay = 0.00>
ST_1 : Operation 21 [1/1] (0.00ns)   --->   "%zext_ln43_9 = zext i17 %x_7_V_read to i18" [firmware/nnet_utils/nnet_common.h:43->firmware/nnet_utils/nnet_common.h:45]   --->   Operation 21 'zext' 'zext_ln43_9' <Predicate = true> <Delay = 0.00>
ST_1 : Operation 22 [1/1] (0.00ns)   --->   "%x_8_V_read = call i17 @_ssdm_op_Read.ap_auto.i17P(i17* %x_8_V)" [firmware/nnet_utils/nnet_common.h:43->firmware/nnet_utils/nnet_common.h:45]   --->   Operation 22 'read' 'x_8_V_read' <Predicate = true> <Delay = 0.00>
ST_1 : Operation 23 [1/1] (0.00ns)   --->   "%zext_ln43_10 = zext i17 %x_8_V_read to i18" [firmware/nnet_utils/nnet_common.h:43->firmware/nnet_utils/nnet_common.h:45]   --->   Operation 23 'zext' 'zext_ln43_10' <Predicate = true> <Delay = 0.00>
ST_1 : Operation 24 [1/1] (0.00ns)   --->   "%x_9_V_read = call i17 @_ssdm_op_Read.ap_auto.i17P(i17* %x_9_V)" [firmware/nnet_utils/nnet_common.h:43->firmware/nnet_utils/nnet_common.h:45]   --->   Operation 24 'read' 'x_9_V_read' <Predicate = true> <Delay = 0.00>
ST_1 : Operation 25 [1/1] (0.00ns)   --->   "%zext_ln43_11 = zext i17 %x_9_V_read to i18" [firmware/nnet_utils/nnet_common.h:43->firmware/nnet_utils/nnet_common.h:45]   --->   Operation 25 'zext' 'zext_ln43_11' <Predicate = true> <Delay = 0.00>
ST_1 : Operation 26 [1/1] (0.00ns)   --->   "%x_10_V_read = call i17 @_ssdm_op_Read.ap_auto.i17P(i17* %x_10_V)" [firmware/nnet_utils/nnet_common.h:43->firmware/nnet_utils/nnet_common.h:45]   --->   Operation 26 'read' 'x_10_V_read' <Predicate = true> <Delay = 0.00>
ST_1 : Operation 27 [1/1] (0.00ns)   --->   "%zext_ln43_12 = zext i17 %x_10_V_read to i18" [firmware/nnet_utils/nnet_common.h:43->firmware/nnet_utils/nnet_common.h:45]   --->   Operation 27 'zext' 'zext_ln43_12' <Predicate = true> <Delay = 0.00>
ST_1 : Operation 28 [1/1] (0.00ns)   --->   "%x_11_V_read = call i17 @_ssdm_op_Read.ap_auto.i17P(i17* %x_11_V)" [firmware/nnet_utils/nnet_common.h:43->firmware/nnet_utils/nnet_common.h:45]   --->   Operation 28 'read' 'x_11_V_read' <Predicate = true> <Delay = 0.00>
ST_1 : Operation 29 [1/1] (0.00ns)   --->   "%zext_ln43_13 = zext i17 %x_11_V_read to i18" [firmware/nnet_utils/nnet_common.h:43->firmware/nnet_utils/nnet_common.h:45]   --->   Operation 29 'zext' 'zext_ln43_13' <Predicate = true> <Delay = 0.00>
ST_1 : Operation 30 [1/1] (0.00ns)   --->   "%x_12_V_read = call i17 @_ssdm_op_Read.ap_auto.i17P(i17* %x_12_V)" [firmware/nnet_utils/nnet_common.h:43->firmware/nnet_utils/nnet_common.h:45]   --->   Operation 30 'read' 'x_12_V_read' <Predicate = true> <Delay = 0.00>
ST_1 : Operation 31 [1/1] (0.00ns)   --->   "%zext_ln43_14 = zext i17 %x_12_V_read to i18" [firmware/nnet_utils/nnet_common.h:43->firmware/nnet_utils/nnet_common.h:45]   --->   Operation 31 'zext' 'zext_ln43_14' <Predicate = true> <Delay = 0.00>
ST_1 : Operation 32 [1/1] (0.66ns)   --->   "%p_Val2_s = call i18 @_ssdm_op_Mux.ap_auto.13i18.i4(i18 %zext_ln43, i18 %zext_ln43_3, i18 %zext_ln43_4, i18 %zext_ln43_5, i18 %zext_ln43_6, i18 %zext_ln43_7, i18 %zext_ln43_8, i18 %zext_ln43_9, i18 %zext_ln43_10, i18 %zext_ln43_11, i18 %zext_ln43_12, i18 %zext_ln43_13, i18 %zext_ln43_14, i4 %trunc_ln36)" [firmware/nnet_utils/nnet_common.h:43->firmware/nnet_utils/nnet_common.h:45]   --->   Operation 32 'mux' 'p_Val2_s' <Predicate = true> <Delay = 0.66> <Core = "MuxnS">   --->   Core 31 'MuxnS' <Latency = 0> <II = 1> <Delay = 0.66> <FuncUnit> <Opcode : 'mux'> <InPorts = 2> <OutPorts = 1>
ST_1 : Operation 33 [1/1] (0.67ns)   --->   "%add_ln43 = add i3 1, %empty" [firmware/nnet_utils/nnet_common.h:43->firmware/nnet_utils/nnet_common.h:45]   --->   Operation 33 'add' 'add_ln43' <Predicate = true> <Delay = 0.67> <Core = "AddSub">   --->   Core 14 'AddSub' <Latency = 0> <II = 1> <Delay = 0.87> <FuncUnit> <Opcode : 'add' 'sub'> <InPorts = 2> <OutPorts = 1>
ST_1 : Operation 34 [1/1] (0.00ns)   --->   "%zext_ln43_15 = zext i3 %add_ln43 to i4" [firmware/nnet_utils/nnet_common.h:43->firmware/nnet_utils/nnet_common.h:45]   --->   Operation 34 'zext' 'zext_ln43_15' <Predicate = true> <Delay = 0.00>
ST_1 : Operation 35 [1/1] (0.66ns)   --->   "%p_Val2_46 = call i18 @_ssdm_op_Mux.ap_auto.13i18.i4(i18 %zext_ln43, i18 %zext_ln43_3, i18 %zext_ln43_4, i18 %zext_ln43_5, i18 %zext_ln43_6, i18 %zext_ln43_7, i18 %zext_ln43_8, i18 %zext_ln43_9, i18 %zext_ln43_10, i18 %zext_ln43_11, i18 %zext_ln43_12, i18 %zext_ln43_13, i18 %zext_ln43_14, i4 %zext_ln43_15)" [firmware/nnet_utils/nnet_common.h:43->firmware/nnet_utils/nnet_common.h:45]   --->   Operation 35 'mux' 'p_Val2_46' <Predicate = true> <Delay = 0.66> <Core = "MuxnS">   --->   Core 31 'MuxnS' <Latency = 0> <II = 1> <Delay = 0.66> <FuncUnit> <Opcode : 'mux'> <InPorts = 2> <OutPorts = 1>
ST_1 : Operation 36 [1/1] (0.00ns)   --->   "%lhs_V_3 = sext i18 %p_Val2_s to i19" [firmware/nnet_utils/nnet_common.h:50->firmware/nnet_utils/nnet_common.h:43->firmware/nnet_utils/nnet_common.h:45]   --->   Operation 36 'sext' 'lhs_V_3' <Predicate = true> <Delay = 0.00>
ST_1 : Operation 37 [1/1] (0.00ns)   --->   "%rhs_V_3 = sext i18 %p_Val2_46 to i19" [firmware/nnet_utils/nnet_common.h:50->firmware/nnet_utils/nnet_common.h:43->firmware/nnet_utils/nnet_common.h:45]   --->   Operation 37 'sext' 'rhs_V_3' <Predicate = true> <Delay = 0.00>
ST_1 : Operation 38 [1/1] (0.87ns)   --->   "%ret_V = add nsw i19 %rhs_V_3, %lhs_V_3" [firmware/nnet_utils/nnet_common.h:50->firmware/nnet_utils/nnet_common.h:43->firmware/nnet_utils/nnet_common.h:45]   --->   Operation 38 'add' 'ret_V' <Predicate = true> <Delay = 0.87> <Core = "AddSub">   --->   Core 14 'AddSub' <Latency = 0> <II = 1> <Delay = 0.87> <FuncUnit> <Opcode : 'add' 'sub'> <InPorts = 2> <OutPorts = 1>
ST_1 : Operation 39 [1/1] (0.00ns)   --->   "%p_Result_s = call i1 @_ssdm_op_BitSelect.i1.i19.i32(i19 %ret_V, i32 18)" [firmware/nnet_utils/nnet_common.h:50->firmware/nnet_utils/nnet_common.h:43->firmware/nnet_utils/nnet_common.h:45]   --->   Operation 39 'bitselect' 'p_Result_s' <Predicate = true> <Delay = 0.00>
ST_1 : Operation 40 [1/1] (0.87ns)   --->   "%p_Val2_48 = add i18 %p_Val2_s, %p_Val2_46" [firmware/nnet_utils/nnet_common.h:50->firmware/nnet_utils/nnet_common.h:43->firmware/nnet_utils/nnet_common.h:45]   --->   Operation 40 'add' 'p_Val2_48' <Predicate = true> <Delay = 0.87> <Core = "AddSub">   --->   Core 14 'AddSub' <Latency = 0> <II = 1> <Delay = 0.87> <FuncUnit> <Opcode : 'add' 'sub'> <InPorts = 2> <OutPorts = 1>
ST_1 : Operation 41 [1/1] (0.00ns)   --->   "%p_Result_28 = call i1 @_ssdm_op_BitSelect.i1.i18.i32(i18 %p_Val2_48, i32 17)" [firmware/nnet_utils/nnet_common.h:50->firmware/nnet_utils/nnet_common.h:43->firmware/nnet_utils/nnet_common.h:45]   --->   Operation 41 'bitselect' 'p_Result_28' <Predicate = true> <Delay = 0.00>
ST_1 : Operation 42 [1/1] (0.00ns) (grouped into LUT with out node select_ln388_15)   --->   "%xor_ln786_15 = xor i1 %p_Result_28, true" [firmware/nnet_utils/nnet_common.h:50->firmware/nnet_utils/nnet_common.h:43->firmware/nnet_utils/nnet_common.h:45]   --->   Operation 42 'xor' 'xor_ln786_15' <Predicate = true> <Delay = 0.00> <Core = "LogicGate">   --->   Core 27 'LogicGate' <Latency = 0> <II = 1> <Delay = 0.28> <FuncUnit> <Opcode : 'and' 'or' 'xor'> <InPorts = 2> <OutPorts = 1>
ST_1 : Operation 43 [1/1] (0.00ns) (grouped into LUT with out node select_ln388_15)   --->   "%underflow = and i1 %p_Result_s, %xor_ln786_15" [firmware/nnet_utils/nnet_common.h:50->firmware/nnet_utils/nnet_common.h:43->firmware/nnet_utils/nnet_common.h:45]   --->   Operation 43 'and' 'underflow' <Predicate = true> <Delay = 0.00> <Core = "LogicGate">   --->   Core 27 'LogicGate' <Latency = 0> <II = 1> <Delay = 0.28> <FuncUnit> <Opcode : 'and' 'or' 'xor'> <InPorts = 2> <OutPorts = 1>
ST_1 : Operation 44 [1/1] (0.00ns) (grouped into LUT with out node p_Val2_52)   --->   "%xor_ln340_32 = xor i1 %p_Result_s, %p_Result_28" [firmware/nnet_utils/nnet_common.h:50->firmware/nnet_utils/nnet_common.h:43->firmware/nnet_utils/nnet_common.h:45]   --->   Operation 44 'xor' 'xor_ln340_32' <Predicate = true> <Delay = 0.00> <Core = "LogicGate">   --->   Core 27 'LogicGate' <Latency = 0> <II = 1> <Delay = 0.28> <FuncUnit> <Opcode : 'and' 'or' 'xor'> <InPorts = 2> <OutPorts = 1>
ST_1 : Operation 45 [1/1] (0.00ns) (grouped into LUT with out node p_Val2_52)   --->   "%xor_ln340_33 = xor i1 %p_Result_s, true" [firmware/nnet_utils/nnet_common.h:50->firmware/nnet_utils/nnet_common.h:43->firmware/nnet_utils/nnet_common.h:45]   --->   Operation 45 'xor' 'xor_ln340_33' <Predicate = true> <Delay = 0.00> <Core = "LogicGate">   --->   Core 27 'LogicGate' <Latency = 0> <II = 1> <Delay = 0.28> <FuncUnit> <Opcode : 'and' 'or' 'xor'> <InPorts = 2> <OutPorts = 1>
ST_1 : Operation 46 [1/1] (0.00ns) (grouped into LUT with out node p_Val2_52)   --->   "%or_ln340_16 = or i1 %p_Result_28, %xor_ln340_33" [firmware/nnet_utils/nnet_common.h:50->firmware/nnet_utils/nnet_common.h:43->firmware/nnet_utils/nnet_common.h:45]   --->   Operation 46 'or' 'or_ln340_16' <Predicate = true> <Delay = 0.00> <Core = "LogicGate">   --->   Core 27 'LogicGate' <Latency = 0> <II = 1> <Delay = 0.28> <FuncUnit> <Opcode : 'and' 'or' 'xor'> <InPorts = 2> <OutPorts = 1>
ST_1 : Operation 47 [1/1] (0.00ns) (grouped into LUT with out node p_Val2_52)   --->   "%select_ln340_34 = select i1 %xor_ln340_32, i18 131071, i18 %p_Val2_48" [firmware/nnet_utils/nnet_common.h:50->firmware/nnet_utils/nnet_common.h:43->firmware/nnet_utils/nnet_common.h:45]   --->   Operation 47 'select' 'select_ln340_34' <Predicate = true> <Delay = 0.00> <Core = "Sel">   --->   Core 26 'Sel' <Latency = 0> <II = 1> <Delay = 0.36> <FuncUnit> <Opcode : 'select'> <InPorts = 3> <OutPorts = 1>
ST_1 : Operation 48 [1/1] (0.36ns) (out node of the LUT)   --->   "%select_ln388_15 = select i1 %underflow, i18 -131072, i18 %p_Val2_48" [firmware/nnet_utils/nnet_common.h:50->firmware/nnet_utils/nnet_common.h:43->firmware/nnet_utils/nnet_common.h:45]   --->   Operation 48 'select' 'select_ln388_15' <Predicate = true> <Delay = 0.36> <Core = "Sel">   --->   Core 26 'Sel' <Latency = 0> <II = 1> <Delay = 0.36> <FuncUnit> <Opcode : 'select'> <InPorts = 3> <OutPorts = 1>
ST_1 : Operation 49 [1/1] (0.36ns) (out node of the LUT)   --->   "%p_Val2_52 = select i1 %or_ln340_16, i18 %select_ln340_34, i18 %select_ln388_15" [firmware/nnet_utils/nnet_common.h:50->firmware/nnet_utils/nnet_common.h:43->firmware/nnet_utils/nnet_common.h:45]   --->   Operation 49 'select' 'p_Val2_52' <Predicate = true> <Delay = 0.36> <Core = "Sel">   --->   Core 26 'Sel' <Latency = 0> <II = 1> <Delay = 0.36> <FuncUnit> <Opcode : 'select'> <InPorts = 3> <OutPorts = 1>
ST_1 : Operation 50 [1/1] (0.67ns)   --->   "%add_ln45 = add i3 2, %empty" [firmware/nnet_utils/nnet_common.h:45]   --->   Operation 50 'add' 'add_ln45' <Predicate = true> <Delay = 0.67> <Core = "AddSub">   --->   Core 14 'AddSub' <Latency = 0> <II = 1> <Delay = 0.87> <FuncUnit> <Opcode : 'add' 'sub'> <InPorts = 2> <OutPorts = 1>
ST_1 : Operation 51 [1/1] (0.00ns)   --->   "%zext_ln36 = zext i3 %add_ln45 to i4" [firmware/nnet_utils/nnet_common.h:36->firmware/nnet_utils/nnet_common.h:45]   --->   Operation 51 'zext' 'zext_ln36' <Predicate = true> <Delay = 0.00>
ST_1 : Operation 52 [1/1] (0.66ns)   --->   "%p_Val2_49 = call i18 @_ssdm_op_Mux.ap_auto.13i18.i4(i18 %zext_ln43, i18 %zext_ln43_3, i18 %zext_ln43_4, i18 %zext_ln43_5, i18 %zext_ln43_6, i18 %zext_ln43_7, i18 %zext_ln43_8, i18 %zext_ln43_9, i18 %zext_ln43_10, i18 %zext_ln43_11, i18 %zext_ln43_12, i18 %zext_ln43_13, i18 %zext_ln43_14, i4 %zext_ln36)" [firmware/nnet_utils/nnet_common.h:43->firmware/nnet_utils/nnet_common.h:45]   --->   Operation 52 'mux' 'p_Val2_49' <Predicate = true> <Delay = 0.66> <Core = "MuxnS">   --->   Core 31 'MuxnS' <Latency = 0> <II = 1> <Delay = 0.66> <FuncUnit> <Opcode : 'mux'> <InPorts = 2> <OutPorts = 1>
ST_1 : Operation 53 [1/1] (0.67ns)   --->   "%add_ln43_1 = add i3 3, %empty" [firmware/nnet_utils/nnet_common.h:43->firmware/nnet_utils/nnet_common.h:45]   --->   Operation 53 'add' 'add_ln43_1' <Predicate = true> <Delay = 0.67> <Core = "AddSub">   --->   Core 14 'AddSub' <Latency = 0> <II = 1> <Delay = 0.87> <FuncUnit> <Opcode : 'add' 'sub'> <InPorts = 2> <OutPorts = 1>
ST_1 : Operation 54 [1/1] (0.00ns)   --->   "%zext_ln43_16 = zext i3 %add_ln43_1 to i4" [firmware/nnet_utils/nnet_common.h:43->firmware/nnet_utils/nnet_common.h:45]   --->   Operation 54 'zext' 'zext_ln43_16' <Predicate = true> <Delay = 0.00>
ST_1 : Operation 55 [1/1] (0.66ns)   --->   "%p_Val2_2 = call i18 @_ssdm_op_Mux.ap_auto.13i18.i4(i18 %zext_ln43, i18 %zext_ln43_3, i18 %zext_ln43_4, i18 %zext_ln43_5, i18 %zext_ln43_6, i18 %zext_ln43_7, i18 %zext_ln43_8, i18 %zext_ln43_9, i18 %zext_ln43_10, i18 %zext_ln43_11, i18 %zext_ln43_12, i18 %zext_ln43_13, i18 %zext_ln43_14, i4 %zext_ln43_16)" [firmware/nnet_utils/nnet_common.h:43->firmware/nnet_utils/nnet_common.h:45]   --->   Operation 55 'mux' 'p_Val2_2' <Predicate = true> <Delay = 0.66> <Core = "MuxnS">   --->   Core 31 'MuxnS' <Latency = 0> <II = 1> <Delay = 0.66> <FuncUnit> <Opcode : 'mux'> <InPorts = 2> <OutPorts = 1>
ST_1 : Operation 56 [1/1] (0.00ns)   --->   "%lhs_V_4 = sext i18 %p_Val2_49 to i19" [firmware/nnet_utils/nnet_common.h:50->firmware/nnet_utils/nnet_common.h:43->firmware/nnet_utils/nnet_common.h:45]   --->   Operation 56 'sext' 'lhs_V_4' <Predicate = true> <Delay = 0.00>
ST_1 : Operation 57 [1/1] (0.00ns)   --->   "%rhs_V_4 = sext i18 %p_Val2_2 to i19" [firmware/nnet_utils/nnet_common.h:50->firmware/nnet_utils/nnet_common.h:43->firmware/nnet_utils/nnet_common.h:45]   --->   Operation 57 'sext' 'rhs_V_4' <Predicate = true> <Delay = 0.00>
ST_1 : Operation 58 [1/1] (0.87ns)   --->   "%ret_V_3 = add nsw i19 %rhs_V_4, %lhs_V_4" [firmware/nnet_utils/nnet_common.h:50->firmware/nnet_utils/nnet_common.h:43->firmware/nnet_utils/nnet_common.h:45]   --->   Operation 58 'add' 'ret_V_3' <Predicate = true> <Delay = 0.87> <Core = "AddSub">   --->   Core 14 'AddSub' <Latency = 0> <II = 1> <Delay = 0.87> <FuncUnit> <Opcode : 'add' 'sub'> <InPorts = 2> <OutPorts = 1>
ST_1 : Operation 59 [1/1] (0.00ns)   --->   "%p_Result_29 = call i1 @_ssdm_op_BitSelect.i1.i19.i32(i19 %ret_V_3, i32 18)" [firmware/nnet_utils/nnet_common.h:50->firmware/nnet_utils/nnet_common.h:43->firmware/nnet_utils/nnet_common.h:45]   --->   Operation 59 'bitselect' 'p_Result_29' <Predicate = true> <Delay = 0.00>
ST_1 : Operation 60 [1/1] (0.87ns)   --->   "%p_Val2_51 = add i18 %p_Val2_49, %p_Val2_2" [firmware/nnet_utils/nnet_common.h:50->firmware/nnet_utils/nnet_common.h:43->firmware/nnet_utils/nnet_common.h:45]   --->   Operation 60 'add' 'p_Val2_51' <Predicate = true> <Delay = 0.87> <Core = "AddSub">   --->   Core 14 'AddSub' <Latency = 0> <II = 1> <Delay = 0.87> <FuncUnit> <Opcode : 'add' 'sub'> <InPorts = 2> <OutPorts = 1>
ST_1 : Operation 61 [1/1] (0.00ns)   --->   "%p_Result_30 = call i1 @_ssdm_op_BitSelect.i1.i18.i32(i18 %p_Val2_51, i32 17)" [firmware/nnet_utils/nnet_common.h:50->firmware/nnet_utils/nnet_common.h:43->firmware/nnet_utils/nnet_common.h:45]   --->   Operation 61 'bitselect' 'p_Result_30' <Predicate = true> <Delay = 0.00>
ST_1 : Operation 62 [1/1] (0.00ns) (grouped into LUT with out node select_ln388_16)   --->   "%xor_ln786_16 = xor i1 %p_Result_30, true" [firmware/nnet_utils/nnet_common.h:50->firmware/nnet_utils/nnet_common.h:43->firmware/nnet_utils/nnet_common.h:45]   --->   Operation 62 'xor' 'xor_ln786_16' <Predicate = true> <Delay = 0.00> <Core = "LogicGate">   --->   Core 27 'LogicGate' <Latency = 0> <II = 1> <Delay = 0.28> <FuncUnit> <Opcode : 'and' 'or' 'xor'> <InPorts = 2> <OutPorts = 1>
ST_1 : Operation 63 [1/1] (0.00ns) (grouped into LUT with out node select_ln388_16)   --->   "%underflow_3 = and i1 %p_Result_29, %xor_ln786_16" [firmware/nnet_utils/nnet_common.h:50->firmware/nnet_utils/nnet_common.h:43->firmware/nnet_utils/nnet_common.h:45]   --->   Operation 63 'and' 'underflow_3' <Predicate = true> <Delay = 0.00> <Core = "LogicGate">   --->   Core 27 'LogicGate' <Latency = 0> <II = 1> <Delay = 0.28> <FuncUnit> <Opcode : 'and' 'or' 'xor'> <InPorts = 2> <OutPorts = 1>
ST_1 : Operation 64 [1/1] (0.00ns) (grouped into LUT with out node p_Val2_53)   --->   "%xor_ln340_34 = xor i1 %p_Result_29, %p_Result_30" [firmware/nnet_utils/nnet_common.h:50->firmware/nnet_utils/nnet_common.h:43->firmware/nnet_utils/nnet_common.h:45]   --->   Operation 64 'xor' 'xor_ln340_34' <Predicate = true> <Delay = 0.00> <Core = "LogicGate">   --->   Core 27 'LogicGate' <Latency = 0> <II = 1> <Delay = 0.28> <FuncUnit> <Opcode : 'and' 'or' 'xor'> <InPorts = 2> <OutPorts = 1>
ST_1 : Operation 65 [1/1] (0.00ns) (grouped into LUT with out node p_Val2_53)   --->   "%xor_ln340_35 = xor i1 %p_Result_29, true" [firmware/nnet_utils/nnet_common.h:50->firmware/nnet_utils/nnet_common.h:43->firmware/nnet_utils/nnet_common.h:45]   --->   Operation 65 'xor' 'xor_ln340_35' <Predicate = true> <Delay = 0.00> <Core = "LogicGate">   --->   Core 27 'LogicGate' <Latency = 0> <II = 1> <Delay = 0.28> <FuncUnit> <Opcode : 'and' 'or' 'xor'> <InPorts = 2> <OutPorts = 1>
ST_1 : Operation 66 [1/1] (0.00ns) (grouped into LUT with out node p_Val2_53)   --->   "%or_ln340_17 = or i1 %p_Result_30, %xor_ln340_35" [firmware/nnet_utils/nnet_common.h:50->firmware/nnet_utils/nnet_common.h:43->firmware/nnet_utils/nnet_common.h:45]   --->   Operation 66 'or' 'or_ln340_17' <Predicate = true> <Delay = 0.00> <Core = "LogicGate">   --->   Core 27 'LogicGate' <Latency = 0> <II = 1> <Delay = 0.28> <FuncUnit> <Opcode : 'and' 'or' 'xor'> <InPorts = 2> <OutPorts = 1>
ST_1 : Operation 67 [1/1] (0.00ns) (grouped into LUT with out node p_Val2_53)   --->   "%select_ln340_36 = select i1 %xor_ln340_34, i18 131071, i18 %p_Val2_51" [firmware/nnet_utils/nnet_common.h:50->firmware/nnet_utils/nnet_common.h:43->firmware/nnet_utils/nnet_common.h:45]   --->   Operation 67 'select' 'select_ln340_36' <Predicate = true> <Delay = 0.00> <Core = "Sel">   --->   Core 26 'Sel' <Latency = 0> <II = 1> <Delay = 0.36> <FuncUnit> <Opcode : 'select'> <InPorts = 3> <OutPorts = 1>
ST_1 : Operation 68 [1/1] (0.36ns) (out node of the LUT)   --->   "%select_ln388_16 = select i1 %underflow_3, i18 -131072, i18 %p_Val2_51" [firmware/nnet_utils/nnet_common.h:50->firmware/nnet_utils/nnet_common.h:43->firmware/nnet_utils/nnet_common.h:45]   --->   Operation 68 'select' 'select_ln388_16' <Predicate = true> <Delay = 0.36> <Core = "Sel">   --->   Core 26 'Sel' <Latency = 0> <II = 1> <Delay = 0.36> <FuncUnit> <Opcode : 'select'> <InPorts = 3> <OutPorts = 1>
ST_1 : Operation 69 [1/1] (0.36ns) (out node of the LUT)   --->   "%p_Val2_53 = select i1 %or_ln340_17, i18 %select_ln340_36, i18 %select_ln388_16" [firmware/nnet_utils/nnet_common.h:50->firmware/nnet_utils/nnet_common.h:43->firmware/nnet_utils/nnet_common.h:45]   --->   Operation 69 'select' 'p_Val2_53' <Predicate = true> <Delay = 0.36> <Core = "Sel">   --->   Core 26 'Sel' <Latency = 0> <II = 1> <Delay = 0.36> <FuncUnit> <Opcode : 'select'> <InPorts = 3> <OutPorts = 1>
ST_1 : Operation 70 [1/1] (0.00ns)   --->   "%lhs_V = sext i18 %p_Val2_52 to i19" [firmware/nnet_utils/nnet_common.h:50->firmware/nnet_utils/nnet_common.h:45]   --->   Operation 70 'sext' 'lhs_V' <Predicate = true> <Delay = 0.00>
ST_1 : Operation 71 [1/1] (0.00ns)   --->   "%rhs_V = sext i18 %p_Val2_53 to i19" [firmware/nnet_utils/nnet_common.h:50->firmware/nnet_utils/nnet_common.h:45]   --->   Operation 71 'sext' 'rhs_V' <Predicate = true> <Delay = 0.00>
ST_1 : Operation 72 [1/1] (0.87ns)   --->   "%ret_V_4 = add nsw i19 %lhs_V, %rhs_V" [firmware/nnet_utils/nnet_common.h:50->firmware/nnet_utils/nnet_common.h:45]   --->   Operation 72 'add' 'ret_V_4' <Predicate = true> <Delay = 0.87> <Core = "AddSub">   --->   Core 14 'AddSub' <Latency = 0> <II = 1> <Delay = 0.87> <FuncUnit> <Opcode : 'add' 'sub'> <InPorts = 2> <OutPorts = 1>
ST_1 : Operation 73 [1/1] (0.00ns)   --->   "%p_Result_31 = call i1 @_ssdm_op_BitSelect.i1.i19.i32(i19 %ret_V_4, i32 18)" [firmware/nnet_utils/nnet_common.h:50->firmware/nnet_utils/nnet_common.h:45]   --->   Operation 73 'bitselect' 'p_Result_31' <Predicate = true> <Delay = 0.00>
ST_1 : Operation 74 [1/1] (0.87ns)   --->   "%p_Val2_55 = add i18 %p_Val2_53, %p_Val2_52" [firmware/nnet_utils/nnet_common.h:50->firmware/nnet_utils/nnet_common.h:45]   --->   Operation 74 'add' 'p_Val2_55' <Predicate = true> <Delay = 0.87> <Core = "AddSub">   --->   Core 14 'AddSub' <Latency = 0> <II = 1> <Delay = 0.87> <FuncUnit> <Opcode : 'add' 'sub'> <InPorts = 2> <OutPorts = 1>
ST_1 : Operation 75 [1/1] (0.00ns)   --->   "%p_Result_32 = call i1 @_ssdm_op_BitSelect.i1.i18.i32(i18 %p_Val2_55, i32 17)" [firmware/nnet_utils/nnet_common.h:50->firmware/nnet_utils/nnet_common.h:45]   --->   Operation 75 'bitselect' 'p_Result_32' <Predicate = true> <Delay = 0.00>

State 2 <SV = 1> <Delay = 0.72>
ST_2 : Operation 76 [1/1] (0.00ns) (grouped into LUT with out node select_ln388)   --->   "%xor_ln786 = xor i1 %p_Result_32, true" [firmware/nnet_utils/nnet_common.h:50->firmware/nnet_utils/nnet_common.h:45]   --->   Operation 76 'xor' 'xor_ln786' <Predicate = true> <Delay = 0.00> <Core = "LogicGate">   --->   Core 27 'LogicGate' <Latency = 0> <II = 1> <Delay = 0.28> <FuncUnit> <Opcode : 'and' 'or' 'xor'> <InPorts = 2> <OutPorts = 1>
ST_2 : Operation 77 [1/1] (0.00ns) (grouped into LUT with out node select_ln388)   --->   "%underflow_4 = and i1 %p_Result_31, %xor_ln786" [firmware/nnet_utils/nnet_common.h:50->firmware/nnet_utils/nnet_common.h:45]   --->   Operation 77 'and' 'underflow_4' <Predicate = true> <Delay = 0.00> <Core = "LogicGate">   --->   Core 27 'LogicGate' <Latency = 0> <II = 1> <Delay = 0.28> <FuncUnit> <Opcode : 'and' 'or' 'xor'> <InPorts = 2> <OutPorts = 1>
ST_2 : Operation 78 [1/1] (0.00ns) (grouped into LUT with out node select_ln340_38)   --->   "%xor_ln340_36 = xor i1 %p_Result_31, %p_Result_32" [firmware/nnet_utils/nnet_common.h:50->firmware/nnet_utils/nnet_common.h:45]   --->   Operation 78 'xor' 'xor_ln340_36' <Predicate = true> <Delay = 0.00> <Core = "LogicGate">   --->   Core 27 'LogicGate' <Latency = 0> <II = 1> <Delay = 0.28> <FuncUnit> <Opcode : 'and' 'or' 'xor'> <InPorts = 2> <OutPorts = 1>
ST_2 : Operation 79 [1/1] (0.00ns) (grouped into LUT with out node select_ln340_38)   --->   "%xor_ln340 = xor i1 %p_Result_31, true" [firmware/nnet_utils/nnet_common.h:50->firmware/nnet_utils/nnet_common.h:45]   --->   Operation 79 'xor' 'xor_ln340' <Predicate = true> <Delay = 0.00> <Core = "LogicGate">   --->   Core 27 'LogicGate' <Latency = 0> <II = 1> <Delay = 0.28> <FuncUnit> <Opcode : 'and' 'or' 'xor'> <InPorts = 2> <OutPorts = 1>
ST_2 : Operation 80 [1/1] (0.00ns) (grouped into LUT with out node select_ln340_38)   --->   "%or_ln340 = or i1 %p_Result_32, %xor_ln340" [firmware/nnet_utils/nnet_common.h:50->firmware/nnet_utils/nnet_common.h:45]   --->   Operation 80 'or' 'or_ln340' <Predicate = true> <Delay = 0.00> <Core = "LogicGate">   --->   Core 27 'LogicGate' <Latency = 0> <II = 1> <Delay = 0.28> <FuncUnit> <Opcode : 'and' 'or' 'xor'> <InPorts = 2> <OutPorts = 1>
ST_2 : Operation 81 [1/1] (0.00ns) (grouped into LUT with out node select_ln340_38)   --->   "%select_ln340 = select i1 %xor_ln340_36, i18 131071, i18 %p_Val2_55" [firmware/nnet_utils/nnet_common.h:50->firmware/nnet_utils/nnet_common.h:45]   --->   Operation 81 'select' 'select_ln340' <Predicate = true> <Delay = 0.00> <Core = "Sel">   --->   Core 26 'Sel' <Latency = 0> <II = 1> <Delay = 0.36> <FuncUnit> <Opcode : 'select'> <InPorts = 3> <OutPorts = 1>
ST_2 : Operation 82 [1/1] (0.36ns) (out node of the LUT)   --->   "%select_ln388 = select i1 %underflow_4, i18 -131072, i18 %p_Val2_55" [firmware/nnet_utils/nnet_common.h:50->firmware/nnet_utils/nnet_common.h:45]   --->   Operation 82 'select' 'select_ln388' <Predicate = true> <Delay = 0.36> <Core = "Sel">   --->   Core 26 'Sel' <Latency = 0> <II = 1> <Delay = 0.36> <FuncUnit> <Opcode : 'select'> <InPorts = 3> <OutPorts = 1>
ST_2 : Operation 83 [1/1] (0.36ns) (out node of the LUT)   --->   "%select_ln340_38 = select i1 %or_ln340, i18 %select_ln340, i18 %select_ln388" [firmware/nnet_utils/nnet_common.h:50->firmware/nnet_utils/nnet_common.h:45]   --->   Operation 83 'select' 'select_ln340_38' <Predicate = true> <Delay = 0.36> <Core = "Sel">   --->   Core 26 'Sel' <Latency = 0> <II = 1> <Delay = 0.36> <FuncUnit> <Opcode : 'select'> <InPorts = 3> <OutPorts = 1>
ST_2 : Operation 84 [1/1] (0.00ns)   --->   "ret i18 %select_ln340_38" [firmware/nnet_utils/nnet_common.h:45]   --->   Operation 84 'ret' <Predicate = true> <Delay = 0.00>


============================================================
+ Verbose Summary: Timing violations
============================================================
Target clock period: 5ns, clock uncertainty: 0.625ns.

 <State 1>: 3.8ns
The critical path consists of the following:
	wire read on port 'x_V_offset' (firmware/nnet_utils/nnet_common.h:36) [15]  (0 ns)
	'add' operation ('add_ln45', firmware/nnet_utils/nnet_common.h:45) [62]  (0.673 ns)
	'mux' operation ('__Val2__', firmware/nnet_utils/nnet_common.h:43->firmware/nnet_utils/nnet_common.h:45) [64]  (0.664 ns)
	'add' operation ('__Val2__', firmware/nnet_utils/nnet_common.h:50->firmware/nnet_utils/nnet_common.h:43->firmware/nnet_utils/nnet_common.h:45) [72]  (0.873 ns)
	'select' operation ('select_ln388_16', firmware/nnet_utils/nnet_common.h:50->firmware/nnet_utils/nnet_common.h:43->firmware/nnet_utils/nnet_common.h:45) [80]  (0.36 ns)
	'select' operation ('__Val2__', firmware/nnet_utils/nnet_common.h:50->firmware/nnet_utils/nnet_common.h:43->firmware/nnet_utils/nnet_common.h:45) [81]  (0.36 ns)
	'add' operation ('ret.V', firmware/nnet_utils/nnet_common.h:50->firmware/nnet_utils/nnet_common.h:45) [84]  (0.873 ns)

 <State 2>: 0.72ns
The critical path consists of the following:
	'xor' operation ('xor_ln786', firmware/nnet_utils/nnet_common.h:50->firmware/nnet_utils/nnet_common.h:45) [88]  (0 ns)
	'and' operation ('underflow', firmware/nnet_utils/nnet_common.h:50->firmware/nnet_utils/nnet_common.h:45) [89]  (0 ns)
	'select' operation ('select_ln388', firmware/nnet_utils/nnet_common.h:50->firmware/nnet_utils/nnet_common.h:45) [94]  (0.36 ns)
	'select' operation ('select_ln340_38', firmware/nnet_utils/nnet_common.h:50->firmware/nnet_utils/nnet_common.h:45) [95]  (0.36 ns)


============================================================
+ Verbose Summary: Binding
============================================================
N/A
* FSMD analyzer results:
  - Output states:
 - Input state : 
  - Chain level:
	State 1
	State 2


============================================================
+ Verbose Summary: Datapath Resource usage 
============================================================
N/A
