

================================================================
== Vivado HLS Report for 'softmax_array_array_ap_fixed_16_6_5_3_0_13u_softmax_config12_s'
================================================================
* Date:           Tue Apr  9 23:31:40 2024

* Version:        2019.2 (Build 2704478 on Wed Nov 06 22:10:23 MST 2019)
* Project:        myproject_prj
* Solution:       solution1
* Product family: zynq
* Target device:  xc7z020-clg400-1


================================================================
== Performance Estimates
================================================================
+ Timing: 
    * Summary: 
    +--------+---------+----------+------------+
    |  Clock |  Target | Estimated| Uncertainty|
    +--------+---------+----------+------------+
    |ap_clk  | 5.00 ns | 4.493 ns |   0.62 ns  |
    +--------+---------+----------+------------+

+ Latency: 
    * Summary: 
    +---------+---------+----------+----------+-----+-----+---------+
    |  Latency (cycles) |  Latency (absolute) |  Interval | Pipeline|
    |   min   |   max   |    min   |    max   | min | max |   Type  |
    +---------+---------+----------+----------+-----+-----+---------+
    |       43|       43| 0.215 us | 0.215 us |   43|   43|   none  |
    +---------+---------+----------+----------+-----+-----+---------+

    + Detail: 
        * Instance: 
        N/A

        * Loop: 
        N/A

============================================================
+ Verbose Summary: Synthesis Manager
============================================================
InlineROM: 1
ExposeGlobal: 0
============================================================
+ Verbose Summary: CDFG Model
============================================================
IsTopModel: 0
ResetActiveHigh: 1
IsCombinational: 2
IsDatapathOnly: 0
HasWiredReturn: 1
HasMFsm: 0
HasVarLatency: 1
IsPipeline: 0
IsRtlPipelined: 0
IsInstanceOverlapped: 0
IsDontTouch: 0
HasImplIP: 0
IsGatedGlobalClock: 0


============================================================
+ Verbose Summary: Schedule
============================================================
* Number of FSM states : 44
* Pipeline : 0
* Dataflow Pipeline: 0

* FSM state transitions: 
1 --> 2 
2 --> 3 
3 --> 4 
4 --> 5 
5 --> 6 
6 --> 7 
7 --> 8 
8 --> 9 
9 --> 10 
10 --> 11 
11 --> 12 
12 --> 13 
13 --> 14 
14 --> 15 
15 --> 16 
16 --> 17 
17 --> 18 
18 --> 19 
19 --> 20 
20 --> 21 
21 --> 22 
22 --> 23 
23 --> 24 
24 --> 25 
25 --> 26 
26 --> 27 
27 --> 28 
28 --> 29 
29 --> 30 
30 --> 31 
31 --> 32 
32 --> 33 
33 --> 34 
34 --> 35 
35 --> 36 
36 --> 37 
37 --> 38 
38 --> 39 
39 --> 40 
40 --> 41 
41 --> 42 
42 --> 43 
43 --> 44 
44 --> 

* FSM state operations: 

State 1 <SV = 0> <Delay = 0.00>
ST_1 : Operation 45 [44/44] (0.00ns)   --->   "call fastcc void @"softmax_stable<array,array<ap_fixed<16,6,5,3,0>,13u>,softmax_config12>"(i16* %data_V_data_0_V, i16* %data_V_data_1_V, i16* %data_V_data_2_V, i16* %data_V_data_3_V, i16* %data_V_data_4_V, i16* %data_V_data_5_V, i16* %data_V_data_6_V, i16* %data_V_data_7_V, i16* %data_V_data_8_V, i16* %data_V_data_9_V, i16* %data_V_data_10_V, i16* %data_V_data_11_V, i16* %data_V_data_12_V, i16* %res_V_data_0_V, i16* %res_V_data_1_V, i16* %res_V_data_2_V, i16* %res_V_data_3_V, i16* %res_V_data_4_V, i16* %res_V_data_5_V, i16* %res_V_data_6_V, i16* %res_V_data_7_V, i16* %res_V_data_8_V, i16* %res_V_data_9_V, i16* %res_V_data_10_V, i16* %res_V_data_11_V, i16* %res_V_data_12_V)" [firmware/nnet_utils/nnet_activation_stream.h:362]   --->   Operation 45 'call' <Predicate = true> <Delay = 0.00> <CoreType = "Generic">   --->   Core 0 '' <Latency = 0> <II = 1> <Delay = 1.00> <Generic> <Opcode : >

State 2 <SV = 1> <Delay = 0.00>
ST_2 : Operation 46 [43/44] (0.00ns)   --->   "call fastcc void @"softmax_stable<array,array<ap_fixed<16,6,5,3,0>,13u>,softmax_config12>"(i16* %data_V_data_0_V, i16* %data_V_data_1_V, i16* %data_V_data_2_V, i16* %data_V_data_3_V, i16* %data_V_data_4_V, i16* %data_V_data_5_V, i16* %data_V_data_6_V, i16* %data_V_data_7_V, i16* %data_V_data_8_V, i16* %data_V_data_9_V, i16* %data_V_data_10_V, i16* %data_V_data_11_V, i16* %data_V_data_12_V, i16* %res_V_data_0_V, i16* %res_V_data_1_V, i16* %res_V_data_2_V, i16* %res_V_data_3_V, i16* %res_V_data_4_V, i16* %res_V_data_5_V, i16* %res_V_data_6_V, i16* %res_V_data_7_V, i16* %res_V_data_8_V, i16* %res_V_data_9_V, i16* %res_V_data_10_V, i16* %res_V_data_11_V, i16* %res_V_data_12_V)" [firmware/nnet_utils/nnet_activation_stream.h:362]   --->   Operation 46 'call' <Predicate = true> <Delay = 0.00> <CoreType = "Generic">   --->   Core 0 '' <Latency = 0> <II = 1> <Delay = 1.00> <Generic> <Opcode : >

State 3 <SV = 2> <Delay = 0.00>
ST_3 : Operation 47 [42/44] (0.00ns)   --->   "call fastcc void @"softmax_stable<array,array<ap_fixed<16,6,5,3,0>,13u>,softmax_config12>"(i16* %data_V_data_0_V, i16* %data_V_data_1_V, i16* %data_V_data_2_V, i16* %data_V_data_3_V, i16* %data_V_data_4_V, i16* %data_V_data_5_V, i16* %data_V_data_6_V, i16* %data_V_data_7_V, i16* %data_V_data_8_V, i16* %data_V_data_9_V, i16* %data_V_data_10_V, i16* %data_V_data_11_V, i16* %data_V_data_12_V, i16* %res_V_data_0_V, i16* %res_V_data_1_V, i16* %res_V_data_2_V, i16* %res_V_data_3_V, i16* %res_V_data_4_V, i16* %res_V_data_5_V, i16* %res_V_data_6_V, i16* %res_V_data_7_V, i16* %res_V_data_8_V, i16* %res_V_data_9_V, i16* %res_V_data_10_V, i16* %res_V_data_11_V, i16* %res_V_data_12_V)" [firmware/nnet_utils/nnet_activation_stream.h:362]   --->   Operation 47 'call' <Predicate = true> <Delay = 0.00> <CoreType = "Generic">   --->   Core 0 '' <Latency = 0> <II = 1> <Delay = 1.00> <Generic> <Opcode : >

State 4 <SV = 3> <Delay = 0.00>
ST_4 : Operation 48 [41/44] (0.00ns)   --->   "call fastcc void @"softmax_stable<array,array<ap_fixed<16,6,5,3,0>,13u>,softmax_config12>"(i16* %data_V_data_0_V, i16* %data_V_data_1_V, i16* %data_V_data_2_V, i16* %data_V_data_3_V, i16* %data_V_data_4_V, i16* %data_V_data_5_V, i16* %data_V_data_6_V, i16* %data_V_data_7_V, i16* %data_V_data_8_V, i16* %data_V_data_9_V, i16* %data_V_data_10_V, i16* %data_V_data_11_V, i16* %data_V_data_12_V, i16* %res_V_data_0_V, i16* %res_V_data_1_V, i16* %res_V_data_2_V, i16* %res_V_data_3_V, i16* %res_V_data_4_V, i16* %res_V_data_5_V, i16* %res_V_data_6_V, i16* %res_V_data_7_V, i16* %res_V_data_8_V, i16* %res_V_data_9_V, i16* %res_V_data_10_V, i16* %res_V_data_11_V, i16* %res_V_data_12_V)" [firmware/nnet_utils/nnet_activation_stream.h:362]   --->   Operation 48 'call' <Predicate = true> <Delay = 0.00> <CoreType = "Generic">   --->   Core 0 '' <Latency = 0> <II = 1> <Delay = 1.00> <Generic> <Opcode : >

State 5 <SV = 4> <Delay = 0.00>
ST_5 : Operation 49 [40/44] (0.00ns)   --->   "call fastcc void @"softmax_stable<array,array<ap_fixed<16,6,5,3,0>,13u>,softmax_config12>"(i16* %data_V_data_0_V, i16* %data_V_data_1_V, i16* %data_V_data_2_V, i16* %data_V_data_3_V, i16* %data_V_data_4_V, i16* %data_V_data_5_V, i16* %data_V_data_6_V, i16* %data_V_data_7_V, i16* %data_V_data_8_V, i16* %data_V_data_9_V, i16* %data_V_data_10_V, i16* %data_V_data_11_V, i16* %data_V_data_12_V, i16* %res_V_data_0_V, i16* %res_V_data_1_V, i16* %res_V_data_2_V, i16* %res_V_data_3_V, i16* %res_V_data_4_V, i16* %res_V_data_5_V, i16* %res_V_data_6_V, i16* %res_V_data_7_V, i16* %res_V_data_8_V, i16* %res_V_data_9_V, i16* %res_V_data_10_V, i16* %res_V_data_11_V, i16* %res_V_data_12_V)" [firmware/nnet_utils/nnet_activation_stream.h:362]   --->   Operation 49 'call' <Predicate = true> <Delay = 0.00> <CoreType = "Generic">   --->   Core 0 '' <Latency = 0> <II = 1> <Delay = 1.00> <Generic> <Opcode : >

State 6 <SV = 5> <Delay = 0.00>
ST_6 : Operation 50 [39/44] (0.00ns)   --->   "call fastcc void @"softmax_stable<array,array<ap_fixed<16,6,5,3,0>,13u>,softmax_config12>"(i16* %data_V_data_0_V, i16* %data_V_data_1_V, i16* %data_V_data_2_V, i16* %data_V_data_3_V, i16* %data_V_data_4_V, i16* %data_V_data_5_V, i16* %data_V_data_6_V, i16* %data_V_data_7_V, i16* %data_V_data_8_V, i16* %data_V_data_9_V, i16* %data_V_data_10_V, i16* %data_V_data_11_V, i16* %data_V_data_12_V, i16* %res_V_data_0_V, i16* %res_V_data_1_V, i16* %res_V_data_2_V, i16* %res_V_data_3_V, i16* %res_V_data_4_V, i16* %res_V_data_5_V, i16* %res_V_data_6_V, i16* %res_V_data_7_V, i16* %res_V_data_8_V, i16* %res_V_data_9_V, i16* %res_V_data_10_V, i16* %res_V_data_11_V, i16* %res_V_data_12_V)" [firmware/nnet_utils/nnet_activation_stream.h:362]   --->   Operation 50 'call' <Predicate = true> <Delay = 0.00> <CoreType = "Generic">   --->   Core 0 '' <Latency = 0> <II = 1> <Delay = 1.00> <Generic> <Opcode : >

State 7 <SV = 6> <Delay = 0.00>
ST_7 : Operation 51 [38/44] (0.00ns)   --->   "call fastcc void @"softmax_stable<array,array<ap_fixed<16,6,5,3,0>,13u>,softmax_config12>"(i16* %data_V_data_0_V, i16* %data_V_data_1_V, i16* %data_V_data_2_V, i16* %data_V_data_3_V, i16* %data_V_data_4_V, i16* %data_V_data_5_V, i16* %data_V_data_6_V, i16* %data_V_data_7_V, i16* %data_V_data_8_V, i16* %data_V_data_9_V, i16* %data_V_data_10_V, i16* %data_V_data_11_V, i16* %data_V_data_12_V, i16* %res_V_data_0_V, i16* %res_V_data_1_V, i16* %res_V_data_2_V, i16* %res_V_data_3_V, i16* %res_V_data_4_V, i16* %res_V_data_5_V, i16* %res_V_data_6_V, i16* %res_V_data_7_V, i16* %res_V_data_8_V, i16* %res_V_data_9_V, i16* %res_V_data_10_V, i16* %res_V_data_11_V, i16* %res_V_data_12_V)" [firmware/nnet_utils/nnet_activation_stream.h:362]   --->   Operation 51 'call' <Predicate = true> <Delay = 0.00> <CoreType = "Generic">   --->   Core 0 '' <Latency = 0> <II = 1> <Delay = 1.00> <Generic> <Opcode : >

State 8 <SV = 7> <Delay = 0.00>
ST_8 : Operation 52 [37/44] (0.00ns)   --->   "call fastcc void @"softmax_stable<array,array<ap_fixed<16,6,5,3,0>,13u>,softmax_config12>"(i16* %data_V_data_0_V, i16* %data_V_data_1_V, i16* %data_V_data_2_V, i16* %data_V_data_3_V, i16* %data_V_data_4_V, i16* %data_V_data_5_V, i16* %data_V_data_6_V, i16* %data_V_data_7_V, i16* %data_V_data_8_V, i16* %data_V_data_9_V, i16* %data_V_data_10_V, i16* %data_V_data_11_V, i16* %data_V_data_12_V, i16* %res_V_data_0_V, i16* %res_V_data_1_V, i16* %res_V_data_2_V, i16* %res_V_data_3_V, i16* %res_V_data_4_V, i16* %res_V_data_5_V, i16* %res_V_data_6_V, i16* %res_V_data_7_V, i16* %res_V_data_8_V, i16* %res_V_data_9_V, i16* %res_V_data_10_V, i16* %res_V_data_11_V, i16* %res_V_data_12_V)" [firmware/nnet_utils/nnet_activation_stream.h:362]   --->   Operation 52 'call' <Predicate = true> <Delay = 0.00> <CoreType = "Generic">   --->   Core 0 '' <Latency = 0> <II = 1> <Delay = 1.00> <Generic> <Opcode : >

State 9 <SV = 8> <Delay = 0.00>
ST_9 : Operation 53 [36/44] (0.00ns)   --->   "call fastcc void @"softmax_stable<array,array<ap_fixed<16,6,5,3,0>,13u>,softmax_config12>"(i16* %data_V_data_0_V, i16* %data_V_data_1_V, i16* %data_V_data_2_V, i16* %data_V_data_3_V, i16* %data_V_data_4_V, i16* %data_V_data_5_V, i16* %data_V_data_6_V, i16* %data_V_data_7_V, i16* %data_V_data_8_V, i16* %data_V_data_9_V, i16* %data_V_data_10_V, i16* %data_V_data_11_V, i16* %data_V_data_12_V, i16* %res_V_data_0_V, i16* %res_V_data_1_V, i16* %res_V_data_2_V, i16* %res_V_data_3_V, i16* %res_V_data_4_V, i16* %res_V_data_5_V, i16* %res_V_data_6_V, i16* %res_V_data_7_V, i16* %res_V_data_8_V, i16* %res_V_data_9_V, i16* %res_V_data_10_V, i16* %res_V_data_11_V, i16* %res_V_data_12_V)" [firmware/nnet_utils/nnet_activation_stream.h:362]   --->   Operation 53 'call' <Predicate = true> <Delay = 0.00> <CoreType = "Generic">   --->   Core 0 '' <Latency = 0> <II = 1> <Delay = 1.00> <Generic> <Opcode : >

State 10 <SV = 9> <Delay = 0.00>
ST_10 : Operation 54 [35/44] (0.00ns)   --->   "call fastcc void @"softmax_stable<array,array<ap_fixed<16,6,5,3,0>,13u>,softmax_config12>"(i16* %data_V_data_0_V, i16* %data_V_data_1_V, i16* %data_V_data_2_V, i16* %data_V_data_3_V, i16* %data_V_data_4_V, i16* %data_V_data_5_V, i16* %data_V_data_6_V, i16* %data_V_data_7_V, i16* %data_V_data_8_V, i16* %data_V_data_9_V, i16* %data_V_data_10_V, i16* %data_V_data_11_V, i16* %data_V_data_12_V, i16* %res_V_data_0_V, i16* %res_V_data_1_V, i16* %res_V_data_2_V, i16* %res_V_data_3_V, i16* %res_V_data_4_V, i16* %res_V_data_5_V, i16* %res_V_data_6_V, i16* %res_V_data_7_V, i16* %res_V_data_8_V, i16* %res_V_data_9_V, i16* %res_V_data_10_V, i16* %res_V_data_11_V, i16* %res_V_data_12_V)" [firmware/nnet_utils/nnet_activation_stream.h:362]   --->   Operation 54 'call' <Predicate = true> <Delay = 0.00> <CoreType = "Generic">   --->   Core 0 '' <Latency = 0> <II = 1> <Delay = 1.00> <Generic> <Opcode : >

State 11 <SV = 10> <Delay = 0.00>
ST_11 : Operation 55 [34/44] (0.00ns)   --->   "call fastcc void @"softmax_stable<array,array<ap_fixed<16,6,5,3,0>,13u>,softmax_config12>"(i16* %data_V_data_0_V, i16* %data_V_data_1_V, i16* %data_V_data_2_V, i16* %data_V_data_3_V, i16* %data_V_data_4_V, i16* %data_V_data_5_V, i16* %data_V_data_6_V, i16* %data_V_data_7_V, i16* %data_V_data_8_V, i16* %data_V_data_9_V, i16* %data_V_data_10_V, i16* %data_V_data_11_V, i16* %data_V_data_12_V, i16* %res_V_data_0_V, i16* %res_V_data_1_V, i16* %res_V_data_2_V, i16* %res_V_data_3_V, i16* %res_V_data_4_V, i16* %res_V_data_5_V, i16* %res_V_data_6_V, i16* %res_V_data_7_V, i16* %res_V_data_8_V, i16* %res_V_data_9_V, i16* %res_V_data_10_V, i16* %res_V_data_11_V, i16* %res_V_data_12_V)" [firmware/nnet_utils/nnet_activation_stream.h:362]   --->   Operation 55 'call' <Predicate = true> <Delay = 0.00> <CoreType = "Generic">   --->   Core 0 '' <Latency = 0> <II = 1> <Delay = 1.00> <Generic> <Opcode : >

State 12 <SV = 11> <Delay = 0.00>
ST_12 : Operation 56 [33/44] (0.00ns)   --->   "call fastcc void @"softmax_stable<array,array<ap_fixed<16,6,5,3,0>,13u>,softmax_config12>"(i16* %data_V_data_0_V, i16* %data_V_data_1_V, i16* %data_V_data_2_V, i16* %data_V_data_3_V, i16* %data_V_data_4_V, i16* %data_V_data_5_V, i16* %data_V_data_6_V, i16* %data_V_data_7_V, i16* %data_V_data_8_V, i16* %data_V_data_9_V, i16* %data_V_data_10_V, i16* %data_V_data_11_V, i16* %data_V_data_12_V, i16* %res_V_data_0_V, i16* %res_V_data_1_V, i16* %res_V_data_2_V, i16* %res_V_data_3_V, i16* %res_V_data_4_V, i16* %res_V_data_5_V, i16* %res_V_data_6_V, i16* %res_V_data_7_V, i16* %res_V_data_8_V, i16* %res_V_data_9_V, i16* %res_V_data_10_V, i16* %res_V_data_11_V, i16* %res_V_data_12_V)" [firmware/nnet_utils/nnet_activation_stream.h:362]   --->   Operation 56 'call' <Predicate = true> <Delay = 0.00> <CoreType = "Generic">   --->   Core 0 '' <Latency = 0> <II = 1> <Delay = 1.00> <Generic> <Opcode : >

State 13 <SV = 12> <Delay = 0.00>
ST_13 : Operation 57 [32/44] (0.00ns)   --->   "call fastcc void @"softmax_stable<array,array<ap_fixed<16,6,5,3,0>,13u>,softmax_config12>"(i16* %data_V_data_0_V, i16* %data_V_data_1_V, i16* %data_V_data_2_V, i16* %data_V_data_3_V, i16* %data_V_data_4_V, i16* %data_V_data_5_V, i16* %data_V_data_6_V, i16* %data_V_data_7_V, i16* %data_V_data_8_V, i16* %data_V_data_9_V, i16* %data_V_data_10_V, i16* %data_V_data_11_V, i16* %data_V_data_12_V, i16* %res_V_data_0_V, i16* %res_V_data_1_V, i16* %res_V_data_2_V, i16* %res_V_data_3_V, i16* %res_V_data_4_V, i16* %res_V_data_5_V, i16* %res_V_data_6_V, i16* %res_V_data_7_V, i16* %res_V_data_8_V, i16* %res_V_data_9_V, i16* %res_V_data_10_V, i16* %res_V_data_11_V, i16* %res_V_data_12_V)" [firmware/nnet_utils/nnet_activation_stream.h:362]   --->   Operation 57 'call' <Predicate = true> <Delay = 0.00> <CoreType = "Generic">   --->   Core 0 '' <Latency = 0> <II = 1> <Delay = 1.00> <Generic> <Opcode : >

State 14 <SV = 13> <Delay = 0.00>
ST_14 : Operation 58 [31/44] (0.00ns)   --->   "call fastcc void @"softmax_stable<array,array<ap_fixed<16,6,5,3,0>,13u>,softmax_config12>"(i16* %data_V_data_0_V, i16* %data_V_data_1_V, i16* %data_V_data_2_V, i16* %data_V_data_3_V, i16* %data_V_data_4_V, i16* %data_V_data_5_V, i16* %data_V_data_6_V, i16* %data_V_data_7_V, i16* %data_V_data_8_V, i16* %data_V_data_9_V, i16* %data_V_data_10_V, i16* %data_V_data_11_V, i16* %data_V_data_12_V, i16* %res_V_data_0_V, i16* %res_V_data_1_V, i16* %res_V_data_2_V, i16* %res_V_data_3_V, i16* %res_V_data_4_V, i16* %res_V_data_5_V, i16* %res_V_data_6_V, i16* %res_V_data_7_V, i16* %res_V_data_8_V, i16* %res_V_data_9_V, i16* %res_V_data_10_V, i16* %res_V_data_11_V, i16* %res_V_data_12_V)" [firmware/nnet_utils/nnet_activation_stream.h:362]   --->   Operation 58 'call' <Predicate = true> <Delay = 0.00> <CoreType = "Generic">   --->   Core 0 '' <Latency = 0> <II = 1> <Delay = 1.00> <Generic> <Opcode : >

State 15 <SV = 14> <Delay = 0.00>
ST_15 : Operation 59 [30/44] (0.00ns)   --->   "call fastcc void @"softmax_stable<array,array<ap_fixed<16,6,5,3,0>,13u>,softmax_config12>"(i16* %data_V_data_0_V, i16* %data_V_data_1_V, i16* %data_V_data_2_V, i16* %data_V_data_3_V, i16* %data_V_data_4_V, i16* %data_V_data_5_V, i16* %data_V_data_6_V, i16* %data_V_data_7_V, i16* %data_V_data_8_V, i16* %data_V_data_9_V, i16* %data_V_data_10_V, i16* %data_V_data_11_V, i16* %data_V_data_12_V, i16* %res_V_data_0_V, i16* %res_V_data_1_V, i16* %res_V_data_2_V, i16* %res_V_data_3_V, i16* %res_V_data_4_V, i16* %res_V_data_5_V, i16* %res_V_data_6_V, i16* %res_V_data_7_V, i16* %res_V_data_8_V, i16* %res_V_data_9_V, i16* %res_V_data_10_V, i16* %res_V_data_11_V, i16* %res_V_data_12_V)" [firmware/nnet_utils/nnet_activation_stream.h:362]   --->   Operation 59 'call' <Predicate = true> <Delay = 0.00> <CoreType = "Generic">   --->   Core 0 '' <Latency = 0> <II = 1> <Delay = 1.00> <Generic> <Opcode : >

State 16 <SV = 15> <Delay = 0.00>
ST_16 : Operation 60 [29/44] (0.00ns)   --->   "call fastcc void @"softmax_stable<array,array<ap_fixed<16,6,5,3,0>,13u>,softmax_config12>"(i16* %data_V_data_0_V, i16* %data_V_data_1_V, i16* %data_V_data_2_V, i16* %data_V_data_3_V, i16* %data_V_data_4_V, i16* %data_V_data_5_V, i16* %data_V_data_6_V, i16* %data_V_data_7_V, i16* %data_V_data_8_V, i16* %data_V_data_9_V, i16* %data_V_data_10_V, i16* %data_V_data_11_V, i16* %data_V_data_12_V, i16* %res_V_data_0_V, i16* %res_V_data_1_V, i16* %res_V_data_2_V, i16* %res_V_data_3_V, i16* %res_V_data_4_V, i16* %res_V_data_5_V, i16* %res_V_data_6_V, i16* %res_V_data_7_V, i16* %res_V_data_8_V, i16* %res_V_data_9_V, i16* %res_V_data_10_V, i16* %res_V_data_11_V, i16* %res_V_data_12_V)" [firmware/nnet_utils/nnet_activation_stream.h:362]   --->   Operation 60 'call' <Predicate = true> <Delay = 0.00> <CoreType = "Generic">   --->   Core 0 '' <Latency = 0> <II = 1> <Delay = 1.00> <Generic> <Opcode : >

State 17 <SV = 16> <Delay = 0.00>
ST_17 : Operation 61 [28/44] (0.00ns)   --->   "call fastcc void @"softmax_stable<array,array<ap_fixed<16,6,5,3,0>,13u>,softmax_config12>"(i16* %data_V_data_0_V, i16* %data_V_data_1_V, i16* %data_V_data_2_V, i16* %data_V_data_3_V, i16* %data_V_data_4_V, i16* %data_V_data_5_V, i16* %data_V_data_6_V, i16* %data_V_data_7_V, i16* %data_V_data_8_V, i16* %data_V_data_9_V, i16* %data_V_data_10_V, i16* %data_V_data_11_V, i16* %data_V_data_12_V, i16* %res_V_data_0_V, i16* %res_V_data_1_V, i16* %res_V_data_2_V, i16* %res_V_data_3_V, i16* %res_V_data_4_V, i16* %res_V_data_5_V, i16* %res_V_data_6_V, i16* %res_V_data_7_V, i16* %res_V_data_8_V, i16* %res_V_data_9_V, i16* %res_V_data_10_V, i16* %res_V_data_11_V, i16* %res_V_data_12_V)" [firmware/nnet_utils/nnet_activation_stream.h:362]   --->   Operation 61 'call' <Predicate = true> <Delay = 0.00> <CoreType = "Generic">   --->   Core 0 '' <Latency = 0> <II = 1> <Delay = 1.00> <Generic> <Opcode : >

State 18 <SV = 17> <Delay = 0.00>
ST_18 : Operation 62 [27/44] (0.00ns)   --->   "call fastcc void @"softmax_stable<array,array<ap_fixed<16,6,5,3,0>,13u>,softmax_config12>"(i16* %data_V_data_0_V, i16* %data_V_data_1_V, i16* %data_V_data_2_V, i16* %data_V_data_3_V, i16* %data_V_data_4_V, i16* %data_V_data_5_V, i16* %data_V_data_6_V, i16* %data_V_data_7_V, i16* %data_V_data_8_V, i16* %data_V_data_9_V, i16* %data_V_data_10_V, i16* %data_V_data_11_V, i16* %data_V_data_12_V, i16* %res_V_data_0_V, i16* %res_V_data_1_V, i16* %res_V_data_2_V, i16* %res_V_data_3_V, i16* %res_V_data_4_V, i16* %res_V_data_5_V, i16* %res_V_data_6_V, i16* %res_V_data_7_V, i16* %res_V_data_8_V, i16* %res_V_data_9_V, i16* %res_V_data_10_V, i16* %res_V_data_11_V, i16* %res_V_data_12_V)" [firmware/nnet_utils/nnet_activation_stream.h:362]   --->   Operation 62 'call' <Predicate = true> <Delay = 0.00> <CoreType = "Generic">   --->   Core 0 '' <Latency = 0> <II = 1> <Delay = 1.00> <Generic> <Opcode : >

State 19 <SV = 18> <Delay = 0.00>
ST_19 : Operation 63 [26/44] (0.00ns)   --->   "call fastcc void @"softmax_stable<array,array<ap_fixed<16,6,5,3,0>,13u>,softmax_config12>"(i16* %data_V_data_0_V, i16* %data_V_data_1_V, i16* %data_V_data_2_V, i16* %data_V_data_3_V, i16* %data_V_data_4_V, i16* %data_V_data_5_V, i16* %data_V_data_6_V, i16* %data_V_data_7_V, i16* %data_V_data_8_V, i16* %data_V_data_9_V, i16* %data_V_data_10_V, i16* %data_V_data_11_V, i16* %data_V_data_12_V, i16* %res_V_data_0_V, i16* %res_V_data_1_V, i16* %res_V_data_2_V, i16* %res_V_data_3_V, i16* %res_V_data_4_V, i16* %res_V_data_5_V, i16* %res_V_data_6_V, i16* %res_V_data_7_V, i16* %res_V_data_8_V, i16* %res_V_data_9_V, i16* %res_V_data_10_V, i16* %res_V_data_11_V, i16* %res_V_data_12_V)" [firmware/nnet_utils/nnet_activation_stream.h:362]   --->   Operation 63 'call' <Predicate = true> <Delay = 0.00> <CoreType = "Generic">   --->   Core 0 '' <Latency = 0> <II = 1> <Delay = 1.00> <Generic> <Opcode : >

State 20 <SV = 19> <Delay = 0.00>
ST_20 : Operation 64 [25/44] (0.00ns)   --->   "call fastcc void @"softmax_stable<array,array<ap_fixed<16,6,5,3,0>,13u>,softmax_config12>"(i16* %data_V_data_0_V, i16* %data_V_data_1_V, i16* %data_V_data_2_V, i16* %data_V_data_3_V, i16* %data_V_data_4_V, i16* %data_V_data_5_V, i16* %data_V_data_6_V, i16* %data_V_data_7_V, i16* %data_V_data_8_V, i16* %data_V_data_9_V, i16* %data_V_data_10_V, i16* %data_V_data_11_V, i16* %data_V_data_12_V, i16* %res_V_data_0_V, i16* %res_V_data_1_V, i16* %res_V_data_2_V, i16* %res_V_data_3_V, i16* %res_V_data_4_V, i16* %res_V_data_5_V, i16* %res_V_data_6_V, i16* %res_V_data_7_V, i16* %res_V_data_8_V, i16* %res_V_data_9_V, i16* %res_V_data_10_V, i16* %res_V_data_11_V, i16* %res_V_data_12_V)" [firmware/nnet_utils/nnet_activation_stream.h:362]   --->   Operation 64 'call' <Predicate = true> <Delay = 0.00> <CoreType = "Generic">   --->   Core 0 '' <Latency = 0> <II = 1> <Delay = 1.00> <Generic> <Opcode : >

State 21 <SV = 20> <Delay = 0.00>
ST_21 : Operation 65 [24/44] (0.00ns)   --->   "call fastcc void @"softmax_stable<array,array<ap_fixed<16,6,5,3,0>,13u>,softmax_config12>"(i16* %data_V_data_0_V, i16* %data_V_data_1_V, i16* %data_V_data_2_V, i16* %data_V_data_3_V, i16* %data_V_data_4_V, i16* %data_V_data_5_V, i16* %data_V_data_6_V, i16* %data_V_data_7_V, i16* %data_V_data_8_V, i16* %data_V_data_9_V, i16* %data_V_data_10_V, i16* %data_V_data_11_V, i16* %data_V_data_12_V, i16* %res_V_data_0_V, i16* %res_V_data_1_V, i16* %res_V_data_2_V, i16* %res_V_data_3_V, i16* %res_V_data_4_V, i16* %res_V_data_5_V, i16* %res_V_data_6_V, i16* %res_V_data_7_V, i16* %res_V_data_8_V, i16* %res_V_data_9_V, i16* %res_V_data_10_V, i16* %res_V_data_11_V, i16* %res_V_data_12_V)" [firmware/nnet_utils/nnet_activation_stream.h:362]   --->   Operation 65 'call' <Predicate = true> <Delay = 0.00> <CoreType = "Generic">   --->   Core 0 '' <Latency = 0> <II = 1> <Delay = 1.00> <Generic> <Opcode : >

State 22 <SV = 21> <Delay = 0.00>
ST_22 : Operation 66 [23/44] (0.00ns)   --->   "call fastcc void @"softmax_stable<array,array<ap_fixed<16,6,5,3,0>,13u>,softmax_config12>"(i16* %data_V_data_0_V, i16* %data_V_data_1_V, i16* %data_V_data_2_V, i16* %data_V_data_3_V, i16* %data_V_data_4_V, i16* %data_V_data_5_V, i16* %data_V_data_6_V, i16* %data_V_data_7_V, i16* %data_V_data_8_V, i16* %data_V_data_9_V, i16* %data_V_data_10_V, i16* %data_V_data_11_V, i16* %data_V_data_12_V, i16* %res_V_data_0_V, i16* %res_V_data_1_V, i16* %res_V_data_2_V, i16* %res_V_data_3_V, i16* %res_V_data_4_V, i16* %res_V_data_5_V, i16* %res_V_data_6_V, i16* %res_V_data_7_V, i16* %res_V_data_8_V, i16* %res_V_data_9_V, i16* %res_V_data_10_V, i16* %res_V_data_11_V, i16* %res_V_data_12_V)" [firmware/nnet_utils/nnet_activation_stream.h:362]   --->   Operation 66 'call' <Predicate = true> <Delay = 0.00> <CoreType = "Generic">   --->   Core 0 '' <Latency = 0> <II = 1> <Delay = 1.00> <Generic> <Opcode : >

State 23 <SV = 22> <Delay = 0.00>
ST_23 : Operation 67 [22/44] (0.00ns)   --->   "call fastcc void @"softmax_stable<array,array<ap_fixed<16,6,5,3,0>,13u>,softmax_config12>"(i16* %data_V_data_0_V, i16* %data_V_data_1_V, i16* %data_V_data_2_V, i16* %data_V_data_3_V, i16* %data_V_data_4_V, i16* %data_V_data_5_V, i16* %data_V_data_6_V, i16* %data_V_data_7_V, i16* %data_V_data_8_V, i16* %data_V_data_9_V, i16* %data_V_data_10_V, i16* %data_V_data_11_V, i16* %data_V_data_12_V, i16* %res_V_data_0_V, i16* %res_V_data_1_V, i16* %res_V_data_2_V, i16* %res_V_data_3_V, i16* %res_V_data_4_V, i16* %res_V_data_5_V, i16* %res_V_data_6_V, i16* %res_V_data_7_V, i16* %res_V_data_8_V, i16* %res_V_data_9_V, i16* %res_V_data_10_V, i16* %res_V_data_11_V, i16* %res_V_data_12_V)" [firmware/nnet_utils/nnet_activation_stream.h:362]   --->   Operation 67 'call' <Predicate = true> <Delay = 0.00> <CoreType = "Generic">   --->   Core 0 '' <Latency = 0> <II = 1> <Delay = 1.00> <Generic> <Opcode : >

State 24 <SV = 23> <Delay = 0.00>
ST_24 : Operation 68 [21/44] (0.00ns)   --->   "call fastcc void @"softmax_stable<array,array<ap_fixed<16,6,5,3,0>,13u>,softmax_config12>"(i16* %data_V_data_0_V, i16* %data_V_data_1_V, i16* %data_V_data_2_V, i16* %data_V_data_3_V, i16* %data_V_data_4_V, i16* %data_V_data_5_V, i16* %data_V_data_6_V, i16* %data_V_data_7_V, i16* %data_V_data_8_V, i16* %data_V_data_9_V, i16* %data_V_data_10_V, i16* %data_V_data_11_V, i16* %data_V_data_12_V, i16* %res_V_data_0_V, i16* %res_V_data_1_V, i16* %res_V_data_2_V, i16* %res_V_data_3_V, i16* %res_V_data_4_V, i16* %res_V_data_5_V, i16* %res_V_data_6_V, i16* %res_V_data_7_V, i16* %res_V_data_8_V, i16* %res_V_data_9_V, i16* %res_V_data_10_V, i16* %res_V_data_11_V, i16* %res_V_data_12_V)" [firmware/nnet_utils/nnet_activation_stream.h:362]   --->   Operation 68 'call' <Predicate = true> <Delay = 0.00> <CoreType = "Generic">   --->   Core 0 '' <Latency = 0> <II = 1> <Delay = 1.00> <Generic> <Opcode : >

State 25 <SV = 24> <Delay = 0.00>
ST_25 : Operation 69 [20/44] (0.00ns)   --->   "call fastcc void @"softmax_stable<array,array<ap_fixed<16,6,5,3,0>,13u>,softmax_config12>"(i16* %data_V_data_0_V, i16* %data_V_data_1_V, i16* %data_V_data_2_V, i16* %data_V_data_3_V, i16* %data_V_data_4_V, i16* %data_V_data_5_V, i16* %data_V_data_6_V, i16* %data_V_data_7_V, i16* %data_V_data_8_V, i16* %data_V_data_9_V, i16* %data_V_data_10_V, i16* %data_V_data_11_V, i16* %data_V_data_12_V, i16* %res_V_data_0_V, i16* %res_V_data_1_V, i16* %res_V_data_2_V, i16* %res_V_data_3_V, i16* %res_V_data_4_V, i16* %res_V_data_5_V, i16* %res_V_data_6_V, i16* %res_V_data_7_V, i16* %res_V_data_8_V, i16* %res_V_data_9_V, i16* %res_V_data_10_V, i16* %res_V_data_11_V, i16* %res_V_data_12_V)" [firmware/nnet_utils/nnet_activation_stream.h:362]   --->   Operation 69 'call' <Predicate = true> <Delay = 0.00> <CoreType = "Generic">   --->   Core 0 '' <Latency = 0> <II = 1> <Delay = 1.00> <Generic> <Opcode : >

State 26 <SV = 25> <Delay = 0.00>
ST_26 : Operation 70 [19/44] (0.00ns)   --->   "call fastcc void @"softmax_stable<array,array<ap_fixed<16,6,5,3,0>,13u>,softmax_config12>"(i16* %data_V_data_0_V, i16* %data_V_data_1_V, i16* %data_V_data_2_V, i16* %data_V_data_3_V, i16* %data_V_data_4_V, i16* %data_V_data_5_V, i16* %data_V_data_6_V, i16* %data_V_data_7_V, i16* %data_V_data_8_V, i16* %data_V_data_9_V, i16* %data_V_data_10_V, i16* %data_V_data_11_V, i16* %data_V_data_12_V, i16* %res_V_data_0_V, i16* %res_V_data_1_V, i16* %res_V_data_2_V, i16* %res_V_data_3_V, i16* %res_V_data_4_V, i16* %res_V_data_5_V, i16* %res_V_data_6_V, i16* %res_V_data_7_V, i16* %res_V_data_8_V, i16* %res_V_data_9_V, i16* %res_V_data_10_V, i16* %res_V_data_11_V, i16* %res_V_data_12_V)" [firmware/nnet_utils/nnet_activation_stream.h:362]   --->   Operation 70 'call' <Predicate = true> <Delay = 0.00> <CoreType = "Generic">   --->   Core 0 '' <Latency = 0> <II = 1> <Delay = 1.00> <Generic> <Opcode : >

State 27 <SV = 26> <Delay = 0.00>
ST_27 : Operation 71 [18/44] (0.00ns)   --->   "call fastcc void @"softmax_stable<array,array<ap_fixed<16,6,5,3,0>,13u>,softmax_config12>"(i16* %data_V_data_0_V, i16* %data_V_data_1_V, i16* %data_V_data_2_V, i16* %data_V_data_3_V, i16* %data_V_data_4_V, i16* %data_V_data_5_V, i16* %data_V_data_6_V, i16* %data_V_data_7_V, i16* %data_V_data_8_V, i16* %data_V_data_9_V, i16* %data_V_data_10_V, i16* %data_V_data_11_V, i16* %data_V_data_12_V, i16* %res_V_data_0_V, i16* %res_V_data_1_V, i16* %res_V_data_2_V, i16* %res_V_data_3_V, i16* %res_V_data_4_V, i16* %res_V_data_5_V, i16* %res_V_data_6_V, i16* %res_V_data_7_V, i16* %res_V_data_8_V, i16* %res_V_data_9_V, i16* %res_V_data_10_V, i16* %res_V_data_11_V, i16* %res_V_data_12_V)" [firmware/nnet_utils/nnet_activation_stream.h:362]   --->   Operation 71 'call' <Predicate = true> <Delay = 0.00> <CoreType = "Generic">   --->   Core 0 '' <Latency = 0> <II = 1> <Delay = 1.00> <Generic> <Opcode : >

State 28 <SV = 27> <Delay = 0.00>
ST_28 : Operation 72 [17/44] (0.00ns)   --->   "call fastcc void @"softmax_stable<array,array<ap_fixed<16,6,5,3,0>,13u>,softmax_config12>"(i16* %data_V_data_0_V, i16* %data_V_data_1_V, i16* %data_V_data_2_V, i16* %data_V_data_3_V, i16* %data_V_data_4_V, i16* %data_V_data_5_V, i16* %data_V_data_6_V, i16* %data_V_data_7_V, i16* %data_V_data_8_V, i16* %data_V_data_9_V, i16* %data_V_data_10_V, i16* %data_V_data_11_V, i16* %data_V_data_12_V, i16* %res_V_data_0_V, i16* %res_V_data_1_V, i16* %res_V_data_2_V, i16* %res_V_data_3_V, i16* %res_V_data_4_V, i16* %res_V_data_5_V, i16* %res_V_data_6_V, i16* %res_V_data_7_V, i16* %res_V_data_8_V, i16* %res_V_data_9_V, i16* %res_V_data_10_V, i16* %res_V_data_11_V, i16* %res_V_data_12_V)" [firmware/nnet_utils/nnet_activation_stream.h:362]   --->   Operation 72 'call' <Predicate = true> <Delay = 0.00> <CoreType = "Generic">   --->   Core 0 '' <Latency = 0> <II = 1> <Delay = 1.00> <Generic> <Opcode : >

State 29 <SV = 28> <Delay = 0.00>
ST_29 : Operation 73 [16/44] (0.00ns)   --->   "call fastcc void @"softmax_stable<array,array<ap_fixed<16,6,5,3,0>,13u>,softmax_config12>"(i16* %data_V_data_0_V, i16* %data_V_data_1_V, i16* %data_V_data_2_V, i16* %data_V_data_3_V, i16* %data_V_data_4_V, i16* %data_V_data_5_V, i16* %data_V_data_6_V, i16* %data_V_data_7_V, i16* %data_V_data_8_V, i16* %data_V_data_9_V, i16* %data_V_data_10_V, i16* %data_V_data_11_V, i16* %data_V_data_12_V, i16* %res_V_data_0_V, i16* %res_V_data_1_V, i16* %res_V_data_2_V, i16* %res_V_data_3_V, i16* %res_V_data_4_V, i16* %res_V_data_5_V, i16* %res_V_data_6_V, i16* %res_V_data_7_V, i16* %res_V_data_8_V, i16* %res_V_data_9_V, i16* %res_V_data_10_V, i16* %res_V_data_11_V, i16* %res_V_data_12_V)" [firmware/nnet_utils/nnet_activation_stream.h:362]   --->   Operation 73 'call' <Predicate = true> <Delay = 0.00> <CoreType = "Generic">   --->   Core 0 '' <Latency = 0> <II = 1> <Delay = 1.00> <Generic> <Opcode : >

State 30 <SV = 29> <Delay = 0.00>
ST_30 : Operation 74 [15/44] (0.00ns)   --->   "call fastcc void @"softmax_stable<array,array<ap_fixed<16,6,5,3,0>,13u>,softmax_config12>"(i16* %data_V_data_0_V, i16* %data_V_data_1_V, i16* %data_V_data_2_V, i16* %data_V_data_3_V, i16* %data_V_data_4_V, i16* %data_V_data_5_V, i16* %data_V_data_6_V, i16* %data_V_data_7_V, i16* %data_V_data_8_V, i16* %data_V_data_9_V, i16* %data_V_data_10_V, i16* %data_V_data_11_V, i16* %data_V_data_12_V, i16* %res_V_data_0_V, i16* %res_V_data_1_V, i16* %res_V_data_2_V, i16* %res_V_data_3_V, i16* %res_V_data_4_V, i16* %res_V_data_5_V, i16* %res_V_data_6_V, i16* %res_V_data_7_V, i16* %res_V_data_8_V, i16* %res_V_data_9_V, i16* %res_V_data_10_V, i16* %res_V_data_11_V, i16* %res_V_data_12_V)" [firmware/nnet_utils/nnet_activation_stream.h:362]   --->   Operation 74 'call' <Predicate = true> <Delay = 0.00> <CoreType = "Generic">   --->   Core 0 '' <Latency = 0> <II = 1> <Delay = 1.00> <Generic> <Opcode : >

State 31 <SV = 30> <Delay = 0.00>
ST_31 : Operation 75 [14/44] (0.00ns)   --->   "call fastcc void @"softmax_stable<array,array<ap_fixed<16,6,5,3,0>,13u>,softmax_config12>"(i16* %data_V_data_0_V, i16* %data_V_data_1_V, i16* %data_V_data_2_V, i16* %data_V_data_3_V, i16* %data_V_data_4_V, i16* %data_V_data_5_V, i16* %data_V_data_6_V, i16* %data_V_data_7_V, i16* %data_V_data_8_V, i16* %data_V_data_9_V, i16* %data_V_data_10_V, i16* %data_V_data_11_V, i16* %data_V_data_12_V, i16* %res_V_data_0_V, i16* %res_V_data_1_V, i16* %res_V_data_2_V, i16* %res_V_data_3_V, i16* %res_V_data_4_V, i16* %res_V_data_5_V, i16* %res_V_data_6_V, i16* %res_V_data_7_V, i16* %res_V_data_8_V, i16* %res_V_data_9_V, i16* %res_V_data_10_V, i16* %res_V_data_11_V, i16* %res_V_data_12_V)" [firmware/nnet_utils/nnet_activation_stream.h:362]   --->   Operation 75 'call' <Predicate = true> <Delay = 0.00> <CoreType = "Generic">   --->   Core 0 '' <Latency = 0> <II = 1> <Delay = 1.00> <Generic> <Opcode : >

State 32 <SV = 31> <Delay = 0.00>
ST_32 : Operation 76 [13/44] (0.00ns)   --->   "call fastcc void @"softmax_stable<array,array<ap_fixed<16,6,5,3,0>,13u>,softmax_config12>"(i16* %data_V_data_0_V, i16* %data_V_data_1_V, i16* %data_V_data_2_V, i16* %data_V_data_3_V, i16* %data_V_data_4_V, i16* %data_V_data_5_V, i16* %data_V_data_6_V, i16* %data_V_data_7_V, i16* %data_V_data_8_V, i16* %data_V_data_9_V, i16* %data_V_data_10_V, i16* %data_V_data_11_V, i16* %data_V_data_12_V, i16* %res_V_data_0_V, i16* %res_V_data_1_V, i16* %res_V_data_2_V, i16* %res_V_data_3_V, i16* %res_V_data_4_V, i16* %res_V_data_5_V, i16* %res_V_data_6_V, i16* %res_V_data_7_V, i16* %res_V_data_8_V, i16* %res_V_data_9_V, i16* %res_V_data_10_V, i16* %res_V_data_11_V, i16* %res_V_data_12_V)" [firmware/nnet_utils/nnet_activation_stream.h:362]   --->   Operation 76 'call' <Predicate = true> <Delay = 0.00> <CoreType = "Generic">   --->   Core 0 '' <Latency = 0> <II = 1> <Delay = 1.00> <Generic> <Opcode : >

State 33 <SV = 32> <Delay = 0.00>
ST_33 : Operation 77 [12/44] (0.00ns)   --->   "call fastcc void @"softmax_stable<array,array<ap_fixed<16,6,5,3,0>,13u>,softmax_config12>"(i16* %data_V_data_0_V, i16* %data_V_data_1_V, i16* %data_V_data_2_V, i16* %data_V_data_3_V, i16* %data_V_data_4_V, i16* %data_V_data_5_V, i16* %data_V_data_6_V, i16* %data_V_data_7_V, i16* %data_V_data_8_V, i16* %data_V_data_9_V, i16* %data_V_data_10_V, i16* %data_V_data_11_V, i16* %data_V_data_12_V, i16* %res_V_data_0_V, i16* %res_V_data_1_V, i16* %res_V_data_2_V, i16* %res_V_data_3_V, i16* %res_V_data_4_V, i16* %res_V_data_5_V, i16* %res_V_data_6_V, i16* %res_V_data_7_V, i16* %res_V_data_8_V, i16* %res_V_data_9_V, i16* %res_V_data_10_V, i16* %res_V_data_11_V, i16* %res_V_data_12_V)" [firmware/nnet_utils/nnet_activation_stream.h:362]   --->   Operation 77 'call' <Predicate = true> <Delay = 0.00> <CoreType = "Generic">   --->   Core 0 '' <Latency = 0> <II = 1> <Delay = 1.00> <Generic> <Opcode : >

State 34 <SV = 33> <Delay = 0.00>
ST_34 : Operation 78 [11/44] (0.00ns)   --->   "call fastcc void @"softmax_stable<array,array<ap_fixed<16,6,5,3,0>,13u>,softmax_config12>"(i16* %data_V_data_0_V, i16* %data_V_data_1_V, i16* %data_V_data_2_V, i16* %data_V_data_3_V, i16* %data_V_data_4_V, i16* %data_V_data_5_V, i16* %data_V_data_6_V, i16* %data_V_data_7_V, i16* %data_V_data_8_V, i16* %data_V_data_9_V, i16* %data_V_data_10_V, i16* %data_V_data_11_V, i16* %data_V_data_12_V, i16* %res_V_data_0_V, i16* %res_V_data_1_V, i16* %res_V_data_2_V, i16* %res_V_data_3_V, i16* %res_V_data_4_V, i16* %res_V_data_5_V, i16* %res_V_data_6_V, i16* %res_V_data_7_V, i16* %res_V_data_8_V, i16* %res_V_data_9_V, i16* %res_V_data_10_V, i16* %res_V_data_11_V, i16* %res_V_data_12_V)" [firmware/nnet_utils/nnet_activation_stream.h:362]   --->   Operation 78 'call' <Predicate = true> <Delay = 0.00> <CoreType = "Generic">   --->   Core 0 '' <Latency = 0> <II = 1> <Delay = 1.00> <Generic> <Opcode : >

State 35 <SV = 34> <Delay = 0.00>
ST_35 : Operation 79 [10/44] (0.00ns)   --->   "call fastcc void @"softmax_stable<array,array<ap_fixed<16,6,5,3,0>,13u>,softmax_config12>"(i16* %data_V_data_0_V, i16* %data_V_data_1_V, i16* %data_V_data_2_V, i16* %data_V_data_3_V, i16* %data_V_data_4_V, i16* %data_V_data_5_V, i16* %data_V_data_6_V, i16* %data_V_data_7_V, i16* %data_V_data_8_V, i16* %data_V_data_9_V, i16* %data_V_data_10_V, i16* %data_V_data_11_V, i16* %data_V_data_12_V, i16* %res_V_data_0_V, i16* %res_V_data_1_V, i16* %res_V_data_2_V, i16* %res_V_data_3_V, i16* %res_V_data_4_V, i16* %res_V_data_5_V, i16* %res_V_data_6_V, i16* %res_V_data_7_V, i16* %res_V_data_8_V, i16* %res_V_data_9_V, i16* %res_V_data_10_V, i16* %res_V_data_11_V, i16* %res_V_data_12_V)" [firmware/nnet_utils/nnet_activation_stream.h:362]   --->   Operation 79 'call' <Predicate = true> <Delay = 0.00> <CoreType = "Generic">   --->   Core 0 '' <Latency = 0> <II = 1> <Delay = 1.00> <Generic> <Opcode : >

State 36 <SV = 35> <Delay = 0.00>
ST_36 : Operation 80 [9/44] (0.00ns)   --->   "call fastcc void @"softmax_stable<array,array<ap_fixed<16,6,5,3,0>,13u>,softmax_config12>"(i16* %data_V_data_0_V, i16* %data_V_data_1_V, i16* %data_V_data_2_V, i16* %data_V_data_3_V, i16* %data_V_data_4_V, i16* %data_V_data_5_V, i16* %data_V_data_6_V, i16* %data_V_data_7_V, i16* %data_V_data_8_V, i16* %data_V_data_9_V, i16* %data_V_data_10_V, i16* %data_V_data_11_V, i16* %data_V_data_12_V, i16* %res_V_data_0_V, i16* %res_V_data_1_V, i16* %res_V_data_2_V, i16* %res_V_data_3_V, i16* %res_V_data_4_V, i16* %res_V_data_5_V, i16* %res_V_data_6_V, i16* %res_V_data_7_V, i16* %res_V_data_8_V, i16* %res_V_data_9_V, i16* %res_V_data_10_V, i16* %res_V_data_11_V, i16* %res_V_data_12_V)" [firmware/nnet_utils/nnet_activation_stream.h:362]   --->   Operation 80 'call' <Predicate = true> <Delay = 0.00> <CoreType = "Generic">   --->   Core 0 '' <Latency = 0> <II = 1> <Delay = 1.00> <Generic> <Opcode : >

State 37 <SV = 36> <Delay = 0.00>
ST_37 : Operation 81 [8/44] (0.00ns)   --->   "call fastcc void @"softmax_stable<array,array<ap_fixed<16,6,5,3,0>,13u>,softmax_config12>"(i16* %data_V_data_0_V, i16* %data_V_data_1_V, i16* %data_V_data_2_V, i16* %data_V_data_3_V, i16* %data_V_data_4_V, i16* %data_V_data_5_V, i16* %data_V_data_6_V, i16* %data_V_data_7_V, i16* %data_V_data_8_V, i16* %data_V_data_9_V, i16* %data_V_data_10_V, i16* %data_V_data_11_V, i16* %data_V_data_12_V, i16* %res_V_data_0_V, i16* %res_V_data_1_V, i16* %res_V_data_2_V, i16* %res_V_data_3_V, i16* %res_V_data_4_V, i16* %res_V_data_5_V, i16* %res_V_data_6_V, i16* %res_V_data_7_V, i16* %res_V_data_8_V, i16* %res_V_data_9_V, i16* %res_V_data_10_V, i16* %res_V_data_11_V, i16* %res_V_data_12_V)" [firmware/nnet_utils/nnet_activation_stream.h:362]   --->   Operation 81 'call' <Predicate = true> <Delay = 0.00> <CoreType = "Generic">   --->   Core 0 '' <Latency = 0> <II = 1> <Delay = 1.00> <Generic> <Opcode : >

State 38 <SV = 37> <Delay = 0.00>
ST_38 : Operation 82 [7/44] (0.00ns)   --->   "call fastcc void @"softmax_stable<array,array<ap_fixed<16,6,5,3,0>,13u>,softmax_config12>"(i16* %data_V_data_0_V, i16* %data_V_data_1_V, i16* %data_V_data_2_V, i16* %data_V_data_3_V, i16* %data_V_data_4_V, i16* %data_V_data_5_V, i16* %data_V_data_6_V, i16* %data_V_data_7_V, i16* %data_V_data_8_V, i16* %data_V_data_9_V, i16* %data_V_data_10_V, i16* %data_V_data_11_V, i16* %data_V_data_12_V, i16* %res_V_data_0_V, i16* %res_V_data_1_V, i16* %res_V_data_2_V, i16* %res_V_data_3_V, i16* %res_V_data_4_V, i16* %res_V_data_5_V, i16* %res_V_data_6_V, i16* %res_V_data_7_V, i16* %res_V_data_8_V, i16* %res_V_data_9_V, i16* %res_V_data_10_V, i16* %res_V_data_11_V, i16* %res_V_data_12_V)" [firmware/nnet_utils/nnet_activation_stream.h:362]   --->   Operation 82 'call' <Predicate = true> <Delay = 0.00> <CoreType = "Generic">   --->   Core 0 '' <Latency = 0> <II = 1> <Delay = 1.00> <Generic> <Opcode : >

State 39 <SV = 38> <Delay = 0.00>
ST_39 : Operation 83 [6/44] (0.00ns)   --->   "call fastcc void @"softmax_stable<array,array<ap_fixed<16,6,5,3,0>,13u>,softmax_config12>"(i16* %data_V_data_0_V, i16* %data_V_data_1_V, i16* %data_V_data_2_V, i16* %data_V_data_3_V, i16* %data_V_data_4_V, i16* %data_V_data_5_V, i16* %data_V_data_6_V, i16* %data_V_data_7_V, i16* %data_V_data_8_V, i16* %data_V_data_9_V, i16* %data_V_data_10_V, i16* %data_V_data_11_V, i16* %data_V_data_12_V, i16* %res_V_data_0_V, i16* %res_V_data_1_V, i16* %res_V_data_2_V, i16* %res_V_data_3_V, i16* %res_V_data_4_V, i16* %res_V_data_5_V, i16* %res_V_data_6_V, i16* %res_V_data_7_V, i16* %res_V_data_8_V, i16* %res_V_data_9_V, i16* %res_V_data_10_V, i16* %res_V_data_11_V, i16* %res_V_data_12_V)" [firmware/nnet_utils/nnet_activation_stream.h:362]   --->   Operation 83 'call' <Predicate = true> <Delay = 0.00> <CoreType = "Generic">   --->   Core 0 '' <Latency = 0> <II = 1> <Delay = 1.00> <Generic> <Opcode : >

State 40 <SV = 39> <Delay = 0.00>
ST_40 : Operation 84 [5/44] (0.00ns)   --->   "call fastcc void @"softmax_stable<array,array<ap_fixed<16,6,5,3,0>,13u>,softmax_config12>"(i16* %data_V_data_0_V, i16* %data_V_data_1_V, i16* %data_V_data_2_V, i16* %data_V_data_3_V, i16* %data_V_data_4_V, i16* %data_V_data_5_V, i16* %data_V_data_6_V, i16* %data_V_data_7_V, i16* %data_V_data_8_V, i16* %data_V_data_9_V, i16* %data_V_data_10_V, i16* %data_V_data_11_V, i16* %data_V_data_12_V, i16* %res_V_data_0_V, i16* %res_V_data_1_V, i16* %res_V_data_2_V, i16* %res_V_data_3_V, i16* %res_V_data_4_V, i16* %res_V_data_5_V, i16* %res_V_data_6_V, i16* %res_V_data_7_V, i16* %res_V_data_8_V, i16* %res_V_data_9_V, i16* %res_V_data_10_V, i16* %res_V_data_11_V, i16* %res_V_data_12_V)" [firmware/nnet_utils/nnet_activation_stream.h:362]   --->   Operation 84 'call' <Predicate = true> <Delay = 0.00> <CoreType = "Generic">   --->   Core 0 '' <Latency = 0> <II = 1> <Delay = 1.00> <Generic> <Opcode : >

State 41 <SV = 40> <Delay = 0.00>
ST_41 : Operation 85 [4/44] (0.00ns)   --->   "call fastcc void @"softmax_stable<array,array<ap_fixed<16,6,5,3,0>,13u>,softmax_config12>"(i16* %data_V_data_0_V, i16* %data_V_data_1_V, i16* %data_V_data_2_V, i16* %data_V_data_3_V, i16* %data_V_data_4_V, i16* %data_V_data_5_V, i16* %data_V_data_6_V, i16* %data_V_data_7_V, i16* %data_V_data_8_V, i16* %data_V_data_9_V, i16* %data_V_data_10_V, i16* %data_V_data_11_V, i16* %data_V_data_12_V, i16* %res_V_data_0_V, i16* %res_V_data_1_V, i16* %res_V_data_2_V, i16* %res_V_data_3_V, i16* %res_V_data_4_V, i16* %res_V_data_5_V, i16* %res_V_data_6_V, i16* %res_V_data_7_V, i16* %res_V_data_8_V, i16* %res_V_data_9_V, i16* %res_V_data_10_V, i16* %res_V_data_11_V, i16* %res_V_data_12_V)" [firmware/nnet_utils/nnet_activation_stream.h:362]   --->   Operation 85 'call' <Predicate = true> <Delay = 0.00> <CoreType = "Generic">   --->   Core 0 '' <Latency = 0> <II = 1> <Delay = 1.00> <Generic> <Opcode : >

State 42 <SV = 41> <Delay = 0.00>
ST_42 : Operation 86 [3/44] (0.00ns)   --->   "call fastcc void @"softmax_stable<array,array<ap_fixed<16,6,5,3,0>,13u>,softmax_config12>"(i16* %data_V_data_0_V, i16* %data_V_data_1_V, i16* %data_V_data_2_V, i16* %data_V_data_3_V, i16* %data_V_data_4_V, i16* %data_V_data_5_V, i16* %data_V_data_6_V, i16* %data_V_data_7_V, i16* %data_V_data_8_V, i16* %data_V_data_9_V, i16* %data_V_data_10_V, i16* %data_V_data_11_V, i16* %data_V_data_12_V, i16* %res_V_data_0_V, i16* %res_V_data_1_V, i16* %res_V_data_2_V, i16* %res_V_data_3_V, i16* %res_V_data_4_V, i16* %res_V_data_5_V, i16* %res_V_data_6_V, i16* %res_V_data_7_V, i16* %res_V_data_8_V, i16* %res_V_data_9_V, i16* %res_V_data_10_V, i16* %res_V_data_11_V, i16* %res_V_data_12_V)" [firmware/nnet_utils/nnet_activation_stream.h:362]   --->   Operation 86 'call' <Predicate = true> <Delay = 0.00> <CoreType = "Generic">   --->   Core 0 '' <Latency = 0> <II = 1> <Delay = 1.00> <Generic> <Opcode : >

State 43 <SV = 42> <Delay = 0.00>
ST_43 : Operation 87 [2/44] (0.00ns)   --->   "call fastcc void @"softmax_stable<array,array<ap_fixed<16,6,5,3,0>,13u>,softmax_config12>"(i16* %data_V_data_0_V, i16* %data_V_data_1_V, i16* %data_V_data_2_V, i16* %data_V_data_3_V, i16* %data_V_data_4_V, i16* %data_V_data_5_V, i16* %data_V_data_6_V, i16* %data_V_data_7_V, i16* %data_V_data_8_V, i16* %data_V_data_9_V, i16* %data_V_data_10_V, i16* %data_V_data_11_V, i16* %data_V_data_12_V, i16* %res_V_data_0_V, i16* %res_V_data_1_V, i16* %res_V_data_2_V, i16* %res_V_data_3_V, i16* %res_V_data_4_V, i16* %res_V_data_5_V, i16* %res_V_data_6_V, i16* %res_V_data_7_V, i16* %res_V_data_8_V, i16* %res_V_data_9_V, i16* %res_V_data_10_V, i16* %res_V_data_11_V, i16* %res_V_data_12_V)" [firmware/nnet_utils/nnet_activation_stream.h:362]   --->   Operation 87 'call' <Predicate = true> <Delay = 0.00> <CoreType = "Generic">   --->   Core 0 '' <Latency = 0> <II = 1> <Delay = 1.00> <Generic> <Opcode : >

State 44 <SV = 43> <Delay = 0.00>
ST_44 : Operation 88 [1/1] (0.00ns)   --->   "call void (...)* @_ssdm_op_SpecInterface(i16* %data_V_data_12_V, [8 x i8]* @ap_fifo_str, i32 0, i32 0, [1 x i8]* @p_str, i32 0, i32 0, [1 x i8]* @p_str, [1 x i8]* @p_str, [1 x i8]* @p_str, i32 2, i32 2, i32 16, i32 16, [1 x i8]* @p_str, [1 x i8]* @p_str)"   --->   Operation 88 'specinterface' <Predicate = true> <Delay = 0.00>
ST_44 : Operation 89 [1/1] (0.00ns)   --->   "call void (...)* @_ssdm_op_SpecInterface(i16* %data_V_data_11_V, [8 x i8]* @ap_fifo_str, i32 0, i32 0, [1 x i8]* @p_str, i32 0, i32 0, [1 x i8]* @p_str, [1 x i8]* @p_str, [1 x i8]* @p_str, i32 2, i32 2, i32 16, i32 16, [1 x i8]* @p_str, [1 x i8]* @p_str)"   --->   Operation 89 'specinterface' <Predicate = true> <Delay = 0.00>
ST_44 : Operation 90 [1/1] (0.00ns)   --->   "call void (...)* @_ssdm_op_SpecInterface(i16* %data_V_data_10_V, [8 x i8]* @ap_fifo_str, i32 0, i32 0, [1 x i8]* @p_str, i32 0, i32 0, [1 x i8]* @p_str, [1 x i8]* @p_str, [1 x i8]* @p_str, i32 2, i32 2, i32 16, i32 16, [1 x i8]* @p_str, [1 x i8]* @p_str)"   --->   Operation 90 'specinterface' <Predicate = true> <Delay = 0.00>
ST_44 : Operation 91 [1/1] (0.00ns)   --->   "call void (...)* @_ssdm_op_SpecInterface(i16* %data_V_data_9_V, [8 x i8]* @ap_fifo_str, i32 0, i32 0, [1 x i8]* @p_str, i32 0, i32 0, [1 x i8]* @p_str, [1 x i8]* @p_str, [1 x i8]* @p_str, i32 2, i32 2, i32 16, i32 16, [1 x i8]* @p_str, [1 x i8]* @p_str)"   --->   Operation 91 'specinterface' <Predicate = true> <Delay = 0.00>
ST_44 : Operation 92 [1/1] (0.00ns)   --->   "call void (...)* @_ssdm_op_SpecInterface(i16* %data_V_data_8_V, [8 x i8]* @ap_fifo_str, i32 0, i32 0, [1 x i8]* @p_str, i32 0, i32 0, [1 x i8]* @p_str, [1 x i8]* @p_str, [1 x i8]* @p_str, i32 2, i32 2, i32 16, i32 16, [1 x i8]* @p_str, [1 x i8]* @p_str)"   --->   Operation 92 'specinterface' <Predicate = true> <Delay = 0.00>
ST_44 : Operation 93 [1/1] (0.00ns)   --->   "call void (...)* @_ssdm_op_SpecInterface(i16* %data_V_data_7_V, [8 x i8]* @ap_fifo_str, i32 0, i32 0, [1 x i8]* @p_str, i32 0, i32 0, [1 x i8]* @p_str, [1 x i8]* @p_str, [1 x i8]* @p_str, i32 2, i32 2, i32 16, i32 16, [1 x i8]* @p_str, [1 x i8]* @p_str)"   --->   Operation 93 'specinterface' <Predicate = true> <Delay = 0.00>
ST_44 : Operation 94 [1/1] (0.00ns)   --->   "call void (...)* @_ssdm_op_SpecInterface(i16* %data_V_data_6_V, [8 x i8]* @ap_fifo_str, i32 0, i32 0, [1 x i8]* @p_str, i32 0, i32 0, [1 x i8]* @p_str, [1 x i8]* @p_str, [1 x i8]* @p_str, i32 2, i32 2, i32 16, i32 16, [1 x i8]* @p_str, [1 x i8]* @p_str)"   --->   Operation 94 'specinterface' <Predicate = true> <Delay = 0.00>
ST_44 : Operation 95 [1/1] (0.00ns)   --->   "call void (...)* @_ssdm_op_SpecInterface(i16* %data_V_data_5_V, [8 x i8]* @ap_fifo_str, i32 0, i32 0, [1 x i8]* @p_str, i32 0, i32 0, [1 x i8]* @p_str, [1 x i8]* @p_str, [1 x i8]* @p_str, i32 2, i32 2, i32 16, i32 16, [1 x i8]* @p_str, [1 x i8]* @p_str)"   --->   Operation 95 'specinterface' <Predicate = true> <Delay = 0.00>
ST_44 : Operation 96 [1/1] (0.00ns)   --->   "call void (...)* @_ssdm_op_SpecInterface(i16* %data_V_data_4_V, [8 x i8]* @ap_fifo_str, i32 0, i32 0, [1 x i8]* @p_str, i32 0, i32 0, [1 x i8]* @p_str, [1 x i8]* @p_str, [1 x i8]* @p_str, i32 2, i32 2, i32 16, i32 16, [1 x i8]* @p_str, [1 x i8]* @p_str)"   --->   Operation 96 'specinterface' <Predicate = true> <Delay = 0.00>
ST_44 : Operation 97 [1/1] (0.00ns)   --->   "call void (...)* @_ssdm_op_SpecInterface(i16* %data_V_data_3_V, [8 x i8]* @ap_fifo_str, i32 0, i32 0, [1 x i8]* @p_str, i32 0, i32 0, [1 x i8]* @p_str, [1 x i8]* @p_str, [1 x i8]* @p_str, i32 2, i32 2, i32 16, i32 16, [1 x i8]* @p_str, [1 x i8]* @p_str)"   --->   Operation 97 'specinterface' <Predicate = true> <Delay = 0.00>
ST_44 : Operation 98 [1/1] (0.00ns)   --->   "call void (...)* @_ssdm_op_SpecInterface(i16* %data_V_data_2_V, [8 x i8]* @ap_fifo_str, i32 0, i32 0, [1 x i8]* @p_str, i32 0, i32 0, [1 x i8]* @p_str, [1 x i8]* @p_str, [1 x i8]* @p_str, i32 2, i32 2, i32 16, i32 16, [1 x i8]* @p_str, [1 x i8]* @p_str)"   --->   Operation 98 'specinterface' <Predicate = true> <Delay = 0.00>
ST_44 : Operation 99 [1/1] (0.00ns)   --->   "call void (...)* @_ssdm_op_SpecInterface(i16* %data_V_data_1_V, [8 x i8]* @ap_fifo_str, i32 0, i32 0, [1 x i8]* @p_str, i32 0, i32 0, [1 x i8]* @p_str, [1 x i8]* @p_str, [1 x i8]* @p_str, i32 2, i32 2, i32 16, i32 16, [1 x i8]* @p_str, [1 x i8]* @p_str)"   --->   Operation 99 'specinterface' <Predicate = true> <Delay = 0.00>
ST_44 : Operation 100 [1/1] (0.00ns)   --->   "call void (...)* @_ssdm_op_SpecInterface(i16* %data_V_data_0_V, [8 x i8]* @ap_fifo_str, i32 0, i32 0, [1 x i8]* @p_str, i32 0, i32 0, [1 x i8]* @p_str, [1 x i8]* @p_str, [1 x i8]* @p_str, i32 2, i32 2, i32 16, i32 16, [1 x i8]* @p_str, [1 x i8]* @p_str)"   --->   Operation 100 'specinterface' <Predicate = true> <Delay = 0.00>
ST_44 : Operation 101 [1/1] (0.00ns)   --->   "call void (...)* @_ssdm_op_SpecInterface(i16* %res_V_data_0_V, [8 x i8]* @ap_fifo_str, i32 0, i32 0, [1 x i8]* @p_str, i32 0, i32 0, [1 x i8]* @p_str, [1 x i8]* @p_str, [1 x i8]* @p_str, i32 2, i32 2, i32 16, i32 16, [1 x i8]* @p_str, [1 x i8]* @p_str)"   --->   Operation 101 'specinterface' <Predicate = true> <Delay = 0.00>
ST_44 : Operation 102 [1/1] (0.00ns)   --->   "call void (...)* @_ssdm_op_SpecInterface(i16* %res_V_data_1_V, [8 x i8]* @ap_fifo_str, i32 0, i32 0, [1 x i8]* @p_str, i32 0, i32 0, [1 x i8]* @p_str, [1 x i8]* @p_str, [1 x i8]* @p_str, i32 2, i32 2, i32 16, i32 16, [1 x i8]* @p_str, [1 x i8]* @p_str)"   --->   Operation 102 'specinterface' <Predicate = true> <Delay = 0.00>
ST_44 : Operation 103 [1/1] (0.00ns)   --->   "call void (...)* @_ssdm_op_SpecInterface(i16* %res_V_data_2_V, [8 x i8]* @ap_fifo_str, i32 0, i32 0, [1 x i8]* @p_str, i32 0, i32 0, [1 x i8]* @p_str, [1 x i8]* @p_str, [1 x i8]* @p_str, i32 2, i32 2, i32 16, i32 16, [1 x i8]* @p_str, [1 x i8]* @p_str)"   --->   Operation 103 'specinterface' <Predicate = true> <Delay = 0.00>
ST_44 : Operation 104 [1/1] (0.00ns)   --->   "call void (...)* @_ssdm_op_SpecInterface(i16* %res_V_data_3_V, [8 x i8]* @ap_fifo_str, i32 0, i32 0, [1 x i8]* @p_str, i32 0, i32 0, [1 x i8]* @p_str, [1 x i8]* @p_str, [1 x i8]* @p_str, i32 2, i32 2, i32 16, i32 16, [1 x i8]* @p_str, [1 x i8]* @p_str)"   --->   Operation 104 'specinterface' <Predicate = true> <Delay = 0.00>
ST_44 : Operation 105 [1/1] (0.00ns)   --->   "call void (...)* @_ssdm_op_SpecInterface(i16* %res_V_data_4_V, [8 x i8]* @ap_fifo_str, i32 0, i32 0, [1 x i8]* @p_str, i32 0, i32 0, [1 x i8]* @p_str, [1 x i8]* @p_str, [1 x i8]* @p_str, i32 2, i32 2, i32 16, i32 16, [1 x i8]* @p_str, [1 x i8]* @p_str)"   --->   Operation 105 'specinterface' <Predicate = true> <Delay = 0.00>
ST_44 : Operation 106 [1/1] (0.00ns)   --->   "call void (...)* @_ssdm_op_SpecInterface(i16* %res_V_data_5_V, [8 x i8]* @ap_fifo_str, i32 0, i32 0, [1 x i8]* @p_str, i32 0, i32 0, [1 x i8]* @p_str, [1 x i8]* @p_str, [1 x i8]* @p_str, i32 2, i32 2, i32 16, i32 16, [1 x i8]* @p_str, [1 x i8]* @p_str)"   --->   Operation 106 'specinterface' <Predicate = true> <Delay = 0.00>
ST_44 : Operation 107 [1/1] (0.00ns)   --->   "call void (...)* @_ssdm_op_SpecInterface(i16* %res_V_data_6_V, [8 x i8]* @ap_fifo_str, i32 0, i32 0, [1 x i8]* @p_str, i32 0, i32 0, [1 x i8]* @p_str, [1 x i8]* @p_str, [1 x i8]* @p_str, i32 2, i32 2, i32 16, i32 16, [1 x i8]* @p_str, [1 x i8]* @p_str)"   --->   Operation 107 'specinterface' <Predicate = true> <Delay = 0.00>
ST_44 : Operation 108 [1/1] (0.00ns)   --->   "call void (...)* @_ssdm_op_SpecInterface(i16* %res_V_data_7_V, [8 x i8]* @ap_fifo_str, i32 0, i32 0, [1 x i8]* @p_str, i32 0, i32 0, [1 x i8]* @p_str, [1 x i8]* @p_str, [1 x i8]* @p_str, i32 2, i32 2, i32 16, i32 16, [1 x i8]* @p_str, [1 x i8]* @p_str)"   --->   Operation 108 'specinterface' <Predicate = true> <Delay = 0.00>
ST_44 : Operation 109 [1/1] (0.00ns)   --->   "call void (...)* @_ssdm_op_SpecInterface(i16* %res_V_data_8_V, [8 x i8]* @ap_fifo_str, i32 0, i32 0, [1 x i8]* @p_str, i32 0, i32 0, [1 x i8]* @p_str, [1 x i8]* @p_str, [1 x i8]* @p_str, i32 2, i32 2, i32 16, i32 16, [1 x i8]* @p_str, [1 x i8]* @p_str)"   --->   Operation 109 'specinterface' <Predicate = true> <Delay = 0.00>
ST_44 : Operation 110 [1/1] (0.00ns)   --->   "call void (...)* @_ssdm_op_SpecInterface(i16* %res_V_data_9_V, [8 x i8]* @ap_fifo_str, i32 0, i32 0, [1 x i8]* @p_str, i32 0, i32 0, [1 x i8]* @p_str, [1 x i8]* @p_str, [1 x i8]* @p_str, i32 2, i32 2, i32 16, i32 16, [1 x i8]* @p_str, [1 x i8]* @p_str)"   --->   Operation 110 'specinterface' <Predicate = true> <Delay = 0.00>
ST_44 : Operation 111 [1/1] (0.00ns)   --->   "call void (...)* @_ssdm_op_SpecInterface(i16* %res_V_data_10_V, [8 x i8]* @ap_fifo_str, i32 0, i32 0, [1 x i8]* @p_str, i32 0, i32 0, [1 x i8]* @p_str, [1 x i8]* @p_str, [1 x i8]* @p_str, i32 2, i32 2, i32 16, i32 16, [1 x i8]* @p_str, [1 x i8]* @p_str)"   --->   Operation 111 'specinterface' <Predicate = true> <Delay = 0.00>
ST_44 : Operation 112 [1/1] (0.00ns)   --->   "call void (...)* @_ssdm_op_SpecInterface(i16* %res_V_data_11_V, [8 x i8]* @ap_fifo_str, i32 0, i32 0, [1 x i8]* @p_str, i32 0, i32 0, [1 x i8]* @p_str, [1 x i8]* @p_str, [1 x i8]* @p_str, i32 2, i32 2, i32 16, i32 16, [1 x i8]* @p_str, [1 x i8]* @p_str)"   --->   Operation 112 'specinterface' <Predicate = true> <Delay = 0.00>
ST_44 : Operation 113 [1/1] (0.00ns)   --->   "call void (...)* @_ssdm_op_SpecInterface(i16* %res_V_data_12_V, [8 x i8]* @ap_fifo_str, i32 0, i32 0, [1 x i8]* @p_str, i32 0, i32 0, [1 x i8]* @p_str, [1 x i8]* @p_str, [1 x i8]* @p_str, i32 2, i32 2, i32 16, i32 16, [1 x i8]* @p_str, [1 x i8]* @p_str)"   --->   Operation 113 'specinterface' <Predicate = true> <Delay = 0.00>
ST_44 : Operation 114 [1/44] (0.00ns)   --->   "call fastcc void @"softmax_stable<array,array<ap_fixed<16,6,5,3,0>,13u>,softmax_config12>"(i16* %data_V_data_0_V, i16* %data_V_data_1_V, i16* %data_V_data_2_V, i16* %data_V_data_3_V, i16* %data_V_data_4_V, i16* %data_V_data_5_V, i16* %data_V_data_6_V, i16* %data_V_data_7_V, i16* %data_V_data_8_V, i16* %data_V_data_9_V, i16* %data_V_data_10_V, i16* %data_V_data_11_V, i16* %data_V_data_12_V, i16* %res_V_data_0_V, i16* %res_V_data_1_V, i16* %res_V_data_2_V, i16* %res_V_data_3_V, i16* %res_V_data_4_V, i16* %res_V_data_5_V, i16* %res_V_data_6_V, i16* %res_V_data_7_V, i16* %res_V_data_8_V, i16* %res_V_data_9_V, i16* %res_V_data_10_V, i16* %res_V_data_11_V, i16* %res_V_data_12_V)" [firmware/nnet_utils/nnet_activation_stream.h:362]   --->   Operation 114 'call' <Predicate = true> <Delay = 0.00> <CoreType = "Generic">   --->   Core 0 '' <Latency = 0> <II = 1> <Delay = 1.00> <Generic> <Opcode : >
ST_44 : Operation 115 [1/1] (0.00ns)   --->   "ret void" [firmware/nnet_utils/nnet_activation_stream.h:371]   --->   Operation 115 'ret' <Predicate = true> <Delay = 0.00>


============================================================
+ Verbose Summary: Timing violations
============================================================
Target clock period: 5ns, clock uncertainty: 0.625ns.

 <State 1>: 0ns
The critical path consists of the following:

 <State 2>: 0ns
The critical path consists of the following:

 <State 3>: 0ns
The critical path consists of the following:

 <State 4>: 0ns
The critical path consists of the following:

 <State 5>: 0ns
The critical path consists of the following:

 <State 6>: 0ns
The critical path consists of the following:

 <State 7>: 0ns
The critical path consists of the following:

 <State 8>: 0ns
The critical path consists of the following:

 <State 9>: 0ns
The critical path consists of the following:

 <State 10>: 0ns
The critical path consists of the following:

 <State 11>: 0ns
The critical path consists of the following:

 <State 12>: 0ns
The critical path consists of the following:

 <State 13>: 0ns
The critical path consists of the following:

 <State 14>: 0ns
The critical path consists of the following:

 <State 15>: 0ns
The critical path consists of the following:

 <State 16>: 0ns
The critical path consists of the following:

 <State 17>: 0ns
The critical path consists of the following:

 <State 18>: 0ns
The critical path consists of the following:

 <State 19>: 0ns
The critical path consists of the following:

 <State 20>: 0ns
The critical path consists of the following:

 <State 21>: 0ns
The critical path consists of the following:

 <State 22>: 0ns
The critical path consists of the following:

 <State 23>: 0ns
The critical path consists of the following:

 <State 24>: 0ns
The critical path consists of the following:

 <State 25>: 0ns
The critical path consists of the following:

 <State 26>: 0ns
The critical path consists of the following:

 <State 27>: 0ns
The critical path consists of the following:

 <State 28>: 0ns
The critical path consists of the following:

 <State 29>: 0ns
The critical path consists of the following:

 <State 30>: 0ns
The critical path consists of the following:

 <State 31>: 0ns
The critical path consists of the following:

 <State 32>: 0ns
The critical path consists of the following:

 <State 33>: 0ns
The critical path consists of the following:

 <State 34>: 0ns
The critical path consists of the following:

 <State 35>: 0ns
The critical path consists of the following:

 <State 36>: 0ns
The critical path consists of the following:

 <State 37>: 0ns
The critical path consists of the following:

 <State 38>: 0ns
The critical path consists of the following:

 <State 39>: 0ns
The critical path consists of the following:

 <State 40>: 0ns
The critical path consists of the following:

 <State 41>: 0ns
The critical path consists of the following:

 <State 42>: 0ns
The critical path consists of the following:

 <State 43>: 0ns
The critical path consists of the following:

 <State 44>: 0ns
The critical path consists of the following:


============================================================
+ Verbose Summary: Binding
============================================================
N/A
* FSMD analyzer results:
  - Output states:
 - Input state : 
  - Chain level:
	State 1
	State 2
	State 3
	State 4
	State 5
	State 6
	State 7
	State 8
	State 9
	State 10
	State 11
	State 12
	State 13
	State 14
	State 15
	State 16
	State 17
	State 18
	State 19
	State 20
	State 21
	State 22
	State 23
	State 24
	State 25
	State 26
	State 27
	State 28
	State 29
	State 30
	State 31
	State 32
	State 33
	State 34
	State 35
	State 36
	State 37
	State 38
	State 39
	State 40
	State 41
	State 42
	State 43
	State 44


============================================================
+ Verbose Summary: Datapath Resource usage 
============================================================
N/A
