

================================================================
== Vivado HLS Report for 'compute_output_buffer_2d_array_array_ap_fixed_16_6_5_3_0_4u_config6_s'
================================================================
* Date:           Wed Apr 10 16:33:39 2024

* Version:        2019.2 (Build 2704478 on Wed Nov 06 22:10:23 MST 2019)
* Project:        myproject_prj
* Solution:       solution1
* Product family: zynquplus
* Target device:  xczu5ev-sfvc784-2LV-e


================================================================
== Performance Estimates
================================================================
+ Timing: 
    * Summary: 
    +--------+---------+----------+------------+
    |  Clock |  Target | Estimated| Uncertainty|
    +--------+---------+----------+------------+
    |ap_clk  | 5.00 ns | 3.967 ns |   0.62 ns  |
    +--------+---------+----------+------------+

+ Latency: 
    * Summary: 
    +---------+---------+----------+----------+-----+-----+---------+
    |  Latency (cycles) |  Latency (absolute) |  Interval | Pipeline|
    |   min   |   max   |    min   |    max   | min | max |   Type  |
    +---------+---------+----------+----------+-----+-----+---------+
    |        1|      147| 5.000 ns | 0.735 us |    1|  147|   none  |
    +---------+---------+----------+----------+-----+-----+---------+

    + Detail: 
        * Instance: 
        +----------------------------------------------------------------------------------+-----------------------------------------------------------------------+---------+---------+----------+----------+-----+-----+---------------------------------------------+
        |                                                                                  |                                                                       |  Latency (cycles) |  Latency (absolute) |  Interval |                   Pipeline                  |
        |                                     Instance                                     |                                 Module                                |   min   |   max   |    min   |    max   | min | max |                     Type                    |
        +----------------------------------------------------------------------------------+-----------------------------------------------------------------------+---------+---------+----------+----------+-----+-----+---------------------------------------------+
        |grp_dense_resource_ap_fixed_16_6_5_3_0_ap_fixed_16_6_5_3_0_config6_mult_s_fu_242  |dense_resource_ap_fixed_16_6_5_3_0_ap_fixed_16_6_5_3_0_config6_mult_s  |      145|      146| 0.725 us | 0.730 us |  144|  144| loop rewind(delay=0 initiation interval(s)) |
        |call_ret1_shift_line_buffer_array_ap_fixed_16_6_5_3_0_4u_config6_s_fu_322         |shift_line_buffer_array_ap_fixed_16_6_5_3_0_4u_config6_s               |        0|        0|   0 ns   |   0 ns   |    1|    1|                   function                  |
        +----------------------------------------------------------------------------------+-----------------------------------------------------------------------+---------+---------+----------+----------+-----+-----+---------------------------------------------+

        * Loop: 
        N/A



================================================================
== Utilization Estimates
================================================================
* Summary: 
+-----------------+---------+-------+--------+--------+-----+
|       Name      | BRAM_18K| DSP48E|   FF   |   LUT  | URAM|
+-----------------+---------+-------+--------+--------+-----+
|DSP              |        -|      -|       -|       -|    -|
|Expression       |        -|      -|       0|     356|    -|
|FIFO             |        -|      -|       -|       -|    -|
|Instance         |        0|      1|     966|     978|    -|
|Memory           |        -|      -|       -|       -|    -|
|Multiplexer      |        -|      -|       -|      93|    -|
|Register         |        -|      -|     838|       -|    -|
+-----------------+---------+-------+--------+--------+-----+
|Total            |        0|      1|    1804|    1427|    0|
+-----------------+---------+-------+--------+--------+-----+
|Available        |      288|   1248|  234240|  117120|   64|
+-----------------+---------+-------+--------+--------+-----+
|Utilization (%)  |        0|   ~0  |   ~0   |       1|    0|
+-----------------+---------+-------+--------+--------+-----+

+ Detail: 
    * Instance: 
    +----------------------------------------------------------------------------------+-----------------------------------------------------------------------+---------+-------+-----+-----+-----+
    |                                     Instance                                     |                                 Module                                | BRAM_18K| DSP48E|  FF | LUT | URAM|
    +----------------------------------------------------------------------------------+-----------------------------------------------------------------------+---------+-------+-----+-----+-----+
    |grp_dense_resource_ap_fixed_16_6_5_3_0_ap_fixed_16_6_5_3_0_config6_mult_s_fu_242  |dense_resource_ap_fixed_16_6_5_3_0_ap_fixed_16_6_5_3_0_config6_mult_s  |        0|      1|  453|  722|    0|
    |call_ret1_shift_line_buffer_array_ap_fixed_16_6_5_3_0_4u_config6_s_fu_322         |shift_line_buffer_array_ap_fixed_16_6_5_3_0_4u_config6_s               |        0|      0|  513|  256|    0|
    +----------------------------------------------------------------------------------+-----------------------------------------------------------------------+---------+-------+-----+-----+-----+
    |Total                                                                             |                                                                       |        0|      1|  966|  978|    0|
    +----------------------------------------------------------------------------------+-----------------------------------------------------------------------+---------+-------+-----+-----+-----+

    * DSP48E: 
    N/A

    * Memory: 
    N/A

    * FIFO: 
    N/A

    * Expression: 
    +---------------------------------+----------+-------+---+----+------------+------------+
    |          Variable Name          | Operation| DSP48E| FF| LUT| Bitwidth P0| Bitwidth P1|
    +---------------------------------+----------+-------+---+----+------------+------------+
    |add_ln321_fu_1003_p2             |     +    |      0|  0|  39|          32|           1|
    |add_ln323_fu_1014_p2             |     +    |      0|  0|  39|          32|           1|
    |add_ln326_fu_957_p2              |     +    |      0|  0|  39|          32|           1|
    |add_ln328_fu_968_p2              |     +    |      0|  0|  39|          32|           1|
    |and_ln289_1_fu_920_p2            |    and   |      0|  0|   2|           1|           1|
    |and_ln289_2_fu_926_p2            |    and   |      0|  0|   2|           1|           1|
    |and_ln289_fu_914_p2              |    and   |      0|  0|   2|           1|           1|
    |ap_block_state2                  |    and   |      0|  0|   2|           1|           1|
    |ap_block_state2_on_subcall_done  |    and   |      0|  0|   2|           1|           1|
    |ap_condition_241                 |    and   |      0|  0|   2|           1|           1|
    |ap_condition_367                 |    and   |      0|  0|   2|           1|           1|
    |io_acc_block_signal_op128        |    and   |      0|  0|   2|           1|           1|
    |icmp_ln289_1_fu_868_p2           |   icmp   |      0|  0|  20|          32|           2|
    |icmp_ln289_2_fu_888_p2           |   icmp   |      0|  0|  20|          31|           1|
    |icmp_ln289_3_fu_908_p2           |   icmp   |      0|  0|  20|          31|           1|
    |icmp_ln289_fu_858_p2             |   icmp   |      0|  0|  20|          32|           2|
    |icmp_ln313_fu_952_p2             |   icmp   |      0|  0|  20|          32|           5|
    |icmp_ln317_fu_998_p2             |   icmp   |      0|  0|  20|          32|           5|
    |select_ln323_fu_1019_p3          |  select  |      0|  0|  32|           1|           2|
    |select_ln328_fu_973_p3           |  select  |      0|  0|  32|           1|           2|
    +---------------------------------+----------+-------+---+----+------------+------------+
    |Total                            |          |      0|  0| 356|         328|          32|
    +---------------------------------+----------+-------+---+----+------------+------------+

    * Multiplexer: 
    +-------------------------------------+----+-----------+-----+-----------+
    |                 Name                | LUT| Input Size| Bits| Total Bits|
    +-------------------------------------+----+-----------+-----+-----------+
    |ap_NS_fsm                            |  15|          3|    1|          3|
    |ap_phi_mux_storemerge_phi_fu_235_p4  |  15|          3|   32|         96|
    |pX_2                                 |   9|          2|   32|         64|
    |pY_2                                 |   9|          2|   32|         64|
    |res_stream_V_data_0_V_blk_n          |   9|          2|    1|          2|
    |res_stream_V_data_1_V_blk_n          |   9|          2|    1|          2|
    |res_stream_V_data_2_V_blk_n          |   9|          2|    1|          2|
    |res_stream_V_data_3_V_blk_n          |   9|          2|    1|          2|
    |sX_2                                 |   9|          2|   32|         64|
    +-------------------------------------+----+-----------+-----+-----------+
    |Total                                |  93|         20|  133|        299|
    +-------------------------------------+----+-----------+-----+-----------+

    * Register: 
    +-----------------------------------------------------------------------------------------------+----+----+-----+-----------+
    |                                              Name                                             | FF | LUT| Bits| Const Bits|
    +-----------------------------------------------------------------------------------------------+----+----+-----+-----------+
    |and_ln289_2_reg_1071                                                                           |   1|   0|    1|          0|
    |ap_CS_fsm                                                                                      |   2|   0|    2|          0|
    |grp_dense_resource_ap_fixed_16_6_5_3_0_ap_fixed_16_6_5_3_0_config6_mult_s_fu_242_ap_start_reg  |   1|   0|    1|          0|
    |icmp_ln289_1_reg_1054                                                                          |   1|   0|    1|          0|
    |icmp_ln289_reg_1044                                                                            |   1|   0|    1|          0|
    |kernel_data_V_1_0                                                                              |  16|   0|   16|          0|
    |kernel_data_V_1_1                                                                              |  16|   0|   16|          0|
    |kernel_data_V_1_10                                                                             |  16|   0|   16|          0|
    |kernel_data_V_1_11                                                                             |  16|   0|   16|          0|
    |kernel_data_V_1_12                                                                             |  16|   0|   16|          0|
    |kernel_data_V_1_13                                                                             |  16|   0|   16|          0|
    |kernel_data_V_1_14                                                                             |  16|   0|   16|          0|
    |kernel_data_V_1_15                                                                             |  16|   0|   16|          0|
    |kernel_data_V_1_16                                                                             |  16|   0|   16|          0|
    |kernel_data_V_1_17                                                                             |  16|   0|   16|          0|
    |kernel_data_V_1_18                                                                             |  16|   0|   16|          0|
    |kernel_data_V_1_19                                                                             |  16|   0|   16|          0|
    |kernel_data_V_1_2                                                                              |  16|   0|   16|          0|
    |kernel_data_V_1_20                                                                             |  16|   0|   16|          0|
    |kernel_data_V_1_21                                                                             |  16|   0|   16|          0|
    |kernel_data_V_1_22                                                                             |  16|   0|   16|          0|
    |kernel_data_V_1_23                                                                             |  16|   0|   16|          0|
    |kernel_data_V_1_24                                                                             |  16|   0|   16|          0|
    |kernel_data_V_1_25                                                                             |  16|   0|   16|          0|
    |kernel_data_V_1_26                                                                             |  16|   0|   16|          0|
    |kernel_data_V_1_27                                                                             |  16|   0|   16|          0|
    |kernel_data_V_1_28                                                                             |  16|   0|   16|          0|
    |kernel_data_V_1_29                                                                             |  16|   0|   16|          0|
    |kernel_data_V_1_3                                                                              |  16|   0|   16|          0|
    |kernel_data_V_1_30                                                                             |  16|   0|   16|          0|
    |kernel_data_V_1_31                                                                             |  16|   0|   16|          0|
    |kernel_data_V_1_32                                                                             |  16|   0|   16|          0|
    |kernel_data_V_1_33                                                                             |  16|   0|   16|          0|
    |kernel_data_V_1_34                                                                             |  16|   0|   16|          0|
    |kernel_data_V_1_35                                                                             |  16|   0|   16|          0|
    |kernel_data_V_1_4                                                                              |  16|   0|   16|          0|
    |kernel_data_V_1_5                                                                              |  16|   0|   16|          0|
    |kernel_data_V_1_6                                                                              |  16|   0|   16|          0|
    |kernel_data_V_1_7                                                                              |  16|   0|   16|          0|
    |kernel_data_V_1_8                                                                              |  16|   0|   16|          0|
    |kernel_data_V_1_9                                                                              |  16|   0|   16|          0|
    |pX_2                                                                                           |  32|   0|   32|          0|
    |pX_2_load_reg_1065                                                                             |  32|   0|   32|          0|
    |pY_2                                                                                           |  32|   0|   32|          0|
    |pY_2_load_reg_1059                                                                             |  32|   0|   32|          0|
    |sX_2                                                                                           |  32|   0|   32|          0|
    |sX_2_load_reg_1039                                                                             |  32|   0|   32|          0|
    |sY_2                                                                                           |  32|   0|   32|          0|
    |sY_2_load_reg_1049                                                                             |  32|   0|   32|          0|
    +-----------------------------------------------------------------------------------------------+----+----+-----+-----------+
    |Total                                                                                          | 838|   0|  838|          0|
    +-----------------------------------------------------------------------------------------------+----+----+-----+-----------+



================================================================
== Interface
================================================================
* Summary: 
+------------------------------+-----+-----+------------+------------------------------------------------------------------------+--------------+
|           RTL Ports          | Dir | Bits|  Protocol  |                              Source Object                             |    C Type    |
+------------------------------+-----+-----+------------+------------------------------------------------------------------------+--------------+
|ap_clk                        |  in |    1| ap_ctrl_hs | compute_output_buffer_2d<array,array<ap_fixed<16,6,5,3,0>,4u>,config6> | return value |
|ap_rst                        |  in |    1| ap_ctrl_hs | compute_output_buffer_2d<array,array<ap_fixed<16,6,5,3,0>,4u>,config6> | return value |
|ap_start                      |  in |    1| ap_ctrl_hs | compute_output_buffer_2d<array,array<ap_fixed<16,6,5,3,0>,4u>,config6> | return value |
|ap_done                       | out |    1| ap_ctrl_hs | compute_output_buffer_2d<array,array<ap_fixed<16,6,5,3,0>,4u>,config6> | return value |
|ap_idle                       | out |    1| ap_ctrl_hs | compute_output_buffer_2d<array,array<ap_fixed<16,6,5,3,0>,4u>,config6> | return value |
|ap_ready                      | out |    1| ap_ctrl_hs | compute_output_buffer_2d<array,array<ap_fixed<16,6,5,3,0>,4u>,config6> | return value |
|in_elem_data_0_V_read         |  in |   16|   ap_none  |                          in_elem_data_0_V_read                         |    scalar    |
|in_elem_data_1_V_read         |  in |   16|   ap_none  |                          in_elem_data_1_V_read                         |    scalar    |
|in_elem_data_2_V_read         |  in |   16|   ap_none  |                          in_elem_data_2_V_read                         |    scalar    |
|in_elem_data_3_V_read         |  in |   16|   ap_none  |                          in_elem_data_3_V_read                         |    scalar    |
|res_stream_V_data_0_V_din     | out |   16|   ap_fifo  |                          res_stream_V_data_0_V                         |    pointer   |
|res_stream_V_data_0_V_full_n  |  in |    1|   ap_fifo  |                          res_stream_V_data_0_V                         |    pointer   |
|res_stream_V_data_0_V_write   | out |    1|   ap_fifo  |                          res_stream_V_data_0_V                         |    pointer   |
|res_stream_V_data_1_V_din     | out |   16|   ap_fifo  |                          res_stream_V_data_1_V                         |    pointer   |
|res_stream_V_data_1_V_full_n  |  in |    1|   ap_fifo  |                          res_stream_V_data_1_V                         |    pointer   |
|res_stream_V_data_1_V_write   | out |    1|   ap_fifo  |                          res_stream_V_data_1_V                         |    pointer   |
|res_stream_V_data_2_V_din     | out |   16|   ap_fifo  |                          res_stream_V_data_2_V                         |    pointer   |
|res_stream_V_data_2_V_full_n  |  in |    1|   ap_fifo  |                          res_stream_V_data_2_V                         |    pointer   |
|res_stream_V_data_2_V_write   | out |    1|   ap_fifo  |                          res_stream_V_data_2_V                         |    pointer   |
|res_stream_V_data_3_V_din     | out |   16|   ap_fifo  |                          res_stream_V_data_3_V                         |    pointer   |
|res_stream_V_data_3_V_full_n  |  in |    1|   ap_fifo  |                          res_stream_V_data_3_V                         |    pointer   |
|res_stream_V_data_3_V_write   | out |    1|   ap_fifo  |                          res_stream_V_data_3_V                         |    pointer   |
+------------------------------+-----+-----+------------+------------------------------------------------------------------------+--------------+

