

================================================================
== Vivado HLS Report for 'compute_output_buffer_2d_array_array_ap_fixed_16_6_5_3_0_4u_config2_s'
================================================================
* Date:           Tue Apr  9 23:50:30 2024

* Version:        2019.2 (Build 2704478 on Wed Nov 06 22:10:23 MST 2019)
* Project:        myproject_prj
* Solution:       solution1
* Product family: zynquplus
* Target device:  xczu5ev-sfvc784-2LV-e


================================================================
== Performance Estimates
================================================================
+ Timing: 
    * Summary: 
    +--------+---------+----------+------------+
    |  Clock |  Target | Estimated| Uncertainty|
    +--------+---------+----------+------------+
    |ap_clk  | 5.00 ns | 3.967 ns |   0.62 ns  |
    +--------+---------+----------+------------+

+ Latency: 
    * Summary: 
    +---------+---------+----------+----------+-----+-----+---------+
    |  Latency (cycles) |  Latency (absolute) |  Interval | Pipeline|
    |   min   |   max   |    min   |    max   | min | max |   Type  |
    +---------+---------+----------+----------+-----+-----+---------+
    |        1|      111| 5.000 ns | 0.555 us |    1|  111|   none  |
    +---------+---------+----------+----------+-----+-----+---------+

    + Detail: 
        * Instance: 
        +----------------------------------------------------------------------------------+-----------------------------------------------------------------------+---------+---------+----------+----------+-----+-----+---------------------------------------------+
        |                                                                                  |                                                                       |  Latency (cycles) |  Latency (absolute) |  Interval |                   Pipeline                  |
        |                                     Instance                                     |                                 Module                                |   min   |   max   |    min   |    max   | min | max |                     Type                    |
        +----------------------------------------------------------------------------------+-----------------------------------------------------------------------+---------+---------+----------+----------+-----+-----+---------------------------------------------+
        |grp_dense_resource_ap_fixed_16_6_5_3_0_ap_fixed_16_6_5_3_0_config2_mult_s_fu_212  |dense_resource_ap_fixed_16_6_5_3_0_ap_fixed_16_6_5_3_0_config2_mult_s  |      109|      110| 0.545 us | 0.550 us |  108|  108| loop rewind(delay=0 initiation interval(s)) |
        |call_ret2_shift_line_buffer_array_ap_fixed_16_6_5_3_0_3u_config2_s_fu_274         |shift_line_buffer_array_ap_fixed_16_6_5_3_0_3u_config2_s               |        0|        0|   0 ns   |   0 ns   |    1|    1|                   function                  |
        +----------------------------------------------------------------------------------+-----------------------------------------------------------------------+---------+---------+----------+----------+-----+-----+---------------------------------------------+

        * Loop: 
        N/A



================================================================
== Utilization Estimates
================================================================
* Summary: 
+-----------------+---------+-------+--------+--------+-----+
|       Name      | BRAM_18K| DSP48E|   FF   |   LUT  | URAM|
+-----------------+---------+-------+--------+--------+-----+
|DSP              |        -|      -|       -|       -|    -|
|Expression       |        -|      -|       0|     356|    -|
|FIFO             |        -|      -|       -|       -|    -|
|Instance         |        0|      1|     835|    1066|    -|
|Memory           |        -|      -|       -|       -|    -|
|Multiplexer      |        -|      -|       -|      93|    -|
|Register         |        -|      -|     694|       -|    -|
+-----------------+---------+-------+--------+--------+-----+
|Total            |        0|      1|    1529|    1515|    0|
+-----------------+---------+-------+--------+--------+-----+
|Available        |      288|   1248|  234240|  117120|   64|
+-----------------+---------+-------+--------+--------+-----+
|Utilization (%)  |        0|   ~0  |   ~0   |       1|    0|
+-----------------+---------+-------+--------+--------+-----+

+ Detail: 
    * Instance: 
    +----------------------------------------------------------------------------------+-----------------------------------------------------------------------+---------+-------+-----+-----+-----+
    |                                     Instance                                     |                                 Module                                | BRAM_18K| DSP48E|  FF | LUT | URAM|
    +----------------------------------------------------------------------------------+-----------------------------------------------------------------------+---------+-------+-----+-----+-----+
    |grp_dense_resource_ap_fixed_16_6_5_3_0_ap_fixed_16_6_5_3_0_config2_mult_s_fu_212  |dense_resource_ap_fixed_16_6_5_3_0_ap_fixed_16_6_5_3_0_config2_mult_s  |        0|      1|  450|  682|    0|
    |call_ret2_shift_line_buffer_array_ap_fixed_16_6_5_3_0_3u_config2_s_fu_274         |shift_line_buffer_array_ap_fixed_16_6_5_3_0_3u_config2_s               |        0|      0|  385|  384|    0|
    +----------------------------------------------------------------------------------+-----------------------------------------------------------------------+---------+-------+-----+-----+-----+
    |Total                                                                             |                                                                       |        0|      1|  835| 1066|    0|
    +----------------------------------------------------------------------------------+-----------------------------------------------------------------------+---------+-------+-----+-----+-----+

    * DSP48E: 
    N/A

    * Memory: 
    N/A

    * FIFO: 
    N/A

    * Expression: 
    +---------------------------------+----------+-------+---+----+------------+------------+
    |          Variable Name          | Operation| DSP48E| FF| LUT| Bitwidth P0| Bitwidth P1|
    +---------------------------------+----------+-------+---+----+------------+------------+
    |add_ln321_fu_823_p2              |     +    |      0|  0|  39|          32|           1|
    |add_ln323_fu_834_p2              |     +    |      0|  0|  39|          32|           1|
    |add_ln326_fu_777_p2              |     +    |      0|  0|  39|          32|           1|
    |add_ln328_fu_788_p2              |     +    |      0|  0|  39|          32|           1|
    |and_ln289_3_fu_740_p2            |    and   |      0|  0|   2|           1|           1|
    |and_ln289_4_fu_746_p2            |    and   |      0|  0|   2|           1|           1|
    |and_ln289_fu_734_p2              |    and   |      0|  0|   2|           1|           1|
    |ap_block_state2                  |    and   |      0|  0|   2|           1|           1|
    |ap_block_state2_on_subcall_done  |    and   |      0|  0|   2|           1|           1|
    |ap_condition_206                 |    and   |      0|  0|   2|           1|           1|
    |ap_condition_310                 |    and   |      0|  0|   2|           1|           1|
    |io_acc_block_signal_op103        |    and   |      0|  0|   2|           1|           1|
    |icmp_ln289_4_fu_688_p2           |   icmp   |      0|  0|  20|          32|           2|
    |icmp_ln289_5_fu_708_p2           |   icmp   |      0|  0|  20|          31|           1|
    |icmp_ln289_6_fu_728_p2           |   icmp   |      0|  0|  20|          31|           1|
    |icmp_ln289_fu_678_p2             |   icmp   |      0|  0|  20|          32|           2|
    |icmp_ln313_fu_772_p2             |   icmp   |      0|  0|  20|          32|           6|
    |icmp_ln317_fu_818_p2             |   icmp   |      0|  0|  20|          32|           6|
    |select_ln323_fu_839_p3           |  select  |      0|  0|  32|           1|           2|
    |select_ln328_fu_793_p3           |  select  |      0|  0|  32|           1|           2|
    +---------------------------------+----------+-------+---+----+------------+------------+
    |Total                            |          |      0|  0| 356|         328|          34|
    +---------------------------------+----------+-------+---+----+------------+------------+

    * Multiplexer: 
    +-------------------------------------+----+-----------+-----+-----------+
    |                 Name                | LUT| Input Size| Bits| Total Bits|
    +-------------------------------------+----+-----------+-----+-----------+
    |ap_NS_fsm                            |  15|          3|    1|          3|
    |ap_phi_mux_storemerge_phi_fu_205_p4  |  15|          3|   32|         96|
    |pX_3                                 |   9|          2|   32|         64|
    |pY_3                                 |   9|          2|   32|         64|
    |res_stream_V_data_0_V_blk_n          |   9|          2|    1|          2|
    |res_stream_V_data_1_V_blk_n          |   9|          2|    1|          2|
    |res_stream_V_data_2_V_blk_n          |   9|          2|    1|          2|
    |res_stream_V_data_3_V_blk_n          |   9|          2|    1|          2|
    |sX_3                                 |   9|          2|   32|         64|
    +-------------------------------------+----+-----------+-----+-----------+
    |Total                                |  93|         20|  133|        299|
    +-------------------------------------+----+-----------+-----+-----------+

    * Register: 
    +-----------------------------------------------------------------------------------------------+----+----+-----+-----------+
    |                                              Name                                             | FF | LUT| Bits| Const Bits|
    +-----------------------------------------------------------------------------------------------+----+----+-----+-----------+
    |and_ln289_4_reg_891                                                                            |   1|   0|    1|          0|
    |ap_CS_fsm                                                                                      |   2|   0|    2|          0|
    |grp_dense_resource_ap_fixed_16_6_5_3_0_ap_fixed_16_6_5_3_0_config2_mult_s_fu_212_ap_start_reg  |   1|   0|    1|          0|
    |icmp_ln289_4_reg_874                                                                           |   1|   0|    1|          0|
    |icmp_ln289_reg_864                                                                             |   1|   0|    1|          0|
    |kernel_data_V_0                                                                                |  16|   0|   16|          0|
    |kernel_data_V_10                                                                               |  16|   0|   16|          0|
    |kernel_data_V_11                                                                               |  16|   0|   16|          0|
    |kernel_data_V_12                                                                               |  16|   0|   16|          0|
    |kernel_data_V_1285                                                                             |  16|   0|   16|          0|
    |kernel_data_V_13                                                                               |  16|   0|   16|          0|
    |kernel_data_V_14                                                                               |  16|   0|   16|          0|
    |kernel_data_V_15                                                                               |  16|   0|   16|          0|
    |kernel_data_V_16                                                                               |  16|   0|   16|          0|
    |kernel_data_V_17                                                                               |  16|   0|   16|          0|
    |kernel_data_V_18                                                                               |  16|   0|   16|          0|
    |kernel_data_V_19                                                                               |  16|   0|   16|          0|
    |kernel_data_V_20                                                                               |  16|   0|   16|          0|
    |kernel_data_V_21                                                                               |  16|   0|   16|          0|
    |kernel_data_V_22                                                                               |  16|   0|   16|          0|
    |kernel_data_V_2286                                                                             |  16|   0|   16|          0|
    |kernel_data_V_23                                                                               |  16|   0|   16|          0|
    |kernel_data_V_24                                                                               |  16|   0|   16|          0|
    |kernel_data_V_25                                                                               |  16|   0|   16|          0|
    |kernel_data_V_26                                                                               |  16|   0|   16|          0|
    |kernel_data_V_3287                                                                             |  16|   0|   16|          0|
    |kernel_data_V_4                                                                                |  16|   0|   16|          0|
    |kernel_data_V_5                                                                                |  16|   0|   16|          0|
    |kernel_data_V_6                                                                                |  16|   0|   16|          0|
    |kernel_data_V_7                                                                                |  16|   0|   16|          0|
    |kernel_data_V_8                                                                                |  16|   0|   16|          0|
    |kernel_data_V_9                                                                                |  16|   0|   16|          0|
    |pX_3                                                                                           |  32|   0|   32|          0|
    |pX_3_load_reg_885                                                                              |  32|   0|   32|          0|
    |pY_3                                                                                           |  32|   0|   32|          0|
    |pY_3_load_reg_879                                                                              |  32|   0|   32|          0|
    |sX_3                                                                                           |  32|   0|   32|          0|
    |sX_3_load_reg_859                                                                              |  32|   0|   32|          0|
    |sY_3                                                                                           |  32|   0|   32|          0|
    |sY_3_load_reg_869                                                                              |  32|   0|   32|          0|
    +-----------------------------------------------------------------------------------------------+----+----+-----+-----------+
    |Total                                                                                          | 694|   0|  694|          0|
    +-----------------------------------------------------------------------------------------------+----+----+-----+-----------+



================================================================
== Interface
================================================================
* Summary: 
+------------------------------+-----+-----+------------+------------------------------------------------------------------------+--------------+
|           RTL Ports          | Dir | Bits|  Protocol  |                              Source Object                             |    C Type    |
+------------------------------+-----+-----+------------+------------------------------------------------------------------------+--------------+
|ap_clk                        |  in |    1| ap_ctrl_hs | compute_output_buffer_2d<array,array<ap_fixed<16,6,5,3,0>,4u>,config2> | return value |
|ap_rst                        |  in |    1| ap_ctrl_hs | compute_output_buffer_2d<array,array<ap_fixed<16,6,5,3,0>,4u>,config2> | return value |
|ap_start                      |  in |    1| ap_ctrl_hs | compute_output_buffer_2d<array,array<ap_fixed<16,6,5,3,0>,4u>,config2> | return value |
|ap_done                       | out |    1| ap_ctrl_hs | compute_output_buffer_2d<array,array<ap_fixed<16,6,5,3,0>,4u>,config2> | return value |
|ap_idle                       | out |    1| ap_ctrl_hs | compute_output_buffer_2d<array,array<ap_fixed<16,6,5,3,0>,4u>,config2> | return value |
|ap_ready                      | out |    1| ap_ctrl_hs | compute_output_buffer_2d<array,array<ap_fixed<16,6,5,3,0>,4u>,config2> | return value |
|in_elem_data_0_V_read         |  in |   16|   ap_none  |                          in_elem_data_0_V_read                         |    scalar    |
|in_elem_data_1_V_read         |  in |   16|   ap_none  |                          in_elem_data_1_V_read                         |    scalar    |
|in_elem_data_2_V_read         |  in |   16|   ap_none  |                          in_elem_data_2_V_read                         |    scalar    |
|res_stream_V_data_0_V_din     | out |   16|   ap_fifo  |                          res_stream_V_data_0_V                         |    pointer   |
|res_stream_V_data_0_V_full_n  |  in |    1|   ap_fifo  |                          res_stream_V_data_0_V                         |    pointer   |
|res_stream_V_data_0_V_write   | out |    1|   ap_fifo  |                          res_stream_V_data_0_V                         |    pointer   |
|res_stream_V_data_1_V_din     | out |   16|   ap_fifo  |                          res_stream_V_data_1_V                         |    pointer   |
|res_stream_V_data_1_V_full_n  |  in |    1|   ap_fifo  |                          res_stream_V_data_1_V                         |    pointer   |
|res_stream_V_data_1_V_write   | out |    1|   ap_fifo  |                          res_stream_V_data_1_V                         |    pointer   |
|res_stream_V_data_2_V_din     | out |   16|   ap_fifo  |                          res_stream_V_data_2_V                         |    pointer   |
|res_stream_V_data_2_V_full_n  |  in |    1|   ap_fifo  |                          res_stream_V_data_2_V                         |    pointer   |
|res_stream_V_data_2_V_write   | out |    1|   ap_fifo  |                          res_stream_V_data_2_V                         |    pointer   |
|res_stream_V_data_3_V_din     | out |   16|   ap_fifo  |                          res_stream_V_data_3_V                         |    pointer   |
|res_stream_V_data_3_V_full_n  |  in |    1|   ap_fifo  |                          res_stream_V_data_3_V                         |    pointer   |
|res_stream_V_data_3_V_write   | out |    1|   ap_fifo  |                          res_stream_V_data_3_V                         |    pointer   |
+------------------------------+-----+-----+------------+------------------------------------------------------------------------+--------------+

