

================================================================
== Vivado HLS Report for 'dense_resource_ap_fixed_16_6_5_3_0_ap_fixed_16_6_5_3_0_config2_mult_s'
================================================================
* Date:           Tue Apr  9 23:31:52 2024

* Version:        2019.2 (Build 2704478 on Wed Nov 06 22:10:23 MST 2019)
* Project:        myproject_prj
* Solution:       solution1
* Product family: zynq
* Target device:  xc7z020-clg400-1


================================================================
== Performance Estimates
================================================================
+ Timing: 
    * Summary: 
    +--------+---------+----------+------------+
    |  Clock |  Target | Estimated| Uncertainty|
    +--------+---------+----------+------------+
    |ap_clk  | 5.00 ns | 6.279 ns |   0.62 ns  |
    +--------+---------+----------+------------+

+ Latency: 
    * Summary: 
    +---------+---------+----------+----------+-----+-----+---------------------------------------------+
    |  Latency (cycles) |  Latency (absolute) |  Interval |                   Pipeline                  |
    |   min   |   max   |    min   |    max   | min | max |                     Type                    |
    +---------+---------+----------+----------+-----+-----+---------------------------------------------+
    |      112|      113| 0.703 us | 0.710 us |  108|  108| loop rewind(delay=0 initiation interval(s)) |
    +---------+---------+----------+----------+-----+-----+---------------------------------------------+

    + Detail: 
        * Instance: 
        N/A

        * Loop: 
        +-------------+---------+---------+----------+-----------+-----------+------+----------+
        |             |  Latency (cycles) | Iteration|  Initiation Interval  | Trip |          |
        |  Loop Name  |   min   |   max   |  Latency |  achieved |   target  | Count| Pipelined|
        +-------------+---------+---------+----------+-----------+-----------+------+----------+
        |- ReuseLoop  |      112|      112|         6|          1|          1|   108|    yes   |
        +-------------+---------+---------+----------+-----------+-----------+------+----------+



================================================================
== Utilization Estimates
================================================================
* Summary: 
+-----------------+---------+-------+--------+-------+-----+
|       Name      | BRAM_18K| DSP48E|   FF   |  LUT  | URAM|
+-----------------+---------+-------+--------+-------+-----+
|DSP              |        -|      1|       -|      -|    -|
|Expression       |        -|      -|       0|    162|    -|
|FIFO             |        -|      -|       -|      -|    -|
|Instance         |        -|      -|       0|     65|    -|
|Memory           |        0|      -|       8|     15|    -|
|Multiplexer      |        -|      -|       -|    438|    -|
|Register         |        0|      -|     595|     64|    -|
+-----------------+---------+-------+--------+-------+-----+
|Total            |        0|      1|     603|    744|    0|
+-----------------+---------+-------+--------+-------+-----+
|Available        |      280|    220|  106400|  53200|    0|
+-----------------+---------+-------+--------+-------+-----+
|Utilization (%)  |        0|   ~0  |   ~0   |      1|    0|
+-----------------+---------+-------+--------+-------+-----+

+ Detail: 
    * Instance: 
    +---------------------------------+-----------------------------+---------+-------+---+----+-----+
    |             Instance            |            Module           | BRAM_18K| DSP48E| FF| LUT| URAM|
    +---------------------------------+-----------------------------+---------+-------+---+----+-----+
    |myproject_axi_mux_42_32_1_1_U33  |myproject_axi_mux_42_32_1_1  |        0|      0|  0|  65|    0|
    +---------------------------------+-----------------------------+---------+-------+---+----+-----+
    |Total                            |                             |        0|      0|  0|  65|    0|
    +---------------------------------+-----------------------------+---------+-------+---+----+-----+

    * DSP48E: 
    +-----------------------------------------+-------------------------------------+-----------+
    |                 Instance                |                Module               | Expression|
    +-----------------------------------------+-------------------------------------+-----------+
    |myproject_axi_mul_mul_6s_16s_20_3_1_U34  |myproject_axi_mul_mul_6s_16s_20_3_1  |  i0 * i1  |
    +-----------------------------------------+-------------------------------------+-----------+

    * Memory: 
    +-----------+-------------------------------------------------------------------------------+---------+---+----+-----+------+-----+------+-------------+
    |   Memory  |                                     Module                                    | BRAM_18K| FF| LUT| URAM| Words| Bits| Banks| W*Bits*Banks|
    +-----------+-------------------------------------------------------------------------------+---------+---+----+-----+------+-----+------+-------------+
    |outidx3_U  |dense_resource_ap_fixed_16_6_5_3_0_ap_fixed_16_6_5_3_0_config2_mult_s_outidx3  |        0|  2|   4|    0|   108|    2|     1|          216|
    |w2_V_U     |dense_resource_ap_fixed_16_6_5_3_0_ap_fixed_16_6_5_3_0_config2_mult_s_w2_V     |        0|  6|  11|    0|   108|    6|     1|          648|
    +-----------+-------------------------------------------------------------------------------+---------+---+----+-----+------+-----+------+-------------+
    |Total      |                                                                               |        0|  8|  15|    0|   216|    8|     2|          864|
    +-----------+-------------------------------------------------------------------------------+---------+---+----+-----+------+-----+------+-------------+

    * FIFO: 
    N/A

    * Expression: 
    +------------------------+----------+-------+---+----+------------+------------+
    |      Variable Name     | Operation| DSP48E| FF| LUT| Bitwidth P0| Bitwidth P1|
    +------------------------+----------+-------+---+----+------------+------------+
    |acc_0_V_fu_732_p2       |     +    |      0|  0|  39|          32|          32|
    |in_index_fu_565_p2      |     +    |      0|  0|  39|          32|           1|
    |w_index_fu_559_p2       |     +    |      0|  0|  15|           1|           7|
    |ap_condition_315        |    and   |      0|  0|   2|           1|           1|
    |ap_condition_340        |    and   |      0|  0|   2|           1|           1|
    |icmp_ln129_fu_577_p2    |   icmp   |      0|  0|  11|           7|           6|
    |icmp_ln148_fu_571_p2    |   icmp   |      0|  0|  18|          32|           5|
    |ap_condition_307        |    or    |      0|  0|   2|           1|           1|
    |select_ln148_fu_695_p3  |  select  |      0|  0|  32|           1|           1|
    |ap_enable_pp0           |    xor   |      0|  0|   2|           1|           2|
    +------------------------+----------+-------+---+----+------------+------------+
    |Total                   |          |      0|  0| 162|         109|          57|
    +------------------------+----------+-------+---+----+------------+------------+

    * Multiplexer: 
    +------------------------------------------------+-----+-----------+-----+-----------+
    |                      Name                      | LUT | Input Size| Bits| Total Bits|
    +------------------------------------------------+-----+-----------+-----+-----------+
    |acc_0_V_020_reg_353                             |    9|          2|   32|         64|
    |acc_1_V_019_reg_367                             |    9|          2|   32|         64|
    |acc_2_V_018_reg_381                             |    9|          2|   32|         64|
    |acc_3_V_017_reg_395                             |    9|          2|   32|         64|
    |ap_NS_fsm                                       |   15|          3|    1|          3|
    |ap_enable_reg_pp0_iter1                         |    9|          2|    1|          2|
    |ap_enable_reg_pp0_iter5                         |    9|          2|    1|          2|
    |ap_phi_mux_acc_0_V_1_phi_fu_467_p8              |   15|          3|   32|         96|
    |ap_phi_mux_acc_1_V_1_phi_fu_449_p8              |   15|          3|   32|         96|
    |ap_phi_mux_acc_2_V_1_phi_fu_431_p8              |   15|          3|   32|         96|
    |ap_phi_mux_acc_3_V_1_phi_fu_413_p8              |   15|          3|   32|         96|
    |ap_phi_mux_in_index_0_i_i29_phi_fu_212_p6       |   15|          3|   32|         96|
    |ap_phi_mux_p_Val2_20_01_i_phi_fu_539_p8         |   15|          3|   32|         96|
    |ap_phi_mux_p_Val2_20_13_i_phi_fu_521_p8         |   15|          3|   32|         96|
    |ap_phi_mux_p_Val2_20_25_i_phi_fu_503_p8         |   15|          3|   32|         96|
    |ap_phi_mux_p_Val2_20_37_i_phi_fu_485_p8         |   15|          3|   32|         96|
    |ap_phi_mux_w_index30_phi_fu_198_p6              |   15|          3|    7|         21|
    |ap_phi_reg_pp0_iter2_UnifiedRetVal_i_i_reg_223  |  129|         28|   16|        448|
    |ap_return_0                                     |    9|          2|   16|         32|
    |ap_return_1                                     |    9|          2|   16|         32|
    |ap_return_2                                     |    9|          2|   16|         32|
    |ap_return_3                                     |    9|          2|   16|         32|
    |in_index_0_i_i29_reg_208                        |    9|          2|   32|         64|
    |p_Val2_20_0_i28_reg_297                         |    9|          2|   32|         64|
    |p_Val2_20_1_i26_reg_311                         |    9|          2|   32|         64|
    |p_Val2_20_2_i24_reg_325                         |    9|          2|   32|         64|
    |p_Val2_20_3_i22_reg_339                         |    9|          2|   32|         64|
    |w_index30_reg_194                               |    9|          2|    7|         14|
    +------------------------------------------------+-----+-----------+-----+-----------+
    |Total                                           |  438|         93|  673|       2058|
    +------------------------------------------------+-----+-----------+-----+-----------+

    * Register: 
    +------------------------------------------------+----+----+-----+-----------+
    |                      Name                      | FF | LUT| Bits| Const Bits|
    +------------------------------------------------+----+----+-----+-----------+
    |acc_0_V_020_reg_353                             |  32|   0|   32|          0|
    |acc_1_V_019_reg_367                             |  32|   0|   32|          0|
    |acc_2_V_018_reg_381                             |  32|   0|   32|          0|
    |acc_3_V_017_reg_395                             |  32|   0|   32|          0|
    |ap_CS_fsm                                       |   2|   0|    2|          0|
    |ap_enable_reg_pp0_iter1                         |   1|   0|    1|          0|
    |ap_enable_reg_pp0_iter2                         |   1|   0|    1|          0|
    |ap_enable_reg_pp0_iter3                         |   1|   0|    1|          0|
    |ap_enable_reg_pp0_iter4                         |   1|   0|    1|          0|
    |ap_enable_reg_pp0_iter5                         |   1|   0|    1|          0|
    |ap_phi_reg_pp0_iter1_UnifiedRetVal_i_i_reg_223  |  16|   0|   16|          0|
    |ap_phi_reg_pp0_iter2_UnifiedRetVal_i_i_reg_223  |  16|   0|   16|          0|
    |ap_return_0_preg                                |  16|   0|   16|          0|
    |ap_return_1_preg                                |  16|   0|   16|          0|
    |ap_return_2_preg                                |  16|   0|   16|          0|
    |ap_return_3_preg                                |  16|   0|   16|          0|
    |icmp_ln129_reg_845                              |   1|   0|    1|          0|
    |icmp_ln148_reg_840                              |   1|   0|    1|          0|
    |in_index_0_i_i29_reg_208                        |  32|   0|   32|          0|
    |in_index_reg_835                                |  32|   0|   32|          0|
    |mul_ln728_reg_1013                              |  20|   0|   20|          0|
    |out_index_reg_849                               |   2|   0|    2|          0|
    |p_Val2_20_0_i28_reg_297                         |  32|   0|   32|          0|
    |p_Val2_20_1_i26_reg_311                         |  32|   0|   32|          0|
    |p_Val2_20_2_i24_reg_325                         |  32|   0|   32|          0|
    |p_Val2_20_3_i22_reg_339                         |  32|   0|   32|          0|
    |w2_V_load_reg_993                               |   6|   0|    6|          0|
    |w_index30_reg_194                               |   7|   0|    7|          0|
    |w_index_reg_825                                 |   7|   0|    7|          0|
    |icmp_ln129_reg_845                              |  64|  32|    1|          0|
    |out_index_reg_849                               |  64|  32|    2|          0|
    +------------------------------------------------+----+----+-----+-----------+
    |Total                                           | 595|  64|  470|          0|
    +------------------------------------------------+----+----+-----+-----------+



================================================================
== Interface
================================================================
* Summary: 
+--------------------+-----+-----+------------+----------------------------------------------------------------------------------+--------------+
|      RTL Ports     | Dir | Bits|  Protocol  |                                   Source Object                                  |    C Type    |
+--------------------+-----+-----+------------+----------------------------------------------------------------------------------+--------------+
|ap_clk              |  in |    1| ap_ctrl_hs | dense_resource<ap_fixed<16, 6, 5, 3, 0>, ap_fixed<16, 6, 5, 3, 0>, config2_mult> | return value |
|ap_rst              |  in |    1| ap_ctrl_hs | dense_resource<ap_fixed<16, 6, 5, 3, 0>, ap_fixed<16, 6, 5, 3, 0>, config2_mult> | return value |
|ap_start            |  in |    1| ap_ctrl_hs | dense_resource<ap_fixed<16, 6, 5, 3, 0>, ap_fixed<16, 6, 5, 3, 0>, config2_mult> | return value |
|ap_done             | out |    1| ap_ctrl_hs | dense_resource<ap_fixed<16, 6, 5, 3, 0>, ap_fixed<16, 6, 5, 3, 0>, config2_mult> | return value |
|ap_idle             | out |    1| ap_ctrl_hs | dense_resource<ap_fixed<16, 6, 5, 3, 0>, ap_fixed<16, 6, 5, 3, 0>, config2_mult> | return value |
|ap_ready            | out |    1| ap_ctrl_hs | dense_resource<ap_fixed<16, 6, 5, 3, 0>, ap_fixed<16, 6, 5, 3, 0>, config2_mult> | return value |
|ap_return_0         | out |   16| ap_ctrl_hs | dense_resource<ap_fixed<16, 6, 5, 3, 0>, ap_fixed<16, 6, 5, 3, 0>, config2_mult> | return value |
|ap_return_1         | out |   16| ap_ctrl_hs | dense_resource<ap_fixed<16, 6, 5, 3, 0>, ap_fixed<16, 6, 5, 3, 0>, config2_mult> | return value |
|ap_return_2         | out |   16| ap_ctrl_hs | dense_resource<ap_fixed<16, 6, 5, 3, 0>, ap_fixed<16, 6, 5, 3, 0>, config2_mult> | return value |
|ap_return_3         | out |   16| ap_ctrl_hs | dense_resource<ap_fixed<16, 6, 5, 3, 0>, ap_fixed<16, 6, 5, 3, 0>, config2_mult> | return value |
|kernel_data_V_0     |  in |   16|   ap_none  |                                  kernel_data_V_0                                 |    pointer   |
|kernel_data_V_1285  |  in |   16|   ap_none  |                                kernel_data_V_1285                                |    pointer   |
|kernel_data_V_2286  |  in |   16|   ap_none  |                                kernel_data_V_2286                                |    pointer   |
|kernel_data_V_3287  |  in |   16|   ap_none  |                                kernel_data_V_3287                                |    pointer   |
|kernel_data_V_4     |  in |   16|   ap_none  |                                  kernel_data_V_4                                 |    pointer   |
|kernel_data_V_5     |  in |   16|   ap_none  |                                  kernel_data_V_5                                 |    pointer   |
|kernel_data_V_6     |  in |   16|   ap_none  |                                  kernel_data_V_6                                 |    pointer   |
|kernel_data_V_7     |  in |   16|   ap_none  |                                  kernel_data_V_7                                 |    pointer   |
|kernel_data_V_8     |  in |   16|   ap_none  |                                  kernel_data_V_8                                 |    pointer   |
|kernel_data_V_9     |  in |   16|   ap_none  |                                  kernel_data_V_9                                 |    pointer   |
|kernel_data_V_10    |  in |   16|   ap_none  |                                 kernel_data_V_10                                 |    pointer   |
|kernel_data_V_11    |  in |   16|   ap_none  |                                 kernel_data_V_11                                 |    pointer   |
|kernel_data_V_12    |  in |   16|   ap_none  |                                 kernel_data_V_12                                 |    pointer   |
|kernel_data_V_13    |  in |   16|   ap_none  |                                 kernel_data_V_13                                 |    pointer   |
|kernel_data_V_14    |  in |   16|   ap_none  |                                 kernel_data_V_14                                 |    pointer   |
|kernel_data_V_15    |  in |   16|   ap_none  |                                 kernel_data_V_15                                 |    pointer   |
|kernel_data_V_16    |  in |   16|   ap_none  |                                 kernel_data_V_16                                 |    pointer   |
|kernel_data_V_17    |  in |   16|   ap_none  |                                 kernel_data_V_17                                 |    pointer   |
|kernel_data_V_18    |  in |   16|   ap_none  |                                 kernel_data_V_18                                 |    pointer   |
|kernel_data_V_19    |  in |   16|   ap_none  |                                 kernel_data_V_19                                 |    pointer   |
|kernel_data_V_20    |  in |   16|   ap_none  |                                 kernel_data_V_20                                 |    pointer   |
|kernel_data_V_21    |  in |   16|   ap_none  |                                 kernel_data_V_21                                 |    pointer   |
|kernel_data_V_22    |  in |   16|   ap_none  |                                 kernel_data_V_22                                 |    pointer   |
|kernel_data_V_23    |  in |   16|   ap_none  |                                 kernel_data_V_23                                 |    pointer   |
|kernel_data_V_24    |  in |   16|   ap_none  |                                 kernel_data_V_24                                 |    pointer   |
|kernel_data_V_25    |  in |   16|   ap_none  |                                 kernel_data_V_25                                 |    pointer   |
|kernel_data_V_26    |  in |   16|   ap_none  |                                 kernel_data_V_26                                 |    pointer   |
+--------------------+-----+-----+------------+----------------------------------------------------------------------------------+--------------+

