

================================================================
== Vivado HLS Report for 'pooling2d_cl_array_ap_ufixed_4u_array_ap_fixed_16_6_5_3_0_4u_config9_s'
================================================================
* Date:           Tue Apr  9 23:31:58 2024

* Version:        2019.2 (Build 2704478 on Wed Nov 06 22:10:23 MST 2019)
* Project:        myproject_prj
* Solution:       solution1
* Product family: zynq
* Target device:  xc7z020-clg400-1


================================================================
== Performance Estimates
================================================================
+ Timing: 
    * Summary: 
    +--------+---------+----------+------------+
    |  Clock |  Target | Estimated| Uncertainty|
    +--------+---------+----------+------------+
    |ap_clk  | 5.00 ns | 4.429 ns |   0.62 ns  |
    +--------+---------+----------+------------+

+ Latency: 
    * Summary: 
    +---------+---------+----------+----------+------+------+---------+
    |  Latency (cycles) |  Latency (absolute) |   Interval  | Pipeline|
    |   min   |   max   |    min   |    max   |  min |  max |   Type  |
    +---------+---------+----------+----------+------+------+---------+
    |     1686|     1686| 8.430 us | 8.430 us |  1686|  1686|   none  |
    +---------+---------+----------+----------+------+------+---------+

    + Detail: 
        * Instance: 
        N/A

        * Loop: 
        +----------------------------------+---------+---------+----------+-----------+-----------+------+----------+
        |                                  |  Latency (cycles) | Iteration|  Initiation Interval  | Trip |          |
        |             Loop Name            |   min   |   max   |  Latency |  achieved |   target  | Count| Pipelined|
        +----------------------------------+---------+---------+----------+-----------+-----------+------+----------+
        |- ReadInputHeight_ReadInputWidth  |     1684|     1684|         5|          2|          1|   841|    yes   |
        +----------------------------------+---------+---------+----------+-----------+-----------+------+----------+



================================================================
== Utilization Estimates
================================================================
* Summary: 
+-----------------+---------+-------+--------+-------+-----+
|       Name      | BRAM_18K| DSP48E|   FF   |  LUT  | URAM|
+-----------------+---------+-------+--------+-------+-----+
|DSP              |        -|      -|       -|      -|    -|
|Expression       |        -|      -|       0|    693|    -|
|FIFO             |        -|      -|       -|      -|    -|
|Instance         |        -|      -|       0|    260|    -|
|Memory           |        0|      -|     256|    128|    -|
|Multiplexer      |        -|      -|       -|    198|    -|
|Register         |        -|      -|     474|      -|    -|
+-----------------+---------+-------+--------+-------+-----+
|Total            |        0|      0|     730|   1279|    0|
+-----------------+---------+-------+--------+-------+-----+
|Available        |      280|    220|  106400|  53200|    0|
+-----------------+---------+-------+--------+-------+-----+
|Utilization (%)  |        0|      0|   ~0   |      2|    0|
+-----------------+---------+-------+--------+-------+-----+

+ Detail: 
    * Instance: 
    +----------------------------------+-----------------------------+---------+-------+---+----+-----+
    |             Instance             |            Module           | BRAM_18K| DSP48E| FF| LUT| URAM|
    +----------------------------------+-----------------------------+---------+-------+---+----+-----+
    |myproject_axi_mux_42_32_1_1_U195  |myproject_axi_mux_42_32_1_1  |        0|      0|  0|  65|    0|
    |myproject_axi_mux_42_32_1_1_U196  |myproject_axi_mux_42_32_1_1  |        0|      0|  0|  65|    0|
    |myproject_axi_mux_42_32_1_1_U197  |myproject_axi_mux_42_32_1_1  |        0|      0|  0|  65|    0|
    |myproject_axi_mux_42_32_1_1_U198  |myproject_axi_mux_42_32_1_1  |        0|      0|  0|  65|    0|
    +----------------------------------+-----------------------------+---------+-------+---+----+-----+
    |Total                             |                             |        0|      0|  0| 260|    0|
    +----------------------------------+-----------------------------+---------+-------+---+----+-----+

    * DSP48E: 
    N/A

    * Memory: 
    +-----------------------------+----------------------------------------------------------------------------------+---------+----+----+-----+------+-----+------+-------------+
    |            Memory           |                                      Module                                      | BRAM_18K| FF | LUT| URAM| Words| Bits| Banks| W*Bits*Banks|
    +-----------------------------+----------------------------------------------------------------------------------+---------+----+----+-----+------+-----+------+-------------+
    |line_buffer_Array_V_3_0_0_U  |pooling2d_cl_array_ap_ufixed_4u_array_ap_fixed_16_6_5_3_0_4u_config9_s_line_btde  |        0|  64|  32|    0|    29|    6|     1|          174|
    |line_buffer_Array_V_3_0_1_U  |pooling2d_cl_array_ap_ufixed_4u_array_ap_fixed_16_6_5_3_0_4u_config9_s_line_btde  |        0|  64|  32|    0|    29|    6|     1|          174|
    |line_buffer_Array_V_3_0_2_U  |pooling2d_cl_array_ap_ufixed_4u_array_ap_fixed_16_6_5_3_0_4u_config9_s_line_btde  |        0|  64|  32|    0|    29|    6|     1|          174|
    |line_buffer_Array_V_3_0_3_U  |pooling2d_cl_array_ap_ufixed_4u_array_ap_fixed_16_6_5_3_0_4u_config9_s_line_btde  |        0|  64|  32|    0|    29|    6|     1|          174|
    +-----------------------------+----------------------------------------------------------------------------------+---------+----+----+-----+------+-----+------+-------------+
    |Total                        |                                                                                  |        0| 256| 128|    0|   116|   24|     4|          696|
    +-----------------------------+----------------------------------------------------------------------------------+---------+----+----+-----+------+-----+------+-------------+

    * FIFO: 
    N/A

    * Expression: 
    +----------------------------------+----------+-------+---+----+------------+------------+
    |           Variable Name          | Operation| DSP48E| FF| LUT| Bitwidth P0| Bitwidth P1|
    +----------------------------------+----------+-------+---+----+------------+------------+
    |add_ln220_fu_590_p2               |     +    |      0|  0|  39|          32|           1|
    |add_ln222_fu_602_p2               |     +    |      0|  0|  39|          32|           1|
    |add_ln225_fu_546_p2               |     +    |      0|  0|  39|          32|           1|
    |add_ln227_fu_558_p2               |     +    |      0|  0|  39|          32|           1|
    |add_ln241_fu_176_p2               |     +    |      0|  0|  14|          10|           1|
    |and_ln191_1_fu_356_p2             |    and   |      0|  0|   2|           1|           1|
    |and_ln191_2_fu_362_p2             |    and   |      0|  0|   2|           1|           1|
    |and_ln191_fu_350_p2               |    and   |      0|  0|   2|           1|           1|
    |ap_block_pp0_stage0_01001         |    and   |      0|  0|   2|           1|           1|
    |ap_block_pp0_stage1_11001         |    and   |      0|  0|   2|           1|           1|
    |ap_block_state3_pp0_stage1_iter0  |    and   |      0|  0|   2|           1|           1|
    |ap_block_state6_pp0_stage0_iter2  |    and   |      0|  0|   2|           1|           1|
    |ap_condition_263                  |    and   |      0|  0|   2|           1|           1|
    |ap_condition_303                  |    and   |      0|  0|   2|           1|           1|
    |ap_condition_313                  |    and   |      0|  0|   2|           1|           1|
    |ap_condition_318                  |    and   |      0|  0|   2|           1|           1|
    |ap_condition_795                  |    and   |      0|  0|   2|           1|           1|
    |ap_condition_800                  |    and   |      0|  0|   2|           1|           1|
    |io_acc_block_signal_op154         |    and   |      0|  0|   2|           1|           1|
    |io_acc_block_signal_op21          |    and   |      0|  0|   2|           1|           1|
    |icmp_ln1496_10_fu_534_p2          |   icmp   |      0|  0|  13|          16|          16|
    |icmp_ln1496_11_fu_741_p2          |   icmp   |      0|  0|  13|          16|          16|
    |icmp_ln1496_1_fu_405_p2           |   icmp   |      0|  0|  13|          16|          16|
    |icmp_ln1496_2_fu_639_p2           |   icmp   |      0|  0|  13|          16|          16|
    |icmp_ln1496_3_fu_528_p2           |   icmp   |      0|  0|  13|          16|          16|
    |icmp_ln1496_4_fu_442_p2           |   icmp   |      0|  0|  13|          16|          16|
    |icmp_ln1496_5_fu_448_p2           |   icmp   |      0|  0|  13|          16|          16|
    |icmp_ln1496_6_fu_673_p2           |   icmp   |      0|  0|  13|          16|          16|
    |icmp_ln1496_7_fu_485_p2           |   icmp   |      0|  0|  13|          16|          16|
    |icmp_ln1496_8_fu_491_p2           |   icmp   |      0|  0|  13|          16|          16|
    |icmp_ln1496_9_fu_707_p2           |   icmp   |      0|  0|  13|          16|          16|
    |icmp_ln1496_fu_399_p2             |   icmp   |      0|  0|  13|          16|          16|
    |icmp_ln191_1_fu_324_p2            |   icmp   |      0|  0|  18|          32|           1|
    |icmp_ln191_2_fu_334_p2            |   icmp   |      0|  0|  18|          32|           1|
    |icmp_ln191_3_fu_344_p2            |   icmp   |      0|  0|  18|          32|           1|
    |icmp_ln191_fu_314_p2              |   icmp   |      0|  0|  18|          32|           1|
    |icmp_ln212_fu_540_p2              |   icmp   |      0|  0|  18|          32|           5|
    |icmp_ln216_fu_584_p2              |   icmp   |      0|  0|  18|          32|           5|
    |icmp_ln241_fu_170_p2              |   icmp   |      0|  0|  13|          10|           9|
    |ap_block_state1                   |    or    |      0|  0|   2|           1|           1|
    |select_ln222_fu_608_p3            |  select  |      0|  0|  32|           1|           1|
    |select_ln227_fu_564_p3            |  select  |      0|  0|  32|           1|           1|
    |select_ln65_10_fu_702_p3          |  select  |      0|  0|  16|           1|          16|
    |select_ln65_12_fu_724_p3          |  select  |      0|  0|  16|           1|          16|
    |select_ln65_13_fu_627_p3          |  select  |      0|  0|   3|           1|           2|
    |select_ln65_14_fu_736_p3          |  select  |      0|  0|  16|           1|          16|
    |select_ln65_15_fu_648_p3          |  select  |      0|  0|   2|           1|           2|
    |select_ln65_16_fu_661_p3          |  select  |      0|  0|   3|           1|           2|
    |select_ln65_17_fu_682_p3          |  select  |      0|  0|   2|           1|           2|
    |select_ln65_18_fu_695_p3          |  select  |      0|  0|   3|           1|           2|
    |select_ln65_19_fu_716_p3          |  select  |      0|  0|   2|           1|           2|
    |select_ln65_20_fu_729_p3          |  select  |      0|  0|   3|           1|           2|
    |select_ln65_21_fu_750_p3          |  select  |      0|  0|   2|           1|           2|
    |select_ln65_2_fu_634_p3           |  select  |      0|  0|  16|           1|          16|
    |select_ln65_4_fu_656_p3           |  select  |      0|  0|  16|           1|          16|
    |select_ln65_6_fu_668_p3           |  select  |      0|  0|  16|           1|          16|
    |select_ln65_8_fu_690_p3           |  select  |      0|  0|  16|           1|          16|
    |select_ln65_fu_622_p3             |  select  |      0|  0|  16|           1|          16|
    |ap_enable_pp0                     |    xor   |      0|  0|   2|           1|           2|
    +----------------------------------+----------+-------+---+----+------------+------------+
    |Total                             |          |      0|  0| 693|         567|         384|
    +----------------------------------+----------+-------+---+----+------------+------------+

    * Multiplexer: 
    +---------------------------------------------+----+-----------+-----+-----------+
    |                     Name                    | LUT| Input Size| Bits| Total Bits|
    +---------------------------------------------+----+-----------+-----+-----------+
    |ap_NS_fsm                                    |  27|          5|    1|          5|
    |ap_done                                      |   9|          2|    1|          2|
    |ap_enable_reg_pp0_iter2                      |   9|          2|    1|          2|
    |ap_phi_mux_indvar_flatten_phi_fu_152_p4      |   9|          2|   10|         20|
    |ap_phi_reg_pp0_iter1_storemerge_i_i_reg_159  |   9|          2|   32|         64|
    |ap_phi_reg_pp0_iter2_storemerge_i_i_reg_159  |   9|          2|   32|         64|
    |ap_sig_allocacmp_sY_load                     |   9|          2|   32|         64|
    |data_V_data_0_V_blk_n                        |   9|          2|    1|          2|
    |data_V_data_1_V_blk_n                        |   9|          2|    1|          2|
    |data_V_data_2_V_blk_n                        |   9|          2|    1|          2|
    |data_V_data_3_V_blk_n                        |   9|          2|    1|          2|
    |indvar_flatten_reg_148                       |   9|          2|   10|         20|
    |pX                                           |   9|          2|   32|         64|
    |pY                                           |   9|          2|   32|         64|
    |real_start                                   |   9|          2|    1|          2|
    |res_V_data_0_V_blk_n                         |   9|          2|    1|          2|
    |res_V_data_1_V_blk_n                         |   9|          2|    1|          2|
    |res_V_data_2_V_blk_n                         |   9|          2|    1|          2|
    |res_V_data_3_V_blk_n                         |   9|          2|    1|          2|
    |sX                                           |   9|          2|   32|         64|
    +---------------------------------------------+----+-----------+-----+-----------+
    |Total                                        | 198|         43|  224|        451|
    +---------------------------------------------+----+-----------+-----+-----------+

    * Register: 
    +---------------------------------------------+----+----+-----+-----------+
    |                     Name                    | FF | LUT| Bits| Const Bits|
    +---------------------------------------------+----+----+-----+-----------+
    |add_ln241_reg_917                            |  10|   0|   10|          0|
    |and_ln191_2_reg_950                          |   1|   0|    1|          0|
    |ap_CS_fsm                                    |   4|   0|    4|          0|
    |ap_done_reg                                  |   1|   0|    1|          0|
    |ap_enable_reg_pp0_iter0                      |   1|   0|    1|          0|
    |ap_enable_reg_pp0_iter1                      |   1|   0|    1|          0|
    |ap_enable_reg_pp0_iter2                      |   1|   0|    1|          0|
    |ap_phi_reg_pp0_iter1_storemerge_i_i_reg_159  |  32|   0|   32|          0|
    |ap_phi_reg_pp0_iter2_storemerge_i_i_reg_159  |  32|   0|   32|          0|
    |icmp_ln1496_10_reg_1092                      |   1|   0|    1|          0|
    |icmp_ln1496_1_reg_984                        |   1|   0|    1|          0|
    |icmp_ln1496_3_reg_1086                       |   1|   0|    1|          0|
    |icmp_ln1496_4_reg_1014                       |   1|   0|    1|          0|
    |icmp_ln1496_5_reg_1020                       |   1|   0|    1|          0|
    |icmp_ln1496_7_reg_1050                       |   1|   0|    1|          0|
    |icmp_ln1496_8_reg_1056                       |   1|   0|    1|          0|
    |icmp_ln1496_reg_978                          |   1|   0|    1|          0|
    |icmp_ln212_reg_1098                          |   1|   0|    1|          0|
    |icmp_ln216_reg_1107                          |   1|   0|    1|          0|
    |icmp_ln241_reg_913                           |   1|   0|    1|          0|
    |icmp_ln241_reg_913_pp0_iter1_reg             |   1|   0|    1|          0|
    |indvar_flatten_reg_148                       |  10|   0|   10|          0|
    |kernel_data_V_3_12                           |   6|   0|    6|          0|
    |kernel_data_V_3_13                           |   6|   0|    6|          0|
    |kernel_data_V_3_14                           |   6|   0|    6|          0|
    |kernel_data_V_3_15                           |   6|   0|    6|          0|
    |kernel_data_V_3_4                            |   6|   0|    6|          0|
    |kernel_data_V_3_5                            |   6|   0|    6|          0|
    |kernel_data_V_3_6                            |   6|   0|    6|          0|
    |kernel_data_V_3_7                            |   6|   0|    6|          0|
    |pX                                           |  32|   0|   32|          0|
    |pY                                           |  32|   0|   32|          0|
    |pool_window_0_V_2_reg_990                    |   6|   0|   16|         10|
    |pool_window_0_V_4_reg_1026                   |   6|   0|   16|         10|
    |pool_window_0_V_6_reg_1062                   |   6|   0|   16|         10|
    |pool_window_0_V_reg_954                      |   6|   0|   16|         10|
    |pool_window_1_V_2_reg_996                    |   6|   0|   16|         10|
    |pool_window_1_V_4_reg_1032                   |   6|   0|   16|         10|
    |pool_window_1_V_6_reg_1068                   |   6|   0|   16|         10|
    |pool_window_1_V_reg_960                      |   6|   0|   16|         10|
    |pool_window_2_V_2_reg_1002                   |   6|   0|   16|         10|
    |pool_window_2_V_4_reg_1038                   |   6|   0|   16|         10|
    |pool_window_2_V_6_reg_1074                   |   6|   0|   16|         10|
    |pool_window_2_V_reg_966                      |   6|   0|   16|         10|
    |pool_window_3_V_2_reg_1008                   |   6|   0|   16|         10|
    |pool_window_3_V_4_reg_1044                   |   6|   0|   16|         10|
    |pool_window_3_V_6_reg_1080                   |   6|   0|   16|         10|
    |pool_window_3_V_reg_972                      |   6|   0|   16|         10|
    |sX                                           |  32|   0|   32|          0|
    |sY                                           |  32|   0|   32|          0|
    |select_ln222_reg_1111                        |  32|   0|   32|          0|
    |select_ln227_reg_1102                        |  32|   0|   32|          0|
    |select_ln65_15_reg_1116                      |   2|   0|    2|          0|
    |select_ln65_17_reg_1121                      |   2|   0|    2|          0|
    |select_ln65_19_reg_1126                      |   2|   0|    2|          0|
    |select_ln65_21_reg_1131                      |   2|   0|    2|          0|
    |start_once_reg                               |   1|   0|    1|          0|
    |tmp_data_0_V_3_reg_922                       |   6|   0|    6|          0|
    |tmp_data_1_V_3_reg_929                       |   6|   0|    6|          0|
    |tmp_data_2_V_3_reg_936                       |   6|   0|    6|          0|
    |tmp_data_3_V_3_reg_943                       |   6|   0|    6|          0|
    +---------------------------------------------+----+----+-----+-----------+
    |Total                                        | 474|   0|  634|        160|
    +---------------------------------------------+----+----+-----+-----------+



================================================================
== Interface
================================================================
* Summary: 
+-------------------------+-----+-----+------------+--------------------------------------------------------------------------+--------------+
|        RTL Ports        | Dir | Bits|  Protocol  |                               Source Object                              |    C Type    |
+-------------------------+-----+-----+------------+--------------------------------------------------------------------------+--------------+
|ap_clk                   |  in |    1| ap_ctrl_hs | pooling2d_cl<array<ap_ufixed,4u>,array<ap_fixed<16,6,5,3,0>,4u>,config9> | return value |
|ap_rst                   |  in |    1| ap_ctrl_hs | pooling2d_cl<array<ap_ufixed,4u>,array<ap_fixed<16,6,5,3,0>,4u>,config9> | return value |
|ap_start                 |  in |    1| ap_ctrl_hs | pooling2d_cl<array<ap_ufixed,4u>,array<ap_fixed<16,6,5,3,0>,4u>,config9> | return value |
|start_full_n             |  in |    1| ap_ctrl_hs | pooling2d_cl<array<ap_ufixed,4u>,array<ap_fixed<16,6,5,3,0>,4u>,config9> | return value |
|ap_done                  | out |    1| ap_ctrl_hs | pooling2d_cl<array<ap_ufixed,4u>,array<ap_fixed<16,6,5,3,0>,4u>,config9> | return value |
|ap_continue              |  in |    1| ap_ctrl_hs | pooling2d_cl<array<ap_ufixed,4u>,array<ap_fixed<16,6,5,3,0>,4u>,config9> | return value |
|ap_idle                  | out |    1| ap_ctrl_hs | pooling2d_cl<array<ap_ufixed,4u>,array<ap_fixed<16,6,5,3,0>,4u>,config9> | return value |
|ap_ready                 | out |    1| ap_ctrl_hs | pooling2d_cl<array<ap_ufixed,4u>,array<ap_fixed<16,6,5,3,0>,4u>,config9> | return value |
|start_out                | out |    1| ap_ctrl_hs | pooling2d_cl<array<ap_ufixed,4u>,array<ap_fixed<16,6,5,3,0>,4u>,config9> | return value |
|start_write              | out |    1| ap_ctrl_hs | pooling2d_cl<array<ap_ufixed,4u>,array<ap_fixed<16,6,5,3,0>,4u>,config9> | return value |
|data_V_data_0_V_dout     |  in |    6|   ap_fifo  |                              data_V_data_0_V                             |    pointer   |
|data_V_data_0_V_empty_n  |  in |    1|   ap_fifo  |                              data_V_data_0_V                             |    pointer   |
|data_V_data_0_V_read     | out |    1|   ap_fifo  |                              data_V_data_0_V                             |    pointer   |
|data_V_data_1_V_dout     |  in |    6|   ap_fifo  |                              data_V_data_1_V                             |    pointer   |
|data_V_data_1_V_empty_n  |  in |    1|   ap_fifo  |                              data_V_data_1_V                             |    pointer   |
|data_V_data_1_V_read     | out |    1|   ap_fifo  |                              data_V_data_1_V                             |    pointer   |
|data_V_data_2_V_dout     |  in |    6|   ap_fifo  |                              data_V_data_2_V                             |    pointer   |
|data_V_data_2_V_empty_n  |  in |    1|   ap_fifo  |                              data_V_data_2_V                             |    pointer   |
|data_V_data_2_V_read     | out |    1|   ap_fifo  |                              data_V_data_2_V                             |    pointer   |
|data_V_data_3_V_dout     |  in |    6|   ap_fifo  |                              data_V_data_3_V                             |    pointer   |
|data_V_data_3_V_empty_n  |  in |    1|   ap_fifo  |                              data_V_data_3_V                             |    pointer   |
|data_V_data_3_V_read     | out |    1|   ap_fifo  |                              data_V_data_3_V                             |    pointer   |
|res_V_data_0_V_din       | out |   16|   ap_fifo  |                              res_V_data_0_V                              |    pointer   |
|res_V_data_0_V_full_n    |  in |    1|   ap_fifo  |                              res_V_data_0_V                              |    pointer   |
|res_V_data_0_V_write     | out |    1|   ap_fifo  |                              res_V_data_0_V                              |    pointer   |
|res_V_data_1_V_din       | out |   16|   ap_fifo  |                              res_V_data_1_V                              |    pointer   |
|res_V_data_1_V_full_n    |  in |    1|   ap_fifo  |                              res_V_data_1_V                              |    pointer   |
|res_V_data_1_V_write     | out |    1|   ap_fifo  |                              res_V_data_1_V                              |    pointer   |
|res_V_data_2_V_din       | out |   16|   ap_fifo  |                              res_V_data_2_V                              |    pointer   |
|res_V_data_2_V_full_n    |  in |    1|   ap_fifo  |                              res_V_data_2_V                              |    pointer   |
|res_V_data_2_V_write     | out |    1|   ap_fifo  |                              res_V_data_2_V                              |    pointer   |
|res_V_data_3_V_din       | out |   16|   ap_fifo  |                              res_V_data_3_V                              |    pointer   |
|res_V_data_3_V_full_n    |  in |    1|   ap_fifo  |                              res_V_data_3_V                              |    pointer   |
|res_V_data_3_V_write     | out |    1|   ap_fifo  |                              res_V_data_3_V                              |    pointer   |
+-------------------------+-----+-----+------------+--------------------------------------------------------------------------+--------------+

