3.969679594039917 3.954017400741577
3.9337406158447266 3.9444963932037354
3.899020195007324 3.9192473888397217
3.8218111991882324 3.8328418731689453
3.689203977584839 3.7647297382354736
3.5561492443084717 3.6436963081359863
3.439295530319214 3.577850818634033
3.359506130218506 3.523825168609619
3.260136365890503 3.4477972984313965
3.172276258468628 3.4062347412109375
3.1020760536193848 3.3311426639556885
3.032548189163208 3.3127241134643555
2.9648513793945312 3.2507753372192383
2.8853976726531982 3.190997362136841
2.808481216430664 3.1384427547454834
2.744837760925293 3.080328941345215
2.664834499359131 3.0337202548980713
2.5902931690216064 3.016944408416748
2.5189449787139893 2.9512219429016113
2.4524927139282227 2.9168596267700195
2.3922877311706543 2.8992180824279785
2.3218164443969727 2.8584647178649902
2.2694008350372314 2.798069953918457
2.17158579826355 2.758812427520752
2.1055476665496826 2.714421510696411
2.0365376472473145 2.6522061824798584
1.9735815525054932 2.6409313678741455
1.9191464185714722 2.5872061252593994
1.8557127714157104 2.5677778720855713
1.8140122890472412 2.530323028564453
1.7579385042190552 2.5310330390930176
1.6903719902038574 2.462193727493286
1.6297987699508667 2.4084458351135254
1.584535002708435 2.371025562286377
1.5451229810714722 2.3735289573669434
1.4945719242095947 2.353543758392334
1.450081467628479 2.3155391216278076
1.399222493171692 2.3223304748535156
1.3591655492782593 2.2978339195251465
1.3174331188201904 2.2334227561950684
1.2824556827545166 2.2283785343170166
1.2402459383010864 2.224182367324829
1.201174259185791 2.2232279777526855
1.1694635152816772 2.2006726264953613
1.135929822921753 2.1726815700531006
1.1043328046798706 2.1616644859313965
1.0900111198425293 2.1515698432922363
1.0507546663284302 2.1547298431396484
1.0269790887832642 2.1553385257720947
1.0035779476165771 2.1388819217681885
