#
# An unexpected error has occurred (11)
#
Stack:
/lib/x86_64-linux-gnu/libc.so.6(+0x3ef10) [0x7f8fe736cf10]
/opt/xilinx/Vivado/2019.2/lib/lnx64.o/libLLVM-3.1.so(llvm::FoldingSetImpl::RemoveNode(llvm::FoldingSetImpl::Node*)+0x3f) [0x7f8fd589bccf]
/opt/xilinx/Vivado/2019.2/lib/lnx64.o/libLLVM-3.1.so(llvm::SCEVUnknown::deleted()+0x2c) [0x7f8fd5ade92c]
/opt/xilinx/Vivado/2019.2/lib/lnx64.o/libLLVM-3.1.so(llvm::ValueHandleBase::ValueIsDeleted(llvm::Value*)+0x1fb) [0x7f8fd527afeb]
/opt/xilinx/Vivado/2019.2/lib/lnx64.o/libLLVM-3.1.so(llvm::Value::~Value()+0x3d) [0x7f8fd527b51d]
/opt/xilinx/Vivado/2019.2/lib/lnx64.o/libLLVM-3.1.so(llvm::PHINode::~PHINode()+0x9) [0x7f8fd52461a9]
/opt/xilinx/Vivado/2019.2/lib/lnx64.o/libLLVM-3.1.so(llvm::BasicBlock::~BasicBlock()+0xc4) [0x7f8fd51cc394]
/opt/xilinx/Vivado/2019.2/lib/lnx64.o/libLLVM-3.1.so(llvm::BasicBlock::eraseFromParent()+0x78) [0x7f8fd51cce88]
/opt/xilinx/Vivado/2019.2/lib/lnx64.o/libLLVM-3.1.so(llvm::Function::dropAllReferences()+0x42) [0x7f8fd51fe052]
/opt/xilinx/Vivado/2019.2/lib/lnx64.o/libLLVM-3.1.so(llvm::Module::dropAllReferences()+0x20) [0x7f8fd525c700]
/opt/xilinx/Vivado/2019.2/lib/lnx64.o/libLLVM-3.1.so(llvm::Module::~Module()+0x28) [0x7f8fd525c828]
/opt/xilinx/Vivado/2019.2/lib/lnx64.o/libhls_hwsyn.so(ssdm::ModuleLib::~ModuleLib()+0x7b) [0x7f8fcf93cd4b]
/opt/xilinx/Vivado/2019.2/lib/lnx64.o/libhls_hwsyn.so(xpcl::SynManager::cleanupModuleLibs()+0x91) [0x7f8fcf9f29b1]
/opt/xilinx/Vivado/2019.2/lib/lnx64.o/libhls_hwsyn.so(xpcl::SynManager::cleanupAll()+0x19) [0x7f8fcf9f5649]
/opt/xilinx/Vivado/2019.2/lib/lnx64.o/libhls_main.so(+0xf725a) [0x7f8fd66be25a]
/opt/xilinx/Vivado/2019.2/lib/lnx64.o/libhls_support.so(xpcl::TclCommand::callbackInternal(int, Tcl_Obj* const*)+0x24c) [0x7f8fd638f8ac]
/opt/xilinx/Vivado/2019.2/lib/lnx64.o/libhls_support.so(xpcl::TclCommand::callback(int, Tcl_Obj* const*)+0x2b) [0x7f8fd6394ceb]
/opt/xilinx/Vivado/2019.2/lib/lnx64.o/libtcl8.5.so(+0x334af) [0x7f8fe2b8f4af]
/opt/xilinx/Vivado/2019.2/lib/lnx64.o/libtcl8.5.so(+0x76875) [0x7f8fe2bd2875]
/opt/xilinx/Vivado/2019.2/lib/lnx64.o/libtcl8.5.so(TclObjInterpProcCore+0x420) [0x7f8fe2c13df0]
/opt/xilinx/Vivado/2019.2/lib/lnx64.o/libtcl8.5.so(+0x334af) [0x7f8fe2b8f4af]
/opt/xilinx/Vivado/2019.2/lib/lnx64.o/libtcl8.5.so(+0x76875) [0x7f8fe2bd2875]
/opt/xilinx/Vivado/2019.2/lib/lnx64.o/libtcl8.5.so(TclObjInterpProcCore+0x420) [0x7f8fe2c13df0]
/opt/xilinx/Vivado/2019.2/lib/lnx64.o/libtcl8.5.so(+0x334af) [0x7f8fe2b8f4af]
/opt/xilinx/Vivado/2019.2/lib/lnx64.o/libtcl8.5.so(+0x34b38) [0x7f8fe2b90b38]
/opt/xilinx/Vivado/2019.2/lib/lnx64.o/libtcl8.5.so(Tcl_EvalEx+0x13) [0x7f8fe2b910a3]
/opt/xilinx/Vivado/2019.2/lib/lnx64.o/libtcl8.5.so(Tcl_Eval+0x15) [0x7f8fe2b910c5]
/opt/xilinx/Vivado/2019.2/lib/lnx64.o/libhls_support.so(+0x75ac0) [0x7f8fd6390ac0]
/opt/xilinx/Vivado/2019.2/lib/lnx64.o/libtcl8.5.so(Tcl_Finalize+0x49) [0x7f8fe2bd0199]
/opt/xilinx/Vivado/2019.2/lib/lnx64.o/libtcl8.5.so(Tcl_Exit+0x4a) [0x7f8fe2bd034a]
/opt/xilinx/Vivado/2019.2/lib/lnx64.o/libtcl8.5.so(+0x3b41f) [0x7f8fe2b9741f]
/opt/xilinx/Vivado/2019.2/lib/lnx64.o/libtcl8.5.so(+0x334af) [0x7f8fe2b8f4af]
/opt/xilinx/Vivado/2019.2/lib/lnx64.o/libtcl8.5.so(+0x76875) [0x7f8fe2bd2875]
/opt/xilinx/Vivado/2019.2/lib/lnx64.o/libtcl8.5.so(+0x7e029) [0x7f8fe2bda029]
/opt/xilinx/Vivado/2019.2/lib/lnx64.o/libtcl8.5.so(TclEvalObjEx+0x76) [0x7f8fe2b91156]
/opt/xilinx/Vivado/2019.2/lib/lnx64.o/librdi_commontasks.so(+0x2959b2) [0x7f8fd76e29b2]
/opt/xilinx/Vivado/2019.2/lib/lnx64.o/libtcl8.5.so(+0x334af) [0x7f8fe2b8f4af]
/opt/xilinx/Vivado/2019.2/lib/lnx64.o/libtcl8.5.so(+0x76875) [0x7f8fe2bd2875]
/opt/xilinx/Vivado/2019.2/lib/lnx64.o/libtcl8.5.so(TclObjInterpProcCore+0x420) [0x7f8fe2c13df0]
/opt/xilinx/Vivado/2019.2/lib/lnx64.o/libtcl8.5.so(+0x334af) [0x7f8fe2b8f4af]
/opt/xilinx/Vivado/2019.2/lib/lnx64.o/libtcl8.5.so(+0x76875) [0x7f8fe2bd2875]
/opt/xilinx/Vivado/2019.2/lib/lnx64.o/libtcl8.5.so(TclObjInterpProcCore+0x420) [0x7f8fe2c13df0]
/opt/xilinx/Vivado/2019.2/lib/lnx64.o/libtcl8.5.so(+0x334af) [0x7f8fe2b8f4af]
/opt/xilinx/Vivado/2019.2/lib/lnx64.o/libtcl8.5.so(+0x76875) [0x7f8fe2bd2875]
/opt/xilinx/Vivado/2019.2/lib/lnx64.o/libtcl8.5.so(+0x7e029) [0x7f8fe2bda029]
/opt/xilinx/Vivado/2019.2/lib/lnx64.o/libtcl8.5.so(TclEvalObjEx+0x76) [0x7f8fe2b91156]
/opt/xilinx/Vivado/2019.2/lib/lnx64.o/librdi_commontasks.so(+0x294b57) [0x7f8fd76e1b57]
/opt/xilinx/Vivado/2019.2/lib/lnx64.o/libtcl8.5.so(+0x334af) [0x7f8fe2b8f4af]
/opt/xilinx/Vivado/2019.2/lib/lnx64.o/libtcl8.5.so(+0x76875) [0x7f8fe2bd2875]
/opt/xilinx/Vivado/2019.2/lib/lnx64.o/libtcl8.5.so(Tcl_ExprObj+0xf8) [0x7f8fe2bd9c08]
/opt/xilinx/Vivado/2019.2/lib/lnx64.o/libtcl8.5.so(Tcl_ExprBooleanObj+0x16) [0x7f8fe2b8fe96]
/opt/xilinx/Vivado/2019.2/lib/lnx64.o/libtcl8.5.so(+0x3e6de) [0x7f8fe2b9a6de]
/opt/xilinx/Vivado/2019.2/lib/lnx64.o/libtcl8.5.so(+0x334af) [0x7f8fe2b8f4af]
/opt/xilinx/Vivado/2019.2/lib/lnx64.o/libtcl8.5.so(+0x34b38) [0x7f8fe2b90b38]
/opt/xilinx/Vivado/2019.2/lib/lnx64.o/libtcl8.5.so(Tcl_EvalEx+0x13) [0x7f8fe2b910a3]
/opt/xilinx/Vivado/2019.2/lib/lnx64.o/libtcl8.5.so(Tcl_Eval+0x15) [0x7f8fe2b910c5]
/opt/xilinx/Vivado/2019.2/lib/lnx64.o/libhls_main.so(+0xae482) [0x7f8fd6675482]
/opt/xilinx/Vivado/2019.2/lib/lnx64.o/libhls_support.so(xpcl::TclCommand::callbackInternal(int, Tcl_Obj* const*)+0x24c) [0x7f8fd638f8ac]
/opt/xilinx/Vivado/2019.2/lib/lnx64.o/libhls_support.so(xpcl::TclCommand::callback(int, Tcl_Obj* const*)+0x2b) [0x7f8fd6394ceb]
/opt/xilinx/Vivado/2019.2/lib/lnx64.o/libtcl8.5.so(+0x334af) [0x7f8fe2b8f4af]
/opt/xilinx/Vivado/2019.2/lib/lnx64.o/libtcl8.5.so(+0x34b38) [0x7f8fe2b90b38]
/opt/xilinx/Vivado/2019.2/lib/lnx64.o/libtcl8.5.so(Tcl_EvalEx+0x13) [0x7f8fe2b910a3]
/opt/xilinx/Vivado/2019.2/lib/lnx64.o/libtcl8.5.so(TclEvalObjEx+0x1e0) [0x7f8fe2b912c0]
/opt/xilinx/Vivado/2019.2/lib/lnx64.o/libtcl8.5.so(+0x3b375) [0x7f8fe2b97375]
/opt/xilinx/Vivado/2019.2/lib/lnx64.o/libtcl8.5.so(+0x334af) [0x7f8fe2b8f4af]
/opt/xilinx/Vivado/2019.2/lib/lnx64.o/libtcl8.5.so(+0x76875) [0x7f8fe2bd2875]
/opt/xilinx/Vivado/2019.2/lib/lnx64.o/libtcl8.5.so(+0x7e029) [0x7f8fe2bda029]
/opt/xilinx/Vivado/2019.2/lib/lnx64.o/libtcl8.5.so(TclEvalObjEx+0x76) [0x7f8fe2b91156]
/opt/xilinx/Vivado/2019.2/lib/lnx64.o/librdi_commontasks.so(+0x294b57) [0x7f8fd76e1b57]
/opt/xilinx/Vivado/2019.2/lib/lnx64.o/libtcl8.5.so(+0x334af) [0x7f8fe2b8f4af]
/opt/xilinx/Vivado/2019.2/lib/lnx64.o/libtcl8.5.so(+0x76875) [0x7f8fe2bd2875]
/opt/xilinx/Vivado/2019.2/lib/lnx64.o/libtcl8.5.so(TclObjInterpProcCore+0x420) [0x7f8fe2c13df0]
/opt/xilinx/Vivado/2019.2/lib/lnx64.o/libtcl8.5.so(+0x334af) [0x7f8fe2b8f4af]
/opt/xilinx/Vivado/2019.2/lib/lnx64.o/libtcl8.5.so(+0x76875) [0x7f8fe2bd2875]
/opt/xilinx/Vivado/2019.2/lib/lnx64.o/libtcl8.5.so(TclObjInterpProcCore+0x420) [0x7f8fe2c13df0]
/opt/xilinx/Vivado/2019.2/lib/lnx64.o/libtcl8.5.so(+0x334af) [0x7f8fe2b8f4af]
/opt/xilinx/Vivado/2019.2/lib/lnx64.o/libtcl8.5.so(+0x34b38) [0x7f8fe2b90b38]
/opt/xilinx/Vivado/2019.2/lib/lnx64.o/libtcl8.5.so(Tcl_EvalEx+0x13) [0x7f8fe2b910a3]
/opt/xilinx/Vivado/2019.2/lib/lnx64.o/libtcl8.5.so(Tcl_Eval+0x15) [0x7f8fe2b910c5]
/opt/xilinx/Vivado/2019.2/lib/lnx64.o/libhls_support.so(+0x71b74) [0x7f8fd638cb74]
/opt/xilinx/Vivado/2019.2/lib/lnx64.o/libhls_support.so(xpcl::TclManager::tclMain(Tcl_Interp*)+0xc) [0x7f8fd638cc6c]
/opt/xilinx/Vivado/2019.2/lib/lnx64.o/librdi_hlstasks.so(+0xf2ef) [0x7f8fde6e42ef]
/opt/xilinx/Vivado/2019.2/lib/lnx64.o/librdi_common.so(+0x86eca2) [0x7f8fe873fca2]
/opt/xilinx/Vivado/2019.2/lib/lnx64.o/libtcl8.5.so(+0x334af) [0x7f8fe2b8f4af]
/opt/xilinx/Vivado/2019.2/lib/lnx64.o/libtcl8.5.so(+0x34b38) [0x7f8fe2b90b38]
/opt/xilinx/Vivado/2019.2/lib/lnx64.o/libtcl8.5.so(Tcl_EvalEx+0x13) [0x7f8fe2b910a3]
/opt/xilinx/Vivado/2019.2/lib/lnx64.o/libtcl8.5.so(TclEvalObjEx+0x3cf) [0x7f8fe2b914af]
/opt/xilinx/Vivado/2019.2/lib/lnx64.o/libtcl8.5.so(+0xb74a9) [0x7f8fe2c134a9]
/opt/xilinx/Vivado/2019.2/lib/lnx64.o/libtcl8.5.so(+0x334af) [0x7f8fe2b8f4af]
/opt/xilinx/Vivado/2019.2/lib/lnx64.o/libtcl8.5.so(+0x76875) [0x7f8fe2bd2875]
/opt/xilinx/Vivado/2019.2/lib/lnx64.o/libtcl8.5.so(TclObjInterpProcCore+0x420) [0x7f8fe2c13df0]
/opt/xilinx/Vivado/2019.2/lib/lnx64.o/libtcl8.5.so(+0x334af) [0x7f8fe2b8f4af]
/opt/xilinx/Vivado/2019.2/lib/lnx64.o/libtcl8.5.so(+0x76875) [0x7f8fe2bd2875]
/opt/xilinx/Vivado/2019.2/lib/lnx64.o/libtcl8.5.so(+0x7e029) [0x7f8fe2bda029]
/opt/xilinx/Vivado/2019.2/lib/lnx64.o/libtcl8.5.so(TclEvalObjEx+0x76) [0x7f8fe2b91156]
/opt/xilinx/Vivado/2019.2/lib/lnx64.o/librdi_commontasks.so(+0x294bf4) [0x7f8fd76e1bf4]
/opt/xilinx/Vivado/2019.2/lib/lnx64.o/libtcl8.5.so(+0x334af) [0x7f8fe2b8f4af]
/opt/xilinx/Vivado/2019.2/lib/lnx64.o/libtcl8.5.so(+0x34b38) [0x7f8fe2b90b38]
/opt/xilinx/Vivado/2019.2/lib/lnx64.o/libtcl8.5.so(+0xad486) [0x7f8fe2c09486]
/opt/xilinx/Vivado/2019.2/lib/lnx64.o/libtcl8.5.so(+0x346c5) [0x7f8fe2b906c5]
/opt/xilinx/Vivado/2019.2/lib/lnx64.o/libtcl8.5.so(Tcl_EvalEx+0x13) [0x7f8fe2b910a3]
/opt/xilinx/Vivado/2019.2/lib/lnx64.o/libtcl8.5.so(Tcl_FSEvalFileEx+0x1da) [0x7f8fe2bf5c5a]
/opt/xilinx/Vivado/2019.2/lib/lnx64.o/librdi_commontasks.so(+0x2b1d8d) [0x7f8fd76fed8d]
/opt/xilinx/Vivado/2019.2/lib/lnx64.o/librdi_common.so(+0x86eca2) [0x7f8fe873fca2]
/opt/xilinx/Vivado/2019.2/lib/lnx64.o/libtcl8.5.so(+0x334af) [0x7f8fe2b8f4af]
/opt/xilinx/Vivado/2019.2/lib/lnx64.o/libtcl8.5.so(Tcl_EvalObjv+0x32) [0x7f8fe2b8f5e2]
/opt/xilinx/Vivado/2019.2/lib/lnx64.o/libtcl8.5.so(TclEvalObjEx+0x322) [0x7f8fe2b91402]
/opt/xilinx/Vivado/2019.2/lib/lnx64.o/librdi_commontasks.so(+0x2de870) [0x7f8fd772b870]
/opt/xilinx/Vivado/2019.2/lib/lnx64.o/librdi_commontasks.so(+0x2e011e) [0x7f8fd772d11e]
/opt/xilinx/Vivado/2019.2/lib/lnx64.o/librdi_common.so(+0x86eca2) [0x7f8fe873fca2]
/opt/xilinx/Vivado/2019.2/lib/lnx64.o/libtcl8.5.so(+0x334af) [0x7f8fe2b8f4af]
/opt/xilinx/Vivado/2019.2/lib/lnx64.o/libtcl8.5.so(Tcl_EvalObjv+0x32) [0x7f8fe2b8f5e2]
/opt/xilinx/Vivado/2019.2/lib/lnx64.o/libtcl8.5.so(TclEvalObjEx+0x322) [0x7f8fe2b91402]
/opt/xilinx/Vivado/2019.2/lib/lnx64.o/librdi_commonmain.so(+0x7af3) [0x7f8fe7ccaaf3]
/opt/xilinx/Vivado/2019.2/lib/lnx64.o/libtcl8.5.so(Tcl_Main+0x1d0) [0x7f8fe2bfc210]
/opt/xilinx/Vivado/2019.2/lib/lnx64.o/librdi_common.so(+0x8b30cb) [0x7f8fe87840cb]
/lib/x86_64-linux-gnu/libpthread.so.0(+0x76db) [0x7f8fe0b1a6db]
/lib/x86_64-linux-gnu/libc.so.6(clone+0x3f) [0x7f8fe744f61f]
