#-----------------------------------------------------------
# Vivado v2019.2 (64-bit)
# SW Build 2708876 on Wed Nov  6 21:39:14 MST 2019
# IP Build 2700528 on Thu Nov  7 00:09:20 MST 2019
# Start of session at: Thu Apr 11 15:42:34 2024
# Process ID: 26379
# Current directory: /home/esp2024/rht2122/PokerML/PokerML/projects/qat_hls4ml_prj_Rank
# Command line: vivado -source design.tcl
# Log file: /home/esp2024/rht2122/PokerML/PokerML/projects/qat_hls4ml_prj_Rank/vivado.log
# Journal file: /home/esp2024/rht2122/PokerML/PokerML/projects/qat_hls4ml_prj_Rank/vivado.jou
#-----------------------------------------------------------
start_gui
source design.tcl
# set tcldir [file dirname [info script]]
# source [file join $tcldir project.tcl]
## variable project_name
## set project_name "myproject"
## variable backend
## set backend "vivadoaccelerator"
## variable part
## set part "xc7z020clg400-1"
## variable clock_period
## set clock_period 5
## variable clock_uncertainty
## set clock_uncertainty 12.5%
## variable version
## set version "1.0.0"
## set bit_width_hls_output 32
## set bit_width_hls_input 32
# create_project project_1 ${project_name}_vivado_accelerator -part xc7z020clg400-1 -force
INFO: [IP_Flow 19-234] Refreshing IP repositories
INFO: [IP_Flow 19-1704] No user IP repositories specified
INFO: [IP_Flow 19-2313] Loaded Vivado IP repository '/opt/xilinx/Vivado/2019.2/data/ip'.
create_project: Time (s): cpu = 00:00:26 ; elapsed = 00:00:11 . Memory (MB): peak = 6632.516 ; gain = 195.176 ; free physical = 13178 ; free virtual = 33486
# set_property board_part tul.com.tw:pynq-z2:part0:1.0 [current_project]
ERROR: [Board 49-71] The board_part definition was not found for tul.com.tw:pynq-z2:part0:1.0. The project's board_part property was not set, but the project's part property was set to xc7z020clg400-1. Valid board_part values can be retrieved with the 'get_board_parts' Tcl command. Check if board.repoPaths parameter is set and the board_part is installed from the tcl app store.
