3.9484200477600098 3.9258854389190674
3.869584321975708 3.883615016937256
3.7681379318237305 3.817025899887085
3.6343255043029785 3.753131628036499
3.5036983489990234 3.649670362472534
3.3688807487487793 3.581113815307617
3.2524006366729736 3.490656614303589
3.1375255584716797 3.4386231899261475
3.013298988342285 3.361021041870117
2.908064365386963 3.281904458999634
2.796605110168457 3.2427072525024414
2.686502456665039 3.1747400760650635
2.595186233520508 3.1409056186676025
2.5005416870117188 3.0473525524139404
2.4119789600372314 2.9905879497528076
2.3068294525146484 2.958167314529419
2.2150371074676514 2.8944950103759766
2.1269874572753906 2.8473308086395264
2.0357446670532227 2.795743703842163
1.9492473602294922 2.7467682361602783
1.874687910079956 2.71840238571167
1.8001254796981812 2.6812236309051514
1.7211617231369019 2.6255946159362793
1.6510988473892212 2.604055643081665
1.585167407989502 2.565589427947998
1.5147367715835571 2.5381290912628174
1.4457060098648071 2.4957098960876465
1.3892643451690674 2.45088791847229
1.3359588384628296 2.4937732219696045
1.273438572883606 2.395413637161255
1.2185488939285278 2.3669939041137695
1.1623380184173584 2.3441996574401855
1.1142593622207642 2.340616464614868
1.065255045890808 2.297844886779785
1.0177645683288574 2.2710838317871094
0.9840713143348694 2.2419633865356445
0.9438462257385254 2.2054355144500732
0.9144405126571655 2.195831537246704
0.872395396232605 2.169992208480835
0.8367539048194885 2.1665868759155273
0.8205646872520447 2.1792168617248535
0.785302460193634 2.1334433555603027
1.6239240169525146 2.723015308380127
1.726847767829895 2.494158983230591
1.4203366041183472 2.378641128540039
1.27690589427948 2.338867664337158
1.1683183908462524 2.3379063606262207
1.1007747650146484 2.2652392387390137
1.034723162651062 2.2416470050811768
0.9914603233337402 2.233006715774536
