2.9190845489501953 2.0316405296325684
1.7408223152160645 1.6410497426986694
1.3250141143798828 1.3543949127197266
1.0598715543746948 1.193839430809021
0.8716166615486145 1.1212190389633179
0.7485213875770569 1.0762853622436523
0.6367929577827454 1.0012216567993164
0.5477978587150574 1.0319583415985107
0.48129263520240784 1.0221893787384033
0.4299488961696625 0.9810911417007446
0.37113073468208313 1.1974025964736938
0.3394946753978729 1.1286259889602661
0.2975907027721405 1.1600502729415894
0.26656872034072876 1.1613234281539917
0.24105221033096313 1.2357903718948364
0.21300676465034485 1.255675196647644
0.2006538212299347 1.233426570892334
0.1703762412071228 1.3302582502365112
0.1782245934009552 1.364140272140503
0.15352043509483337 1.347144365310669
0.06817655265331268 1.3975874185562134
0.05048671364784241 1.5781896114349365
0.048335954546928406 1.4299083948135376
0.03798253834247589 1.5152143239974976
0.040379662066698074 1.5191259384155273
0.041871897876262665 1.66140878200531
0.025947965681552887 1.6490478515625
0.02605612203478813 1.745034098625183
0.03246196731925011 1.7992513179779053
0.02072739601135254 1.98631751537323
0.03125246614217758 1.7915475368499756
0.008627580478787422 1.8183904886245728
0.004647861700505018 1.827030062675476
0.003694535931572318 1.8810516595840454
0.007326726336032152 1.9143164157867432
0.002766301855444908 1.9640735387802124
0.008008627220988274 2.0217854976654053
0.003953814040869474 2.0133018493652344
0.0017103373538702726 2.047776937484741
0.0013896351447328925 2.081536054611206
0.010466866195201874 2.1360020637512207
0.0032847144175320864 2.083425998687744
0.001151811913587153 2.106593370437622
0.00094699946930632 2.1333982944488525
0.000831316108815372 2.17203950881958
0.0007449198747053742 2.2185347080230713
0.0006270731682889163 2.269296646118164
0.00048823156976141036 2.3161983489990234
0.0004298439889680594 2.392756462097168
0.00031322421273216605 2.4242284297943115
