

================================================================
== Vivado HLS Report for 'Block_myproject_axi_exit50_proc'
================================================================
* Date:           Thu Apr  4 19:56:49 2024

* Version:        2019.2 (Build 2704478 on Wed Nov 06 22:10:23 MST 2019)
* Project:        myproject_prj
* Solution:       solution1
* Product family: zynquplus
* Target device:  xczu5ev-sfvc784-2LV-e


================================================================
== Performance Estimates
================================================================
+ Timing: 
    * Summary: 
    +--------+---------+----------+------------+
    |  Clock |  Target | Estimated| Uncertainty|
    +--------+---------+----------+------------+
    |ap_clk  | 5.00 ns | 1.838 ns |   0.62 ns  |
    +--------+---------+----------+------------+

+ Latency: 
    * Summary: 
    +---------+---------+----------+----------+-----+-----+---------+
    |  Latency (cycles) |  Latency (absolute) |  Interval | Pipeline|
    |   min   |   max   |    min   |    max   | min | max |   Type  |
    +---------+---------+----------+----------+-----+-----+---------+
    |        0|        0|   0 ns   |   0 ns   |    0|    0|   none  |
    +---------+---------+----------+----------+-----+-----+---------+

    + Detail: 
        * Instance: 
        N/A

        * Loop: 
        N/A

============================================================
+ Verbose Summary: Synthesis Manager
============================================================
InlineROM: 1
ExposeGlobal: 0
============================================================
+ Verbose Summary: CDFG Model
============================================================
IsTopModel: 0
ResetActiveHigh: 1
IsCombinational: 2
IsDatapathOnly: 0
HasWiredReturn: 1
HasMFsm: 0
HasVarLatency: 0
IsPipeline: 0
IsRtlPipelined: 0
IsInstanceOverlapped: 0
IsDontTouch: 0
HasImplIP: 0
IsGatedGlobalClock: 0


============================================================
+ Verbose Summary: Schedule
============================================================
* Number of FSM states : 1
* Pipeline : 0
* Dataflow Pipeline: 0

* FSM state transitions: 
1 --> 

* FSM state operations: 

State 1 <SV = 0> <Delay = 1.83>
ST_1 : Operation 2 [1/1] (0.00ns)   --->   "call void (...)* @_ssdm_op_SpecInterface(i16* %out_local_V_data_9_V, [8 x i8]* @ap_fifo_str, i32 0, i32 0, [1 x i8]* @p_str708, i32 0, i32 0, [1 x i8]* @p_str709, [1 x i8]* @p_str710, [1 x i8]* @p_str711, i32 2, i32 2, i32 16, i32 16, [1 x i8]* @p_str712, [1 x i8]* @p_str713)"   --->   Operation 2 'specinterface' <Predicate = true> <Delay = 0.00>
ST_1 : Operation 3 [1/1] (0.00ns)   --->   "call void (...)* @_ssdm_op_SpecInterface(i16* %out_local_V_data_8_V, [8 x i8]* @ap_fifo_str, i32 0, i32 0, [1 x i8]* @p_str701, i32 0, i32 0, [1 x i8]* @p_str702, [1 x i8]* @p_str703, [1 x i8]* @p_str704, i32 2, i32 2, i32 16, i32 16, [1 x i8]* @p_str705, [1 x i8]* @p_str706)"   --->   Operation 3 'specinterface' <Predicate = true> <Delay = 0.00>
ST_1 : Operation 4 [1/1] (0.00ns)   --->   "call void (...)* @_ssdm_op_SpecInterface(i16* %out_local_V_data_7_V, [8 x i8]* @ap_fifo_str, i32 0, i32 0, [1 x i8]* @p_str694, i32 0, i32 0, [1 x i8]* @p_str695, [1 x i8]* @p_str696, [1 x i8]* @p_str697, i32 2, i32 2, i32 16, i32 16, [1 x i8]* @p_str698, [1 x i8]* @p_str699)"   --->   Operation 4 'specinterface' <Predicate = true> <Delay = 0.00>
ST_1 : Operation 5 [1/1] (0.00ns)   --->   "call void (...)* @_ssdm_op_SpecInterface(i16* %out_local_V_data_6_V, [8 x i8]* @ap_fifo_str, i32 0, i32 0, [1 x i8]* @p_str687, i32 0, i32 0, [1 x i8]* @p_str688, [1 x i8]* @p_str689, [1 x i8]* @p_str690, i32 2, i32 2, i32 16, i32 16, [1 x i8]* @p_str691, [1 x i8]* @p_str692)"   --->   Operation 5 'specinterface' <Predicate = true> <Delay = 0.00>
ST_1 : Operation 6 [1/1] (0.00ns)   --->   "call void (...)* @_ssdm_op_SpecInterface(i16* %out_local_V_data_5_V, [8 x i8]* @ap_fifo_str, i32 0, i32 0, [1 x i8]* @p_str680, i32 0, i32 0, [1 x i8]* @p_str681, [1 x i8]* @p_str682, [1 x i8]* @p_str683, i32 2, i32 2, i32 16, i32 16, [1 x i8]* @p_str684, [1 x i8]* @p_str685)"   --->   Operation 6 'specinterface' <Predicate = true> <Delay = 0.00>
ST_1 : Operation 7 [1/1] (0.00ns)   --->   "call void (...)* @_ssdm_op_SpecInterface(i16* %out_local_V_data_4_V, [8 x i8]* @ap_fifo_str, i32 0, i32 0, [1 x i8]* @p_str673, i32 0, i32 0, [1 x i8]* @p_str674, [1 x i8]* @p_str675, [1 x i8]* @p_str676, i32 2, i32 2, i32 16, i32 16, [1 x i8]* @p_str677, [1 x i8]* @p_str678)"   --->   Operation 7 'specinterface' <Predicate = true> <Delay = 0.00>
ST_1 : Operation 8 [1/1] (0.00ns)   --->   "call void (...)* @_ssdm_op_SpecInterface(i16* %out_local_V_data_3_V, [8 x i8]* @ap_fifo_str, i32 0, i32 0, [1 x i8]* @p_str666, i32 0, i32 0, [1 x i8]* @p_str667, [1 x i8]* @p_str668, [1 x i8]* @p_str669, i32 2, i32 2, i32 16, i32 16, [1 x i8]* @p_str670, [1 x i8]* @p_str671)"   --->   Operation 8 'specinterface' <Predicate = true> <Delay = 0.00>
ST_1 : Operation 9 [1/1] (0.00ns)   --->   "call void (...)* @_ssdm_op_SpecInterface(i16* %out_local_V_data_2_V, [8 x i8]* @ap_fifo_str, i32 0, i32 0, [1 x i8]* @p_str659, i32 0, i32 0, [1 x i8]* @p_str660, [1 x i8]* @p_str661, [1 x i8]* @p_str662, i32 2, i32 2, i32 16, i32 16, [1 x i8]* @p_str663, [1 x i8]* @p_str664)"   --->   Operation 9 'specinterface' <Predicate = true> <Delay = 0.00>
ST_1 : Operation 10 [1/1] (0.00ns)   --->   "call void (...)* @_ssdm_op_SpecInterface(i16* %out_local_V_data_1_V, [8 x i8]* @ap_fifo_str, i32 0, i32 0, [1 x i8]* @p_str652, i32 0, i32 0, [1 x i8]* @p_str653, [1 x i8]* @p_str654, [1 x i8]* @p_str655, i32 2, i32 2, i32 16, i32 16, [1 x i8]* @p_str656, [1 x i8]* @p_str657)"   --->   Operation 10 'specinterface' <Predicate = true> <Delay = 0.00>
ST_1 : Operation 11 [1/1] (0.00ns)   --->   "call void (...)* @_ssdm_op_SpecInterface(i16* %out_local_V_data_0_V, [8 x i8]* @ap_fifo_str, i32 0, i32 0, [1 x i8]* @p_str645, i32 0, i32 0, [1 x i8]* @p_str646, [1 x i8]* @p_str647, [1 x i8]* @p_str648, i32 2, i32 2, i32 16, i32 16, [1 x i8]* @p_str649, [1 x i8]* @p_str650)"   --->   Operation 11 'specinterface' <Predicate = true> <Delay = 0.00>
ST_1 : Operation 12 [1/1] (1.83ns)   --->   "%empty = call { i16, i16, i16, i16, i16, i16, i16, i16, i16, i16 } @_ssdm_op_Read.ap_fifo.volatile.i16P.i16P.i16P.i16P.i16P.i16P.i16P.i16P.i16P.i16P(i16* %out_local_V_data_0_V, i16* %out_local_V_data_1_V, i16* %out_local_V_data_2_V, i16* %out_local_V_data_3_V, i16* %out_local_V_data_4_V, i16* %out_local_V_data_5_V, i16* %out_local_V_data_6_V, i16* %out_local_V_data_7_V, i16* %out_local_V_data_8_V, i16* %out_local_V_data_9_V)" [firmware/myproject_axi.cpp:30]   --->   Operation 12 'read' 'empty' <Predicate = true> <Delay = 1.83> <Core = "FIFO">   --->   Core 32 'FIFO' <Latency = 0> <II = 1> <Delay = 1.83> <Storage> <Opcode : 'read' 'write' 'nbread' 'nbwrite'> <Ports = 0> <Width = 16> <Depth = 1> <FIFO>
ST_1 : Operation 13 [1/1] (0.00ns)   --->   "%out_local_V_data_0_V_val = extractvalue { i16, i16, i16, i16, i16, i16, i16, i16, i16, i16 } %empty, 0" [firmware/myproject_axi.cpp:30]   --->   Operation 13 'extractvalue' 'out_local_V_data_0_V_val' <Predicate = true> <Delay = 0.00>
ST_1 : Operation 14 [1/1] (0.00ns)   --->   "%out_local_V_data_1_V_val = extractvalue { i16, i16, i16, i16, i16, i16, i16, i16, i16, i16 } %empty, 1" [firmware/myproject_axi.cpp:30]   --->   Operation 14 'extractvalue' 'out_local_V_data_1_V_val' <Predicate = true> <Delay = 0.00>
ST_1 : Operation 15 [1/1] (0.00ns)   --->   "%out_local_V_data_2_V_val = extractvalue { i16, i16, i16, i16, i16, i16, i16, i16, i16, i16 } %empty, 2" [firmware/myproject_axi.cpp:30]   --->   Operation 15 'extractvalue' 'out_local_V_data_2_V_val' <Predicate = true> <Delay = 0.00>
ST_1 : Operation 16 [1/1] (0.00ns)   --->   "%out_local_V_data_3_V_val = extractvalue { i16, i16, i16, i16, i16, i16, i16, i16, i16, i16 } %empty, 3" [firmware/myproject_axi.cpp:30]   --->   Operation 16 'extractvalue' 'out_local_V_data_3_V_val' <Predicate = true> <Delay = 0.00>
ST_1 : Operation 17 [1/1] (0.00ns)   --->   "%out_local_V_data_4_V_val = extractvalue { i16, i16, i16, i16, i16, i16, i16, i16, i16, i16 } %empty, 4" [firmware/myproject_axi.cpp:30]   --->   Operation 17 'extractvalue' 'out_local_V_data_4_V_val' <Predicate = true> <Delay = 0.00>
ST_1 : Operation 18 [1/1] (0.00ns)   --->   "%out_local_V_data_5_V_val = extractvalue { i16, i16, i16, i16, i16, i16, i16, i16, i16, i16 } %empty, 5" [firmware/myproject_axi.cpp:30]   --->   Operation 18 'extractvalue' 'out_local_V_data_5_V_val' <Predicate = true> <Delay = 0.00>
ST_1 : Operation 19 [1/1] (0.00ns)   --->   "%out_local_V_data_6_V_val = extractvalue { i16, i16, i16, i16, i16, i16, i16, i16, i16, i16 } %empty, 6" [firmware/myproject_axi.cpp:30]   --->   Operation 19 'extractvalue' 'out_local_V_data_6_V_val' <Predicate = true> <Delay = 0.00>
ST_1 : Operation 20 [1/1] (0.00ns)   --->   "%out_local_V_data_7_V_val = extractvalue { i16, i16, i16, i16, i16, i16, i16, i16, i16, i16 } %empty, 7" [firmware/myproject_axi.cpp:30]   --->   Operation 20 'extractvalue' 'out_local_V_data_7_V_val' <Predicate = true> <Delay = 0.00>
ST_1 : Operation 21 [1/1] (0.00ns)   --->   "%out_local_V_data_8_V_val = extractvalue { i16, i16, i16, i16, i16, i16, i16, i16, i16, i16 } %empty, 8" [firmware/myproject_axi.cpp:30]   --->   Operation 21 'extractvalue' 'out_local_V_data_8_V_val' <Predicate = true> <Delay = 0.00>
ST_1 : Operation 22 [1/1] (0.00ns)   --->   "%out_local_V_data_9_V_val = extractvalue { i16, i16, i16, i16, i16, i16, i16, i16, i16, i16 } %empty, 9" [firmware/myproject_axi.cpp:30]   --->   Operation 22 'extractvalue' 'out_local_V_data_9_V_val' <Predicate = true> <Delay = 0.00>
ST_1 : Operation 23 [1/1] (0.00ns)   --->   "store i16 %out_local_V_data_0_V_val, i16* %tmp_data_V_0, align 2" [firmware/myproject_axi.cpp:30]   --->   Operation 23 'store' <Predicate = true> <Delay = 0.00>
ST_1 : Operation 24 [1/1] (0.00ns)   --->   "store i16 %out_local_V_data_1_V_val, i16* %tmp_data_V_1, align 2" [firmware/myproject_axi.cpp:30]   --->   Operation 24 'store' <Predicate = true> <Delay = 0.00>
ST_1 : Operation 25 [1/1] (0.00ns)   --->   "store i16 %out_local_V_data_2_V_val, i16* %tmp_data_V_2, align 2" [firmware/myproject_axi.cpp:30]   --->   Operation 25 'store' <Predicate = true> <Delay = 0.00>
ST_1 : Operation 26 [1/1] (0.00ns)   --->   "store i16 %out_local_V_data_3_V_val, i16* %tmp_data_V_3, align 2" [firmware/myproject_axi.cpp:30]   --->   Operation 26 'store' <Predicate = true> <Delay = 0.00>
ST_1 : Operation 27 [1/1] (0.00ns)   --->   "store i16 %out_local_V_data_4_V_val, i16* %tmp_data_V_4, align 2" [firmware/myproject_axi.cpp:30]   --->   Operation 27 'store' <Predicate = true> <Delay = 0.00>
ST_1 : Operation 28 [1/1] (0.00ns)   --->   "store i16 %out_local_V_data_5_V_val, i16* %tmp_data_V_5, align 2" [firmware/myproject_axi.cpp:30]   --->   Operation 28 'store' <Predicate = true> <Delay = 0.00>
ST_1 : Operation 29 [1/1] (0.00ns)   --->   "store i16 %out_local_V_data_6_V_val, i16* %tmp_data_V_6, align 2" [firmware/myproject_axi.cpp:30]   --->   Operation 29 'store' <Predicate = true> <Delay = 0.00>
ST_1 : Operation 30 [1/1] (0.00ns)   --->   "store i16 %out_local_V_data_7_V_val, i16* %tmp_data_V_7, align 2" [firmware/myproject_axi.cpp:30]   --->   Operation 30 'store' <Predicate = true> <Delay = 0.00>
ST_1 : Operation 31 [1/1] (0.00ns)   --->   "store i16 %out_local_V_data_8_V_val, i16* %tmp_data_V_8, align 2" [firmware/myproject_axi.cpp:30]   --->   Operation 31 'store' <Predicate = true> <Delay = 0.00>
ST_1 : Operation 32 [1/1] (0.00ns)   --->   "store i16 %out_local_V_data_9_V_val, i16* %tmp_data_V_9, align 2" [firmware/myproject_axi.cpp:30]   --->   Operation 32 'store' <Predicate = true> <Delay = 0.00>
ST_1 : Operation 33 [1/1] (0.00ns)   --->   "ret void"   --->   Operation 33 'ret' <Predicate = true> <Delay = 0.00>


============================================================
+ Verbose Summary: Binding
============================================================
STG Binding: 
---------------- STG Properties BEGIN ----------------
- Is combinational: 0
- Is one-state seq: 1
- Is datapath-only: 0
- Is pipelined: 0
- Is top level: 0
Port [ Return ] is wired: 1; IO mode=ap_ctrl_hs:ce=0
Port [ out_local_V_data_0_V]:  wired=1; compound=1; hidden=0; nouse=0; global=0; static=0; extern=0; dir=0; type=3; pingpong=0; private_global=0; IO mode=ap_fifo:ce=0
Port [ out_local_V_data_1_V]:  wired=1; compound=1; hidden=0; nouse=0; global=0; static=0; extern=0; dir=0; type=3; pingpong=0; private_global=0; IO mode=ap_fifo:ce=0
Port [ out_local_V_data_2_V]:  wired=1; compound=1; hidden=0; nouse=0; global=0; static=0; extern=0; dir=0; type=3; pingpong=0; private_global=0; IO mode=ap_fifo:ce=0
Port [ out_local_V_data_3_V]:  wired=1; compound=1; hidden=0; nouse=0; global=0; static=0; extern=0; dir=0; type=3; pingpong=0; private_global=0; IO mode=ap_fifo:ce=0
Port [ out_local_V_data_4_V]:  wired=1; compound=1; hidden=0; nouse=0; global=0; static=0; extern=0; dir=0; type=3; pingpong=0; private_global=0; IO mode=ap_fifo:ce=0
Port [ out_local_V_data_5_V]:  wired=1; compound=1; hidden=0; nouse=0; global=0; static=0; extern=0; dir=0; type=3; pingpong=0; private_global=0; IO mode=ap_fifo:ce=0
Port [ out_local_V_data_6_V]:  wired=1; compound=1; hidden=0; nouse=0; global=0; static=0; extern=0; dir=0; type=3; pingpong=0; private_global=0; IO mode=ap_fifo:ce=0
Port [ out_local_V_data_7_V]:  wired=1; compound=1; hidden=0; nouse=0; global=0; static=0; extern=0; dir=0; type=3; pingpong=0; private_global=0; IO mode=ap_fifo:ce=0
Port [ out_local_V_data_8_V]:  wired=1; compound=1; hidden=0; nouse=0; global=0; static=0; extern=0; dir=0; type=3; pingpong=0; private_global=0; IO mode=ap_fifo:ce=0
Port [ out_local_V_data_9_V]:  wired=1; compound=1; hidden=0; nouse=0; global=0; static=0; extern=0; dir=0; type=3; pingpong=0; private_global=0; IO mode=ap_fifo:ce=0
Port [ tmp_data_V_0]:  wired=1; compound=0; hidden=0; nouse=0; global=0; static=0; extern=0; dir=1; type=0; pingpong=0; private_global=0; IO mode=ap_vld:ce=0
Port [ tmp_data_V_1]:  wired=1; compound=0; hidden=0; nouse=0; global=0; static=0; extern=0; dir=1; type=0; pingpong=0; private_global=0; IO mode=ap_vld:ce=0
Port [ tmp_data_V_2]:  wired=1; compound=0; hidden=0; nouse=0; global=0; static=0; extern=0; dir=1; type=0; pingpong=0; private_global=0; IO mode=ap_vld:ce=0
Port [ tmp_data_V_3]:  wired=1; compound=0; hidden=0; nouse=0; global=0; static=0; extern=0; dir=1; type=0; pingpong=0; private_global=0; IO mode=ap_vld:ce=0
Port [ tmp_data_V_4]:  wired=1; compound=0; hidden=0; nouse=0; global=0; static=0; extern=0; dir=1; type=0; pingpong=0; private_global=0; IO mode=ap_vld:ce=0
Port [ tmp_data_V_5]:  wired=1; compound=0; hidden=0; nouse=0; global=0; static=0; extern=0; dir=1; type=0; pingpong=0; private_global=0; IO mode=ap_vld:ce=0
Port [ tmp_data_V_6]:  wired=1; compound=0; hidden=0; nouse=0; global=0; static=0; extern=0; dir=1; type=0; pingpong=0; private_global=0; IO mode=ap_vld:ce=0
Port [ tmp_data_V_7]:  wired=1; compound=0; hidden=0; nouse=0; global=0; static=0; extern=0; dir=1; type=0; pingpong=0; private_global=0; IO mode=ap_vld:ce=0
Port [ tmp_data_V_8]:  wired=1; compound=0; hidden=0; nouse=0; global=0; static=0; extern=0; dir=1; type=0; pingpong=0; private_global=0; IO mode=ap_vld:ce=0
Port [ tmp_data_V_9]:  wired=1; compound=0; hidden=0; nouse=0; global=0; static=0; extern=0; dir=1; type=0; pingpong=0; private_global=0; IO mode=ap_vld:ce=0
---------------- STG Properties END ------------------

---------------- Datapath Model BEGIN ----------------

<LifeTime>
<method=bitvector/>
specinterface_ln0        (specinterface) [ 00]
specinterface_ln0        (specinterface) [ 00]
specinterface_ln0        (specinterface) [ 00]
specinterface_ln0        (specinterface) [ 00]
specinterface_ln0        (specinterface) [ 00]
specinterface_ln0        (specinterface) [ 00]
specinterface_ln0        (specinterface) [ 00]
specinterface_ln0        (specinterface) [ 00]
specinterface_ln0        (specinterface) [ 00]
specinterface_ln0        (specinterface) [ 00]
empty                    (read         ) [ 00]
out_local_V_data_0_V_val (extractvalue ) [ 00]
out_local_V_data_1_V_val (extractvalue ) [ 00]
out_local_V_data_2_V_val (extractvalue ) [ 00]
out_local_V_data_3_V_val (extractvalue ) [ 00]
out_local_V_data_4_V_val (extractvalue ) [ 00]
out_local_V_data_5_V_val (extractvalue ) [ 00]
out_local_V_data_6_V_val (extractvalue ) [ 00]
out_local_V_data_7_V_val (extractvalue ) [ 00]
out_local_V_data_8_V_val (extractvalue ) [ 00]
out_local_V_data_9_V_val (extractvalue ) [ 00]
store_ln30               (store        ) [ 00]
store_ln30               (store        ) [ 00]
store_ln30               (store        ) [ 00]
store_ln30               (store        ) [ 00]
store_ln30               (store        ) [ 00]
store_ln30               (store        ) [ 00]
store_ln30               (store        ) [ 00]
store_ln30               (store        ) [ 00]
store_ln30               (store        ) [ 00]
store_ln30               (store        ) [ 00]
ret_ln0                  (ret          ) [ 00]
</LifeTime>

<model>

<comp_list>
<comp id="0" class="1000" name="out_local_V_data_0_V">
<pin_list>
<pin id="1" dir="1" index="0" bw="1" slack="0"/>
</pin_list>
<bind>
<StgValue><ssdm name="out_local_V_data_0_V"/></StgValue>
</bind>
</comp>

<comp id="2" class="1000" name="out_local_V_data_1_V">
<pin_list>
<pin id="3" dir="1" index="0" bw="1" slack="0"/>
</pin_list>
<bind>
<StgValue><ssdm name="out_local_V_data_1_V"/></StgValue>
</bind>
</comp>

<comp id="4" class="1000" name="out_local_V_data_2_V">
<pin_list>
<pin id="5" dir="1" index="0" bw="1" slack="0"/>
</pin_list>
<bind>
<StgValue><ssdm name="out_local_V_data_2_V"/></StgValue>
</bind>
</comp>

<comp id="6" class="1000" name="out_local_V_data_3_V">
<pin_list>
<pin id="7" dir="1" index="0" bw="1" slack="0"/>
</pin_list>
<bind>
<StgValue><ssdm name="out_local_V_data_3_V"/></StgValue>
</bind>
</comp>

<comp id="8" class="1000" name="out_local_V_data_4_V">
<pin_list>
<pin id="9" dir="1" index="0" bw="1" slack="0"/>
</pin_list>
<bind>
<StgValue><ssdm name="out_local_V_data_4_V"/></StgValue>
</bind>
</comp>

<comp id="10" class="1000" name="out_local_V_data_5_V">
<pin_list>
<pin id="11" dir="1" index="0" bw="1" slack="0"/>
</pin_list>
<bind>
<StgValue><ssdm name="out_local_V_data_5_V"/></StgValue>
</bind>
</comp>

<comp id="12" class="1000" name="out_local_V_data_6_V">
<pin_list>
<pin id="13" dir="1" index="0" bw="1" slack="0"/>
</pin_list>
<bind>
<StgValue><ssdm name="out_local_V_data_6_V"/></StgValue>
</bind>
</comp>

<comp id="14" class="1000" name="out_local_V_data_7_V">
<pin_list>
<pin id="15" dir="1" index="0" bw="1" slack="0"/>
</pin_list>
<bind>
<StgValue><ssdm name="out_local_V_data_7_V"/></StgValue>
</bind>
</comp>

<comp id="16" class="1000" name="out_local_V_data_8_V">
<pin_list>
<pin id="17" dir="1" index="0" bw="1" slack="0"/>
</pin_list>
<bind>
<StgValue><ssdm name="out_local_V_data_8_V"/></StgValue>
</bind>
</comp>

<comp id="18" class="1000" name="out_local_V_data_9_V">
<pin_list>
<pin id="19" dir="1" index="0" bw="1" slack="0"/>
</pin_list>
<bind>
<StgValue><ssdm name="out_local_V_data_9_V"/></StgValue>
</bind>
</comp>

<comp id="20" class="1000" name="tmp_data_V_0">
<pin_list>
<pin id="21" dir="1" index="0" bw="1" slack="0"/>
</pin_list>
<bind>
<StgValue><ssdm name="tmp_data_V_0"/></StgValue>
</bind>
</comp>

<comp id="22" class="1000" name="tmp_data_V_1">
<pin_list>
<pin id="23" dir="1" index="0" bw="1" slack="0"/>
</pin_list>
<bind>
<StgValue><ssdm name="tmp_data_V_1"/></StgValue>
</bind>
</comp>

<comp id="24" class="1000" name="tmp_data_V_2">
<pin_list>
<pin id="25" dir="1" index="0" bw="1" slack="0"/>
</pin_list>
<bind>
<StgValue><ssdm name="tmp_data_V_2"/></StgValue>
</bind>
</comp>

<comp id="26" class="1000" name="tmp_data_V_3">
<pin_list>
<pin id="27" dir="1" index="0" bw="1" slack="0"/>
</pin_list>
<bind>
<StgValue><ssdm name="tmp_data_V_3"/></StgValue>
</bind>
</comp>

<comp id="28" class="1000" name="tmp_data_V_4">
<pin_list>
<pin id="29" dir="1" index="0" bw="1" slack="0"/>
</pin_list>
<bind>
<StgValue><ssdm name="tmp_data_V_4"/></StgValue>
</bind>
</comp>

<comp id="30" class="1000" name="tmp_data_V_5">
<pin_list>
<pin id="31" dir="1" index="0" bw="1" slack="0"/>
</pin_list>
<bind>
<StgValue><ssdm name="tmp_data_V_5"/></StgValue>
</bind>
</comp>

<comp id="32" class="1000" name="tmp_data_V_6">
<pin_list>
<pin id="33" dir="1" index="0" bw="1" slack="0"/>
</pin_list>
<bind>
<StgValue><ssdm name="tmp_data_V_6"/></StgValue>
</bind>
</comp>

<comp id="34" class="1000" name="tmp_data_V_7">
<pin_list>
<pin id="35" dir="1" index="0" bw="1" slack="0"/>
</pin_list>
<bind>
<StgValue><ssdm name="tmp_data_V_7"/></StgValue>
</bind>
</comp>

<comp id="36" class="1000" name="tmp_data_V_8">
<pin_list>
<pin id="37" dir="1" index="0" bw="1" slack="0"/>
</pin_list>
<bind>
<StgValue><ssdm name="tmp_data_V_8"/></StgValue>
</bind>
</comp>

<comp id="38" class="1000" name="tmp_data_V_9">
<pin_list>
<pin id="39" dir="1" index="0" bw="1" slack="0"/>
</pin_list>
<bind>
<StgValue><ssdm name="tmp_data_V_9"/></StgValue>
</bind>
</comp>

<comp id="40" class="1001" name="const_40">
<pin_list>
<pin id="41" dir="1" index="0" bw="1" slack="2147483647"/>
</pin_list>
<bind>
<StgValue><ssdm name="_ssdm_op_SpecInterface"/></StgValue>
</bind>
</comp>

<comp id="42" class="1001" name="const_42">
<pin_list>
<pin id="43" dir="1" index="0" bw="1" slack="2147483647"/>
</pin_list>
<bind>
<StgValue><ssdm name="ap_fifo_str"/></StgValue>
</bind>
</comp>

<comp id="44" class="1001" name="const_44">
<pin_list>
<pin id="45" dir="1" index="0" bw="1" slack="2147483647"/>
</pin_list>
<bind>
<StgValue><ssdm name=""/></StgValue>
</bind>
</comp>

<comp id="46" class="1001" name="const_46">
<pin_list>
<pin id="47" dir="1" index="0" bw="1" slack="2147483647"/>
</pin_list>
<bind>
<StgValue><ssdm name="p_str708"/></StgValue>
</bind>
</comp>

<comp id="48" class="1001" name="const_48">
<pin_list>
<pin id="49" dir="1" index="0" bw="1" slack="2147483647"/>
</pin_list>
<bind>
<StgValue><ssdm name="p_str709"/></StgValue>
</bind>
</comp>

<comp id="50" class="1001" name="const_50">
<pin_list>
<pin id="51" dir="1" index="0" bw="1" slack="2147483647"/>
</pin_list>
<bind>
<StgValue><ssdm name="p_str710"/></StgValue>
</bind>
</comp>

<comp id="52" class="1001" name="const_52">
<pin_list>
<pin id="53" dir="1" index="0" bw="1" slack="2147483647"/>
</pin_list>
<bind>
<StgValue><ssdm name="p_str711"/></StgValue>
</bind>
</comp>

<comp id="54" class="1001" name="const_54">
<pin_list>
<pin id="55" dir="1" index="0" bw="1" slack="2147483647"/>
</pin_list>
<bind>
<StgValue><ssdm name=""/></StgValue>
</bind>
</comp>

<comp id="56" class="1001" name="const_56">
<pin_list>
<pin id="57" dir="1" index="0" bw="1" slack="2147483647"/>
</pin_list>
<bind>
<StgValue><ssdm name=""/></StgValue>
</bind>
</comp>

<comp id="58" class="1001" name="const_58">
<pin_list>
<pin id="59" dir="1" index="0" bw="1" slack="2147483647"/>
</pin_list>
<bind>
<StgValue><ssdm name="p_str712"/></StgValue>
</bind>
</comp>

<comp id="60" class="1001" name="const_60">
<pin_list>
<pin id="61" dir="1" index="0" bw="1" slack="2147483647"/>
</pin_list>
<bind>
<StgValue><ssdm name="p_str713"/></StgValue>
</bind>
</comp>

<comp id="62" class="1001" name="const_62">
<pin_list>
<pin id="63" dir="1" index="0" bw="1" slack="2147483647"/>
</pin_list>
<bind>
<StgValue><ssdm name="p_str701"/></StgValue>
</bind>
</comp>

<comp id="64" class="1001" name="const_64">
<pin_list>
<pin id="65" dir="1" index="0" bw="1" slack="2147483647"/>
</pin_list>
<bind>
<StgValue><ssdm name="p_str702"/></StgValue>
</bind>
</comp>

<comp id="66" class="1001" name="const_66">
<pin_list>
<pin id="67" dir="1" index="0" bw="1" slack="2147483647"/>
</pin_list>
<bind>
<StgValue><ssdm name="p_str703"/></StgValue>
</bind>
</comp>

<comp id="68" class="1001" name="const_68">
<pin_list>
<pin id="69" dir="1" index="0" bw="1" slack="2147483647"/>
</pin_list>
<bind>
<StgValue><ssdm name="p_str704"/></StgValue>
</bind>
</comp>

<comp id="70" class="1001" name="const_70">
<pin_list>
<pin id="71" dir="1" index="0" bw="1" slack="2147483647"/>
</pin_list>
<bind>
<StgValue><ssdm name="p_str705"/></StgValue>
</bind>
</comp>

<comp id="72" class="1001" name="const_72">
<pin_list>
<pin id="73" dir="1" index="0" bw="1" slack="2147483647"/>
</pin_list>
<bind>
<StgValue><ssdm name="p_str706"/></StgValue>
</bind>
</comp>

<comp id="74" class="1001" name="const_74">
<pin_list>
<pin id="75" dir="1" index="0" bw="1" slack="2147483647"/>
</pin_list>
<bind>
<StgValue><ssdm name="p_str694"/></StgValue>
</bind>
</comp>

<comp id="76" class="1001" name="const_76">
<pin_list>
<pin id="77" dir="1" index="0" bw="1" slack="2147483647"/>
</pin_list>
<bind>
<StgValue><ssdm name="p_str695"/></StgValue>
</bind>
</comp>

<comp id="78" class="1001" name="const_78">
<pin_list>
<pin id="79" dir="1" index="0" bw="1" slack="2147483647"/>
</pin_list>
<bind>
<StgValue><ssdm name="p_str696"/></StgValue>
</bind>
</comp>

<comp id="80" class="1001" name="const_80">
<pin_list>
<pin id="81" dir="1" index="0" bw="1" slack="2147483647"/>
</pin_list>
<bind>
<StgValue><ssdm name="p_str697"/></StgValue>
</bind>
</comp>

<comp id="82" class="1001" name="const_82">
<pin_list>
<pin id="83" dir="1" index="0" bw="1" slack="2147483647"/>
</pin_list>
<bind>
<StgValue><ssdm name="p_str698"/></StgValue>
</bind>
</comp>

<comp id="84" class="1001" name="const_84">
<pin_list>
<pin id="85" dir="1" index="0" bw="1" slack="2147483647"/>
</pin_list>
<bind>
<StgValue><ssdm name="p_str699"/></StgValue>
</bind>
</comp>

<comp id="86" class="1001" name="const_86">
<pin_list>
<pin id="87" dir="1" index="0" bw="1" slack="2147483647"/>
</pin_list>
<bind>
<StgValue><ssdm name="p_str687"/></StgValue>
</bind>
</comp>

<comp id="88" class="1001" name="const_88">
<pin_list>
<pin id="89" dir="1" index="0" bw="1" slack="2147483647"/>
</pin_list>
<bind>
<StgValue><ssdm name="p_str688"/></StgValue>
</bind>
</comp>

<comp id="90" class="1001" name="const_90">
<pin_list>
<pin id="91" dir="1" index="0" bw="1" slack="2147483647"/>
</pin_list>
<bind>
<StgValue><ssdm name="p_str689"/></StgValue>
</bind>
</comp>

<comp id="92" class="1001" name="const_92">
<pin_list>
<pin id="93" dir="1" index="0" bw="1" slack="2147483647"/>
</pin_list>
<bind>
<StgValue><ssdm name="p_str690"/></StgValue>
</bind>
</comp>

<comp id="94" class="1001" name="const_94">
<pin_list>
<pin id="95" dir="1" index="0" bw="1" slack="2147483647"/>
</pin_list>
<bind>
<StgValue><ssdm name="p_str691"/></StgValue>
</bind>
</comp>

<comp id="96" class="1001" name="const_96">
<pin_list>
<pin id="97" dir="1" index="0" bw="1" slack="2147483647"/>
</pin_list>
<bind>
<StgValue><ssdm name="p_str692"/></StgValue>
</bind>
</comp>

<comp id="98" class="1001" name="const_98">
<pin_list>
<pin id="99" dir="1" index="0" bw="1" slack="2147483647"/>
</pin_list>
<bind>
<StgValue><ssdm name="p_str680"/></StgValue>
</bind>
</comp>

<comp id="100" class="1001" name="const_100">
<pin_list>
<pin id="101" dir="1" index="0" bw="1" slack="2147483647"/>
</pin_list>
<bind>
<StgValue><ssdm name="p_str681"/></StgValue>
</bind>
</comp>

<comp id="102" class="1001" name="const_102">
<pin_list>
<pin id="103" dir="1" index="0" bw="1" slack="2147483647"/>
</pin_list>
<bind>
<StgValue><ssdm name="p_str682"/></StgValue>
</bind>
</comp>

<comp id="104" class="1001" name="const_104">
<pin_list>
<pin id="105" dir="1" index="0" bw="1" slack="2147483647"/>
</pin_list>
<bind>
<StgValue><ssdm name="p_str683"/></StgValue>
</bind>
</comp>

<comp id="106" class="1001" name="const_106">
<pin_list>
<pin id="107" dir="1" index="0" bw="1" slack="2147483647"/>
</pin_list>
<bind>
<StgValue><ssdm name="p_str684"/></StgValue>
</bind>
</comp>

<comp id="108" class="1001" name="const_108">
<pin_list>
<pin id="109" dir="1" index="0" bw="1" slack="2147483647"/>
</pin_list>
<bind>
<StgValue><ssdm name="p_str685"/></StgValue>
</bind>
</comp>

<comp id="110" class="1001" name="const_110">
<pin_list>
<pin id="111" dir="1" index="0" bw="1" slack="2147483647"/>
</pin_list>
<bind>
<StgValue><ssdm name="p_str673"/></StgValue>
</bind>
</comp>

<comp id="112" class="1001" name="const_112">
<pin_list>
<pin id="113" dir="1" index="0" bw="1" slack="2147483647"/>
</pin_list>
<bind>
<StgValue><ssdm name="p_str674"/></StgValue>
</bind>
</comp>

<comp id="114" class="1001" name="const_114">
<pin_list>
<pin id="115" dir="1" index="0" bw="1" slack="2147483647"/>
</pin_list>
<bind>
<StgValue><ssdm name="p_str675"/></StgValue>
</bind>
</comp>

<comp id="116" class="1001" name="const_116">
<pin_list>
<pin id="117" dir="1" index="0" bw="1" slack="2147483647"/>
</pin_list>
<bind>
<StgValue><ssdm name="p_str676"/></StgValue>
</bind>
</comp>

<comp id="118" class="1001" name="const_118">
<pin_list>
<pin id="119" dir="1" index="0" bw="1" slack="2147483647"/>
</pin_list>
<bind>
<StgValue><ssdm name="p_str677"/></StgValue>
</bind>
</comp>

<comp id="120" class="1001" name="const_120">
<pin_list>
<pin id="121" dir="1" index="0" bw="1" slack="2147483647"/>
</pin_list>
<bind>
<StgValue><ssdm name="p_str678"/></StgValue>
</bind>
</comp>

<comp id="122" class="1001" name="const_122">
<pin_list>
<pin id="123" dir="1" index="0" bw="1" slack="2147483647"/>
</pin_list>
<bind>
<StgValue><ssdm name="p_str666"/></StgValue>
</bind>
</comp>

<comp id="124" class="1001" name="const_124">
<pin_list>
<pin id="125" dir="1" index="0" bw="1" slack="2147483647"/>
</pin_list>
<bind>
<StgValue><ssdm name="p_str667"/></StgValue>
</bind>
</comp>

<comp id="126" class="1001" name="const_126">
<pin_list>
<pin id="127" dir="1" index="0" bw="1" slack="2147483647"/>
</pin_list>
<bind>
<StgValue><ssdm name="p_str668"/></StgValue>
</bind>
</comp>

<comp id="128" class="1001" name="const_128">
<pin_list>
<pin id="129" dir="1" index="0" bw="1" slack="2147483647"/>
</pin_list>
<bind>
<StgValue><ssdm name="p_str669"/></StgValue>
</bind>
</comp>

<comp id="130" class="1001" name="const_130">
<pin_list>
<pin id="131" dir="1" index="0" bw="1" slack="2147483647"/>
</pin_list>
<bind>
<StgValue><ssdm name="p_str670"/></StgValue>
</bind>
</comp>

<comp id="132" class="1001" name="const_132">
<pin_list>
<pin id="133" dir="1" index="0" bw="1" slack="2147483647"/>
</pin_list>
<bind>
<StgValue><ssdm name="p_str671"/></StgValue>
</bind>
</comp>

<comp id="134" class="1001" name="const_134">
<pin_list>
<pin id="135" dir="1" index="0" bw="1" slack="2147483647"/>
</pin_list>
<bind>
<StgValue><ssdm name="p_str659"/></StgValue>
</bind>
</comp>

<comp id="136" class="1001" name="const_136">
<pin_list>
<pin id="137" dir="1" index="0" bw="1" slack="2147483647"/>
</pin_list>
<bind>
<StgValue><ssdm name="p_str660"/></StgValue>
</bind>
</comp>

<comp id="138" class="1001" name="const_138">
<pin_list>
<pin id="139" dir="1" index="0" bw="1" slack="2147483647"/>
</pin_list>
<bind>
<StgValue><ssdm name="p_str661"/></StgValue>
</bind>
</comp>

<comp id="140" class="1001" name="const_140">
<pin_list>
<pin id="141" dir="1" index="0" bw="1" slack="2147483647"/>
</pin_list>
<bind>
<StgValue><ssdm name="p_str662"/></StgValue>
</bind>
</comp>

<comp id="142" class="1001" name="const_142">
<pin_list>
<pin id="143" dir="1" index="0" bw="1" slack="2147483647"/>
</pin_list>
<bind>
<StgValue><ssdm name="p_str663"/></StgValue>
</bind>
</comp>

<comp id="144" class="1001" name="const_144">
<pin_list>
<pin id="145" dir="1" index="0" bw="1" slack="2147483647"/>
</pin_list>
<bind>
<StgValue><ssdm name="p_str664"/></StgValue>
</bind>
</comp>

<comp id="146" class="1001" name="const_146">
<pin_list>
<pin id="147" dir="1" index="0" bw="1" slack="2147483647"/>
</pin_list>
<bind>
<StgValue><ssdm name="p_str652"/></StgValue>
</bind>
</comp>

<comp id="148" class="1001" name="const_148">
<pin_list>
<pin id="149" dir="1" index="0" bw="1" slack="2147483647"/>
</pin_list>
<bind>
<StgValue><ssdm name="p_str653"/></StgValue>
</bind>
</comp>

<comp id="150" class="1001" name="const_150">
<pin_list>
<pin id="151" dir="1" index="0" bw="1" slack="2147483647"/>
</pin_list>
<bind>
<StgValue><ssdm name="p_str654"/></StgValue>
</bind>
</comp>

<comp id="152" class="1001" name="const_152">
<pin_list>
<pin id="153" dir="1" index="0" bw="1" slack="2147483647"/>
</pin_list>
<bind>
<StgValue><ssdm name="p_str655"/></StgValue>
</bind>
</comp>

<comp id="154" class="1001" name="const_154">
<pin_list>
<pin id="155" dir="1" index="0" bw="1" slack="2147483647"/>
</pin_list>
<bind>
<StgValue><ssdm name="p_str656"/></StgValue>
</bind>
</comp>

<comp id="156" class="1001" name="const_156">
<pin_list>
<pin id="157" dir="1" index="0" bw="1" slack="2147483647"/>
</pin_list>
<bind>
<StgValue><ssdm name="p_str657"/></StgValue>
</bind>
</comp>

<comp id="158" class="1001" name="const_158">
<pin_list>
<pin id="159" dir="1" index="0" bw="1" slack="2147483647"/>
</pin_list>
<bind>
<StgValue><ssdm name="p_str645"/></StgValue>
</bind>
</comp>

<comp id="160" class="1001" name="const_160">
<pin_list>
<pin id="161" dir="1" index="0" bw="1" slack="2147483647"/>
</pin_list>
<bind>
<StgValue><ssdm name="p_str646"/></StgValue>
</bind>
</comp>

<comp id="162" class="1001" name="const_162">
<pin_list>
<pin id="163" dir="1" index="0" bw="1" slack="2147483647"/>
</pin_list>
<bind>
<StgValue><ssdm name="p_str647"/></StgValue>
</bind>
</comp>

<comp id="164" class="1001" name="const_164">
<pin_list>
<pin id="165" dir="1" index="0" bw="1" slack="2147483647"/>
</pin_list>
<bind>
<StgValue><ssdm name="p_str648"/></StgValue>
</bind>
</comp>

<comp id="166" class="1001" name="const_166">
<pin_list>
<pin id="167" dir="1" index="0" bw="1" slack="2147483647"/>
</pin_list>
<bind>
<StgValue><ssdm name="p_str649"/></StgValue>
</bind>
</comp>

<comp id="168" class="1001" name="const_168">
<pin_list>
<pin id="169" dir="1" index="0" bw="1" slack="2147483647"/>
</pin_list>
<bind>
<StgValue><ssdm name="p_str650"/></StgValue>
</bind>
</comp>

<comp id="170" class="1001" name="const_170">
<pin_list>
<pin id="171" dir="1" index="0" bw="1" slack="0"/>
</pin_list>
<bind>
<StgValue><ssdm name="_ssdm_op_Read.ap_fifo.volatile.i16P.i16P.i16P.i16P.i16P.i16P.i16P.i16P.i16P.i16P"/></StgValue>
</bind>
</comp>

<comp id="172" class="1004" name="empty_read_fu_172">
<pin_list>
<pin id="173" dir="0" index="0" bw="160" slack="0"/>
<pin id="174" dir="0" index="1" bw="16" slack="0"/>
<pin id="175" dir="0" index="2" bw="16" slack="0"/>
<pin id="176" dir="0" index="3" bw="16" slack="0"/>
<pin id="177" dir="0" index="4" bw="16" slack="0"/>
<pin id="178" dir="0" index="5" bw="16" slack="0"/>
<pin id="179" dir="0" index="6" bw="16" slack="0"/>
<pin id="180" dir="0" index="7" bw="16" slack="0"/>
<pin id="181" dir="0" index="8" bw="16" slack="0"/>
<pin id="182" dir="0" index="9" bw="16" slack="0"/>
<pin id="183" dir="0" index="10" bw="16" slack="0"/>
<pin id="184" dir="1" index="11" bw="160" slack="0"/>
</pin_list>
<bind>
<opcode="read(1150) " fcode="read"/>
<opset="empty/1 "/>
</bind>
</comp>

<comp id="196" class="1004" name="out_local_V_data_0_V_val_fu_196">
<pin_list>
<pin id="197" dir="0" index="0" bw="160" slack="0"/>
<pin id="198" dir="1" index="1" bw="16" slack="0"/>
</pin_list>
<bind>
<opcode="extractvalue(56) " fcode="extractvalue"/>
<opset="out_local_V_data_0_V_val/1 "/>
</bind>
</comp>

<comp id="200" class="1004" name="out_local_V_data_1_V_val_fu_200">
<pin_list>
<pin id="201" dir="0" index="0" bw="160" slack="0"/>
<pin id="202" dir="1" index="1" bw="16" slack="0"/>
</pin_list>
<bind>
<opcode="extractvalue(56) " fcode="extractvalue"/>
<opset="out_local_V_data_1_V_val/1 "/>
</bind>
</comp>

<comp id="204" class="1004" name="out_local_V_data_2_V_val_fu_204">
<pin_list>
<pin id="205" dir="0" index="0" bw="160" slack="0"/>
<pin id="206" dir="1" index="1" bw="16" slack="0"/>
</pin_list>
<bind>
<opcode="extractvalue(56) " fcode="extractvalue"/>
<opset="out_local_V_data_2_V_val/1 "/>
</bind>
</comp>

<comp id="208" class="1004" name="out_local_V_data_3_V_val_fu_208">
<pin_list>
<pin id="209" dir="0" index="0" bw="160" slack="0"/>
<pin id="210" dir="1" index="1" bw="16" slack="0"/>
</pin_list>
<bind>
<opcode="extractvalue(56) " fcode="extractvalue"/>
<opset="out_local_V_data_3_V_val/1 "/>
</bind>
</comp>

<comp id="212" class="1004" name="out_local_V_data_4_V_val_fu_212">
<pin_list>
<pin id="213" dir="0" index="0" bw="160" slack="0"/>
<pin id="214" dir="1" index="1" bw="16" slack="0"/>
</pin_list>
<bind>
<opcode="extractvalue(56) " fcode="extractvalue"/>
<opset="out_local_V_data_4_V_val/1 "/>
</bind>
</comp>

<comp id="216" class="1004" name="out_local_V_data_5_V_val_fu_216">
<pin_list>
<pin id="217" dir="0" index="0" bw="160" slack="0"/>
<pin id="218" dir="1" index="1" bw="16" slack="0"/>
</pin_list>
<bind>
<opcode="extractvalue(56) " fcode="extractvalue"/>
<opset="out_local_V_data_5_V_val/1 "/>
</bind>
</comp>

<comp id="220" class="1004" name="out_local_V_data_6_V_val_fu_220">
<pin_list>
<pin id="221" dir="0" index="0" bw="160" slack="0"/>
<pin id="222" dir="1" index="1" bw="16" slack="0"/>
</pin_list>
<bind>
<opcode="extractvalue(56) " fcode="extractvalue"/>
<opset="out_local_V_data_6_V_val/1 "/>
</bind>
</comp>

<comp id="224" class="1004" name="out_local_V_data_7_V_val_fu_224">
<pin_list>
<pin id="225" dir="0" index="0" bw="160" slack="0"/>
<pin id="226" dir="1" index="1" bw="16" slack="0"/>
</pin_list>
<bind>
<opcode="extractvalue(56) " fcode="extractvalue"/>
<opset="out_local_V_data_7_V_val/1 "/>
</bind>
</comp>

<comp id="228" class="1004" name="out_local_V_data_8_V_val_fu_228">
<pin_list>
<pin id="229" dir="0" index="0" bw="160" slack="0"/>
<pin id="230" dir="1" index="1" bw="16" slack="0"/>
</pin_list>
<bind>
<opcode="extractvalue(56) " fcode="extractvalue"/>
<opset="out_local_V_data_8_V_val/1 "/>
</bind>
</comp>

<comp id="232" class="1004" name="out_local_V_data_9_V_val_fu_232">
<pin_list>
<pin id="233" dir="0" index="0" bw="160" slack="0"/>
<pin id="234" dir="1" index="1" bw="16" slack="0"/>
</pin_list>
<bind>
<opcode="extractvalue(56) " fcode="extractvalue"/>
<opset="out_local_V_data_9_V_val/1 "/>
</bind>
</comp>

<comp id="236" class="1004" name="store_ln30_store_fu_236">
<pin_list>
<pin id="237" dir="0" index="0" bw="16" slack="0"/>
<pin id="238" dir="0" index="1" bw="16" slack="0"/>
<pin id="239" dir="1" index="2" bw="0" slack="2147483647"/>
</pin_list>
<bind>
<opcode="store(28) " fcode="store"/>
<opset="store_ln30/1 "/>
</bind>
</comp>

<comp id="242" class="1004" name="store_ln30_store_fu_242">
<pin_list>
<pin id="243" dir="0" index="0" bw="16" slack="0"/>
<pin id="244" dir="0" index="1" bw="16" slack="0"/>
<pin id="245" dir="1" index="2" bw="0" slack="2147483647"/>
</pin_list>
<bind>
<opcode="store(28) " fcode="store"/>
<opset="store_ln30/1 "/>
</bind>
</comp>

<comp id="248" class="1004" name="store_ln30_store_fu_248">
<pin_list>
<pin id="249" dir="0" index="0" bw="16" slack="0"/>
<pin id="250" dir="0" index="1" bw="16" slack="0"/>
<pin id="251" dir="1" index="2" bw="0" slack="2147483647"/>
</pin_list>
<bind>
<opcode="store(28) " fcode="store"/>
<opset="store_ln30/1 "/>
</bind>
</comp>

<comp id="254" class="1004" name="store_ln30_store_fu_254">
<pin_list>
<pin id="255" dir="0" index="0" bw="16" slack="0"/>
<pin id="256" dir="0" index="1" bw="16" slack="0"/>
<pin id="257" dir="1" index="2" bw="0" slack="2147483647"/>
</pin_list>
<bind>
<opcode="store(28) " fcode="store"/>
<opset="store_ln30/1 "/>
</bind>
</comp>

<comp id="260" class="1004" name="store_ln30_store_fu_260">
<pin_list>
<pin id="261" dir="0" index="0" bw="16" slack="0"/>
<pin id="262" dir="0" index="1" bw="16" slack="0"/>
<pin id="263" dir="1" index="2" bw="0" slack="2147483647"/>
</pin_list>
<bind>
<opcode="store(28) " fcode="store"/>
<opset="store_ln30/1 "/>
</bind>
</comp>

<comp id="266" class="1004" name="store_ln30_store_fu_266">
<pin_list>
<pin id="267" dir="0" index="0" bw="16" slack="0"/>
<pin id="268" dir="0" index="1" bw="16" slack="0"/>
<pin id="269" dir="1" index="2" bw="0" slack="2147483647"/>
</pin_list>
<bind>
<opcode="store(28) " fcode="store"/>
<opset="store_ln30/1 "/>
</bind>
</comp>

<comp id="272" class="1004" name="store_ln30_store_fu_272">
<pin_list>
<pin id="273" dir="0" index="0" bw="16" slack="0"/>
<pin id="274" dir="0" index="1" bw="16" slack="0"/>
<pin id="275" dir="1" index="2" bw="0" slack="2147483647"/>
</pin_list>
<bind>
<opcode="store(28) " fcode="store"/>
<opset="store_ln30/1 "/>
</bind>
</comp>

<comp id="278" class="1004" name="store_ln30_store_fu_278">
<pin_list>
<pin id="279" dir="0" index="0" bw="16" slack="0"/>
<pin id="280" dir="0" index="1" bw="16" slack="0"/>
<pin id="281" dir="1" index="2" bw="0" slack="2147483647"/>
</pin_list>
<bind>
<opcode="store(28) " fcode="store"/>
<opset="store_ln30/1 "/>
</bind>
</comp>

<comp id="284" class="1004" name="store_ln30_store_fu_284">
<pin_list>
<pin id="285" dir="0" index="0" bw="16" slack="0"/>
<pin id="286" dir="0" index="1" bw="16" slack="0"/>
<pin id="287" dir="1" index="2" bw="0" slack="2147483647"/>
</pin_list>
<bind>
<opcode="store(28) " fcode="store"/>
<opset="store_ln30/1 "/>
</bind>
</comp>

<comp id="290" class="1004" name="store_ln30_store_fu_290">
<pin_list>
<pin id="291" dir="0" index="0" bw="16" slack="0"/>
<pin id="292" dir="0" index="1" bw="16" slack="0"/>
<pin id="293" dir="1" index="2" bw="0" slack="2147483647"/>
</pin_list>
<bind>
<opcode="store(28) " fcode="store"/>
<opset="store_ln30/1 "/>
</bind>
</comp>

</comp_list>

<net_list>
<net id="185"><net_src comp="170" pin="0"/><net_sink comp="172" pin=0"/></net>

<net id="186"><net_src comp="0" pin="0"/><net_sink comp="172" pin=1"/></net>

<net id="187"><net_src comp="2" pin="0"/><net_sink comp="172" pin=2"/></net>

<net id="188"><net_src comp="4" pin="0"/><net_sink comp="172" pin=3"/></net>

<net id="189"><net_src comp="6" pin="0"/><net_sink comp="172" pin=4"/></net>

<net id="190"><net_src comp="8" pin="0"/><net_sink comp="172" pin=5"/></net>

<net id="191"><net_src comp="10" pin="0"/><net_sink comp="172" pin=6"/></net>

<net id="192"><net_src comp="12" pin="0"/><net_sink comp="172" pin=7"/></net>

<net id="193"><net_src comp="14" pin="0"/><net_sink comp="172" pin=8"/></net>

<net id="194"><net_src comp="16" pin="0"/><net_sink comp="172" pin=9"/></net>

<net id="195"><net_src comp="18" pin="0"/><net_sink comp="172" pin=10"/></net>

<net id="199"><net_src comp="172" pin="11"/><net_sink comp="196" pin=0"/></net>

<net id="203"><net_src comp="172" pin="11"/><net_sink comp="200" pin=0"/></net>

<net id="207"><net_src comp="172" pin="11"/><net_sink comp="204" pin=0"/></net>

<net id="211"><net_src comp="172" pin="11"/><net_sink comp="208" pin=0"/></net>

<net id="215"><net_src comp="172" pin="11"/><net_sink comp="212" pin=0"/></net>

<net id="219"><net_src comp="172" pin="11"/><net_sink comp="216" pin=0"/></net>

<net id="223"><net_src comp="172" pin="11"/><net_sink comp="220" pin=0"/></net>

<net id="227"><net_src comp="172" pin="11"/><net_sink comp="224" pin=0"/></net>

<net id="231"><net_src comp="172" pin="11"/><net_sink comp="228" pin=0"/></net>

<net id="235"><net_src comp="172" pin="11"/><net_sink comp="232" pin=0"/></net>

<net id="240"><net_src comp="196" pin="1"/><net_sink comp="236" pin=0"/></net>

<net id="241"><net_src comp="20" pin="0"/><net_sink comp="236" pin=1"/></net>

<net id="246"><net_src comp="200" pin="1"/><net_sink comp="242" pin=0"/></net>

<net id="247"><net_src comp="22" pin="0"/><net_sink comp="242" pin=1"/></net>

<net id="252"><net_src comp="204" pin="1"/><net_sink comp="248" pin=0"/></net>

<net id="253"><net_src comp="24" pin="0"/><net_sink comp="248" pin=1"/></net>

<net id="258"><net_src comp="208" pin="1"/><net_sink comp="254" pin=0"/></net>

<net id="259"><net_src comp="26" pin="0"/><net_sink comp="254" pin=1"/></net>

<net id="264"><net_src comp="212" pin="1"/><net_sink comp="260" pin=0"/></net>

<net id="265"><net_src comp="28" pin="0"/><net_sink comp="260" pin=1"/></net>

<net id="270"><net_src comp="216" pin="1"/><net_sink comp="266" pin=0"/></net>

<net id="271"><net_src comp="30" pin="0"/><net_sink comp="266" pin=1"/></net>

<net id="276"><net_src comp="220" pin="1"/><net_sink comp="272" pin=0"/></net>

<net id="277"><net_src comp="32" pin="0"/><net_sink comp="272" pin=1"/></net>

<net id="282"><net_src comp="224" pin="1"/><net_sink comp="278" pin=0"/></net>

<net id="283"><net_src comp="34" pin="0"/><net_sink comp="278" pin=1"/></net>

<net id="288"><net_src comp="228" pin="1"/><net_sink comp="284" pin=0"/></net>

<net id="289"><net_src comp="36" pin="0"/><net_sink comp="284" pin=1"/></net>

<net id="294"><net_src comp="232" pin="1"/><net_sink comp="290" pin=0"/></net>

<net id="295"><net_src comp="38" pin="0"/><net_sink comp="290" pin=1"/></net>

</net_list>

</model> 
---------------- Datapath Model END ------------------

* FSMD analyzer results:
  - Output states:
	Port: tmp_data_V_0 | {1 }
	Port: tmp_data_V_1 | {1 }
	Port: tmp_data_V_2 | {1 }
	Port: tmp_data_V_3 | {1 }
	Port: tmp_data_V_4 | {1 }
	Port: tmp_data_V_5 | {1 }
	Port: tmp_data_V_6 | {1 }
	Port: tmp_data_V_7 | {1 }
	Port: tmp_data_V_8 | {1 }
	Port: tmp_data_V_9 | {1 }
 - Input state : 
	Port: Block_myproject_axi_.exit50_proc : out_local_V_data_0_V | {1 }
	Port: Block_myproject_axi_.exit50_proc : out_local_V_data_1_V | {1 }
	Port: Block_myproject_axi_.exit50_proc : out_local_V_data_2_V | {1 }
	Port: Block_myproject_axi_.exit50_proc : out_local_V_data_3_V | {1 }
	Port: Block_myproject_axi_.exit50_proc : out_local_V_data_4_V | {1 }
	Port: Block_myproject_axi_.exit50_proc : out_local_V_data_5_V | {1 }
	Port: Block_myproject_axi_.exit50_proc : out_local_V_data_6_V | {1 }
	Port: Block_myproject_axi_.exit50_proc : out_local_V_data_7_V | {1 }
	Port: Block_myproject_axi_.exit50_proc : out_local_V_data_8_V | {1 }
	Port: Block_myproject_axi_.exit50_proc : out_local_V_data_9_V | {1 }
  - Chain level:
	State 1
		store_ln30 : 1
		store_ln30 : 1
		store_ln30 : 1
		store_ln30 : 1
		store_ln30 : 1
		store_ln30 : 1
		store_ln30 : 1
		store_ln30 : 1
		store_ln30 : 1
		store_ln30 : 1


============================================================
+ Verbose Summary: Datapath Resource usage 
============================================================

* Functional unit list:
|----------|---------------------------------|
| Operation|         Functional Unit         |
|----------|---------------------------------|
|   read   |        empty_read_fu_172        |
|----------|---------------------------------|
|          | out_local_V_data_0_V_val_fu_196 |
|          | out_local_V_data_1_V_val_fu_200 |
|          | out_local_V_data_2_V_val_fu_204 |
|          | out_local_V_data_3_V_val_fu_208 |
|extractvalue| out_local_V_data_4_V_val_fu_212 |
|          | out_local_V_data_5_V_val_fu_216 |
|          | out_local_V_data_6_V_val_fu_220 |
|          | out_local_V_data_7_V_val_fu_224 |
|          | out_local_V_data_8_V_val_fu_228 |
|          | out_local_V_data_9_V_val_fu_232 |
|----------|---------------------------------|
|   Total  |                                 |
|----------|---------------------------------|

Memories:
N/A

* Register list:
N/A

* Multiplexer (MUX) list: 
|--------|------|------|------|--------|
|  Comp  |  Pin | Size |  BW  | S x BW |
|--------|------|------|------|--------|
|  Total |      |      |      |    0   |
|--------|------|------|------|--------|



* Summary:
+-----------+
|           |
+-----------+
|  Function |
|   Memory  |
|Multiplexer|
|  Register |
+-----------+
|   Total   |
+-----------+
