

================================================================
== Vivado HLS Report for 'compute_output_buffer_2d_array_array_ap_fixed_16_6_5_3_0_16u_config2_s'
================================================================
* Date:           Thu Apr  4 19:35:55 2024

* Version:        2019.2 (Build 2704478 on Wed Nov 06 22:10:23 MST 2019)
* Project:        myproject_prj
* Solution:       solution1
* Product family: zynquplus
* Target device:  xczu5ev-sfvc784-2LV-e


================================================================
== Performance Estimates
================================================================
+ Timing: 
    * Summary: 
    +--------+---------+----------+------------+
    |  Clock |  Target | Estimated| Uncertainty|
    +--------+---------+----------+------------+
    |ap_clk  | 5.00 ns | 3.920 ns |   0.62 ns  |
    +--------+---------+----------+------------+

+ Latency: 
    * Summary: 
    +---------+---------+-----------+-----------+-----+-----+----------+
    |  Latency (cycles) |   Latency (absolute)  |  Interval | Pipeline |
    |   min   |   max   |    min    |    max    | min | max |   Type   |
    +---------+---------+-----------+-----------+-----+-----+----------+
    |       13|       13| 65.000 ns | 65.000 ns |   14|   14| function |
    +---------+---------+-----------+-----------+-----+-----+----------+

    + Detail: 
        * Instance: 
        N/A

        * Loop: 
        N/A

============================================================
+ Verbose Summary: Synthesis Manager
============================================================
InlineROM: 1
ExposeGlobal: 0
============================================================
+ Verbose Summary: CDFG Model
============================================================
IsTopModel: 0
ResetActiveHigh: 1
IsCombinational: 0
IsDatapathOnly: 0
HasWiredReturn: 1
HasMFsm: 2
HasVarLatency: 0
IsPipeline: 1
IsRtlPipelined: 0
IsInstanceOverlapped: 0
IsDontTouch: 0
HasImplIP: 0
IsGatedGlobalClock: 0

+ Individual pipeline summary: 
  * Pipeline-0: initiation interval (II) = 14, depth = 14


============================================================
+ Verbose Summary: Schedule
============================================================
* Number of FSM states : 14
* Pipeline : 1
  Pipeline-0 : II = 14, D = 14, States = { 1 2 3 4 5 6 7 8 9 10 11 12 13 14 }
* Dataflow Pipeline: 0

* FSM state transitions: 
1 --> 2 
2 --> 3 
3 --> 4 
4 --> 5 
5 --> 6 
6 --> 7 
7 --> 8 
8 --> 9 
9 --> 10 
10 --> 11 
11 --> 12 
12 --> 13 
13 --> 14 
14 --> 

* FSM state operations: 

State 1 <SV = 0> <Delay = 1.43>
ST_1 : Operation 15 [1/1] (0.00ns)   --->   "call void (...)* @_ssdm_op_SpecInterface(i16* %res_stream_V_data_0_V, [8 x i8]* @ap_fifo_str, i32 0, i32 0, [1 x i8]* @p_str715, i32 0, i32 0, [1 x i8]* @p_str716, [1 x i8]* @p_str717, [1 x i8]* @p_str718, i32 2, i32 2, i32 16, i32 16, [1 x i8]* @p_str719, [1 x i8]* @p_str720)"   --->   Operation 15 'specinterface' <Predicate = true> <Delay = 0.00>
ST_1 : Operation 16 [1/1] (0.00ns)   --->   "call void (...)* @_ssdm_op_SpecInterface(i16* %res_stream_V_data_1_V, [8 x i8]* @ap_fifo_str, i32 0, i32 0, [1 x i8]* @p_str722, i32 0, i32 0, [1 x i8]* @p_str723, [1 x i8]* @p_str724, [1 x i8]* @p_str725, i32 2, i32 2, i32 16, i32 16, [1 x i8]* @p_str726, [1 x i8]* @p_str727)"   --->   Operation 16 'specinterface' <Predicate = true> <Delay = 0.00>
ST_1 : Operation 17 [1/1] (0.00ns)   --->   "call void (...)* @_ssdm_op_SpecInterface(i16* %res_stream_V_data_2_V, [8 x i8]* @ap_fifo_str, i32 0, i32 0, [1 x i8]* @p_str729, i32 0, i32 0, [1 x i8]* @p_str730, [1 x i8]* @p_str731, [1 x i8]* @p_str732, i32 2, i32 2, i32 16, i32 16, [1 x i8]* @p_str733, [1 x i8]* @p_str734)"   --->   Operation 17 'specinterface' <Predicate = true> <Delay = 0.00>
ST_1 : Operation 18 [1/1] (0.00ns)   --->   "call void (...)* @_ssdm_op_SpecInterface(i16* %res_stream_V_data_3_V, [8 x i8]* @ap_fifo_str, i32 0, i32 0, [1 x i8]* @p_str736, i32 0, i32 0, [1 x i8]* @p_str737, [1 x i8]* @p_str738, [1 x i8]* @p_str739, i32 2, i32 2, i32 16, i32 16, [1 x i8]* @p_str740, [1 x i8]* @p_str741)"   --->   Operation 18 'specinterface' <Predicate = true> <Delay = 0.00>
ST_1 : Operation 19 [1/1] (0.00ns)   --->   "call void (...)* @_ssdm_op_SpecInterface(i16* %res_stream_V_data_4_V, [8 x i8]* @ap_fifo_str, i32 0, i32 0, [1 x i8]* @p_str743, i32 0, i32 0, [1 x i8]* @p_str744, [1 x i8]* @p_str745, [1 x i8]* @p_str746, i32 2, i32 2, i32 16, i32 16, [1 x i8]* @p_str747, [1 x i8]* @p_str748)"   --->   Operation 19 'specinterface' <Predicate = true> <Delay = 0.00>
ST_1 : Operation 20 [1/1] (0.00ns)   --->   "call void (...)* @_ssdm_op_SpecInterface(i16* %res_stream_V_data_5_V, [8 x i8]* @ap_fifo_str, i32 0, i32 0, [1 x i8]* @p_str750, i32 0, i32 0, [1 x i8]* @p_str751, [1 x i8]* @p_str752, [1 x i8]* @p_str753, i32 2, i32 2, i32 16, i32 16, [1 x i8]* @p_str754, [1 x i8]* @p_str755)"   --->   Operation 20 'specinterface' <Predicate = true> <Delay = 0.00>
ST_1 : Operation 21 [1/1] (0.00ns)   --->   "call void (...)* @_ssdm_op_SpecInterface(i16* %res_stream_V_data_6_V, [8 x i8]* @ap_fifo_str, i32 0, i32 0, [1 x i8]* @p_str757, i32 0, i32 0, [1 x i8]* @p_str758, [1 x i8]* @p_str759, [1 x i8]* @p_str760, i32 2, i32 2, i32 16, i32 16, [1 x i8]* @p_str761, [1 x i8]* @p_str762)"   --->   Operation 21 'specinterface' <Predicate = true> <Delay = 0.00>
ST_1 : Operation 22 [1/1] (0.00ns)   --->   "call void (...)* @_ssdm_op_SpecInterface(i16* %res_stream_V_data_7_V, [8 x i8]* @ap_fifo_str, i32 0, i32 0, [1 x i8]* @p_str764, i32 0, i32 0, [1 x i8]* @p_str765, [1 x i8]* @p_str766, [1 x i8]* @p_str767, i32 2, i32 2, i32 16, i32 16, [1 x i8]* @p_str768, [1 x i8]* @p_str769)"   --->   Operation 22 'specinterface' <Predicate = true> <Delay = 0.00>
ST_1 : Operation 23 [1/1] (0.00ns)   --->   "call void (...)* @_ssdm_op_SpecInterface(i16* %res_stream_V_data_8_V, [8 x i8]* @ap_fifo_str, i32 0, i32 0, [1 x i8]* @p_str771, i32 0, i32 0, [1 x i8]* @p_str772, [1 x i8]* @p_str773, [1 x i8]* @p_str774, i32 2, i32 2, i32 16, i32 16, [1 x i8]* @p_str775, [1 x i8]* @p_str776)"   --->   Operation 23 'specinterface' <Predicate = true> <Delay = 0.00>
ST_1 : Operation 24 [1/1] (0.00ns)   --->   "call void (...)* @_ssdm_op_SpecInterface(i16* %res_stream_V_data_9_V, [8 x i8]* @ap_fifo_str, i32 0, i32 0, [1 x i8]* @p_str778, i32 0, i32 0, [1 x i8]* @p_str779, [1 x i8]* @p_str780, [1 x i8]* @p_str781, i32 2, i32 2, i32 16, i32 16, [1 x i8]* @p_str782, [1 x i8]* @p_str783)"   --->   Operation 24 'specinterface' <Predicate = true> <Delay = 0.00>
ST_1 : Operation 25 [1/1] (0.00ns)   --->   "call void (...)* @_ssdm_op_SpecInterface(i16* %res_stream_V_data_10_V, [8 x i8]* @ap_fifo_str, i32 0, i32 0, [1 x i8]* @p_str785, i32 0, i32 0, [1 x i8]* @p_str786, [1 x i8]* @p_str787, [1 x i8]* @p_str788, i32 2, i32 2, i32 16, i32 16, [1 x i8]* @p_str789, [1 x i8]* @p_str790)"   --->   Operation 25 'specinterface' <Predicate = true> <Delay = 0.00>
ST_1 : Operation 26 [1/1] (0.00ns)   --->   "call void (...)* @_ssdm_op_SpecInterface(i16* %res_stream_V_data_11_V, [8 x i8]* @ap_fifo_str, i32 0, i32 0, [1 x i8]* @p_str792, i32 0, i32 0, [1 x i8]* @p_str793, [1 x i8]* @p_str794, [1 x i8]* @p_str795, i32 2, i32 2, i32 16, i32 16, [1 x i8]* @p_str796, [1 x i8]* @p_str797)"   --->   Operation 26 'specinterface' <Predicate = true> <Delay = 0.00>
ST_1 : Operation 27 [1/1] (0.00ns)   --->   "call void (...)* @_ssdm_op_SpecInterface(i16* %res_stream_V_data_12_V, [8 x i8]* @ap_fifo_str, i32 0, i32 0, [1 x i8]* @p_str799, i32 0, i32 0, [1 x i8]* @p_str800, [1 x i8]* @p_str801, [1 x i8]* @p_str802, i32 2, i32 2, i32 16, i32 16, [1 x i8]* @p_str803, [1 x i8]* @p_str804)"   --->   Operation 27 'specinterface' <Predicate = true> <Delay = 0.00>
ST_1 : Operation 28 [1/1] (0.00ns)   --->   "call void (...)* @_ssdm_op_SpecInterface(i16* %res_stream_V_data_13_V, [8 x i8]* @ap_fifo_str, i32 0, i32 0, [1 x i8]* @p_str806, i32 0, i32 0, [1 x i8]* @p_str807, [1 x i8]* @p_str808, [1 x i8]* @p_str809, i32 2, i32 2, i32 16, i32 16, [1 x i8]* @p_str810, [1 x i8]* @p_str811)"   --->   Operation 28 'specinterface' <Predicate = true> <Delay = 0.00>
ST_1 : Operation 29 [1/1] (0.00ns)   --->   "call void (...)* @_ssdm_op_SpecInterface(i16* %res_stream_V_data_14_V, [8 x i8]* @ap_fifo_str, i32 0, i32 0, [1 x i8]* @p_str813, i32 0, i32 0, [1 x i8]* @p_str814, [1 x i8]* @p_str815, [1 x i8]* @p_str816, i32 2, i32 2, i32 16, i32 16, [1 x i8]* @p_str817, [1 x i8]* @p_str818)"   --->   Operation 29 'specinterface' <Predicate = true> <Delay = 0.00>
ST_1 : Operation 30 [1/1] (0.00ns)   --->   "call void (...)* @_ssdm_op_SpecInterface(i16* %res_stream_V_data_15_V, [8 x i8]* @ap_fifo_str, i32 0, i32 0, [1 x i8]* @p_str820, i32 0, i32 0, [1 x i8]* @p_str821, [1 x i8]* @p_str822, [1 x i8]* @p_str823, i32 2, i32 2, i32 16, i32 16, [1 x i8]* @p_str824, [1 x i8]* @p_str825)"   --->   Operation 30 'specinterface' <Predicate = true> <Delay = 0.00>
ST_1 : Operation 31 [1/1] (0.00ns)   --->   "%in_elem_data_2_V_read_6 = call i16 @_ssdm_op_Read.ap_auto.i16(i16 %in_elem_data_2_V_read)"   --->   Operation 31 'read' 'in_elem_data_2_V_read_6' <Predicate = true> <Delay = 0.00>
ST_1 : Operation 32 [1/1] (0.00ns)   --->   "%in_elem_data_1_V_read_6 = call i16 @_ssdm_op_Read.ap_auto.i16(i16 %in_elem_data_1_V_read)"   --->   Operation 32 'read' 'in_elem_data_1_V_read_6' <Predicate = true> <Delay = 0.00>
ST_1 : Operation 33 [1/1] (0.00ns)   --->   "%in_elem_data_0_V_read_6 = call i16 @_ssdm_op_Read.ap_auto.i16(i16 %in_elem_data_0_V_read)"   --->   Operation 33 'read' 'in_elem_data_0_V_read_6' <Predicate = true> <Delay = 0.00>
ST_1 : Operation 34 [1/1] (0.00ns)   --->   "%kernel_data_V_2_3_load = load i16* @kernel_data_V_2_3, align 2" [firmware/nnet_utils/nnet_conv_stream.h:286]   --->   Operation 34 'load' 'kernel_data_V_2_3_load' <Predicate = true> <Delay = 0.00>
ST_1 : Operation 35 [1/1] (0.00ns)   --->   "%kernel_data_V_2_4_load = load i16* @kernel_data_V_2_4, align 2" [firmware/nnet_utils/nnet_conv_stream.h:286]   --->   Operation 35 'load' 'kernel_data_V_2_4_load' <Predicate = true> <Delay = 0.00>
ST_1 : Operation 36 [1/1] (0.00ns)   --->   "%kernel_data_V_2_5_load = load i16* @kernel_data_V_2_5, align 2" [firmware/nnet_utils/nnet_conv_stream.h:286]   --->   Operation 36 'load' 'kernel_data_V_2_5_load' <Predicate = true> <Delay = 0.00>
ST_1 : Operation 37 [1/1] (0.00ns)   --->   "%kernel_data_V_2_6_load = load i16* @kernel_data_V_2_6, align 2" [firmware/nnet_utils/nnet_conv_stream.h:286]   --->   Operation 37 'load' 'kernel_data_V_2_6_load' <Predicate = true> <Delay = 0.00>
ST_1 : Operation 38 [1/1] (0.00ns)   --->   "%kernel_data_V_2_7_load = load i16* @kernel_data_V_2_7, align 2" [firmware/nnet_utils/nnet_conv_stream.h:286]   --->   Operation 38 'load' 'kernel_data_V_2_7_load' <Predicate = true> <Delay = 0.00>
ST_1 : Operation 39 [1/1] (0.00ns)   --->   "%kernel_data_V_2_8_load = load i16* @kernel_data_V_2_8, align 2" [firmware/nnet_utils/nnet_conv_stream.h:286]   --->   Operation 39 'load' 'kernel_data_V_2_8_load' <Predicate = true> <Delay = 0.00>
ST_1 : Operation 40 [1/1] (0.00ns)   --->   "%kernel_data_V_2_12_load = load i16* @kernel_data_V_2_12, align 2" [firmware/nnet_utils/nnet_conv_stream.h:286]   --->   Operation 40 'load' 'kernel_data_V_2_12_load' <Predicate = true> <Delay = 0.00>
ST_1 : Operation 41 [1/1] (0.00ns)   --->   "%kernel_data_V_2_13_load = load i16* @kernel_data_V_2_13, align 2" [firmware/nnet_utils/nnet_conv_stream.h:286]   --->   Operation 41 'load' 'kernel_data_V_2_13_load' <Predicate = true> <Delay = 0.00>
ST_1 : Operation 42 [1/1] (0.00ns)   --->   "%kernel_data_V_2_14_load = load i16* @kernel_data_V_2_14, align 2" [firmware/nnet_utils/nnet_conv_stream.h:286]   --->   Operation 42 'load' 'kernel_data_V_2_14_load' <Predicate = true> <Delay = 0.00>
ST_1 : Operation 43 [1/1] (0.00ns)   --->   "%kernel_data_V_2_15_load = load i16* @kernel_data_V_2_15, align 2" [firmware/nnet_utils/nnet_conv_stream.h:286]   --->   Operation 43 'load' 'kernel_data_V_2_15_load' <Predicate = true> <Delay = 0.00>
ST_1 : Operation 44 [1/1] (0.00ns)   --->   "%kernel_data_V_2_16_load = load i16* @kernel_data_V_2_16, align 2" [firmware/nnet_utils/nnet_conv_stream.h:286]   --->   Operation 44 'load' 'kernel_data_V_2_16_load' <Predicate = true> <Delay = 0.00>
ST_1 : Operation 45 [1/1] (0.00ns)   --->   "%kernel_data_V_2_17_load = load i16* @kernel_data_V_2_17, align 2" [firmware/nnet_utils/nnet_conv_stream.h:286]   --->   Operation 45 'load' 'kernel_data_V_2_17_load' <Predicate = true> <Delay = 0.00>
ST_1 : Operation 46 [1/1] (0.00ns)   --->   "%kernel_data_V_2_21_load = load i16* @kernel_data_V_2_21, align 2" [firmware/nnet_utils/nnet_conv_stream.h:286]   --->   Operation 46 'load' 'kernel_data_V_2_21_load' <Predicate = true> <Delay = 0.00>
ST_1 : Operation 47 [1/1] (0.00ns)   --->   "%kernel_data_V_2_22_load = load i16* @kernel_data_V_2_22, align 2" [firmware/nnet_utils/nnet_conv_stream.h:286]   --->   Operation 47 'load' 'kernel_data_V_2_22_load' <Predicate = true> <Delay = 0.00>
ST_1 : Operation 48 [1/1] (0.00ns)   --->   "%kernel_data_V_2_23_load = load i16* @kernel_data_V_2_23, align 2" [firmware/nnet_utils/nnet_conv_stream.h:286]   --->   Operation 48 'load' 'kernel_data_V_2_23_load' <Predicate = true> <Delay = 0.00>
ST_1 : Operation 49 [1/1] (0.00ns)   --->   "%kernel_data_V_2_24_load = load i16* @kernel_data_V_2_24, align 2" [firmware/nnet_utils/nnet_conv_stream.h:286]   --->   Operation 49 'load' 'kernel_data_V_2_24_load' <Predicate = true> <Delay = 0.00>
ST_1 : Operation 50 [1/1] (0.00ns)   --->   "%kernel_data_V_2_25_load = load i16* @kernel_data_V_2_25, align 2" [firmware/nnet_utils/nnet_conv_stream.h:286]   --->   Operation 50 'load' 'kernel_data_V_2_25_load' <Predicate = true> <Delay = 0.00>
ST_1 : Operation 51 [1/1] (0.00ns)   --->   "%kernel_data_V_2_26_load = load i16* @kernel_data_V_2_26, align 2" [firmware/nnet_utils/nnet_conv_stream.h:286]   --->   Operation 51 'load' 'kernel_data_V_2_26_load' <Predicate = true> <Delay = 0.00>
ST_1 : Operation 52 [1/1] (1.43ns)   --->   "%call_ret1 = call fastcc { i16, i16, i16, i16, i16, i16, i16, i16, i16, i16, i16, i16, i16, i16, i16, i16, i16, i16, i16, i16, i16, i16, i16, i16, i16, i16, i16 } @"shift_line_buffer<array<ap_fixed<16, 6, 5, 3, 0>, 3u>, config2>"(i16 %in_elem_data_0_V_read_6, i16 %in_elem_data_1_V_read_6, i16 %in_elem_data_2_V_read_6, i16 %kernel_data_V_2_3_load, i16 %kernel_data_V_2_4_load, i16 %kernel_data_V_2_5_load, i16 %kernel_data_V_2_6_load, i16 %kernel_data_V_2_7_load, i16 %kernel_data_V_2_8_load, i16 %kernel_data_V_2_12_load, i16 %kernel_data_V_2_13_load, i16 %kernel_data_V_2_14_load, i16 %kernel_data_V_2_15_load, i16 %kernel_data_V_2_16_load, i16 %kernel_data_V_2_17_load, i16 %kernel_data_V_2_21_load, i16 %kernel_data_V_2_22_load, i16 %kernel_data_V_2_23_load, i16 %kernel_data_V_2_24_load, i16 %kernel_data_V_2_25_load, i16 %kernel_data_V_2_26_load)" [firmware/nnet_utils/nnet_conv_stream.h:286]   --->   Operation 52 'call' 'call_ret1' <Predicate = true> <Delay = 1.43> <CoreType = "Generic">   --->   Core 0 '' <Latency = 0> <II = 1> <Delay = 1.00> <Generic> <Opcode : >
ST_1 : Operation 53 [1/1] (0.00ns)   --->   "%kernel_data_V_2_20_ret = extractvalue { i16, i16, i16, i16, i16, i16, i16, i16, i16, i16, i16, i16, i16, i16, i16, i16, i16, i16, i16, i16, i16, i16, i16, i16, i16, i16, i16 } %call_ret1, 8" [firmware/nnet_utils/nnet_conv_stream.h:286]   --->   Operation 53 'extractvalue' 'kernel_data_V_2_20_ret' <Predicate = true> <Delay = 0.00>
ST_1 : Operation 54 [1/1] (0.00ns)   --->   "%kernel_data_V_2_19_ret = extractvalue { i16, i16, i16, i16, i16, i16, i16, i16, i16, i16, i16, i16, i16, i16, i16, i16, i16, i16, i16, i16, i16, i16, i16, i16, i16, i16, i16 } %call_ret1, 7" [firmware/nnet_utils/nnet_conv_stream.h:286]   --->   Operation 54 'extractvalue' 'kernel_data_V_2_19_ret' <Predicate = true> <Delay = 0.00>
ST_1 : Operation 55 [1/1] (0.00ns)   --->   "%kernel_data_V_2_18_ret = extractvalue { i16, i16, i16, i16, i16, i16, i16, i16, i16, i16, i16, i16, i16, i16, i16, i16, i16, i16, i16, i16, i16, i16, i16, i16, i16, i16, i16 } %call_ret1, 6" [firmware/nnet_utils/nnet_conv_stream.h:286]   --->   Operation 55 'extractvalue' 'kernel_data_V_2_18_ret' <Predicate = true> <Delay = 0.00>
ST_1 : Operation 56 [1/1] (0.00ns)   --->   "%kernel_data_V_2_11_ret = extractvalue { i16, i16, i16, i16, i16, i16, i16, i16, i16, i16, i16, i16, i16, i16, i16, i16, i16, i16, i16, i16, i16, i16, i16, i16, i16, i16, i16 } %call_ret1, 5" [firmware/nnet_utils/nnet_conv_stream.h:286]   --->   Operation 56 'extractvalue' 'kernel_data_V_2_11_ret' <Predicate = true> <Delay = 0.00>
ST_1 : Operation 57 [1/1] (0.00ns)   --->   "%kernel_data_V_2_10_ret = extractvalue { i16, i16, i16, i16, i16, i16, i16, i16, i16, i16, i16, i16, i16, i16, i16, i16, i16, i16, i16, i16, i16, i16, i16, i16, i16, i16, i16 } %call_ret1, 4" [firmware/nnet_utils/nnet_conv_stream.h:286]   --->   Operation 57 'extractvalue' 'kernel_data_V_2_10_ret' <Predicate = true> <Delay = 0.00>
ST_1 : Operation 58 [1/1] (0.00ns)   --->   "%kernel_data_V_2_9_ret = extractvalue { i16, i16, i16, i16, i16, i16, i16, i16, i16, i16, i16, i16, i16, i16, i16, i16, i16, i16, i16, i16, i16, i16, i16, i16, i16, i16, i16 } %call_ret1, 3" [firmware/nnet_utils/nnet_conv_stream.h:286]   --->   Operation 58 'extractvalue' 'kernel_data_V_2_9_ret' <Predicate = true> <Delay = 0.00>
ST_1 : Operation 59 [1/1] (0.00ns)   --->   "%kernel_data_V_2_2_ret = extractvalue { i16, i16, i16, i16, i16, i16, i16, i16, i16, i16, i16, i16, i16, i16, i16, i16, i16, i16, i16, i16, i16, i16, i16, i16, i16, i16, i16 } %call_ret1, 2" [firmware/nnet_utils/nnet_conv_stream.h:286]   --->   Operation 59 'extractvalue' 'kernel_data_V_2_2_ret' <Predicate = true> <Delay = 0.00>
ST_1 : Operation 60 [1/1] (0.00ns)   --->   "%kernel_data_V_2_1_ret = extractvalue { i16, i16, i16, i16, i16, i16, i16, i16, i16, i16, i16, i16, i16, i16, i16, i16, i16, i16, i16, i16, i16, i16, i16, i16, i16, i16, i16 } %call_ret1, 1" [firmware/nnet_utils/nnet_conv_stream.h:286]   --->   Operation 60 'extractvalue' 'kernel_data_V_2_1_ret' <Predicate = true> <Delay = 0.00>
ST_1 : Operation 61 [1/1] (0.00ns)   --->   "%kernel_data_V_2_0_ret = extractvalue { i16, i16, i16, i16, i16, i16, i16, i16, i16, i16, i16, i16, i16, i16, i16, i16, i16, i16, i16, i16, i16, i16, i16, i16, i16, i16, i16 } %call_ret1, 0" [firmware/nnet_utils/nnet_conv_stream.h:286]   --->   Operation 61 'extractvalue' 'kernel_data_V_2_0_ret' <Predicate = true> <Delay = 0.00>
ST_1 : Operation 62 [1/1] (0.00ns)   --->   "%kernel_data_V_2_3_ret = extractvalue { i16, i16, i16, i16, i16, i16, i16, i16, i16, i16, i16, i16, i16, i16, i16, i16, i16, i16, i16, i16, i16, i16, i16, i16, i16, i16, i16 } %call_ret1, 9" [firmware/nnet_utils/nnet_conv_stream.h:286]   --->   Operation 62 'extractvalue' 'kernel_data_V_2_3_ret' <Predicate = true> <Delay = 0.00>
ST_1 : Operation 63 [1/1] (0.00ns)   --->   "store i16 %kernel_data_V_2_3_ret, i16* @kernel_data_V_2_3, align 2" [firmware/nnet_utils/nnet_conv_stream.h:286]   --->   Operation 63 'store' <Predicate = true> <Delay = 0.00>
ST_1 : Operation 64 [1/1] (0.00ns)   --->   "%kernel_data_V_2_4_ret = extractvalue { i16, i16, i16, i16, i16, i16, i16, i16, i16, i16, i16, i16, i16, i16, i16, i16, i16, i16, i16, i16, i16, i16, i16, i16, i16, i16, i16 } %call_ret1, 10" [firmware/nnet_utils/nnet_conv_stream.h:286]   --->   Operation 64 'extractvalue' 'kernel_data_V_2_4_ret' <Predicate = true> <Delay = 0.00>
ST_1 : Operation 65 [1/1] (0.00ns)   --->   "store i16 %kernel_data_V_2_4_ret, i16* @kernel_data_V_2_4, align 2" [firmware/nnet_utils/nnet_conv_stream.h:286]   --->   Operation 65 'store' <Predicate = true> <Delay = 0.00>
ST_1 : Operation 66 [1/1] (0.00ns)   --->   "%kernel_data_V_2_5_ret = extractvalue { i16, i16, i16, i16, i16, i16, i16, i16, i16, i16, i16, i16, i16, i16, i16, i16, i16, i16, i16, i16, i16, i16, i16, i16, i16, i16, i16 } %call_ret1, 11" [firmware/nnet_utils/nnet_conv_stream.h:286]   --->   Operation 66 'extractvalue' 'kernel_data_V_2_5_ret' <Predicate = true> <Delay = 0.00>
ST_1 : Operation 67 [1/1] (0.00ns)   --->   "store i16 %kernel_data_V_2_5_ret, i16* @kernel_data_V_2_5, align 2" [firmware/nnet_utils/nnet_conv_stream.h:286]   --->   Operation 67 'store' <Predicate = true> <Delay = 0.00>
ST_1 : Operation 68 [1/1] (0.00ns)   --->   "%kernel_data_V_2_6_ret = extractvalue { i16, i16, i16, i16, i16, i16, i16, i16, i16, i16, i16, i16, i16, i16, i16, i16, i16, i16, i16, i16, i16, i16, i16, i16, i16, i16, i16 } %call_ret1, 12" [firmware/nnet_utils/nnet_conv_stream.h:286]   --->   Operation 68 'extractvalue' 'kernel_data_V_2_6_ret' <Predicate = true> <Delay = 0.00>
ST_1 : Operation 69 [1/1] (0.00ns)   --->   "store i16 %kernel_data_V_2_6_ret, i16* @kernel_data_V_2_6, align 2" [firmware/nnet_utils/nnet_conv_stream.h:286]   --->   Operation 69 'store' <Predicate = true> <Delay = 0.00>
ST_1 : Operation 70 [1/1] (0.00ns)   --->   "%kernel_data_V_2_7_ret = extractvalue { i16, i16, i16, i16, i16, i16, i16, i16, i16, i16, i16, i16, i16, i16, i16, i16, i16, i16, i16, i16, i16, i16, i16, i16, i16, i16, i16 } %call_ret1, 13" [firmware/nnet_utils/nnet_conv_stream.h:286]   --->   Operation 70 'extractvalue' 'kernel_data_V_2_7_ret' <Predicate = true> <Delay = 0.00>
ST_1 : Operation 71 [1/1] (0.00ns)   --->   "store i16 %kernel_data_V_2_7_ret, i16* @kernel_data_V_2_7, align 2" [firmware/nnet_utils/nnet_conv_stream.h:286]   --->   Operation 71 'store' <Predicate = true> <Delay = 0.00>
ST_1 : Operation 72 [1/1] (0.00ns)   --->   "%kernel_data_V_2_8_ret = extractvalue { i16, i16, i16, i16, i16, i16, i16, i16, i16, i16, i16, i16, i16, i16, i16, i16, i16, i16, i16, i16, i16, i16, i16, i16, i16, i16, i16 } %call_ret1, 14" [firmware/nnet_utils/nnet_conv_stream.h:286]   --->   Operation 72 'extractvalue' 'kernel_data_V_2_8_ret' <Predicate = true> <Delay = 0.00>
ST_1 : Operation 73 [1/1] (0.00ns)   --->   "store i16 %kernel_data_V_2_8_ret, i16* @kernel_data_V_2_8, align 2" [firmware/nnet_utils/nnet_conv_stream.h:286]   --->   Operation 73 'store' <Predicate = true> <Delay = 0.00>
ST_1 : Operation 74 [1/1] (0.00ns)   --->   "%kernel_data_V_2_12_ret = extractvalue { i16, i16, i16, i16, i16, i16, i16, i16, i16, i16, i16, i16, i16, i16, i16, i16, i16, i16, i16, i16, i16, i16, i16, i16, i16, i16, i16 } %call_ret1, 15" [firmware/nnet_utils/nnet_conv_stream.h:286]   --->   Operation 74 'extractvalue' 'kernel_data_V_2_12_ret' <Predicate = true> <Delay = 0.00>
ST_1 : Operation 75 [1/1] (0.00ns)   --->   "store i16 %kernel_data_V_2_12_ret, i16* @kernel_data_V_2_12, align 2" [firmware/nnet_utils/nnet_conv_stream.h:286]   --->   Operation 75 'store' <Predicate = true> <Delay = 0.00>
ST_1 : Operation 76 [1/1] (0.00ns)   --->   "%kernel_data_V_2_13_ret = extractvalue { i16, i16, i16, i16, i16, i16, i16, i16, i16, i16, i16, i16, i16, i16, i16, i16, i16, i16, i16, i16, i16, i16, i16, i16, i16, i16, i16 } %call_ret1, 16" [firmware/nnet_utils/nnet_conv_stream.h:286]   --->   Operation 76 'extractvalue' 'kernel_data_V_2_13_ret' <Predicate = true> <Delay = 0.00>
ST_1 : Operation 77 [1/1] (0.00ns)   --->   "store i16 %kernel_data_V_2_13_ret, i16* @kernel_data_V_2_13, align 2" [firmware/nnet_utils/nnet_conv_stream.h:286]   --->   Operation 77 'store' <Predicate = true> <Delay = 0.00>
ST_1 : Operation 78 [1/1] (0.00ns)   --->   "%kernel_data_V_2_14_ret = extractvalue { i16, i16, i16, i16, i16, i16, i16, i16, i16, i16, i16, i16, i16, i16, i16, i16, i16, i16, i16, i16, i16, i16, i16, i16, i16, i16, i16 } %call_ret1, 17" [firmware/nnet_utils/nnet_conv_stream.h:286]   --->   Operation 78 'extractvalue' 'kernel_data_V_2_14_ret' <Predicate = true> <Delay = 0.00>
ST_1 : Operation 79 [1/1] (0.00ns)   --->   "store i16 %kernel_data_V_2_14_ret, i16* @kernel_data_V_2_14, align 2" [firmware/nnet_utils/nnet_conv_stream.h:286]   --->   Operation 79 'store' <Predicate = true> <Delay = 0.00>
ST_1 : Operation 80 [1/1] (0.00ns)   --->   "%kernel_data_V_2_15_ret = extractvalue { i16, i16, i16, i16, i16, i16, i16, i16, i16, i16, i16, i16, i16, i16, i16, i16, i16, i16, i16, i16, i16, i16, i16, i16, i16, i16, i16 } %call_ret1, 18" [firmware/nnet_utils/nnet_conv_stream.h:286]   --->   Operation 80 'extractvalue' 'kernel_data_V_2_15_ret' <Predicate = true> <Delay = 0.00>
ST_1 : Operation 81 [1/1] (0.00ns)   --->   "store i16 %kernel_data_V_2_15_ret, i16* @kernel_data_V_2_15, align 2" [firmware/nnet_utils/nnet_conv_stream.h:286]   --->   Operation 81 'store' <Predicate = true> <Delay = 0.00>
ST_1 : Operation 82 [1/1] (0.00ns)   --->   "%kernel_data_V_2_16_ret = extractvalue { i16, i16, i16, i16, i16, i16, i16, i16, i16, i16, i16, i16, i16, i16, i16, i16, i16, i16, i16, i16, i16, i16, i16, i16, i16, i16, i16 } %call_ret1, 19" [firmware/nnet_utils/nnet_conv_stream.h:286]   --->   Operation 82 'extractvalue' 'kernel_data_V_2_16_ret' <Predicate = true> <Delay = 0.00>
ST_1 : Operation 83 [1/1] (0.00ns)   --->   "store i16 %kernel_data_V_2_16_ret, i16* @kernel_data_V_2_16, align 2" [firmware/nnet_utils/nnet_conv_stream.h:286]   --->   Operation 83 'store' <Predicate = true> <Delay = 0.00>
ST_1 : Operation 84 [1/1] (0.00ns)   --->   "%kernel_data_V_2_17_ret = extractvalue { i16, i16, i16, i16, i16, i16, i16, i16, i16, i16, i16, i16, i16, i16, i16, i16, i16, i16, i16, i16, i16, i16, i16, i16, i16, i16, i16 } %call_ret1, 20" [firmware/nnet_utils/nnet_conv_stream.h:286]   --->   Operation 84 'extractvalue' 'kernel_data_V_2_17_ret' <Predicate = true> <Delay = 0.00>
ST_1 : Operation 85 [1/1] (0.00ns)   --->   "store i16 %kernel_data_V_2_17_ret, i16* @kernel_data_V_2_17, align 2" [firmware/nnet_utils/nnet_conv_stream.h:286]   --->   Operation 85 'store' <Predicate = true> <Delay = 0.00>
ST_1 : Operation 86 [1/1] (0.00ns)   --->   "%kernel_data_V_2_21_ret = extractvalue { i16, i16, i16, i16, i16, i16, i16, i16, i16, i16, i16, i16, i16, i16, i16, i16, i16, i16, i16, i16, i16, i16, i16, i16, i16, i16, i16 } %call_ret1, 21" [firmware/nnet_utils/nnet_conv_stream.h:286]   --->   Operation 86 'extractvalue' 'kernel_data_V_2_21_ret' <Predicate = true> <Delay = 0.00>
ST_1 : Operation 87 [1/1] (0.00ns)   --->   "store i16 %kernel_data_V_2_21_ret, i16* @kernel_data_V_2_21, align 2" [firmware/nnet_utils/nnet_conv_stream.h:286]   --->   Operation 87 'store' <Predicate = true> <Delay = 0.00>
ST_1 : Operation 88 [1/1] (0.00ns)   --->   "%kernel_data_V_2_22_ret = extractvalue { i16, i16, i16, i16, i16, i16, i16, i16, i16, i16, i16, i16, i16, i16, i16, i16, i16, i16, i16, i16, i16, i16, i16, i16, i16, i16, i16 } %call_ret1, 22" [firmware/nnet_utils/nnet_conv_stream.h:286]   --->   Operation 88 'extractvalue' 'kernel_data_V_2_22_ret' <Predicate = true> <Delay = 0.00>
ST_1 : Operation 89 [1/1] (0.00ns)   --->   "store i16 %kernel_data_V_2_22_ret, i16* @kernel_data_V_2_22, align 2" [firmware/nnet_utils/nnet_conv_stream.h:286]   --->   Operation 89 'store' <Predicate = true> <Delay = 0.00>
ST_1 : Operation 90 [1/1] (0.00ns)   --->   "%kernel_data_V_2_23_ret = extractvalue { i16, i16, i16, i16, i16, i16, i16, i16, i16, i16, i16, i16, i16, i16, i16, i16, i16, i16, i16, i16, i16, i16, i16, i16, i16, i16, i16 } %call_ret1, 23" [firmware/nnet_utils/nnet_conv_stream.h:286]   --->   Operation 90 'extractvalue' 'kernel_data_V_2_23_ret' <Predicate = true> <Delay = 0.00>
ST_1 : Operation 91 [1/1] (0.00ns)   --->   "store i16 %kernel_data_V_2_23_ret, i16* @kernel_data_V_2_23, align 2" [firmware/nnet_utils/nnet_conv_stream.h:286]   --->   Operation 91 'store' <Predicate = true> <Delay = 0.00>
ST_1 : Operation 92 [1/1] (0.00ns)   --->   "%kernel_data_V_2_24_ret = extractvalue { i16, i16, i16, i16, i16, i16, i16, i16, i16, i16, i16, i16, i16, i16, i16, i16, i16, i16, i16, i16, i16, i16, i16, i16, i16, i16, i16 } %call_ret1, 24" [firmware/nnet_utils/nnet_conv_stream.h:286]   --->   Operation 92 'extractvalue' 'kernel_data_V_2_24_ret' <Predicate = true> <Delay = 0.00>
ST_1 : Operation 93 [1/1] (0.00ns)   --->   "store i16 %kernel_data_V_2_24_ret, i16* @kernel_data_V_2_24, align 2" [firmware/nnet_utils/nnet_conv_stream.h:286]   --->   Operation 93 'store' <Predicate = true> <Delay = 0.00>
ST_1 : Operation 94 [1/1] (0.00ns)   --->   "%kernel_data_V_2_25_ret = extractvalue { i16, i16, i16, i16, i16, i16, i16, i16, i16, i16, i16, i16, i16, i16, i16, i16, i16, i16, i16, i16, i16, i16, i16, i16, i16, i16, i16 } %call_ret1, 25" [firmware/nnet_utils/nnet_conv_stream.h:286]   --->   Operation 94 'extractvalue' 'kernel_data_V_2_25_ret' <Predicate = true> <Delay = 0.00>
ST_1 : Operation 95 [1/1] (0.00ns)   --->   "store i16 %kernel_data_V_2_25_ret, i16* @kernel_data_V_2_25, align 2" [firmware/nnet_utils/nnet_conv_stream.h:286]   --->   Operation 95 'store' <Predicate = true> <Delay = 0.00>
ST_1 : Operation 96 [1/1] (0.00ns)   --->   "%kernel_data_V_2_26_ret = extractvalue { i16, i16, i16, i16, i16, i16, i16, i16, i16, i16, i16, i16, i16, i16, i16, i16, i16, i16, i16, i16, i16, i16, i16, i16, i16, i16, i16 } %call_ret1, 26" [firmware/nnet_utils/nnet_conv_stream.h:286]   --->   Operation 96 'extractvalue' 'kernel_data_V_2_26_ret' <Predicate = true> <Delay = 0.00>
ST_1 : Operation 97 [1/1] (0.00ns)   --->   "store i16 %kernel_data_V_2_26_ret, i16* @kernel_data_V_2_26, align 2" [firmware/nnet_utils/nnet_conv_stream.h:286]   --->   Operation 97 'store' <Predicate = true> <Delay = 0.00>
ST_1 : Operation 98 [1/1] (0.00ns)   --->   "%sX_3_load = load i32* @sX_3, align 4" [firmware/nnet_utils/nnet_conv_stream.h:289]   --->   Operation 98 'load' 'sX_3_load' <Predicate = true> <Delay = 0.00>
ST_1 : Operation 99 [1/1] (0.99ns)   --->   "%icmp_ln289 = icmp eq i32 %sX_3_load, 2" [firmware/nnet_utils/nnet_conv_stream.h:289]   --->   Operation 99 'icmp' 'icmp_ln289' <Predicate = true> <Delay = 0.99> <Core = "Cmp">   --->   Core 25 'Cmp' <Latency = 0> <II = 1> <Delay = 0.99> <FuncUnit> <Opcode : 'icmp'> <InPorts = 2> <OutPorts = 1>
ST_1 : Operation 100 [1/1] (0.00ns)   --->   "%sY_3_load = load i32* @sY_3, align 4" [firmware/nnet_utils/nnet_conv_stream.h:289]   --->   Operation 100 'load' 'sY_3_load' <Predicate = true> <Delay = 0.00>
ST_1 : Operation 101 [1/1] (0.99ns)   --->   "%icmp_ln289_1 = icmp eq i32 %sY_3_load, 2" [firmware/nnet_utils/nnet_conv_stream.h:289]   --->   Operation 101 'icmp' 'icmp_ln289_1' <Predicate = true> <Delay = 0.99> <Core = "Cmp">   --->   Core 25 'Cmp' <Latency = 0> <II = 1> <Delay = 0.99> <FuncUnit> <Opcode : 'icmp'> <InPorts = 2> <OutPorts = 1>
ST_1 : Operation 102 [1/1] (0.00ns)   --->   "%pY_3_load = load i32* @pY_3, align 4" [firmware/nnet_utils/nnet_conv_stream.h:289]   --->   Operation 102 'load' 'pY_3_load' <Predicate = true> <Delay = 0.00>
ST_1 : Operation 103 [1/1] (0.00ns)   --->   "%tmp = call i31 @_ssdm_op_PartSelect.i31.i32.i32.i32(i32 %pY_3_load, i32 1, i32 31)" [firmware/nnet_utils/nnet_conv_stream.h:289]   --->   Operation 103 'partselect' 'tmp' <Predicate = true> <Delay = 0.00>
ST_1 : Operation 104 [1/1] (0.99ns)   --->   "%icmp_ln289_7 = icmp sgt i31 %tmp, 0" [firmware/nnet_utils/nnet_conv_stream.h:289]   --->   Operation 104 'icmp' 'icmp_ln289_7' <Predicate = true> <Delay = 0.99> <Core = "Cmp">   --->   Core 25 'Cmp' <Latency = 0> <II = 1> <Delay = 0.99> <FuncUnit> <Opcode : 'icmp'> <InPorts = 2> <OutPorts = 1>
ST_1 : Operation 105 [1/1] (0.00ns)   --->   "%pX_3_load = load i32* @pX_3, align 4" [firmware/nnet_utils/nnet_conv_stream.h:289]   --->   Operation 105 'load' 'pX_3_load' <Predicate = true> <Delay = 0.00>
ST_1 : Operation 106 [1/1] (0.00ns)   --->   "%tmp_748 = call i31 @_ssdm_op_PartSelect.i31.i32.i32.i32(i32 %pX_3_load, i32 1, i32 31)" [firmware/nnet_utils/nnet_conv_stream.h:289]   --->   Operation 106 'partselect' 'tmp_748' <Predicate = true> <Delay = 0.00>
ST_1 : Operation 107 [1/1] (0.99ns)   --->   "%icmp_ln289_8 = icmp sgt i31 %tmp_748, 0" [firmware/nnet_utils/nnet_conv_stream.h:289]   --->   Operation 107 'icmp' 'icmp_ln289_8' <Predicate = true> <Delay = 0.99> <Core = "Cmp">   --->   Core 25 'Cmp' <Latency = 0> <II = 1> <Delay = 0.99> <FuncUnit> <Opcode : 'icmp'> <InPorts = 2> <OutPorts = 1>
ST_1 : Operation 108 [1/1] (0.00ns) (grouped into LUT with out node and_ln289_2)   --->   "%and_ln289 = and i1 %icmp_ln289, %icmp_ln289_1" [firmware/nnet_utils/nnet_conv_stream.h:289]   --->   Operation 108 'and' 'and_ln289' <Predicate = true> <Delay = 0.00> <Core = "LogicGate">   --->   Core 27 'LogicGate' <Latency = 0> <II = 1> <Delay = 0.28> <FuncUnit> <Opcode : 'and' 'or' 'xor'> <InPorts = 2> <OutPorts = 1>
ST_1 : Operation 109 [1/1] (0.00ns) (grouped into LUT with out node and_ln289_2)   --->   "%and_ln289_1 = and i1 %icmp_ln289_7, %icmp_ln289_8" [firmware/nnet_utils/nnet_conv_stream.h:289]   --->   Operation 109 'and' 'and_ln289_1' <Predicate = true> <Delay = 0.00> <Core = "LogicGate">   --->   Core 27 'LogicGate' <Latency = 0> <II = 1> <Delay = 0.28> <FuncUnit> <Opcode : 'and' 'or' 'xor'> <InPorts = 2> <OutPorts = 1>
ST_1 : Operation 110 [1/1] (0.28ns) (out node of the LUT)   --->   "%and_ln289_2 = and i1 %and_ln289_1, %and_ln289" [firmware/nnet_utils/nnet_conv_stream.h:289]   --->   Operation 110 'and' 'and_ln289_2' <Predicate = true> <Delay = 0.28> <Core = "LogicGate">   --->   Core 27 'LogicGate' <Latency = 0> <II = 1> <Delay = 0.28> <FuncUnit> <Opcode : 'and' 'or' 'xor'> <InPorts = 2> <OutPorts = 1>
ST_1 : Operation 111 [1/1] (0.00ns)   --->   "br i1 %and_ln289_2, label %0, label %._crit_edge22" [firmware/nnet_utils/nnet_conv_stream.h:289]   --->   Operation 111 'br' <Predicate = true> <Delay = 0.00>

State 2 <SV = 1> <Delay = 3.81>
ST_2 : Operation 112 [12/12] (3.81ns)   --->   "%call_ret = call fastcc { i16, i16, i16, i16, i16, i16, i16, i16, i16, i16, i16, i16, i16, i16, i16, i16 } @dense_latency.0.0.0.0.0.0.0.0.0.0.0.0.0.0.0.0.0.1(i16 %kernel_data_V_2_0_ret, i16 %kernel_data_V_2_1_ret, i16 %kernel_data_V_2_2_ret, i16 %kernel_data_V_2_3_ret, i16 %kernel_data_V_2_4_ret, i16 %kernel_data_V_2_5_ret, i16 %kernel_data_V_2_6_ret, i16 %kernel_data_V_2_7_ret, i16 %kernel_data_V_2_8_ret, i16 %kernel_data_V_2_9_ret, i16 %kernel_data_V_2_10_ret, i16 %kernel_data_V_2_11_ret, i16 %kernel_data_V_2_12_ret, i16 %kernel_data_V_2_13_ret, i16 %kernel_data_V_2_14_ret, i16 %kernel_data_V_2_15_ret, i16 %kernel_data_V_2_16_ret, i16 %kernel_data_V_2_17_ret, i16 %kernel_data_V_2_18_ret, i16 %kernel_data_V_2_19_ret, i16 %kernel_data_V_2_20_ret, i16 %kernel_data_V_2_21_ret, i16 %kernel_data_V_2_22_ret, i16 %kernel_data_V_2_23_ret, i16 %kernel_data_V_2_24_ret, i16 %kernel_data_V_2_25_ret, i16 %kernel_data_V_2_26_ret)" [firmware/nnet_utils/nnet_conv_stream.h:294]   --->   Operation 112 'call' 'call_ret' <Predicate = (and_ln289_2)> <Delay = 3.81> <CoreType = "Generic">   --->   Core 0 '' <Latency = 0> <II = 1> <Delay = 1.00> <Generic> <Opcode : >

State 3 <SV = 2> <Delay = 3.92>
ST_3 : Operation 113 [11/12] (3.92ns)   --->   "%call_ret = call fastcc { i16, i16, i16, i16, i16, i16, i16, i16, i16, i16, i16, i16, i16, i16, i16, i16 } @dense_latency.0.0.0.0.0.0.0.0.0.0.0.0.0.0.0.0.0.1(i16 %kernel_data_V_2_0_ret, i16 %kernel_data_V_2_1_ret, i16 %kernel_data_V_2_2_ret, i16 %kernel_data_V_2_3_ret, i16 %kernel_data_V_2_4_ret, i16 %kernel_data_V_2_5_ret, i16 %kernel_data_V_2_6_ret, i16 %kernel_data_V_2_7_ret, i16 %kernel_data_V_2_8_ret, i16 %kernel_data_V_2_9_ret, i16 %kernel_data_V_2_10_ret, i16 %kernel_data_V_2_11_ret, i16 %kernel_data_V_2_12_ret, i16 %kernel_data_V_2_13_ret, i16 %kernel_data_V_2_14_ret, i16 %kernel_data_V_2_15_ret, i16 %kernel_data_V_2_16_ret, i16 %kernel_data_V_2_17_ret, i16 %kernel_data_V_2_18_ret, i16 %kernel_data_V_2_19_ret, i16 %kernel_data_V_2_20_ret, i16 %kernel_data_V_2_21_ret, i16 %kernel_data_V_2_22_ret, i16 %kernel_data_V_2_23_ret, i16 %kernel_data_V_2_24_ret, i16 %kernel_data_V_2_25_ret, i16 %kernel_data_V_2_26_ret)" [firmware/nnet_utils/nnet_conv_stream.h:294]   --->   Operation 113 'call' 'call_ret' <Predicate = (and_ln289_2)> <Delay = 3.92> <CoreType = "Generic">   --->   Core 0 '' <Latency = 0> <II = 1> <Delay = 1.00> <Generic> <Opcode : >

State 4 <SV = 3> <Delay = 3.92>
ST_4 : Operation 114 [10/12] (3.92ns)   --->   "%call_ret = call fastcc { i16, i16, i16, i16, i16, i16, i16, i16, i16, i16, i16, i16, i16, i16, i16, i16 } @dense_latency.0.0.0.0.0.0.0.0.0.0.0.0.0.0.0.0.0.1(i16 %kernel_data_V_2_0_ret, i16 %kernel_data_V_2_1_ret, i16 %kernel_data_V_2_2_ret, i16 %kernel_data_V_2_3_ret, i16 %kernel_data_V_2_4_ret, i16 %kernel_data_V_2_5_ret, i16 %kernel_data_V_2_6_ret, i16 %kernel_data_V_2_7_ret, i16 %kernel_data_V_2_8_ret, i16 %kernel_data_V_2_9_ret, i16 %kernel_data_V_2_10_ret, i16 %kernel_data_V_2_11_ret, i16 %kernel_data_V_2_12_ret, i16 %kernel_data_V_2_13_ret, i16 %kernel_data_V_2_14_ret, i16 %kernel_data_V_2_15_ret, i16 %kernel_data_V_2_16_ret, i16 %kernel_data_V_2_17_ret, i16 %kernel_data_V_2_18_ret, i16 %kernel_data_V_2_19_ret, i16 %kernel_data_V_2_20_ret, i16 %kernel_data_V_2_21_ret, i16 %kernel_data_V_2_22_ret, i16 %kernel_data_V_2_23_ret, i16 %kernel_data_V_2_24_ret, i16 %kernel_data_V_2_25_ret, i16 %kernel_data_V_2_26_ret)" [firmware/nnet_utils/nnet_conv_stream.h:294]   --->   Operation 114 'call' 'call_ret' <Predicate = (and_ln289_2)> <Delay = 3.92> <CoreType = "Generic">   --->   Core 0 '' <Latency = 0> <II = 1> <Delay = 1.00> <Generic> <Opcode : >

State 5 <SV = 4> <Delay = 3.92>
ST_5 : Operation 115 [9/12] (3.92ns)   --->   "%call_ret = call fastcc { i16, i16, i16, i16, i16, i16, i16, i16, i16, i16, i16, i16, i16, i16, i16, i16 } @dense_latency.0.0.0.0.0.0.0.0.0.0.0.0.0.0.0.0.0.1(i16 %kernel_data_V_2_0_ret, i16 %kernel_data_V_2_1_ret, i16 %kernel_data_V_2_2_ret, i16 %kernel_data_V_2_3_ret, i16 %kernel_data_V_2_4_ret, i16 %kernel_data_V_2_5_ret, i16 %kernel_data_V_2_6_ret, i16 %kernel_data_V_2_7_ret, i16 %kernel_data_V_2_8_ret, i16 %kernel_data_V_2_9_ret, i16 %kernel_data_V_2_10_ret, i16 %kernel_data_V_2_11_ret, i16 %kernel_data_V_2_12_ret, i16 %kernel_data_V_2_13_ret, i16 %kernel_data_V_2_14_ret, i16 %kernel_data_V_2_15_ret, i16 %kernel_data_V_2_16_ret, i16 %kernel_data_V_2_17_ret, i16 %kernel_data_V_2_18_ret, i16 %kernel_data_V_2_19_ret, i16 %kernel_data_V_2_20_ret, i16 %kernel_data_V_2_21_ret, i16 %kernel_data_V_2_22_ret, i16 %kernel_data_V_2_23_ret, i16 %kernel_data_V_2_24_ret, i16 %kernel_data_V_2_25_ret, i16 %kernel_data_V_2_26_ret)" [firmware/nnet_utils/nnet_conv_stream.h:294]   --->   Operation 115 'call' 'call_ret' <Predicate = (and_ln289_2)> <Delay = 3.92> <CoreType = "Generic">   --->   Core 0 '' <Latency = 0> <II = 1> <Delay = 1.00> <Generic> <Opcode : >

State 6 <SV = 5> <Delay = 3.92>
ST_6 : Operation 116 [8/12] (3.92ns)   --->   "%call_ret = call fastcc { i16, i16, i16, i16, i16, i16, i16, i16, i16, i16, i16, i16, i16, i16, i16, i16 } @dense_latency.0.0.0.0.0.0.0.0.0.0.0.0.0.0.0.0.0.1(i16 %kernel_data_V_2_0_ret, i16 %kernel_data_V_2_1_ret, i16 %kernel_data_V_2_2_ret, i16 %kernel_data_V_2_3_ret, i16 %kernel_data_V_2_4_ret, i16 %kernel_data_V_2_5_ret, i16 %kernel_data_V_2_6_ret, i16 %kernel_data_V_2_7_ret, i16 %kernel_data_V_2_8_ret, i16 %kernel_data_V_2_9_ret, i16 %kernel_data_V_2_10_ret, i16 %kernel_data_V_2_11_ret, i16 %kernel_data_V_2_12_ret, i16 %kernel_data_V_2_13_ret, i16 %kernel_data_V_2_14_ret, i16 %kernel_data_V_2_15_ret, i16 %kernel_data_V_2_16_ret, i16 %kernel_data_V_2_17_ret, i16 %kernel_data_V_2_18_ret, i16 %kernel_data_V_2_19_ret, i16 %kernel_data_V_2_20_ret, i16 %kernel_data_V_2_21_ret, i16 %kernel_data_V_2_22_ret, i16 %kernel_data_V_2_23_ret, i16 %kernel_data_V_2_24_ret, i16 %kernel_data_V_2_25_ret, i16 %kernel_data_V_2_26_ret)" [firmware/nnet_utils/nnet_conv_stream.h:294]   --->   Operation 116 'call' 'call_ret' <Predicate = (and_ln289_2)> <Delay = 3.92> <CoreType = "Generic">   --->   Core 0 '' <Latency = 0> <II = 1> <Delay = 1.00> <Generic> <Opcode : >

State 7 <SV = 6> <Delay = 3.92>
ST_7 : Operation 117 [7/12] (3.92ns)   --->   "%call_ret = call fastcc { i16, i16, i16, i16, i16, i16, i16, i16, i16, i16, i16, i16, i16, i16, i16, i16 } @dense_latency.0.0.0.0.0.0.0.0.0.0.0.0.0.0.0.0.0.1(i16 %kernel_data_V_2_0_ret, i16 %kernel_data_V_2_1_ret, i16 %kernel_data_V_2_2_ret, i16 %kernel_data_V_2_3_ret, i16 %kernel_data_V_2_4_ret, i16 %kernel_data_V_2_5_ret, i16 %kernel_data_V_2_6_ret, i16 %kernel_data_V_2_7_ret, i16 %kernel_data_V_2_8_ret, i16 %kernel_data_V_2_9_ret, i16 %kernel_data_V_2_10_ret, i16 %kernel_data_V_2_11_ret, i16 %kernel_data_V_2_12_ret, i16 %kernel_data_V_2_13_ret, i16 %kernel_data_V_2_14_ret, i16 %kernel_data_V_2_15_ret, i16 %kernel_data_V_2_16_ret, i16 %kernel_data_V_2_17_ret, i16 %kernel_data_V_2_18_ret, i16 %kernel_data_V_2_19_ret, i16 %kernel_data_V_2_20_ret, i16 %kernel_data_V_2_21_ret, i16 %kernel_data_V_2_22_ret, i16 %kernel_data_V_2_23_ret, i16 %kernel_data_V_2_24_ret, i16 %kernel_data_V_2_25_ret, i16 %kernel_data_V_2_26_ret)" [firmware/nnet_utils/nnet_conv_stream.h:294]   --->   Operation 117 'call' 'call_ret' <Predicate = (and_ln289_2)> <Delay = 3.92> <CoreType = "Generic">   --->   Core 0 '' <Latency = 0> <II = 1> <Delay = 1.00> <Generic> <Opcode : >

State 8 <SV = 7> <Delay = 3.92>
ST_8 : Operation 118 [6/12] (3.92ns)   --->   "%call_ret = call fastcc { i16, i16, i16, i16, i16, i16, i16, i16, i16, i16, i16, i16, i16, i16, i16, i16 } @dense_latency.0.0.0.0.0.0.0.0.0.0.0.0.0.0.0.0.0.1(i16 %kernel_data_V_2_0_ret, i16 %kernel_data_V_2_1_ret, i16 %kernel_data_V_2_2_ret, i16 %kernel_data_V_2_3_ret, i16 %kernel_data_V_2_4_ret, i16 %kernel_data_V_2_5_ret, i16 %kernel_data_V_2_6_ret, i16 %kernel_data_V_2_7_ret, i16 %kernel_data_V_2_8_ret, i16 %kernel_data_V_2_9_ret, i16 %kernel_data_V_2_10_ret, i16 %kernel_data_V_2_11_ret, i16 %kernel_data_V_2_12_ret, i16 %kernel_data_V_2_13_ret, i16 %kernel_data_V_2_14_ret, i16 %kernel_data_V_2_15_ret, i16 %kernel_data_V_2_16_ret, i16 %kernel_data_V_2_17_ret, i16 %kernel_data_V_2_18_ret, i16 %kernel_data_V_2_19_ret, i16 %kernel_data_V_2_20_ret, i16 %kernel_data_V_2_21_ret, i16 %kernel_data_V_2_22_ret, i16 %kernel_data_V_2_23_ret, i16 %kernel_data_V_2_24_ret, i16 %kernel_data_V_2_25_ret, i16 %kernel_data_V_2_26_ret)" [firmware/nnet_utils/nnet_conv_stream.h:294]   --->   Operation 118 'call' 'call_ret' <Predicate = (and_ln289_2)> <Delay = 3.92> <CoreType = "Generic">   --->   Core 0 '' <Latency = 0> <II = 1> <Delay = 1.00> <Generic> <Opcode : >

State 9 <SV = 8> <Delay = 3.92>
ST_9 : Operation 119 [5/12] (3.92ns)   --->   "%call_ret = call fastcc { i16, i16, i16, i16, i16, i16, i16, i16, i16, i16, i16, i16, i16, i16, i16, i16 } @dense_latency.0.0.0.0.0.0.0.0.0.0.0.0.0.0.0.0.0.1(i16 %kernel_data_V_2_0_ret, i16 %kernel_data_V_2_1_ret, i16 %kernel_data_V_2_2_ret, i16 %kernel_data_V_2_3_ret, i16 %kernel_data_V_2_4_ret, i16 %kernel_data_V_2_5_ret, i16 %kernel_data_V_2_6_ret, i16 %kernel_data_V_2_7_ret, i16 %kernel_data_V_2_8_ret, i16 %kernel_data_V_2_9_ret, i16 %kernel_data_V_2_10_ret, i16 %kernel_data_V_2_11_ret, i16 %kernel_data_V_2_12_ret, i16 %kernel_data_V_2_13_ret, i16 %kernel_data_V_2_14_ret, i16 %kernel_data_V_2_15_ret, i16 %kernel_data_V_2_16_ret, i16 %kernel_data_V_2_17_ret, i16 %kernel_data_V_2_18_ret, i16 %kernel_data_V_2_19_ret, i16 %kernel_data_V_2_20_ret, i16 %kernel_data_V_2_21_ret, i16 %kernel_data_V_2_22_ret, i16 %kernel_data_V_2_23_ret, i16 %kernel_data_V_2_24_ret, i16 %kernel_data_V_2_25_ret, i16 %kernel_data_V_2_26_ret)" [firmware/nnet_utils/nnet_conv_stream.h:294]   --->   Operation 119 'call' 'call_ret' <Predicate = (and_ln289_2)> <Delay = 3.92> <CoreType = "Generic">   --->   Core 0 '' <Latency = 0> <II = 1> <Delay = 1.00> <Generic> <Opcode : >

State 10 <SV = 9> <Delay = 3.92>
ST_10 : Operation 120 [4/12] (3.92ns)   --->   "%call_ret = call fastcc { i16, i16, i16, i16, i16, i16, i16, i16, i16, i16, i16, i16, i16, i16, i16, i16 } @dense_latency.0.0.0.0.0.0.0.0.0.0.0.0.0.0.0.0.0.1(i16 %kernel_data_V_2_0_ret, i16 %kernel_data_V_2_1_ret, i16 %kernel_data_V_2_2_ret, i16 %kernel_data_V_2_3_ret, i16 %kernel_data_V_2_4_ret, i16 %kernel_data_V_2_5_ret, i16 %kernel_data_V_2_6_ret, i16 %kernel_data_V_2_7_ret, i16 %kernel_data_V_2_8_ret, i16 %kernel_data_V_2_9_ret, i16 %kernel_data_V_2_10_ret, i16 %kernel_data_V_2_11_ret, i16 %kernel_data_V_2_12_ret, i16 %kernel_data_V_2_13_ret, i16 %kernel_data_V_2_14_ret, i16 %kernel_data_V_2_15_ret, i16 %kernel_data_V_2_16_ret, i16 %kernel_data_V_2_17_ret, i16 %kernel_data_V_2_18_ret, i16 %kernel_data_V_2_19_ret, i16 %kernel_data_V_2_20_ret, i16 %kernel_data_V_2_21_ret, i16 %kernel_data_V_2_22_ret, i16 %kernel_data_V_2_23_ret, i16 %kernel_data_V_2_24_ret, i16 %kernel_data_V_2_25_ret, i16 %kernel_data_V_2_26_ret)" [firmware/nnet_utils/nnet_conv_stream.h:294]   --->   Operation 120 'call' 'call_ret' <Predicate = (and_ln289_2)> <Delay = 3.92> <CoreType = "Generic">   --->   Core 0 '' <Latency = 0> <II = 1> <Delay = 1.00> <Generic> <Opcode : >

State 11 <SV = 10> <Delay = 3.92>
ST_11 : Operation 121 [3/12] (3.92ns)   --->   "%call_ret = call fastcc { i16, i16, i16, i16, i16, i16, i16, i16, i16, i16, i16, i16, i16, i16, i16, i16 } @dense_latency.0.0.0.0.0.0.0.0.0.0.0.0.0.0.0.0.0.1(i16 %kernel_data_V_2_0_ret, i16 %kernel_data_V_2_1_ret, i16 %kernel_data_V_2_2_ret, i16 %kernel_data_V_2_3_ret, i16 %kernel_data_V_2_4_ret, i16 %kernel_data_V_2_5_ret, i16 %kernel_data_V_2_6_ret, i16 %kernel_data_V_2_7_ret, i16 %kernel_data_V_2_8_ret, i16 %kernel_data_V_2_9_ret, i16 %kernel_data_V_2_10_ret, i16 %kernel_data_V_2_11_ret, i16 %kernel_data_V_2_12_ret, i16 %kernel_data_V_2_13_ret, i16 %kernel_data_V_2_14_ret, i16 %kernel_data_V_2_15_ret, i16 %kernel_data_V_2_16_ret, i16 %kernel_data_V_2_17_ret, i16 %kernel_data_V_2_18_ret, i16 %kernel_data_V_2_19_ret, i16 %kernel_data_V_2_20_ret, i16 %kernel_data_V_2_21_ret, i16 %kernel_data_V_2_22_ret, i16 %kernel_data_V_2_23_ret, i16 %kernel_data_V_2_24_ret, i16 %kernel_data_V_2_25_ret, i16 %kernel_data_V_2_26_ret)" [firmware/nnet_utils/nnet_conv_stream.h:294]   --->   Operation 121 'call' 'call_ret' <Predicate = (and_ln289_2)> <Delay = 3.92> <CoreType = "Generic">   --->   Core 0 '' <Latency = 0> <II = 1> <Delay = 1.00> <Generic> <Opcode : >

State 12 <SV = 11> <Delay = 3.92>
ST_12 : Operation 122 [2/12] (3.92ns)   --->   "%call_ret = call fastcc { i16, i16, i16, i16, i16, i16, i16, i16, i16, i16, i16, i16, i16, i16, i16, i16 } @dense_latency.0.0.0.0.0.0.0.0.0.0.0.0.0.0.0.0.0.1(i16 %kernel_data_V_2_0_ret, i16 %kernel_data_V_2_1_ret, i16 %kernel_data_V_2_2_ret, i16 %kernel_data_V_2_3_ret, i16 %kernel_data_V_2_4_ret, i16 %kernel_data_V_2_5_ret, i16 %kernel_data_V_2_6_ret, i16 %kernel_data_V_2_7_ret, i16 %kernel_data_V_2_8_ret, i16 %kernel_data_V_2_9_ret, i16 %kernel_data_V_2_10_ret, i16 %kernel_data_V_2_11_ret, i16 %kernel_data_V_2_12_ret, i16 %kernel_data_V_2_13_ret, i16 %kernel_data_V_2_14_ret, i16 %kernel_data_V_2_15_ret, i16 %kernel_data_V_2_16_ret, i16 %kernel_data_V_2_17_ret, i16 %kernel_data_V_2_18_ret, i16 %kernel_data_V_2_19_ret, i16 %kernel_data_V_2_20_ret, i16 %kernel_data_V_2_21_ret, i16 %kernel_data_V_2_22_ret, i16 %kernel_data_V_2_23_ret, i16 %kernel_data_V_2_24_ret, i16 %kernel_data_V_2_25_ret, i16 %kernel_data_V_2_26_ret)" [firmware/nnet_utils/nnet_conv_stream.h:294]   --->   Operation 122 'call' 'call_ret' <Predicate = (and_ln289_2)> <Delay = 3.92> <CoreType = "Generic">   --->   Core 0 '' <Latency = 0> <II = 1> <Delay = 1.00> <Generic> <Opcode : >

State 13 <SV = 12> <Delay = 3.75>
ST_13 : Operation 123 [1/12] (3.75ns)   --->   "%call_ret = call fastcc { i16, i16, i16, i16, i16, i16, i16, i16, i16, i16, i16, i16, i16, i16, i16, i16 } @dense_latency.0.0.0.0.0.0.0.0.0.0.0.0.0.0.0.0.0.1(i16 %kernel_data_V_2_0_ret, i16 %kernel_data_V_2_1_ret, i16 %kernel_data_V_2_2_ret, i16 %kernel_data_V_2_3_ret, i16 %kernel_data_V_2_4_ret, i16 %kernel_data_V_2_5_ret, i16 %kernel_data_V_2_6_ret, i16 %kernel_data_V_2_7_ret, i16 %kernel_data_V_2_8_ret, i16 %kernel_data_V_2_9_ret, i16 %kernel_data_V_2_10_ret, i16 %kernel_data_V_2_11_ret, i16 %kernel_data_V_2_12_ret, i16 %kernel_data_V_2_13_ret, i16 %kernel_data_V_2_14_ret, i16 %kernel_data_V_2_15_ret, i16 %kernel_data_V_2_16_ret, i16 %kernel_data_V_2_17_ret, i16 %kernel_data_V_2_18_ret, i16 %kernel_data_V_2_19_ret, i16 %kernel_data_V_2_20_ret, i16 %kernel_data_V_2_21_ret, i16 %kernel_data_V_2_22_ret, i16 %kernel_data_V_2_23_ret, i16 %kernel_data_V_2_24_ret, i16 %kernel_data_V_2_25_ret, i16 %kernel_data_V_2_26_ret)" [firmware/nnet_utils/nnet_conv_stream.h:294]   --->   Operation 123 'call' 'call_ret' <Predicate = (and_ln289_2)> <Delay = 3.75> <CoreType = "Generic">   --->   Core 0 '' <Latency = 0> <II = 1> <Delay = 1.00> <Generic> <Opcode : >
ST_13 : Operation 124 [1/1] (0.00ns)   --->   "%tmp_data_0_V = extractvalue { i16, i16, i16, i16, i16, i16, i16, i16, i16, i16, i16, i16, i16, i16, i16, i16 } %call_ret, 0" [firmware/nnet_utils/nnet_conv_stream.h:294]   --->   Operation 124 'extractvalue' 'tmp_data_0_V' <Predicate = (and_ln289_2)> <Delay = 0.00>
ST_13 : Operation 125 [1/1] (0.00ns)   --->   "%tmp_data_1_V = extractvalue { i16, i16, i16, i16, i16, i16, i16, i16, i16, i16, i16, i16, i16, i16, i16, i16 } %call_ret, 1" [firmware/nnet_utils/nnet_conv_stream.h:294]   --->   Operation 125 'extractvalue' 'tmp_data_1_V' <Predicate = (and_ln289_2)> <Delay = 0.00>
ST_13 : Operation 126 [1/1] (0.00ns)   --->   "%tmp_data_2_V = extractvalue { i16, i16, i16, i16, i16, i16, i16, i16, i16, i16, i16, i16, i16, i16, i16, i16 } %call_ret, 2" [firmware/nnet_utils/nnet_conv_stream.h:294]   --->   Operation 126 'extractvalue' 'tmp_data_2_V' <Predicate = (and_ln289_2)> <Delay = 0.00>
ST_13 : Operation 127 [1/1] (0.00ns)   --->   "%tmp_data_3_V = extractvalue { i16, i16, i16, i16, i16, i16, i16, i16, i16, i16, i16, i16, i16, i16, i16, i16 } %call_ret, 3" [firmware/nnet_utils/nnet_conv_stream.h:294]   --->   Operation 127 'extractvalue' 'tmp_data_3_V' <Predicate = (and_ln289_2)> <Delay = 0.00>
ST_13 : Operation 128 [1/1] (0.00ns)   --->   "%tmp_data_4_V = extractvalue { i16, i16, i16, i16, i16, i16, i16, i16, i16, i16, i16, i16, i16, i16, i16, i16 } %call_ret, 4" [firmware/nnet_utils/nnet_conv_stream.h:294]   --->   Operation 128 'extractvalue' 'tmp_data_4_V' <Predicate = (and_ln289_2)> <Delay = 0.00>
ST_13 : Operation 129 [1/1] (0.00ns)   --->   "%tmp_data_5_V = extractvalue { i16, i16, i16, i16, i16, i16, i16, i16, i16, i16, i16, i16, i16, i16, i16, i16 } %call_ret, 5" [firmware/nnet_utils/nnet_conv_stream.h:294]   --->   Operation 129 'extractvalue' 'tmp_data_5_V' <Predicate = (and_ln289_2)> <Delay = 0.00>
ST_13 : Operation 130 [1/1] (0.00ns)   --->   "%tmp_data_6_V = extractvalue { i16, i16, i16, i16, i16, i16, i16, i16, i16, i16, i16, i16, i16, i16, i16, i16 } %call_ret, 6" [firmware/nnet_utils/nnet_conv_stream.h:294]   --->   Operation 130 'extractvalue' 'tmp_data_6_V' <Predicate = (and_ln289_2)> <Delay = 0.00>
ST_13 : Operation 131 [1/1] (0.00ns)   --->   "%tmp_data_7_V = extractvalue { i16, i16, i16, i16, i16, i16, i16, i16, i16, i16, i16, i16, i16, i16, i16, i16 } %call_ret, 7" [firmware/nnet_utils/nnet_conv_stream.h:294]   --->   Operation 131 'extractvalue' 'tmp_data_7_V' <Predicate = (and_ln289_2)> <Delay = 0.00>
ST_13 : Operation 132 [1/1] (0.00ns)   --->   "%tmp_data_8_V = extractvalue { i16, i16, i16, i16, i16, i16, i16, i16, i16, i16, i16, i16, i16, i16, i16, i16 } %call_ret, 8" [firmware/nnet_utils/nnet_conv_stream.h:294]   --->   Operation 132 'extractvalue' 'tmp_data_8_V' <Predicate = (and_ln289_2)> <Delay = 0.00>
ST_13 : Operation 133 [1/1] (0.00ns)   --->   "%tmp_data_9_V = extractvalue { i16, i16, i16, i16, i16, i16, i16, i16, i16, i16, i16, i16, i16, i16, i16, i16 } %call_ret, 9" [firmware/nnet_utils/nnet_conv_stream.h:294]   --->   Operation 133 'extractvalue' 'tmp_data_9_V' <Predicate = (and_ln289_2)> <Delay = 0.00>
ST_13 : Operation 134 [1/1] (0.00ns)   --->   "%tmp_data_10_V = extractvalue { i16, i16, i16, i16, i16, i16, i16, i16, i16, i16, i16, i16, i16, i16, i16, i16 } %call_ret, 10" [firmware/nnet_utils/nnet_conv_stream.h:294]   --->   Operation 134 'extractvalue' 'tmp_data_10_V' <Predicate = (and_ln289_2)> <Delay = 0.00>
ST_13 : Operation 135 [1/1] (0.00ns)   --->   "%tmp_data_11_V = extractvalue { i16, i16, i16, i16, i16, i16, i16, i16, i16, i16, i16, i16, i16, i16, i16, i16 } %call_ret, 11" [firmware/nnet_utils/nnet_conv_stream.h:294]   --->   Operation 135 'extractvalue' 'tmp_data_11_V' <Predicate = (and_ln289_2)> <Delay = 0.00>
ST_13 : Operation 136 [1/1] (0.00ns)   --->   "%tmp_data_12_V = extractvalue { i16, i16, i16, i16, i16, i16, i16, i16, i16, i16, i16, i16, i16, i16, i16, i16 } %call_ret, 12" [firmware/nnet_utils/nnet_conv_stream.h:294]   --->   Operation 136 'extractvalue' 'tmp_data_12_V' <Predicate = (and_ln289_2)> <Delay = 0.00>
ST_13 : Operation 137 [1/1] (0.00ns)   --->   "%tmp_data_13_V = extractvalue { i16, i16, i16, i16, i16, i16, i16, i16, i16, i16, i16, i16, i16, i16, i16, i16 } %call_ret, 13" [firmware/nnet_utils/nnet_conv_stream.h:294]   --->   Operation 137 'extractvalue' 'tmp_data_13_V' <Predicate = (and_ln289_2)> <Delay = 0.00>
ST_13 : Operation 138 [1/1] (0.00ns)   --->   "%tmp_data_14_V = extractvalue { i16, i16, i16, i16, i16, i16, i16, i16, i16, i16, i16, i16, i16, i16, i16, i16 } %call_ret, 14" [firmware/nnet_utils/nnet_conv_stream.h:294]   --->   Operation 138 'extractvalue' 'tmp_data_14_V' <Predicate = (and_ln289_2)> <Delay = 0.00>
ST_13 : Operation 139 [1/1] (0.00ns)   --->   "%tmp_data_15_V = extractvalue { i16, i16, i16, i16, i16, i16, i16, i16, i16, i16, i16, i16, i16, i16, i16, i16 } %call_ret, 15" [firmware/nnet_utils/nnet_conv_stream.h:294]   --->   Operation 139 'extractvalue' 'tmp_data_15_V' <Predicate = (and_ln289_2)> <Delay = 0.00>

State 14 <SV = 13> <Delay = 2.12>
ST_14 : Operation 140 [1/1] (1.83ns)   --->   "call void @_ssdm_op_Write.ap_fifo.volatile.i16P.i16P.i16P.i16P.i16P.i16P.i16P.i16P.i16P.i16P.i16P.i16P.i16P.i16P.i16P.i16P(i16* %res_stream_V_data_0_V, i16* %res_stream_V_data_1_V, i16* %res_stream_V_data_2_V, i16* %res_stream_V_data_3_V, i16* %res_stream_V_data_4_V, i16* %res_stream_V_data_5_V, i16* %res_stream_V_data_6_V, i16* %res_stream_V_data_7_V, i16* %res_stream_V_data_8_V, i16* %res_stream_V_data_9_V, i16* %res_stream_V_data_10_V, i16* %res_stream_V_data_11_V, i16* %res_stream_V_data_12_V, i16* %res_stream_V_data_13_V, i16* %res_stream_V_data_14_V, i16* %res_stream_V_data_15_V, i16 %tmp_data_0_V, i16 %tmp_data_1_V, i16 %tmp_data_2_V, i16 %tmp_data_3_V, i16 %tmp_data_4_V, i16 %tmp_data_5_V, i16 %tmp_data_6_V, i16 %tmp_data_7_V, i16 %tmp_data_8_V, i16 %tmp_data_9_V, i16 %tmp_data_10_V, i16 %tmp_data_11_V, i16 %tmp_data_12_V, i16 %tmp_data_13_V, i16 %tmp_data_14_V, i16 %tmp_data_15_V)" [firmware/nnet_utils/nnet_conv_stream.h:309]   --->   Operation 140 'write' <Predicate = (and_ln289_2)> <Delay = 1.83> <Core = "FIFO">   --->   Core 32 'FIFO' <Latency = 0> <II = 1> <Delay = 1.83> <Storage> <Opcode : 'read' 'write' 'nbread' 'nbwrite'> <Ports = 0> <Width = 16> <Depth = 1> <FIFO>
ST_14 : Operation 141 [1/1] (0.00ns)   --->   "br label %._crit_edge22" [firmware/nnet_utils/nnet_conv_stream.h:310]   --->   Operation 141 'br' <Predicate = (and_ln289_2)> <Delay = 0.00>
ST_14 : Operation 142 [1/1] (0.99ns)   --->   "%icmp_ln313 = icmp eq i32 %pX_3_load, 31" [firmware/nnet_utils/nnet_conv_stream.h:313]   --->   Operation 142 'icmp' 'icmp_ln313' <Predicate = true> <Delay = 0.99> <Core = "Cmp">   --->   Core 25 'Cmp' <Latency = 0> <II = 1> <Delay = 0.99> <FuncUnit> <Opcode : 'icmp'> <InPorts = 2> <OutPorts = 1>
ST_14 : Operation 143 [1/1] (0.00ns)   --->   "br i1 %icmp_ln313, label %1, label %5" [firmware/nnet_utils/nnet_conv_stream.h:313]   --->   Operation 143 'br' <Predicate = true> <Delay = 0.00>
ST_14 : Operation 144 [1/1] (1.01ns)   --->   "%add_ln326 = add nsw i32 %pX_3_load, 1" [firmware/nnet_utils/nnet_conv_stream.h:326]   --->   Operation 144 'add' 'add_ln326' <Predicate = (!icmp_ln313)> <Delay = 1.01> <Core = "AddSub">   --->   Core 14 'AddSub' <Latency = 0> <II = 1> <Delay = 1.01> <FuncUnit> <Opcode : 'add' 'sub'> <InPorts = 2> <OutPorts = 1>
ST_14 : Operation 145 [1/1] (0.65ns)   --->   "store i32 %add_ln326, i32* @pX_3, align 4" [firmware/nnet_utils/nnet_conv_stream.h:326]   --->   Operation 145 'store' <Predicate = (!icmp_ln313)> <Delay = 0.65>
ST_14 : Operation 146 [1/1] (1.01ns)   --->   "%add_ln328 = add i32 %sX_3_load, 1" [firmware/nnet_utils/nnet_conv_stream.h:328]   --->   Operation 146 'add' 'add_ln328' <Predicate = (!icmp_ln313 & !icmp_ln289)> <Delay = 1.01> <Core = "AddSub">   --->   Core 14 'AddSub' <Latency = 0> <II = 1> <Delay = 1.01> <FuncUnit> <Opcode : 'add' 'sub'> <InPorts = 2> <OutPorts = 1>
ST_14 : Operation 147 [1/1] (0.44ns)   --->   "%select_ln328 = select i1 %icmp_ln289, i32 2, i32 %add_ln328" [firmware/nnet_utils/nnet_conv_stream.h:328]   --->   Operation 147 'select' 'select_ln328' <Predicate = (!icmp_ln313)> <Delay = 0.44> <Core = "Sel">   --->   Core 26 'Sel' <Latency = 0> <II = 1> <Delay = 0.44> <FuncUnit> <Opcode : 'select'> <InPorts = 3> <OutPorts = 1>
ST_14 : Operation 148 [1/1] (0.65ns)   --->   "store i32 %select_ln328, i32* @sX_3, align 4" [firmware/nnet_utils/nnet_conv_stream.h:328]   --->   Operation 148 'store' <Predicate = (!icmp_ln313)> <Delay = 0.65>
ST_14 : Operation 149 [1/1] (0.00ns)   --->   "br label %6"   --->   Operation 149 'br' <Predicate = (!icmp_ln313)> <Delay = 0.00>
ST_14 : Operation 150 [1/1] (0.65ns)   --->   "store i32 0, i32* @pX_3, align 4" [firmware/nnet_utils/nnet_conv_stream.h:315]   --->   Operation 150 'store' <Predicate = (icmp_ln313)> <Delay = 0.65>
ST_14 : Operation 151 [1/1] (0.65ns)   --->   "store i32 0, i32* @sX_3, align 4" [firmware/nnet_utils/nnet_conv_stream.h:316]   --->   Operation 151 'store' <Predicate = (icmp_ln313)> <Delay = 0.65>
ST_14 : Operation 152 [1/1] (0.99ns)   --->   "%icmp_ln317 = icmp eq i32 %pY_3_load, 31" [firmware/nnet_utils/nnet_conv_stream.h:317]   --->   Operation 152 'icmp' 'icmp_ln317' <Predicate = (icmp_ln313)> <Delay = 0.99> <Core = "Cmp">   --->   Core 25 'Cmp' <Latency = 0> <II = 1> <Delay = 0.99> <FuncUnit> <Opcode : 'icmp'> <InPorts = 2> <OutPorts = 1>
ST_14 : Operation 153 [1/1] (0.00ns)   --->   "br i1 %icmp_ln317, label %2, label %3" [firmware/nnet_utils/nnet_conv_stream.h:317]   --->   Operation 153 'br' <Predicate = (icmp_ln313)> <Delay = 0.00>
ST_14 : Operation 154 [1/1] (1.01ns)   --->   "%add_ln321 = add nsw i32 %pY_3_load, 1" [firmware/nnet_utils/nnet_conv_stream.h:321]   --->   Operation 154 'add' 'add_ln321' <Predicate = (icmp_ln313 & !icmp_ln317)> <Delay = 1.01> <Core = "AddSub">   --->   Core 14 'AddSub' <Latency = 0> <II = 1> <Delay = 1.01> <FuncUnit> <Opcode : 'add' 'sub'> <InPorts = 2> <OutPorts = 1>
ST_14 : Operation 155 [1/1] (0.65ns)   --->   "store i32 %add_ln321, i32* @pY_3, align 4" [firmware/nnet_utils/nnet_conv_stream.h:321]   --->   Operation 155 'store' <Predicate = (icmp_ln313 & !icmp_ln317)> <Delay = 0.65>
ST_14 : Operation 156 [1/1] (1.01ns)   --->   "%add_ln323 = add i32 %sY_3_load, 1" [firmware/nnet_utils/nnet_conv_stream.h:323]   --->   Operation 156 'add' 'add_ln323' <Predicate = (icmp_ln313 & !icmp_ln317 & !icmp_ln289_1)> <Delay = 1.01> <Core = "AddSub">   --->   Core 14 'AddSub' <Latency = 0> <II = 1> <Delay = 1.01> <FuncUnit> <Opcode : 'add' 'sub'> <InPorts = 2> <OutPorts = 1>
ST_14 : Operation 157 [1/1] (0.44ns)   --->   "%select_ln323 = select i1 %icmp_ln289_1, i32 2, i32 %add_ln323" [firmware/nnet_utils/nnet_conv_stream.h:323]   --->   Operation 157 'select' 'select_ln323' <Predicate = (icmp_ln313 & !icmp_ln317)> <Delay = 0.44> <Core = "Sel">   --->   Core 26 'Sel' <Latency = 0> <II = 1> <Delay = 0.44> <FuncUnit> <Opcode : 'select'> <InPorts = 3> <OutPorts = 1>
ST_14 : Operation 158 [1/1] (0.65ns)   --->   "br label %4"   --->   Operation 158 'br' <Predicate = (icmp_ln313 & !icmp_ln317)> <Delay = 0.65>
ST_14 : Operation 159 [1/1] (0.65ns)   --->   "store i32 0, i32* @pY_3, align 4" [firmware/nnet_utils/nnet_conv_stream.h:318]   --->   Operation 159 'store' <Predicate = (icmp_ln313 & icmp_ln317)> <Delay = 0.65>
ST_14 : Operation 160 [1/1] (0.65ns)   --->   "br label %4" [firmware/nnet_utils/nnet_conv_stream.h:320]   --->   Operation 160 'br' <Predicate = (icmp_ln313 & icmp_ln317)> <Delay = 0.65>
ST_14 : Operation 161 [1/1] (0.00ns)   --->   "%storemerge = phi i32 [ %select_ln323, %3 ], [ 0, %2 ]" [firmware/nnet_utils/nnet_conv_stream.h:323]   --->   Operation 161 'phi' 'storemerge' <Predicate = (icmp_ln313)> <Delay = 0.00>
ST_14 : Operation 162 [1/1] (0.00ns)   --->   "store i32 %storemerge, i32* @sY_3, align 4" [firmware/nnet_utils/nnet_conv_stream.h:319]   --->   Operation 162 'store' <Predicate = (icmp_ln313)> <Delay = 0.00>
ST_14 : Operation 163 [1/1] (0.00ns)   --->   "br label %6" [firmware/nnet_utils/nnet_conv_stream.h:325]   --->   Operation 163 'br' <Predicate = (icmp_ln313)> <Delay = 0.00>
ST_14 : Operation 164 [1/1] (0.00ns)   --->   "ret void" [firmware/nnet_utils/nnet_conv_stream.h:330]   --->   Operation 164 'ret' <Predicate = true> <Delay = 0.00>


============================================================
+ Verbose Summary: Timing violations
============================================================
Target clock period: 5ns, clock uncertainty: 0.625ns.

 <State 1>: 1.43ns
The critical path consists of the following:
	wire read on port 'in_elem_data_2_V_read' [67]  (0 ns)
	'call' operation ('call_ret1', firmware/nnet_utils/nnet_conv_stream.h:286) to 'shift_line_buffer<array<ap_fixed<16, 6, 5, 3, 0>, 3u>, config2>' [88]  (1.43 ns)

 <State 2>: 3.82ns
The critical path consists of the following:
	'call' operation ('call_ret', firmware/nnet_utils/nnet_conv_stream.h:294) to 'dense_latency.0.0.0.0.0.0.0.0.0.0.0.0.0.0.0.0.0.1' [149]  (3.82 ns)

 <State 3>: 3.92ns
The critical path consists of the following:
	'call' operation ('call_ret', firmware/nnet_utils/nnet_conv_stream.h:294) to 'dense_latency.0.0.0.0.0.0.0.0.0.0.0.0.0.0.0.0.0.1' [149]  (3.92 ns)

 <State 4>: 3.92ns
The critical path consists of the following:
	'call' operation ('call_ret', firmware/nnet_utils/nnet_conv_stream.h:294) to 'dense_latency.0.0.0.0.0.0.0.0.0.0.0.0.0.0.0.0.0.1' [149]  (3.92 ns)

 <State 5>: 3.92ns
The critical path consists of the following:
	'call' operation ('call_ret', firmware/nnet_utils/nnet_conv_stream.h:294) to 'dense_latency.0.0.0.0.0.0.0.0.0.0.0.0.0.0.0.0.0.1' [149]  (3.92 ns)

 <State 6>: 3.92ns
The critical path consists of the following:
	'call' operation ('call_ret', firmware/nnet_utils/nnet_conv_stream.h:294) to 'dense_latency.0.0.0.0.0.0.0.0.0.0.0.0.0.0.0.0.0.1' [149]  (3.92 ns)

 <State 7>: 3.92ns
The critical path consists of the following:
	'call' operation ('call_ret', firmware/nnet_utils/nnet_conv_stream.h:294) to 'dense_latency.0.0.0.0.0.0.0.0.0.0.0.0.0.0.0.0.0.1' [149]  (3.92 ns)

 <State 8>: 3.92ns
The critical path consists of the following:
	'call' operation ('call_ret', firmware/nnet_utils/nnet_conv_stream.h:294) to 'dense_latency.0.0.0.0.0.0.0.0.0.0.0.0.0.0.0.0.0.1' [149]  (3.92 ns)

 <State 9>: 3.92ns
The critical path consists of the following:
	'call' operation ('call_ret', firmware/nnet_utils/nnet_conv_stream.h:294) to 'dense_latency.0.0.0.0.0.0.0.0.0.0.0.0.0.0.0.0.0.1' [149]  (3.92 ns)

 <State 10>: 3.92ns
The critical path consists of the following:
	'call' operation ('call_ret', firmware/nnet_utils/nnet_conv_stream.h:294) to 'dense_latency.0.0.0.0.0.0.0.0.0.0.0.0.0.0.0.0.0.1' [149]  (3.92 ns)

 <State 11>: 3.92ns
The critical path consists of the following:
	'call' operation ('call_ret', firmware/nnet_utils/nnet_conv_stream.h:294) to 'dense_latency.0.0.0.0.0.0.0.0.0.0.0.0.0.0.0.0.0.1' [149]  (3.92 ns)

 <State 12>: 3.92ns
The critical path consists of the following:
	'call' operation ('call_ret', firmware/nnet_utils/nnet_conv_stream.h:294) to 'dense_latency.0.0.0.0.0.0.0.0.0.0.0.0.0.0.0.0.0.1' [149]  (3.92 ns)

 <State 13>: 3.75ns
The critical path consists of the following:
	'call' operation ('call_ret', firmware/nnet_utils/nnet_conv_stream.h:294) to 'dense_latency.0.0.0.0.0.0.0.0.0.0.0.0.0.0.0.0.0.1' [149]  (3.75 ns)

 <State 14>: 2.12ns
The critical path consists of the following:
	'add' operation ('add_ln328', firmware/nnet_utils/nnet_conv_stream.h:328) [174]  (1.02 ns)
	'select' operation ('select_ln328', firmware/nnet_utils/nnet_conv_stream.h:328) [175]  (0.449 ns)
	'store' operation ('store_ln328', firmware/nnet_utils/nnet_conv_stream.h:328) of variable 'select_ln328', firmware/nnet_utils/nnet_conv_stream.h:328 on static variable 'sX_3' [176]  (0.656 ns)


============================================================
+ Verbose Summary: Binding
============================================================
N/A
* FSMD analyzer results:
  - Output states:
 - Input state : 
  - Chain level:
	State 1
	State 2
	State 3
	State 4
	State 5
	State 6
	State 7
	State 8
	State 9
	State 10
	State 11
	State 12
	State 13
	State 14


============================================================
+ Verbose Summary: Datapath Resource usage 
============================================================
N/A
