

================================================================
== Vivado HLS Report for 'dense_array_ap_ufixed_64u_array_ap_fixed_16_6_5_3_0_10u_config23_s'
================================================================
* Date:           Wed Apr  3 17:32:15 2024

* Version:        2019.2 (Build 2704478 on Wed Nov 06 22:10:23 MST 2019)
* Project:        myproject_prj
* Solution:       solution1
* Product family: zynq
* Target device:  xc7z020-clg400-1


================================================================
== Performance Estimates
================================================================
+ Timing: 
    * Summary: 
    +--------+---------+----------+------------+
    |  Clock |  Target | Estimated| Uncertainty|
    +--------+---------+----------+------------+
    |ap_clk  | 5.00 ns | 4.520 ns |   0.62 ns  |
    +--------+---------+----------+------------+

+ Latency: 
    * Summary: 
    +---------+---------+-----------+-----------+-----+-----+---------+
    |  Latency (cycles) |   Latency (absolute)  |  Interval | Pipeline|
    |   min   |   max   |    min    |    max    | min | max |   Type  |
    +---------+---------+-----------+-----------+-----+-----+---------+
    |        9|        9| 45.000 ns | 45.000 ns |    9|    9|   none  |
    +---------+---------+-----------+-----------+-----+-----+---------+

    + Detail: 
        * Instance: 
        N/A

        * Loop: 
        N/A

============================================================
+ Verbose Summary: Synthesis Manager
============================================================
InlineROM: 1
ExposeGlobal: 0
============================================================
+ Verbose Summary: CDFG Model
============================================================
IsTopModel: 0
ResetActiveHigh: 1
IsCombinational: 2
IsDatapathOnly: 0
HasWiredReturn: 1
HasMFsm: 0
HasVarLatency: 1
IsPipeline: 0
IsRtlPipelined: 0
IsInstanceOverlapped: 0
IsDontTouch: 0
HasImplIP: 0
IsGatedGlobalClock: 0


============================================================
+ Verbose Summary: Schedule
============================================================
* Number of FSM states : 10
* Pipeline : 0
* Dataflow Pipeline: 0

* FSM state transitions: 
1 --> 2 
2 --> 3 
3 --> 4 
4 --> 5 
5 --> 6 
6 --> 7 
7 --> 8 
8 --> 9 
9 --> 10 
10 --> 

* FSM state operations: 

State 1 <SV = 0> <Delay = 2.18>
ST_1 : Operation 11 [1/1] (2.18ns)   --->   "%empty = call { i6, i6, i6, i6, i6, i6, i6, i6, i6, i6, i6, i6, i6, i6, i6, i6, i6, i6, i6, i6, i6, i6, i6, i6, i6, i6, i6, i6, i6, i6, i6, i6, i6, i6, i6, i6, i6, i6, i6, i6, i6, i6, i6, i6, i6, i6, i6, i6, i6, i6, i6, i6, i6, i6, i6, i6, i6, i6, i6, i6, i6, i6, i6, i6 } @_ssdm_op_Read.ap_fifo.volatile.i6P.i6P.i6P.i6P.i6P.i6P.i6P.i6P.i6P.i6P.i6P.i6P.i6P.i6P.i6P.i6P.i6P.i6P.i6P.i6P.i6P.i6P.i6P.i6P.i6P.i6P.i6P.i6P.i6P.i6P.i6P.i6P.i6P.i6P.i6P.i6P.i6P.i6P.i6P.i6P.i6P.i6P.i6P.i6P.i6P.i6P.i6P.i6P.i6P.i6P.i6P.i6P.i6P.i6P.i6P.i6P.i6P.i6P.i6P.i6P.i6P.i6P.i6P.i6P(i6* %data_stream_V_data_0_V, i6* %data_stream_V_data_1_V, i6* %data_stream_V_data_2_V, i6* %data_stream_V_data_3_V, i6* %data_stream_V_data_4_V, i6* %data_stream_V_data_5_V, i6* %data_stream_V_data_6_V, i6* %data_stream_V_data_7_V, i6* %data_stream_V_data_8_V, i6* %data_stream_V_data_9_V, i6* %data_stream_V_data_10_V, i6* %data_stream_V_data_11_V, i6* %data_stream_V_data_12_V, i6* %data_stream_V_data_13_V, i6* %data_stream_V_data_14_V, i6* %data_stream_V_data_15_V, i6* %data_stream_V_data_16_V, i6* %data_stream_V_data_17_V, i6* %data_stream_V_data_18_V, i6* %data_stream_V_data_19_V, i6* %data_stream_V_data_20_V, i6* %data_stream_V_data_21_V, i6* %data_stream_V_data_22_V, i6* %data_stream_V_data_23_V, i6* %data_stream_V_data_24_V, i6* %data_stream_V_data_25_V, i6* %data_stream_V_data_26_V, i6* %data_stream_V_data_27_V, i6* %data_stream_V_data_28_V, i6* %data_stream_V_data_29_V, i6* %data_stream_V_data_30_V, i6* %data_stream_V_data_31_V, i6* %data_stream_V_data_32_V, i6* %data_stream_V_data_33_V, i6* %data_stream_V_data_34_V, i6* %data_stream_V_data_35_V, i6* %data_stream_V_data_36_V, i6* %data_stream_V_data_37_V, i6* %data_stream_V_data_38_V, i6* %data_stream_V_data_39_V, i6* %data_stream_V_data_40_V, i6* %data_stream_V_data_41_V, i6* %data_stream_V_data_42_V, i6* %data_stream_V_data_43_V, i6* %data_stream_V_data_44_V, i6* %data_stream_V_data_45_V, i6* %data_stream_V_data_46_V, i6* %data_stream_V_data_47_V, i6* %data_stream_V_data_48_V, i6* %data_stream_V_data_49_V, i6* %data_stream_V_data_50_V, i6* %data_stream_V_data_51_V, i6* %data_stream_V_data_52_V, i6* %data_stream_V_data_53_V, i6* %data_stream_V_data_54_V, i6* %data_stream_V_data_55_V, i6* %data_stream_V_data_56_V, i6* %data_stream_V_data_57_V, i6* %data_stream_V_data_58_V, i6* %data_stream_V_data_59_V, i6* %data_stream_V_data_60_V, i6* %data_stream_V_data_61_V, i6* %data_stream_V_data_62_V, i6* %data_stream_V_data_63_V)" [firmware/nnet_utils/nnet_dense_stream.h:40]   --->   Operation 11 'read' 'empty' <Predicate = true> <Delay = 2.18> <Core = "FIFO">   --->   Core 32 'FIFO' <Latency = 0> <II = 1> <Delay = 3.63> <Storage> <Opcode : 'read' 'write' 'nbread' 'nbwrite'> <Ports = 0> <Width = 16> <Depth = 1> <FIFO>
ST_1 : Operation 12 [1/1] (0.00ns)   --->   "%data_0_V = extractvalue { i6, i6, i6, i6, i6, i6, i6, i6, i6, i6, i6, i6, i6, i6, i6, i6, i6, i6, i6, i6, i6, i6, i6, i6, i6, i6, i6, i6, i6, i6, i6, i6, i6, i6, i6, i6, i6, i6, i6, i6, i6, i6, i6, i6, i6, i6, i6, i6, i6, i6, i6, i6, i6, i6, i6, i6, i6, i6, i6, i6, i6, i6, i6, i6 } %empty, 0" [firmware/nnet_utils/nnet_dense_stream.h:40]   --->   Operation 12 'extractvalue' 'data_0_V' <Predicate = true> <Delay = 0.00>
ST_1 : Operation 13 [1/1] (0.00ns)   --->   "%data_1_V = extractvalue { i6, i6, i6, i6, i6, i6, i6, i6, i6, i6, i6, i6, i6, i6, i6, i6, i6, i6, i6, i6, i6, i6, i6, i6, i6, i6, i6, i6, i6, i6, i6, i6, i6, i6, i6, i6, i6, i6, i6, i6, i6, i6, i6, i6, i6, i6, i6, i6, i6, i6, i6, i6, i6, i6, i6, i6, i6, i6, i6, i6, i6, i6, i6, i6 } %empty, 1" [firmware/nnet_utils/nnet_dense_stream.h:40]   --->   Operation 13 'extractvalue' 'data_1_V' <Predicate = true> <Delay = 0.00>
ST_1 : Operation 14 [1/1] (0.00ns)   --->   "%data_2_V = extractvalue { i6, i6, i6, i6, i6, i6, i6, i6, i6, i6, i6, i6, i6, i6, i6, i6, i6, i6, i6, i6, i6, i6, i6, i6, i6, i6, i6, i6, i6, i6, i6, i6, i6, i6, i6, i6, i6, i6, i6, i6, i6, i6, i6, i6, i6, i6, i6, i6, i6, i6, i6, i6, i6, i6, i6, i6, i6, i6, i6, i6, i6, i6, i6, i6 } %empty, 2" [firmware/nnet_utils/nnet_dense_stream.h:40]   --->   Operation 14 'extractvalue' 'data_2_V' <Predicate = true> <Delay = 0.00>
ST_1 : Operation 15 [1/1] (0.00ns)   --->   "%data_3_V = extractvalue { i6, i6, i6, i6, i6, i6, i6, i6, i6, i6, i6, i6, i6, i6, i6, i6, i6, i6, i6, i6, i6, i6, i6, i6, i6, i6, i6, i6, i6, i6, i6, i6, i6, i6, i6, i6, i6, i6, i6, i6, i6, i6, i6, i6, i6, i6, i6, i6, i6, i6, i6, i6, i6, i6, i6, i6, i6, i6, i6, i6, i6, i6, i6, i6 } %empty, 3" [firmware/nnet_utils/nnet_dense_stream.h:40]   --->   Operation 15 'extractvalue' 'data_3_V' <Predicate = true> <Delay = 0.00>
ST_1 : Operation 16 [1/1] (0.00ns)   --->   "%data_4_V = extractvalue { i6, i6, i6, i6, i6, i6, i6, i6, i6, i6, i6, i6, i6, i6, i6, i6, i6, i6, i6, i6, i6, i6, i6, i6, i6, i6, i6, i6, i6, i6, i6, i6, i6, i6, i6, i6, i6, i6, i6, i6, i6, i6, i6, i6, i6, i6, i6, i6, i6, i6, i6, i6, i6, i6, i6, i6, i6, i6, i6, i6, i6, i6, i6, i6 } %empty, 4" [firmware/nnet_utils/nnet_dense_stream.h:40]   --->   Operation 16 'extractvalue' 'data_4_V' <Predicate = true> <Delay = 0.00>
ST_1 : Operation 17 [1/1] (0.00ns)   --->   "%data_5_V = extractvalue { i6, i6, i6, i6, i6, i6, i6, i6, i6, i6, i6, i6, i6, i6, i6, i6, i6, i6, i6, i6, i6, i6, i6, i6, i6, i6, i6, i6, i6, i6, i6, i6, i6, i6, i6, i6, i6, i6, i6, i6, i6, i6, i6, i6, i6, i6, i6, i6, i6, i6, i6, i6, i6, i6, i6, i6, i6, i6, i6, i6, i6, i6, i6, i6 } %empty, 5" [firmware/nnet_utils/nnet_dense_stream.h:40]   --->   Operation 17 'extractvalue' 'data_5_V' <Predicate = true> <Delay = 0.00>
ST_1 : Operation 18 [1/1] (0.00ns)   --->   "%data_6_V = extractvalue { i6, i6, i6, i6, i6, i6, i6, i6, i6, i6, i6, i6, i6, i6, i6, i6, i6, i6, i6, i6, i6, i6, i6, i6, i6, i6, i6, i6, i6, i6, i6, i6, i6, i6, i6, i6, i6, i6, i6, i6, i6, i6, i6, i6, i6, i6, i6, i6, i6, i6, i6, i6, i6, i6, i6, i6, i6, i6, i6, i6, i6, i6, i6, i6 } %empty, 6" [firmware/nnet_utils/nnet_dense_stream.h:40]   --->   Operation 18 'extractvalue' 'data_6_V' <Predicate = true> <Delay = 0.00>
ST_1 : Operation 19 [1/1] (0.00ns)   --->   "%data_7_V = extractvalue { i6, i6, i6, i6, i6, i6, i6, i6, i6, i6, i6, i6, i6, i6, i6, i6, i6, i6, i6, i6, i6, i6, i6, i6, i6, i6, i6, i6, i6, i6, i6, i6, i6, i6, i6, i6, i6, i6, i6, i6, i6, i6, i6, i6, i6, i6, i6, i6, i6, i6, i6, i6, i6, i6, i6, i6, i6, i6, i6, i6, i6, i6, i6, i6 } %empty, 7" [firmware/nnet_utils/nnet_dense_stream.h:40]   --->   Operation 19 'extractvalue' 'data_7_V' <Predicate = true> <Delay = 0.00>
ST_1 : Operation 20 [1/1] (0.00ns)   --->   "%data_8_V = extractvalue { i6, i6, i6, i6, i6, i6, i6, i6, i6, i6, i6, i6, i6, i6, i6, i6, i6, i6, i6, i6, i6, i6, i6, i6, i6, i6, i6, i6, i6, i6, i6, i6, i6, i6, i6, i6, i6, i6, i6, i6, i6, i6, i6, i6, i6, i6, i6, i6, i6, i6, i6, i6, i6, i6, i6, i6, i6, i6, i6, i6, i6, i6, i6, i6 } %empty, 8" [firmware/nnet_utils/nnet_dense_stream.h:40]   --->   Operation 20 'extractvalue' 'data_8_V' <Predicate = true> <Delay = 0.00>
ST_1 : Operation 21 [1/1] (0.00ns)   --->   "%data_9_V = extractvalue { i6, i6, i6, i6, i6, i6, i6, i6, i6, i6, i6, i6, i6, i6, i6, i6, i6, i6, i6, i6, i6, i6, i6, i6, i6, i6, i6, i6, i6, i6, i6, i6, i6, i6, i6, i6, i6, i6, i6, i6, i6, i6, i6, i6, i6, i6, i6, i6, i6, i6, i6, i6, i6, i6, i6, i6, i6, i6, i6, i6, i6, i6, i6, i6 } %empty, 9" [firmware/nnet_utils/nnet_dense_stream.h:40]   --->   Operation 21 'extractvalue' 'data_9_V' <Predicate = true> <Delay = 0.00>
ST_1 : Operation 22 [1/1] (0.00ns)   --->   "%data_10_V = extractvalue { i6, i6, i6, i6, i6, i6, i6, i6, i6, i6, i6, i6, i6, i6, i6, i6, i6, i6, i6, i6, i6, i6, i6, i6, i6, i6, i6, i6, i6, i6, i6, i6, i6, i6, i6, i6, i6, i6, i6, i6, i6, i6, i6, i6, i6, i6, i6, i6, i6, i6, i6, i6, i6, i6, i6, i6, i6, i6, i6, i6, i6, i6, i6, i6 } %empty, 10" [firmware/nnet_utils/nnet_dense_stream.h:40]   --->   Operation 22 'extractvalue' 'data_10_V' <Predicate = true> <Delay = 0.00>
ST_1 : Operation 23 [1/1] (0.00ns)   --->   "%data_11_V = extractvalue { i6, i6, i6, i6, i6, i6, i6, i6, i6, i6, i6, i6, i6, i6, i6, i6, i6, i6, i6, i6, i6, i6, i6, i6, i6, i6, i6, i6, i6, i6, i6, i6, i6, i6, i6, i6, i6, i6, i6, i6, i6, i6, i6, i6, i6, i6, i6, i6, i6, i6, i6, i6, i6, i6, i6, i6, i6, i6, i6, i6, i6, i6, i6, i6 } %empty, 11" [firmware/nnet_utils/nnet_dense_stream.h:40]   --->   Operation 23 'extractvalue' 'data_11_V' <Predicate = true> <Delay = 0.00>
ST_1 : Operation 24 [1/1] (0.00ns)   --->   "%data_12_V = extractvalue { i6, i6, i6, i6, i6, i6, i6, i6, i6, i6, i6, i6, i6, i6, i6, i6, i6, i6, i6, i6, i6, i6, i6, i6, i6, i6, i6, i6, i6, i6, i6, i6, i6, i6, i6, i6, i6, i6, i6, i6, i6, i6, i6, i6, i6, i6, i6, i6, i6, i6, i6, i6, i6, i6, i6, i6, i6, i6, i6, i6, i6, i6, i6, i6 } %empty, 12" [firmware/nnet_utils/nnet_dense_stream.h:40]   --->   Operation 24 'extractvalue' 'data_12_V' <Predicate = true> <Delay = 0.00>
ST_1 : Operation 25 [1/1] (0.00ns)   --->   "%data_13_V = extractvalue { i6, i6, i6, i6, i6, i6, i6, i6, i6, i6, i6, i6, i6, i6, i6, i6, i6, i6, i6, i6, i6, i6, i6, i6, i6, i6, i6, i6, i6, i6, i6, i6, i6, i6, i6, i6, i6, i6, i6, i6, i6, i6, i6, i6, i6, i6, i6, i6, i6, i6, i6, i6, i6, i6, i6, i6, i6, i6, i6, i6, i6, i6, i6, i6 } %empty, 13" [firmware/nnet_utils/nnet_dense_stream.h:40]   --->   Operation 25 'extractvalue' 'data_13_V' <Predicate = true> <Delay = 0.00>
ST_1 : Operation 26 [1/1] (0.00ns)   --->   "%data_14_V = extractvalue { i6, i6, i6, i6, i6, i6, i6, i6, i6, i6, i6, i6, i6, i6, i6, i6, i6, i6, i6, i6, i6, i6, i6, i6, i6, i6, i6, i6, i6, i6, i6, i6, i6, i6, i6, i6, i6, i6, i6, i6, i6, i6, i6, i6, i6, i6, i6, i6, i6, i6, i6, i6, i6, i6, i6, i6, i6, i6, i6, i6, i6, i6, i6, i6 } %empty, 14" [firmware/nnet_utils/nnet_dense_stream.h:40]   --->   Operation 26 'extractvalue' 'data_14_V' <Predicate = true> <Delay = 0.00>
ST_1 : Operation 27 [1/1] (0.00ns)   --->   "%data_15_V = extractvalue { i6, i6, i6, i6, i6, i6, i6, i6, i6, i6, i6, i6, i6, i6, i6, i6, i6, i6, i6, i6, i6, i6, i6, i6, i6, i6, i6, i6, i6, i6, i6, i6, i6, i6, i6, i6, i6, i6, i6, i6, i6, i6, i6, i6, i6, i6, i6, i6, i6, i6, i6, i6, i6, i6, i6, i6, i6, i6, i6, i6, i6, i6, i6, i6 } %empty, 15" [firmware/nnet_utils/nnet_dense_stream.h:40]   --->   Operation 27 'extractvalue' 'data_15_V' <Predicate = true> <Delay = 0.00>
ST_1 : Operation 28 [1/1] (0.00ns)   --->   "%data_16_V = extractvalue { i6, i6, i6, i6, i6, i6, i6, i6, i6, i6, i6, i6, i6, i6, i6, i6, i6, i6, i6, i6, i6, i6, i6, i6, i6, i6, i6, i6, i6, i6, i6, i6, i6, i6, i6, i6, i6, i6, i6, i6, i6, i6, i6, i6, i6, i6, i6, i6, i6, i6, i6, i6, i6, i6, i6, i6, i6, i6, i6, i6, i6, i6, i6, i6 } %empty, 16" [firmware/nnet_utils/nnet_dense_stream.h:40]   --->   Operation 28 'extractvalue' 'data_16_V' <Predicate = true> <Delay = 0.00>
ST_1 : Operation 29 [1/1] (0.00ns)   --->   "%data_17_V = extractvalue { i6, i6, i6, i6, i6, i6, i6, i6, i6, i6, i6, i6, i6, i6, i6, i6, i6, i6, i6, i6, i6, i6, i6, i6, i6, i6, i6, i6, i6, i6, i6, i6, i6, i6, i6, i6, i6, i6, i6, i6, i6, i6, i6, i6, i6, i6, i6, i6, i6, i6, i6, i6, i6, i6, i6, i6, i6, i6, i6, i6, i6, i6, i6, i6 } %empty, 17" [firmware/nnet_utils/nnet_dense_stream.h:40]   --->   Operation 29 'extractvalue' 'data_17_V' <Predicate = true> <Delay = 0.00>
ST_1 : Operation 30 [1/1] (0.00ns)   --->   "%data_18_V = extractvalue { i6, i6, i6, i6, i6, i6, i6, i6, i6, i6, i6, i6, i6, i6, i6, i6, i6, i6, i6, i6, i6, i6, i6, i6, i6, i6, i6, i6, i6, i6, i6, i6, i6, i6, i6, i6, i6, i6, i6, i6, i6, i6, i6, i6, i6, i6, i6, i6, i6, i6, i6, i6, i6, i6, i6, i6, i6, i6, i6, i6, i6, i6, i6, i6 } %empty, 18" [firmware/nnet_utils/nnet_dense_stream.h:40]   --->   Operation 30 'extractvalue' 'data_18_V' <Predicate = true> <Delay = 0.00>
ST_1 : Operation 31 [1/1] (0.00ns)   --->   "%data_19_V = extractvalue { i6, i6, i6, i6, i6, i6, i6, i6, i6, i6, i6, i6, i6, i6, i6, i6, i6, i6, i6, i6, i6, i6, i6, i6, i6, i6, i6, i6, i6, i6, i6, i6, i6, i6, i6, i6, i6, i6, i6, i6, i6, i6, i6, i6, i6, i6, i6, i6, i6, i6, i6, i6, i6, i6, i6, i6, i6, i6, i6, i6, i6, i6, i6, i6 } %empty, 19" [firmware/nnet_utils/nnet_dense_stream.h:40]   --->   Operation 31 'extractvalue' 'data_19_V' <Predicate = true> <Delay = 0.00>
ST_1 : Operation 32 [1/1] (0.00ns)   --->   "%data_20_V = extractvalue { i6, i6, i6, i6, i6, i6, i6, i6, i6, i6, i6, i6, i6, i6, i6, i6, i6, i6, i6, i6, i6, i6, i6, i6, i6, i6, i6, i6, i6, i6, i6, i6, i6, i6, i6, i6, i6, i6, i6, i6, i6, i6, i6, i6, i6, i6, i6, i6, i6, i6, i6, i6, i6, i6, i6, i6, i6, i6, i6, i6, i6, i6, i6, i6 } %empty, 20" [firmware/nnet_utils/nnet_dense_stream.h:40]   --->   Operation 32 'extractvalue' 'data_20_V' <Predicate = true> <Delay = 0.00>
ST_1 : Operation 33 [1/1] (0.00ns)   --->   "%data_21_V = extractvalue { i6, i6, i6, i6, i6, i6, i6, i6, i6, i6, i6, i6, i6, i6, i6, i6, i6, i6, i6, i6, i6, i6, i6, i6, i6, i6, i6, i6, i6, i6, i6, i6, i6, i6, i6, i6, i6, i6, i6, i6, i6, i6, i6, i6, i6, i6, i6, i6, i6, i6, i6, i6, i6, i6, i6, i6, i6, i6, i6, i6, i6, i6, i6, i6 } %empty, 21" [firmware/nnet_utils/nnet_dense_stream.h:40]   --->   Operation 33 'extractvalue' 'data_21_V' <Predicate = true> <Delay = 0.00>
ST_1 : Operation 34 [1/1] (0.00ns)   --->   "%data_22_V = extractvalue { i6, i6, i6, i6, i6, i6, i6, i6, i6, i6, i6, i6, i6, i6, i6, i6, i6, i6, i6, i6, i6, i6, i6, i6, i6, i6, i6, i6, i6, i6, i6, i6, i6, i6, i6, i6, i6, i6, i6, i6, i6, i6, i6, i6, i6, i6, i6, i6, i6, i6, i6, i6, i6, i6, i6, i6, i6, i6, i6, i6, i6, i6, i6, i6 } %empty, 22" [firmware/nnet_utils/nnet_dense_stream.h:40]   --->   Operation 34 'extractvalue' 'data_22_V' <Predicate = true> <Delay = 0.00>
ST_1 : Operation 35 [1/1] (0.00ns)   --->   "%data_23_V = extractvalue { i6, i6, i6, i6, i6, i6, i6, i6, i6, i6, i6, i6, i6, i6, i6, i6, i6, i6, i6, i6, i6, i6, i6, i6, i6, i6, i6, i6, i6, i6, i6, i6, i6, i6, i6, i6, i6, i6, i6, i6, i6, i6, i6, i6, i6, i6, i6, i6, i6, i6, i6, i6, i6, i6, i6, i6, i6, i6, i6, i6, i6, i6, i6, i6 } %empty, 23" [firmware/nnet_utils/nnet_dense_stream.h:40]   --->   Operation 35 'extractvalue' 'data_23_V' <Predicate = true> <Delay = 0.00>
ST_1 : Operation 36 [1/1] (0.00ns)   --->   "%data_24_V = extractvalue { i6, i6, i6, i6, i6, i6, i6, i6, i6, i6, i6, i6, i6, i6, i6, i6, i6, i6, i6, i6, i6, i6, i6, i6, i6, i6, i6, i6, i6, i6, i6, i6, i6, i6, i6, i6, i6, i6, i6, i6, i6, i6, i6, i6, i6, i6, i6, i6, i6, i6, i6, i6, i6, i6, i6, i6, i6, i6, i6, i6, i6, i6, i6, i6 } %empty, 24" [firmware/nnet_utils/nnet_dense_stream.h:40]   --->   Operation 36 'extractvalue' 'data_24_V' <Predicate = true> <Delay = 0.00>
ST_1 : Operation 37 [1/1] (0.00ns)   --->   "%data_25_V = extractvalue { i6, i6, i6, i6, i6, i6, i6, i6, i6, i6, i6, i6, i6, i6, i6, i6, i6, i6, i6, i6, i6, i6, i6, i6, i6, i6, i6, i6, i6, i6, i6, i6, i6, i6, i6, i6, i6, i6, i6, i6, i6, i6, i6, i6, i6, i6, i6, i6, i6, i6, i6, i6, i6, i6, i6, i6, i6, i6, i6, i6, i6, i6, i6, i6 } %empty, 25" [firmware/nnet_utils/nnet_dense_stream.h:40]   --->   Operation 37 'extractvalue' 'data_25_V' <Predicate = true> <Delay = 0.00>
ST_1 : Operation 38 [1/1] (0.00ns)   --->   "%data_26_V = extractvalue { i6, i6, i6, i6, i6, i6, i6, i6, i6, i6, i6, i6, i6, i6, i6, i6, i6, i6, i6, i6, i6, i6, i6, i6, i6, i6, i6, i6, i6, i6, i6, i6, i6, i6, i6, i6, i6, i6, i6, i6, i6, i6, i6, i6, i6, i6, i6, i6, i6, i6, i6, i6, i6, i6, i6, i6, i6, i6, i6, i6, i6, i6, i6, i6 } %empty, 26" [firmware/nnet_utils/nnet_dense_stream.h:40]   --->   Operation 38 'extractvalue' 'data_26_V' <Predicate = true> <Delay = 0.00>
ST_1 : Operation 39 [1/1] (0.00ns)   --->   "%data_27_V = extractvalue { i6, i6, i6, i6, i6, i6, i6, i6, i6, i6, i6, i6, i6, i6, i6, i6, i6, i6, i6, i6, i6, i6, i6, i6, i6, i6, i6, i6, i6, i6, i6, i6, i6, i6, i6, i6, i6, i6, i6, i6, i6, i6, i6, i6, i6, i6, i6, i6, i6, i6, i6, i6, i6, i6, i6, i6, i6, i6, i6, i6, i6, i6, i6, i6 } %empty, 27" [firmware/nnet_utils/nnet_dense_stream.h:40]   --->   Operation 39 'extractvalue' 'data_27_V' <Predicate = true> <Delay = 0.00>
ST_1 : Operation 40 [1/1] (0.00ns)   --->   "%data_28_V = extractvalue { i6, i6, i6, i6, i6, i6, i6, i6, i6, i6, i6, i6, i6, i6, i6, i6, i6, i6, i6, i6, i6, i6, i6, i6, i6, i6, i6, i6, i6, i6, i6, i6, i6, i6, i6, i6, i6, i6, i6, i6, i6, i6, i6, i6, i6, i6, i6, i6, i6, i6, i6, i6, i6, i6, i6, i6, i6, i6, i6, i6, i6, i6, i6, i6 } %empty, 28" [firmware/nnet_utils/nnet_dense_stream.h:40]   --->   Operation 40 'extractvalue' 'data_28_V' <Predicate = true> <Delay = 0.00>
ST_1 : Operation 41 [1/1] (0.00ns)   --->   "%data_29_V = extractvalue { i6, i6, i6, i6, i6, i6, i6, i6, i6, i6, i6, i6, i6, i6, i6, i6, i6, i6, i6, i6, i6, i6, i6, i6, i6, i6, i6, i6, i6, i6, i6, i6, i6, i6, i6, i6, i6, i6, i6, i6, i6, i6, i6, i6, i6, i6, i6, i6, i6, i6, i6, i6, i6, i6, i6, i6, i6, i6, i6, i6, i6, i6, i6, i6 } %empty, 29" [firmware/nnet_utils/nnet_dense_stream.h:40]   --->   Operation 41 'extractvalue' 'data_29_V' <Predicate = true> <Delay = 0.00>
ST_1 : Operation 42 [1/1] (0.00ns)   --->   "%data_30_V = extractvalue { i6, i6, i6, i6, i6, i6, i6, i6, i6, i6, i6, i6, i6, i6, i6, i6, i6, i6, i6, i6, i6, i6, i6, i6, i6, i6, i6, i6, i6, i6, i6, i6, i6, i6, i6, i6, i6, i6, i6, i6, i6, i6, i6, i6, i6, i6, i6, i6, i6, i6, i6, i6, i6, i6, i6, i6, i6, i6, i6, i6, i6, i6, i6, i6 } %empty, 30" [firmware/nnet_utils/nnet_dense_stream.h:40]   --->   Operation 42 'extractvalue' 'data_30_V' <Predicate = true> <Delay = 0.00>
ST_1 : Operation 43 [1/1] (0.00ns)   --->   "%data_31_V = extractvalue { i6, i6, i6, i6, i6, i6, i6, i6, i6, i6, i6, i6, i6, i6, i6, i6, i6, i6, i6, i6, i6, i6, i6, i6, i6, i6, i6, i6, i6, i6, i6, i6, i6, i6, i6, i6, i6, i6, i6, i6, i6, i6, i6, i6, i6, i6, i6, i6, i6, i6, i6, i6, i6, i6, i6, i6, i6, i6, i6, i6, i6, i6, i6, i6 } %empty, 31" [firmware/nnet_utils/nnet_dense_stream.h:40]   --->   Operation 43 'extractvalue' 'data_31_V' <Predicate = true> <Delay = 0.00>
ST_1 : Operation 44 [1/1] (0.00ns)   --->   "%data_32_V = extractvalue { i6, i6, i6, i6, i6, i6, i6, i6, i6, i6, i6, i6, i6, i6, i6, i6, i6, i6, i6, i6, i6, i6, i6, i6, i6, i6, i6, i6, i6, i6, i6, i6, i6, i6, i6, i6, i6, i6, i6, i6, i6, i6, i6, i6, i6, i6, i6, i6, i6, i6, i6, i6, i6, i6, i6, i6, i6, i6, i6, i6, i6, i6, i6, i6 } %empty, 32" [firmware/nnet_utils/nnet_dense_stream.h:40]   --->   Operation 44 'extractvalue' 'data_32_V' <Predicate = true> <Delay = 0.00>
ST_1 : Operation 45 [1/1] (0.00ns)   --->   "%data_33_V = extractvalue { i6, i6, i6, i6, i6, i6, i6, i6, i6, i6, i6, i6, i6, i6, i6, i6, i6, i6, i6, i6, i6, i6, i6, i6, i6, i6, i6, i6, i6, i6, i6, i6, i6, i6, i6, i6, i6, i6, i6, i6, i6, i6, i6, i6, i6, i6, i6, i6, i6, i6, i6, i6, i6, i6, i6, i6, i6, i6, i6, i6, i6, i6, i6, i6 } %empty, 33" [firmware/nnet_utils/nnet_dense_stream.h:40]   --->   Operation 45 'extractvalue' 'data_33_V' <Predicate = true> <Delay = 0.00>
ST_1 : Operation 46 [1/1] (0.00ns)   --->   "%data_34_V = extractvalue { i6, i6, i6, i6, i6, i6, i6, i6, i6, i6, i6, i6, i6, i6, i6, i6, i6, i6, i6, i6, i6, i6, i6, i6, i6, i6, i6, i6, i6, i6, i6, i6, i6, i6, i6, i6, i6, i6, i6, i6, i6, i6, i6, i6, i6, i6, i6, i6, i6, i6, i6, i6, i6, i6, i6, i6, i6, i6, i6, i6, i6, i6, i6, i6 } %empty, 34" [firmware/nnet_utils/nnet_dense_stream.h:40]   --->   Operation 46 'extractvalue' 'data_34_V' <Predicate = true> <Delay = 0.00>
ST_1 : Operation 47 [1/1] (0.00ns)   --->   "%data_35_V = extractvalue { i6, i6, i6, i6, i6, i6, i6, i6, i6, i6, i6, i6, i6, i6, i6, i6, i6, i6, i6, i6, i6, i6, i6, i6, i6, i6, i6, i6, i6, i6, i6, i6, i6, i6, i6, i6, i6, i6, i6, i6, i6, i6, i6, i6, i6, i6, i6, i6, i6, i6, i6, i6, i6, i6, i6, i6, i6, i6, i6, i6, i6, i6, i6, i6 } %empty, 35" [firmware/nnet_utils/nnet_dense_stream.h:40]   --->   Operation 47 'extractvalue' 'data_35_V' <Predicate = true> <Delay = 0.00>
ST_1 : Operation 48 [1/1] (0.00ns)   --->   "%data_36_V = extractvalue { i6, i6, i6, i6, i6, i6, i6, i6, i6, i6, i6, i6, i6, i6, i6, i6, i6, i6, i6, i6, i6, i6, i6, i6, i6, i6, i6, i6, i6, i6, i6, i6, i6, i6, i6, i6, i6, i6, i6, i6, i6, i6, i6, i6, i6, i6, i6, i6, i6, i6, i6, i6, i6, i6, i6, i6, i6, i6, i6, i6, i6, i6, i6, i6 } %empty, 36" [firmware/nnet_utils/nnet_dense_stream.h:40]   --->   Operation 48 'extractvalue' 'data_36_V' <Predicate = true> <Delay = 0.00>
ST_1 : Operation 49 [1/1] (0.00ns)   --->   "%data_37_V = extractvalue { i6, i6, i6, i6, i6, i6, i6, i6, i6, i6, i6, i6, i6, i6, i6, i6, i6, i6, i6, i6, i6, i6, i6, i6, i6, i6, i6, i6, i6, i6, i6, i6, i6, i6, i6, i6, i6, i6, i6, i6, i6, i6, i6, i6, i6, i6, i6, i6, i6, i6, i6, i6, i6, i6, i6, i6, i6, i6, i6, i6, i6, i6, i6, i6 } %empty, 37" [firmware/nnet_utils/nnet_dense_stream.h:40]   --->   Operation 49 'extractvalue' 'data_37_V' <Predicate = true> <Delay = 0.00>
ST_1 : Operation 50 [1/1] (0.00ns)   --->   "%data_38_V = extractvalue { i6, i6, i6, i6, i6, i6, i6, i6, i6, i6, i6, i6, i6, i6, i6, i6, i6, i6, i6, i6, i6, i6, i6, i6, i6, i6, i6, i6, i6, i6, i6, i6, i6, i6, i6, i6, i6, i6, i6, i6, i6, i6, i6, i6, i6, i6, i6, i6, i6, i6, i6, i6, i6, i6, i6, i6, i6, i6, i6, i6, i6, i6, i6, i6 } %empty, 38" [firmware/nnet_utils/nnet_dense_stream.h:40]   --->   Operation 50 'extractvalue' 'data_38_V' <Predicate = true> <Delay = 0.00>
ST_1 : Operation 51 [1/1] (0.00ns)   --->   "%data_39_V = extractvalue { i6, i6, i6, i6, i6, i6, i6, i6, i6, i6, i6, i6, i6, i6, i6, i6, i6, i6, i6, i6, i6, i6, i6, i6, i6, i6, i6, i6, i6, i6, i6, i6, i6, i6, i6, i6, i6, i6, i6, i6, i6, i6, i6, i6, i6, i6, i6, i6, i6, i6, i6, i6, i6, i6, i6, i6, i6, i6, i6, i6, i6, i6, i6, i6 } %empty, 39" [firmware/nnet_utils/nnet_dense_stream.h:40]   --->   Operation 51 'extractvalue' 'data_39_V' <Predicate = true> <Delay = 0.00>
ST_1 : Operation 52 [1/1] (0.00ns)   --->   "%data_40_V = extractvalue { i6, i6, i6, i6, i6, i6, i6, i6, i6, i6, i6, i6, i6, i6, i6, i6, i6, i6, i6, i6, i6, i6, i6, i6, i6, i6, i6, i6, i6, i6, i6, i6, i6, i6, i6, i6, i6, i6, i6, i6, i6, i6, i6, i6, i6, i6, i6, i6, i6, i6, i6, i6, i6, i6, i6, i6, i6, i6, i6, i6, i6, i6, i6, i6 } %empty, 40" [firmware/nnet_utils/nnet_dense_stream.h:40]   --->   Operation 52 'extractvalue' 'data_40_V' <Predicate = true> <Delay = 0.00>
ST_1 : Operation 53 [1/1] (0.00ns)   --->   "%data_41_V = extractvalue { i6, i6, i6, i6, i6, i6, i6, i6, i6, i6, i6, i6, i6, i6, i6, i6, i6, i6, i6, i6, i6, i6, i6, i6, i6, i6, i6, i6, i6, i6, i6, i6, i6, i6, i6, i6, i6, i6, i6, i6, i6, i6, i6, i6, i6, i6, i6, i6, i6, i6, i6, i6, i6, i6, i6, i6, i6, i6, i6, i6, i6, i6, i6, i6 } %empty, 41" [firmware/nnet_utils/nnet_dense_stream.h:40]   --->   Operation 53 'extractvalue' 'data_41_V' <Predicate = true> <Delay = 0.00>
ST_1 : Operation 54 [1/1] (0.00ns)   --->   "%data_42_V = extractvalue { i6, i6, i6, i6, i6, i6, i6, i6, i6, i6, i6, i6, i6, i6, i6, i6, i6, i6, i6, i6, i6, i6, i6, i6, i6, i6, i6, i6, i6, i6, i6, i6, i6, i6, i6, i6, i6, i6, i6, i6, i6, i6, i6, i6, i6, i6, i6, i6, i6, i6, i6, i6, i6, i6, i6, i6, i6, i6, i6, i6, i6, i6, i6, i6 } %empty, 42" [firmware/nnet_utils/nnet_dense_stream.h:40]   --->   Operation 54 'extractvalue' 'data_42_V' <Predicate = true> <Delay = 0.00>
ST_1 : Operation 55 [1/1] (0.00ns)   --->   "%data_43_V = extractvalue { i6, i6, i6, i6, i6, i6, i6, i6, i6, i6, i6, i6, i6, i6, i6, i6, i6, i6, i6, i6, i6, i6, i6, i6, i6, i6, i6, i6, i6, i6, i6, i6, i6, i6, i6, i6, i6, i6, i6, i6, i6, i6, i6, i6, i6, i6, i6, i6, i6, i6, i6, i6, i6, i6, i6, i6, i6, i6, i6, i6, i6, i6, i6, i6 } %empty, 43" [firmware/nnet_utils/nnet_dense_stream.h:40]   --->   Operation 55 'extractvalue' 'data_43_V' <Predicate = true> <Delay = 0.00>
ST_1 : Operation 56 [1/1] (0.00ns)   --->   "%data_44_V = extractvalue { i6, i6, i6, i6, i6, i6, i6, i6, i6, i6, i6, i6, i6, i6, i6, i6, i6, i6, i6, i6, i6, i6, i6, i6, i6, i6, i6, i6, i6, i6, i6, i6, i6, i6, i6, i6, i6, i6, i6, i6, i6, i6, i6, i6, i6, i6, i6, i6, i6, i6, i6, i6, i6, i6, i6, i6, i6, i6, i6, i6, i6, i6, i6, i6 } %empty, 44" [firmware/nnet_utils/nnet_dense_stream.h:40]   --->   Operation 56 'extractvalue' 'data_44_V' <Predicate = true> <Delay = 0.00>
ST_1 : Operation 57 [1/1] (0.00ns)   --->   "%data_45_V = extractvalue { i6, i6, i6, i6, i6, i6, i6, i6, i6, i6, i6, i6, i6, i6, i6, i6, i6, i6, i6, i6, i6, i6, i6, i6, i6, i6, i6, i6, i6, i6, i6, i6, i6, i6, i6, i6, i6, i6, i6, i6, i6, i6, i6, i6, i6, i6, i6, i6, i6, i6, i6, i6, i6, i6, i6, i6, i6, i6, i6, i6, i6, i6, i6, i6 } %empty, 45" [firmware/nnet_utils/nnet_dense_stream.h:40]   --->   Operation 57 'extractvalue' 'data_45_V' <Predicate = true> <Delay = 0.00>
ST_1 : Operation 58 [1/1] (0.00ns)   --->   "%data_46_V = extractvalue { i6, i6, i6, i6, i6, i6, i6, i6, i6, i6, i6, i6, i6, i6, i6, i6, i6, i6, i6, i6, i6, i6, i6, i6, i6, i6, i6, i6, i6, i6, i6, i6, i6, i6, i6, i6, i6, i6, i6, i6, i6, i6, i6, i6, i6, i6, i6, i6, i6, i6, i6, i6, i6, i6, i6, i6, i6, i6, i6, i6, i6, i6, i6, i6 } %empty, 46" [firmware/nnet_utils/nnet_dense_stream.h:40]   --->   Operation 58 'extractvalue' 'data_46_V' <Predicate = true> <Delay = 0.00>
ST_1 : Operation 59 [1/1] (0.00ns)   --->   "%data_47_V = extractvalue { i6, i6, i6, i6, i6, i6, i6, i6, i6, i6, i6, i6, i6, i6, i6, i6, i6, i6, i6, i6, i6, i6, i6, i6, i6, i6, i6, i6, i6, i6, i6, i6, i6, i6, i6, i6, i6, i6, i6, i6, i6, i6, i6, i6, i6, i6, i6, i6, i6, i6, i6, i6, i6, i6, i6, i6, i6, i6, i6, i6, i6, i6, i6, i6 } %empty, 47" [firmware/nnet_utils/nnet_dense_stream.h:40]   --->   Operation 59 'extractvalue' 'data_47_V' <Predicate = true> <Delay = 0.00>
ST_1 : Operation 60 [1/1] (0.00ns)   --->   "%data_48_V = extractvalue { i6, i6, i6, i6, i6, i6, i6, i6, i6, i6, i6, i6, i6, i6, i6, i6, i6, i6, i6, i6, i6, i6, i6, i6, i6, i6, i6, i6, i6, i6, i6, i6, i6, i6, i6, i6, i6, i6, i6, i6, i6, i6, i6, i6, i6, i6, i6, i6, i6, i6, i6, i6, i6, i6, i6, i6, i6, i6, i6, i6, i6, i6, i6, i6 } %empty, 48" [firmware/nnet_utils/nnet_dense_stream.h:40]   --->   Operation 60 'extractvalue' 'data_48_V' <Predicate = true> <Delay = 0.00>
ST_1 : Operation 61 [1/1] (0.00ns)   --->   "%data_49_V = extractvalue { i6, i6, i6, i6, i6, i6, i6, i6, i6, i6, i6, i6, i6, i6, i6, i6, i6, i6, i6, i6, i6, i6, i6, i6, i6, i6, i6, i6, i6, i6, i6, i6, i6, i6, i6, i6, i6, i6, i6, i6, i6, i6, i6, i6, i6, i6, i6, i6, i6, i6, i6, i6, i6, i6, i6, i6, i6, i6, i6, i6, i6, i6, i6, i6 } %empty, 49" [firmware/nnet_utils/nnet_dense_stream.h:40]   --->   Operation 61 'extractvalue' 'data_49_V' <Predicate = true> <Delay = 0.00>
ST_1 : Operation 62 [1/1] (0.00ns)   --->   "%data_50_V = extractvalue { i6, i6, i6, i6, i6, i6, i6, i6, i6, i6, i6, i6, i6, i6, i6, i6, i6, i6, i6, i6, i6, i6, i6, i6, i6, i6, i6, i6, i6, i6, i6, i6, i6, i6, i6, i6, i6, i6, i6, i6, i6, i6, i6, i6, i6, i6, i6, i6, i6, i6, i6, i6, i6, i6, i6, i6, i6, i6, i6, i6, i6, i6, i6, i6 } %empty, 50" [firmware/nnet_utils/nnet_dense_stream.h:40]   --->   Operation 62 'extractvalue' 'data_50_V' <Predicate = true> <Delay = 0.00>
ST_1 : Operation 63 [1/1] (0.00ns)   --->   "%data_51_V = extractvalue { i6, i6, i6, i6, i6, i6, i6, i6, i6, i6, i6, i6, i6, i6, i6, i6, i6, i6, i6, i6, i6, i6, i6, i6, i6, i6, i6, i6, i6, i6, i6, i6, i6, i6, i6, i6, i6, i6, i6, i6, i6, i6, i6, i6, i6, i6, i6, i6, i6, i6, i6, i6, i6, i6, i6, i6, i6, i6, i6, i6, i6, i6, i6, i6 } %empty, 51" [firmware/nnet_utils/nnet_dense_stream.h:40]   --->   Operation 63 'extractvalue' 'data_51_V' <Predicate = true> <Delay = 0.00>
ST_1 : Operation 64 [1/1] (0.00ns)   --->   "%data_52_V = extractvalue { i6, i6, i6, i6, i6, i6, i6, i6, i6, i6, i6, i6, i6, i6, i6, i6, i6, i6, i6, i6, i6, i6, i6, i6, i6, i6, i6, i6, i6, i6, i6, i6, i6, i6, i6, i6, i6, i6, i6, i6, i6, i6, i6, i6, i6, i6, i6, i6, i6, i6, i6, i6, i6, i6, i6, i6, i6, i6, i6, i6, i6, i6, i6, i6 } %empty, 52" [firmware/nnet_utils/nnet_dense_stream.h:40]   --->   Operation 64 'extractvalue' 'data_52_V' <Predicate = true> <Delay = 0.00>
ST_1 : Operation 65 [1/1] (0.00ns)   --->   "%data_53_V = extractvalue { i6, i6, i6, i6, i6, i6, i6, i6, i6, i6, i6, i6, i6, i6, i6, i6, i6, i6, i6, i6, i6, i6, i6, i6, i6, i6, i6, i6, i6, i6, i6, i6, i6, i6, i6, i6, i6, i6, i6, i6, i6, i6, i6, i6, i6, i6, i6, i6, i6, i6, i6, i6, i6, i6, i6, i6, i6, i6, i6, i6, i6, i6, i6, i6 } %empty, 53" [firmware/nnet_utils/nnet_dense_stream.h:40]   --->   Operation 65 'extractvalue' 'data_53_V' <Predicate = true> <Delay = 0.00>
ST_1 : Operation 66 [1/1] (0.00ns)   --->   "%data_54_V = extractvalue { i6, i6, i6, i6, i6, i6, i6, i6, i6, i6, i6, i6, i6, i6, i6, i6, i6, i6, i6, i6, i6, i6, i6, i6, i6, i6, i6, i6, i6, i6, i6, i6, i6, i6, i6, i6, i6, i6, i6, i6, i6, i6, i6, i6, i6, i6, i6, i6, i6, i6, i6, i6, i6, i6, i6, i6, i6, i6, i6, i6, i6, i6, i6, i6 } %empty, 54" [firmware/nnet_utils/nnet_dense_stream.h:40]   --->   Operation 66 'extractvalue' 'data_54_V' <Predicate = true> <Delay = 0.00>
ST_1 : Operation 67 [1/1] (0.00ns)   --->   "%data_55_V = extractvalue { i6, i6, i6, i6, i6, i6, i6, i6, i6, i6, i6, i6, i6, i6, i6, i6, i6, i6, i6, i6, i6, i6, i6, i6, i6, i6, i6, i6, i6, i6, i6, i6, i6, i6, i6, i6, i6, i6, i6, i6, i6, i6, i6, i6, i6, i6, i6, i6, i6, i6, i6, i6, i6, i6, i6, i6, i6, i6, i6, i6, i6, i6, i6, i6 } %empty, 55" [firmware/nnet_utils/nnet_dense_stream.h:40]   --->   Operation 67 'extractvalue' 'data_55_V' <Predicate = true> <Delay = 0.00>
ST_1 : Operation 68 [1/1] (0.00ns)   --->   "%data_56_V = extractvalue { i6, i6, i6, i6, i6, i6, i6, i6, i6, i6, i6, i6, i6, i6, i6, i6, i6, i6, i6, i6, i6, i6, i6, i6, i6, i6, i6, i6, i6, i6, i6, i6, i6, i6, i6, i6, i6, i6, i6, i6, i6, i6, i6, i6, i6, i6, i6, i6, i6, i6, i6, i6, i6, i6, i6, i6, i6, i6, i6, i6, i6, i6, i6, i6 } %empty, 56" [firmware/nnet_utils/nnet_dense_stream.h:40]   --->   Operation 68 'extractvalue' 'data_56_V' <Predicate = true> <Delay = 0.00>
ST_1 : Operation 69 [1/1] (0.00ns)   --->   "%data_57_V = extractvalue { i6, i6, i6, i6, i6, i6, i6, i6, i6, i6, i6, i6, i6, i6, i6, i6, i6, i6, i6, i6, i6, i6, i6, i6, i6, i6, i6, i6, i6, i6, i6, i6, i6, i6, i6, i6, i6, i6, i6, i6, i6, i6, i6, i6, i6, i6, i6, i6, i6, i6, i6, i6, i6, i6, i6, i6, i6, i6, i6, i6, i6, i6, i6, i6 } %empty, 57" [firmware/nnet_utils/nnet_dense_stream.h:40]   --->   Operation 69 'extractvalue' 'data_57_V' <Predicate = true> <Delay = 0.00>
ST_1 : Operation 70 [1/1] (0.00ns)   --->   "%data_58_V = extractvalue { i6, i6, i6, i6, i6, i6, i6, i6, i6, i6, i6, i6, i6, i6, i6, i6, i6, i6, i6, i6, i6, i6, i6, i6, i6, i6, i6, i6, i6, i6, i6, i6, i6, i6, i6, i6, i6, i6, i6, i6, i6, i6, i6, i6, i6, i6, i6, i6, i6, i6, i6, i6, i6, i6, i6, i6, i6, i6, i6, i6, i6, i6, i6, i6 } %empty, 58" [firmware/nnet_utils/nnet_dense_stream.h:40]   --->   Operation 70 'extractvalue' 'data_58_V' <Predicate = true> <Delay = 0.00>
ST_1 : Operation 71 [1/1] (0.00ns)   --->   "%data_59_V = extractvalue { i6, i6, i6, i6, i6, i6, i6, i6, i6, i6, i6, i6, i6, i6, i6, i6, i6, i6, i6, i6, i6, i6, i6, i6, i6, i6, i6, i6, i6, i6, i6, i6, i6, i6, i6, i6, i6, i6, i6, i6, i6, i6, i6, i6, i6, i6, i6, i6, i6, i6, i6, i6, i6, i6, i6, i6, i6, i6, i6, i6, i6, i6, i6, i6 } %empty, 59" [firmware/nnet_utils/nnet_dense_stream.h:40]   --->   Operation 71 'extractvalue' 'data_59_V' <Predicate = true> <Delay = 0.00>
ST_1 : Operation 72 [1/1] (0.00ns)   --->   "%data_60_V = extractvalue { i6, i6, i6, i6, i6, i6, i6, i6, i6, i6, i6, i6, i6, i6, i6, i6, i6, i6, i6, i6, i6, i6, i6, i6, i6, i6, i6, i6, i6, i6, i6, i6, i6, i6, i6, i6, i6, i6, i6, i6, i6, i6, i6, i6, i6, i6, i6, i6, i6, i6, i6, i6, i6, i6, i6, i6, i6, i6, i6, i6, i6, i6, i6, i6 } %empty, 60" [firmware/nnet_utils/nnet_dense_stream.h:40]   --->   Operation 72 'extractvalue' 'data_60_V' <Predicate = true> <Delay = 0.00>
ST_1 : Operation 73 [1/1] (0.00ns)   --->   "%data_61_V = extractvalue { i6, i6, i6, i6, i6, i6, i6, i6, i6, i6, i6, i6, i6, i6, i6, i6, i6, i6, i6, i6, i6, i6, i6, i6, i6, i6, i6, i6, i6, i6, i6, i6, i6, i6, i6, i6, i6, i6, i6, i6, i6, i6, i6, i6, i6, i6, i6, i6, i6, i6, i6, i6, i6, i6, i6, i6, i6, i6, i6, i6, i6, i6, i6, i6 } %empty, 61" [firmware/nnet_utils/nnet_dense_stream.h:40]   --->   Operation 73 'extractvalue' 'data_61_V' <Predicate = true> <Delay = 0.00>
ST_1 : Operation 74 [1/1] (0.00ns)   --->   "%data_62_V = extractvalue { i6, i6, i6, i6, i6, i6, i6, i6, i6, i6, i6, i6, i6, i6, i6, i6, i6, i6, i6, i6, i6, i6, i6, i6, i6, i6, i6, i6, i6, i6, i6, i6, i6, i6, i6, i6, i6, i6, i6, i6, i6, i6, i6, i6, i6, i6, i6, i6, i6, i6, i6, i6, i6, i6, i6, i6, i6, i6, i6, i6, i6, i6, i6, i6 } %empty, 62" [firmware/nnet_utils/nnet_dense_stream.h:40]   --->   Operation 74 'extractvalue' 'data_62_V' <Predicate = true> <Delay = 0.00>
ST_1 : Operation 75 [1/1] (0.00ns)   --->   "%data_63_V = extractvalue { i6, i6, i6, i6, i6, i6, i6, i6, i6, i6, i6, i6, i6, i6, i6, i6, i6, i6, i6, i6, i6, i6, i6, i6, i6, i6, i6, i6, i6, i6, i6, i6, i6, i6, i6, i6, i6, i6, i6, i6, i6, i6, i6, i6, i6, i6, i6, i6, i6, i6, i6, i6, i6, i6, i6, i6, i6, i6, i6, i6, i6, i6, i6, i6 } %empty, 63" [firmware/nnet_utils/nnet_dense_stream.h:40]   --->   Operation 75 'extractvalue' 'data_63_V' <Predicate = true> <Delay = 0.00>

State 2 <SV = 1> <Delay = 4.37>
ST_2 : Operation 76 [8/8] (4.37ns)   --->   "%call_ret = call fastcc { i16, i16, i16, i16, i16, i16, i16, i16, i16, i16 } @"dense_wrapper<ap_ufixed<6, 0, 4, 0, 0>, ap_fixed<16, 6, 5, 3, 0>, config23>"(i6 %data_0_V, i6 %data_1_V, i6 %data_2_V, i6 %data_3_V, i6 %data_4_V, i6 %data_5_V, i6 %data_6_V, i6 %data_7_V, i6 %data_8_V, i6 %data_9_V, i6 %data_10_V, i6 %data_11_V, i6 %data_12_V, i6 %data_13_V, i6 %data_14_V, i6 %data_15_V, i6 %data_16_V, i6 %data_17_V, i6 %data_18_V, i6 %data_19_V, i6 %data_20_V, i6 %data_21_V, i6 %data_22_V, i6 %data_23_V, i6 %data_24_V, i6 %data_25_V, i6 %data_26_V, i6 %data_27_V, i6 %data_28_V, i6 %data_29_V, i6 %data_30_V, i6 %data_31_V, i6 %data_32_V, i6 %data_33_V, i6 %data_34_V, i6 %data_35_V, i6 %data_36_V, i6 %data_37_V, i6 %data_38_V, i6 %data_39_V, i6 %data_40_V, i6 %data_41_V, i6 %data_42_V, i6 %data_43_V, i6 %data_44_V, i6 %data_45_V, i6 %data_46_V, i6 %data_47_V, i6 %data_48_V, i6 %data_49_V, i6 %data_50_V, i6 %data_51_V, i6 %data_52_V, i6 %data_53_V, i6 %data_54_V, i6 %data_55_V, i6 %data_56_V, i6 %data_57_V, i6 %data_58_V, i6 %data_59_V, i6 %data_60_V, i6 %data_61_V, i6 %data_62_V, i6 %data_63_V)" [firmware/nnet_utils/nnet_dense_stream.h:48]   --->   Operation 76 'call' 'call_ret' <Predicate = true> <Delay = 4.37> <CoreType = "Generic">   --->   Core 0 '' <Latency = 0> <II = 1> <Delay = 1.00> <Generic> <Opcode : >

State 3 <SV = 2> <Delay = 4.37>
ST_3 : Operation 77 [7/8] (4.37ns)   --->   "%call_ret = call fastcc { i16, i16, i16, i16, i16, i16, i16, i16, i16, i16 } @"dense_wrapper<ap_ufixed<6, 0, 4, 0, 0>, ap_fixed<16, 6, 5, 3, 0>, config23>"(i6 %data_0_V, i6 %data_1_V, i6 %data_2_V, i6 %data_3_V, i6 %data_4_V, i6 %data_5_V, i6 %data_6_V, i6 %data_7_V, i6 %data_8_V, i6 %data_9_V, i6 %data_10_V, i6 %data_11_V, i6 %data_12_V, i6 %data_13_V, i6 %data_14_V, i6 %data_15_V, i6 %data_16_V, i6 %data_17_V, i6 %data_18_V, i6 %data_19_V, i6 %data_20_V, i6 %data_21_V, i6 %data_22_V, i6 %data_23_V, i6 %data_24_V, i6 %data_25_V, i6 %data_26_V, i6 %data_27_V, i6 %data_28_V, i6 %data_29_V, i6 %data_30_V, i6 %data_31_V, i6 %data_32_V, i6 %data_33_V, i6 %data_34_V, i6 %data_35_V, i6 %data_36_V, i6 %data_37_V, i6 %data_38_V, i6 %data_39_V, i6 %data_40_V, i6 %data_41_V, i6 %data_42_V, i6 %data_43_V, i6 %data_44_V, i6 %data_45_V, i6 %data_46_V, i6 %data_47_V, i6 %data_48_V, i6 %data_49_V, i6 %data_50_V, i6 %data_51_V, i6 %data_52_V, i6 %data_53_V, i6 %data_54_V, i6 %data_55_V, i6 %data_56_V, i6 %data_57_V, i6 %data_58_V, i6 %data_59_V, i6 %data_60_V, i6 %data_61_V, i6 %data_62_V, i6 %data_63_V)" [firmware/nnet_utils/nnet_dense_stream.h:48]   --->   Operation 77 'call' 'call_ret' <Predicate = true> <Delay = 4.37> <CoreType = "Generic">   --->   Core 0 '' <Latency = 0> <II = 1> <Delay = 1.00> <Generic> <Opcode : >

State 4 <SV = 3> <Delay = 4.37>
ST_4 : Operation 78 [6/8] (4.37ns)   --->   "%call_ret = call fastcc { i16, i16, i16, i16, i16, i16, i16, i16, i16, i16 } @"dense_wrapper<ap_ufixed<6, 0, 4, 0, 0>, ap_fixed<16, 6, 5, 3, 0>, config23>"(i6 %data_0_V, i6 %data_1_V, i6 %data_2_V, i6 %data_3_V, i6 %data_4_V, i6 %data_5_V, i6 %data_6_V, i6 %data_7_V, i6 %data_8_V, i6 %data_9_V, i6 %data_10_V, i6 %data_11_V, i6 %data_12_V, i6 %data_13_V, i6 %data_14_V, i6 %data_15_V, i6 %data_16_V, i6 %data_17_V, i6 %data_18_V, i6 %data_19_V, i6 %data_20_V, i6 %data_21_V, i6 %data_22_V, i6 %data_23_V, i6 %data_24_V, i6 %data_25_V, i6 %data_26_V, i6 %data_27_V, i6 %data_28_V, i6 %data_29_V, i6 %data_30_V, i6 %data_31_V, i6 %data_32_V, i6 %data_33_V, i6 %data_34_V, i6 %data_35_V, i6 %data_36_V, i6 %data_37_V, i6 %data_38_V, i6 %data_39_V, i6 %data_40_V, i6 %data_41_V, i6 %data_42_V, i6 %data_43_V, i6 %data_44_V, i6 %data_45_V, i6 %data_46_V, i6 %data_47_V, i6 %data_48_V, i6 %data_49_V, i6 %data_50_V, i6 %data_51_V, i6 %data_52_V, i6 %data_53_V, i6 %data_54_V, i6 %data_55_V, i6 %data_56_V, i6 %data_57_V, i6 %data_58_V, i6 %data_59_V, i6 %data_60_V, i6 %data_61_V, i6 %data_62_V, i6 %data_63_V)" [firmware/nnet_utils/nnet_dense_stream.h:48]   --->   Operation 78 'call' 'call_ret' <Predicate = true> <Delay = 4.37> <CoreType = "Generic">   --->   Core 0 '' <Latency = 0> <II = 1> <Delay = 1.00> <Generic> <Opcode : >

State 5 <SV = 4> <Delay = 4.37>
ST_5 : Operation 79 [5/8] (4.37ns)   --->   "%call_ret = call fastcc { i16, i16, i16, i16, i16, i16, i16, i16, i16, i16 } @"dense_wrapper<ap_ufixed<6, 0, 4, 0, 0>, ap_fixed<16, 6, 5, 3, 0>, config23>"(i6 %data_0_V, i6 %data_1_V, i6 %data_2_V, i6 %data_3_V, i6 %data_4_V, i6 %data_5_V, i6 %data_6_V, i6 %data_7_V, i6 %data_8_V, i6 %data_9_V, i6 %data_10_V, i6 %data_11_V, i6 %data_12_V, i6 %data_13_V, i6 %data_14_V, i6 %data_15_V, i6 %data_16_V, i6 %data_17_V, i6 %data_18_V, i6 %data_19_V, i6 %data_20_V, i6 %data_21_V, i6 %data_22_V, i6 %data_23_V, i6 %data_24_V, i6 %data_25_V, i6 %data_26_V, i6 %data_27_V, i6 %data_28_V, i6 %data_29_V, i6 %data_30_V, i6 %data_31_V, i6 %data_32_V, i6 %data_33_V, i6 %data_34_V, i6 %data_35_V, i6 %data_36_V, i6 %data_37_V, i6 %data_38_V, i6 %data_39_V, i6 %data_40_V, i6 %data_41_V, i6 %data_42_V, i6 %data_43_V, i6 %data_44_V, i6 %data_45_V, i6 %data_46_V, i6 %data_47_V, i6 %data_48_V, i6 %data_49_V, i6 %data_50_V, i6 %data_51_V, i6 %data_52_V, i6 %data_53_V, i6 %data_54_V, i6 %data_55_V, i6 %data_56_V, i6 %data_57_V, i6 %data_58_V, i6 %data_59_V, i6 %data_60_V, i6 %data_61_V, i6 %data_62_V, i6 %data_63_V)" [firmware/nnet_utils/nnet_dense_stream.h:48]   --->   Operation 79 'call' 'call_ret' <Predicate = true> <Delay = 4.37> <CoreType = "Generic">   --->   Core 0 '' <Latency = 0> <II = 1> <Delay = 1.00> <Generic> <Opcode : >

State 6 <SV = 5> <Delay = 4.37>
ST_6 : Operation 80 [4/8] (4.37ns)   --->   "%call_ret = call fastcc { i16, i16, i16, i16, i16, i16, i16, i16, i16, i16 } @"dense_wrapper<ap_ufixed<6, 0, 4, 0, 0>, ap_fixed<16, 6, 5, 3, 0>, config23>"(i6 %data_0_V, i6 %data_1_V, i6 %data_2_V, i6 %data_3_V, i6 %data_4_V, i6 %data_5_V, i6 %data_6_V, i6 %data_7_V, i6 %data_8_V, i6 %data_9_V, i6 %data_10_V, i6 %data_11_V, i6 %data_12_V, i6 %data_13_V, i6 %data_14_V, i6 %data_15_V, i6 %data_16_V, i6 %data_17_V, i6 %data_18_V, i6 %data_19_V, i6 %data_20_V, i6 %data_21_V, i6 %data_22_V, i6 %data_23_V, i6 %data_24_V, i6 %data_25_V, i6 %data_26_V, i6 %data_27_V, i6 %data_28_V, i6 %data_29_V, i6 %data_30_V, i6 %data_31_V, i6 %data_32_V, i6 %data_33_V, i6 %data_34_V, i6 %data_35_V, i6 %data_36_V, i6 %data_37_V, i6 %data_38_V, i6 %data_39_V, i6 %data_40_V, i6 %data_41_V, i6 %data_42_V, i6 %data_43_V, i6 %data_44_V, i6 %data_45_V, i6 %data_46_V, i6 %data_47_V, i6 %data_48_V, i6 %data_49_V, i6 %data_50_V, i6 %data_51_V, i6 %data_52_V, i6 %data_53_V, i6 %data_54_V, i6 %data_55_V, i6 %data_56_V, i6 %data_57_V, i6 %data_58_V, i6 %data_59_V, i6 %data_60_V, i6 %data_61_V, i6 %data_62_V, i6 %data_63_V)" [firmware/nnet_utils/nnet_dense_stream.h:48]   --->   Operation 80 'call' 'call_ret' <Predicate = true> <Delay = 4.37> <CoreType = "Generic">   --->   Core 0 '' <Latency = 0> <II = 1> <Delay = 1.00> <Generic> <Opcode : >

State 7 <SV = 6> <Delay = 4.37>
ST_7 : Operation 81 [3/8] (4.37ns)   --->   "%call_ret = call fastcc { i16, i16, i16, i16, i16, i16, i16, i16, i16, i16 } @"dense_wrapper<ap_ufixed<6, 0, 4, 0, 0>, ap_fixed<16, 6, 5, 3, 0>, config23>"(i6 %data_0_V, i6 %data_1_V, i6 %data_2_V, i6 %data_3_V, i6 %data_4_V, i6 %data_5_V, i6 %data_6_V, i6 %data_7_V, i6 %data_8_V, i6 %data_9_V, i6 %data_10_V, i6 %data_11_V, i6 %data_12_V, i6 %data_13_V, i6 %data_14_V, i6 %data_15_V, i6 %data_16_V, i6 %data_17_V, i6 %data_18_V, i6 %data_19_V, i6 %data_20_V, i6 %data_21_V, i6 %data_22_V, i6 %data_23_V, i6 %data_24_V, i6 %data_25_V, i6 %data_26_V, i6 %data_27_V, i6 %data_28_V, i6 %data_29_V, i6 %data_30_V, i6 %data_31_V, i6 %data_32_V, i6 %data_33_V, i6 %data_34_V, i6 %data_35_V, i6 %data_36_V, i6 %data_37_V, i6 %data_38_V, i6 %data_39_V, i6 %data_40_V, i6 %data_41_V, i6 %data_42_V, i6 %data_43_V, i6 %data_44_V, i6 %data_45_V, i6 %data_46_V, i6 %data_47_V, i6 %data_48_V, i6 %data_49_V, i6 %data_50_V, i6 %data_51_V, i6 %data_52_V, i6 %data_53_V, i6 %data_54_V, i6 %data_55_V, i6 %data_56_V, i6 %data_57_V, i6 %data_58_V, i6 %data_59_V, i6 %data_60_V, i6 %data_61_V, i6 %data_62_V, i6 %data_63_V)" [firmware/nnet_utils/nnet_dense_stream.h:48]   --->   Operation 81 'call' 'call_ret' <Predicate = true> <Delay = 4.37> <CoreType = "Generic">   --->   Core 0 '' <Latency = 0> <II = 1> <Delay = 1.00> <Generic> <Opcode : >

State 8 <SV = 7> <Delay = 4.37>
ST_8 : Operation 82 [2/8] (4.37ns)   --->   "%call_ret = call fastcc { i16, i16, i16, i16, i16, i16, i16, i16, i16, i16 } @"dense_wrapper<ap_ufixed<6, 0, 4, 0, 0>, ap_fixed<16, 6, 5, 3, 0>, config23>"(i6 %data_0_V, i6 %data_1_V, i6 %data_2_V, i6 %data_3_V, i6 %data_4_V, i6 %data_5_V, i6 %data_6_V, i6 %data_7_V, i6 %data_8_V, i6 %data_9_V, i6 %data_10_V, i6 %data_11_V, i6 %data_12_V, i6 %data_13_V, i6 %data_14_V, i6 %data_15_V, i6 %data_16_V, i6 %data_17_V, i6 %data_18_V, i6 %data_19_V, i6 %data_20_V, i6 %data_21_V, i6 %data_22_V, i6 %data_23_V, i6 %data_24_V, i6 %data_25_V, i6 %data_26_V, i6 %data_27_V, i6 %data_28_V, i6 %data_29_V, i6 %data_30_V, i6 %data_31_V, i6 %data_32_V, i6 %data_33_V, i6 %data_34_V, i6 %data_35_V, i6 %data_36_V, i6 %data_37_V, i6 %data_38_V, i6 %data_39_V, i6 %data_40_V, i6 %data_41_V, i6 %data_42_V, i6 %data_43_V, i6 %data_44_V, i6 %data_45_V, i6 %data_46_V, i6 %data_47_V, i6 %data_48_V, i6 %data_49_V, i6 %data_50_V, i6 %data_51_V, i6 %data_52_V, i6 %data_53_V, i6 %data_54_V, i6 %data_55_V, i6 %data_56_V, i6 %data_57_V, i6 %data_58_V, i6 %data_59_V, i6 %data_60_V, i6 %data_61_V, i6 %data_62_V, i6 %data_63_V)" [firmware/nnet_utils/nnet_dense_stream.h:48]   --->   Operation 82 'call' 'call_ret' <Predicate = true> <Delay = 4.37> <CoreType = "Generic">   --->   Core 0 '' <Latency = 0> <II = 1> <Delay = 1.00> <Generic> <Opcode : >

State 9 <SV = 8> <Delay = 3.90>
ST_9 : Operation 83 [1/8] (3.90ns)   --->   "%call_ret = call fastcc { i16, i16, i16, i16, i16, i16, i16, i16, i16, i16 } @"dense_wrapper<ap_ufixed<6, 0, 4, 0, 0>, ap_fixed<16, 6, 5, 3, 0>, config23>"(i6 %data_0_V, i6 %data_1_V, i6 %data_2_V, i6 %data_3_V, i6 %data_4_V, i6 %data_5_V, i6 %data_6_V, i6 %data_7_V, i6 %data_8_V, i6 %data_9_V, i6 %data_10_V, i6 %data_11_V, i6 %data_12_V, i6 %data_13_V, i6 %data_14_V, i6 %data_15_V, i6 %data_16_V, i6 %data_17_V, i6 %data_18_V, i6 %data_19_V, i6 %data_20_V, i6 %data_21_V, i6 %data_22_V, i6 %data_23_V, i6 %data_24_V, i6 %data_25_V, i6 %data_26_V, i6 %data_27_V, i6 %data_28_V, i6 %data_29_V, i6 %data_30_V, i6 %data_31_V, i6 %data_32_V, i6 %data_33_V, i6 %data_34_V, i6 %data_35_V, i6 %data_36_V, i6 %data_37_V, i6 %data_38_V, i6 %data_39_V, i6 %data_40_V, i6 %data_41_V, i6 %data_42_V, i6 %data_43_V, i6 %data_44_V, i6 %data_45_V, i6 %data_46_V, i6 %data_47_V, i6 %data_48_V, i6 %data_49_V, i6 %data_50_V, i6 %data_51_V, i6 %data_52_V, i6 %data_53_V, i6 %data_54_V, i6 %data_55_V, i6 %data_56_V, i6 %data_57_V, i6 %data_58_V, i6 %data_59_V, i6 %data_60_V, i6 %data_61_V, i6 %data_62_V, i6 %data_63_V)" [firmware/nnet_utils/nnet_dense_stream.h:48]   --->   Operation 83 'call' 'call_ret' <Predicate = true> <Delay = 3.90> <CoreType = "Generic">   --->   Core 0 '' <Latency = 0> <II = 1> <Delay = 1.00> <Generic> <Opcode : >
ST_9 : Operation 84 [1/1] (0.00ns)   --->   "%tmp_data_0_V = extractvalue { i16, i16, i16, i16, i16, i16, i16, i16, i16, i16 } %call_ret, 0" [firmware/nnet_utils/nnet_dense_stream.h:48]   --->   Operation 84 'extractvalue' 'tmp_data_0_V' <Predicate = true> <Delay = 0.00>
ST_9 : Operation 85 [1/1] (0.00ns)   --->   "%tmp_data_1_V = extractvalue { i16, i16, i16, i16, i16, i16, i16, i16, i16, i16 } %call_ret, 1" [firmware/nnet_utils/nnet_dense_stream.h:48]   --->   Operation 85 'extractvalue' 'tmp_data_1_V' <Predicate = true> <Delay = 0.00>
ST_9 : Operation 86 [1/1] (0.00ns)   --->   "%tmp_data_2_V = extractvalue { i16, i16, i16, i16, i16, i16, i16, i16, i16, i16 } %call_ret, 2" [firmware/nnet_utils/nnet_dense_stream.h:48]   --->   Operation 86 'extractvalue' 'tmp_data_2_V' <Predicate = true> <Delay = 0.00>
ST_9 : Operation 87 [1/1] (0.00ns)   --->   "%tmp_data_3_V = extractvalue { i16, i16, i16, i16, i16, i16, i16, i16, i16, i16 } %call_ret, 3" [firmware/nnet_utils/nnet_dense_stream.h:48]   --->   Operation 87 'extractvalue' 'tmp_data_3_V' <Predicate = true> <Delay = 0.00>
ST_9 : Operation 88 [1/1] (0.00ns)   --->   "%tmp_data_4_V = extractvalue { i16, i16, i16, i16, i16, i16, i16, i16, i16, i16 } %call_ret, 4" [firmware/nnet_utils/nnet_dense_stream.h:48]   --->   Operation 88 'extractvalue' 'tmp_data_4_V' <Predicate = true> <Delay = 0.00>
ST_9 : Operation 89 [1/1] (0.00ns)   --->   "%tmp_data_5_V = extractvalue { i16, i16, i16, i16, i16, i16, i16, i16, i16, i16 } %call_ret, 5" [firmware/nnet_utils/nnet_dense_stream.h:48]   --->   Operation 89 'extractvalue' 'tmp_data_5_V' <Predicate = true> <Delay = 0.00>
ST_9 : Operation 90 [1/1] (0.00ns)   --->   "%tmp_data_6_V = extractvalue { i16, i16, i16, i16, i16, i16, i16, i16, i16, i16 } %call_ret, 6" [firmware/nnet_utils/nnet_dense_stream.h:48]   --->   Operation 90 'extractvalue' 'tmp_data_6_V' <Predicate = true> <Delay = 0.00>
ST_9 : Operation 91 [1/1] (0.00ns)   --->   "%tmp_data_7_V = extractvalue { i16, i16, i16, i16, i16, i16, i16, i16, i16, i16 } %call_ret, 7" [firmware/nnet_utils/nnet_dense_stream.h:48]   --->   Operation 91 'extractvalue' 'tmp_data_7_V' <Predicate = true> <Delay = 0.00>
ST_9 : Operation 92 [1/1] (0.00ns)   --->   "%tmp_data_8_V = extractvalue { i16, i16, i16, i16, i16, i16, i16, i16, i16, i16 } %call_ret, 8" [firmware/nnet_utils/nnet_dense_stream.h:48]   --->   Operation 92 'extractvalue' 'tmp_data_8_V' <Predicate = true> <Delay = 0.00>
ST_9 : Operation 93 [1/1] (0.00ns)   --->   "%tmp_data_9_V = extractvalue { i16, i16, i16, i16, i16, i16, i16, i16, i16, i16 } %call_ret, 9" [firmware/nnet_utils/nnet_dense_stream.h:48]   --->   Operation 93 'extractvalue' 'tmp_data_9_V' <Predicate = true> <Delay = 0.00>

State 10 <SV = 9> <Delay = 2.18>
ST_10 : Operation 94 [1/1] (0.00ns)   --->   "call void (...)* @_ssdm_op_SpecInterface(i16* %res_stream_V_data_9_V, [8 x i8]* @ap_fifo_str, i32 0, i32 0, [1 x i8]* @p_str, i32 0, i32 0, [1 x i8]* @p_str, [1 x i8]* @p_str, [1 x i8]* @p_str, i32 2, i32 2, i32 16, i32 16, [1 x i8]* @p_str, [1 x i8]* @p_str)"   --->   Operation 94 'specinterface' <Predicate = true> <Delay = 0.00>
ST_10 : Operation 95 [1/1] (0.00ns)   --->   "call void (...)* @_ssdm_op_SpecInterface(i16* %res_stream_V_data_8_V, [8 x i8]* @ap_fifo_str, i32 0, i32 0, [1 x i8]* @p_str, i32 0, i32 0, [1 x i8]* @p_str, [1 x i8]* @p_str, [1 x i8]* @p_str, i32 2, i32 2, i32 16, i32 16, [1 x i8]* @p_str, [1 x i8]* @p_str)"   --->   Operation 95 'specinterface' <Predicate = true> <Delay = 0.00>
ST_10 : Operation 96 [1/1] (0.00ns)   --->   "call void (...)* @_ssdm_op_SpecInterface(i16* %res_stream_V_data_7_V, [8 x i8]* @ap_fifo_str, i32 0, i32 0, [1 x i8]* @p_str, i32 0, i32 0, [1 x i8]* @p_str, [1 x i8]* @p_str, [1 x i8]* @p_str, i32 2, i32 2, i32 16, i32 16, [1 x i8]* @p_str, [1 x i8]* @p_str)"   --->   Operation 96 'specinterface' <Predicate = true> <Delay = 0.00>
ST_10 : Operation 97 [1/1] (0.00ns)   --->   "call void (...)* @_ssdm_op_SpecInterface(i16* %res_stream_V_data_6_V, [8 x i8]* @ap_fifo_str, i32 0, i32 0, [1 x i8]* @p_str, i32 0, i32 0, [1 x i8]* @p_str, [1 x i8]* @p_str, [1 x i8]* @p_str, i32 2, i32 2, i32 16, i32 16, [1 x i8]* @p_str, [1 x i8]* @p_str)"   --->   Operation 97 'specinterface' <Predicate = true> <Delay = 0.00>
ST_10 : Operation 98 [1/1] (0.00ns)   --->   "call void (...)* @_ssdm_op_SpecInterface(i16* %res_stream_V_data_5_V, [8 x i8]* @ap_fifo_str, i32 0, i32 0, [1 x i8]* @p_str, i32 0, i32 0, [1 x i8]* @p_str, [1 x i8]* @p_str, [1 x i8]* @p_str, i32 2, i32 2, i32 16, i32 16, [1 x i8]* @p_str, [1 x i8]* @p_str)"   --->   Operation 98 'specinterface' <Predicate = true> <Delay = 0.00>
ST_10 : Operation 99 [1/1] (0.00ns)   --->   "call void (...)* @_ssdm_op_SpecInterface(i16* %res_stream_V_data_4_V, [8 x i8]* @ap_fifo_str, i32 0, i32 0, [1 x i8]* @p_str, i32 0, i32 0, [1 x i8]* @p_str, [1 x i8]* @p_str, [1 x i8]* @p_str, i32 2, i32 2, i32 16, i32 16, [1 x i8]* @p_str, [1 x i8]* @p_str)"   --->   Operation 99 'specinterface' <Predicate = true> <Delay = 0.00>
ST_10 : Operation 100 [1/1] (0.00ns)   --->   "call void (...)* @_ssdm_op_SpecInterface(i16* %res_stream_V_data_3_V, [8 x i8]* @ap_fifo_str, i32 0, i32 0, [1 x i8]* @p_str, i32 0, i32 0, [1 x i8]* @p_str, [1 x i8]* @p_str, [1 x i8]* @p_str, i32 2, i32 2, i32 16, i32 16, [1 x i8]* @p_str, [1 x i8]* @p_str)"   --->   Operation 100 'specinterface' <Predicate = true> <Delay = 0.00>
ST_10 : Operation 101 [1/1] (0.00ns)   --->   "call void (...)* @_ssdm_op_SpecInterface(i16* %res_stream_V_data_2_V, [8 x i8]* @ap_fifo_str, i32 0, i32 0, [1 x i8]* @p_str, i32 0, i32 0, [1 x i8]* @p_str, [1 x i8]* @p_str, [1 x i8]* @p_str, i32 2, i32 2, i32 16, i32 16, [1 x i8]* @p_str, [1 x i8]* @p_str)"   --->   Operation 101 'specinterface' <Predicate = true> <Delay = 0.00>
ST_10 : Operation 102 [1/1] (0.00ns)   --->   "call void (...)* @_ssdm_op_SpecInterface(i16* %res_stream_V_data_1_V, [8 x i8]* @ap_fifo_str, i32 0, i32 0, [1 x i8]* @p_str, i32 0, i32 0, [1 x i8]* @p_str, [1 x i8]* @p_str, [1 x i8]* @p_str, i32 2, i32 2, i32 16, i32 16, [1 x i8]* @p_str, [1 x i8]* @p_str)"   --->   Operation 102 'specinterface' <Predicate = true> <Delay = 0.00>
ST_10 : Operation 103 [1/1] (0.00ns)   --->   "call void (...)* @_ssdm_op_SpecInterface(i16* %res_stream_V_data_0_V, [8 x i8]* @ap_fifo_str, i32 0, i32 0, [1 x i8]* @p_str, i32 0, i32 0, [1 x i8]* @p_str, [1 x i8]* @p_str, [1 x i8]* @p_str, i32 2, i32 2, i32 16, i32 16, [1 x i8]* @p_str, [1 x i8]* @p_str)"   --->   Operation 103 'specinterface' <Predicate = true> <Delay = 0.00>
ST_10 : Operation 104 [1/1] (0.00ns)   --->   "call void (...)* @_ssdm_op_SpecInterface(i6* %data_stream_V_data_63_V, [8 x i8]* @ap_fifo_str, i32 0, i32 0, [1 x i8]* @p_str, i32 0, i32 0, [1 x i8]* @p_str, [1 x i8]* @p_str, [1 x i8]* @p_str, i32 2, i32 2, i32 16, i32 16, [1 x i8]* @p_str, [1 x i8]* @p_str)"   --->   Operation 104 'specinterface' <Predicate = true> <Delay = 0.00>
ST_10 : Operation 105 [1/1] (0.00ns)   --->   "call void (...)* @_ssdm_op_SpecInterface(i6* %data_stream_V_data_62_V, [8 x i8]* @ap_fifo_str, i32 0, i32 0, [1 x i8]* @p_str, i32 0, i32 0, [1 x i8]* @p_str, [1 x i8]* @p_str, [1 x i8]* @p_str, i32 2, i32 2, i32 16, i32 16, [1 x i8]* @p_str, [1 x i8]* @p_str)"   --->   Operation 105 'specinterface' <Predicate = true> <Delay = 0.00>
ST_10 : Operation 106 [1/1] (0.00ns)   --->   "call void (...)* @_ssdm_op_SpecInterface(i6* %data_stream_V_data_61_V, [8 x i8]* @ap_fifo_str, i32 0, i32 0, [1 x i8]* @p_str, i32 0, i32 0, [1 x i8]* @p_str, [1 x i8]* @p_str, [1 x i8]* @p_str, i32 2, i32 2, i32 16, i32 16, [1 x i8]* @p_str, [1 x i8]* @p_str)"   --->   Operation 106 'specinterface' <Predicate = true> <Delay = 0.00>
ST_10 : Operation 107 [1/1] (0.00ns)   --->   "call void (...)* @_ssdm_op_SpecInterface(i6* %data_stream_V_data_60_V, [8 x i8]* @ap_fifo_str, i32 0, i32 0, [1 x i8]* @p_str, i32 0, i32 0, [1 x i8]* @p_str, [1 x i8]* @p_str, [1 x i8]* @p_str, i32 2, i32 2, i32 16, i32 16, [1 x i8]* @p_str, [1 x i8]* @p_str)"   --->   Operation 107 'specinterface' <Predicate = true> <Delay = 0.00>
ST_10 : Operation 108 [1/1] (0.00ns)   --->   "call void (...)* @_ssdm_op_SpecInterface(i6* %data_stream_V_data_59_V, [8 x i8]* @ap_fifo_str, i32 0, i32 0, [1 x i8]* @p_str, i32 0, i32 0, [1 x i8]* @p_str, [1 x i8]* @p_str, [1 x i8]* @p_str, i32 2, i32 2, i32 16, i32 16, [1 x i8]* @p_str, [1 x i8]* @p_str)"   --->   Operation 108 'specinterface' <Predicate = true> <Delay = 0.00>
ST_10 : Operation 109 [1/1] (0.00ns)   --->   "call void (...)* @_ssdm_op_SpecInterface(i6* %data_stream_V_data_58_V, [8 x i8]* @ap_fifo_str, i32 0, i32 0, [1 x i8]* @p_str, i32 0, i32 0, [1 x i8]* @p_str, [1 x i8]* @p_str, [1 x i8]* @p_str, i32 2, i32 2, i32 16, i32 16, [1 x i8]* @p_str, [1 x i8]* @p_str)"   --->   Operation 109 'specinterface' <Predicate = true> <Delay = 0.00>
ST_10 : Operation 110 [1/1] (0.00ns)   --->   "call void (...)* @_ssdm_op_SpecInterface(i6* %data_stream_V_data_57_V, [8 x i8]* @ap_fifo_str, i32 0, i32 0, [1 x i8]* @p_str, i32 0, i32 0, [1 x i8]* @p_str, [1 x i8]* @p_str, [1 x i8]* @p_str, i32 2, i32 2, i32 16, i32 16, [1 x i8]* @p_str, [1 x i8]* @p_str)"   --->   Operation 110 'specinterface' <Predicate = true> <Delay = 0.00>
ST_10 : Operation 111 [1/1] (0.00ns)   --->   "call void (...)* @_ssdm_op_SpecInterface(i6* %data_stream_V_data_56_V, [8 x i8]* @ap_fifo_str, i32 0, i32 0, [1 x i8]* @p_str, i32 0, i32 0, [1 x i8]* @p_str, [1 x i8]* @p_str, [1 x i8]* @p_str, i32 2, i32 2, i32 16, i32 16, [1 x i8]* @p_str, [1 x i8]* @p_str)"   --->   Operation 111 'specinterface' <Predicate = true> <Delay = 0.00>
ST_10 : Operation 112 [1/1] (0.00ns)   --->   "call void (...)* @_ssdm_op_SpecInterface(i6* %data_stream_V_data_55_V, [8 x i8]* @ap_fifo_str, i32 0, i32 0, [1 x i8]* @p_str, i32 0, i32 0, [1 x i8]* @p_str, [1 x i8]* @p_str, [1 x i8]* @p_str, i32 2, i32 2, i32 16, i32 16, [1 x i8]* @p_str, [1 x i8]* @p_str)"   --->   Operation 112 'specinterface' <Predicate = true> <Delay = 0.00>
ST_10 : Operation 113 [1/1] (0.00ns)   --->   "call void (...)* @_ssdm_op_SpecInterface(i6* %data_stream_V_data_54_V, [8 x i8]* @ap_fifo_str, i32 0, i32 0, [1 x i8]* @p_str, i32 0, i32 0, [1 x i8]* @p_str, [1 x i8]* @p_str, [1 x i8]* @p_str, i32 2, i32 2, i32 16, i32 16, [1 x i8]* @p_str, [1 x i8]* @p_str)"   --->   Operation 113 'specinterface' <Predicate = true> <Delay = 0.00>
ST_10 : Operation 114 [1/1] (0.00ns)   --->   "call void (...)* @_ssdm_op_SpecInterface(i6* %data_stream_V_data_53_V, [8 x i8]* @ap_fifo_str, i32 0, i32 0, [1 x i8]* @p_str, i32 0, i32 0, [1 x i8]* @p_str, [1 x i8]* @p_str, [1 x i8]* @p_str, i32 2, i32 2, i32 16, i32 16, [1 x i8]* @p_str, [1 x i8]* @p_str)"   --->   Operation 114 'specinterface' <Predicate = true> <Delay = 0.00>
ST_10 : Operation 115 [1/1] (0.00ns)   --->   "call void (...)* @_ssdm_op_SpecInterface(i6* %data_stream_V_data_52_V, [8 x i8]* @ap_fifo_str, i32 0, i32 0, [1 x i8]* @p_str, i32 0, i32 0, [1 x i8]* @p_str, [1 x i8]* @p_str, [1 x i8]* @p_str, i32 2, i32 2, i32 16, i32 16, [1 x i8]* @p_str, [1 x i8]* @p_str)"   --->   Operation 115 'specinterface' <Predicate = true> <Delay = 0.00>
ST_10 : Operation 116 [1/1] (0.00ns)   --->   "call void (...)* @_ssdm_op_SpecInterface(i6* %data_stream_V_data_51_V, [8 x i8]* @ap_fifo_str, i32 0, i32 0, [1 x i8]* @p_str, i32 0, i32 0, [1 x i8]* @p_str, [1 x i8]* @p_str, [1 x i8]* @p_str, i32 2, i32 2, i32 16, i32 16, [1 x i8]* @p_str, [1 x i8]* @p_str)"   --->   Operation 116 'specinterface' <Predicate = true> <Delay = 0.00>
ST_10 : Operation 117 [1/1] (0.00ns)   --->   "call void (...)* @_ssdm_op_SpecInterface(i6* %data_stream_V_data_50_V, [8 x i8]* @ap_fifo_str, i32 0, i32 0, [1 x i8]* @p_str, i32 0, i32 0, [1 x i8]* @p_str, [1 x i8]* @p_str, [1 x i8]* @p_str, i32 2, i32 2, i32 16, i32 16, [1 x i8]* @p_str, [1 x i8]* @p_str)"   --->   Operation 117 'specinterface' <Predicate = true> <Delay = 0.00>
ST_10 : Operation 118 [1/1] (0.00ns)   --->   "call void (...)* @_ssdm_op_SpecInterface(i6* %data_stream_V_data_49_V, [8 x i8]* @ap_fifo_str, i32 0, i32 0, [1 x i8]* @p_str, i32 0, i32 0, [1 x i8]* @p_str, [1 x i8]* @p_str, [1 x i8]* @p_str, i32 2, i32 2, i32 16, i32 16, [1 x i8]* @p_str, [1 x i8]* @p_str)"   --->   Operation 118 'specinterface' <Predicate = true> <Delay = 0.00>
ST_10 : Operation 119 [1/1] (0.00ns)   --->   "call void (...)* @_ssdm_op_SpecInterface(i6* %data_stream_V_data_48_V, [8 x i8]* @ap_fifo_str, i32 0, i32 0, [1 x i8]* @p_str, i32 0, i32 0, [1 x i8]* @p_str, [1 x i8]* @p_str, [1 x i8]* @p_str, i32 2, i32 2, i32 16, i32 16, [1 x i8]* @p_str, [1 x i8]* @p_str)"   --->   Operation 119 'specinterface' <Predicate = true> <Delay = 0.00>
ST_10 : Operation 120 [1/1] (0.00ns)   --->   "call void (...)* @_ssdm_op_SpecInterface(i6* %data_stream_V_data_47_V, [8 x i8]* @ap_fifo_str, i32 0, i32 0, [1 x i8]* @p_str, i32 0, i32 0, [1 x i8]* @p_str, [1 x i8]* @p_str, [1 x i8]* @p_str, i32 2, i32 2, i32 16, i32 16, [1 x i8]* @p_str, [1 x i8]* @p_str)"   --->   Operation 120 'specinterface' <Predicate = true> <Delay = 0.00>
ST_10 : Operation 121 [1/1] (0.00ns)   --->   "call void (...)* @_ssdm_op_SpecInterface(i6* %data_stream_V_data_46_V, [8 x i8]* @ap_fifo_str, i32 0, i32 0, [1 x i8]* @p_str, i32 0, i32 0, [1 x i8]* @p_str, [1 x i8]* @p_str, [1 x i8]* @p_str, i32 2, i32 2, i32 16, i32 16, [1 x i8]* @p_str, [1 x i8]* @p_str)"   --->   Operation 121 'specinterface' <Predicate = true> <Delay = 0.00>
ST_10 : Operation 122 [1/1] (0.00ns)   --->   "call void (...)* @_ssdm_op_SpecInterface(i6* %data_stream_V_data_45_V, [8 x i8]* @ap_fifo_str, i32 0, i32 0, [1 x i8]* @p_str, i32 0, i32 0, [1 x i8]* @p_str, [1 x i8]* @p_str, [1 x i8]* @p_str, i32 2, i32 2, i32 16, i32 16, [1 x i8]* @p_str, [1 x i8]* @p_str)"   --->   Operation 122 'specinterface' <Predicate = true> <Delay = 0.00>
ST_10 : Operation 123 [1/1] (0.00ns)   --->   "call void (...)* @_ssdm_op_SpecInterface(i6* %data_stream_V_data_44_V, [8 x i8]* @ap_fifo_str, i32 0, i32 0, [1 x i8]* @p_str, i32 0, i32 0, [1 x i8]* @p_str, [1 x i8]* @p_str, [1 x i8]* @p_str, i32 2, i32 2, i32 16, i32 16, [1 x i8]* @p_str, [1 x i8]* @p_str)"   --->   Operation 123 'specinterface' <Predicate = true> <Delay = 0.00>
ST_10 : Operation 124 [1/1] (0.00ns)   --->   "call void (...)* @_ssdm_op_SpecInterface(i6* %data_stream_V_data_43_V, [8 x i8]* @ap_fifo_str, i32 0, i32 0, [1 x i8]* @p_str, i32 0, i32 0, [1 x i8]* @p_str, [1 x i8]* @p_str, [1 x i8]* @p_str, i32 2, i32 2, i32 16, i32 16, [1 x i8]* @p_str, [1 x i8]* @p_str)"   --->   Operation 124 'specinterface' <Predicate = true> <Delay = 0.00>
ST_10 : Operation 125 [1/1] (0.00ns)   --->   "call void (...)* @_ssdm_op_SpecInterface(i6* %data_stream_V_data_42_V, [8 x i8]* @ap_fifo_str, i32 0, i32 0, [1 x i8]* @p_str, i32 0, i32 0, [1 x i8]* @p_str, [1 x i8]* @p_str, [1 x i8]* @p_str, i32 2, i32 2, i32 16, i32 16, [1 x i8]* @p_str, [1 x i8]* @p_str)"   --->   Operation 125 'specinterface' <Predicate = true> <Delay = 0.00>
ST_10 : Operation 126 [1/1] (0.00ns)   --->   "call void (...)* @_ssdm_op_SpecInterface(i6* %data_stream_V_data_41_V, [8 x i8]* @ap_fifo_str, i32 0, i32 0, [1 x i8]* @p_str, i32 0, i32 0, [1 x i8]* @p_str, [1 x i8]* @p_str, [1 x i8]* @p_str, i32 2, i32 2, i32 16, i32 16, [1 x i8]* @p_str, [1 x i8]* @p_str)"   --->   Operation 126 'specinterface' <Predicate = true> <Delay = 0.00>
ST_10 : Operation 127 [1/1] (0.00ns)   --->   "call void (...)* @_ssdm_op_SpecInterface(i6* %data_stream_V_data_40_V, [8 x i8]* @ap_fifo_str, i32 0, i32 0, [1 x i8]* @p_str, i32 0, i32 0, [1 x i8]* @p_str, [1 x i8]* @p_str, [1 x i8]* @p_str, i32 2, i32 2, i32 16, i32 16, [1 x i8]* @p_str, [1 x i8]* @p_str)"   --->   Operation 127 'specinterface' <Predicate = true> <Delay = 0.00>
ST_10 : Operation 128 [1/1] (0.00ns)   --->   "call void (...)* @_ssdm_op_SpecInterface(i6* %data_stream_V_data_39_V, [8 x i8]* @ap_fifo_str, i32 0, i32 0, [1 x i8]* @p_str, i32 0, i32 0, [1 x i8]* @p_str, [1 x i8]* @p_str, [1 x i8]* @p_str, i32 2, i32 2, i32 16, i32 16, [1 x i8]* @p_str, [1 x i8]* @p_str)"   --->   Operation 128 'specinterface' <Predicate = true> <Delay = 0.00>
ST_10 : Operation 129 [1/1] (0.00ns)   --->   "call void (...)* @_ssdm_op_SpecInterface(i6* %data_stream_V_data_38_V, [8 x i8]* @ap_fifo_str, i32 0, i32 0, [1 x i8]* @p_str, i32 0, i32 0, [1 x i8]* @p_str, [1 x i8]* @p_str, [1 x i8]* @p_str, i32 2, i32 2, i32 16, i32 16, [1 x i8]* @p_str, [1 x i8]* @p_str)"   --->   Operation 129 'specinterface' <Predicate = true> <Delay = 0.00>
ST_10 : Operation 130 [1/1] (0.00ns)   --->   "call void (...)* @_ssdm_op_SpecInterface(i6* %data_stream_V_data_37_V, [8 x i8]* @ap_fifo_str, i32 0, i32 0, [1 x i8]* @p_str, i32 0, i32 0, [1 x i8]* @p_str, [1 x i8]* @p_str, [1 x i8]* @p_str, i32 2, i32 2, i32 16, i32 16, [1 x i8]* @p_str, [1 x i8]* @p_str)"   --->   Operation 130 'specinterface' <Predicate = true> <Delay = 0.00>
ST_10 : Operation 131 [1/1] (0.00ns)   --->   "call void (...)* @_ssdm_op_SpecInterface(i6* %data_stream_V_data_36_V, [8 x i8]* @ap_fifo_str, i32 0, i32 0, [1 x i8]* @p_str, i32 0, i32 0, [1 x i8]* @p_str, [1 x i8]* @p_str, [1 x i8]* @p_str, i32 2, i32 2, i32 16, i32 16, [1 x i8]* @p_str, [1 x i8]* @p_str)"   --->   Operation 131 'specinterface' <Predicate = true> <Delay = 0.00>
ST_10 : Operation 132 [1/1] (0.00ns)   --->   "call void (...)* @_ssdm_op_SpecInterface(i6* %data_stream_V_data_35_V, [8 x i8]* @ap_fifo_str, i32 0, i32 0, [1 x i8]* @p_str, i32 0, i32 0, [1 x i8]* @p_str, [1 x i8]* @p_str, [1 x i8]* @p_str, i32 2, i32 2, i32 16, i32 16, [1 x i8]* @p_str, [1 x i8]* @p_str)"   --->   Operation 132 'specinterface' <Predicate = true> <Delay = 0.00>
ST_10 : Operation 133 [1/1] (0.00ns)   --->   "call void (...)* @_ssdm_op_SpecInterface(i6* %data_stream_V_data_34_V, [8 x i8]* @ap_fifo_str, i32 0, i32 0, [1 x i8]* @p_str, i32 0, i32 0, [1 x i8]* @p_str, [1 x i8]* @p_str, [1 x i8]* @p_str, i32 2, i32 2, i32 16, i32 16, [1 x i8]* @p_str, [1 x i8]* @p_str)"   --->   Operation 133 'specinterface' <Predicate = true> <Delay = 0.00>
ST_10 : Operation 134 [1/1] (0.00ns)   --->   "call void (...)* @_ssdm_op_SpecInterface(i6* %data_stream_V_data_33_V, [8 x i8]* @ap_fifo_str, i32 0, i32 0, [1 x i8]* @p_str, i32 0, i32 0, [1 x i8]* @p_str, [1 x i8]* @p_str, [1 x i8]* @p_str, i32 2, i32 2, i32 16, i32 16, [1 x i8]* @p_str, [1 x i8]* @p_str)"   --->   Operation 134 'specinterface' <Predicate = true> <Delay = 0.00>
ST_10 : Operation 135 [1/1] (0.00ns)   --->   "call void (...)* @_ssdm_op_SpecInterface(i6* %data_stream_V_data_32_V, [8 x i8]* @ap_fifo_str, i32 0, i32 0, [1 x i8]* @p_str, i32 0, i32 0, [1 x i8]* @p_str, [1 x i8]* @p_str, [1 x i8]* @p_str, i32 2, i32 2, i32 16, i32 16, [1 x i8]* @p_str, [1 x i8]* @p_str)"   --->   Operation 135 'specinterface' <Predicate = true> <Delay = 0.00>
ST_10 : Operation 136 [1/1] (0.00ns)   --->   "call void (...)* @_ssdm_op_SpecInterface(i6* %data_stream_V_data_31_V, [8 x i8]* @ap_fifo_str, i32 0, i32 0, [1 x i8]* @p_str, i32 0, i32 0, [1 x i8]* @p_str, [1 x i8]* @p_str, [1 x i8]* @p_str, i32 2, i32 2, i32 16, i32 16, [1 x i8]* @p_str, [1 x i8]* @p_str)"   --->   Operation 136 'specinterface' <Predicate = true> <Delay = 0.00>
ST_10 : Operation 137 [1/1] (0.00ns)   --->   "call void (...)* @_ssdm_op_SpecInterface(i6* %data_stream_V_data_30_V, [8 x i8]* @ap_fifo_str, i32 0, i32 0, [1 x i8]* @p_str, i32 0, i32 0, [1 x i8]* @p_str, [1 x i8]* @p_str, [1 x i8]* @p_str, i32 2, i32 2, i32 16, i32 16, [1 x i8]* @p_str, [1 x i8]* @p_str)"   --->   Operation 137 'specinterface' <Predicate = true> <Delay = 0.00>
ST_10 : Operation 138 [1/1] (0.00ns)   --->   "call void (...)* @_ssdm_op_SpecInterface(i6* %data_stream_V_data_29_V, [8 x i8]* @ap_fifo_str, i32 0, i32 0, [1 x i8]* @p_str, i32 0, i32 0, [1 x i8]* @p_str, [1 x i8]* @p_str, [1 x i8]* @p_str, i32 2, i32 2, i32 16, i32 16, [1 x i8]* @p_str, [1 x i8]* @p_str)"   --->   Operation 138 'specinterface' <Predicate = true> <Delay = 0.00>
ST_10 : Operation 139 [1/1] (0.00ns)   --->   "call void (...)* @_ssdm_op_SpecInterface(i6* %data_stream_V_data_28_V, [8 x i8]* @ap_fifo_str, i32 0, i32 0, [1 x i8]* @p_str, i32 0, i32 0, [1 x i8]* @p_str, [1 x i8]* @p_str, [1 x i8]* @p_str, i32 2, i32 2, i32 16, i32 16, [1 x i8]* @p_str, [1 x i8]* @p_str)"   --->   Operation 139 'specinterface' <Predicate = true> <Delay = 0.00>
ST_10 : Operation 140 [1/1] (0.00ns)   --->   "call void (...)* @_ssdm_op_SpecInterface(i6* %data_stream_V_data_27_V, [8 x i8]* @ap_fifo_str, i32 0, i32 0, [1 x i8]* @p_str, i32 0, i32 0, [1 x i8]* @p_str, [1 x i8]* @p_str, [1 x i8]* @p_str, i32 2, i32 2, i32 16, i32 16, [1 x i8]* @p_str, [1 x i8]* @p_str)"   --->   Operation 140 'specinterface' <Predicate = true> <Delay = 0.00>
ST_10 : Operation 141 [1/1] (0.00ns)   --->   "call void (...)* @_ssdm_op_SpecInterface(i6* %data_stream_V_data_26_V, [8 x i8]* @ap_fifo_str, i32 0, i32 0, [1 x i8]* @p_str, i32 0, i32 0, [1 x i8]* @p_str, [1 x i8]* @p_str, [1 x i8]* @p_str, i32 2, i32 2, i32 16, i32 16, [1 x i8]* @p_str, [1 x i8]* @p_str)"   --->   Operation 141 'specinterface' <Predicate = true> <Delay = 0.00>
ST_10 : Operation 142 [1/1] (0.00ns)   --->   "call void (...)* @_ssdm_op_SpecInterface(i6* %data_stream_V_data_25_V, [8 x i8]* @ap_fifo_str, i32 0, i32 0, [1 x i8]* @p_str, i32 0, i32 0, [1 x i8]* @p_str, [1 x i8]* @p_str, [1 x i8]* @p_str, i32 2, i32 2, i32 16, i32 16, [1 x i8]* @p_str, [1 x i8]* @p_str)"   --->   Operation 142 'specinterface' <Predicate = true> <Delay = 0.00>
ST_10 : Operation 143 [1/1] (0.00ns)   --->   "call void (...)* @_ssdm_op_SpecInterface(i6* %data_stream_V_data_24_V, [8 x i8]* @ap_fifo_str, i32 0, i32 0, [1 x i8]* @p_str, i32 0, i32 0, [1 x i8]* @p_str, [1 x i8]* @p_str, [1 x i8]* @p_str, i32 2, i32 2, i32 16, i32 16, [1 x i8]* @p_str, [1 x i8]* @p_str)"   --->   Operation 143 'specinterface' <Predicate = true> <Delay = 0.00>
ST_10 : Operation 144 [1/1] (0.00ns)   --->   "call void (...)* @_ssdm_op_SpecInterface(i6* %data_stream_V_data_23_V, [8 x i8]* @ap_fifo_str, i32 0, i32 0, [1 x i8]* @p_str, i32 0, i32 0, [1 x i8]* @p_str, [1 x i8]* @p_str, [1 x i8]* @p_str, i32 2, i32 2, i32 16, i32 16, [1 x i8]* @p_str, [1 x i8]* @p_str)"   --->   Operation 144 'specinterface' <Predicate = true> <Delay = 0.00>
ST_10 : Operation 145 [1/1] (0.00ns)   --->   "call void (...)* @_ssdm_op_SpecInterface(i6* %data_stream_V_data_22_V, [8 x i8]* @ap_fifo_str, i32 0, i32 0, [1 x i8]* @p_str, i32 0, i32 0, [1 x i8]* @p_str, [1 x i8]* @p_str, [1 x i8]* @p_str, i32 2, i32 2, i32 16, i32 16, [1 x i8]* @p_str, [1 x i8]* @p_str)"   --->   Operation 145 'specinterface' <Predicate = true> <Delay = 0.00>
ST_10 : Operation 146 [1/1] (0.00ns)   --->   "call void (...)* @_ssdm_op_SpecInterface(i6* %data_stream_V_data_21_V, [8 x i8]* @ap_fifo_str, i32 0, i32 0, [1 x i8]* @p_str, i32 0, i32 0, [1 x i8]* @p_str, [1 x i8]* @p_str, [1 x i8]* @p_str, i32 2, i32 2, i32 16, i32 16, [1 x i8]* @p_str, [1 x i8]* @p_str)"   --->   Operation 146 'specinterface' <Predicate = true> <Delay = 0.00>
ST_10 : Operation 147 [1/1] (0.00ns)   --->   "call void (...)* @_ssdm_op_SpecInterface(i6* %data_stream_V_data_20_V, [8 x i8]* @ap_fifo_str, i32 0, i32 0, [1 x i8]* @p_str, i32 0, i32 0, [1 x i8]* @p_str, [1 x i8]* @p_str, [1 x i8]* @p_str, i32 2, i32 2, i32 16, i32 16, [1 x i8]* @p_str, [1 x i8]* @p_str)"   --->   Operation 147 'specinterface' <Predicate = true> <Delay = 0.00>
ST_10 : Operation 148 [1/1] (0.00ns)   --->   "call void (...)* @_ssdm_op_SpecInterface(i6* %data_stream_V_data_19_V, [8 x i8]* @ap_fifo_str, i32 0, i32 0, [1 x i8]* @p_str, i32 0, i32 0, [1 x i8]* @p_str, [1 x i8]* @p_str, [1 x i8]* @p_str, i32 2, i32 2, i32 16, i32 16, [1 x i8]* @p_str, [1 x i8]* @p_str)"   --->   Operation 148 'specinterface' <Predicate = true> <Delay = 0.00>
ST_10 : Operation 149 [1/1] (0.00ns)   --->   "call void (...)* @_ssdm_op_SpecInterface(i6* %data_stream_V_data_18_V, [8 x i8]* @ap_fifo_str, i32 0, i32 0, [1 x i8]* @p_str, i32 0, i32 0, [1 x i8]* @p_str, [1 x i8]* @p_str, [1 x i8]* @p_str, i32 2, i32 2, i32 16, i32 16, [1 x i8]* @p_str, [1 x i8]* @p_str)"   --->   Operation 149 'specinterface' <Predicate = true> <Delay = 0.00>
ST_10 : Operation 150 [1/1] (0.00ns)   --->   "call void (...)* @_ssdm_op_SpecInterface(i6* %data_stream_V_data_17_V, [8 x i8]* @ap_fifo_str, i32 0, i32 0, [1 x i8]* @p_str, i32 0, i32 0, [1 x i8]* @p_str, [1 x i8]* @p_str, [1 x i8]* @p_str, i32 2, i32 2, i32 16, i32 16, [1 x i8]* @p_str, [1 x i8]* @p_str)"   --->   Operation 150 'specinterface' <Predicate = true> <Delay = 0.00>
ST_10 : Operation 151 [1/1] (0.00ns)   --->   "call void (...)* @_ssdm_op_SpecInterface(i6* %data_stream_V_data_16_V, [8 x i8]* @ap_fifo_str, i32 0, i32 0, [1 x i8]* @p_str, i32 0, i32 0, [1 x i8]* @p_str, [1 x i8]* @p_str, [1 x i8]* @p_str, i32 2, i32 2, i32 16, i32 16, [1 x i8]* @p_str, [1 x i8]* @p_str)"   --->   Operation 151 'specinterface' <Predicate = true> <Delay = 0.00>
ST_10 : Operation 152 [1/1] (0.00ns)   --->   "call void (...)* @_ssdm_op_SpecInterface(i6* %data_stream_V_data_15_V, [8 x i8]* @ap_fifo_str, i32 0, i32 0, [1 x i8]* @p_str, i32 0, i32 0, [1 x i8]* @p_str, [1 x i8]* @p_str, [1 x i8]* @p_str, i32 2, i32 2, i32 16, i32 16, [1 x i8]* @p_str, [1 x i8]* @p_str)"   --->   Operation 152 'specinterface' <Predicate = true> <Delay = 0.00>
ST_10 : Operation 153 [1/1] (0.00ns)   --->   "call void (...)* @_ssdm_op_SpecInterface(i6* %data_stream_V_data_14_V, [8 x i8]* @ap_fifo_str, i32 0, i32 0, [1 x i8]* @p_str, i32 0, i32 0, [1 x i8]* @p_str, [1 x i8]* @p_str, [1 x i8]* @p_str, i32 2, i32 2, i32 16, i32 16, [1 x i8]* @p_str, [1 x i8]* @p_str)"   --->   Operation 153 'specinterface' <Predicate = true> <Delay = 0.00>
ST_10 : Operation 154 [1/1] (0.00ns)   --->   "call void (...)* @_ssdm_op_SpecInterface(i6* %data_stream_V_data_13_V, [8 x i8]* @ap_fifo_str, i32 0, i32 0, [1 x i8]* @p_str, i32 0, i32 0, [1 x i8]* @p_str, [1 x i8]* @p_str, [1 x i8]* @p_str, i32 2, i32 2, i32 16, i32 16, [1 x i8]* @p_str, [1 x i8]* @p_str)"   --->   Operation 154 'specinterface' <Predicate = true> <Delay = 0.00>
ST_10 : Operation 155 [1/1] (0.00ns)   --->   "call void (...)* @_ssdm_op_SpecInterface(i6* %data_stream_V_data_12_V, [8 x i8]* @ap_fifo_str, i32 0, i32 0, [1 x i8]* @p_str, i32 0, i32 0, [1 x i8]* @p_str, [1 x i8]* @p_str, [1 x i8]* @p_str, i32 2, i32 2, i32 16, i32 16, [1 x i8]* @p_str, [1 x i8]* @p_str)"   --->   Operation 155 'specinterface' <Predicate = true> <Delay = 0.00>
ST_10 : Operation 156 [1/1] (0.00ns)   --->   "call void (...)* @_ssdm_op_SpecInterface(i6* %data_stream_V_data_11_V, [8 x i8]* @ap_fifo_str, i32 0, i32 0, [1 x i8]* @p_str, i32 0, i32 0, [1 x i8]* @p_str, [1 x i8]* @p_str, [1 x i8]* @p_str, i32 2, i32 2, i32 16, i32 16, [1 x i8]* @p_str, [1 x i8]* @p_str)"   --->   Operation 156 'specinterface' <Predicate = true> <Delay = 0.00>
ST_10 : Operation 157 [1/1] (0.00ns)   --->   "call void (...)* @_ssdm_op_SpecInterface(i6* %data_stream_V_data_10_V, [8 x i8]* @ap_fifo_str, i32 0, i32 0, [1 x i8]* @p_str, i32 0, i32 0, [1 x i8]* @p_str, [1 x i8]* @p_str, [1 x i8]* @p_str, i32 2, i32 2, i32 16, i32 16, [1 x i8]* @p_str, [1 x i8]* @p_str)"   --->   Operation 157 'specinterface' <Predicate = true> <Delay = 0.00>
ST_10 : Operation 158 [1/1] (0.00ns)   --->   "call void (...)* @_ssdm_op_SpecInterface(i6* %data_stream_V_data_9_V, [8 x i8]* @ap_fifo_str, i32 0, i32 0, [1 x i8]* @p_str, i32 0, i32 0, [1 x i8]* @p_str, [1 x i8]* @p_str, [1 x i8]* @p_str, i32 2, i32 2, i32 16, i32 16, [1 x i8]* @p_str, [1 x i8]* @p_str)"   --->   Operation 158 'specinterface' <Predicate = true> <Delay = 0.00>
ST_10 : Operation 159 [1/1] (0.00ns)   --->   "call void (...)* @_ssdm_op_SpecInterface(i6* %data_stream_V_data_8_V, [8 x i8]* @ap_fifo_str, i32 0, i32 0, [1 x i8]* @p_str, i32 0, i32 0, [1 x i8]* @p_str, [1 x i8]* @p_str, [1 x i8]* @p_str, i32 2, i32 2, i32 16, i32 16, [1 x i8]* @p_str, [1 x i8]* @p_str)"   --->   Operation 159 'specinterface' <Predicate = true> <Delay = 0.00>
ST_10 : Operation 160 [1/1] (0.00ns)   --->   "call void (...)* @_ssdm_op_SpecInterface(i6* %data_stream_V_data_7_V, [8 x i8]* @ap_fifo_str, i32 0, i32 0, [1 x i8]* @p_str, i32 0, i32 0, [1 x i8]* @p_str, [1 x i8]* @p_str, [1 x i8]* @p_str, i32 2, i32 2, i32 16, i32 16, [1 x i8]* @p_str, [1 x i8]* @p_str)"   --->   Operation 160 'specinterface' <Predicate = true> <Delay = 0.00>
ST_10 : Operation 161 [1/1] (0.00ns)   --->   "call void (...)* @_ssdm_op_SpecInterface(i6* %data_stream_V_data_6_V, [8 x i8]* @ap_fifo_str, i32 0, i32 0, [1 x i8]* @p_str, i32 0, i32 0, [1 x i8]* @p_str, [1 x i8]* @p_str, [1 x i8]* @p_str, i32 2, i32 2, i32 16, i32 16, [1 x i8]* @p_str, [1 x i8]* @p_str)"   --->   Operation 161 'specinterface' <Predicate = true> <Delay = 0.00>
ST_10 : Operation 162 [1/1] (0.00ns)   --->   "call void (...)* @_ssdm_op_SpecInterface(i6* %data_stream_V_data_5_V, [8 x i8]* @ap_fifo_str, i32 0, i32 0, [1 x i8]* @p_str, i32 0, i32 0, [1 x i8]* @p_str, [1 x i8]* @p_str, [1 x i8]* @p_str, i32 2, i32 2, i32 16, i32 16, [1 x i8]* @p_str, [1 x i8]* @p_str)"   --->   Operation 162 'specinterface' <Predicate = true> <Delay = 0.00>
ST_10 : Operation 163 [1/1] (0.00ns)   --->   "call void (...)* @_ssdm_op_SpecInterface(i6* %data_stream_V_data_4_V, [8 x i8]* @ap_fifo_str, i32 0, i32 0, [1 x i8]* @p_str, i32 0, i32 0, [1 x i8]* @p_str, [1 x i8]* @p_str, [1 x i8]* @p_str, i32 2, i32 2, i32 16, i32 16, [1 x i8]* @p_str, [1 x i8]* @p_str)"   --->   Operation 163 'specinterface' <Predicate = true> <Delay = 0.00>
ST_10 : Operation 164 [1/1] (0.00ns)   --->   "call void (...)* @_ssdm_op_SpecInterface(i6* %data_stream_V_data_3_V, [8 x i8]* @ap_fifo_str, i32 0, i32 0, [1 x i8]* @p_str, i32 0, i32 0, [1 x i8]* @p_str, [1 x i8]* @p_str, [1 x i8]* @p_str, i32 2, i32 2, i32 16, i32 16, [1 x i8]* @p_str, [1 x i8]* @p_str)"   --->   Operation 164 'specinterface' <Predicate = true> <Delay = 0.00>
ST_10 : Operation 165 [1/1] (0.00ns)   --->   "call void (...)* @_ssdm_op_SpecInterface(i6* %data_stream_V_data_2_V, [8 x i8]* @ap_fifo_str, i32 0, i32 0, [1 x i8]* @p_str, i32 0, i32 0, [1 x i8]* @p_str, [1 x i8]* @p_str, [1 x i8]* @p_str, i32 2, i32 2, i32 16, i32 16, [1 x i8]* @p_str, [1 x i8]* @p_str)"   --->   Operation 165 'specinterface' <Predicate = true> <Delay = 0.00>
ST_10 : Operation 166 [1/1] (0.00ns)   --->   "call void (...)* @_ssdm_op_SpecInterface(i6* %data_stream_V_data_1_V, [8 x i8]* @ap_fifo_str, i32 0, i32 0, [1 x i8]* @p_str, i32 0, i32 0, [1 x i8]* @p_str, [1 x i8]* @p_str, [1 x i8]* @p_str, i32 2, i32 2, i32 16, i32 16, [1 x i8]* @p_str, [1 x i8]* @p_str)"   --->   Operation 166 'specinterface' <Predicate = true> <Delay = 0.00>
ST_10 : Operation 167 [1/1] (0.00ns)   --->   "call void (...)* @_ssdm_op_SpecInterface(i6* %data_stream_V_data_0_V, [8 x i8]* @ap_fifo_str, i32 0, i32 0, [1 x i8]* @p_str, i32 0, i32 0, [1 x i8]* @p_str, [1 x i8]* @p_str, [1 x i8]* @p_str, i32 2, i32 2, i32 16, i32 16, [1 x i8]* @p_str, [1 x i8]* @p_str)"   --->   Operation 167 'specinterface' <Predicate = true> <Delay = 0.00>
ST_10 : Operation 168 [1/1] (0.00ns)   --->   "call void (...)* @_ssdm_op_SpecLoopName([12 x i8]* @p_str45) nounwind" [firmware/nnet_utils/nnet_dense_stream.h:36]   --->   Operation 168 'specloopname' <Predicate = true> <Delay = 0.00>
ST_10 : Operation 169 [1/1] (0.00ns)   --->   "call void (...)* @_ssdm_op_SpecLoopName([9 x i8]* @p_str47) nounwind" [firmware/nnet_utils/nnet_dense_stream.h:51]   --->   Operation 169 'specloopname' <Predicate = true> <Delay = 0.00>
ST_10 : Operation 170 [1/1] (2.18ns)   --->   "call void @_ssdm_op_Write.ap_fifo.volatile.i16P.i16P.i16P.i16P.i16P.i16P.i16P.i16P.i16P.i16P(i16* %res_stream_V_data_0_V, i16* %res_stream_V_data_1_V, i16* %res_stream_V_data_2_V, i16* %res_stream_V_data_3_V, i16* %res_stream_V_data_4_V, i16* %res_stream_V_data_5_V, i16* %res_stream_V_data_6_V, i16* %res_stream_V_data_7_V, i16* %res_stream_V_data_8_V, i16* %res_stream_V_data_9_V, i16 %tmp_data_0_V, i16 %tmp_data_1_V, i16 %tmp_data_2_V, i16 %tmp_data_3_V, i16 %tmp_data_4_V, i16 %tmp_data_5_V, i16 %tmp_data_6_V, i16 %tmp_data_7_V, i16 %tmp_data_8_V, i16 %tmp_data_9_V)" [firmware/nnet_utils/nnet_dense_stream.h:62]   --->   Operation 170 'write' <Predicate = true> <Delay = 2.18> <Core = "FIFO">   --->   Core 32 'FIFO' <Latency = 0> <II = 1> <Delay = 3.63> <Storage> <Opcode : 'read' 'write' 'nbread' 'nbwrite'> <Ports = 0> <Width = 16> <Depth = 1> <FIFO>
ST_10 : Operation 171 [1/1] (0.00ns)   --->   "ret void" [firmware/nnet_utils/nnet_dense_stream.h:64]   --->   Operation 171 'ret' <Predicate = true> <Delay = 0.00>


============================================================
+ Verbose Summary: Timing violations
============================================================
Target clock period: 5ns, clock uncertainty: 0.625ns.

 <State 1>: 2.19ns
The critical path consists of the following:
	fifo read on port 'data_stream_V_data_0_V' (firmware/nnet_utils/nnet_dense_stream.h:40) [150]  (2.19 ns)

 <State 2>: 4.38ns
The critical path consists of the following:
	'call' operation ('call_ret', firmware/nnet_utils/nnet_dense_stream.h:48) to 'dense_wrapper<ap_ufixed<6, 0, 4, 0, 0>, ap_fixed<16, 6, 5, 3, 0>, config23>' [215]  (4.38 ns)

 <State 3>: 4.38ns
The critical path consists of the following:
	'call' operation ('call_ret', firmware/nnet_utils/nnet_dense_stream.h:48) to 'dense_wrapper<ap_ufixed<6, 0, 4, 0, 0>, ap_fixed<16, 6, 5, 3, 0>, config23>' [215]  (4.38 ns)

 <State 4>: 4.38ns
The critical path consists of the following:
	'call' operation ('call_ret', firmware/nnet_utils/nnet_dense_stream.h:48) to 'dense_wrapper<ap_ufixed<6, 0, 4, 0, 0>, ap_fixed<16, 6, 5, 3, 0>, config23>' [215]  (4.38 ns)

 <State 5>: 4.38ns
The critical path consists of the following:
	'call' operation ('call_ret', firmware/nnet_utils/nnet_dense_stream.h:48) to 'dense_wrapper<ap_ufixed<6, 0, 4, 0, 0>, ap_fixed<16, 6, 5, 3, 0>, config23>' [215]  (4.38 ns)

 <State 6>: 4.38ns
The critical path consists of the following:
	'call' operation ('call_ret', firmware/nnet_utils/nnet_dense_stream.h:48) to 'dense_wrapper<ap_ufixed<6, 0, 4, 0, 0>, ap_fixed<16, 6, 5, 3, 0>, config23>' [215]  (4.38 ns)

 <State 7>: 4.38ns
The critical path consists of the following:
	'call' operation ('call_ret', firmware/nnet_utils/nnet_dense_stream.h:48) to 'dense_wrapper<ap_ufixed<6, 0, 4, 0, 0>, ap_fixed<16, 6, 5, 3, 0>, config23>' [215]  (4.38 ns)

 <State 8>: 4.38ns
The critical path consists of the following:
	'call' operation ('call_ret', firmware/nnet_utils/nnet_dense_stream.h:48) to 'dense_wrapper<ap_ufixed<6, 0, 4, 0, 0>, ap_fixed<16, 6, 5, 3, 0>, config23>' [215]  (4.38 ns)

 <State 9>: 3.9ns
The critical path consists of the following:
	'call' operation ('call_ret', firmware/nnet_utils/nnet_dense_stream.h:48) to 'dense_wrapper<ap_ufixed<6, 0, 4, 0, 0>, ap_fixed<16, 6, 5, 3, 0>, config23>' [215]  (3.9 ns)

 <State 10>: 2.19ns
The critical path consists of the following:
	fifo write on port 'res_stream_V_data_0_V' (firmware/nnet_utils/nnet_dense_stream.h:62) [227]  (2.19 ns)


============================================================
+ Verbose Summary: Binding
============================================================
N/A
* FSMD analyzer results:
  - Output states:
 - Input state : 
  - Chain level:
	State 1
	State 2
	State 3
	State 4
	State 5
	State 6
	State 7
	State 8
	State 9
	State 10


============================================================
+ Verbose Summary: Datapath Resource usage 
============================================================
N/A
